LIBXSMM WARNING: timer is maybe not cycle-accurate!
LIBXSMM ERROR (libxsmm_generator_gemm_kernel): ldb needs to be greater than or equal to n (error #90040)!

LIBXSMM_VERSION: m1_amx-1.8.2-7555 (21011843)
APPL_M1/DP    TRY    JIT    STA    COL
   0..13      1      0      0      0 
  14..23      0      0      0      0 
  24..64      0      0      0      0 
Registry and code: 13 MB
Uptime: 0.014524 s
LIBXSMM WARNING: timer is maybe not cycle-accurate!

LIBXSMM_VERSION: m1_amx-1.8.2-7555 (21011843)
APPL_M1/DP    TRY    JIT    STA    COL
   0..13      1      1      0      0 
  14..23      0      0      0      0 
  24..64      0      0      0      0 
Registry and code: 13 MB (gemm=1 nleaks=1)
Uptime: 0.025475 s
LIBXSMM WARNING: timer is maybe not cycle-accurate!

LIBXSMM_VERSION: m1_amx-1.8.2-7555 (21011843)
APPL_M1/DP    TRY    JIT    STA    COL
   0..13      0      0      0      0 
  14..23      1      1      0      0 
  24..64      0      0      0      0 
Registry and code: 13 MB (gemm=1 nleaks=1)
Uptime: 0.035098 s
LIBXSMM WARNING: timer is maybe not cycle-accurate!

LIBXSMM_VERSION: m1_amx-1.8.2-7555 (21011843)
APPL_M1/DP    TRY    JIT    STA    COL
   0..13      1      1      0      0 
  14..23      0      0      0      0 
  24..64      0      0      0      0 
Registry and code: 13 MB (gemm=1 nleaks=1)
Uptime: 0.022524 s
LIBXSMM WARNING: timer is maybe not cycle-accurate!
LIBXSMM ERROR (libxsmm_generator_gemm_kernel): ldb needs to be greater than or equal to n (error #90040)!

LIBXSMM_VERSION: m1_amx-1.8.2-7555 (21011843)
APPL_M1/DP    TRY    JIT    STA    COL
   0..13      1      0      0      0 
  14..23      0      0      0      0 
  24..64      0      0      0      0 
Registry and code: 13 MB
Uptime: 0.014254 s
LIBXSMM WARNING: timer is maybe not cycle-accurate!
LIBXSMM ERROR (libxsmm_generator_gemm_kernel): ldb needs to be greater than or equal to n (error #90040)!

LIBXSMM_VERSION: m1_amx-1.8.2-7555 (21011843)
APPL_M1/DP    TRY    JIT    STA    COL
   0..13      0      0      0      0 
  14..23      1      0      0      0 
  24..64      0      0      0      0 
Registry and code: 13 MB
Uptime: 0.067117 s
LIBXSMM WARNING: timer is maybe not cycle-accurate!

LIBXSMM_VERSION: m1_amx-1.8.2-7555 (21011843)
APPL_M1/DP    TRY    JIT    STA    COL
   0..13      0      0      0      0 
  14..23      1      1      0      0 
  24..64      0      0      0      0 
Registry and code: 13 MB (gemm=1 nleaks=1)
Uptime: 0.088917 s
LIBXSMM WARNING: timer is maybe not cycle-accurate!
LIBXSMM ERROR (libxsmm_generator_gemm_kernel): ldb needs to be greater than or equal to n (error #90040)!

LIBXSMM_VERSION: m1_amx-1.8.2-7555 (21011843)
APPL_M1/DP    TRY    JIT    STA    COL
   0..13      0      0      0      0 
  14..23      0      0      0      0 
  24..64      1      0      0      0 
Registry and code: 13 MB
Uptime: 0.113650 s
LIBXSMM WARNING: timer is maybe not cycle-accurate!

LIBXSMM_VERSION: m1_amx-1.8.2-7555 (21011843)
APPL_M1/DP    TRY    JIT    STA    COL
   0..13      0      0      0      0 
  14..23      0      0      0      0 
  24..64      1      1      0      0 
Registry and code: 13 MB (gemm=1 nleaks=1)
Uptime: 0.124565 s
LIBXSMM WARNING: timer is maybe not cycle-accurate!
LIBXSMM ERROR (libxsmm_generator_gemm_kernel): ldb needs to be greater than or equal to n (error #90040)!

LIBXSMM_VERSION: m1_amx-1.8.2-7555 (21011843)
APPL_M1/DP    TRY    JIT    STA    COL
   0..13      0      0      0      0 
  14..23      0      0      0      0 
  24..64      1      0      0      0 
Registry and code: 13 MB
Uptime: 0.084207 s
LIBXSMM WARNING: timer is maybe not cycle-accurate!
LIBXSMM ERROR (libxsmm_generator_gemm_kernel): ldb needs to be greater than or equal to n (error #90040)!

LIBXSMM_VERSION: m1_amx-1.8.2-7555 (21011843)
APPL_M1/DP    TRY    JIT    STA    COL
   0..13      0      0      0      0 
  14..23      1      0      0      0 
  24..64      0      0      0      0 
Registry and code: 13 MB
Uptime: 0.054350 s
LIBXSMM WARNING: timer is maybe not cycle-accurate!

LIBXSMM_VERSION: m1_amx-1.8.2-7555 (21011843)
APPL_M1/DP    TRY    JIT    STA    COL
   0..13      0      0      0      0 
  14..23      1      1      0      0 
  24..64      0      0      0      0 
Registry and code: 13 MB (gemm=1 nleaks=1)
Uptime: 0.088711 s
LIBXSMM WARNING: timer is maybe not cycle-accurate!
LIBXSMM ERROR (libxsmm_generator_gemm_kernel): ldb needs to be greater than or equal to n (error #90040)!

LIBXSMM_VERSION: m1_amx-1.8.2-7555 (21011843)
APPL_M1/DP    TRY    JIT    STA    COL
   0..13      0      0      0      0 
  14..23      0      0      0      0 
  24..64      1      0      0      0 
Registry and code: 13 MB
Uptime: 0.113417 s
LIBXSMM WARNING: timer is maybe not cycle-accurate!

LIBXSMM_VERSION: m1_amx-1.8.2-7555 (21011843)
APPL_M1/DP    TRY    JIT    STA    COL
   0..13      0      0      0      0 
  14..23      0      0      0      0 
  24..64      1      1      0      0 
Registry and code: 13 MB (gemm=1 nleaks=1)
Uptime: 0.124210 s
LIBXSMM WARNING: timer is maybe not cycle-accurate!
LIBXSMM ERROR (libxsmm_generator_gemm_kernel): ldb needs to be greater than or equal to n (error #90040)!

LIBXSMM_VERSION: m1_amx-1.8.2-7555 (21011843)
APPL_M1/DP    TRY    JIT    STA    COL
   0..13      0      0      0      0 
  14..23      0      0      0      0 
  24..64      1      0      0      0 
Registry and code: 13 MB
Uptime: 0.083976 s
LIBXSMM WARNING: timer is maybe not cycle-accurate!
LIBXSMM ERROR (libxsmm_generator_gemm_kernel): ldb needs to be greater than or equal to n (error #90040)!

LIBXSMM_VERSION: m1_amx-1.8.2-7555 (21011843)
APPL_M1/DP    TRY    JIT    STA    COL
   0..13      0      0      0      0 
  14..23      0      0      0      0 
  24..64      1      0      0      0 
Registry and code: 13 MB
Uptime: 0.124632 s
LIBXSMM WARNING: timer is maybe not cycle-accurate!

LIBXSMM_VERSION: m1_amx-1.8.2-7555 (21011843)
APPL_M1/DP    TRY    JIT    STA    COL
   0..13      0      0      0      0 
  14..23      0      0      0      0 
  24..64      1      1      0      0 
Registry and code: 13 MB (gemm=1 nleaks=1)
Uptime: 0.179456 s
LIBXSMM WARNING: timer is maybe not cycle-accurate!
LIBXSMM ERROR (libxsmm_generator_gemm_kernel): ldb needs to be greater than or equal to n (error #90040)!

LIBXSMM_VERSION: m1_amx-1.8.2-7555 (21011843)
APPL_M1/DP    TRY    JIT    STA    COL
   0..13      0      0      0      0 
  14..23      0      0      0      0 
  24..64      1      0      0      0 
Registry and code: 13 MB
Uptime: 0.231342 s
LIBXSMM WARNING: timer is maybe not cycle-accurate!

LIBXSMM_VERSION: m1_amx-1.8.2-7555 (21011843)
APPL_M1/DP    TRY    JIT    STA    COL
   0..13      0      0      0      0 
  14..23      0      0      0      0 
  24..64      1      1      0      0 
Registry and code: 13 MB (gemm=1 nleaks=1)
Uptime: 0.361367 s
LIBXSMM WARNING: timer is maybe not cycle-accurate!
LIBXSMM ERROR (libxsmm_generator_gemm_kernel): ldb needs to be greater than or equal to n (error #90040)!

LIBXSMM_VERSION: m1_amx-1.8.2-7555 (21011843)
APPL_M1/DP    TRY    JIT    STA    COL
   0..13      0      0      0      0 
  14..23      0      0      0      0 
  24..64      1      0      0      0 
Registry and code: 13 MB
Uptime: 0.187418 s
LIBXSMM WARNING: timer is maybe not cycle-accurate!
LIBXSMM ERROR (libxsmm_generator_gemm_kernel): ldb needs to be greater than or equal to n (error #90040)!

LIBXSMM_VERSION: m1_amx-1.8.2-7555 (21011843)
APPL_M1/DP    TRY    JIT    STA    COL
   0..13      0      0      0      0 
  14..23      0      0      0      0 
  24..64      1      0      0      0 
Registry and code: 13 MB
Uptime: 0.129092 s
LIBXSMM WARNING: timer is maybe not cycle-accurate!

LIBXSMM_VERSION: m1_amx-1.8.2-7555 (21011843)
APPL_M1/DP    TRY    JIT    STA    COL
   0..13      0      0      0      0 
  14..23      0      0      0      0 
  24..64      1      1      0      0 
Registry and code: 13 MB (gemm=1 nleaks=1)
Uptime: 0.178726 s
LIBXSMM WARNING: timer is maybe not cycle-accurate!
LIBXSMM ERROR (libxsmm_generator_gemm_kernel): ldb needs to be greater than or equal to n (error #90040)!

LIBXSMM_VERSION: m1_amx-1.8.2-7555 (21011843)
APPL_M1/DP    TRY    JIT    STA    COL
   0..13      0      0      0      0 
  14..23      0      0      0      0 
  24..64      1      0      0      0 
Registry and code: 13 MB
Uptime: 0.231762 s
LIBXSMM WARNING: timer is maybe not cycle-accurate!

LIBXSMM_VERSION: m1_amx-1.8.2-7555 (21011843)
APPL_M1/DP    TRY    JIT    STA    COL
   0..13      0      0      0      0 
  14..23      0      0      0      0 
  24..64      1      1      0      0 
Registry and code: 13 MB (gemm=1 nleaks=1)
Uptime: 0.372855 s
LIBXSMM WARNING: timer is maybe not cycle-accurate!
LIBXSMM ERROR (libxsmm_generator_gemm_kernel): ldb needs to be greater than or equal to n (error #90040)!

LIBXSMM_VERSION: m1_amx-1.8.2-7555 (21011843)
APPL_M1/DP    TRY    JIT    STA    COL
   0..13      0      0      0      0 
  14..23      0      0      0      0 
  24..64      1      0      0      0 
Registry and code: 13 MB
Uptime: 0.193257 s
LIBXSMM WARNING: timer is maybe not cycle-accurate!
LIBXSMM ERROR (libxsmm_generator_gemm_kernel): ldb needs to be greater than or equal to n (error #90040)!

LIBXSMM_VERSION: m1_amx-1.8.2-7555 (21011843)
APPL_M1/DP    TRY    JIT    STA    COL
   0..13      0      0      0      0 
  14..23      0      0      0      0 
  24..64      1      0      0      0 
Registry and code: 13 MB
Uptime: 0.208943 s
LIBXSMM WARNING: timer is maybe not cycle-accurate!

LIBXSMM_VERSION: m1_amx-1.8.2-7555 (21011843)
APPL_M1/DP    TRY    JIT    STA    COL
   0..13      0      0      0      0 
  14..23      0      0      0      0 
  24..64      1      1      0      0 
Registry and code: 13 MB (gemm=1 nleaks=1)
Uptime: 0.310558 s
LIBXSMM WARNING: timer is maybe not cycle-accurate!
LIBXSMM ERROR (libxsmm_generator_gemm_kernel): ldb needs to be greater than or equal to n (error #90040)!

LIBXSMM_VERSION: m1_amx-1.8.2-7555 (21011843)
APPL_M1/DP    TRY    JIT    STA    COL
   0..13      0      0      0      0 
  14..23      0      0      0      0 
  24..64      0      0      0      0 
    > 64      1      0      0      0 
Registry and code: 13 MB
Uptime: 0.400326 s
LIBXSMM WARNING: timer is maybe not cycle-accurate!

LIBXSMM_VERSION: m1_amx-1.8.2-7555 (21011843)
APPL_M1/DP    TRY    JIT    STA    COL
   0..13      0      0      0      0 
  14..23      0      0      0      0 
  24..64      0      0      0      0 
    > 64      1      1      0      0 
Registry and code: 13 MB (gemm=1 nleaks=1)
Uptime: 0.774972 s
LIBXSMM WARNING: timer is maybe not cycle-accurate!
LIBXSMM ERROR (libxsmm_generator_gemm_kernel): ldb needs to be greater than or equal to n (error #90040)!

LIBXSMM_VERSION: m1_amx-1.8.2-7555 (21011843)
APPL_M1/DP    TRY    JIT    STA    COL
   0..13      0      0      0      0 
  14..23      0      0      0      0 
  24..64      0      0      0      0 
    > 64      1      0      0      0 
Registry and code: 13 MB
Uptime: 0.469405 s
LIBXSMM WARNING: timer is maybe not cycle-accurate!
LIBXSMM ERROR (libxsmm_generator_gemm_kernel): ldb needs to be greater than or equal to n (error #90040)!

LIBXSMM_VERSION: m1_amx-1.8.2-7555 (21011843)
APPL_M1/DP    TRY    JIT    STA    COL
   0..13      0      0      0      0 
  14..23      0      0      0      0 
  24..64      1      0      0      0 
Registry and code: 13 MB
Uptime: 0.239076 s
LIBXSMM WARNING: timer is maybe not cycle-accurate!

LIBXSMM_VERSION: m1_amx-1.8.2-7555 (21011843)
APPL_M1/DP    TRY    JIT    STA    COL
   0..13      0      0      0      0 
  14..23      0      0      0      0 
  24..64      1      1      0      0 
Registry and code: 13 MB (gemm=1 nleaks=1)
Uptime: 0.307452 s
LIBXSMM WARNING: timer is maybe not cycle-accurate!
LIBXSMM ERROR (libxsmm_generator_gemm_kernel): ldb needs to be greater than or equal to n (error #90040)!

LIBXSMM_VERSION: m1_amx-1.8.2-7555 (21011843)
APPL_M1/DP    TRY    JIT    STA    COL
   0..13      0      0      0      0 
  14..23      0      0      0      0 
  24..64      0      0      0      0 
    > 64      1      0      0      0 
Registry and code: 13 MB
Uptime: 0.399802 s
LIBXSMM WARNING: timer is maybe not cycle-accurate!

LIBXSMM_VERSION: m1_amx-1.8.2-7555 (21011843)
APPL_M1/DP    TRY    JIT    STA    COL
   0..13      0      0      0      0 
  14..23      0      0      0      0 
  24..64      0      0      0      0 
    > 64      1      1      0      0 
Registry and code: 13 MB (gemm=1 nleaks=1)
Uptime: 0.802751 s
LIBXSMM WARNING: timer is maybe not cycle-accurate!
LIBXSMM ERROR (libxsmm_generator_gemm_kernel): ldb needs to be greater than or equal to n (error #90040)!

LIBXSMM_VERSION: m1_amx-1.8.2-7555 (21011843)
APPL_M1/DP    TRY    JIT    STA    COL
   0..13      0      0      0      0 
  14..23      0      0      0      0 
  24..64      0      0      0      0 
    > 64      1      0      0      0 
Registry and code: 13 MB
Uptime: 0.432793 s
LIBXSMM WARNING: timer is maybe not cycle-accurate!

LIBXSMM_VERSION: m1_amx-1.8.2-7555 (21011843)
APPL_M1/DP    TRY    JIT    STA    COL
   0..13      0      0      0      0 
  14..23      0      0      0      0 
  24..64      0      0      0      0 
    > 64      1      1      0      0 
Registry and code: 13 MB (gemm=1 nleaks=1)
Uptime: 0.336971 s
LIBXSMM WARNING: timer is maybe not cycle-accurate!

LIBXSMM_VERSION: m1_amx-1.8.2-7555 (21011843)
APPL_M1/DP    TRY    JIT    STA    COL
   0..13      0      0      0      0 
  14..23      0      0      0      0 
  24..64      0      0      0      0 
    > 64      1      1      0      0 
Registry and code: 13 MB (gemm=1 nleaks=1)
Uptime: 0.531872 s
LIBXSMM WARNING: timer is maybe not cycle-accurate!
LIBXSMM ERROR (libxsmm_generator_gemm_kernel): ldb needs to be greater than or equal to n (error #90040)!

LIBXSMM_VERSION: m1_amx-1.8.2-7555 (21011843)
APPL_M1/DP    TRY    JIT    STA    COL
   0..13      0      0      0      0 
  14..23      0      0      0      0 
  24..64      0      0      0      0 
    > 64      1      0      0      0 
Registry and code: 13 MB
Uptime: 0.688949 s
LIBXSMM WARNING: timer is maybe not cycle-accurate!

LIBXSMM_VERSION: m1_amx-1.8.2-7555 (21011843)
APPL_M1/DP    TRY    JIT    STA    COL
   0..13      0      0      0      0 
  14..23      0      0      0      0 
  24..64      0      0      0      0 
    > 64      1      1      0      0 
Registry and code: 13 MB (gemm=1 nleaks=1)
Uptime: 1.725502 s
LIBXSMM WARNING: timer is maybe not cycle-accurate!
LIBXSMM ERROR (libxsmm_generator_gemm_kernel): ldb needs to be greater than or equal to n (error #90040)!

LIBXSMM_VERSION: m1_amx-1.8.2-7555 (21011843)
APPL_M1/DP    TRY    JIT    STA    COL
   0..13      0      0      0      0 
  14..23      0      0      0      0 
  24..64      0      0      0      0 
    > 64      1      0      0      0 
Registry and code: 13 MB
Uptime: 1.016850 s
LIBXSMM WARNING: timer is maybe not cycle-accurate!

LIBXSMM_VERSION: m1_amx-1.8.2-7555 (21011843)
APPL_M1/DP    TRY    JIT    STA    COL
   0..13      0      0      0      0 
  14..23      0      0      0      0 
  24..64      0      0      0      0 
    > 64      1      1      0      0 
Registry and code: 13 MB (gemm=1 nleaks=1)
Uptime: 0.457890 s
LIBXSMM WARNING: timer is maybe not cycle-accurate!

LIBXSMM_VERSION: m1_amx-1.8.2-7555 (21011843)
APPL_M1/DP    TRY    JIT    STA    COL
   0..13      0      0      0      0 
  14..23      0      0      0      0 
  24..64      0      0      0      0 
    > 64      1      1      0      0 
Registry and code: 13 MB (gemm=1 nleaks=1)
Uptime: 0.531486 s
LIBXSMM WARNING: timer is maybe not cycle-accurate!
LIBXSMM ERROR (libxsmm_generator_gemm_kernel): ldb needs to be greater than or equal to n (error #90040)!

LIBXSMM_VERSION: m1_amx-1.8.2-7555 (21011843)
APPL_M1/DP    TRY    JIT    STA    COL
   0..13      0      0      0      0 
  14..23      0      0      0      0 
  24..64      0      0      0      0 
    > 64      1      0      0      0 
Registry and code: 13 MB
Uptime: 0.687633 s
LIBXSMM WARNING: timer is maybe not cycle-accurate!

LIBXSMM_VERSION: m1_amx-1.8.2-7555 (21011843)
APPL_M1/DP    TRY    JIT    STA    COL
   0..13      0      0      0      0 
  14..23      0      0      0      0 
  24..64      0      0      0      0 
    > 64      1      1      0      0 
Registry and code: 13 MB (gemm=1 nleaks=1)
Uptime: 1.879312 s
LIBXSMM WARNING: timer is maybe not cycle-accurate!
LIBXSMM ERROR (libxsmm_generator_gemm_kernel): ldb needs to be greater than or equal to n (error #90040)!

LIBXSMM_VERSION: m1_amx-1.8.2-7555 (21011843)
APPL_M1/DP    TRY    JIT    STA    COL
   0..13      0      0      0      0 
  14..23      0      0      0      0 
  24..64      0      0      0      0 
    > 64      1      0      0      0 
Registry and code: 13 MB
Uptime: 0.846954 s
LIBXSMM WARNING: timer is maybe not cycle-accurate!

LIBXSMM_VERSION: m1_amx-1.8.2-7555 (21011843)
APPL_M1/DP    TRY    JIT    STA    COL
   0..13      0      0      0      0 
  14..23      0      0      0      0 
  24..64      0      0      0      0 
    > 64      1      1      0      0 
Registry and code: 13 MB (gemm=1 nleaks=1)
Uptime: 0.508486 s
LIBXSMM WARNING: timer is maybe not cycle-accurate!
LIBXSMM ERROR (libxsmm_generator_gemm_kernel): ldb needs to be greater than or equal to n (error #90040)!

LIBXSMM_VERSION: m1_amx-1.8.2-7555 (21011843)
APPL_M1/DP    TRY    JIT    STA    COL
   0..13      0      0      0      0 
  14..23      0      0      0      0 
  24..64      0      0      0      0 
    > 64      1      0      0      0 
Registry and code: 13 MB
Uptime: 0.857103 s
Generating and Compiling data/example_mats/hex/p1/gauss-legendre/m0.txt
Running data/example_mats/hex/p1/gauss-legendre/m0.txt
Finished running in 0.30843333333333334ms
Generating and Compiling data/example_mats/hex/p1/gauss-legendre/m3.txt
Running data/example_mats/hex/p1/gauss-legendre/m3.txt
Finished running in 0.5747666666666666ms
Generating and Compiling data/example_mats/hex/p1/gauss-legendre/m6.txt
Running data/example_mats/hex/p1/gauss-legendre/m6.txt
Finished running in 0.8346ms
Generating and Compiling data/example_mats/hex/p1/gauss-legendre/m132.txt
Running data/example_mats/hex/p1/gauss-legendre/m132.txt
Finished running in 0.4704666666666667ms
Generating and Compiling data/example_mats/hex/p1/gauss-legendre/m460.txt
Running data/example_mats/hex/p1/gauss-legendre/m460.txt
Finished running in 0.3146333333333333ms
Generating and Compiling data/example_mats/hex/p2/gauss-legendre-lobatto/m0.txt
Running data/example_mats/hex/p2/gauss-legendre-lobatto/m0.txt
Finished running in 1.8970999999999998ms
Generating and Compiling data/example_mats/hex/p2/gauss-legendre-lobatto/m3.txt
Running data/example_mats/hex/p2/gauss-legendre-lobatto/m3.txt
Finished running in 2.3862333333333337ms
Generating and Compiling data/example_mats/hex/p2/gauss-legendre-lobatto/m6.txt
Running data/example_mats/hex/p2/gauss-legendre-lobatto/m6.txt
Finished running in 3.145766666666667ms
Generating and Compiling data/example_mats/hex/p2/gauss-legendre-lobatto/m132.txt
Running data/example_mats/hex/p2/gauss-legendre-lobatto/m132.txt
Finished running in 3.328800000000001ms
Generating and Compiling data/example_mats/hex/p2/gauss-legendre-lobatto/m460.txt
Running data/example_mats/hex/p2/gauss-legendre-lobatto/m460.txt
Finished running in 2.3892666666666664ms
Generating and Compiling data/example_mats/hex/p2/gauss-legendre/m0.txt
Running data/example_mats/hex/p2/gauss-legendre/m0.txt
Finished running in 1.4665ms
Generating and Compiling data/example_mats/hex/p2/gauss-legendre/m3.txt
Running data/example_mats/hex/p2/gauss-legendre/m3.txt
Finished running in 2.3827ms
Generating and Compiling data/example_mats/hex/p2/gauss-legendre/m6.txt
Running data/example_mats/hex/p2/gauss-legendre/m6.txt
Finished running in 3.145866666666667ms
Generating and Compiling data/example_mats/hex/p2/gauss-legendre/m132.txt
Running data/example_mats/hex/p2/gauss-legendre/m132.txt
Finished running in 3.3203ms
Generating and Compiling data/example_mats/hex/p2/gauss-legendre/m460.txt
Running data/example_mats/hex/p2/gauss-legendre/m460.txt
Finished running in 2.4026666666666667ms
Generating and Compiling data/example_mats/hex/p3/gauss-legendre-lobatto/m0.txt
Running data/example_mats/hex/p3/gauss-legendre-lobatto/m0.txt
Finished running in 3.3875333333333333ms
Generating and Compiling data/example_mats/hex/p3/gauss-legendre-lobatto/m3.txt
Running data/example_mats/hex/p3/gauss-legendre-lobatto/m3.txt
Finished running in 4.9292ms
Generating and Compiling data/example_mats/hex/p3/gauss-legendre-lobatto/m6.txt
Running data/example_mats/hex/p3/gauss-legendre-lobatto/m6.txt
Finished running in 6.426966666666666ms
Generating and Compiling data/example_mats/hex/p3/gauss-legendre-lobatto/m132.txt
Running data/example_mats/hex/p3/gauss-legendre-lobatto/m132.txt
Finished running in 10.041666666666666ms
Generating and Compiling data/example_mats/hex/p3/gauss-legendre-lobatto/m460.txt
Running data/example_mats/hex/p3/gauss-legendre-lobatto/m460.txt
Finished running in 5.309466666666666ms
Generating and Compiling data/example_mats/hex/p3/gauss-legendre/m0.txt
Running data/example_mats/hex/p3/gauss-legendre/m0.txt
Finished running in 3.5386ms
Generating and Compiling data/example_mats/hex/p3/gauss-legendre/m3.txt
Running data/example_mats/hex/p3/gauss-legendre/m3.txt
Finished running in 4.870133333333333ms
Generating and Compiling data/example_mats/hex/p3/gauss-legendre/m6.txt
Running data/example_mats/hex/p3/gauss-legendre/m6.txt
Finished running in 6.4324666666666666ms
Generating and Compiling data/example_mats/hex/p3/gauss-legendre/m132.txt
Running data/example_mats/hex/p3/gauss-legendre/m132.txt
Finished running in 10.430100000000001ms
Generating and Compiling data/example_mats/hex/p3/gauss-legendre/m460.txt
Running data/example_mats/hex/p3/gauss-legendre/m460.txt
Finished running in 5.4851ms
Generating and Compiling data/example_mats/hex/p4/gauss-legendre-lobatto/m0.txt
Running data/example_mats/hex/p4/gauss-legendre-lobatto/m0.txt
Finished running in 5.4581333333333335ms
Generating and Compiling data/example_mats/hex/p4/gauss-legendre-lobatto/m3.txt
Running data/example_mats/hex/p4/gauss-legendre-lobatto/m3.txt
Finished running in 8.483633333333334ms
Generating and Compiling data/example_mats/hex/p4/gauss-legendre-lobatto/m6.txt
Running data/example_mats/hex/p4/gauss-legendre-lobatto/m6.txt
Finished running in 10.832699999999999ms
Generating and Compiling data/example_mats/hex/p4/gauss-legendre-lobatto/m132.txt
Running data/example_mats/hex/p4/gauss-legendre-lobatto/m132.txt
Finished running in 21.363366666666668ms
Generating and Compiling data/example_mats/hex/p4/gauss-legendre-lobatto/m460.txt
Running data/example_mats/hex/p4/gauss-legendre-lobatto/m460.txt
Finished running in 13.4195ms
Generating and Compiling data/example_mats/hex/p4/gauss-legendre/m0.txt
Running data/example_mats/hex/p4/gauss-legendre/m0.txt
Finished running in 6.348133333333333ms
Generating and Compiling data/example_mats/hex/p4/gauss-legendre/m3.txt
Running data/example_mats/hex/p4/gauss-legendre/m3.txt
Finished running in 8.4033ms
Generating and Compiling data/example_mats/hex/p4/gauss-legendre/m6.txt
Running data/example_mats/hex/p4/gauss-legendre/m6.txt
Finished running in 10.813600000000001ms
Generating and Compiling data/example_mats/hex/p4/gauss-legendre/m132.txt
Running data/example_mats/hex/p4/gauss-legendre/m132.txt
Finished running in 22.25566666666667ms
Generating and Compiling data/example_mats/hex/p4/gauss-legendre/m460.txt
Running data/example_mats/hex/p4/gauss-legendre/m460.txt
Finished running in 12.175533333333332ms
Generating and Compiling data/example_mats/hex/p5/gauss-legendre-lobatto/m0.txt
Running data/example_mats/hex/p5/gauss-legendre-lobatto/m0.txt
Finished running in 8.155133333333334ms
Generating and Compiling data/example_mats/hex/p5/gauss-legendre-lobatto/m3.txt
Running data/example_mats/hex/p5/gauss-legendre-lobatto/m3.txt
Finished running in 14.588766666666666ms
Generating and Compiling data/example_mats/hex/p5/gauss-legendre-lobatto/m6.txt
Running data/example_mats/hex/p5/gauss-legendre-lobatto/m6.txt
Finished running in 18.146666666666665ms
Generating and Compiling data/example_mats/hex/p5/gauss-legendre-lobatto/m132.txt
Running data/example_mats/hex/p5/gauss-legendre-lobatto/m132.txt
Finished running in 47.709066666666665ms
Generating and Compiling data/example_mats/hex/p5/gauss-legendre-lobatto/m460.txt
Running data/example_mats/hex/p5/gauss-legendre-lobatto/m460.txt
Finished running in 28.776333333333334ms
Generating and Compiling data/example_mats/hex/p5/gauss-legendre/m0.txt
Running data/example_mats/hex/p5/gauss-legendre/m0.txt
Finished running in 12.142333333333333ms
Generating and Compiling data/example_mats/hex/p5/gauss-legendre/m3.txt
Running data/example_mats/hex/p5/gauss-legendre/m3.txt
Finished running in 14.556ms
Generating and Compiling data/example_mats/hex/p5/gauss-legendre/m6.txt
Running data/example_mats/hex/p5/gauss-legendre/m6.txt
Finished running in 18.1931ms
Generating and Compiling data/example_mats/hex/p5/gauss-legendre/m132.txt
Running data/example_mats/hex/p5/gauss-legendre/m132.txt
Finished running in 53.158033333333336ms
Generating and Compiling data/example_mats/hex/p5/gauss-legendre/m460.txt
Running data/example_mats/hex/p5/gauss-legendre/m460.txt
Finished running in 23.378899999999998ms
Generating and Compiling data/example_mats/hex/p6/gauss-legendre-lobatto/m0.txt
Running data/example_mats/hex/p6/gauss-legendre-lobatto/m0.txt
Finished running in 11.363566666666667ms
Generating and Compiling data/example_mats/hex/p6/gauss-legendre-lobatto/m3.txt
Running data/example_mats/hex/p6/gauss-legendre-lobatto/m3.txt
Finished running in 23.770666666666667ms
LIBXSMM WARNING: timer is maybe not cycle-accurate!
LIBXSMM ERROR (libxsmm_generator_gemm_kernel): ldb needs to be greater than or equal to n (error #90040)!

LIBXSMM_VERSION: m1_amx-1.8.2-7555 (21011843)
APPL_M1/DP    TRY    JIT    STA    COL
   0..13      0      0      0      0 
  14..23      0      0      0      0 
  24..64      0      0      0      0 
    > 64      1      0      0      0 
Registry and code: 13 MB
Uptime: 1.112647 s
LIBXSMM WARNING: timer is maybe not cycle-accurate!

LIBXSMM_VERSION: m1_amx-1.8.2-7555 (21011843)
APPL_M1/DP    TRY    JIT    STA    COL
   0..13      0      0      0      0 
  14..23      0      0      0      0 
  24..64      0      0      0      0 
    > 64      1      1      0      0 
Registry and code: 13 MB (gemm=1 nleaks=1)
Uptime: 3.598725 s
LIBXSMM WARNING: timer is maybe not cycle-accurate!
LIBXSMM ERROR (libxsmm_generator_gemm_kernel): ldb needs to be greater than or equal to n (error #90040)!

LIBXSMM_VERSION: m1_amx-1.8.2-7555 (21011843)
APPL_M1/DP    TRY    JIT    STA    COL
   0..13      0      0      0      0 
  14..23      0      0      0      0 
  24..64      0      0      0      0 
    > 64      1      0      0      0 
Registry and code: 13 MB
Uptime: 3.017349 s
LIBXSMM WARNING: timer is maybe not cycle-accurate!

LIBXSMM_VERSION: m1_amx-1.8.2-7555 (21011843)
APPL_M1/DP    TRY    JIT    STA    COL
   0..13      0      0      0      0 
  14..23      0      0      0      0 
  24..64      0      0      0      0 
    > 64      1      1      0      0 
Registry and code: 13 MB (gemm=1 nleaks=1)
Uptime: 0.760393 s
LIBXSMM WARNING: timer is maybe not cycle-accurate!
LIBXSMM ERROR (libxsmm_generator_gemm_kernel): ldb needs to be greater than or equal to n (error #90040)!

LIBXSMM_VERSION: m1_amx-1.8.2-7555 (21011843)
APPL_M1/DP    TRY    JIT    STA    COL
   0..13      0      0      0      0 
  14..23      0      0      0      0 
  24..64      0      0      0      0 
    > 64      1      0      0      0 
Registry and code: 13 MB
Uptime: 0.880175 s
LIBXSMM WARNING: timer is maybe not cycle-accurate!
LIBXSMM ERROR (libxsmm_generator_gemm_kernel): ldb needs to be greater than or equal to n (error #90040)!

LIBXSMM_VERSION: m1_amx-1.8.2-7555 (21011843)
APPL_M1/DP    TRY    JIT    STA    COL
   0..13      0      0      0      0 
  14..23      0      0      0      0 
  24..64      0      0      0      0 
    > 64      1      0      0      0 
Registry and code: 13 MB
Uptime: 1.076367 s
LIBXSMM WARNING: timer is maybe not cycle-accurate!

LIBXSMM_VERSION: m1_amx-1.8.2-7555 (21011843)
APPL_M1/DP    TRY    JIT    STA    COL
   0..13      0      0      0      0 
  14..23      0      0      0      0 
  24..64      0      0      0      0 
    > 64      1      1      0      0 
Registry and code: 13 MB (gemm=1 nleaks=1)
Uptime: 3.917130 s
LIBXSMM WARNING: timer is maybe not cycle-accurate!
LIBXSMM ERROR (libxsmm_generator_gemm_kernel): ldb needs to be greater than or equal to n (error #90040)!

LIBXSMM_VERSION: m1_amx-1.8.2-7555 (21011843)
APPL_M1/DP    TRY    JIT    STA    COL
   0..13      0      0      0      0 
  14..23      0      0      0      0 
  24..64      0      0      0      0 
    > 64      1      0      0      0 
Registry and code: 13 MB
Uptime: 1.853676 s
LIBXSMM WARNING: timer is maybe not cycle-accurate!
LIBXSMM ERROR (libxsmm_generator_gemm_kernel): ldb needs to be greater than or equal to n (error #90040)!

LIBXSMM_VERSION: m1_amx-1.8.2-7555 (21011843)
APPL_M1/DP    TRY    JIT    STA    COL
   0..13      1      0      0      0 
  14..23      0      0      0      0 
  24..64      0      0      0      0 
Registry and code: 13 MB
Uptime: 0.008352 s
LIBXSMM WARNING: timer is maybe not cycle-accurate!

LIBXSMM_VERSION: m1_amx-1.8.2-7555 (21011843)
APPL_M1/DP    TRY    JIT    STA    COL
   0..13      1      1      0      0 
  14..23      0      0      0      0 
  24..64      0      0      0      0 
Registry and code: 13 MB (gemm=1 nleaks=1)
Uptime: 0.009039 s
LIBXSMM WARNING: timer is maybe not cycle-accurate!

LIBXSMM_VERSION: m1_amx-1.8.2-7555 (21011843)
APPL_M1/DP    TRY    JIT    STA    COL
   0..13      1      1      0      0 
  14..23      0      0      0      0 
  24..64      0      0      0      0 
Registry and code: 13 MB (gemm=1 nleaks=1)
Uptime: 0.009052 s
LIBXSMM WARNING: timer is maybe not cycle-accurate!

LIBXSMM_VERSION: m1_amx-1.8.2-7555 (21011843)
APPL_M1/DP    TRY    JIT    STA    COL
   0..13      1      1      0      0 
  14..23      0      0      0      0 
  24..64      0      0      0      0 
Registry and code: 13 MB (gemm=1 nleaks=1)
Uptime: 0.009242 s
LIBXSMM WARNING: timer is maybe not cycle-accurate!
LIBXSMM ERROR (libxsmm_generator_gemm_kernel): ldb needs to be greater than or equal to n (error #90040)!

LIBXSMM_VERSION: m1_amx-1.8.2-7555 (21011843)
APPL_M1/DP    TRY    JIT    STA    COL
   0..13      1      0      0      0 
  14..23      0      0      0      0 
  24..64      0      0      0      0 
Registry and code: 13 MB
Uptime: 0.007559 s
LIBXSMM WARNING: timer is maybe not cycle-accurate!
LIBXSMM ERROR (libxsmm_generator_gemm_kernel): ldb needs to be greater than or equal to n (error #90040)!

LIBXSMM_VERSION: m1_amx-1.8.2-7555 (21011843)
APPL_M1/DP    TRY    JIT    STA    COL
   0..13      1      0      0      0 
  14..23      0      0      0      0 
  24..64      0      0      0      0 
Registry and code: 13 MB
Uptime: 0.026058 s
LIBXSMM WARNING: timer is maybe not cycle-accurate!

LIBXSMM_VERSION: m1_amx-1.8.2-7555 (21011843)
APPL_M1/DP    TRY    JIT    STA    COL
   0..13      1      1      0      0 
  14..23      0      0      0      0 
  24..64      0      0      0      0 
Registry and code: 13 MB (gemm=1 nleaks=1)
Uptime: 0.014496 s
LIBXSMM WARNING: timer is maybe not cycle-accurate!
LIBXSMM ERROR (libxsmm_generator_gemm_kernel): ldb needs to be greater than or equal to n (error #90040)!

LIBXSMM_VERSION: m1_amx-1.8.2-7555 (21011843)
APPL_M1/DP    TRY    JIT    STA    COL
   0..13      1      0      0      0 
  14..23      0      0      0      0 
  24..64      0      0      0      0 
Registry and code: 13 MB
Uptime: 0.014552 s
LIBXSMM WARNING: timer is maybe not cycle-accurate!

LIBXSMM_VERSION: m1_amx-1.8.2-7555 (21011843)
APPL_M1/DP    TRY    JIT    STA    COL
   0..13      1      1      0      0 
  14..23      0      0      0      0 
  24..64      0      0      0      0 
Registry and code: 13 MB (gemm=1 nleaks=1)
Uptime: 0.019114 s
LIBXSMM WARNING: timer is maybe not cycle-accurate!
LIBXSMM ERROR (libxsmm_generator_gemm_kernel): ldb needs to be greater than or equal to n (error #90040)!

LIBXSMM_VERSION: m1_amx-1.8.2-7555 (21011843)
APPL_M1/DP    TRY    JIT    STA    COL
   0..13      1      0      0      0 
  14..23      0      0      0      0 
  24..64      0      0      0      0 
Registry and code: 13 MB
Uptime: 0.014271 s
LIBXSMM WARNING: timer is maybe not cycle-accurate!
LIBXSMM ERROR (libxsmm_generator_gemm_kernel): ldb needs to be greater than or equal to n (error #90040)!

LIBXSMM_VERSION: m1_amx-1.8.2-7555 (21011843)
APPL_M1/DP    TRY    JIT    STA    COL
   0..13      1      0      0      0 
  14..23      0      0      0      0 
  24..64      0      0      0      0 
Registry and code: 13 MB
Uptime: 0.011316 s
LIBXSMM WARNING: timer is maybe not cycle-accurate!

LIBXSMM_VERSION: m1_amx-1.8.2-7555 (21011843)
APPL_M1/DP    TRY    JIT    STA    COL
   0..13      1      1      0      0 
  14..23      0      0      0      0 
  24..64      0      0      0      0 
Registry and code: 13 MB (gemm=1 nleaks=1)
Uptime: 0.014485 s
LIBXSMM WARNING: timer is maybe not cycle-accurate!
LIBXSMM ERROR (libxsmm_generator_gemm_kernel): ldb needs to be greater than or equal to n (error #90040)!

LIBXSMM_VERSION: m1_amx-1.8.2-7555 (21011843)
APPL_M1/DP    TRY    JIT    STA    COL
   0..13      1      0      0      0 
  14..23      0      0      0      0 
  24..64      0      0      0      0 
Registry and code: 13 MB
Uptime: 0.014569 s
LIBXSMM WARNING: timer is maybe not cycle-accurate!

LIBXSMM_VERSION: m1_amx-1.8.2-7555 (21011843)
APPL_M1/DP    TRY    JIT    STA    COL
   0..13      1      1      0      0 
  14..23      0      0      0      0 
  24..64      0      0      0      0 
Registry and code: 13 MB (gemm=1 nleaks=1)
Uptime: 0.018843 s
LIBXSMM WARNING: timer is maybe not cycle-accurate!
LIBXSMM ERROR (libxsmm_generator_gemm_kernel): ldb needs to be greater than or equal to n (error #90040)!

LIBXSMM_VERSION: m1_amx-1.8.2-7555 (21011843)
APPL_M1/DP    TRY    JIT    STA    COL
   0..13      1      0      0      0 
  14..23      0      0      0      0 
  24..64      0      0      0      0 
Registry and code: 13 MB
Uptime: 0.014500 s
LIBXSMM WARNING: timer is maybe not cycle-accurate!

LIBXSMM_VERSION: m1_amx-1.8.2-7555 (21011843)
APPL_M1/DP    TRY    JIT    STA    COL
   0..13      1      1      0      0 
  14..23      0      0      0      0 
  24..64      0      0      0      0 
Registry and code: 13 MB (gemm=1 nleaks=1)
Uptime: 0.037525 s
LIBXSMM WARNING: timer is maybe not cycle-accurate!

LIBXSMM_VERSION: m1_amx-1.8.2-7555 (21011843)
APPL_M1/DP    TRY    JIT    STA    COL
   0..13      1      1      0      0 
  14..23      0      0      0      0 
  24..64      0      0      0      0 
Registry and code: 13 MB (gemm=1 nleaks=1)
Uptime: 0.020970 s
LIBXSMM WARNING: timer is maybe not cycle-accurate!
LIBXSMM ERROR (libxsmm_generator_gemm_kernel): ldb needs to be greater than or equal to n (error #90040)!

LIBXSMM_VERSION: m1_amx-1.8.2-7555 (21011843)
APPL_M1/DP    TRY    JIT    STA    COL
   0..13      0      0      0      0 
  14..23      1      0      0      0 
  24..64      0      0      0      0 
Registry and code: 13 MB
Uptime: 0.021382 s
LIBXSMM WARNING: timer is maybe not cycle-accurate!

LIBXSMM_VERSION: m1_amx-1.8.2-7555 (21011843)
APPL_M1/DP    TRY    JIT    STA    COL
   0..13      0      0      0      0 
  14..23      1      1      0      0 
  24..64      0      0      0      0 
Registry and code: 13 MB (gemm=1 nleaks=1)
Uptime: 0.054364 s
LIBXSMM WARNING: timer is maybe not cycle-accurate!
LIBXSMM ERROR (libxsmm_generator_gemm_kernel): ldb needs to be greater than or equal to n (error #90040)!

LIBXSMM_VERSION: m1_amx-1.8.2-7555 (21011843)
APPL_M1/DP    TRY    JIT    STA    COL
   0..13      0      0      0      0 
  14..23      1      0      0      0 
  24..64      0      0      0      0 
Registry and code: 13 MB
Uptime: 0.026525 s
LIBXSMM WARNING: timer is maybe not cycle-accurate!

LIBXSMM_VERSION: m1_amx-1.8.2-7555 (21011843)
APPL_M1/DP    TRY    JIT    STA    COL
   0..13      1      1      0      0 
  14..23      0      0      0      0 
  24..64      0      0      0      0 
Registry and code: 13 MB (gemm=1 nleaks=1)
Uptime: 0.017521 s
LIBXSMM WARNING: timer is maybe not cycle-accurate!

LIBXSMM_VERSION: m1_amx-1.8.2-7555 (21011843)
APPL_M1/DP    TRY    JIT    STA    COL
   0..13      1      1      0      0 
  14..23      0      0      0      0 
  24..64      0      0      0      0 
Registry and code: 13 MB (gemm=1 nleaks=1)
Uptime: 0.020938 s
LIBXSMM WARNING: timer is maybe not cycle-accurate!
LIBXSMM ERROR (libxsmm_generator_gemm_kernel): ldb needs to be greater than or equal to n (error #90040)!

LIBXSMM_VERSION: m1_amx-1.8.2-7555 (21011843)
APPL_M1/DP    TRY    JIT    STA    COL
   0..13      0      0      0      0 
  14..23      1      0      0      0 
  24..64      0      0      0      0 
Registry and code: 13 MB
Uptime: 0.021675 s
LIBXSMM WARNING: timer is maybe not cycle-accurate!

LIBXSMM_VERSION: m1_amx-1.8.2-7555 (21011843)
APPL_M1/DP    TRY    JIT    STA    COL
   0..13      0      0      0      0 
  14..23      1      1      0      0 
  24..64      0      0      0      0 
Registry and code: 13 MB (gemm=1 nleaks=1)
Uptime: 0.055522 s
LIBXSMM WARNING: timer is maybe not cycle-accurate!
LIBXSMM ERROR (libxsmm_generator_gemm_kernel): ldb needs to be greater than or equal to n (error #90040)!

LIBXSMM_VERSION: m1_amx-1.8.2-7555 (21011843)
APPL_M1/DP    TRY    JIT    STA    COL
   0..13      0      0      0      0 
  14..23      1      0      0      0 
  24..64      0      0      0      0 
Registry and code: 13 MB
Uptime: 0.025001 s
LIBXSMM WARNING: timer is maybe not cycle-accurate!

LIBXSMM_VERSION: m1_amx-1.8.2-7555 (21011843)
APPL_M1/DP    TRY    JIT    STA    COL
   0..13      0      0      0      0 
  14..23      1      1      0      0 
  24..64      0      0      0      0 
Registry and code: 13 MB (gemm=1 nleaks=1)
Uptime: 0.019579 s
LIBXSMM WARNING: timer is maybe not cycle-accurate!
LIBXSMM ERROR (libxsmm_generator_gemm_kernel): ldb needs to be greater than or equal to n (error #90040)!

LIBXSMM_VERSION: m1_amx-1.8.2-7555 (21011843)
APPL_M1/DP    TRY    JIT    STA    COL
   0..13      0      0      0      0 
  14..23      1      0      0      0 
  24..64      0      0      0      0 
Registry and code: 13 MB
Uptime: 0.029979 s
LIBXSMM WARNING: timer is maybe not cycle-accurate!
LIBXSMM ERROR (libxsmm_generator_gemm_kernel): ldb needs to be greater than or equal to n (error #90040)!

LIBXSMM_VERSION: m1_amx-1.8.2-7555 (21011843)
APPL_M1/DP    TRY    JIT    STA    COL
   0..13      0      0      0      0 
  14..23      1      0      0      0 
  24..64      0      0      0      0 
Registry and code: 13 MB
Uptime: 0.033495 s
LIBXSMM WARNING: timer is maybe not cycle-accurate!

LIBXSMM_VERSION: m1_amx-1.8.2-7555 (21011843)
APPL_M1/DP    TRY    JIT    STA    COL
   0..13      0      0      0      0 
  14..23      1      1      0      0 
  24..64      0      0      0      0 
Registry and code: 13 MB (gemm=1 nleaks=1)
Uptime: 0.088673 s
LIBXSMM WARNING: timer is maybe not cycle-accurate!
LIBXSMM ERROR (libxsmm_generator_gemm_kernel): ldb needs to be greater than or equal to n (error #90040)!

LIBXSMM_VERSION: m1_amx-1.8.2-7555 (21011843)
APPL_M1/DP    TRY    JIT    STA    COL
   0..13      0      0      0      0 
  14..23      1      0      0      0 
  24..64      0      0      0      0 
Registry and code: 13 MB
Uptime: 0.055656 s
LIBXSMM WARNING: timer is maybe not cycle-accurate!

LIBXSMM_VERSION: m1_amx-1.8.2-7555 (21011843)
APPL_M1/DP    TRY    JIT    STA    COL
   0..13      0      0      0      0 
  14..23      1      1      0      0 
  24..64      0      0      0      0 
Registry and code: 13 MB (gemm=1 nleaks=1)
Uptime: 0.030880 s
LIBXSMM WARNING: timer is maybe not cycle-accurate!
LIBXSMM ERROR (libxsmm_generator_gemm_kernel): ldb needs to be greater than or equal to n (error #90040)!

LIBXSMM_VERSION: m1_amx-1.8.2-7555 (21011843)
APPL_M1/DP    TRY    JIT    STA    COL
   0..13      0      0      0      0 
  14..23      1      0      0      0 
  24..64      0      0      0      0 
Registry and code: 13 MB
Uptime: 0.029427 s
LIBXSMM WARNING: timer is maybe not cycle-accurate!
LIBXSMM ERROR (libxsmm_generator_gemm_kernel): ldb needs to be greater than or equal to n (error #90040)!

LIBXSMM_VERSION: m1_amx-1.8.2-7555 (21011843)
APPL_M1/DP    TRY    JIT    STA    COL
   0..13      0      0      0      0 
  14..23      1      0      0      0 
  24..64      0      0      0      0 
Registry and code: 13 MB
Uptime: 0.033113 s
LIBXSMM WARNING: timer is maybe not cycle-accurate!

LIBXSMM_VERSION: m1_amx-1.8.2-7555 (21011843)
APPL_M1/DP    TRY    JIT    STA    COL
   0..13      0      0      0      0 
  14..23      1      1      0      0 
  24..64      0      0      0      0 
Registry and code: 13 MB (gemm=1 nleaks=1)
Uptime: 0.092255 s
LIBXSMM WARNING: timer is maybe not cycle-accurate!
LIBXSMM ERROR (libxsmm_generator_gemm_kernel): ldb needs to be greater than or equal to n (error #90040)!

LIBXSMM_VERSION: m1_amx-1.8.2-7555 (21011843)
APPL_M1/DP    TRY    JIT    STA    COL
   0..13      0      0      0      0 
  14..23      1      0      0      0 
  24..64      0      0      0      0 
Registry and code: 13 MB
Uptime: 0.053815 s
LIBXSMM WARNING: timer is maybe not cycle-accurate!

LIBXSMM_VERSION: m1_amx-1.8.2-7555 (21011843)
APPL_M1/DP    TRY    JIT    STA    COL
   0..13      0      0      0      0 
  14..23      1      1      0      0 
  24..64      0      0      0      0 
Registry and code: 13 MB (gemm=1 nleaks=1)
Uptime: 0.049272 s
LIBXSMM WARNING: timer is maybe not cycle-accurate!
LIBXSMM ERROR (libxsmm_generator_gemm_kernel): ldb needs to be greater than or equal to n (error #90040)!

LIBXSMM_VERSION: m1_amx-1.8.2-7555 (21011843)
APPL_M1/DP    TRY    JIT    STA    COL
   0..13      0      0      0      0 
  14..23      1      0      0      0 
  24..64      0      0      0      0 
Registry and code: 13 MB
Uptime: 0.043468 s
LIBXSMM WARNING: timer is maybe not cycle-accurate!
LIBXSMM ERROR (libxsmm_generator_gemm_kernel): ldb needs to be greater than or equal to n (error #90040)!

LIBXSMM_VERSION: m1_amx-1.8.2-7555 (21011843)
APPL_M1/DP    TRY    JIT    STA    COL
   0..13      0      0      0      0 
  14..23      0      0      0      0 
  24..64      1      0      0      0 
Registry and code: 13 MB
Uptime: 0.063218 s
Generating and Compiling data/example_mats/hex/p6/gauss-legendre-lobatto/m6.txt
Running data/example_mats/hex/p6/gauss-legendre-lobatto/m6.txt
Finished running in 27.575366666666664ms
Generating and Compiling data/example_mats/hex/p6/gauss-legendre-lobatto/m132.txt
Running data/example_mats/hex/p6/gauss-legendre-lobatto/m132.txt
Finished running in 100.63583333333332ms
Generating and Compiling data/example_mats/hex/p6/gauss-legendre-lobatto/m460.txt
Running data/example_mats/hex/p6/gauss-legendre-lobatto/m460.txt
Finished running in 89.50219999999999ms
Generating and Compiling data/example_mats/hex/p6/gauss-legendre/m0.txt
Running data/example_mats/hex/p6/gauss-legendre/m0.txt
Finished running in 19.638266666666667ms
Generating and Compiling data/example_mats/hex/p6/gauss-legendre/m3.txt
Running data/example_mats/hex/p6/gauss-legendre/m3.txt
Finished running in 24.676266666666667ms
Generating and Compiling data/example_mats/hex/p6/gauss-legendre/m6.txt
Running data/example_mats/hex/p6/gauss-legendre/m6.txt
Finished running in 27.070633333333333ms
Generating and Compiling data/example_mats/hex/p6/gauss-legendre/m132.txt
Running data/example_mats/hex/p6/gauss-legendre/m132.txt
Finished running in 111.00039999999998ms
Generating and Compiling data/example_mats/hex/p6/gauss-legendre/m460.txt
Running data/example_mats/hex/p6/gauss-legendre/m460.txt
Finished running in 51.3627ms
Generating and Compiling data/example_mats/quad/p1/gauss-legendre/m0.txt
Running data/example_mats/quad/p1/gauss-legendre/m0.txt
Finished running in 0.1296ms
Generating and Compiling data/example_mats/quad/p1/gauss-legendre/m3.txt
Running data/example_mats/quad/p1/gauss-legendre/m3.txt
Finished running in 0.15316666666666665ms
Generating and Compiling data/example_mats/quad/p1/gauss-legendre/m6.txt
Running data/example_mats/quad/p1/gauss-legendre/m6.txt
Finished running in 0.14886666666666667ms
Generating and Compiling data/example_mats/quad/p1/gauss-legendre/m132.txt
Running data/example_mats/quad/p1/gauss-legendre/m132.txt
Finished running in 0.1508ms
Generating and Compiling data/example_mats/quad/p1/gauss-legendre/m460.txt
Running data/example_mats/quad/p1/gauss-legendre/m460.txt
Finished running in 0.12793333333333334ms
Generating and Compiling data/example_mats/quad/p2/gauss-legendre-lobatto/m0.txt
Running data/example_mats/quad/p2/gauss-legendre-lobatto/m0.txt
Finished running in 0.6995333333333333ms
Generating and Compiling data/example_mats/quad/p2/gauss-legendre-lobatto/m3.txt
Running data/example_mats/quad/p2/gauss-legendre-lobatto/m3.txt
Finished running in 0.2904666666666667ms
Generating and Compiling data/example_mats/quad/p2/gauss-legendre-lobatto/m6.txt
Running data/example_mats/quad/p2/gauss-legendre-lobatto/m6.txt
Finished running in 0.2876333333333333ms
Generating and Compiling data/example_mats/quad/p2/gauss-legendre-lobatto/m132.txt
Running data/example_mats/quad/p2/gauss-legendre-lobatto/m132.txt
Finished running in 0.39366666666666666ms
Generating and Compiling data/example_mats/quad/p2/gauss-legendre-lobatto/m460.txt
Running data/example_mats/quad/p2/gauss-legendre-lobatto/m460.txt
Finished running in 0.31323333333333336ms
Generating and Compiling data/example_mats/quad/p2/gauss-legendre/m0.txt
Running data/example_mats/quad/p2/gauss-legendre/m0.txt
Finished running in 0.2124ms
Generating and Compiling data/example_mats/quad/p2/gauss-legendre/m3.txt
Running data/example_mats/quad/p2/gauss-legendre/m3.txt
Finished running in 0.2881666666666666ms
Generating and Compiling data/example_mats/quad/p2/gauss-legendre/m6.txt
Running data/example_mats/quad/p2/gauss-legendre/m6.txt
Finished running in 0.2877666666666666ms
Generating and Compiling data/example_mats/quad/p2/gauss-legendre/m132.txt
Running data/example_mats/quad/p2/gauss-legendre/m132.txt
Finished running in 0.40186666666666665ms
Generating and Compiling data/example_mats/quad/p2/gauss-legendre/m460.txt
Running data/example_mats/quad/p2/gauss-legendre/m460.txt
Finished running in 0.31029999999999996ms
Generating and Compiling data/example_mats/quad/p3/gauss-legendre-lobatto/m0.txt
Running data/example_mats/quad/p3/gauss-legendre-lobatto/m0.txt
Finished running in 1.0366333333333333ms
Generating and Compiling data/example_mats/quad/p3/gauss-legendre-lobatto/m3.txt
Running data/example_mats/quad/p3/gauss-legendre-lobatto/m3.txt
Finished running in 0.4782ms
Generating and Compiling data/example_mats/quad/p3/gauss-legendre-lobatto/m6.txt
Running data/example_mats/quad/p3/gauss-legendre-lobatto/m6.txt
Finished running in 0.49006666666666665ms
Generating and Compiling data/example_mats/quad/p3/gauss-legendre-lobatto/m132.txt
Running data/example_mats/quad/p3/gauss-legendre-lobatto/m132.txt
Finished running in 1.4340333333333333ms
Generating and Compiling data/example_mats/quad/p3/gauss-legendre-lobatto/m460.txt
Running data/example_mats/quad/p3/gauss-legendre-lobatto/m460.txt
Finished running in 0.6354000000000001ms
Generating and Compiling data/example_mats/quad/p3/gauss-legendre/m0.txt
Running data/example_mats/quad/p3/gauss-legendre/m0.txt
Finished running in 0.34626666666666667ms
Generating and Compiling data/example_mats/quad/p3/gauss-legendre/m3.txt
Running data/example_mats/quad/p3/gauss-legendre/m3.txt
Finished running in 0.4795ms
Generating and Compiling data/example_mats/quad/p3/gauss-legendre/m6.txt
Running data/example_mats/quad/p3/gauss-legendre/m6.txt
Finished running in 0.48236666666666667ms
Generating and Compiling data/example_mats/quad/p3/gauss-legendre/m132.txt
Running data/example_mats/quad/p3/gauss-legendre/m132.txt
Finished running in 1.4586333333333334ms
Generating and Compiling data/example_mats/quad/p3/gauss-legendre/m460.txt
Running data/example_mats/quad/p3/gauss-legendre/m460.txt
Finished running in 0.5926333333333333ms
Generating and Compiling data/example_mats/quad/p4/gauss-legendre-lobatto/m0.txt
Running data/example_mats/quad/p4/gauss-legendre-lobatto/m0.txt
Finished running in 0.3548666666666667ms
Generating and Compiling data/example_mats/quad/p4/gauss-legendre-lobatto/m3.txt
Running data/example_mats/quad/p4/gauss-legendre-lobatto/m3.txt
Finished running in 0.7174666666666667ms
Generating and Compiling data/example_mats/quad/p4/gauss-legendre-lobatto/m6.txt
Running data/example_mats/quad/p4/gauss-legendre-lobatto/m6.txt
Finished running in 0.8072666666666667ms
Generating and Compiling data/example_mats/quad/p4/gauss-legendre-lobatto/m132.txt
Running data/example_mats/quad/p4/gauss-legendre-lobatto/m132.txt
Finished running in 2.417933333333333ms
Generating and Compiling data/example_mats/quad/p4/gauss-legendre-lobatto/m460.txt
Running data/example_mats/quad/p4/gauss-legendre-lobatto/m460.txt
Finished running in 1.5133333333333332ms
Generating and Compiling data/example_mats/quad/p4/gauss-legendre/m0.txt
Running data/example_mats/quad/p4/gauss-legendre/m0.txt
Finished running in 0.7201666666666667ms
Generating and Compiling data/example_mats/quad/p4/gauss-legendre/m3.txt
Running data/example_mats/quad/p4/gauss-legendre/m3.txt
Finished running in 0.7214666666666666ms
Generating and Compiling data/example_mats/quad/p4/gauss-legendre/m6.txt
Running data/example_mats/quad/p4/gauss-legendre/m6.txt
Finished running in 0.8304666666666667ms
Generating and Compiling data/example_mats/quad/p4/gauss-legendre/m132.txt
Running data/example_mats/quad/p4/gauss-legendre/m132.txt
Finished running in 2.514933333333333ms
Generating and Compiling data/example_mats/quad/p4/gauss-legendre/m460.txt
Running data/example_mats/quad/p4/gauss-legendre/m460.txt
Finished running in 1.4411999999999998ms
Generating and Compiling data/example_mats/quad/p5/gauss-legendre-lobatto/m0.txt
Running data/example_mats/quad/p5/gauss-legendre-lobatto/m0.txt
Finished running in 1.2252666666666667ms
Generating and Compiling data/example_mats/quad/p5/gauss-legendre-lobatto/m3.txt
Running data/example_mats/quad/p5/gauss-legendre-lobatto/m3.txt
Finished running in 1.1215666666666666ms
Generating and Compiling data/example_mats/quad/p5/gauss-legendre-lobatto/m6.txt
Running data/example_mats/quad/p5/gauss-legendre-lobatto/m6.txt
Finished running in 1.7504333333333333ms
Generating and Compiling LIBXSMM WARNING: timer is maybe not cycle-accurate!

LIBXSMM_VERSION: m1_amx-1.8.2-7555 (21011843)
APPL_M1/DP    TRY    JIT    STA    COL
   0..13      0      0      0      0 
  14..23      0      0      0      0 
  24..64      1      1      0      0 
Registry and code: 13 MB (gemm=1 nleaks=1)
Uptime: 0.136703 s
LIBXSMM WARNING: timer is maybe not cycle-accurate!
LIBXSMM ERROR (libxsmm_generator_gemm_kernel): ldb needs to be greater than or equal to n (error #90040)!

LIBXSMM_VERSION: m1_amx-1.8.2-7555 (21011843)
APPL_M1/DP    TRY    JIT    STA    COL
   0..13      0      0      0      0 
  14..23      0      0      0      0 
  24..64      1      0      0      0 
Registry and code: 13 MB
Uptime: 0.092737 s
LIBXSMM WARNING: timer is maybe not cycle-accurate!

LIBXSMM_VERSION: m1_amx-1.8.2-7555 (21011843)
APPL_M1/DP    TRY    JIT    STA    COL
   0..13      0      0      0      0 
  14..23      1      1      0      0 
  24..64      0      0      0      0 
Registry and code: 13 MB (gemm=1 nleaks=1)
Uptime: 0.062826 s
LIBXSMM WARNING: timer is maybe not cycle-accurate!
LIBXSMM ERROR (libxsmm_generator_gemm_kernel): ldb needs to be greater than or equal to n (error #90040)!

LIBXSMM_VERSION: m1_amx-1.8.2-7555 (21011843)
APPL_M1/DP    TRY    JIT    STA    COL
   0..13      0      0      0      0 
  14..23      1      0      0      0 
  24..64      0      0      0      0 
Registry and code: 13 MB
Uptime: 0.042948 s
LIBXSMM WARNING: timer is maybe not cycle-accurate!
LIBXSMM ERROR (libxsmm_generator_gemm_kernel): ldb needs to be greater than or equal to n (error #90040)!

LIBXSMM_VERSION: m1_amx-1.8.2-7555 (21011843)
APPL_M1/DP    TRY    JIT    STA    COL
   0..13      0      0      0      0 
  14..23      0      0      0      0 
  24..64      1      0      0      0 
Registry and code: 13 MB
Uptime: 0.062320 s
LIBXSMM WARNING: timer is maybe not cycle-accurate!

LIBXSMM_VERSION: m1_amx-1.8.2-7555 (21011843)
APPL_M1/DP    TRY    JIT    STA    COL
   0..13      0      0      0      0 
  14..23      0      0      0      0 
  24..64      1      1      0      0 
Registry and code: 13 MB (gemm=1 nleaks=1)
Uptime: 0.144884 s
LIBXSMM WARNING: timer is maybe not cycle-accurate!
LIBXSMM ERROR (libxsmm_generator_gemm_kernel): ldb needs to be greater than or equal to n (error #90040)!

LIBXSMM_VERSION: m1_amx-1.8.2-7555 (21011843)
APPL_M1/DP    TRY    JIT    STA    COL
   0..13      0      0      0      0 
  14..23      0      0      0      0 
  24..64      1      0      0      0 
Registry and code: 13 MB
Uptime: 0.088065 s
LIBXSMM WARNING: timer is maybe not cycle-accurate!

LIBXSMM_VERSION: m1_amx-1.8.2-7555 (21011843)
APPL_M1/DP    TRY    JIT    STA    COL
   0..13      0      0      0      0 
  14..23      1      1      0      0 
  24..64      0      0      0      0 
Registry and code: 13 MB (gemm=1 nleaks=1)
Uptime: 0.044299 s
LIBXSMM WARNING: timer is maybe not cycle-accurate!
LIBXSMM ERROR (libxsmm_generator_gemm_kernel): ldb needs to be greater than or equal to n (error #90040)!

LIBXSMM_VERSION: m1_amx-1.8.2-7555 (21011843)
APPL_M1/DP    TRY    JIT    STA    COL
   0..13      0      0      0      0 
  14..23      1      0      0      0 
  24..64      0      0      0      0 
Registry and code: 13 MB
Uptime: 0.059334 s
LIBXSMM WARNING: timer is maybe not cycle-accurate!
LIBXSMM ERROR (libxsmm_generator_gemm_kernel): ldb needs to be greater than or equal to n (error #90040)!

LIBXSMM_VERSION: m1_amx-1.8.2-7555 (21011843)
APPL_M1/DP    TRY    JIT    STA    COL
   0..13      0      0      0      0 
  14..23      0      0      0      0 
  24..64      1      0      0      0 
Registry and code: 13 MB
Uptime: 0.089851 s
LIBXSMM WARNING: timer is maybe not cycle-accurate!

LIBXSMM_VERSION: m1_amx-1.8.2-7555 (21011843)
APPL_M1/DP    TRY    JIT    STA    COL
   0..13      0      0      0      0 
  14..23      0      0      0      0 
  24..64      1      1      0      0 
Registry and code: 13 MB (gemm=1 nleaks=1)
Uptime: 0.207699 s
LIBXSMM WARNING: timer is maybe not cycle-accurate!
LIBXSMM ERROR (libxsmm_generator_gemm_kernel): ldb needs to be greater than or equal to n (error #90040)!

LIBXSMM_VERSION: m1_amx-1.8.2-7555 (21011843)
APPL_M1/DP    TRY    JIT    STA    COL
   0..13      0      0      0      0 
  14..23      0      0      0      0 
  24..64      1      0      0      0 
Registry and code: 13 MB
Uptime: 0.138383 s
LIBXSMM WARNING: timer is maybe not cycle-accurate!

LIBXSMM_VERSION: m1_amx-1.8.2-7555 (21011843)
APPL_M1/DP    TRY    JIT    STA    COL
   0..13      0      0      0      0 
  14..23      1      1      0      0 
  24..64      0      0      0      0 
Registry and code: 13 MB (gemm=1 nleaks=1)
Uptime: 0.075720 s
LIBXSMM WARNING: timer is maybe not cycle-accurate!
LIBXSMM ERROR (libxsmm_generator_gemm_kernel): ldb needs to be greater than or equal to n (error #90040)!

LIBXSMM_VERSION: m1_amx-1.8.2-7555 (21011843)
APPL_M1/DP    TRY    JIT    STA    COL
   0..13      0      0      0      0 
  14..23      1      0      0      0 
  24..64      0      0      0      0 
Registry and code: 13 MB
Uptime: 0.059493 s
LIBXSMM WARNING: timer is maybe not cycle-accurate!
LIBXSMM ERROR (libxsmm_generator_gemm_kernel): ldb needs to be greater than or equal to n (error #90040)!

LIBXSMM_VERSION: m1_amx-1.8.2-7555 (21011843)
APPL_M1/DP    TRY    JIT    STA    COL
   0..13      0      0      0      0 
  14..23      0      0      0      0 
  24..64      1      0      0      0 
Registry and code: 13 MB
Uptime: 0.089947 s
LIBXSMM WARNING: timer is maybe not cycle-accurate!

LIBXSMM_VERSION: m1_amx-1.8.2-7555 (21011843)
APPL_M1/DP    TRY    JIT    STA    COL
   0..13      0      0      0      0 
  14..23      0      0      0      0 
  24..64      1      1      0      0 
Registry and code: 13 MB (gemm=1 nleaks=1)
Uptime: 0.215746 s
LIBXSMM WARNING: timer is maybe not cycle-accurate!
LIBXSMM ERROR (libxsmm_generator_gemm_kernel): ldb needs to be greater than or equal to n (error #90040)!

LIBXSMM_VERSION: m1_amx-1.8.2-7555 (21011843)
APPL_M1/DP    TRY    JIT    STA    COL
   0..13      0      0      0      0 
  14..23      0      0      0      0 
  24..64      1      0      0      0 
Registry and code: 13 MB
Uptime: 0.124518 s
LIBXSMM WARNING: timer is maybe not cycle-accurate!
LIBXSMM ERROR (libxsmm_generator_gemm_kernel): ldb needs to be greater than or equal to n (error #90040)!

LIBXSMM_VERSION: m1_amx-1.8.2-7555 (21011843)
APPL_M1/DP    TRY    JIT    STA    COL
   0..13      1      0      0      0 
  14..23      0      0      0      0 
  24..64      0      0      0      0 
Registry and code: 13 MB
Uptime: 0.025912 s
LIBXSMM WARNING: timer is maybe not cycle-accurate!

LIBXSMM_VERSION: m1_amx-1.8.2-7555 (21011843)
APPL_M1/DP    TRY    JIT    STA    COL
   0..13      1      1      0      0 
  14..23      0      0      0      0 
  24..64      0      0      0      0 
Registry and code: 13 MB (gemm=1 nleaks=1)
Uptime: 0.011884 s
LIBXSMM WARNING: timer is maybe not cycle-accurate!

LIBXSMM_VERSION: m1_amx-1.8.2-7555 (21011843)
APPL_M1/DP    TRY    JIT    STA    COL
   0..13      1      1      0      0 
  14..23      0      0      0      0 
  24..64      0      0      0      0 
Registry and code: 13 MB (gemm=1 nleaks=1)
Uptime: 0.015398 s
LIBXSMM WARNING: timer is maybe not cycle-accurate!

LIBXSMM_VERSION: m1_amx-1.8.2-7555 (21011843)
APPL_M1/DP    TRY    JIT    STA    COL
   0..13      1      1      0      0 
  14..23      0      0      0      0 
  24..64      0      0      0      0 
Registry and code: 13 MB (gemm=1 nleaks=1)
Uptime: 0.012130 s
LIBXSMM WARNING: timer is maybe not cycle-accurate!
LIBXSMM ERROR (libxsmm_generator_gemm_kernel): ldb needs to be greater than or equal to n (error #90040)!

LIBXSMM_VERSION: m1_amx-1.8.2-7555 (21011843)
APPL_M1/DP    TRY    JIT    STA    COL
   0..13      1      0      0      0 
  14..23      0      0      0      0 
  24..64      0      0      0      0 
Registry and code: 13 MB
Uptime: 0.007413 s
LIBXSMM WARNING: timer is maybe not cycle-accurate!
LIBXSMM ERROR (libxsmm_generator_gemm_kernel): ldb needs to be greater than or equal to n (error #90040)!

LIBXSMM_VERSION: m1_amx-1.8.2-7555 (21011843)
APPL_M1/DP    TRY    JIT    STA    COL
   0..13      1      0      0      0 
  14..23      0      0      0      0 
  24..64      0      0      0      0 
Registry and code: 13 MB
Uptime: 0.032318 s
LIBXSMM WARNING: timer is maybe not cycle-accurate!

LIBXSMM_VERSION: m1_amx-1.8.2-7555 (21011843)
APPL_M1/DP    TRY    JIT    STA    COL
   0..13      1      1      0      0 
  14..23      0      0      0      0 
  24..64      0      0      0      0 
Registry and code: 13 MB (gemm=1 nleaks=1)
Uptime: 0.052646 s
LIBXSMM WARNING: timer is maybe not cycle-accurate!
LIBXSMM ERROR (libxsmm_generator_gemm_kernel): ldb needs to be greater than or equal to n (error #90040)!

LIBXSMM_VERSION: m1_amx-1.8.2-7555 (21011843)
APPL_M1/DP    TRY    JIT    STA    COL
   0..13      0      0      0      0 
  14..23      1      0      0      0 
  24..64      0      0      0      0 
Registry and code: 13 MB
Uptime: 0.055731 s
LIBXSMM WARNING: timer is maybe not cycle-accurate!

LIBXSMM_VERSION: m1_amx-1.8.2-7555 (21011843)
APPL_M1/DP    TRY    JIT    STA    COL
   0..13      0      0      0      0 
  14..23      1      1      0      0 
  24..64      0      0      0      0 
Registry and code: 13 MB (gemm=1 nleaks=1)
Uptime: 0.071074 s
LIBXSMM WARNING: timer is maybe not cycle-accurate!
LIBXSMM ERROR (libxsmm_generator_gemm_kernel): ldb needs to be greater than or equal to n (error #90040)!

LIBXSMM_VERSION: m1_amx-1.8.2-7555 (21011843)
APPL_M1/DP    TRY    JIT    STA    COL
   0..13      0      0      0      0 
  14..23      1      0      0      0 
  24..64      0      0      0      0 
Registry and code: 13 MB
Uptime: 0.034607 s
LIBXSMM WARNING: timer is maybe not cycle-accurate!
LIBXSMM ERROR (libxsmm_generator_gemm_kernel): ldb needs to be greater than or equal to n (error #90040)!

LIBXSMM_VERSION: m1_amx-1.8.2-7555 (21011843)
APPL_M1/DP    TRY    JIT    STA    COL
   0..13      0      0      0      0 
  14..23      1      0      0      0 
  24..64      0      0      0      0 
Registry and code: 13 MB
Uptime: 0.133298 s
LIBXSMM WARNING: timer is maybe not cycle-accurate!

LIBXSMM_VERSION: m1_amx-1.8.2-7555 (21011843)
APPL_M1/DP    TRY    JIT    STA    COL
   0..13      0      0      0      0 
  14..23      1      1      0      0 
  24..64      0      0      0      0 
Registry and code: 13 MB (gemm=1 nleaks=1)
Uptime: 0.142717 s
LIBXSMM WARNING: timer is maybe not cycle-accurate!
LIBXSMM ERROR (libxsmm_generator_gemm_kernel): ldb needs to be greater than or equal to n (error #90040)!

LIBXSMM_VERSION: m1_amx-1.8.2-7555 (21011843)
APPL_M1/DP    TRY    JIT    STA    COL
   0..13      0      0      0      0 
  14..23      0      0      0      0 
  24..64      1      0      0      0 
Registry and code: 13 MB
Uptime: 0.229013 s
LIBXSMM WARNING: timer is maybe not cycle-accurate!

LIBXSMM_VERSION: m1_amx-1.8.2-7555 (21011843)
APPL_M1/DP    TRY    JIT    STA    COL
   0..13      0      0      0      0 
  14..23      1      1      0      0 
  24..64      0      0      0      0 
Registry and code: 13 MB (gemm=1 nleaks=1)
Uptime: 0.216710 s
LIBXSMM WARNING: timer is maybe not cycle-accurate!
LIBXSMM ERROR (libxsmm_generator_gemm_kernel): ldb needs to be greater than or equal to n (error #90040)!

LIBXSMM_VERSION: m1_amx-1.8.2-7555 (21011843)
APPL_M1/DP    TRY    JIT    STA    COL
   0..13      0      0      0      0 
  14..23      1      0      0      0 
  24..64      0      0      0      0 
Registry and code: 13 MB
Uptime: 0.153224 s
LIBXSMM WARNING: timer is maybe not cycle-accurate!
LIBXSMM ERROR (libxsmm_generator_gemm_kernel): ldb needs to be greater than or equal to n (error #90040)!

LIBXSMM_VERSION: m1_amx-1.8.2-7555 (21011843)
APPL_M1/DP    TRY    JIT    STA    COL
   0..13      0      0      0      0 
  14..23      0      0      0      0 
  24..64      1      0      0      0 
Registry and code: 13 MB
Uptime: 0.292029 s
LIBXSMM WARNING: timer is maybe not cycle-accurate!

LIBXSMM_VERSION: m1_amx-1.8.2-7555 (21011843)
APPL_M1/DP    TRY    JIT    STA    COL
   0..13      0      0      0      0 
  14..23      0      0      0      0 
  24..64      1      1      0      0 
Registry and code: 13 MB (gemm=1 nleaks=1)
Uptime: 0.324498 s
LIBXSMM WARNING: timer is maybe not cycle-accurate!
LIBXSMM ERROR (libxsmm_generator_gemm_kernel): ldb needs to be greater than or equal to n (error #90040)!

LIBXSMM_VERSION: m1_amx-1.8.2-7555 (21011843)
APPL_M1/DP    TRY    JIT    STA    COL
   0..13      0      0      0      0 
  14..23      0      0      0      0 
  24..64      1      0      0      0 
Registry and code: 13 MB
Uptime: 0.427453 s
LIBXSMM WARNING: timer is maybe not cycle-accurate!

LIBXSMM_VERSION: m1_amx-1.8.2-7555 (21011843)
APPL_M1/DP    TRY    JIT    STA    COL
   0..13      0      0      0      0 
  14..23      0      0      0      0 
  24..64      1      1      0      0 
Registry and code: 13 MB (gemm=1 nleaks=1)
Uptime: 0.559664 s
LIBXSMM WARNING: timer is maybe not cycle-accurate!
LIBXSMM ERROR (libxsmm_generator_gemm_kernel): ldb needs to be greater than or equal to n (error #90040)!

LIBXSMM_VERSION: m1_amx-1.8.2-7555 (21011843)
APPL_M1/DP    TRY    JIT    STA    COL
   0..13      0      0      0      0 
  14..23      0      0      0      0 
  24..64      1      0      0      0 
Registry and code: 13 MB
Uptime: 0.557913 s
LIBXSMM WARNING: timer is maybe not cycle-accurate!
LIBXSMM ERROR (libxsmm_generator_gemm_kernel): ldb needs to be greater than or equal to n (error #90040)!

LIBXSMM_VERSION: m1_amx-1.8.2-7555 (21011843)
APPL_M1/DP    TRY    JIT    STA    COL
   0..13      0      0      0      0 
  14..23      0      0      0      0 
  24..64      1      0      0      0 
Registry and code: 13 MB
Uptime: 0.683133 s
LIBXSMM WARNING: timer is maybe not cycle-accurate!

LIBXSMM_VERSION: m1_amx-1.8.2-7555 (21011843)
APPL_M1/DP    TRY    JIT    STA    COL
   0..13      0      0      0      0 
  14..23      0      0      0      0 
  24..64      1      1      0      0 
Registry and code: 13 MB (gemm=1 nleaks=1)
Uptime: 0.673266 s
LIBXSMM WARNING: timer is maybe not cycle-accurate!
LIBXSMM ERROR (libxsmm_generator_gemm_kernel): ldb needs to be greater than or equal to n (error #90040)!

LIBXSMM_VERSION: m1_amx-1.8.2-7555 (21011843)
APPL_M1/DP    TRY    JIT    STA    COL
   0..13      0      0      0      0 
  14..23      0      0      0      0 
  24..64      1      0      0      0 
Registry and code: 13 MB
Uptime: 1.054903 s
LIBXSMM WARNING: timer is maybe not cycle-accurate!
LIBXSMM ERROR (libxsmm_aarch64_instruction_add_data): code generation ran out of buffer capacity (error #90002)!

LIBXSMM_VERSION: m1_amx-1.8.2-7555 (21011843)
APPL_M1/DP    TRY    JIT    STA    COL
   0..13      0      0      0      0 
  14..23      0      0      0      0 
  24..64      1      1      0      0 
Registry and code: 13 MB (gemm=1 nleaks=1)
Uptime: 1.494175 s
LIBXSMM WARNING: timer is maybe not cycle-accurate!
LIBXSMM ERROR (libxsmm_aarch64_instruction_add_data): code generation ran out of buffer capacity (error #90002)!
LIBXSMM ERROR (libxsmm_generator_gemm_kernel): ldb needs to be greater than or equal to n (error #90040)!
LIBXSMM WARNING (libxsmm_dfsspmdm_create): failed to provide a kernel!
Assertion failed: (kernel), function print_kernel_type, file src/benchmark/xsmm_common.h, line 390.
./scripts/bin_benchmark.sh: line 28: 73691 Abort trap: 6           sudo nice -n -20 bin/benchmark_xsmm_custom $1 $2 $4
data/example_mats/quad/p5/gauss-legendre-lobatto/m132.txt
Running data/example_mats/quad/p5/gauss-legendre-lobatto/m132.txt
Finished running in 3.7875666666666663ms
Generating and Compiling data/example_mats/quad/p5/gauss-legendre-lobatto/m460.txt
Running data/example_mats/quad/p5/gauss-legendre-lobatto/m460.txt
Finished running in 2.6131ms
Generating and Compiling data/example_mats/quad/p5/gauss-legendre/m0.txt
Running data/example_mats/quad/p5/gauss-legendre/m0.txt
Finished running in 1.6768333333333334ms
Generating and Compiling data/example_mats/quad/p5/gauss-legendre/m3.txt
Running data/example_mats/quad/p5/gauss-legendre/m3.txt
Finished running in 1.1266ms
Generating and Compiling data/example_mats/quad/p5/gauss-legendre/m6.txt
Running data/example_mats/quad/p5/gauss-legendre/m6.txt
Finished running in 1.7446333333333333ms
Generating and Compiling data/example_mats/quad/p5/gauss-legendre/m132.txt
Running data/example_mats/quad/p5/gauss-legendre/m132.txt
Finished running in 4.050366666666666ms
Generating and Compiling data/example_mats/quad/p5/gauss-legendre/m460.txt
Running data/example_mats/quad/p5/gauss-legendre/m460.txt
Finished running in 2.4663666666666666ms
Generating and Compiling data/example_mats/quad/p6/gauss-legendre-lobatto/m0.txt
Running data/example_mats/quad/p6/gauss-legendre-lobatto/m0.txt
Finished running in 0.9574666666666667ms
Generating and Compiling data/example_mats/quad/p6/gauss-legendre-lobatto/m3.txt
Running data/example_mats/quad/p6/gauss-legendre-lobatto/m3.txt
Finished running in 1.5934ms
Generating and Compiling data/example_mats/quad/p6/gauss-legendre-lobatto/m6.txt
Running data/example_mats/quad/p6/gauss-legendre-lobatto/m6.txt
Finished running in 2.581733333333333ms
Generating and Compiling data/example_mats/quad/p6/gauss-legendre-lobatto/m132.txt
Running data/example_mats/quad/p6/gauss-legendre-lobatto/m132.txt
Finished running in 5.863766666666667ms
Generating and Compiling data/example_mats/quad/p6/gauss-legendre-lobatto/m460.txt
Running data/example_mats/quad/p6/gauss-legendre-lobatto/m460.txt
Finished running in 3.953866666666667ms
Generating and Compiling data/example_mats/quad/p6/gauss-legendre/m0.txt
Running data/example_mats/quad/p6/gauss-legendre/m0.txt
Finished running in 1.9891666666666652ms
Generating and Compiling data/example_mats/quad/p6/gauss-legendre/m3.txt
Running data/example_mats/quad/p6/gauss-legendre/m3.txt
Finished running in 1.6149666666666667ms
Generating and Compiling data/example_mats/quad/p6/gauss-legendre/m6.txt
Running data/example_mats/quad/p6/gauss-legendre/m6.txt
Finished running in 2.5912ms
Generating and Compiling data/example_mats/quad/p6/gauss-legendre/m132.txt
Running data/example_mats/quad/p6/gauss-legendre/m132.txt
Finished running in 6.141666666666667ms
Generating and Compiling data/example_mats/quad/p6/gauss-legendre/m460.txt
Running data/example_mats/quad/p6/gauss-legendre/m460.txt
Finished running in 3.480033333333333ms
Generating and Compiling data/example_mats/tet/p1/shunn-ham/m0.txt
Running data/example_mats/tet/p1/shunn-ham/m0.txt
Finished running in 0.21559999999999999ms
Generating and Compiling data/example_mats/tet/p1/shunn-ham/m3.txt
Running data/example_mats/tet/p1/shunn-ham/m3.txt
Finished running in 0.20190000000000002ms
Generating and Compiling data/example_mats/tet/p1/shunn-ham/m6.txt
Running data/example_mats/tet/p1/shunn-ham/m6.txt
Finished running in 0.31930000000000003ms
Generating and Compiling data/example_mats/tet/p1/shunn-ham/m132.txt
Running data/example_mats/tet/p1/shunn-ham/m132.txt
Finished running in 0.2211ms
Generating and Compiling data/example_mats/tet/p1/shunn-ham/m460.txt
Running data/example_mats/tet/p1/shunn-ham/m460.txt
Finished running in 0.13013333333333332ms
Generating and Compiling data/example_mats/tet/p2/shunn-ham/m0.txt
Running data/example_mats/tet/p2/shunn-ham/m0.txt
Finished running in 0.8867333333333334ms
Generating and Compiling data/example_mats/tet/p2/shunn-ham/m3.txt
Running data/example_mats/tet/p2/shunn-ham/m3.txt
Finished running in 1.4089333333333334ms
Generating and Compiling data/example_mats/tet/p2/shunn-ham/m6.txt
Running data/example_mats/tet/p2/shunn-ham/m6.txt
Finished running in 1.5497ms
Generating and Compiling data/example_mats/tet/p2/shunn-ham/m132.txt
Running data/example_mats/tet/p2/shunn-ham/m132.txt
Finished running in 1.9577333333333333ms
Generating and Compiling data/example_mats/tet/p2/shunn-ham/m460.txt
Running data/example_mats/tet/p2/shunn-ham/m460.txt
Finished running in 0.9676333333333333ms
Generating and Compiling data/example_mats/tet/p3/shunn-ham/m0.txt
Running data/example_mats/tet/p3/shunn-ham/m0.txt
Finished running in 4.0614ms
Generating and Compiling data/example_mats/tet/p3/shunn-ham/m3.txt
Running data/example_mats/tet/p3/shunn-ham/m3.txt
Finished running in 4.107ms
Generating and Compiling data/example_mats/tet/p3/shunn-ham/m6.txt
Running data/example_mats/tet/p3/shunn-ham/m6.txt
Finished running in 7.0889999999999995ms
Generating and Compiling data/example_mats/tet/p3/shunn-ham/m132.txt
Running data/example_mats/tet/p3/shunn-ham/m132.txt
Finished running in 6.342266666666666ms
Generating and Compiling data/example_mats/tet/p3/shunn-ham/m460.txt
Running data/example_mats/tet/p3/shunn-ham/m460.txt
Finished running in 4.450333333333333ms
Generating and Compiling data/example_mats/tet/p4/shunn-ham/m0.txt
Running data/example_mats/tet/p4/shunn-ham/m0.txt
Finished running in 8.7311ms
Generating and Compiling data/example_mats/tet/p4/shunn-ham/m3.txt
Running data/example_mats/tet/p4/shunn-ham/m3.txt
Finished running in 9.665566666666667ms
Generating and Compiling data/example_mats/tet/p4/shunn-ham/m6.txt
Running data/example_mats/tet/p4/shunn-ham/m6.txt
Finished running in 12.756400000000001ms
Generating and Compiling data/example_mats/tet/p4/shunn-ham/m132.txt
Running data/example_mats/tet/p4/shunn-ham/m132.txt
Finished running in 15.979566666666667ms
Generating and Compiling data/example_mats/tet/p4/shunn-ham/m460.txt
Running data/example_mats/tet/p4/shunn-ham/m460.txt
Finished running in 14.998866666666666ms
Generating and Compiling data/example_mats/tet/p5/shunn-ham/m0.txt
Running data/example_mats/tet/p5/shunn-ham/m0.txt
Finished running in 19.284133333333333ms
Generating and Compiling data/example_mats/tet/p5/shunn-ham/m3.txt
Running data/example_mats/tet/p5/shunn-ham/m3.txt
Finished running in 20.190733333333334ms
Generating and Compiling data/example_mats/tet/p5/shunn-ham/m6.txt
Running data/example_mats/tet/p5/shunn-ham/m6.txt
Finished running in 28.764499999999998ms
Generating and Compiling data/example_mats/tet/p5/shunn-ham/m132.txt
Running data/example_mats/tet/p5/shunn-ham/m132.txt
Finished running in 43.962333333333326ms
Generating and Compiling data/example_mats/tet/p5/shunn-ham/m460.txt
Running data/example_mats/tet/p5/shunn-ham/m460.txt
Traceback (most recent call last):
  File "src/benchmark/benchmark.py", line 151, in <module>
    best, avg = benchmark_matrix(mat_path, N_WIDTH, test_gimmik)
  File "src/benchmark/benchmark.py", line 106, in benchmark_matrix
    result["speedup_best_over_ref"] = result["xsmm_reference_best"] / result["xsmm_custom_best"]
KeyError: 'xsmm_custom_best'
