
LIBXSMM_VERSION: master-1.16.1-1572 (25183780)
LIBXSMM_TARGET: skx
Registry and code: 13 MB
Uptime: 1.539426 s

LIBXSMM_VERSION: master-1.16.1-1572 (25183780)
LIBXSMM_TARGET: skx
Registry and code: 13 MB
Uptime: 1.424256 s

LIBXSMM_VERSION: master-1.16.1-1572 (25183780)
LIBXSMM_TARGET: skx
Registry and code: 13 MB
Uptime: 1.455953 s

LIBXSMM_VERSION: master-1.16.1-1572 (25183780)
LIBXSMM_TARGET: skx
Registry and code: 13 MB
Uptime: 1.384735 s

LIBXSMM_VERSION: master-1.16.1-1572 (25183780)
LIBXSMM_TARGET: skx
Registry and code: 13 MB
Uptime: 1.555026 s

LIBXSMM_VERSION: master-1.16.1-1572 (25183780)
LIBXSMM_TARGET: skx
Registry and code: 13 MB
Uptime: 1.508546 s

LIBXSMM_VERSION: master-1.16.1-1572 (25183780)
LIBXSMM_TARGET: skx
Registry and code: 13 MB
Uptime: 1.582032 s

LIBXSMM_VERSION: master-1.16.1-1572 (25183780)
LIBXSMM_TARGET: skx
Registry and code: 13 MB
Uptime: 1.627328 s

LIBXSMM_VERSION: master-1.16.1-1572 (25183780)
LIBXSMM_TARGET: skx
Registry and code: 13 MB
Uptime: 1.579010 s

LIBXSMM_VERSION: master-1.16.1-1572 (25183780)
LIBXSMM_TARGET: skx
Registry and code: 13 MB
Uptime: 1.553480 s

LIBXSMM_VERSION: master-1.16.1-1572 (25183780)
LIBXSMM_TARGET: skx
Registry and code: 13 MB
Uptime: 1.534340 s

LIBXSMM_VERSION: master-1.16.1-1572 (25183780)
LIBXSMM_TARGET: skx
Registry and code: 13 MB
Uptime: 1.581833 s

LIBXSMM_VERSION: master-1.16.1-1572 (25183780)
LIBXSMM_TARGET: skx
Registry and code: 13 MB
Uptime: 1.625291 s

LIBXSMM_VERSION: master-1.16.1-1572 (25183780)
LIBXSMM_TARGET: skx
Registry and code: 13 MB
Uptime: 1.579324 s

LIBXSMM_VERSION: master-1.16.1-1572 (25183780)
LIBXSMM_TARGET: skx
Registry and code: 13 MB
Uptime: 1.548500 s

LIBXSMM_VERSION: master-1.16.1-1572 (25183780)
LIBXSMM_TARGET: skx
Registry and code: 13 MB
Uptime: 1.604326 s

LIBXSMM_VERSION: master-1.16.1-1572 (25183780)
LIBXSMM_TARGET: skx
Registry and code: 13 MB
Uptime: 1.595356 s

LIBXSMM_VERSION: master-1.16.1-1572 (25183780)
LIBXSMM_TARGET: skx
Registry and code: 13 MB
Uptime: 1.607543 s

LIBXSMM_VERSION: master-1.16.1-1572 (25183780)
LIBXSMM_TARGET: skx
Registry and code: 13 MB
Uptime: 1.621921 s

LIBXSMM_VERSION: master-1.16.1-1572 (25183780)
LIBXSMM_TARGET: skx
Registry and code: 13 MB
Uptime: 1.632250 s

LIBXSMM_VERSION: master-1.16.1-1572 (25183780)
LIBXSMM_TARGET: skx
Registry and code: 13 MB
Uptime: 1.622386 s

LIBXSMM_VERSION: master-1.16.1-1572 (25183780)
LIBXSMM_TARGET: skx
Registry and code: 13 MB
Uptime: 1.627002 s

LIBXSMM_VERSION: master-1.16.1-1572 (25183780)
LIBXSMM_TARGET: skx
Registry and code: 13 MB
Uptime: 1.606273 s

LIBXSMM_VERSION: master-1.16.1-1572 (25183780)
LIBXSMM_TARGET: skx
Registry and code: 13 MB
Uptime: 1.598267 s

LIBXSMM_VERSION: master-1.16.1-1572 (25183780)
LIBXSMM_TARGET: skx
Registry and code: 13 MB
Uptime: 1.661714 s

LIBXSMM_VERSION: master-1.16.1-1572 (25183780)
LIBXSMM_TARGET: skx
Registry and code: 13 MB
Uptime: 1.564455 s

LIBXSMM_VERSION: master-1.16.1-1572 (25183780)
LIBXSMM_TARGET: skx
Registry and code: 13 MB
Uptime: 1.609706 s

LIBXSMM_VERSION: master-1.16.1-1572 (25183780)
LIBXSMM_TARGET: skx
Registry and code: 13 MB
Uptime: 1.655093 s

LIBXSMM_VERSION: master-1.16.1-1572 (25183780)
LIBXSMM_TARGET: skx
Registry and code: 13 MB
Uptime: 1.703411 s

LIBXSMM_VERSION: master-1.16.1-1572 (25183780)
LIBXSMM_TARGET: skx
Registry and code: 13 MB
Uptime: 1.692821 s

LIBXSMM_VERSION: master-1.16.1-1572 (25183780)
LIBXSMM_TARGET: skx
Registry and code: 13 MB
Uptime: 1.626068 s

LIBXSMM_VERSION: master-1.16.1-1572 (25183780)
LIBXSMM_TARGET: skx
Registry and code: 13 MB
Uptime: 1.632532 s

LIBXSMM_VERSION: master-1.16.1-1572 (25183780)
LIBXSMM_TARGET: skx
Registry and code: 13 MB
Uptime: 1.626708 s

LIBXSMM_VERSION: master-1.16.1-1572 (25183780)
LIBXSMM_TARGET: skx
Registry and code: 13 MB
Uptime: 1.713765 s

LIBXSMM_VERSION: master-1.16.1-1572 (25183780)
LIBXSMM_TARGET: skx
Registry and code: 13 MB
Uptime: 1.724374 s

LIBXSMM_VERSION: master-1.16.1-1572 (25183780)
LIBXSMM_TARGET: skx
Registry and code: 13 MB
Uptime: 1.567894 s

LIBXSMM_VERSION: master-1.16.1-1572 (25183780)
LIBXSMM_TARGET: skx
Registry and code: 13 MB
Uptime: 1.680593 s

LIBXSMM_VERSION: master-1.16.1-1572 (25183780)
LIBXSMM_TARGET: skx
Registry and code: 13 MB
Uptime: 1.707706 s

LIBXSMM_VERSION: master-1.16.1-1572 (25183780)
LIBXSMM_TARGET: skx
Registry and code: 13 MB
Uptime: 1.864552 s

LIBXSMM_VERSION: master-1.16.1-1572 (25183780)
LIBXSMM_TARGET: skx
Registry and code: 13 MB
Uptime: 1.765125 s

LIBXSMM_VERSION: master-1.16.1-1572 (25183780)
LIBXSMM_TARGET: skx
Registry and code: 13 MB
Uptime: 1.953045 s

LIBXSMM_VERSION: master-1.16.1-1572 (25183780)
LIBXSMM_TARGET: skx
Registry and code: 13 MB
Uptime: 1.705861 s

LIBXSMM_VERSION: master-1.16.1-1572 (25183780)
LIBXSMM_TARGET: skx
Registry and code: 13 MB
Uptime: 1.681677 s

LIBXSMM_VERSION: master-1.16.1-1572 (25183780)
LIBXSMM_TARGET: skx
Registry and code: 13 MB
Uptime: 1.908070 s

LIBXSMM_VERSION: master-1.16.1-1572 (25183780)
LIBXSMM_TARGET: skx
Registry and code: 13 MB
Uptime: 1.776157 s

LIBXSMM_VERSION: master-1.16.1-1572 (25183780)
LIBXSMM_TARGET: skx
Registry and code: 13 MB
Uptime: 1.571121 s

LIBXSMM_VERSION: master-1.16.1-1572 (25183780)
LIBXSMM_TARGET: skx
Registry and code: 13 MB
Uptime: 1.644544 s

LIBXSMM_VERSION: master-1.16.1-1572 (25183780)
LIBXSMM_TARGET: skx
Registry and code: 13 MB
Uptime: 1.723655 s
Generating and Compiling data/example_mats/hex/p1/gauss-legendre/m0.txt
Running data/example_mats/hex/p1/gauss-legendre/m0.txt
Finished running in 260.436ms
Generating and Compiling data/example_mats/hex/p1/gauss-legendre/m3.txt
Running data/example_mats/hex/p1/gauss-legendre/m3.txt
Finished running in 156.90800000000002ms
Generating and Compiling data/example_mats/hex/p1/gauss-legendre/m6.txt
Running data/example_mats/hex/p1/gauss-legendre/m6.txt
Finished running in 188.84ms
Generating and Compiling data/example_mats/hex/p1/gauss-legendre/m132.txt
Running data/example_mats/hex/p1/gauss-legendre/m132.txt
Finished running in 157.18499999999995ms
Generating and Compiling data/example_mats/hex/p1/gauss-legendre/m460.txt
Running data/example_mats/hex/p1/gauss-legendre/m460.txt
Finished running in 254.995ms
Generating and Compiling data/example_mats/hex/p2/gauss-legendre-lobatto/m0.txt
Running data/example_mats/hex/p2/gauss-legendre-lobatto/m0.txt
Finished running in 238.855ms
Generating and Compiling data/example_mats/hex/p2/gauss-legendre-lobatto/m3.txt
Running data/example_mats/hex/p2/gauss-legendre-lobatto/m3.txt
Finished running in 348.267ms
Generating and Compiling data/example_mats/hex/p2/gauss-legendre-lobatto/m6.txt
Running data/example_mats/hex/p2/gauss-legendre-lobatto/m6.txt
Finished running in 340.836ms
Generating and Compiling data/example_mats/hex/p2/gauss-legendre-lobatto/m132.txt
Running data/example_mats/hex/p2/gauss-legendre-lobatto/m132.txt
Finished running in 350.837ms
Generating and Compiling data/example_mats/hex/p2/gauss-legendre-lobatto/m460.txt
Running data/example_mats/hex/p2/gauss-legendre-lobatto/m460.txt
Finished running in 274.77200000000005ms
Generating and Compiling data/example_mats/hex/p2/gauss-legendre/m0.txt
Running data/example_mats/hex/p2/gauss-legendre/m0.txt
Finished running in 260.06ms
Generating and Compiling data/example_mats/hex/p2/gauss-legendre/m3.txt
Running data/example_mats/hex/p2/gauss-legendre/m3.txt
Finished running in 347.996ms
Generating and Compiling data/example_mats/hex/p2/gauss-legendre/m6.txt
Running data/example_mats/hex/p2/gauss-legendre/m6.txt
Finished running in 340.826ms
Generating and Compiling data/example_mats/hex/p2/gauss-legendre/m132.txt
Running data/example_mats/hex/p2/gauss-legendre/m132.txt
Finished running in 351.556ms
Generating and Compiling data/example_mats/hex/p2/gauss-legendre/m460.txt
Running data/example_mats/hex/p2/gauss-legendre/m460.txt
Finished running in 274.274ms
Generating and Compiling data/example_mats/hex/p3/gauss-legendre-lobatto/m0.txt
Running data/example_mats/hex/p3/gauss-legendre-lobatto/m0.txt
Finished running in 321.295ms
Generating and Compiling data/example_mats/hex/p3/gauss-legendre-lobatto/m3.txt
Running data/example_mats/hex/p3/gauss-legendre-lobatto/m3.txt
Finished running in 353.837ms
Generating and Compiling data/example_mats/hex/p3/gauss-legendre-lobatto/m6.txt
Running data/example_mats/hex/p3/gauss-legendre-lobatto/m6.txt
Finished running in 341.103ms
Generating and Compiling data/example_mats/hex/p3/gauss-legendre-lobatto/m132.txt
Running data/example_mats/hex/p3/gauss-legendre-lobatto/m132.txt
Finished running in 361.323ms
Generating and Compiling data/example_mats/hex/p3/gauss-legendre-lobatto/m460.txt
Running data/example_mats/hex/p3/gauss-legendre-lobatto/m460.txt
Finished running in 360.528ms
Generating and Compiling data/example_mats/hex/p3/gauss-legendre/m0.txt
Running data/example_mats/hex/p3/gauss-legendre/m0.txt
Finished running in 367.826ms
Generating and Compiling data/example_mats/hex/p3/gauss-legendre/m3.txt
Running data/example_mats/hex/p3/gauss-legendre/m3.txt
Finished running in 357.572ms
Generating and Compiling data/example_mats/hex/p3/gauss-legendre/m6.txt
Running data/example_mats/hex/p3/gauss-legendre/m6.txt
Finished running in 343.675ms
Generating and Compiling data/example_mats/hex/p3/gauss-legendre/m132.txt
Running data/example_mats/hex/p3/gauss-legendre/m132.txt
Finished running in 365.044ms
Generating and Compiling data/example_mats/hex/p3/gauss-legendre/m460.txt
Running data/example_mats/hex/p3/gauss-legendre/m460.txt
Finished running in 357.074ms
Generating and Compiling data/example_mats/hex/p4/gauss-legendre-lobatto/m0.txt
Running data/example_mats/hex/p4/gauss-legendre-lobatto/m0.txt
Finished running in 301.336ms
Generating and Compiling data/example_mats/hex/p4/gauss-legendre-lobatto/m3.txt
Running data/example_mats/hex/p4/gauss-legendre-lobatto/m3.txt
Finished running in 360.498ms
Generating and Compiling data/example_mats/hex/p4/gauss-legendre-lobatto/m6.txt
Running data/example_mats/hex/p4/gauss-legendre-lobatto/m6.txt
Finished running in 339.169ms
Generating and Compiling data/example_mats/hex/p4/gauss-legendre-lobatto/m132.txt
Running data/example_mats/hex/p4/gauss-legendre-lobatto/m132.txt
Finished running in 454.878ms
Generating and Compiling data/example_mats/hex/p4/gauss-legendre-lobatto/m460.txt
Running data/example_mats/hex/p4/gauss-legendre-lobatto/m460.txt
Finished running in 391.429ms
Generating and Compiling data/example_mats/hex/p4/gauss-legendre/m0.txt
Running data/example_mats/hex/p4/gauss-legendre/m0.txt
Finished running in 360.355ms
Generating and Compiling data/example_mats/hex/p4/gauss-legendre/m3.txt
Running data/example_mats/hex/p4/gauss-legendre/m3.txt
Finished running in 363.72299999999996ms
Generating and Compiling data/example_mats/hex/p4/gauss-legendre/m6.txt
Running data/example_mats/hex/p4/gauss-legendre/m6.txt
Finished running in 336.57ms
Generating and Compiling data/example_mats/hex/p4/gauss-legendre/m132.txt
Running data/example_mats/hex/p4/gauss-legendre/m132.txt
Finished running in 462.808ms
Generating and Compiling data/example_mats/hex/p4/gauss-legendre/m460.txt
Running data/example_mats/hex/p4/gauss-legendre/m460.txt
Finished running in 392.192ms
Generating and Compiling data/example_mats/hex/p5/gauss-legendre-lobatto/m0.txt
Running data/example_mats/hex/p5/gauss-legendre-lobatto/m0.txt
Finished running in 296.39200000000005ms
Generating and Compiling data/example_mats/hex/p5/gauss-legendre-lobatto/m3.txt
Running data/example_mats/hex/p5/gauss-legendre-lobatto/m3.txt
Finished running in 408.677ms
Generating and Compiling data/example_mats/hex/p5/gauss-legendre-lobatto/m6.txt
Running data/example_mats/hex/p5/gauss-legendre-lobatto/m6.txt
Finished running in 351.037ms
Generating and Compiling data/example_mats/hex/p5/gauss-legendre-lobatto/m132.txt
Running data/example_mats/hex/p5/gauss-legendre-lobatto/m132.txt
Finished running in 557.078ms
Generating and Compiling data/example_mats/hex/p5/gauss-legendre-lobatto/m460.txt
Running data/example_mats/hex/p5/gauss-legendre-lobatto/m460.txt
Finished running in 443.119ms
Generating and Compiling data/example_mats/hex/p5/gauss-legendre/m0.txt
Running data/example_mats/hex/p5/gauss-legendre/m0.txt
Finished running in 671.294ms
Generating and Compiling data/example_mats/hex/p5/gauss-legendre/m3.txt
Running data/example_mats/hex/p5/gauss-legendre/m3.txt
Finished running in 408.34400000000005ms
Generating and Compiling data/example_mats/hex/p5/gauss-legendre/m6.txt
Running data/example_mats/hex/p5/gauss-legendre/m6.txt
Finished running in 351.345ms
Generating and Compiling data/example_mats/hex/p5/gauss-legendre/m132.txt
Running data/example_mats/hex/p5/gauss-legendre/m132.txt
Finished running in 618.986ms
Generating and Compiling data/example_mats/hex/p5/gauss-legendre/m460.txt
Running data/example_mats/hex/p5/gauss-legendre/m460.txt
Finished running in 457.77099999999996ms
Generating and Compiling data/example_mats/hex/p6/gauss-legendre-lobatto/m0.txt
Running data/example_mats/hex/p6/gauss-legendre-lobatto/m0.txt
Finished running in 268.124ms
Generating and Compiling data/example_mats/hex/p6/gauss-legendre-lobatto/m3.txt
Running data/example_mats/hex/p6/gauss-legendre-lobatto/m3.txt
Finished running in 355.91200000000003ms
Generating and Compiling data/example_mats/hex/p6/gauss-legendre-lobatto/m6.txt
Running data/example_mats/hex/p6/gauss-legendre-lobatto/m6.txt
Finished running in 362.19399999999996ms
Generating and Compiling data/example_mats/hex/p6/gauss-legendre-lobatto/m132.txt
Running data/example_mats/hex/p6/gauss-legendre-lobatto/m132.txt
LIBXSMM_VERSION: master-1.16.1-1572 (25183780)
LIBXSMM_TARGET: skx
Registry and code: 13 MB
Uptime: 1.786792 s

LIBXSMM_VERSION: master-1.16.1-1572 (25183780)
LIBXSMM_TARGET: skx
Registry and code: 13 MB
Uptime: 1.811338 s

LIBXSMM_VERSION: master-1.16.1-1572 (25183780)
LIBXSMM_TARGET: skx
Registry and code: 13 MB
Uptime: 1.677005 s

LIBXSMM_VERSION: master-1.16.1-1572 (25183780)
LIBXSMM_TARGET: skx
Registry and code: 13 MB
Uptime: 1.642611 s

LIBXSMM_VERSION: master-1.16.1-1572 (25183780)
LIBXSMM_TARGET: skx
Registry and code: 13 MB
Uptime: 1.748750 s

LIBXSMM_VERSION: master-1.16.1-1572 (25183780)
LIBXSMM_TARGET: skx
Registry and code: 13 MB
Uptime: 1.802636 s

LIBXSMM_VERSION: master-1.16.1-1572 (25183780)
LIBXSMM_TARGET: skx
Registry and code: 13 MB
Uptime: 1.804490 s

LIBXSMM_VERSION: master-1.16.1-1572 (25183780)
LIBXSMM_TARGET: skx
Registry and code: 13 MB
Uptime: 1.525855 s

LIBXSMM_VERSION: master-1.16.1-1572 (25183780)
LIBXSMM_TARGET: skx
Registry and code: 13 MB
Uptime: 1.416702 s

LIBXSMM_VERSION: master-1.16.1-1572 (25183780)
LIBXSMM_TARGET: skx
Registry and code: 13 MB
Uptime: 1.476518 s

LIBXSMM_VERSION: master-1.16.1-1572 (25183780)
LIBXSMM_TARGET: skx
Registry and code: 13 MB
Uptime: 1.405431 s

LIBXSMM_VERSION: master-1.16.1-1572 (25183780)
LIBXSMM_TARGET: skx
Registry and code: 13 MB
Uptime: 1.494670 s

LIBXSMM_VERSION: master-1.16.1-1572 (25183780)
LIBXSMM_TARGET: skx
Registry and code: 13 MB
Uptime: 1.475734 s

LIBXSMM_VERSION: master-1.16.1-1572 (25183780)
LIBXSMM_TARGET: skx
Registry and code: 13 MB
Uptime: 1.423453 s

LIBXSMM_VERSION: master-1.16.1-1572 (25183780)
LIBXSMM_TARGET: skx
Registry and code: 13 MB
Uptime: 1.520660 s

LIBXSMM_VERSION: master-1.16.1-1572 (25183780)
LIBXSMM_TARGET: skx
Registry and code: 13 MB
Uptime: 1.404479 s

LIBXSMM_VERSION: master-1.16.1-1572 (25183780)
LIBXSMM_TARGET: skx
Registry and code: 13 MB
Uptime: 1.509716 s

LIBXSMM_VERSION: master-1.16.1-1572 (25183780)
LIBXSMM_TARGET: skx
Registry and code: 13 MB
Uptime: 1.505869 s

LIBXSMM_VERSION: master-1.16.1-1572 (25183780)
LIBXSMM_TARGET: skx
Registry and code: 13 MB
Uptime: 1.425263 s

LIBXSMM_VERSION: master-1.16.1-1572 (25183780)
LIBXSMM_TARGET: skx
Registry and code: 13 MB
Uptime: 1.505190 s

LIBXSMM_VERSION: master-1.16.1-1572 (25183780)
LIBXSMM_TARGET: skx
Registry and code: 13 MB
Uptime: 1.401988 s

LIBXSMM_VERSION: master-1.16.1-1572 (25183780)
LIBXSMM_TARGET: skx
Registry and code: 13 MB
Uptime: 1.508752 s

LIBXSMM_VERSION: master-1.16.1-1572 (25183780)
LIBXSMM_TARGET: skx
Registry and code: 13 MB
Uptime: 1.463172 s

LIBXSMM_VERSION: master-1.16.1-1572 (25183780)
LIBXSMM_TARGET: skx
Registry and code: 13 MB
Uptime: 1.450838 s

LIBXSMM_VERSION: master-1.16.1-1572 (25183780)
LIBXSMM_TARGET: skx
Registry and code: 13 MB
Uptime: 1.513486 s

LIBXSMM_VERSION: master-1.16.1-1572 (25183780)
LIBXSMM_TARGET: skx
Registry and code: 13 MB
Uptime: 1.417250 s

LIBXSMM_VERSION: master-1.16.1-1572 (25183780)
LIBXSMM_TARGET: skx
Registry and code: 13 MB
Uptime: 1.519152 s

LIBXSMM_VERSION: master-1.16.1-1572 (25183780)
LIBXSMM_TARGET: skx
Registry and code: 13 MB
Uptime: 1.483361 s

LIBXSMM_VERSION: master-1.16.1-1572 (25183780)
LIBXSMM_TARGET: skx
Registry and code: 13 MB
Uptime: 1.453356 s

LIBXSMM_VERSION: master-1.16.1-1572 (25183780)
LIBXSMM_TARGET: skx
Registry and code: 13 MB
Uptime: 1.510017 s

LIBXSMM_VERSION: master-1.16.1-1572 (25183780)
LIBXSMM_TARGET: skx
Registry and code: 13 MB
Uptime: 1.419558 s

LIBXSMM_VERSION: master-1.16.1-1572 (25183780)
LIBXSMM_TARGET: skx
Registry and code: 13 MB
Uptime: 1.520669 s

LIBXSMM_VERSION: master-1.16.1-1572 (25183780)
LIBXSMM_TARGET: skx
Registry and code: 13 MB
Uptime: 1.434624 s

LIBXSMM_VERSION: master-1.16.1-1572 (25183780)
LIBXSMM_TARGET: skx
Registry and code: 13 MB
Uptime: 1.473535 s

LIBXSMM_VERSION: master-1.16.1-1572 (25183780)
LIBXSMM_TARGET: skx
Registry and code: 13 MB
Uptime: 1.524472 s

LIBXSMM_VERSION: master-1.16.1-1572 (25183780)
LIBXSMM_TARGET: skx
Registry and code: 13 MB
Uptime: 1.642777 s

LIBXSMM_VERSION: master-1.16.1-1572 (25183780)
LIBXSMM_TARGET: skx
Registry and code: 13 MB
Uptime: 1.568174 s

LIBXSMM_VERSION: master-1.16.1-1572 (25183780)
LIBXSMM_TARGET: skx
Registry and code: 13 MB
Uptime: 1.455548 s

LIBXSMM_VERSION: master-1.16.1-1572 (25183780)
LIBXSMM_TARGET: skx
Registry and code: 13 MB
Uptime: 1.474251 s

LIBXSMM_VERSION: master-1.16.1-1572 (25183780)
LIBXSMM_TARGET: skx
Registry and code: 13 MB
Uptime: 1.522530 s

LIBXSMM_VERSION: master-1.16.1-1572 (25183780)
LIBXSMM_TARGET: skx
Registry and code: 13 MB
Uptime: 1.660712 s

LIBXSMM_VERSION: master-1.16.1-1572 (25183780)
LIBXSMM_TARGET: skx
Registry and code: 13 MB
Uptime: 1.572591 s

LIBXSMM_VERSION: master-1.16.1-1572 (25183780)
LIBXSMM_TARGET: skx
Registry and code: 13 MB
Uptime: 1.394535 s

LIBXSMM_VERSION: master-1.16.1-1572 (25183780)
LIBXSMM_TARGET: skx
Registry and code: 13 MB
Uptime: 1.545441 s

LIBXSMM_VERSION: master-1.16.1-1572 (25183780)
LIBXSMM_TARGET: skx
Registry and code: 13 MB
Uptime: 1.540596 s

LIBXSMM_VERSION: master-1.16.1-1572 (25183780)
LIBXSMM_TARGET: skx
Registry and code: 13 MB
Uptime: 1.604979 s

LIBXSMM_VERSION: master-1.16.1-1572 (25183780)
LIBXSMM_TARGET: skx
Registry and code: 13 MB
Uptime: 1.560854 s

LIBXSMM_VERSION: master-1.16.1-1572 (25183780)
LIBXSMM_TARGET: skx
Registry and code: 13 MB
Uptime: 1.511334 s

LIBXSMM_VERSION: master-1.16.1-1572 (25183780)
LIBXSMM_TARGET: skx
Registry and code: 13 MB
Uptime: 1.556010 s

Finished running in 416.40200000000004ms
Generating and Compiling data/example_mats/hex/p6/gauss-legendre-lobatto/m460.txt
Running data/example_mats/hex/p6/gauss-legendre-lobatto/m460.txt
Finished running in 420.37800000000004ms
Generating and Compiling data/example_mats/hex/p6/gauss-legendre/m0.txt
Running data/example_mats/hex/p6/gauss-legendre/m0.txt
Finished running in 382.678ms
Generating and Compiling data/example_mats/hex/p6/gauss-legendre/m3.txt
Running data/example_mats/hex/p6/gauss-legendre/m3.txt
Finished running in 356.50199999999995ms
Generating and Compiling data/example_mats/hex/p6/gauss-legendre/m6.txt
Running data/example_mats/hex/p6/gauss-legendre/m6.txt
Finished running in 373.585ms
Generating and Compiling data/example_mats/hex/p6/gauss-legendre/m132.txt
Running data/example_mats/hex/p6/gauss-legendre/m132.txt
Finished running in 424.836ms
Generating and Compiling data/example_mats/hex/p6/gauss-legendre/m460.txt
Running data/example_mats/hex/p6/gauss-legendre/m460.txt
Finished running in 429.451ms
Generating and Compiling data/example_mats/quad/p1/gauss-legendre/m0.txt
Running data/example_mats/quad/p1/gauss-legendre/m0.txt
Finished running in 235.112ms
Generating and Compiling data/example_mats/quad/p1/gauss-legendre/m3.txt
Running data/example_mats/quad/p1/gauss-legendre/m3.txt
Finished running in 170.81ms
Generating and Compiling data/example_mats/quad/p1/gauss-legendre/m6.txt
Running data/example_mats/quad/p1/gauss-legendre/m6.txt
Finished running in 183.504ms
Generating and Compiling data/example_mats/quad/p1/gauss-legendre/m132.txt
Running data/example_mats/quad/p1/gauss-legendre/m132.txt
Finished running in 172.627ms
Generating and Compiling data/example_mats/quad/p1/gauss-legendre/m460.txt
Running data/example_mats/quad/p1/gauss-legendre/m460.txt
Finished running in 235.02700000000004ms
Generating and Compiling data/example_mats/quad/p2/gauss-legendre-lobatto/m0.txt
Running data/example_mats/quad/p2/gauss-legendre-lobatto/m0.txt
Finished running in 207.347ms
Generating and Compiling data/example_mats/quad/p2/gauss-legendre-lobatto/m3.txt
Running data/example_mats/quad/p2/gauss-legendre-lobatto/m3.txt
Finished running in 183.594ms
Generating and Compiling data/example_mats/quad/p2/gauss-legendre-lobatto/m6.txt
Running data/example_mats/quad/p2/gauss-legendre-lobatto/m6.txt
Finished running in 226.388ms
Generating and Compiling data/example_mats/quad/p2/gauss-legendre-lobatto/m132.txt
Running data/example_mats/quad/p2/gauss-legendre-lobatto/m132.txt
Finished running in 162.536ms
Generating and Compiling data/example_mats/quad/p2/gauss-legendre-lobatto/m460.txt
Running data/example_mats/quad/p2/gauss-legendre-lobatto/m460.txt
Finished running in 232.09ms
Generating and Compiling data/example_mats/quad/p2/gauss-legendre/m0.txt
Running data/example_mats/quad/p2/gauss-legendre/m0.txt
Finished running in 223.63199999999995ms
Generating and Compiling data/example_mats/quad/p2/gauss-legendre/m3.txt
Running data/example_mats/quad/p2/gauss-legendre/m3.txt
Finished running in 172.123ms
Generating and Compiling data/example_mats/quad/p2/gauss-legendre/m6.txt
Running data/example_mats/quad/p2/gauss-legendre/m6.txt
Finished running in 226.622ms
Generating and Compiling data/example_mats/quad/p2/gauss-legendre/m132.txt
Running data/example_mats/quad/p2/gauss-legendre/m132.txt
Finished running in 162.226ms
Generating and Compiling data/example_mats/quad/p2/gauss-legendre/m460.txt
Running data/example_mats/quad/p2/gauss-legendre/m460.txt
Finished running in 233.955ms
Generating and Compiling data/example_mats/quad/p3/gauss-legendre-lobatto/m0.txt
Running data/example_mats/quad/p3/gauss-legendre-lobatto/m0.txt
Finished running in 176.61300000000006ms
Generating and Compiling data/example_mats/quad/p3/gauss-legendre-lobatto/m3.txt
Running data/example_mats/quad/p3/gauss-legendre-lobatto/m3.txt
Finished running in 192.68200000000002ms
Generating and Compiling data/example_mats/quad/p3/gauss-legendre-lobatto/m6.txt
Running data/example_mats/quad/p3/gauss-legendre-lobatto/m6.txt
Finished running in 239.376ms
Generating and Compiling data/example_mats/quad/p3/gauss-legendre-lobatto/m132.txt
Running data/example_mats/quad/p3/gauss-legendre-lobatto/m132.txt
Finished running in 184.091ms
Generating and Compiling data/example_mats/quad/p3/gauss-legendre-lobatto/m460.txt
Running data/example_mats/quad/p3/gauss-legendre-lobatto/m460.txt
Finished running in 248.986ms
Generating and Compiling data/example_mats/quad/p3/gauss-legendre/m0.txt
Running data/example_mats/quad/p3/gauss-legendre/m0.txt
Finished running in 207.72ms
Generating and Compiling data/example_mats/quad/p3/gauss-legendre/m3.txt
Running data/example_mats/quad/p3/gauss-legendre/m3.txt
Finished running in 192.134ms
Generating and Compiling data/example_mats/quad/p3/gauss-legendre/m6.txt
Running data/example_mats/quad/p3/gauss-legendre/m6.txt
Finished running in 239.817ms
Generating and Compiling data/example_mats/quad/p3/gauss-legendre/m132.txt
Running data/example_mats/quad/p3/gauss-legendre/m132.txt
Finished running in 185.063ms
Generating and Compiling data/example_mats/quad/p3/gauss-legendre/m460.txt
Running data/example_mats/quad/p3/gauss-legendre/m460.txt
Finished running in 251.587ms
Generating and Compiling data/example_mats/quad/p4/gauss-legendre-lobatto/m0.txt
Running data/example_mats/quad/p4/gauss-legendre-lobatto/m0.txt
Finished running in 159.90599999999995ms
Generating and Compiling data/example_mats/quad/p4/gauss-legendre-lobatto/m3.txt
Running data/example_mats/quad/p4/gauss-legendre-lobatto/m3.txt
Finished running in 212.02800000000002ms
Generating and Compiling data/example_mats/quad/p4/gauss-legendre-lobatto/m6.txt
Running data/example_mats/quad/p4/gauss-legendre-lobatto/m6.txt
Finished running in 252.785ms
Generating and Compiling data/example_mats/quad/p4/gauss-legendre-lobatto/m132.txt
Running data/example_mats/quad/p4/gauss-legendre-lobatto/m132.txt
Finished running in 281.681ms
Generating and Compiling data/example_mats/quad/p4/gauss-legendre-lobatto/m460.txt
Running data/example_mats/quad/p4/gauss-legendre-lobatto/m460.txt
Finished running in 301.462ms
Generating and Compiling data/example_mats/quad/p4/gauss-legendre/m0.txt
Running data/example_mats/quad/p4/gauss-legendre/m0.txt
Finished running in 208.004ms
Generating and Compiling data/example_mats/quad/p4/gauss-legendre/m3.txt
Running data/example_mats/quad/p4/gauss-legendre/m3.txt
Finished running in 215.25099999999998ms
Generating and Compiling data/example_mats/quad/p4/gauss-legendre/m6.txt
Running data/example_mats/quad/p4/gauss-legendre/m6.txt
Finished running in 252.945ms
Generating and Compiling data/example_mats/quad/p4/gauss-legendre/m132.txt
Running data/example_mats/quad/p4/gauss-legendre/m132.txt
Finished running in 282.105ms
Generating and Compiling data/example_mats/quad/p4/gauss-legendre/m460.txt
Running data/example_mats/quad/p4/gauss-legendre/m460.txt
Finished running in 308.473ms
Generating and Compiling data/example_mats/quad/p5/gauss-legendre-lobatto/m0.txt
Running data/example_mats/quad/p5/gauss-legendre-lobatto/m0.txt
Finished running in 152.35500000000002ms
Generating and Compiling data/example_mats/quad/p5/gauss-legendre-lobatto/m3.txt
Running data/example_mats/quad/p5/gauss-legendre-lobatto/m3.txt
Finished running in 251.42899999999997ms
Generating and Compiling data/example_mats/quad/p5/gauss-legendre-lobatto/m6.txt
Running data/example_mats/quad/p5/gauss-legendre-lobatto/m6.txt
Finished running in 265.207ms
Generating and Compiling data/example_mats/quad/p5/gauss-legendre-lobatto/m132.txt
Running data/example_mats/quad/p5/gauss-legendre-lobatto/m132.txt
Finished running in 370.468ms
Generating and Compiling data/example_mats/quad/p5/gauss-legendre-lobatto/m460.txt
Running data/example_mats/quad/p5/gauss-legendre-lobatto/m460.txt
Finished running in 274.894ms
Generating and Compiling data/example_mats/quad/p5/gauss-legendre/m0.txt
Running data/example_mats/quad/p5/gauss-legendre/m0.txt
Finished running in 260.188ms
Generating and Compiling data/example_mats/quad/p5/gauss-legendre/m3.txt
Running data/example_mats/quad/p5/gauss-legendre/m3.txt
Finished running in 260.211ms
Generating and Compiling
LIBXSMM_VERSION: master-1.16.1-1572 (25183780)
LIBXSMM_TARGET: skx
Registry and code: 13 MB
Uptime: 1.542395 s

LIBXSMM_VERSION: master-1.16.1-1572 (25183780)
LIBXSMM_TARGET: skx
Registry and code: 13 MB
Uptime: 1.611606 s

LIBXSMM_VERSION: master-1.16.1-1572 (25183780)
LIBXSMM_TARGET: skx
Registry and code: 13 MB
Uptime: 1.572833 s

LIBXSMM_VERSION: master-1.16.1-1572 (25183780)
LIBXSMM_TARGET: skx
Registry and code: 13 MB
Uptime: 1.374615 s

LIBXSMM_VERSION: master-1.16.1-1572 (25183780)
LIBXSMM_TARGET: skx
Registry and code: 13 MB
Uptime: 1.512908 s

LIBXSMM_VERSION: master-1.16.1-1572 (25183780)
LIBXSMM_TARGET: skx
Registry and code: 13 MB
Uptime: 1.572979 s

LIBXSMM_VERSION: master-1.16.1-1572 (25183780)
LIBXSMM_TARGET: skx
Registry and code: 13 MB
Uptime: 1.641184 s

LIBXSMM_VERSION: master-1.16.1-1572 (25183780)
LIBXSMM_TARGET: skx
Registry and code: 13 MB
Uptime: 1.625376 s

LIBXSMM_VERSION: master-1.16.1-1572 (25183780)
LIBXSMM_TARGET: skx
Registry and code: 13 MB
Uptime: 1.628034 s

LIBXSMM_VERSION: master-1.16.1-1572 (25183780)
LIBXSMM_TARGET: skx
Registry and code: 13 MB
Uptime: 1.516796 s

LIBXSMM_VERSION: master-1.16.1-1572 (25183780)
LIBXSMM_TARGET: skx
Registry and code: 13 MB
Uptime: 1.557006 s

LIBXSMM_VERSION: master-1.16.1-1572 (25183780)
LIBXSMM_TARGET: skx
Registry and code: 13 MB
Uptime: 1.648936 s

LIBXSMM_VERSION: master-1.16.1-1572 (25183780)
LIBXSMM_TARGET: skx
Registry and code: 13 MB
Uptime: 1.621734 s

LIBXSMM_VERSION: master-1.16.1-1572 (25183780)
LIBXSMM_TARGET: skx
Registry and code: 13 MB
Uptime: 1.578332 s

LIBXSMM_VERSION: master-1.16.1-1572 (25183780)
LIBXSMM_TARGET: skx
Registry and code: 13 MB
Uptime: 1.395863 s

LIBXSMM_VERSION: master-1.16.1-1572 (25183780)
LIBXSMM_TARGET: skx
Registry and code: 13 MB
Uptime: 1.460272 s

LIBXSMM_VERSION: master-1.16.1-1572 (25183780)
LIBXSMM_TARGET: skx
Registry and code: 13 MB
Uptime: 1.427263 s

LIBXSMM_VERSION: master-1.16.1-1572 (25183780)
LIBXSMM_TARGET: skx
Registry and code: 13 MB
Uptime: 1.421771 s

LIBXSMM_VERSION: master-1.16.1-1572 (25183780)
LIBXSMM_TARGET: skx
Registry and code: 13 MB
Uptime: 1.599853 s

LIBXSMM_VERSION: master-1.16.1-1572 (25183780)
LIBXSMM_TARGET: skx
Registry and code: 13 MB
Uptime: 1.511258 s

LIBXSMM_VERSION: master-1.16.1-1572 (25183780)
LIBXSMM_TARGET: skx
Registry and code: 13 MB
Uptime: 1.518107 s

LIBXSMM_VERSION: master-1.16.1-1572 (25183780)
LIBXSMM_TARGET: skx
Registry and code: 13 MB
Uptime: 1.567308 s

LIBXSMM_VERSION: master-1.16.1-1572 (25183780)
LIBXSMM_TARGET: skx
Registry and code: 13 MB
Uptime: 1.572489 s

LIBXSMM_VERSION: master-1.16.1-1572 (25183780)
LIBXSMM_TARGET: skx
Registry and code: 13 MB
Uptime: 1.849957 s

LIBXSMM_VERSION: master-1.16.1-1572 (25183780)
LIBXSMM_TARGET: skx
Registry and code: 13 MB
Uptime: 2.006329 s

LIBXSMM_VERSION: master-1.16.1-1572 (25183780)
LIBXSMM_TARGET: skx
Registry and code: 13 MB
Uptime: 1.850556 s

LIBXSMM_VERSION: master-1.16.1-1572 (25183780)
LIBXSMM_TARGET: skx
Registry and code: 13 MB
Uptime: 1.927201 s

LIBXSMM_VERSION: master-1.16.1-1572 (25183780)
LIBXSMM_TARGET: skx
Registry and code: 13 MB
Uptime: 1.698695 s

LIBXSMM_VERSION: master-1.16.1-1572 (25183780)
LIBXSMM_TARGET: skx
Registry and code: 13 MB
Uptime: 1.922904 s

LIBXSMM_VERSION: master-1.16.1-1572 (25183780)
LIBXSMM_TARGET: skx
Registry and code: 13 MB
Uptime: 2.028744 s

LIBXSMM_VERSION: master-1.16.1-1572 (25183780)
LIBXSMM_TARGET: skx
Registry and code: 13 MB
Uptime: 1.859678 s

LIBXSMM_VERSION: master-1.16.1-1572 (25183780)
LIBXSMM_TARGET: skx
Registry and code: 13 MB
Uptime: 2.370850 s

LIBXSMM_VERSION: master-1.16.1-1572 (25183780)
LIBXSMM_TARGET: skx
Registry and code: 13 MB
Uptime: 2.003091 s

LIBXSMM_VERSION: master-1.16.1-1572 (25183780)
LIBXSMM_TARGET: skx
Registry and code: 13 MB
Uptime: 2.397097 s

LIBXSMM_VERSION: master-1.16.1-1572 (25183780)
LIBXSMM_TARGET: skx
Registry and code: 13 MB
Uptime: 2.668159 s

LIBXSMM_VERSION: master-1.16.1-1572 (25183780)
LIBXSMM_TARGET: skx
Registry and code: 13 MB
Uptime: 2.147011 s

LIBXSMM_VERSION: master-1.16.1-1572 (25183780)
LIBXSMM_TARGET: skx
Registry and code: 13 MB
Uptime: 3.106977 s

LIBXSMM_VERSION: master-1.16.1-1572 (25183780)
LIBXSMM_TARGET: skx
Registry and code: 13 MB
Uptime: 2.624793 s

LIBXSMM_VERSION: master-1.16.1-1572 (25183780)
LIBXSMM_TARGET: skx
Registry and code: 13 MB
Uptime: 3.391740 s

LIBXSMM_VERSION: master-1.16.1-1572 (25183780)
LIBXSMM_TARGET: skx
Registry and code: 13 MB
Uptime: 3.476027 s

LIBXSMM_VERSION: master-1.16.1-1572 (25183780)
LIBXSMM_TARGET: skx
Registry and code: 13 MB
Uptime: 2.628338 s

LIBXSMM_VERSION: master-1.16.1-1572 (25183780)
LIBXSMM_TARGET: skx
Registry and code: 13 MB
Uptime: 4.218150 s

LIBXSMM_VERSION: master-1.16.1-1572 (25183780)
LIBXSMM_TARGET: skx
Registry and code: 13 MB
Uptime: 3.866460 s

LIBXSMM_VERSION: master-1.16.1-1572 (25183780)
LIBXSMM_TARGET: skx
Registry and code: 13 MB
Uptime: 1.513087 s

LIBXSMM_VERSION: master-1.16.1-1572 (25183780)
LIBXSMM_TARGET: skx
Registry and code: 13 MB
Uptime: 1.412502 s

LIBXSMM_VERSION: master-1.16.1-1572 (25183780)
LIBXSMM_TARGET: skx
Registry and code: 13 MB
Uptime: 1.458636 s

LIBXSMM_VERSION: master-1.16.1-1572 (25183780)
LIBXSMM_TARGET: skx
Registry and code: 13 MB
Uptime: 1.429334 s

LIBXSMM_VERSION: master-1.16.1-1572 (25183780)
LIBXSMM_TARGET: skx
Registry and code: 13 MB
Uptime: 1.438101 s

LIBXSMM_VERSION: master-1.16.1-1572 (25183780)
LIBXSMM_TARGET: skx
Registry and code: 13 MB
Uptime: 1.501856 s

LIBXSMM_VERSION: master-1.16.1-1572 (25183780)
LIBXSMM_TARGET: skx
Registry and code: 13 MB
Uptime: 1.453520 s

LIBXSMM_VERSION: master-1.16.1-1572 (25183780)
LIBXSMM_TARGET: skx
Registry and code: 13 MB
Uptime: 1.488990 s

LIBXSMM_VERSION: master-1.16.1-1572 (25183780)
LIBXSMM_TARGET: skx
Registry and code: 13 MB
Uptime: 1.459520 s
 data/example_mats/quad/p5/gauss-legendre/m6.txt
Running data/example_mats/quad/p5/gauss-legendre/m6.txt
Finished running in 265.313ms
Generating and Compiling data/example_mats/quad/p5/gauss-legendre/m132.txt
Running data/example_mats/quad/p5/gauss-legendre/m132.txt
Finished running in 375.12ms
Generating and Compiling data/example_mats/quad/p5/gauss-legendre/m460.txt
Running data/example_mats/quad/p5/gauss-legendre/m460.txt
Finished running in 287.51ms
Generating and Compiling data/example_mats/quad/p6/gauss-legendre-lobatto/m0.txt
Running data/example_mats/quad/p6/gauss-legendre-lobatto/m0.txt
Finished running in 132.565ms
Generating and Compiling data/example_mats/quad/p6/gauss-legendre-lobatto/m3.txt
Running data/example_mats/quad/p6/gauss-legendre-lobatto/m3.txt
Finished running in 250.87599999999998ms
Generating and Compiling data/example_mats/quad/p6/gauss-legendre-lobatto/m6.txt
Running data/example_mats/quad/p6/gauss-legendre-lobatto/m6.txt
Finished running in 281.206ms
Generating and Compiling data/example_mats/quad/p6/gauss-legendre-lobatto/m132.txt
Running data/example_mats/quad/p6/gauss-legendre-lobatto/m132.txt
Finished running in 396.293ms
Generating and Compiling data/example_mats/quad/p6/gauss-legendre-lobatto/m460.txt
Running data/example_mats/quad/p6/gauss-legendre-lobatto/m460.txt
Finished running in 359.983ms
Generating and Compiling data/example_mats/quad/p6/gauss-legendre/m0.txt
Running data/example_mats/quad/p6/gauss-legendre/m0.txt
Finished running in 375.095ms
Generating and Compiling data/example_mats/quad/p6/gauss-legendre/m3.txt
Running data/example_mats/quad/p6/gauss-legendre/m3.txt
Finished running in 250.76ms
Generating and Compiling data/example_mats/quad/p6/gauss-legendre/m6.txt
Running data/example_mats/quad/p6/gauss-legendre/m6.txt
Finished running in 272.999ms
Generating and Compiling data/example_mats/quad/p6/gauss-legendre/m132.txt
Running data/example_mats/quad/p6/gauss-legendre/m132.txt
Finished running in 297.11ms
Generating and Compiling data/example_mats/quad/p6/gauss-legendre/m460.txt
Running data/example_mats/quad/p6/gauss-legendre/m460.txt
Finished running in 344.51ms
Generating and Compiling data/example_mats/tet/p1/shunn-ham/m0.txt
Running data/example_mats/tet/p1/shunn-ham/m0.txt
Finished running in 267.718ms
Generating and Compiling data/example_mats/tet/p1/shunn-ham/m3.txt
Running data/example_mats/tet/p1/shunn-ham/m3.txt
Finished running in 161.696ms
Generating and Compiling data/example_mats/tet/p1/shunn-ham/m6.txt
Running data/example_mats/tet/p1/shunn-ham/m6.txt
Finished running in 201.375ms
Generating and Compiling data/example_mats/tet/p1/shunn-ham/m132.txt
Running data/example_mats/tet/p1/shunn-ham/m132.txt
Finished running in 155.607ms
Generating and Compiling data/example_mats/tet/p1/shunn-ham/m460.txt
Running data/example_mats/tet/p1/shunn-ham/m460.txt
Finished running in 138.251ms
Generating and Compiling data/example_mats/tet/p2/shunn-ham/m0.txt
Running data/example_mats/tet/p2/shunn-ham/m0.txt
Finished running in 283.832ms
Generating and Compiling data/example_mats/tet/p2/shunn-ham/m3.txt
Running data/example_mats/tet/p2/shunn-ham/m3.txt
Finished running in 207.57600000000002ms
Generating and Compiling data/example_mats/tet/p2/shunn-ham/m6.txt
Running data/example_mats/tet/p2/shunn-ham/m6.txt
Finished running in 256.68ms
Generating and Compiling data/example_mats/tet/p2/shunn-ham/m132.txt
Running data/example_mats/tet/p2/shunn-ham/m132.txt
Finished running in 208.024ms
Generating and Compiling data/example_mats/tet/p2/shunn-ham/m460.txt
Running data/example_mats/tet/p2/shunn-ham/m460.txt
Finished running in 308.57500000000005ms
Generating and Compiling data/example_mats/tet/p3/shunn-ham/m0.txt
Running data/example_mats/tet/p3/shunn-ham/m0.txt
Finished running in 413.15200000000004ms
Generating and Compiling data/example_mats/tet/p3/shunn-ham/m3.txt
Running data/example_mats/tet/p3/shunn-ham/m3.txt
Finished running in 731.8009999999999ms
Generating and Compiling data/example_mats/tet/p3/shunn-ham/m6.txt
Running data/example_mats/tet/p3/shunn-ham/m6.txt
Finished running in 592.575ms
Generating and Compiling data/example_mats/tet/p3/shunn-ham/m132.txt
Running data/example_mats/tet/p3/shunn-ham/m132.txt
Finished running in 689.2370000000001ms
Generating and Compiling data/example_mats/tet/p3/shunn-ham/m460.txt
Running data/example_mats/tet/p3/shunn-ham/m460.txt
Finished running in 328.50300000000004ms
Generating and Compiling data/example_mats/tet/p4/shunn-ham/m0.txt
Running data/example_mats/tet/p4/shunn-ham/m0.txt
Finished running in 643.429ms
Generating and Compiling data/example_mats/tet/p4/shunn-ham/m3.txt
Running data/example_mats/tet/p4/shunn-ham/m3.txt
Finished running in 748.006ms
Generating and Compiling data/example_mats/tet/p4/shunn-ham/m6.txt
Running data/example_mats/tet/p4/shunn-ham/m6.txt
Finished running in 414.929ms
Generating and Compiling data/example_mats/tet/p4/shunn-ham/m132.txt
Running data/example_mats/tet/p4/shunn-ham/m132.txt
Finished running in 1043.403ms
Generating and Compiling data/example_mats/tet/p4/shunn-ham/m460.txt
Running data/example_mats/tet/p4/shunn-ham/m460.txt
Finished running in 476.339ms
Generating and Compiling data/example_mats/tet/p5/shunn-ham/m0.txt
Running data/example_mats/tet/p5/shunn-ham/m0.txt
Finished running in 940.377ms
Generating and Compiling data/example_mats/tet/p5/shunn-ham/m3.txt
Running data/example_mats/tet/p5/shunn-ham/m3.txt
Finished running in 1095.877ms
Generating and Compiling data/example_mats/tet/p5/shunn-ham/m6.txt
Running data/example_mats/tet/p5/shunn-ham/m6.txt
Finished running in 874.669ms
Generating and Compiling data/example_mats/tet/p5/shunn-ham/m132.txt
Running data/example_mats/tet/p5/shunn-ham/m132.txt
Finished running in 1306.0349999999999ms
Generating and Compiling data/example_mats/tet/p5/shunn-ham/m460.txt
Running data/example_mats/tet/p5/shunn-ham/m460.txt
Finished running in 854.26ms
Generating and Compiling data/example_mats/tet/p6/shunn-ham/m0.txt
Running data/example_mats/tet/p6/shunn-ham/m0.txt
Finished running in 1079.665ms
Generating and Compiling data/example_mats/tet/p6/shunn-ham/m3.txt
Running data/example_mats/tet/p6/shunn-ham/m3.txt
Finished running in 1164.1399999999999ms
Generating and Compiling data/example_mats/tet/p6/shunn-ham/m6.txt
Running data/example_mats/tet/p6/shunn-ham/m6.txt
Finished running in 1186.339ms
Generating and Compiling data/example_mats/tet/p6/shunn-ham/m132.txt
Running data/example_mats/tet/p6/shunn-ham/m132.txt
Finished running in 1424.114ms
Generating and Compiling data/example_mats/tet/p6/shunn-ham/m460.txt
Running data/example_mats/tet/p6/shunn-ham/m460.txt
Finished running in 1023.684ms
Generating and Compiling data/example_mats/tri/p1/williams-shunn/m0.txt
Running data/example_mats/tri/p1/williams-shunn/m0.txt
Finished running in 243.66899999999998ms
Generating and Compiling data/example_mats/tri/p1/williams-shunn/m3.txt
Running data/example_mats/tri/p1/williams-shunn/m3.txt
Finished running in 170.54ms
Generating and Compiling data/example_mats/tri/p1/williams-shunn/m6.txt
Running data/example_mats/tri/p1/williams-shunn/m6.txt
Finished running in 202.743ms
Generating and Compiling data/example_mats/tri/p1/williams-shunn/m132.txt
Running data/example_mats/tri/p1/williams-shunn/m132.txt
Finished running in 164.031ms
Generating and Compiling data/example_mats/tri/p1/williams-shunn/m460.txt
Running data/example_mats/tri/p1/williams-shunn/m460.txt
Finished running in 161.11ms
Generating and Compiling data/example_mats/tri/p2/williams-shunn/m0.txt
Running data/example_mats/tri/p2/williams-shunn/m0.txt
Finished running in 232.844ms
Generating and Compiling data/example_mats/tri/p2/williams-shunn/m3.txt
Running data/example_mats/tri/p2/williams-shunn/m3.txt
Finished running in 204.815ms
Generating and Compiling data/example_mats/tri/p2/williams-shunn/m6.txt
Running data/example_mats/tri/p2/williams-shunn/m6.txt
Finished running in 221.85299999999995ms
Generating and Compiling data/example_mats/tri/p2/williams-shunn/m132.txt
Running data/example_mats/tri/p2/williams-shunn/m132.txt
Finished running in 184.044ms
Generating and Compiling data/example_mats/tri/p2/williams-shunn/m460.txt
LIBXSMM_VERSION: master-1.16.1-1572 (25183780)
LIBXSMM_TARGET: skx
Registry and code: 13 MB
Uptime: 1.525477 s

LIBXSMM_VERSION: master-1.16.1-1572 (25183780)
LIBXSMM_TARGET: skx
Registry and code: 13 MB
Uptime: 1.487917 s

LIBXSMM_VERSION: master-1.16.1-1572 (25183780)
LIBXSMM_TARGET: skx
Registry and code: 13 MB
Uptime: 1.512359 s

LIBXSMM_VERSION: master-1.16.1-1572 (25183780)
LIBXSMM_TARGET: skx
Registry and code: 13 MB
Uptime: 1.511827 s

LIBXSMM_VERSION: master-1.16.1-1572 (25183780)
LIBXSMM_TARGET: skx
Registry and code: 13 MB
Uptime: 1.586051 s

LIBXSMM_VERSION: master-1.16.1-1572 (25183780)
LIBXSMM_TARGET: skx
Registry and code: 13 MB
Uptime: 1.559863 s

LIBXSMM_VERSION: master-1.16.1-1572 (25183780)
LIBXSMM_TARGET: skx
Registry and code: 13 MB
Uptime: 1.591316 s

LIBXSMM_VERSION: master-1.16.1-1572 (25183780)
LIBXSMM_TARGET: skx
Registry and code: 13 MB
Uptime: 1.614971 s

LIBXSMM_VERSION: master-1.16.1-1572 (25183780)
LIBXSMM_TARGET: skx
Registry and code: 13 MB
Uptime: 1.545711 s

LIBXSMM_VERSION: master-1.16.1-1572 (25183780)
LIBXSMM_TARGET: skx
Registry and code: 13 MB
Uptime: 1.556536 s

LIBXSMM_VERSION: master-1.16.1-1572 (25183780)
LIBXSMM_TARGET: skx
Registry and code: 13 MB
Uptime: 1.620601 s

LIBXSMM_VERSION: master-1.16.1-1572 (25183780)
LIBXSMM_TARGET: skx
Registry and code: 13 MB
Uptime: 1.560854 s

LIBXSMM_VERSION: master-1.16.1-1572 (25183780)
LIBXSMM_TARGET: skx
Registry and code: 13 MB
Uptime: 1.570537 s

LIBXSMM_VERSION: master-1.16.1-1572 (25183780)
LIBXSMM_TARGET: skx
Registry and code: 13 MB
Uptime: 1.666172 s

LIBXSMM_VERSION: master-1.16.1-1572 (25183780)
LIBXSMM_TARGET: skx
Registry and code: 13 MB
Uptime: 1.672200 s

LIBXSMM_VERSION: master-1.16.1-1572 (25183780)
LIBXSMM_TARGET: skx
Registry and code: 13 MB
Uptime: 1.690677 s

LIBXSMM_VERSION: master-1.16.1-1572 (25183780)
LIBXSMM_TARGET: skx
Registry and code: 13 MB
Uptime: 1.778965 s

LIBXSMM_VERSION: master-1.16.1-1572 (25183780)
LIBXSMM_TARGET: skx
Registry and code: 13 MB
Uptime: 1.698613 s

LIBXSMM_VERSION: master-1.16.1-1572 (25183780)
LIBXSMM_TARGET: skx
Registry and code: 13 MB
Uptime: 1.620711 s

LIBXSMM_VERSION: master-1.16.1-1572 (25183780)
LIBXSMM_TARGET: skx
Registry and code: 13 MB
Uptime: 1.907257 s

LIBXSMM_VERSION: master-1.16.1-1572 (25183780)
LIBXSMM_TARGET: skx
Registry and code: 13 MB
Uptime: 1.881475 s

Running data/example_mats/tri/p2/williams-shunn/m460.txt
Finished running in 253.622ms
Generating and Compiling data/example_mats/tri/p3/williams-shunn/m0.txt
Running data/example_mats/tri/p3/williams-shunn/m0.txt
Finished running in 238.07399999999996ms
Generating and Compiling data/example_mats/tri/p3/williams-shunn/m3.txt
Running data/example_mats/tri/p3/williams-shunn/m3.txt
Finished running in 220.566ms
Generating and Compiling data/example_mats/tri/p3/williams-shunn/m6.txt
Running data/example_mats/tri/p3/williams-shunn/m6.txt
Finished running in 248.238ms
Generating and Compiling data/example_mats/tri/p3/williams-shunn/m132.txt
Running data/example_mats/tri/p3/williams-shunn/m132.txt
Finished running in 183.668ms
Generating and Compiling data/example_mats/tri/p3/williams-shunn/m460.txt
Running data/example_mats/tri/p3/williams-shunn/m460.txt
Finished running in 254.77599999999995ms
Generating and Compiling data/example_mats/tri/p4/williams-shunn/m0.txt
Running data/example_mats/tri/p4/williams-shunn/m0.txt
Finished running in 240.995ms
Generating and Compiling data/example_mats/tri/p4/williams-shunn/m3.txt
Running data/example_mats/tri/p4/williams-shunn/m3.txt
Finished running in 237.53ms
Generating and Compiling data/example_mats/tri/p4/williams-shunn/m6.txt
Running data/example_mats/tri/p4/williams-shunn/m6.txt
Finished running in 277.116ms
Generating and Compiling data/example_mats/tri/p4/williams-shunn/m132.txt
Running data/example_mats/tri/p4/williams-shunn/m132.txt
Finished running in 288.77099999999996ms
Generating and Compiling data/example_mats/tri/p4/williams-shunn/m460.txt
Running data/example_mats/tri/p4/williams-shunn/m460.txt
Finished running in 317.704ms
Generating and Compiling data/example_mats/tri/p5/williams-shunn/m0.txt
Running data/example_mats/tri/p5/williams-shunn/m0.txt
Finished running in 233.79ms
Generating and Compiling data/example_mats/tri/p5/williams-shunn/m3.txt
Running data/example_mats/tri/p5/williams-shunn/m3.txt
Finished running in 289.727ms
Generating and Compiling data/example_mats/tri/p5/williams-shunn/m6.txt
Running data/example_mats/tri/p5/williams-shunn/m6.txt
Finished running in 291.528ms
Generating and Compiling data/example_mats/tri/p5/williams-shunn/m132.txt
Running data/example_mats/tri/p5/williams-shunn/m132.txt
Finished running in 424.566ms
Generating and Compiling data/example_mats/tri/p5/williams-shunn/m460.txt
Running data/example_mats/tri/p5/williams-shunn/m460.txt
Finished running in 278.062ms
Generating and Compiling data/example_mats/tri/p6/williams-shunn/m0.txt
Running data/example_mats/tri/p6/williams-shunn/m0.txt
Finished running in 282.946ms
Generating and Compiling data/example_mats/tri/p6/williams-shunn/m3.txt
Running data/example_mats/tri/p6/williams-shunn/m3.txt
Finished running in 279.005ms
Generating and Compiling data/example_mats/tri/p6/williams-shunn/m6.txt
Running data/example_mats/tri/p6/williams-shunn/m6.txt
Finished running in 336.292ms
Generating and Compiling data/example_mats/tri/p6/williams-shunn/m132.txt
Running data/example_mats/tri/p6/williams-shunn/m132.txt
Finished running in 630.048ms
Generating and Compiling data/example_mats/tri/p6/williams-shunn/m460.txt
Running data/example_mats/tri/p6/williams-shunn/m460.txt
Finished running in 351.342ms
