
LIBXSMM_VERSION: master-1.16.1-1572 (25183780)
LIBXSMM_TARGET: skx
Registry and code: 13 MB
Uptime: 1.542853 s

LIBXSMM_VERSION: master-1.16.1-1572 (25183780)
LIBXSMM_TARGET: skx
Registry and code: 13 MB
Uptime: 1.449816 s

LIBXSMM_VERSION: master-1.16.1-1572 (25183780)
LIBXSMM_TARGET: skx
Registry and code: 13 MB
Uptime: 1.444635 s

LIBXSMM_VERSION: master-1.16.1-1572 (25183780)
LIBXSMM_TARGET: skx
Registry and code: 13 MB
Uptime: 1.390532 s

LIBXSMM_VERSION: master-1.16.1-1572 (25183780)
LIBXSMM_TARGET: skx
Registry and code: 13 MB
Uptime: 1.564188 s

LIBXSMM_VERSION: master-1.16.1-1572 (25183780)
LIBXSMM_TARGET: skx
Registry and code: 13 MB
Uptime: 1.508655 s

LIBXSMM_VERSION: master-1.16.1-1572 (25183780)
LIBXSMM_TARGET: skx
Registry and code: 13 MB
Uptime: 1.584420 s

LIBXSMM_VERSION: master-1.16.1-1572 (25183780)
LIBXSMM_TARGET: skx
Registry and code: 13 MB
Uptime: 1.619469 s

LIBXSMM_VERSION: master-1.16.1-1572 (25183780)
LIBXSMM_TARGET: skx
Registry and code: 13 MB
Uptime: 1.578146 s

LIBXSMM_VERSION: master-1.16.1-1572 (25183780)
LIBXSMM_TARGET: skx
Registry and code: 13 MB
Uptime: 1.557928 s

LIBXSMM_VERSION: master-1.16.1-1572 (25183780)
LIBXSMM_TARGET: skx
Registry and code: 13 MB
Uptime: 1.534934 s

LIBXSMM_VERSION: master-1.16.1-1572 (25183780)
LIBXSMM_TARGET: skx
Registry and code: 13 MB
Uptime: 1.585665 s

LIBXSMM_VERSION: master-1.16.1-1572 (25183780)
LIBXSMM_TARGET: skx
Registry and code: 13 MB
Uptime: 1.625991 s

LIBXSMM_VERSION: master-1.16.1-1572 (25183780)
LIBXSMM_TARGET: skx
Registry and code: 13 MB
Uptime: 1.578433 s

LIBXSMM_VERSION: master-1.16.1-1572 (25183780)
LIBXSMM_TARGET: skx
Registry and code: 13 MB
Uptime: 1.552542 s

LIBXSMM_VERSION: master-1.16.1-1572 (25183780)
LIBXSMM_TARGET: skx
Registry and code: 13 MB
Uptime: 1.606026 s

LIBXSMM_VERSION: master-1.16.1-1572 (25183780)
LIBXSMM_TARGET: skx
Registry and code: 13 MB
Uptime: 1.599869 s

LIBXSMM_VERSION: master-1.16.1-1572 (25183780)
LIBXSMM_TARGET: skx
Registry and code: 13 MB
Uptime: 1.607958 s

LIBXSMM_VERSION: master-1.16.1-1572 (25183780)
LIBXSMM_TARGET: skx
Registry and code: 13 MB
Uptime: 1.624864 s

LIBXSMM_VERSION: master-1.16.1-1572 (25183780)
LIBXSMM_TARGET: skx
Registry and code: 13 MB
Uptime: 1.634149 s

LIBXSMM_VERSION: master-1.16.1-1572 (25183780)
LIBXSMM_TARGET: skx
Registry and code: 13 MB
Uptime: 1.622207 s

LIBXSMM_VERSION: master-1.16.1-1572 (25183780)
LIBXSMM_TARGET: skx
Registry and code: 13 MB
Uptime: 1.627225 s

LIBXSMM_VERSION: master-1.16.1-1572 (25183780)
LIBXSMM_TARGET: skx
Registry and code: 13 MB
Uptime: 1.607472 s

LIBXSMM_VERSION: master-1.16.1-1572 (25183780)
LIBXSMM_TARGET: skx
Registry and code: 13 MB
Uptime: 1.594951 s

LIBXSMM_VERSION: master-1.16.1-1572 (25183780)
LIBXSMM_TARGET: skx
Registry and code: 13 MB
Uptime: 1.665611 s

LIBXSMM_VERSION: master-1.16.1-1572 (25183780)
LIBXSMM_TARGET: skx
Registry and code: 13 MB
Uptime: 1.563882 s

LIBXSMM_VERSION: master-1.16.1-1572 (25183780)
LIBXSMM_TARGET: skx
Registry and code: 13 MB
Uptime: 1.606143 s

LIBXSMM_VERSION: master-1.16.1-1572 (25183780)
LIBXSMM_TARGET: skx
Registry and code: 13 MB
Uptime: 1.656176 s

LIBXSMM_VERSION: master-1.16.1-1572 (25183780)
LIBXSMM_TARGET: skx
Registry and code: 13 MB
Uptime: 1.728670 s

LIBXSMM_VERSION: master-1.16.1-1572 (25183780)
LIBXSMM_TARGET: skx
Registry and code: 13 MB
Uptime: 1.690286 s

LIBXSMM_VERSION: master-1.16.1-1572 (25183780)
LIBXSMM_TARGET: skx
Registry and code: 13 MB
Uptime: 1.625297 s

LIBXSMM_VERSION: master-1.16.1-1572 (25183780)
LIBXSMM_TARGET: skx
Registry and code: 13 MB
Uptime: 1.633991 s

LIBXSMM_VERSION: master-1.16.1-1572 (25183780)
LIBXSMM_TARGET: skx
Registry and code: 13 MB
Uptime: 1.631420 s

LIBXSMM_VERSION: master-1.16.1-1572 (25183780)
LIBXSMM_TARGET: skx
Registry and code: 13 MB
Uptime: 1.716957 s

LIBXSMM_VERSION: master-1.16.1-1572 (25183780)
LIBXSMM_TARGET: skx
Registry and code: 13 MB
Uptime: 1.722414 s

LIBXSMM_VERSION: master-1.16.1-1572 (25183780)
LIBXSMM_TARGET: skx
Registry and code: 13 MB
Uptime: 1.574518 s

LIBXSMM_VERSION: master-1.16.1-1572 (25183780)
LIBXSMM_TARGET: skx
Registry and code: 13 MB
Uptime: 1.678252 s

LIBXSMM_VERSION: master-1.16.1-1572 (25183780)
LIBXSMM_TARGET: skx
Registry and code: 13 MB
Uptime: 1.707621 s

LIBXSMM_VERSION: master-1.16.1-1572 (25183780)
LIBXSMM_TARGET: skx
Registry and code: 13 MB
Uptime: 1.868282 s

LIBXSMM_VERSION: master-1.16.1-1572 (25183780)
LIBXSMM_TARGET: skx
Registry and code: 13 MB
Uptime: 1.765618 s

LIBXSMM_VERSION: master-1.16.1-1572 (25183780)
LIBXSMM_TARGET: skx
Registry and code: 13 MB
Uptime: 1.949021 s

LIBXSMM_VERSION: master-1.16.1-1572 (25183780)
LIBXSMM_TARGET: skx
Registry and code: 13 MB
Uptime: 1.707130 s

LIBXSMM_VERSION: master-1.16.1-1572 (25183780)
LIBXSMM_TARGET: skx
Registry and code: 13 MB
Uptime: 1.679928 s

LIBXSMM_VERSION: master-1.16.1-1572 (25183780)
LIBXSMM_TARGET: skx
Registry and code: 13 MB
Uptime: 1.907438 s

LIBXSMM_VERSION: master-1.16.1-1572 (25183780)
LIBXSMM_TARGET: skx
Registry and code: 13 MB
Uptime: 1.777977 s

LIBXSMM_VERSION: master-1.16.1-1572 (25183780)
LIBXSMM_TARGET: skx
Registry and code: 13 MB
Uptime: 1.571882 s

LIBXSMM_VERSION: master-1.16.1-1572 (25183780)
LIBXSMM_TARGET: skx
Registry and code: 13 MB
Uptime: 1.647205 s

LIBXSMM_VERSION: master-1.16.1-1572 (25183780)
LIBXSMM_TARGET: skx
Registry and code: 13 MB
Uptime: 1.724245 s

LIBXSMM_VERSION: master-1.16.1-1572 (25183780)
LIBXSMM_TARGET: skx
Registry and code: 13 MB
Uptime: 1.793674 s
Generating and Compiling data/example_mats/hex/p1/gauss-legendre/m0.txt
Running data/example_mats/hex/p1/gauss-legendre/m0.txt
Finished running in 256.193ms
Generating and Compiling data/example_mats/hex/p1/gauss-legendre/m3.txt
Running data/example_mats/hex/p1/gauss-legendre/m3.txt
Finished running in 156.857ms
Generating and Compiling data/example_mats/hex/p1/gauss-legendre/m6.txt
Running data/example_mats/hex/p1/gauss-legendre/m6.txt
Finished running in 187.24900000000002ms
Generating and Compiling data/example_mats/hex/p1/gauss-legendre/m132.txt
Running data/example_mats/hex/p1/gauss-legendre/m132.txt
Finished running in 157.057ms
Generating and Compiling data/example_mats/hex/p1/gauss-legendre/m460.txt
Running data/example_mats/hex/p1/gauss-legendre/m460.txt
Finished running in 255.02300000000002ms
Generating and Compiling data/example_mats/hex/p2/gauss-legendre-lobatto/m0.txt
Running data/example_mats/hex/p2/gauss-legendre-lobatto/m0.txt
Finished running in 232.649ms
Generating and Compiling data/example_mats/hex/p2/gauss-legendre-lobatto/m3.txt
Running data/example_mats/hex/p2/gauss-legendre-lobatto/m3.txt
Finished running in 349.111ms
Generating and Compiling data/example_mats/hex/p2/gauss-legendre-lobatto/m6.txt
Running data/example_mats/hex/p2/gauss-legendre-lobatto/m6.txt
Finished running in 352.007ms
Generating and Compiling data/example_mats/hex/p2/gauss-legendre-lobatto/m132.txt
Running data/example_mats/hex/p2/gauss-legendre-lobatto/m132.txt
Finished running in 350.111ms
Generating and Compiling data/example_mats/hex/p2/gauss-legendre-lobatto/m460.txt
Running data/example_mats/hex/p2/gauss-legendre-lobatto/m460.txt
Finished running in 274.701ms
Generating and Compiling data/example_mats/hex/p2/gauss-legendre/m0.txt
Running data/example_mats/hex/p2/gauss-legendre/m0.txt
Finished running in 257.512ms
Generating and Compiling data/example_mats/hex/p2/gauss-legendre/m3.txt
Running data/example_mats/hex/p2/gauss-legendre/m3.txt
Finished running in 348.222ms
Generating and Compiling data/example_mats/hex/p2/gauss-legendre/m6.txt
Running data/example_mats/hex/p2/gauss-legendre/m6.txt
Finished running in 338.24300000000005ms
Generating and Compiling data/example_mats/hex/p2/gauss-legendre/m132.txt
Running data/example_mats/hex/p2/gauss-legendre/m132.txt
Finished running in 349.608ms
Generating and Compiling data/example_mats/hex/p2/gauss-legendre/m460.txt
Running data/example_mats/hex/p2/gauss-legendre/m460.txt
Finished running in 278.916ms
Generating and Compiling data/example_mats/hex/p3/gauss-legendre-lobatto/m0.txt
Running data/example_mats/hex/p3/gauss-legendre-lobatto/m0.txt
Finished running in 321.543ms
Generating and Compiling data/example_mats/hex/p3/gauss-legendre-lobatto/m3.txt
Running data/example_mats/hex/p3/gauss-legendre-lobatto/m3.txt
Finished running in 354.089ms
Generating and Compiling data/example_mats/hex/p3/gauss-legendre-lobatto/m6.txt
Running data/example_mats/hex/p3/gauss-legendre-lobatto/m6.txt
Finished running in 341.587ms
Generating and Compiling data/example_mats/hex/p3/gauss-legendre-lobatto/m132.txt
Running data/example_mats/hex/p3/gauss-legendre-lobatto/m132.txt
Finished running in 359.393ms
Generating and Compiling data/example_mats/hex/p3/gauss-legendre-lobatto/m460.txt
Running data/example_mats/hex/p3/gauss-legendre-lobatto/m460.txt
Finished running in 360.808ms
Generating and Compiling data/example_mats/hex/p3/gauss-legendre/m0.txt
Running data/example_mats/hex/p3/gauss-legendre/m0.txt
Finished running in 365.66200000000003ms
Generating and Compiling data/example_mats/hex/p3/gauss-legendre/m3.txt
Running data/example_mats/hex/p3/gauss-legendre/m3.txt
Finished running in 354.371ms
Generating and Compiling data/example_mats/hex/p3/gauss-legendre/m6.txt
Running data/example_mats/hex/p3/gauss-legendre/m6.txt
Finished running in 343.16200000000003ms
Generating and Compiling data/example_mats/hex/p3/gauss-legendre/m132.txt
Running data/example_mats/hex/p3/gauss-legendre/m132.txt
Finished running in 364.646ms
Generating and Compiling data/example_mats/hex/p3/gauss-legendre/m460.txt
Running data/example_mats/hex/p3/gauss-legendre/m460.txt
Finished running in 358.123ms
Generating and Compiling data/example_mats/hex/p4/gauss-legendre-lobatto/m0.txt
Running data/example_mats/hex/p4/gauss-legendre-lobatto/m0.txt
Finished running in 305.894ms
Generating and Compiling data/example_mats/hex/p4/gauss-legendre-lobatto/m3.txt
Running data/example_mats/hex/p4/gauss-legendre-lobatto/m3.txt
Finished running in 358.038ms
Generating and Compiling data/example_mats/hex/p4/gauss-legendre-lobatto/m6.txt
Running data/example_mats/hex/p4/gauss-legendre-lobatto/m6.txt
Finished running in 347.897ms
Generating and Compiling data/example_mats/hex/p4/gauss-legendre-lobatto/m132.txt
Running data/example_mats/hex/p4/gauss-legendre-lobatto/m132.txt
Finished running in 457.057ms
Generating and Compiling data/example_mats/hex/p4/gauss-legendre-lobatto/m460.txt
Running data/example_mats/hex/p4/gauss-legendre-lobatto/m460.txt
Finished running in 392.093ms
Generating and Compiling data/example_mats/hex/p4/gauss-legendre/m0.txt
Running data/example_mats/hex/p4/gauss-legendre/m0.txt
Finished running in 361.331ms
Generating and Compiling data/example_mats/hex/p4/gauss-legendre/m3.txt
Running data/example_mats/hex/p4/gauss-legendre/m3.txt
Finished running in 364.66ms
Generating and Compiling data/example_mats/hex/p4/gauss-legendre/m6.txt
Running data/example_mats/hex/p4/gauss-legendre/m6.txt
Finished running in 345.957ms
Generating and Compiling data/example_mats/hex/p4/gauss-legendre/m132.txt
Running data/example_mats/hex/p4/gauss-legendre/m132.txt
Finished running in 474.871ms
Generating and Compiling data/example_mats/hex/p4/gauss-legendre/m460.txt
Running data/example_mats/hex/p4/gauss-legendre/m460.txt
Finished running in 405.269ms
Generating and Compiling data/example_mats/hex/p5/gauss-legendre-lobatto/m0.txt
Running data/example_mats/hex/p5/gauss-legendre-lobatto/m0.txt
Finished running in 302.973ms
Generating and Compiling data/example_mats/hex/p5/gauss-legendre-lobatto/m3.txt
Running data/example_mats/hex/p5/gauss-legendre-lobatto/m3.txt
Finished running in 410.39ms
Generating and Compiling data/example_mats/hex/p5/gauss-legendre-lobatto/m6.txt
Running data/example_mats/hex/p5/gauss-legendre-lobatto/m6.txt
Finished running in 351.717ms
Generating and Compiling data/example_mats/hex/p5/gauss-legendre-lobatto/m132.txt
Running data/example_mats/hex/p5/gauss-legendre-lobatto/m132.txt
Finished running in 559.286ms
Generating and Compiling data/example_mats/hex/p5/gauss-legendre-lobatto/m460.txt
Running data/example_mats/hex/p5/gauss-legendre-lobatto/m460.txt
Finished running in 441.241ms
Generating and Compiling data/example_mats/hex/p5/gauss-legendre/m0.txt
Running data/example_mats/hex/p5/gauss-legendre/m0.txt
Finished running in 673.783ms
Generating and Compiling data/example_mats/hex/p5/gauss-legendre/m3.txt
Running data/example_mats/hex/p5/gauss-legendre/m3.txt
Finished running in 405.428ms
Generating and Compiling data/example_mats/hex/p5/gauss-legendre/m6.txt
Running data/example_mats/hex/p5/gauss-legendre/m6.txt
Finished running in 361.15ms
Generating and Compiling data/example_mats/hex/p5/gauss-legendre/m132.txt
Running data/example_mats/hex/p5/gauss-legendre/m132.txt
Finished running in 619.64ms
Generating and Compiling data/example_mats/hex/p5/gauss-legendre/m460.txt
Running data/example_mats/hex/p5/gauss-legendre/m460.txt
Finished running in 459.606ms
Generating and Compiling data/example_mats/hex/p6/gauss-legendre-lobatto/m0.txt
Running data/example_mats/hex/p6/gauss-legendre-lobatto/m0.txt
Finished running in 267.175ms
Generating and Compiling data/example_mats/hex/p6/gauss-legendre-lobatto/m3.txt
Running data/example_mats/hex/p6/gauss-legendre-lobatto/m3.txt
Finished running in 356.449ms
Generating and Compiling data/example_mats/hex/p6/gauss-legendre-lobatto/m6.txt
Running data/example_mats/hex/p6/gauss-legendre-lobatto/m6.txt
Finished running in 362.701ms
Generating and Compiling data/example_mats/hex/p6/gauss-legendre-lobatto/m132.txt
Running data/example_mats/hex/p6/gauss-legendre-lobatto/m132.txt
Finished running in
LIBXSMM_VERSION: master-1.16.1-1572 (25183780)
LIBXSMM_TARGET: skx
Registry and code: 13 MB
Uptime: 1.811194 s

LIBXSMM_VERSION: master-1.16.1-1572 (25183780)
LIBXSMM_TARGET: skx
Registry and code: 13 MB
Uptime: 1.681520 s

LIBXSMM_VERSION: master-1.16.1-1572 (25183780)
LIBXSMM_TARGET: skx
Registry and code: 13 MB
Uptime: 1.642292 s

LIBXSMM_VERSION: master-1.16.1-1572 (25183780)
LIBXSMM_TARGET: skx
Registry and code: 13 MB
Uptime: 1.752855 s

LIBXSMM_VERSION: master-1.16.1-1572 (25183780)
LIBXSMM_TARGET: skx
Registry and code: 13 MB
Uptime: 1.794710 s

LIBXSMM_VERSION: master-1.16.1-1572 (25183780)
LIBXSMM_TARGET: skx
Registry and code: 13 MB
Uptime: 1.807284 s

LIBXSMM_VERSION: master-1.16.1-1572 (25183780)
LIBXSMM_TARGET: skx
Registry and code: 13 MB
Uptime: 1.531022 s

LIBXSMM_VERSION: master-1.16.1-1572 (25183780)
LIBXSMM_TARGET: skx
Registry and code: 13 MB
Uptime: 1.407470 s

LIBXSMM_VERSION: master-1.16.1-1572 (25183780)
LIBXSMM_TARGET: skx
Registry and code: 13 MB
Uptime: 1.469343 s

LIBXSMM_VERSION: master-1.16.1-1572 (25183780)
LIBXSMM_TARGET: skx
Registry and code: 13 MB
Uptime: 1.407692 s

LIBXSMM_VERSION: master-1.16.1-1572 (25183780)
LIBXSMM_TARGET: skx
Registry and code: 13 MB
Uptime: 1.495312 s

LIBXSMM_VERSION: master-1.16.1-1572 (25183780)
LIBXSMM_TARGET: skx
Registry and code: 13 MB
Uptime: 1.483045 s

LIBXSMM_VERSION: master-1.16.1-1572 (25183780)
LIBXSMM_TARGET: skx
Registry and code: 13 MB
Uptime: 1.429285 s

LIBXSMM_VERSION: master-1.16.1-1572 (25183780)
LIBXSMM_TARGET: skx
Registry and code: 13 MB
Uptime: 1.578148 s

LIBXSMM_VERSION: master-1.16.1-1572 (25183780)
LIBXSMM_TARGET: skx
Registry and code: 13 MB
Uptime: 1.404621 s

LIBXSMM_VERSION: master-1.16.1-1572 (25183780)
LIBXSMM_TARGET: skx
Registry and code: 13 MB
Uptime: 1.506843 s

LIBXSMM_VERSION: master-1.16.1-1572 (25183780)
LIBXSMM_TARGET: skx
Registry and code: 13 MB
Uptime: 1.489192 s

LIBXSMM_VERSION: master-1.16.1-1572 (25183780)
LIBXSMM_TARGET: skx
Registry and code: 13 MB
Uptime: 1.427078 s

LIBXSMM_VERSION: master-1.16.1-1572 (25183780)
LIBXSMM_TARGET: skx
Registry and code: 13 MB
Uptime: 1.522174 s

LIBXSMM_VERSION: master-1.16.1-1572 (25183780)
LIBXSMM_TARGET: skx
Registry and code: 13 MB
Uptime: 1.405408 s

LIBXSMM_VERSION: master-1.16.1-1572 (25183780)
LIBXSMM_TARGET: skx
Registry and code: 13 MB
Uptime: 1.508704 s

LIBXSMM_VERSION: master-1.16.1-1572 (25183780)
LIBXSMM_TARGET: skx
Registry and code: 13 MB
Uptime: 1.450775 s

LIBXSMM_VERSION: master-1.16.1-1572 (25183780)
LIBXSMM_TARGET: skx
Registry and code: 13 MB
Uptime: 1.450664 s

LIBXSMM_VERSION: master-1.16.1-1572 (25183780)
LIBXSMM_TARGET: skx
Registry and code: 13 MB
Uptime: 1.537640 s

LIBXSMM_VERSION: master-1.16.1-1572 (25183780)
LIBXSMM_TARGET: skx
Registry and code: 13 MB
Uptime: 1.416214 s

LIBXSMM_VERSION: master-1.16.1-1572 (25183780)
LIBXSMM_TARGET: skx
Registry and code: 13 MB
Uptime: 1.520013 s

LIBXSMM_VERSION: master-1.16.1-1572 (25183780)
LIBXSMM_TARGET: skx
Registry and code: 13 MB
Uptime: 1.485613 s

LIBXSMM_VERSION: master-1.16.1-1572 (25183780)
LIBXSMM_TARGET: skx
Registry and code: 13 MB
Uptime: 1.451376 s

LIBXSMM_VERSION: master-1.16.1-1572 (25183780)
LIBXSMM_TARGET: skx
Registry and code: 13 MB
Uptime: 1.507733 s

LIBXSMM_VERSION: master-1.16.1-1572 (25183780)
LIBXSMM_TARGET: skx
Registry and code: 13 MB
Uptime: 1.418230 s

LIBXSMM_VERSION: master-1.16.1-1572 (25183780)
LIBXSMM_TARGET: skx
Registry and code: 13 MB
Uptime: 1.524443 s

LIBXSMM_VERSION: master-1.16.1-1572 (25183780)
LIBXSMM_TARGET: skx
Registry and code: 13 MB
Uptime: 1.433492 s

LIBXSMM_VERSION: master-1.16.1-1572 (25183780)
LIBXSMM_TARGET: skx
Registry and code: 13 MB
Uptime: 1.476156 s

LIBXSMM_VERSION: master-1.16.1-1572 (25183780)
LIBXSMM_TARGET: skx
Registry and code: 13 MB
Uptime: 1.525067 s

LIBXSMM_VERSION: master-1.16.1-1572 (25183780)
LIBXSMM_TARGET: skx
Registry and code: 13 MB
Uptime: 1.637845 s

LIBXSMM_VERSION: master-1.16.1-1572 (25183780)
LIBXSMM_TARGET: skx
Registry and code: 13 MB
Uptime: 1.567953 s

LIBXSMM_VERSION: master-1.16.1-1572 (25183780)
LIBXSMM_TARGET: skx
Registry and code: 13 MB
Uptime: 1.481769 s

LIBXSMM_VERSION: master-1.16.1-1572 (25183780)
LIBXSMM_TARGET: skx
Registry and code: 13 MB
Uptime: 1.473401 s

LIBXSMM_VERSION: master-1.16.1-1572 (25183780)
LIBXSMM_TARGET: skx
Registry and code: 13 MB
Uptime: 1.527957 s

LIBXSMM_VERSION: master-1.16.1-1572 (25183780)
LIBXSMM_TARGET: skx
Registry and code: 13 MB
Uptime: 1.659869 s

LIBXSMM_VERSION: master-1.16.1-1572 (25183780)
LIBXSMM_TARGET: skx
Registry and code: 13 MB
Uptime: 1.576846 s

LIBXSMM_VERSION: master-1.16.1-1572 (25183780)
LIBXSMM_TARGET: skx
Registry and code: 13 MB
Uptime: 1.394872 s

LIBXSMM_VERSION: master-1.16.1-1572 (25183780)
LIBXSMM_TARGET: skx
Registry and code: 13 MB
Uptime: 1.545117 s

LIBXSMM_VERSION: master-1.16.1-1572 (25183780)
LIBXSMM_TARGET: skx
Registry and code: 13 MB
Uptime: 1.541565 s

LIBXSMM_VERSION: master-1.16.1-1572 (25183780)
LIBXSMM_TARGET: skx
Registry and code: 13 MB
Uptime: 1.611391 s

LIBXSMM_VERSION: master-1.16.1-1572 (25183780)
LIBXSMM_TARGET: skx
Registry and code: 13 MB
Uptime: 1.543926 s

LIBXSMM_VERSION: master-1.16.1-1572 (25183780)
LIBXSMM_TARGET: skx
Registry and code: 13 MB
Uptime: 1.509824 s

LIBXSMM_VERSION: master-1.16.1-1572 (25183780)
LIBXSMM_TARGET: skx
Registry and code: 13 MB
Uptime: 1.554178 s
 415.541ms
Generating and Compiling data/example_mats/hex/p6/gauss-legendre-lobatto/m460.txt
Running data/example_mats/hex/p6/gauss-legendre-lobatto/m460.txt
Finished running in 422.105ms
Generating and Compiling data/example_mats/hex/p6/gauss-legendre/m0.txt
Running data/example_mats/hex/p6/gauss-legendre/m0.txt
Finished running in 383.50800000000004ms
Generating and Compiling data/example_mats/hex/p6/gauss-legendre/m3.txt
Running data/example_mats/hex/p6/gauss-legendre/m3.txt
Finished running in 355.69ms
Generating and Compiling data/example_mats/hex/p6/gauss-legendre/m6.txt
Running data/example_mats/hex/p6/gauss-legendre/m6.txt
Finished running in 363.75199999999995ms
Generating and Compiling data/example_mats/hex/p6/gauss-legendre/m132.txt
Running data/example_mats/hex/p6/gauss-legendre/m132.txt
Finished running in 422.38199999999995ms
Generating and Compiling data/example_mats/hex/p6/gauss-legendre/m460.txt
Running data/example_mats/hex/p6/gauss-legendre/m460.txt
Finished running in 433.338ms
Generating and Compiling data/example_mats/quad/p1/gauss-legendre/m0.txt
Running data/example_mats/quad/p1/gauss-legendre/m0.txt
Finished running in 236.11599999999999ms
Generating and Compiling data/example_mats/quad/p1/gauss-legendre/m3.txt
Running data/example_mats/quad/p1/gauss-legendre/m3.txt
Finished running in 171.957ms
Generating and Compiling data/example_mats/quad/p1/gauss-legendre/m6.txt
Running data/example_mats/quad/p1/gauss-legendre/m6.txt
Finished running in 190.443ms
Generating and Compiling data/example_mats/quad/p1/gauss-legendre/m132.txt
Running data/example_mats/quad/p1/gauss-legendre/m132.txt
Finished running in 169.979ms
Generating and Compiling data/example_mats/quad/p1/gauss-legendre/m460.txt
Running data/example_mats/quad/p1/gauss-legendre/m460.txt
Finished running in 231.717ms
Generating and Compiling data/example_mats/quad/p2/gauss-legendre-lobatto/m0.txt
Running data/example_mats/quad/p2/gauss-legendre-lobatto/m0.txt
Finished running in 207.235ms
Generating and Compiling data/example_mats/quad/p2/gauss-legendre-lobatto/m3.txt
Running data/example_mats/quad/p2/gauss-legendre-lobatto/m3.txt
Finished running in 184.569ms
Generating and Compiling data/example_mats/quad/p2/gauss-legendre-lobatto/m6.txt
Running data/example_mats/quad/p2/gauss-legendre-lobatto/m6.txt
Finished running in 226.548ms
Generating and Compiling data/example_mats/quad/p2/gauss-legendre-lobatto/m132.txt
Running data/example_mats/quad/p2/gauss-legendre-lobatto/m132.txt
Finished running in 171.22ms
Generating and Compiling data/example_mats/quad/p2/gauss-legendre-lobatto/m460.txt
Running data/example_mats/quad/p2/gauss-legendre-lobatto/m460.txt
Finished running in 233.369ms
Generating and Compiling data/example_mats/quad/p2/gauss-legendre/m0.txt
Running data/example_mats/quad/p2/gauss-legendre/m0.txt
Finished running in 232.673ms
Generating and Compiling data/example_mats/quad/p2/gauss-legendre/m3.txt
Running data/example_mats/quad/p2/gauss-legendre/m3.txt
Finished running in 171.745ms
Generating and Compiling data/example_mats/quad/p2/gauss-legendre/m6.txt
Running data/example_mats/quad/p2/gauss-legendre/m6.txt
Finished running in 226.51599999999996ms
Generating and Compiling data/example_mats/quad/p2/gauss-legendre/m132.txt
Running data/example_mats/quad/p2/gauss-legendre/m132.txt
Finished running in 161.015ms
Generating and Compiling data/example_mats/quad/p2/gauss-legendre/m460.txt
Running data/example_mats/quad/p2/gauss-legendre/m460.txt
Finished running in 233.554ms
Generating and Compiling data/example_mats/quad/p3/gauss-legendre-lobatto/m0.txt
Running data/example_mats/quad/p3/gauss-legendre-lobatto/m0.txt
Finished running in 176.674ms
Generating and Compiling data/example_mats/quad/p3/gauss-legendre-lobatto/m3.txt
Running data/example_mats/quad/p3/gauss-legendre-lobatto/m3.txt
Finished running in 190.588ms
Generating and Compiling data/example_mats/quad/p3/gauss-legendre-lobatto/m6.txt
Running data/example_mats/quad/p3/gauss-legendre-lobatto/m6.txt
Finished running in 239.49099999999999ms
Generating and Compiling data/example_mats/quad/p3/gauss-legendre-lobatto/m132.txt
Running data/example_mats/quad/p3/gauss-legendre-lobatto/m132.txt
Finished running in 180.916ms
Generating and Compiling data/example_mats/quad/p3/gauss-legendre-lobatto/m460.txt
Running data/example_mats/quad/p3/gauss-legendre-lobatto/m460.txt
Finished running in 247.439ms
Generating and Compiling data/example_mats/quad/p3/gauss-legendre/m0.txt
Running data/example_mats/quad/p3/gauss-legendre/m0.txt
Finished running in 212.357ms
Generating and Compiling data/example_mats/quad/p3/gauss-legendre/m3.txt
Running data/example_mats/quad/p3/gauss-legendre/m3.txt
Finished running in 193.82100000000003ms
Generating and Compiling data/example_mats/quad/p3/gauss-legendre/m6.txt
Running data/example_mats/quad/p3/gauss-legendre/m6.txt
Finished running in 238.988ms
Generating and Compiling data/example_mats/quad/p3/gauss-legendre/m132.txt
Running data/example_mats/quad/p3/gauss-legendre/m132.txt
Finished running in 184.452ms
Generating and Compiling data/example_mats/quad/p3/gauss-legendre/m460.txt
Running data/example_mats/quad/p3/gauss-legendre/m460.txt
Finished running in 250.127ms
Generating and Compiling data/example_mats/quad/p4/gauss-legendre-lobatto/m0.txt
Running data/example_mats/quad/p4/gauss-legendre-lobatto/m0.txt
Finished running in 159.566ms
Generating and Compiling data/example_mats/quad/p4/gauss-legendre-lobatto/m3.txt
Running data/example_mats/quad/p4/gauss-legendre-lobatto/m3.txt
Finished running in 214.202ms
Generating and Compiling data/example_mats/quad/p4/gauss-legendre-lobatto/m6.txt
Running data/example_mats/quad/p4/gauss-legendre-lobatto/m6.txt
Finished running in 252.386ms
Generating and Compiling data/example_mats/quad/p4/gauss-legendre-lobatto/m132.txt
Running data/example_mats/quad/p4/gauss-legendre-lobatto/m132.txt
Finished running in 283.33ms
Generating and Compiling data/example_mats/quad/p4/gauss-legendre-lobatto/m460.txt
Running data/example_mats/quad/p4/gauss-legendre-lobatto/m460.txt
Finished running in 299.806ms
Generating and Compiling data/example_mats/quad/p4/gauss-legendre/m0.txt
Running data/example_mats/quad/p4/gauss-legendre/m0.txt
Finished running in 207.307ms
Generating and Compiling data/example_mats/quad/p4/gauss-legendre/m3.txt
Running data/example_mats/quad/p4/gauss-legendre/m3.txt
Finished running in 223.657ms
Generating and Compiling data/example_mats/quad/p4/gauss-legendre/m6.txt
Running data/example_mats/quad/p4/gauss-legendre/m6.txt
Finished running in 252.648ms
Generating and Compiling data/example_mats/quad/p4/gauss-legendre/m132.txt
Running data/example_mats/quad/p4/gauss-legendre/m132.txt
Finished running in 282.81899999999996ms
Generating and Compiling data/example_mats/quad/p4/gauss-legendre/m460.txt
Running data/example_mats/quad/p4/gauss-legendre/m460.txt
Finished running in 308.525ms
Generating and Compiling data/example_mats/quad/p5/gauss-legendre-lobatto/m0.txt
Running data/example_mats/quad/p5/gauss-legendre-lobatto/m0.txt
Finished running in 152.552ms
Generating and Compiling data/example_mats/quad/p5/gauss-legendre-lobatto/m3.txt
Running data/example_mats/quad/p5/gauss-legendre-lobatto/m3.txt
Finished running in 255.031ms
Generating and Compiling data/example_mats/quad/p5/gauss-legendre-lobatto/m6.txt
Running data/example_mats/quad/p5/gauss-legendre-lobatto/m6.txt
Finished running in 264.891ms
Generating and Compiling data/example_mats/quad/p5/gauss-legendre-lobatto/m132.txt
Running data/example_mats/quad/p5/gauss-legendre-lobatto/m132.txt
Finished running in 370.921ms
Generating and Compiling data/example_mats/quad/p5/gauss-legendre-lobatto/m460.txt
Running data/example_mats/quad/p5/gauss-legendre-lobatto/m460.txt
Finished running in 282.092ms
Generating and Compiling data/example_mats/quad/p5/gauss-legendre/m0.txt
Running data/example_mats/quad/p5/gauss-legendre/m0.txt
Finished running in 256.065ms
Generating and Compiling data/example_mats/quad/p5/gauss-legendre/m3.txt
Running data/example_mats/quad/p5/gauss-legendre/m3.txt
Finished running in 259.644ms
Generating and Compiling data/example_mats/quad/p5/gauss-legendre/m6.txt
LIBXSMM_VERSION: master-1.16.1-1572 (25183780)
LIBXSMM_TARGET: skx
Registry and code: 13 MB
Uptime: 1.541405 s

LIBXSMM_VERSION: master-1.16.1-1572 (25183780)
LIBXSMM_TARGET: skx
Registry and code: 13 MB
Uptime: 1.616216 s

LIBXSMM_VERSION: master-1.16.1-1572 (25183780)
LIBXSMM_TARGET: skx
Registry and code: 13 MB
Uptime: 1.576885 s

LIBXSMM_VERSION: master-1.16.1-1572 (25183780)
LIBXSMM_TARGET: skx
Registry and code: 13 MB
Uptime: 1.376659 s

LIBXSMM_VERSION: master-1.16.1-1572 (25183780)
LIBXSMM_TARGET: skx
Registry and code: 13 MB
Uptime: 1.516425 s

LIBXSMM_VERSION: master-1.16.1-1572 (25183780)
LIBXSMM_TARGET: skx
Registry and code: 13 MB
Uptime: 1.569966 s

LIBXSMM_VERSION: master-1.16.1-1572 (25183780)
LIBXSMM_TARGET: skx
Registry and code: 13 MB
Uptime: 1.642016 s

LIBXSMM_VERSION: master-1.16.1-1572 (25183780)
LIBXSMM_TARGET: skx
Registry and code: 13 MB
Uptime: 1.624962 s

LIBXSMM_VERSION: master-1.16.1-1572 (25183780)
LIBXSMM_TARGET: skx
Registry and code: 13 MB
Uptime: 1.619995 s

LIBXSMM_VERSION: master-1.16.1-1572 (25183780)
LIBXSMM_TARGET: skx
Registry and code: 13 MB
Uptime: 1.522003 s

LIBXSMM_VERSION: master-1.16.1-1572 (25183780)
LIBXSMM_TARGET: skx
Registry and code: 13 MB
Uptime: 1.580425 s

LIBXSMM_VERSION: master-1.16.1-1572 (25183780)
LIBXSMM_TARGET: skx
Registry and code: 13 MB
Uptime: 1.649969 s

LIBXSMM_VERSION: master-1.16.1-1572 (25183780)
LIBXSMM_TARGET: skx
Registry and code: 13 MB
Uptime: 1.629086 s

LIBXSMM_VERSION: master-1.16.1-1572 (25183780)
LIBXSMM_TARGET: skx
Registry and code: 13 MB
Uptime: 1.583676 s

LIBXSMM_VERSION: master-1.16.1-1572 (25183780)
LIBXSMM_TARGET: skx
Registry and code: 13 MB
Uptime: 1.397405 s

LIBXSMM_VERSION: master-1.16.1-1572 (25183780)
LIBXSMM_TARGET: skx
Registry and code: 13 MB
Uptime: 1.472373 s

LIBXSMM_VERSION: master-1.16.1-1572 (25183780)
LIBXSMM_TARGET: skx
Registry and code: 13 MB
Uptime: 1.422935 s

LIBXSMM_VERSION: master-1.16.1-1572 (25183780)
LIBXSMM_TARGET: skx
Registry and code: 13 MB
Uptime: 1.421959 s

LIBXSMM_VERSION: master-1.16.1-1572 (25183780)
LIBXSMM_TARGET: skx
Registry and code: 13 MB
Uptime: 1.600022 s

LIBXSMM_VERSION: master-1.16.1-1572 (25183780)
LIBXSMM_TARGET: skx
Registry and code: 13 MB
Uptime: 1.513978 s

LIBXSMM_VERSION: master-1.16.1-1572 (25183780)
LIBXSMM_TARGET: skx
Registry and code: 13 MB
Uptime: 1.519694 s

LIBXSMM_VERSION: master-1.16.1-1572 (25183780)
LIBXSMM_TARGET: skx
Registry and code: 13 MB
Uptime: 1.564695 s

LIBXSMM_VERSION: master-1.16.1-1572 (25183780)
LIBXSMM_TARGET: skx
Registry and code: 13 MB
Uptime: 1.577753 s

LIBXSMM_VERSION: master-1.16.1-1572 (25183780)
LIBXSMM_TARGET: skx
Registry and code: 13 MB
Uptime: 1.849642 s

LIBXSMM_VERSION: master-1.16.1-1572 (25183780)
LIBXSMM_TARGET: skx
Registry and code: 13 MB
Uptime: 2.024716 s

LIBXSMM_VERSION: master-1.16.1-1572 (25183780)
LIBXSMM_TARGET: skx
Registry and code: 13 MB
Uptime: 1.861069 s

LIBXSMM_VERSION: master-1.16.1-1572 (25183780)
LIBXSMM_TARGET: skx
Registry and code: 13 MB
Uptime: 1.931614 s

LIBXSMM_VERSION: master-1.16.1-1572 (25183780)
LIBXSMM_TARGET: skx
Registry and code: 13 MB
Uptime: 1.699141 s

LIBXSMM_VERSION: master-1.16.1-1572 (25183780)
LIBXSMM_TARGET: skx
Registry and code: 13 MB
Uptime: 1.924512 s

LIBXSMM_VERSION: master-1.16.1-1572 (25183780)
LIBXSMM_TARGET: skx
Registry and code: 13 MB
Uptime: 2.028342 s

LIBXSMM_VERSION: master-1.16.1-1572 (25183780)
LIBXSMM_TARGET: skx
Registry and code: 13 MB
Uptime: 1.832606 s

LIBXSMM_VERSION: master-1.16.1-1572 (25183780)
LIBXSMM_TARGET: skx
Registry and code: 13 MB
Uptime: 2.371145 s

LIBXSMM_VERSION: master-1.16.1-1572 (25183780)
LIBXSMM_TARGET: skx
Registry and code: 13 MB
Uptime: 2.002957 s

LIBXSMM_VERSION: master-1.16.1-1572 (25183780)
LIBXSMM_TARGET: skx
Registry and code: 13 MB
Uptime: 2.390656 s

LIBXSMM_VERSION: master-1.16.1-1572 (25183780)
LIBXSMM_TARGET: skx
Registry and code: 13 MB
Uptime: 2.674023 s

LIBXSMM_VERSION: master-1.16.1-1572 (25183780)
LIBXSMM_TARGET: skx
Registry and code: 13 MB
Uptime: 2.148639 s

LIBXSMM_VERSION: master-1.16.1-1572 (25183780)
LIBXSMM_TARGET: skx
Registry and code: 13 MB
Uptime: 3.112297 s

LIBXSMM_VERSION: master-1.16.1-1572 (25183780)
LIBXSMM_TARGET: skx
Registry and code: 13 MB
Uptime: 2.634476 s

LIBXSMM_VERSION: master-1.16.1-1572 (25183780)
LIBXSMM_TARGET: skx
Registry and code: 13 MB
Uptime: 3.394128 s

LIBXSMM_VERSION: master-1.16.1-1572 (25183780)
LIBXSMM_TARGET: skx
Registry and code: 13 MB
Uptime: 3.474224 s

LIBXSMM_VERSION: master-1.16.1-1572 (25183780)
LIBXSMM_TARGET: skx
Registry and code: 13 MB
Uptime: 2.638042 s

LIBXSMM_VERSION: master-1.16.1-1572 (25183780)
LIBXSMM_TARGET: skx
Registry and code: 13 MB
Uptime: 4.230022 s

LIBXSMM_VERSION: master-1.16.1-1572 (25183780)
LIBXSMM_TARGET: skx
Registry and code: 13 MB
Uptime: 3.864567 s

LIBXSMM_VERSION: master-1.16.1-1572 (25183780)
LIBXSMM_TARGET: skx
Registry and code: 13 MB
Uptime: 1.516396 s

LIBXSMM_VERSION: master-1.16.1-1572 (25183780)
LIBXSMM_TARGET: skx
Registry and code: 13 MB
Uptime: 1.414492 s

LIBXSMM_VERSION: master-1.16.1-1572 (25183780)
LIBXSMM_TARGET: skx
Registry and code: 13 MB
Uptime: 1.459160 s

LIBXSMM_VERSION: master-1.16.1-1572 (25183780)
LIBXSMM_TARGET: skx
Registry and code: 13 MB
Uptime: 1.432090 s

LIBXSMM_VERSION: master-1.16.1-1572 (25183780)
LIBXSMM_TARGET: skx
Registry and code: 13 MB
Uptime: 1.437195 s

LIBXSMM_VERSION: master-1.16.1-1572 (25183780)
LIBXSMM_TARGET: skx
Registry and code: 13 MB
Uptime: 1.505446 s

LIBXSMM_VERSION: master-1.16.1-1572 (25183780)
LIBXSMM_TARGET: skx
Registry and code: 13 MB
Uptime: 1.459493 s

LIBXSMM_VERSION: master-1.16.1-1572 (25183780)
LIBXSMM_TARGET: skx
Registry and code: 13 MB
Uptime: 1.482122 s

LIBXSMM_VERSION: master-1.16.1-1572 (25183780)
LIBXSMM_TARGET: skx
Registry and code: 13 MB
Uptime: 1.449156 s

LIBXSMM_VERSION: master-1.16.1-1572 (25183780)
LIBXSMM_TARGET: skx
Registry and code: 13 MB
Uptime: 1.529020 s

Running data/example_mats/quad/p5/gauss-legendre/m6.txt
Finished running in 265.099ms
Generating and Compiling data/example_mats/quad/p5/gauss-legendre/m132.txt
Running data/example_mats/quad/p5/gauss-legendre/m132.txt
Finished running in 378.17499999999995ms
Generating and Compiling data/example_mats/quad/p5/gauss-legendre/m460.txt
Running data/example_mats/quad/p5/gauss-legendre/m460.txt
Finished running in 287.758ms
Generating and Compiling data/example_mats/quad/p6/gauss-legendre-lobatto/m0.txt
Running data/example_mats/quad/p6/gauss-legendre-lobatto/m0.txt
Finished running in 132.216ms
Generating and Compiling data/example_mats/quad/p6/gauss-legendre-lobatto/m3.txt
Running data/example_mats/quad/p6/gauss-legendre-lobatto/m3.txt
Finished running in 250.216ms
Generating and Compiling data/example_mats/quad/p6/gauss-legendre-lobatto/m6.txt
Running data/example_mats/quad/p6/gauss-legendre-lobatto/m6.txt
Finished running in 281.38ms
Generating and Compiling data/example_mats/quad/p6/gauss-legendre-lobatto/m132.txt
Running data/example_mats/quad/p6/gauss-legendre-lobatto/m132.txt
Finished running in 406.277ms
Generating and Compiling data/example_mats/quad/p6/gauss-legendre-lobatto/m460.txt
Running data/example_mats/quad/p6/gauss-legendre-lobatto/m460.txt
Finished running in 350.602ms
Generating and Compiling data/example_mats/quad/p6/gauss-legendre/m0.txt
Running data/example_mats/quad/p6/gauss-legendre/m0.txt
Finished running in 375.899ms
Generating and Compiling data/example_mats/quad/p6/gauss-legendre/m3.txt
Running data/example_mats/quad/p6/gauss-legendre/m3.txt
Finished running in 250.981ms
Generating and Compiling data/example_mats/quad/p6/gauss-legendre/m6.txt
Running data/example_mats/quad/p6/gauss-legendre/m6.txt
Finished running in 280.507ms
Generating and Compiling data/example_mats/quad/p6/gauss-legendre/m132.txt
Running data/example_mats/quad/p6/gauss-legendre/m132.txt
Finished running in 307.191ms
Generating and Compiling data/example_mats/quad/p6/gauss-legendre/m460.txt
Running data/example_mats/quad/p6/gauss-legendre/m460.txt
Finished running in 340.201ms
Generating and Compiling data/example_mats/tet/p1/shunn-ham/m0.txt
Running data/example_mats/tet/p1/shunn-ham/m0.txt
Finished running in 267.745ms
Generating and Compiling data/example_mats/tet/p1/shunn-ham/m3.txt
Running data/example_mats/tet/p1/shunn-ham/m3.txt
Finished running in 169.061ms
Generating and Compiling data/example_mats/tet/p1/shunn-ham/m6.txt
Running data/example_mats/tet/p1/shunn-ham/m6.txt
Finished running in 210.899ms
Generating and Compiling data/example_mats/tet/p1/shunn-ham/m132.txt
Running data/example_mats/tet/p1/shunn-ham/m132.txt
Finished running in 155.295ms
Generating and Compiling data/example_mats/tet/p1/shunn-ham/m460.txt
Running data/example_mats/tet/p1/shunn-ham/m460.txt
Finished running in 138.314ms
Generating and Compiling data/example_mats/tet/p2/shunn-ham/m0.txt
Running data/example_mats/tet/p2/shunn-ham/m0.txt
Finished running in 285.439ms
Generating and Compiling data/example_mats/tet/p2/shunn-ham/m3.txt
Running data/example_mats/tet/p2/shunn-ham/m3.txt
Finished running in 211.293ms
Generating and Compiling data/example_mats/tet/p2/shunn-ham/m6.txt
Running data/example_mats/tet/p2/shunn-ham/m6.txt
Finished running in 246.438ms
Generating and Compiling data/example_mats/tet/p2/shunn-ham/m132.txt
Running data/example_mats/tet/p2/shunn-ham/m132.txt
Finished running in 200.631ms
Generating and Compiling data/example_mats/tet/p2/shunn-ham/m460.txt
Running data/example_mats/tet/p2/shunn-ham/m460.txt
Finished running in 300.27599999999995ms
Generating and Compiling data/example_mats/tet/p3/shunn-ham/m0.txt
Running data/example_mats/tet/p3/shunn-ham/m0.txt
Finished running in 297.443ms
Generating and Compiling data/example_mats/tet/p3/shunn-ham/m3.txt
Running data/example_mats/tet/p3/shunn-ham/m3.txt
Finished running in 732.528ms
Generating and Compiling data/example_mats/tet/p3/shunn-ham/m6.txt
Running data/example_mats/tet/p3/shunn-ham/m6.txt
Finished running in 593.969ms
Generating and Compiling data/example_mats/tet/p3/shunn-ham/m132.txt
Running data/example_mats/tet/p3/shunn-ham/m132.txt
Finished running in 690.546ms
Generating and Compiling data/example_mats/tet/p3/shunn-ham/m460.txt
Running data/example_mats/tet/p3/shunn-ham/m460.txt
Finished running in 373.422ms
Generating and Compiling data/example_mats/tet/p4/shunn-ham/m0.txt
Running data/example_mats/tet/p4/shunn-ham/m0.txt
Finished running in 652.496ms
Generating and Compiling data/example_mats/tet/p4/shunn-ham/m3.txt
Running data/example_mats/tet/p4/shunn-ham/m3.txt
Finished running in 747.49ms
Generating and Compiling data/example_mats/tet/p4/shunn-ham/m6.txt
Running data/example_mats/tet/p4/shunn-ham/m6.txt
Finished running in 418.269ms
Generating and Compiling data/example_mats/tet/p4/shunn-ham/m132.txt
Running data/example_mats/tet/p4/shunn-ham/m132.txt
Finished running in 1043.193ms
Generating and Compiling data/example_mats/tet/p4/shunn-ham/m460.txt
Running data/example_mats/tet/p4/shunn-ham/m460.txt
Finished running in 561.592ms
Generating and Compiling data/example_mats/tet/p5/shunn-ham/m0.txt
Running data/example_mats/tet/p5/shunn-ham/m0.txt
Finished running in 1053.151ms
Generating and Compiling data/example_mats/tet/p5/shunn-ham/m3.txt
Running data/example_mats/tet/p5/shunn-ham/m3.txt
Finished running in 1082.896ms
Generating and Compiling data/example_mats/tet/p5/shunn-ham/m6.txt
Running data/example_mats/tet/p5/shunn-ham/m6.txt
Finished running in 862.938ms
Generating and Compiling data/example_mats/tet/p5/shunn-ham/m132.txt
Running data/example_mats/tet/p5/shunn-ham/m132.txt
Finished running in 1319.098ms
Generating and Compiling data/example_mats/tet/p5/shunn-ham/m460.txt
Running data/example_mats/tet/p5/shunn-ham/m460.txt
Finished running in 873.189ms
Generating and Compiling data/example_mats/tet/p6/shunn-ham/m0.txt
Running data/example_mats/tet/p6/shunn-ham/m0.txt
Finished running in 1082.589ms
Generating and Compiling data/example_mats/tet/p6/shunn-ham/m3.txt
Running data/example_mats/tet/p6/shunn-ham/m3.txt
Finished running in 1144.397ms
Generating and Compiling data/example_mats/tet/p6/shunn-ham/m6.txt
Running data/example_mats/tet/p6/shunn-ham/m6.txt
Finished running in 1190.3600000000001ms
Generating and Compiling data/example_mats/tet/p6/shunn-ham/m132.txt
Running data/example_mats/tet/p6/shunn-ham/m132.txt
Finished running in 1413.358ms
Generating and Compiling data/example_mats/tet/p6/shunn-ham/m460.txt
Running data/example_mats/tet/p6/shunn-ham/m460.txt
Finished running in 1012.944ms
Generating and Compiling data/example_mats/tri/p1/williams-shunn/m0.txt
Running data/example_mats/tri/p1/williams-shunn/m0.txt
Finished running in 242.51ms
Generating and Compiling data/example_mats/tri/p1/williams-shunn/m3.txt
Running data/example_mats/tri/p1/williams-shunn/m3.txt
Finished running in 171.844ms
Generating and Compiling data/example_mats/tri/p1/williams-shunn/m6.txt
Running data/example_mats/tri/p1/williams-shunn/m6.txt
Finished running in 208.81799999999998ms
Generating and Compiling data/example_mats/tri/p1/williams-shunn/m132.txt
Running data/example_mats/tri/p1/williams-shunn/m132.txt
Finished running in 163.794ms
Generating and Compiling data/example_mats/tri/p1/williams-shunn/m460.txt
Running data/example_mats/tri/p1/williams-shunn/m460.txt
Finished running in 161.086ms
Generating and Compiling data/example_mats/tri/p2/williams-shunn/m0.txt
Running data/example_mats/tri/p2/williams-shunn/m0.txt
Finished running in 232.311ms
Generating and Compiling data/example_mats/tri/p2/williams-shunn/m3.txt
Running data/example_mats/tri/p2/williams-shunn/m3.txt
Finished running in 201.726ms
Generating and Compiling data/example_mats/tri/p2/williams-shunn/m6.txt
Running data/example_mats/tri/p2/williams-shunn/m6.txt
Finished running in 228.229ms
Generating and Compiling data/example_mats/tri/p2/williams-shunn/m132.txt
Running data/example_mats/tri/p2/williams-shunn/m132.txt
Finished running in 183.27999999999997ms
Generating and Compiling data/example_mats/tri/p2/williams-shunn/m460.txt
Running data/example_mats/tri/p2/williams-shunn/m460.txt
Finished running in 
LIBXSMM_VERSION: master-1.16.1-1572 (25183780)
LIBXSMM_TARGET: skx
Registry and code: 13 MB
Uptime: 1.488455 s

LIBXSMM_VERSION: master-1.16.1-1572 (25183780)
LIBXSMM_TARGET: skx
Registry and code: 13 MB
Uptime: 1.507976 s

LIBXSMM_VERSION: master-1.16.1-1572 (25183780)
LIBXSMM_TARGET: skx
Registry and code: 13 MB
Uptime: 1.515071 s

LIBXSMM_VERSION: master-1.16.1-1572 (25183780)
LIBXSMM_TARGET: skx
Registry and code: 13 MB
Uptime: 1.583752 s

LIBXSMM_VERSION: master-1.16.1-1572 (25183780)
LIBXSMM_TARGET: skx
Registry and code: 13 MB
Uptime: 1.567301 s

LIBXSMM_VERSION: master-1.16.1-1572 (25183780)
LIBXSMM_TARGET: skx
Registry and code: 13 MB
Uptime: 1.595377 s

LIBXSMM_VERSION: master-1.16.1-1572 (25183780)
LIBXSMM_TARGET: skx
Registry and code: 13 MB
Uptime: 1.626086 s

LIBXSMM_VERSION: master-1.16.1-1572 (25183780)
LIBXSMM_TARGET: skx
Registry and code: 13 MB
Uptime: 1.548390 s

LIBXSMM_VERSION: master-1.16.1-1572 (25183780)
LIBXSMM_TARGET: skx
Registry and code: 13 MB
Uptime: 1.562202 s

LIBXSMM_VERSION: master-1.16.1-1572 (25183780)
LIBXSMM_TARGET: skx
Registry and code: 13 MB
Uptime: 1.624707 s

LIBXSMM_VERSION: master-1.16.1-1572 (25183780)
LIBXSMM_TARGET: skx
Registry and code: 13 MB
Uptime: 1.559410 s

LIBXSMM_VERSION: master-1.16.1-1572 (25183780)
LIBXSMM_TARGET: skx
Registry and code: 13 MB
Uptime: 1.570997 s

LIBXSMM_VERSION: master-1.16.1-1572 (25183780)
LIBXSMM_TARGET: skx
Registry and code: 13 MB
Uptime: 1.670787 s

LIBXSMM_VERSION: master-1.16.1-1572 (25183780)
LIBXSMM_TARGET: skx
Registry and code: 13 MB
Uptime: 1.670671 s

LIBXSMM_VERSION: master-1.16.1-1572 (25183780)
LIBXSMM_TARGET: skx
Registry and code: 13 MB
Uptime: 1.689559 s

LIBXSMM_VERSION: master-1.16.1-1572 (25183780)
LIBXSMM_TARGET: skx
Registry and code: 13 MB
Uptime: 1.783382 s

LIBXSMM_VERSION: master-1.16.1-1572 (25183780)
LIBXSMM_TARGET: skx
Registry and code: 13 MB
Uptime: 1.700933 s

LIBXSMM_VERSION: master-1.16.1-1572 (25183780)
LIBXSMM_TARGET: skx
Registry and code: 13 MB
Uptime: 1.625389 s

LIBXSMM_VERSION: master-1.16.1-1572 (25183780)
LIBXSMM_TARGET: skx
Registry and code: 13 MB
Uptime: 1.906587 s

LIBXSMM_VERSION: master-1.16.1-1572 (25183780)
LIBXSMM_TARGET: skx
Registry and code: 13 MB
Uptime: 1.882918 s
258.169ms
Generating and Compiling data/example_mats/tri/p3/williams-shunn/m0.txt
Running data/example_mats/tri/p3/williams-shunn/m0.txt
Finished running in 237.167ms
Generating and Compiling data/example_mats/tri/p3/williams-shunn/m3.txt
Running data/example_mats/tri/p3/williams-shunn/m3.txt
Finished running in 222.427ms
Generating and Compiling data/example_mats/tri/p3/williams-shunn/m6.txt
Running data/example_mats/tri/p3/williams-shunn/m6.txt
Finished running in 248.66999999999996ms
Generating and Compiling data/example_mats/tri/p3/williams-shunn/m132.txt
Running data/example_mats/tri/p3/williams-shunn/m132.txt
Finished running in 182.849ms
Generating and Compiling data/example_mats/tri/p3/williams-shunn/m460.txt
Running data/example_mats/tri/p3/williams-shunn/m460.txt
Finished running in 254.16600000000005ms
Generating and Compiling data/example_mats/tri/p4/williams-shunn/m0.txt
Running data/example_mats/tri/p4/williams-shunn/m0.txt
Finished running in 239.978ms
Generating and Compiling data/example_mats/tri/p4/williams-shunn/m3.txt
Running data/example_mats/tri/p4/williams-shunn/m3.txt
Finished running in 240.663ms
Generating and Compiling data/example_mats/tri/p4/williams-shunn/m6.txt
Running data/example_mats/tri/p4/williams-shunn/m6.txt
Finished running in 274.63ms
Generating and Compiling data/example_mats/tri/p4/williams-shunn/m132.txt
Running data/example_mats/tri/p4/williams-shunn/m132.txt
Finished running in 269.328ms
Generating and Compiling data/example_mats/tri/p4/williams-shunn/m460.txt
Running data/example_mats/tri/p4/williams-shunn/m460.txt
Finished running in 336.866ms
Generating and Compiling data/example_mats/tri/p5/williams-shunn/m0.txt
Running data/example_mats/tri/p5/williams-shunn/m0.txt
Finished running in 230.737ms
Generating and Compiling data/example_mats/tri/p5/williams-shunn/m3.txt
Running data/example_mats/tri/p5/williams-shunn/m3.txt
Finished running in 248.64ms
Generating and Compiling data/example_mats/tri/p5/williams-shunn/m6.txt
Running data/example_mats/tri/p5/williams-shunn/m6.txt
Finished running in 297.10299999999995ms
Generating and Compiling data/example_mats/tri/p5/williams-shunn/m132.txt
Running data/example_mats/tri/p5/williams-shunn/m132.txt
Finished running in 423.732ms
Generating and Compiling data/example_mats/tri/p5/williams-shunn/m460.txt
Running data/example_mats/tri/p5/williams-shunn/m460.txt
Finished running in 272.509ms
Generating and Compiling data/example_mats/tri/p6/williams-shunn/m0.txt
Running data/example_mats/tri/p6/williams-shunn/m0.txt
Finished running in 289.267ms
Generating and Compiling data/example_mats/tri/p6/williams-shunn/m3.txt
Running data/example_mats/tri/p6/williams-shunn/m3.txt
Finished running in 281.403ms
Generating and Compiling data/example_mats/tri/p6/williams-shunn/m6.txt
Running data/example_mats/tri/p6/williams-shunn/m6.txt
Finished running in 336.626ms
Generating and Compiling data/example_mats/tri/p6/williams-shunn/m132.txt
Running data/example_mats/tri/p6/williams-shunn/m132.txt
Finished running in 627.606ms
Generating and Compiling data/example_mats/tri/p6/williams-shunn/m460.txt
Running data/example_mats/tri/p6/williams-shunn/m460.txt
Finished running in 370.619ms
