
LIBXSMM_VERSION: RT-bct-L1-NMBlocking-1.16.1-1576 (25183784)
LIBXSMM_TARGET: skx
Registry and code: 13 MB
Uptime: 1.524860 s

LIBXSMM_VERSION: RT-bct-L1-NMBlocking-1.16.1-1576 (25183784)
LIBXSMM_TARGET: skx
Registry and code: 13 MB
Uptime: 1.625343 s

LIBXSMM_VERSION: RT-bct-L1-NMBlocking-1.16.1-1576 (25183784)
LIBXSMM_TARGET: skx
Registry and code: 13 MB
Uptime: 1.622457 s

LIBXSMM_VERSION: RT-bct-L1-NMBlocking-1.16.1-1576 (25183784)
LIBXSMM_TARGET: skx
Registry and code: 13 MB
Uptime: 1.636663 s

LIBXSMM_VERSION: RT-bct-L1-NMBlocking-1.16.1-1576 (25183784)
LIBXSMM_TARGET: skx
Registry and code: 13 MB
Uptime: 1.681690 s

LIBXSMM_VERSION: RT-bct-L1-NMBlocking-1.16.1-1576 (25183784)
LIBXSMM_TARGET: skx
Registry and code: 13 MB
Uptime: 1.856256 s

LIBXSMM_VERSION: RT-bct-L1-NMBlocking-1.16.1-1576 (25183784)
LIBXSMM_TARGET: skx
Registry and code: 13 MB
Uptime: 1.515984 s

LIBXSMM_VERSION: RT-bct-L1-NMBlocking-1.16.1-1576 (25183784)
LIBXSMM_TARGET: skx
Registry and code: 13 MB
Uptime: 1.624151 s

LIBXSMM_VERSION: RT-bct-L1-NMBlocking-1.16.1-1576 (25183784)
LIBXSMM_TARGET: skx
Registry and code: 13 MB
Uptime: 1.622819 s

LIBXSMM_VERSION: RT-bct-L1-NMBlocking-1.16.1-1576 (25183784)
LIBXSMM_TARGET: skx
Registry and code: 13 MB
Uptime: 1.641475 s

LIBXSMM_VERSION: RT-bct-L1-NMBlocking-1.16.1-1576 (25183784)
LIBXSMM_TARGET: skx
Registry and code: 13 MB
Uptime: 1.680088 s

LIBXSMM_VERSION: RT-bct-L1-NMBlocking-1.16.1-1576 (25183784)
LIBXSMM_TARGET: skx
Registry and code: 13 MB
Uptime: 1.846059 s

LIBXSMM_VERSION: RT-bct-L1-NMBlocking-1.16.1-1576 (25183784)
LIBXSMM_TARGET: skx
Registry and code: 13 MB
Uptime: 1.501243 s

LIBXSMM_VERSION: RT-bct-L1-NMBlocking-1.16.1-1576 (25183784)
LIBXSMM_TARGET: skx
Registry and code: 13 MB
Uptime: 1.677887 s

LIBXSMM_VERSION: RT-bct-L1-NMBlocking-1.16.1-1576 (25183784)
LIBXSMM_TARGET: skx
Registry and code: 13 MB
Uptime: 1.814417 s

LIBXSMM_VERSION: RT-bct-L1-NMBlocking-1.16.1-1576 (25183784)
LIBXSMM_TARGET: skx
Registry and code: 13 MB
Uptime: 2.013816 s

LIBXSMM_VERSION: RT-bct-L1-NMBlocking-1.16.1-1576 (25183784)
LIBXSMM_TARGET: skx
Registry and code: 13 MB
Uptime: 2.244612 s

LIBXSMM_VERSION: RT-bct-L1-NMBlocking-1.16.1-1576 (25183784)
LIBXSMM_TARGET: skx
Registry and code: 13 MB
Uptime: 2.509658 s

LIBXSMM_VERSION: RT-bct-L1-NMBlocking-1.16.1-1576 (25183784)
LIBXSMM_TARGET: skx
Registry and code: 13 MB
Uptime: 1.625899 s

LIBXSMM_VERSION: RT-bct-L1-NMBlocking-1.16.1-1576 (25183784)
LIBXSMM_TARGET: skx
Registry and code: 13 MB
Uptime: 1.725980 s

LIBXSMM_VERSION: RT-bct-L1-NMBlocking-1.16.1-1576 (25183784)
LIBXSMM_TARGET: skx
Registry and code: 13 MB
Uptime: 1.902225 s

LIBXSMM_VERSION: RT-bct-L1-NMBlocking-1.16.1-1576 (25183784)
LIBXSMM_TARGET: skx
Registry and code: 13 MB
Uptime: 1.598537 s

LIBXSMM_VERSION: RT-bct-L1-NMBlocking-1.16.1-1576 (25183784)
LIBXSMM_TARGET: skx
Registry and code: 13 MB
Uptime: 1.645224 s

LIBXSMM_VERSION: RT-bct-L1-NMBlocking-1.16.1-1576 (25183784)
LIBXSMM_TARGET: skx
Registry and code: 13 MB
Uptime: 1.698910 s

LIBXSMM_VERSION: RT-bct-L1-NMBlocking-1.16.1-1576 (25183784)
LIBXSMM_TARGET: skx
Registry and code: 13 MB
Uptime: 1.500227 s

LIBXSMM_VERSION: RT-bct-L1-NMBlocking-1.16.1-1576 (25183784)
LIBXSMM_TARGET: skx
Registry and code: 13 MB
Uptime: 1.673287 s

LIBXSMM_VERSION: RT-bct-L1-NMBlocking-1.16.1-1576 (25183784)
LIBXSMM_TARGET: skx
Registry and code: 13 MB
Uptime: 1.809434 s

LIBXSMM_VERSION: RT-bct-L1-NMBlocking-1.16.1-1576 (25183784)
LIBXSMM_TARGET: skx
Registry and code: 13 MB
Uptime: 2.015807 s

LIBXSMM_VERSION: RT-bct-L1-NMBlocking-1.16.1-1576 (25183784)
LIBXSMM_TARGET: skx
Registry and code: 13 MB
Uptime: 2.253081 s

LIBXSMM_VERSION: RT-bct-L1-NMBlocking-1.16.1-1576 (25183784)
LIBXSMM_TARGET: skx
Registry and code: 13 MB
Uptime: 2.505885 s

LIBXSMM_VERSION: RT-bct-L1-NMBlocking-1.16.1-1576 (25183784)
LIBXSMM_TARGET: skx
Registry and code: 13 MB
Uptime: 1.629181 s

LIBXSMM_VERSION: RT-bct-L1-NMBlocking-1.16.1-1576 (25183784)
LIBXSMM_TARGET: skx
Registry and code: 13 MB
Uptime: 1.727736 s

LIBXSMM_VERSION: RT-bct-L1-NMBlocking-1.16.1-1576 (25183784)
LIBXSMM_TARGET: skx
Registry and code: 13 MB
Uptime: 1.906128 s

LIBXSMM_VERSION: RT-bct-L1-NMBlocking-1.16.1-1576 (25183784)
LIBXSMM_TARGET: skx
Registry and code: 13 MB
Uptime: 1.593441 s

LIBXSMM_VERSION: RT-bct-L1-NMBlocking-1.16.1-1576 (25183784)
LIBXSMM_TARGET: skx
Registry and code: 13 MB
Uptime: 1.652412 s

LIBXSMM_VERSION: RT-bct-L1-NMBlocking-1.16.1-1576 (25183784)
LIBXSMM_TARGET: skx
Registry and code: 13 MB
Uptime: 1.699416 s

LIBXSMM_VERSION: RT-bct-L1-NMBlocking-1.16.1-1576 (25183784)
LIBXSMM_TARGET: skx
Registry and code: 13 MB
Uptime: 1.522045 s

LIBXSMM_VERSION: RT-bct-L1-NMBlocking-1.16.1-1576 (25183784)
LIBXSMM_TARGET: skx
Registry and code: 13 MB
Uptime: 1.580695 s

LIBXSMM_VERSION: RT-bct-L1-NMBlocking-1.16.1-1576 (25183784)
LIBXSMM_TARGET: skx
Registry and code: 13 MB
Uptime: 1.625627 s

LIBXSMM_VERSION: RT-bct-L1-NMBlocking-1.16.1-1576 (25183784)
LIBXSMM_TARGET: skx
Registry and code: 13 MB
Uptime: 1.661206 s

LIBXSMM_VERSION: RT-bct-L1-NMBlocking-1.16.1-1576 (25183784)
LIBXSMM_TARGET: skx
Registry and code: 13 MB
Uptime: 1.695773 s

LIBXSMM_VERSION: RT-bct-L1-NMBlocking-1.16.1-1576 (25183784)
LIBXSMM_TARGET: skx
Registry and code: 13 MB
Uptime: 1.810154 s

LIBXSMM_VERSION: RT-bct-L1-NMBlocking-1.16.1-1576 (25183784)
LIBXSMM_TARGET: skx
Registry and code: 13 MB
Uptime: 1.521139 s
Generating and Compiling data/synth_mats/vary_col/q_16/r_128_c_32_p_0.05_uniq_16.txt
Running data/synth_mats/vary_col/q_16/r_128_c_32_p_0.05_uniq_16.txt
Finished running in 243.289ms
Generating and Compiling data/synth_mats/vary_col/q_16/r_128_c_64_p_0.05_uniq_16.txt
Running data/synth_mats/vary_col/q_16/r_128_c_64_p_0.05_uniq_16.txt
Finished running in 356.446ms
Generating and Compiling data/synth_mats/vary_col/q_16/r_128_c_128_p_0.05_uniq_16.txt
Running data/synth_mats/vary_col/q_16/r_128_c_128_p_0.05_uniq_16.txt
Finished running in 369.762ms
Generating and Compiling data/synth_mats/vary_col/q_16/r_128_c_256_p_0.05_uniq_16.txt
Running data/synth_mats/vary_col/q_16/r_128_c_256_p_0.05_uniq_16.txt
Finished running in 397.84ms
Generating and Compiling data/synth_mats/vary_col/q_16/r_128_c_512_p_0.05_uniq_16.txt
Running data/synth_mats/vary_col/q_16/r_128_c_512_p_0.05_uniq_16.txt
Finished running in 444.077ms
Generating and Compiling data/synth_mats/vary_col/q_16/r_128_c_1024_p_0.05_uniq_16.txt
Running data/synth_mats/vary_col/q_16/r_128_c_1024_p_0.05_uniq_16.txt
Finished running in 577.925ms
Generating and Compiling data/synth_mats/vary_col/q_64/r_128_c_32_p_0.05_uniq_64.txt
Running data/synth_mats/vary_col/q_64/r_128_c_32_p_0.05_uniq_64.txt
Finished running in 235.736ms
Generating and Compiling data/synth_mats/vary_col/q_64/r_128_c_64_p_0.05_uniq_64.txt
Running data/synth_mats/vary_col/q_64/r_128_c_64_p_0.05_uniq_64.txt
Finished running in 354.224ms
Generating and Compiling data/synth_mats/vary_col/q_64/r_128_c_128_p_0.05_uniq_64.txt
Running data/synth_mats/vary_col/q_64/r_128_c_128_p_0.05_uniq_64.txt
Finished running in 369.529ms
Generating and Compiling data/synth_mats/vary_col/q_64/r_128_c_256_p_0.05_uniq_64.txt
Running data/synth_mats/vary_col/q_64/r_128_c_256_p_0.05_uniq_64.txt
Finished running in 399.05600000000004ms
Generating and Compiling data/synth_mats/vary_col/q_64/r_128_c_512_p_0.05_uniq_64.txt
Running data/synth_mats/vary_col/q_64/r_128_c_512_p_0.05_uniq_64.txt
Finished running in 438.587ms
Generating and Compiling data/synth_mats/vary_col/q_64/r_128_c_1024_p_0.05_uniq_64.txt
Running data/synth_mats/vary_col/q_64/r_128_c_1024_p_0.05_uniq_64.txt
Finished running in 601.135ms
Generating and Compiling data/synth_mats/vary_density/q_16/r_128_c_128_p_0.01_uniq_16.txt
Running data/synth_mats/vary_density/q_16/r_128_c_128_p_0.01_uniq_16.txt
Finished running in 247.96299999999997ms
Generating and Compiling data/synth_mats/vary_density/q_16/r_128_c_128_p_0.1_uniq_16.txt
Running data/synth_mats/vary_density/q_16/r_128_c_128_p_0.1_uniq_16.txt
Finished running in 393.543ms
Generating and Compiling data/synth_mats/vary_density/q_16/r_128_c_128_p_0.2_uniq_16.txt
Running data/synth_mats/vary_density/q_16/r_128_c_128_p_0.2_uniq_16.txt
Finished running in 352.35ms
Generating and Compiling data/synth_mats/vary_density/q_16/r_128_c_128_p_0.3_uniq_16.txt
Running data/synth_mats/vary_density/q_16/r_128_c_128_p_0.3_uniq_16.txt
Finished running in 687.873ms
Generating and Compiling data/synth_mats/vary_density/q_16/r_128_c_128_p_0.4_uniq_16.txt
Running data/synth_mats/vary_density/q_16/r_128_c_128_p_0.4_uniq_16.txt
Finished running in 988.641ms
Generating and Compiling data/synth_mats/vary_density/q_16/r_128_c_128_p_0.5_uniq_16.txt
Running data/synth_mats/vary_density/q_16/r_128_c_128_p_0.5_uniq_16.txt
Finished running in 1205.709ms
Generating and Compiling data/synth_mats/vary_density/q_16/r_128_c_128_p_0.05_uniq_16.txt
Running data/synth_mats/vary_density/q_16/r_128_c_128_p_0.05_uniq_16.txt
Finished running in 368.772ms
Generating and Compiling data/synth_mats/vary_density/q_16/r_128_c_128_p_0.15_uniq_16.txt
Running data/synth_mats/vary_density/q_16/r_128_c_128_p_0.15_uniq_16.txt
Finished running in 312.421ms
Generating and Compiling data/synth_mats/vary_density/q_16/r_128_c_128_p_0.25_uniq_16.txt
Running data/synth_mats/vary_density/q_16/r_128_c_128_p_0.25_uniq_16.txt
Finished running in 598.82ms
Generating and Compiling data/synth_mats/vary_density/q_16/r_128_c_128_p_0.025_uniq_16.txt
Running data/synth_mats/vary_density/q_16/r_128_c_128_p_0.025_uniq_16.txt
Finished running in 342.499ms
Generating and Compiling data/synth_mats/vary_density/q_16/r_128_c_128_p_0.075_uniq_16.txt
Running data/synth_mats/vary_density/q_16/r_128_c_128_p_0.075_uniq_16.txt
Finished running in 393.211ms
Generating and Compiling data/synth_mats/vary_density/q_16/r_128_c_128_p_0.125_uniq_16.txt
Running data/synth_mats/vary_density/q_16/r_128_c_128_p_0.125_uniq_16.txt
Finished running in 366.709ms
Generating and Compiling data/synth_mats/vary_density/q_64/r_128_c_128_p_0.01_uniq_64.txt
Running data/synth_mats/vary_density/q_64/r_128_c_128_p_0.01_uniq_64.txt
Finished running in 248.07399999999996ms
Generating and Compiling data/synth_mats/vary_density/q_64/r_128_c_128_p_0.1_uniq_64.txt
Running data/synth_mats/vary_density/q_64/r_128_c_128_p_0.1_uniq_64.txt
Finished running in 378.001ms
Generating and Compiling data/synth_mats/vary_density/q_64/r_128_c_128_p_0.2_uniq_64.txt
Running data/synth_mats/vary_density/q_64/r_128_c_128_p_0.2_uniq_64.txt
Finished running in 553.507ms
Generating and Compiling data/synth_mats/vary_density/q_64/r_128_c_128_p_0.3_uniq_64.txt
Running data/synth_mats/vary_density/q_64/r_128_c_128_p_0.3_uniq_64.txt
Finished running in 690.512ms
Generating and Compiling data/synth_mats/vary_density/q_64/r_128_c_128_p_0.4_uniq_64.txt
Running data/synth_mats/vary_density/q_64/r_128_c_128_p_0.4_uniq_64.txt
Finished running in 995.123ms
Generating and Compiling data/synth_mats/vary_density/q_64/r_128_c_128_p_0.5_uniq_64.txt
Running data/synth_mats/vary_density/q_64/r_128_c_128_p_0.5_uniq_64.txt
Finished running in 1199.023ms
Generating and Compiling data/synth_mats/vary_density/q_64/r_128_c_128_p_0.05_uniq_64.txt
Running data/synth_mats/vary_density/q_64/r_128_c_128_p_0.05_uniq_64.txt
Finished running in 371.80899999999997ms
Generating and Compiling data/synth_mats/vary_density/q_64/r_128_c_128_p_0.15_uniq_64.txt
Running data/synth_mats/vary_density/q_64/r_128_c_128_p_0.15_uniq_64.txt
Finished running in 326.399ms
Generating and Compiling data/synth_mats/vary_density/q_64/r_128_c_128_p_0.25_uniq_64.txt
Running data/synth_mats/vary_density/q_64/r_128_c_128_p_0.25_uniq_64.txt
Finished running in 584.428ms
Generating and Compiling data/synth_mats/vary_density/q_64/r_128_c_128_p_0.025_uniq_64.txt
Running data/synth_mats/vary_density/q_64/r_128_c_128_p_0.025_uniq_64.txt
Finished running in 338.866ms
Generating and Compiling data/synth_mats/vary_density/q_64/r_128_c_128_p_0.075_uniq_64.txt
Running data/synth_mats/vary_density/q_64/r_128_c_128_p_0.075_uniq_64.txt
Finished running in 395.34299999999996ms
Generating and Compiling data/synth_mats/vary_density/q_64/r_128_c_128_p_0.125_uniq_64.txt
Running data/synth_mats/vary_density/q_64/r_128_c_128_p_0.125_uniq_64.txt
Finished running in 374.775ms
Generating and Compiling data/synth_mats/vary_row/q_16/r_32_c_128_p_0.05_uniq_16.txt
Running data/synth_mats/vary_row/q_16/r_32_c_128_p_0.05_uniq_16.txt
Finished running in 303.28ms
Generating and Compiling data/synth_mats/vary_row/q_16/r_64_c_128_p_0.05_uniq_16.txt
Running data/synth_mats/vary_row/q_16/r_64_c_128_p_0.05_uniq_16.txt
Finished running in 346.927ms
Generating and Compiling data/synth_mats/vary_row/q_16/r_128_c_128_p_0.05_uniq_16.txt
Running data/synth_mats/vary_row/q_16/r_128_c_128_p_0.05_uniq_16.txt
Finished running in 369.141ms
Generating and Compiling data/synth_mats/vary_row/q_16/r_256_c_128_p_0.05_uniq_16.txt
Running data/synth_mats/vary_row/q_16/r_256_c_128_p_0.05_uniq_16.txt
Finished running in 368.298ms
Generating and Compiling data/synth_mats/vary_row/q_16/r_512_c_128_p_0.05_uniq_16.txt
Running data/synth_mats/vary_row/q_16/r_512_c_128_p_0.05_uniq_16.txt
Finished running in 348.717ms
Generating and Compiling data/synth_mats/vary_row/q_16/r_1024_c_128_p_0.05_uniq_16.txt
Running data/synth_mats/vary_row/q_16/r_1024_c_128_p_0.05_uniq_16.txt
Finished running in 485.056ms
Generating and Compiling data/synth_mats/vary_row/q_64/r_32_c_128_p_0.05_uniq_64.txt
Running data/synth_mats/vary_row/q_64/r_32_c_128_p_0.05_uniq_64.txt
Finished running in 298.271ms
Generating and Compiling
LIBXSMM_VERSION: RT-bct-L1-NMBlocking-1.16.1-1576 (25183784)
LIBXSMM_TARGET: skx
Registry and code: 13 MB
Uptime: 1.590306 s

LIBXSMM_VERSION: RT-bct-L1-NMBlocking-1.16.1-1576 (25183784)
LIBXSMM_TARGET: skx
Registry and code: 13 MB
Uptime: 1.626027 s

LIBXSMM_VERSION: RT-bct-L1-NMBlocking-1.16.1-1576 (25183784)
LIBXSMM_TARGET: skx
Registry and code: 13 MB
Uptime: 1.659717 s

LIBXSMM_VERSION: RT-bct-L1-NMBlocking-1.16.1-1576 (25183784)
LIBXSMM_TARGET: skx
Registry and code: 13 MB
Uptime: 1.694216 s

LIBXSMM_VERSION: RT-bct-L1-NMBlocking-1.16.1-1576 (25183784)
LIBXSMM_TARGET: skx
Registry and code: 13 MB
Uptime: 1.808944 s

LIBXSMM_VERSION: RT-bct-L1-NMBlocking-1.16.1-1576 (25183784)
LIBXSMM_TARGET: skx
Registry and code: 13 MB
Uptime: 1.622693 s

LIBXSMM_VERSION: RT-bct-L1-NMBlocking-1.16.1-1576 (25183784)
LIBXSMM_TARGET: skx
Registry and code: 13 MB
Uptime: 1.625338 s

LIBXSMM_VERSION: RT-bct-L1-NMBlocking-1.16.1-1576 (25183784)
LIBXSMM_TARGET: skx
Registry and code: 13 MB
Uptime: 1.623493 s

LIBXSMM_VERSION: RT-bct-L1-NMBlocking-1.16.1-1576 (25183784)
LIBXSMM_TARGET: skx
Registry and code: 13 MB
Uptime: 1.622517 s

LIBXSMM_VERSION: RT-bct-L1-NMBlocking-1.16.1-1576 (25183784)
LIBXSMM_TARGET: skx
Registry and code: 13 MB
Uptime: 1.625548 s

LIBXSMM_VERSION: RT-bct-L1-NMBlocking-1.16.1-1576 (25183784)
LIBXSMM_TARGET: skx
Registry and code: 13 MB
Uptime: 1.622744 s

LIBXSMM_VERSION: RT-bct-L1-NMBlocking-1.16.1-1576 (25183784)
LIBXSMM_TARGET: skx
Registry and code: 13 MB
Uptime: 1.624402 s

LIBXSMM_VERSION: RT-bct-L1-NMBlocking-1.16.1-1576 (25183784)
LIBXSMM_TARGET: skx
Registry and code: 13 MB
Uptime: 1.623315 s

LIBXSMM_VERSION: RT-bct-L1-NMBlocking-1.16.1-1576 (25183784)
LIBXSMM_TARGET: skx
Registry and code: 13 MB
Uptime: 1.623756 s

LIBXSMM_VERSION: RT-bct-L1-NMBlocking-1.16.1-1576 (25183784)
LIBXSMM_TARGET: skx
Registry and code: 13 MB
Uptime: 1.626628 s

LIBXSMM_VERSION: RT-bct-L1-NMBlocking-1.16.1-1576 (25183784)
LIBXSMM_TARGET: skx
Registry and code: 13 MB
Uptime: 1.626716 s

LIBXSMM_VERSION: RT-bct-L1-NMBlocking-1.16.1-1576 (25183784)
LIBXSMM_TARGET: skx
Registry and code: 13 MB
Uptime: 1.625298 s

LIBXSMM_VERSION: RT-bct-L1-NMBlocking-1.16.1-1576 (25183784)
LIBXSMM_TARGET: skx
Registry and code: 13 MB
Uptime: 1.623218 s

LIBXSMM_VERSION: RT-bct-L1-NMBlocking-1.16.1-1576 (25183784)
LIBXSMM_TARGET: skx
Registry and code: 13 MB
Uptime: 1.623967 s

LIBXSMM_VERSION: RT-bct-L1-NMBlocking-1.16.1-1576 (25183784)
LIBXSMM_TARGET: skx
Registry and code: 13 MB
Uptime: 1.623782 s

LIBXSMM_VERSION: RT-bct-L1-NMBlocking-1.16.1-1576 (25183784)
LIBXSMM_TARGET: skx
Registry and code: 13 MB
Uptime: 1.623764 s
 data/synth_mats/vary_row/q_64/r_64_c_128_p_0.05_uniq_64.txt
Running data/synth_mats/vary_row/q_64/r_64_c_128_p_0.05_uniq_64.txt
Finished running in 355.354ms
Generating and Compiling data/synth_mats/vary_row/q_64/r_128_c_128_p_0.05_uniq_64.txt
Running data/synth_mats/vary_row/q_64/r_128_c_128_p_0.05_uniq_64.txt
Finished running in 371.018ms
Generating and Compiling data/synth_mats/vary_row/q_64/r_256_c_128_p_0.05_uniq_64.txt
Running data/synth_mats/vary_row/q_64/r_256_c_128_p_0.05_uniq_64.txt
Finished running in 368.571ms
Generating and Compiling data/synth_mats/vary_row/q_64/r_512_c_128_p_0.05_uniq_64.txt
Running data/synth_mats/vary_row/q_64/r_512_c_128_p_0.05_uniq_64.txt
Finished running in 396.29ms
Generating and Compiling data/synth_mats/vary_row/q_64/r_1024_c_128_p_0.05_uniq_64.txt
Running data/synth_mats/vary_row/q_64/r_1024_c_128_p_0.05_uniq_64.txt
Finished running in 484.392ms
Generating and Compiling data/synth_mats/vary_unique/r_128_c_128_p_0.05_uniq_8.txt
Running data/synth_mats/vary_unique/r_128_c_128_p_0.05_uniq_8.txt
Finished running in 370.612ms
Generating and Compiling data/synth_mats/vary_unique/r_128_c_128_p_0.05_uniq_16.txt
Running data/synth_mats/vary_unique/r_128_c_128_p_0.05_uniq_16.txt
Finished running in 370.18100000000004ms
Generating and Compiling data/synth_mats/vary_unique/r_128_c_128_p_0.05_uniq_24.txt
Running data/synth_mats/vary_unique/r_128_c_128_p_0.05_uniq_24.txt
Finished running in 369.596ms
Generating and Compiling data/synth_mats/vary_unique/r_128_c_128_p_0.05_uniq_31.txt
Running data/synth_mats/vary_unique/r_128_c_128_p_0.05_uniq_31.txt
Finished running in 371.029ms
Generating and Compiling data/synth_mats/vary_unique/r_128_c_128_p_0.05_uniq_40.txt
Running data/synth_mats/vary_unique/r_128_c_128_p_0.05_uniq_40.txt
Finished running in 370.92999999999995ms
Generating and Compiling data/synth_mats/vary_unique/r_128_c_128_p_0.05_uniq_48.txt
Running data/synth_mats/vary_unique/r_128_c_128_p_0.05_uniq_48.txt
Finished running in 371.175ms
Generating and Compiling data/synth_mats/vary_unique/r_128_c_128_p_0.05_uniq_56.txt
Running data/synth_mats/vary_unique/r_128_c_128_p_0.05_uniq_56.txt
Finished running in 369.562ms
Generating and Compiling data/synth_mats/vary_unique/r_128_c_128_p_0.05_uniq_64.txt
Running data/synth_mats/vary_unique/r_128_c_128_p_0.05_uniq_64.txt
Finished running in 370.679ms
Generating and Compiling data/synth_mats/vary_unique/r_128_c_128_p_0.05_uniq_78.txt
Running data/synth_mats/vary_unique/r_128_c_128_p_0.05_uniq_78.txt
Finished running in 371.638ms
Generating and Compiling data/synth_mats/vary_unique/r_128_c_128_p_0.05_uniq_96.txt
Running data/synth_mats/vary_unique/r_128_c_128_p_0.05_uniq_96.txt
Finished running in 372.21400000000006ms
Generating and Compiling data/synth_mats/vary_unique/r_128_c_128_p_0.05_uniq_112.txt
Running data/synth_mats/vary_unique/r_128_c_128_p_0.05_uniq_112.txt
Finished running in 371.241ms
Generating and Compiling data/synth_mats/vary_unique/r_128_c_128_p_0.05_uniq_128.txt
Running data/synth_mats/vary_unique/r_128_c_128_p_0.05_uniq_128.txt
Finished running in 371.224ms
Generating and Compiling data/synth_mats/vary_unique/r_128_c_128_p_0.05_uniq_144.txt
Running data/synth_mats/vary_unique/r_128_c_128_p_0.05_uniq_144.txt
Finished running in 368.59799999999996ms
Generating and Compiling data/synth_mats/vary_unique/r_128_c_128_p_0.05_uniq_160.txt
Running data/synth_mats/vary_unique/r_128_c_128_p_0.05_uniq_160.txt
Finished running in 368.988ms
Generating and Compiling data/synth_mats/vary_unique/r_128_c_128_p_0.05_uniq_176.txt
Running data/synth_mats/vary_unique/r_128_c_128_p_0.05_uniq_176.txt
Finished running in 369.587ms
Generating and Compiling data/synth_mats/vary_unique/r_128_c_128_p_0.05_uniq_192.txt
Running data/synth_mats/vary_unique/r_128_c_128_p_0.05_uniq_192.txt
Finished running in 370.966ms
