
LIBXSMM_VERSION: RT-bct-L1-NMBlocking-1.16.1-1576 (25183784)
LIBXSMM_TARGET: skx
Registry and code: 13 MB
Uptime: 1.527965 s

LIBXSMM_VERSION: RT-bct-L1-NMBlocking-1.16.1-1576 (25183784)
LIBXSMM_TARGET: skx
Registry and code: 13 MB
Uptime: 1.626433 s

LIBXSMM_VERSION: RT-bct-L1-NMBlocking-1.16.1-1576 (25183784)
LIBXSMM_TARGET: skx
Registry and code: 13 MB
Uptime: 1.624670 s

LIBXSMM_VERSION: RT-bct-L1-NMBlocking-1.16.1-1576 (25183784)
LIBXSMM_TARGET: skx
Registry and code: 13 MB
Uptime: 1.634768 s

LIBXSMM_VERSION: RT-bct-L1-NMBlocking-1.16.1-1576 (25183784)
LIBXSMM_TARGET: skx
Registry and code: 13 MB
Uptime: 1.680618 s

LIBXSMM_VERSION: RT-bct-L1-NMBlocking-1.16.1-1576 (25183784)
LIBXSMM_TARGET: skx
Registry and code: 13 MB
Uptime: 1.855268 s

LIBXSMM_VERSION: RT-bct-L1-NMBlocking-1.16.1-1576 (25183784)
LIBXSMM_TARGET: skx
Registry and code: 13 MB
Uptime: 1.518304 s

LIBXSMM_VERSION: RT-bct-L1-NMBlocking-1.16.1-1576 (25183784)
LIBXSMM_TARGET: skx
Registry and code: 13 MB
Uptime: 1.622238 s

LIBXSMM_VERSION: RT-bct-L1-NMBlocking-1.16.1-1576 (25183784)
LIBXSMM_TARGET: skx
Registry and code: 13 MB
Uptime: 1.626600 s

LIBXSMM_VERSION: RT-bct-L1-NMBlocking-1.16.1-1576 (25183784)
LIBXSMM_TARGET: skx
Registry and code: 13 MB
Uptime: 1.638816 s

LIBXSMM_VERSION: RT-bct-L1-NMBlocking-1.16.1-1576 (25183784)
LIBXSMM_TARGET: skx
Registry and code: 13 MB
Uptime: 1.682796 s

LIBXSMM_VERSION: RT-bct-L1-NMBlocking-1.16.1-1576 (25183784)
LIBXSMM_TARGET: skx
Registry and code: 13 MB
Uptime: 1.858233 s

LIBXSMM_VERSION: RT-bct-L1-NMBlocking-1.16.1-1576 (25183784)
LIBXSMM_TARGET: skx
Registry and code: 13 MB
Uptime: 1.503290 s

LIBXSMM_VERSION: RT-bct-L1-NMBlocking-1.16.1-1576 (25183784)
LIBXSMM_TARGET: skx
Registry and code: 13 MB
Uptime: 1.673343 s

LIBXSMM_VERSION: RT-bct-L1-NMBlocking-1.16.1-1576 (25183784)
LIBXSMM_TARGET: skx
Registry and code: 13 MB
Uptime: 1.815742 s

LIBXSMM_VERSION: RT-bct-L1-NMBlocking-1.16.1-1576 (25183784)
LIBXSMM_TARGET: skx
Registry and code: 13 MB
Uptime: 2.017055 s

LIBXSMM_VERSION: RT-bct-L1-NMBlocking-1.16.1-1576 (25183784)
LIBXSMM_TARGET: skx
Registry and code: 13 MB
Uptime: 2.246400 s

LIBXSMM_VERSION: RT-bct-L1-NMBlocking-1.16.1-1576 (25183784)
LIBXSMM_TARGET: skx
Registry and code: 13 MB
Uptime: 2.511246 s

LIBXSMM_VERSION: RT-bct-L1-NMBlocking-1.16.1-1576 (25183784)
LIBXSMM_TARGET: skx
Registry and code: 13 MB
Uptime: 1.623685 s

LIBXSMM_VERSION: RT-bct-L1-NMBlocking-1.16.1-1576 (25183784)
LIBXSMM_TARGET: skx
Registry and code: 13 MB
Uptime: 1.731381 s

LIBXSMM_VERSION: RT-bct-L1-NMBlocking-1.16.1-1576 (25183784)
LIBXSMM_TARGET: skx
Registry and code: 13 MB
Uptime: 1.905610 s

LIBXSMM_VERSION: RT-bct-L1-NMBlocking-1.16.1-1576 (25183784)
LIBXSMM_TARGET: skx
Registry and code: 13 MB
Uptime: 1.594782 s

LIBXSMM_VERSION: RT-bct-L1-NMBlocking-1.16.1-1576 (25183784)
LIBXSMM_TARGET: skx
Registry and code: 13 MB
Uptime: 1.652996 s

LIBXSMM_VERSION: RT-bct-L1-NMBlocking-1.16.1-1576 (25183784)
LIBXSMM_TARGET: skx
Registry and code: 13 MB
Uptime: 1.701212 s

LIBXSMM_VERSION: RT-bct-L1-NMBlocking-1.16.1-1576 (25183784)
LIBXSMM_TARGET: skx
Registry and code: 13 MB
Uptime: 1.502872 s

LIBXSMM_VERSION: RT-bct-L1-NMBlocking-1.16.1-1576 (25183784)
LIBXSMM_TARGET: skx
Registry and code: 13 MB
Uptime: 1.675761 s

LIBXSMM_VERSION: RT-bct-L1-NMBlocking-1.16.1-1576 (25183784)
LIBXSMM_TARGET: skx
Registry and code: 13 MB
Uptime: 1.808638 s

LIBXSMM_VERSION: RT-bct-L1-NMBlocking-1.16.1-1576 (25183784)
LIBXSMM_TARGET: skx
Registry and code: 13 MB
Uptime: 2.018534 s

LIBXSMM_VERSION: RT-bct-L1-NMBlocking-1.16.1-1576 (25183784)
LIBXSMM_TARGET: skx
Registry and code: 13 MB
Uptime: 2.250670 s

LIBXSMM_VERSION: RT-bct-L1-NMBlocking-1.16.1-1576 (25183784)
LIBXSMM_TARGET: skx
Registry and code: 13 MB
Uptime: 2.509794 s

LIBXSMM_VERSION: RT-bct-L1-NMBlocking-1.16.1-1576 (25183784)
LIBXSMM_TARGET: skx
Registry and code: 13 MB
Uptime: 1.631731 s

LIBXSMM_VERSION: RT-bct-L1-NMBlocking-1.16.1-1576 (25183784)
LIBXSMM_TARGET: skx
Registry and code: 13 MB
Uptime: 1.731195 s

LIBXSMM_VERSION: RT-bct-L1-NMBlocking-1.16.1-1576 (25183784)
LIBXSMM_TARGET: skx
Registry and code: 13 MB
Uptime: 1.911136 s

LIBXSMM_VERSION: RT-bct-L1-NMBlocking-1.16.1-1576 (25183784)
LIBXSMM_TARGET: skx
Registry and code: 13 MB
Uptime: 1.594046 s

LIBXSMM_VERSION: RT-bct-L1-NMBlocking-1.16.1-1576 (25183784)
LIBXSMM_TARGET: skx
Registry and code: 13 MB
Uptime: 1.652232 s

LIBXSMM_VERSION: RT-bct-L1-NMBlocking-1.16.1-1576 (25183784)
LIBXSMM_TARGET: skx
Registry and code: 13 MB
Uptime: 1.700532 s

LIBXSMM_VERSION: RT-bct-L1-NMBlocking-1.16.1-1576 (25183784)
LIBXSMM_TARGET: skx
Registry and code: 13 MB
Uptime: 1.526442 s

LIBXSMM_VERSION: RT-bct-L1-NMBlocking-1.16.1-1576 (25183784)
LIBXSMM_TARGET: skx
Registry and code: 13 MB
Uptime: 1.579392 s

LIBXSMM_VERSION: RT-bct-L1-NMBlocking-1.16.1-1576 (25183784)
LIBXSMM_TARGET: skx
Registry and code: 13 MB
Uptime: 1.624815 s

LIBXSMM_VERSION: RT-bct-L1-NMBlocking-1.16.1-1576 (25183784)
LIBXSMM_TARGET: skx
Registry and code: 13 MB
Uptime: 1.658275 s

LIBXSMM_VERSION: RT-bct-L1-NMBlocking-1.16.1-1576 (25183784)
LIBXSMM_TARGET: skx
Registry and code: 13 MB
Uptime: 1.696028 s

LIBXSMM_VERSION: RT-bct-L1-NMBlocking-1.16.1-1576 (25183784)
LIBXSMM_TARGET: skx
Registry and code: 13 MB
Uptime: 1.811750 s

LIBXSMM_VERSION: RT-bct-L1-NMBlocking-1.16.1-1576 (25183784)
LIBXSMM_TARGET: skx
Registry and code: 13 MB
Uptime: 1.516406 s
Generating and Compiling data/synth_mats/vary_col/q_16/r_128_c_32_p_0.05_uniq_16.txt
Running data/synth_mats/vary_col/q_16/r_128_c_32_p_0.05_uniq_16.txt
Finished running in 247.255ms
Generating and Compiling data/synth_mats/vary_col/q_16/r_128_c_64_p_0.05_uniq_16.txt
Running data/synth_mats/vary_col/q_16/r_128_c_64_p_0.05_uniq_16.txt
Finished running in 357.69399999999996ms
Generating and Compiling data/synth_mats/vary_col/q_16/r_128_c_128_p_0.05_uniq_16.txt
Running data/synth_mats/vary_col/q_16/r_128_c_128_p_0.05_uniq_16.txt
Finished running in 370.073ms
Generating and Compiling data/synth_mats/vary_col/q_16/r_128_c_256_p_0.05_uniq_16.txt
Running data/synth_mats/vary_col/q_16/r_128_c_256_p_0.05_uniq_16.txt
Finished running in 393.795ms
Generating and Compiling data/synth_mats/vary_col/q_16/r_128_c_512_p_0.05_uniq_16.txt
Running data/synth_mats/vary_col/q_16/r_128_c_512_p_0.05_uniq_16.txt
Finished running in 441.355ms
Generating and Compiling data/synth_mats/vary_col/q_16/r_128_c_1024_p_0.05_uniq_16.txt
Running data/synth_mats/vary_col/q_16/r_128_c_1024_p_0.05_uniq_16.txt
Finished running in 574.976ms
Generating and Compiling data/synth_mats/vary_col/q_64/r_128_c_32_p_0.05_uniq_64.txt
Running data/synth_mats/vary_col/q_64/r_128_c_32_p_0.05_uniq_64.txt
Finished running in 231.867ms
Generating and Compiling data/synth_mats/vary_col/q_64/r_128_c_64_p_0.05_uniq_64.txt
Running data/synth_mats/vary_col/q_64/r_128_c_64_p_0.05_uniq_64.txt
Finished running in 354.064ms
Generating and Compiling data/synth_mats/vary_col/q_64/r_128_c_128_p_0.05_uniq_64.txt
Running data/synth_mats/vary_col/q_64/r_128_c_128_p_0.05_uniq_64.txt
Finished running in 370.39300000000003ms
Generating and Compiling data/synth_mats/vary_col/q_64/r_128_c_256_p_0.05_uniq_64.txt
Running data/synth_mats/vary_col/q_64/r_128_c_256_p_0.05_uniq_64.txt
Finished running in 397.70899999999995ms
Generating and Compiling data/synth_mats/vary_col/q_64/r_128_c_512_p_0.05_uniq_64.txt
Running data/synth_mats/vary_col/q_64/r_128_c_512_p_0.05_uniq_64.txt
Finished running in 439.14ms
Generating and Compiling data/synth_mats/vary_col/q_64/r_128_c_1024_p_0.05_uniq_64.txt
Running data/synth_mats/vary_col/q_64/r_128_c_1024_p_0.05_uniq_64.txt
Finished running in 609.831ms
Generating and Compiling data/synth_mats/vary_density/q_16/r_128_c_128_p_0.01_uniq_16.txt
Running data/synth_mats/vary_density/q_16/r_128_c_128_p_0.01_uniq_16.txt
Finished running in 247.109ms
Generating and Compiling data/synth_mats/vary_density/q_16/r_128_c_128_p_0.1_uniq_16.txt
Running data/synth_mats/vary_density/q_16/r_128_c_128_p_0.1_uniq_16.txt
Finished running in 392.445ms
Generating and Compiling data/synth_mats/vary_density/q_16/r_128_c_128_p_0.2_uniq_16.txt
Running data/synth_mats/vary_density/q_16/r_128_c_128_p_0.2_uniq_16.txt
Finished running in 354.869ms
Generating and Compiling data/synth_mats/vary_density/q_16/r_128_c_128_p_0.3_uniq_16.txt
Running data/synth_mats/vary_density/q_16/r_128_c_128_p_0.3_uniq_16.txt
Finished running in 689.159ms
Generating and Compiling data/synth_mats/vary_density/q_16/r_128_c_128_p_0.4_uniq_16.txt
Running data/synth_mats/vary_density/q_16/r_128_c_128_p_0.4_uniq_16.txt
Finished running in 990.131ms
Generating and Compiling data/synth_mats/vary_density/q_16/r_128_c_128_p_0.5_uniq_16.txt
Running data/synth_mats/vary_density/q_16/r_128_c_128_p_0.5_uniq_16.txt
Finished running in 1203.046ms
Generating and Compiling data/synth_mats/vary_density/q_16/r_128_c_128_p_0.05_uniq_16.txt
Running data/synth_mats/vary_density/q_16/r_128_c_128_p_0.05_uniq_16.txt
Finished running in 369.58ms
Generating and Compiling data/synth_mats/vary_density/q_16/r_128_c_128_p_0.15_uniq_16.txt
Running data/synth_mats/vary_density/q_16/r_128_c_128_p_0.15_uniq_16.txt
Finished running in 312.955ms
Generating and Compiling data/synth_mats/vary_density/q_16/r_128_c_128_p_0.25_uniq_16.txt
Running data/synth_mats/vary_density/q_16/r_128_c_128_p_0.25_uniq_16.txt
Finished running in 604.303ms
Generating and Compiling data/synth_mats/vary_density/q_16/r_128_c_128_p_0.025_uniq_16.txt
Running data/synth_mats/vary_density/q_16/r_128_c_128_p_0.025_uniq_16.txt
Finished running in 342.427ms
Generating and Compiling data/synth_mats/vary_density/q_16/r_128_c_128_p_0.075_uniq_16.txt
Running data/synth_mats/vary_density/q_16/r_128_c_128_p_0.075_uniq_16.txt
Finished running in 397.13ms
Generating and Compiling data/synth_mats/vary_density/q_16/r_128_c_128_p_0.125_uniq_16.txt
Running data/synth_mats/vary_density/q_16/r_128_c_128_p_0.125_uniq_16.txt
Finished running in 367.343ms
Generating and Compiling data/synth_mats/vary_density/q_64/r_128_c_128_p_0.01_uniq_64.txt
Running data/synth_mats/vary_density/q_64/r_128_c_128_p_0.01_uniq_64.txt
Finished running in 248.869ms
Generating and Compiling data/synth_mats/vary_density/q_64/r_128_c_128_p_0.1_uniq_64.txt
Running data/synth_mats/vary_density/q_64/r_128_c_128_p_0.1_uniq_64.txt
Finished running in 378.722ms
Generating and Compiling data/synth_mats/vary_density/q_64/r_128_c_128_p_0.2_uniq_64.txt
Running data/synth_mats/vary_density/q_64/r_128_c_128_p_0.2_uniq_64.txt
Finished running in 553.76ms
Generating and Compiling data/synth_mats/vary_density/q_64/r_128_c_128_p_0.3_uniq_64.txt
Running data/synth_mats/vary_density/q_64/r_128_c_128_p_0.3_uniq_64.txt
Finished running in 686.411ms
Generating and Compiling data/synth_mats/vary_density/q_64/r_128_c_128_p_0.4_uniq_64.txt
Running data/synth_mats/vary_density/q_64/r_128_c_128_p_0.4_uniq_64.txt
Finished running in 990.927ms
Generating and Compiling data/synth_mats/vary_density/q_64/r_128_c_128_p_0.5_uniq_64.txt
Running data/synth_mats/vary_density/q_64/r_128_c_128_p_0.5_uniq_64.txt
Finished running in 1220.916ms
Generating and Compiling data/synth_mats/vary_density/q_64/r_128_c_128_p_0.05_uniq_64.txt
Running data/synth_mats/vary_density/q_64/r_128_c_128_p_0.05_uniq_64.txt
Finished running in 372.54200000000003ms
Generating and Compiling data/synth_mats/vary_density/q_64/r_128_c_128_p_0.15_uniq_64.txt
Running data/synth_mats/vary_density/q_64/r_128_c_128_p_0.15_uniq_64.txt
Finished running in 317.677ms
Generating and Compiling data/synth_mats/vary_density/q_64/r_128_c_128_p_0.25_uniq_64.txt
Running data/synth_mats/vary_density/q_64/r_128_c_128_p_0.25_uniq_64.txt
Finished running in 588.198ms
Generating and Compiling data/synth_mats/vary_density/q_64/r_128_c_128_p_0.025_uniq_64.txt
Running data/synth_mats/vary_density/q_64/r_128_c_128_p_0.025_uniq_64.txt
Finished running in 340.252ms
Generating and Compiling data/synth_mats/vary_density/q_64/r_128_c_128_p_0.075_uniq_64.txt
Running data/synth_mats/vary_density/q_64/r_128_c_128_p_0.075_uniq_64.txt
Finished running in 393.85699999999997ms
Generating and Compiling data/synth_mats/vary_density/q_64/r_128_c_128_p_0.125_uniq_64.txt
Running data/synth_mats/vary_density/q_64/r_128_c_128_p_0.125_uniq_64.txt
Finished running in 370.38699999999994ms
Generating and Compiling data/synth_mats/vary_row/q_16/r_32_c_128_p_0.05_uniq_16.txt
Running data/synth_mats/vary_row/q_16/r_32_c_128_p_0.05_uniq_16.txt
Finished running in 305.18ms
Generating and Compiling data/synth_mats/vary_row/q_16/r_64_c_128_p_0.05_uniq_16.txt
Running data/synth_mats/vary_row/q_16/r_64_c_128_p_0.05_uniq_16.txt
Finished running in 345.903ms
Generating and Compiling data/synth_mats/vary_row/q_16/r_128_c_128_p_0.05_uniq_16.txt
Running data/synth_mats/vary_row/q_16/r_128_c_128_p_0.05_uniq_16.txt
Finished running in 370.415ms
Generating and Compiling data/synth_mats/vary_row/q_16/r_256_c_128_p_0.05_uniq_16.txt
Running data/synth_mats/vary_row/q_16/r_256_c_128_p_0.05_uniq_16.txt
Finished running in 368.38ms
Generating and Compiling data/synth_mats/vary_row/q_16/r_512_c_128_p_0.05_uniq_16.txt
Running data/synth_mats/vary_row/q_16/r_512_c_128_p_0.05_uniq_16.txt
Finished running in 348.347ms
Generating and Compiling data/synth_mats/vary_row/q_16/r_1024_c_128_p_0.05_uniq_16.txt
Running data/synth_mats/vary_row/q_16/r_1024_c_128_p_0.05_uniq_16.txt
Finished running in 485.102ms
Generating and Compiling data/synth_mats/vary_row/q_64/r_32_c_128_p_0.05_uniq_64.txt
Running data/synth_mats/vary_row/q_64/r_32_c_128_p_0.05_uniq_64.txt
Finished running in 296.659ms

LIBXSMM_VERSION: RT-bct-L1-NMBlocking-1.16.1-1576 (25183784)
LIBXSMM_TARGET: skx
Registry and code: 13 MB
Uptime: 1.585347 s

LIBXSMM_VERSION: RT-bct-L1-NMBlocking-1.16.1-1576 (25183784)
LIBXSMM_TARGET: skx
Registry and code: 13 MB
Uptime: 1.627017 s

LIBXSMM_VERSION: RT-bct-L1-NMBlocking-1.16.1-1576 (25183784)
LIBXSMM_TARGET: skx
Registry and code: 13 MB
Uptime: 1.661267 s

LIBXSMM_VERSION: RT-bct-L1-NMBlocking-1.16.1-1576 (25183784)
LIBXSMM_TARGET: skx
Registry and code: 13 MB
Uptime: 1.697178 s

LIBXSMM_VERSION: RT-bct-L1-NMBlocking-1.16.1-1576 (25183784)
LIBXSMM_TARGET: skx
Registry and code: 13 MB
Uptime: 1.811896 s

LIBXSMM_VERSION: RT-bct-L1-NMBlocking-1.16.1-1576 (25183784)
LIBXSMM_TARGET: skx
Registry and code: 13 MB
Uptime: 1.623990 s

LIBXSMM_VERSION: RT-bct-L1-NMBlocking-1.16.1-1576 (25183784)
LIBXSMM_TARGET: skx
Registry and code: 13 MB
Uptime: 1.624272 s

LIBXSMM_VERSION: RT-bct-L1-NMBlocking-1.16.1-1576 (25183784)
LIBXSMM_TARGET: skx
Registry and code: 13 MB
Uptime: 1.624279 s

LIBXSMM_VERSION: RT-bct-L1-NMBlocking-1.16.1-1576 (25183784)
LIBXSMM_TARGET: skx
Registry and code: 13 MB
Uptime: 1.624366 s

LIBXSMM_VERSION: RT-bct-L1-NMBlocking-1.16.1-1576 (25183784)
LIBXSMM_TARGET: skx
Registry and code: 13 MB
Uptime: 1.629402 s

LIBXSMM_VERSION: RT-bct-L1-NMBlocking-1.16.1-1576 (25183784)
LIBXSMM_TARGET: skx
Registry and code: 13 MB
Uptime: 1.623007 s

LIBXSMM_VERSION: RT-bct-L1-NMBlocking-1.16.1-1576 (25183784)
LIBXSMM_TARGET: skx
Registry and code: 13 MB
Uptime: 1.624399 s

LIBXSMM_VERSION: RT-bct-L1-NMBlocking-1.16.1-1576 (25183784)
LIBXSMM_TARGET: skx
Registry and code: 13 MB
Uptime: 1.626415 s

LIBXSMM_VERSION: RT-bct-L1-NMBlocking-1.16.1-1576 (25183784)
LIBXSMM_TARGET: skx
Registry and code: 13 MB
Uptime: 1.626075 s

LIBXSMM_VERSION: RT-bct-L1-NMBlocking-1.16.1-1576 (25183784)
LIBXSMM_TARGET: skx
Registry and code: 13 MB
Uptime: 1.621742 s

LIBXSMM_VERSION: RT-bct-L1-NMBlocking-1.16.1-1576 (25183784)
LIBXSMM_TARGET: skx
Registry and code: 13 MB
Uptime: 1.625004 s

LIBXSMM_VERSION: RT-bct-L1-NMBlocking-1.16.1-1576 (25183784)
LIBXSMM_TARGET: skx
Registry and code: 13 MB
Uptime: 1.625870 s

LIBXSMM_VERSION: RT-bct-L1-NMBlocking-1.16.1-1576 (25183784)
LIBXSMM_TARGET: skx
Registry and code: 13 MB
Uptime: 1.623727 s

LIBXSMM_VERSION: RT-bct-L1-NMBlocking-1.16.1-1576 (25183784)
LIBXSMM_TARGET: skx
Registry and code: 13 MB
Uptime: 1.621686 s

LIBXSMM_VERSION: RT-bct-L1-NMBlocking-1.16.1-1576 (25183784)
LIBXSMM_TARGET: skx
Registry and code: 13 MB
Uptime: 1.628653 s

LIBXSMM_VERSION: RT-bct-L1-NMBlocking-1.16.1-1576 (25183784)
LIBXSMM_TARGET: skx
Registry and code: 13 MB
Uptime: 1.627921 s
Generating and Compiling data/synth_mats/vary_row/q_64/r_64_c_128_p_0.05_uniq_64.txt
Running data/synth_mats/vary_row/q_64/r_64_c_128_p_0.05_uniq_64.txt
Finished running in 352.636ms
Generating and Compiling data/synth_mats/vary_row/q_64/r_128_c_128_p_0.05_uniq_64.txt
Running data/synth_mats/vary_row/q_64/r_128_c_128_p_0.05_uniq_64.txt
Finished running in 370.478ms
Generating and Compiling data/synth_mats/vary_row/q_64/r_256_c_128_p_0.05_uniq_64.txt
Running data/synth_mats/vary_row/q_64/r_256_c_128_p_0.05_uniq_64.txt
Finished running in 368.052ms
Generating and Compiling data/synth_mats/vary_row/q_64/r_512_c_128_p_0.05_uniq_64.txt
Running data/synth_mats/vary_row/q_64/r_512_c_128_p_0.05_uniq_64.txt
Finished running in 398.89ms
Generating and Compiling data/synth_mats/vary_row/q_64/r_1024_c_128_p_0.05_uniq_64.txt
Running data/synth_mats/vary_row/q_64/r_1024_c_128_p_0.05_uniq_64.txt
Finished running in 484.286ms
Generating and Compiling data/synth_mats/vary_unique/r_128_c_128_p_0.05_uniq_8.txt
Running data/synth_mats/vary_unique/r_128_c_128_p_0.05_uniq_8.txt
Finished running in 371.106ms
Generating and Compiling data/synth_mats/vary_unique/r_128_c_128_p_0.05_uniq_16.txt
Running data/synth_mats/vary_unique/r_128_c_128_p_0.05_uniq_16.txt
Finished running in 372.14300000000003ms
Generating and Compiling data/synth_mats/vary_unique/r_128_c_128_p_0.05_uniq_24.txt
Running data/synth_mats/vary_unique/r_128_c_128_p_0.05_uniq_24.txt
Finished running in 368.665ms
Generating and Compiling data/synth_mats/vary_unique/r_128_c_128_p_0.05_uniq_31.txt
Running data/synth_mats/vary_unique/r_128_c_128_p_0.05_uniq_31.txt
Finished running in 369.975ms
Generating and Compiling data/synth_mats/vary_unique/r_128_c_128_p_0.05_uniq_40.txt
Running data/synth_mats/vary_unique/r_128_c_128_p_0.05_uniq_40.txt
Finished running in 375.10400000000004ms
Generating and Compiling data/synth_mats/vary_unique/r_128_c_128_p_0.05_uniq_48.txt
Running data/synth_mats/vary_unique/r_128_c_128_p_0.05_uniq_48.txt
Finished running in 368.876ms
Generating and Compiling data/synth_mats/vary_unique/r_128_c_128_p_0.05_uniq_56.txt
Running data/synth_mats/vary_unique/r_128_c_128_p_0.05_uniq_56.txt
Finished running in 370.32ms
Generating and Compiling data/synth_mats/vary_unique/r_128_c_128_p_0.05_uniq_64.txt
Running data/synth_mats/vary_unique/r_128_c_128_p_0.05_uniq_64.txt
Finished running in 369.794ms
Generating and Compiling data/synth_mats/vary_unique/r_128_c_128_p_0.05_uniq_78.txt
Running data/synth_mats/vary_unique/r_128_c_128_p_0.05_uniq_78.txt
Finished running in 370.081ms
Generating and Compiling data/synth_mats/vary_unique/r_128_c_128_p_0.05_uniq_96.txt
Running data/synth_mats/vary_unique/r_128_c_128_p_0.05_uniq_96.txt
Finished running in 368.87300000000005ms
Generating and Compiling data/synth_mats/vary_unique/r_128_c_128_p_0.05_uniq_112.txt
Running data/synth_mats/vary_unique/r_128_c_128_p_0.05_uniq_112.txt
Finished running in 370.687ms
Generating and Compiling data/synth_mats/vary_unique/r_128_c_128_p_0.05_uniq_128.txt
Running data/synth_mats/vary_unique/r_128_c_128_p_0.05_uniq_128.txt
Finished running in 371.442ms
Generating and Compiling data/synth_mats/vary_unique/r_128_c_128_p_0.05_uniq_144.txt
Running data/synth_mats/vary_unique/r_128_c_128_p_0.05_uniq_144.txt
Finished running in 368.697ms
Generating and Compiling data/synth_mats/vary_unique/r_128_c_128_p_0.05_uniq_160.txt
Running data/synth_mats/vary_unique/r_128_c_128_p_0.05_uniq_160.txt
Finished running in 369.769ms
Generating and Compiling data/synth_mats/vary_unique/r_128_c_128_p_0.05_uniq_176.txt
Running data/synth_mats/vary_unique/r_128_c_128_p_0.05_uniq_176.txt
Finished running in 370.642ms
Generating and Compiling data/synth_mats/vary_unique/r_128_c_128_p_0.05_uniq_192.txt
Running data/synth_mats/vary_unique/r_128_c_128_p_0.05_uniq_192.txt
Finished running in 371.79499999999996ms
