
LIBXSMM_VERSION: RT-bct-B-from-vreg-hide-mlatency-1.16.1-1579 (25183787)
LIBXSMM_TARGET: clx
Registry and code: 13 MB
Uptime: 0.084516 s

LIBXSMM_VERSION: RT-bct-B-from-vreg-hide-mlatency-1.16.1-1579 (25183787)
LIBXSMM_TARGET: clx
Registry and code: 13 MB
Uptime: 0.045029 s

LIBXSMM_VERSION: RT-bct-B-from-vreg-hide-mlatency-1.16.1-1579 (25183787)
LIBXSMM_TARGET: clx
Registry and code: 13 MB
Uptime: 0.098684 s

LIBXSMM_VERSION: RT-bct-B-from-vreg-hide-mlatency-1.16.1-1579 (25183787)
LIBXSMM_TARGET: clx
Registry and code: 13 MB
Uptime: 0.045374 s

LIBXSMM_VERSION: RT-bct-B-from-vreg-hide-mlatency-1.16.1-1579 (25183787)
LIBXSMM_TARGET: clx
Registry and code: 13 MB
Uptime: 0.084358 s

LIBXSMM_VERSION: RT-bct-B-from-vreg-hide-mlatency-1.16.1-1579 (25183787)
LIBXSMM_TARGET: clx
Registry and code: 13 MB
Uptime: 0.192756 s

LIBXSMM_VERSION: RT-bct-B-from-vreg-hide-mlatency-1.16.1-1579 (25183787)
LIBXSMM_TARGET: clx
Registry and code: 13 MB
Uptime: 0.226583 s

LIBXSMM_VERSION: RT-bct-B-from-vreg-hide-mlatency-1.16.1-1579 (25183787)
LIBXSMM_TARGET: clx
Registry and code: 13 MB
Uptime: 0.412617 s

LIBXSMM_VERSION: RT-bct-B-from-vreg-hide-mlatency-1.16.1-1579 (25183787)
LIBXSMM_TARGET: clx
Registry and code: 13 MB
Uptime: 0.346924 s

LIBXSMM_VERSION: RT-bct-B-from-vreg-hide-mlatency-1.16.1-1579 (25183787)
LIBXSMM_TARGET: clx
Registry and code: 13 MB
Uptime: 0.283887 s

LIBXSMM_VERSION: RT-bct-B-from-vreg-hide-mlatency-1.16.1-1579 (25183787)
LIBXSMM_TARGET: clx
Registry and code: 13 MB
Uptime: 0.197364 s

LIBXSMM_VERSION: RT-bct-B-from-vreg-hide-mlatency-1.16.1-1579 (25183787)
LIBXSMM_TARGET: clx
Registry and code: 13 MB
Uptime: 0.230475 s

LIBXSMM_VERSION: RT-bct-B-from-vreg-hide-mlatency-1.16.1-1579 (25183787)
LIBXSMM_TARGET: clx
Registry and code: 13 MB
Uptime: 0.415825 s

LIBXSMM_VERSION: RT-bct-B-from-vreg-hide-mlatency-1.16.1-1579 (25183787)
LIBXSMM_TARGET: clx
Registry and code: 13 MB
Uptime: 0.349923 s

LIBXSMM_VERSION: RT-bct-B-from-vreg-hide-mlatency-1.16.1-1579 (25183787)
LIBXSMM_TARGET: clx
Registry and code: 13 MB
Uptime: 0.283927 s

LIBXSMM_VERSION: RT-bct-B-from-vreg-hide-mlatency-1.16.1-1579 (25183787)
LIBXSMM_TARGET: clx
Registry and code: 13 MB
Uptime: 0.455895 s

LIBXSMM_VERSION: RT-bct-B-from-vreg-hide-mlatency-1.16.1-1579 (25183787)
LIBXSMM_TARGET: clx
Registry and code: 13 MB
Uptime: 0.586734 s

LIBXSMM_VERSION: RT-bct-B-from-vreg-hide-mlatency-1.16.1-1579 (25183787)
LIBXSMM_TARGET: clx
Registry and code: 13 MB
Uptime: 1.008242 s

LIBXSMM_VERSION: RT-bct-B-from-vreg-hide-mlatency-1.16.1-1579 (25183787)
LIBXSMM_TARGET: clx
Registry and code: 13 MB
Uptime: 1.100507 s

LIBXSMM_VERSION: RT-bct-B-from-vreg-hide-mlatency-1.16.1-1579 (25183787)
LIBXSMM_TARGET: clx
Registry and code: 13 MB
Uptime: 0.909767 s

LIBXSMM_VERSION: RT-bct-B-from-vreg-hide-mlatency-1.16.1-1579 (25183787)
LIBXSMM_TARGET: clx
Registry and code: 13 MB
Uptime: 0.513975 s

LIBXSMM_VERSION: RT-bct-B-from-vreg-hide-mlatency-1.16.1-1579 (25183787)
LIBXSMM_TARGET: clx
Registry and code: 13 MB
Uptime: 0.586113 s

LIBXSMM_VERSION: RT-bct-B-from-vreg-hide-mlatency-1.16.1-1579 (25183787)
LIBXSMM_TARGET: clx
Registry and code: 13 MB
Uptime: 0.985396 s

LIBXSMM_VERSION: RT-bct-B-from-vreg-hide-mlatency-1.16.1-1579 (25183787)
LIBXSMM_TARGET: clx
Registry and code: 13 MB
Uptime: 1.137040 s

LIBXSMM_VERSION: RT-bct-B-from-vreg-hide-mlatency-1.16.1-1579 (25183787)
LIBXSMM_TARGET: clx
Registry and code: 13 MB
Uptime: 0.883204 s

LIBXSMM_VERSION: RT-bct-B-from-vreg-hide-mlatency-1.16.1-1579 (25183787)
LIBXSMM_TARGET: clx
Registry and code: 13 MB
Uptime: 0.813934 s

LIBXSMM_VERSION: RT-bct-B-from-vreg-hide-mlatency-1.16.1-1579 (25183787)
LIBXSMM_TARGET: clx
Registry and code: 13 MB
Uptime: 1.099532 s

LIBXSMM_VERSION: RT-bct-B-from-vreg-hide-mlatency-1.16.1-1579 (25183787)
LIBXSMM_TARGET: clx
Registry and code: 13 MB
Uptime: 1.925201 s

LIBXSMM_VERSION: RT-bct-B-from-vreg-hide-mlatency-1.16.1-1579 (25183787)
LIBXSMM_TARGET: clx
Registry and code: 13 MB
Uptime: 2.428860 s

LIBXSMM_VERSION: RT-bct-B-from-vreg-hide-mlatency-1.16.1-1579 (25183787)
LIBXSMM_TARGET: clx
Registry and code: 13 MB
Uptime: 1.970846 s

LIBXSMM_VERSION: RT-bct-B-from-vreg-hide-mlatency-1.16.1-1579 (25183787)
LIBXSMM_TARGET: clx
Registry and code: 13 MB
Uptime: 1.041012 s

LIBXSMM_VERSION: RT-bct-B-from-vreg-hide-mlatency-1.16.1-1579 (25183787)
LIBXSMM_TARGET: clx
Registry and code: 13 MB
Uptime: 1.131009 s

LIBXSMM_VERSION: RT-bct-B-from-vreg-hide-mlatency-1.16.1-1579 (25183787)
LIBXSMM_TARGET: clx
Registry and code: 13 MB
Uptime: 1.922376 s

LIBXSMM_VERSION: RT-bct-B-from-vreg-hide-mlatency-1.16.1-1579 (25183787)
LIBXSMM_TARGET: clx
Registry and code: 13 MB
Uptime: 2.452871 s

LIBXSMM_VERSION: RT-bct-B-from-vreg-hide-mlatency-1.16.1-1579 (25183787)
LIBXSMM_TARGET: clx
Registry and code: 13 MB
Uptime: 1.912735 s

LIBXSMM_VERSION: RT-bct-B-from-vreg-hide-mlatency-1.16.1-1579 (25183787)
LIBXSMM_TARGET: clx
Registry and code: 13 MB
Uptime: 1.266923 s

LIBXSMM_VERSION: RT-bct-B-from-vreg-hide-mlatency-1.16.1-1579 (25183787)
LIBXSMM_TARGET: clx
Registry and code: 13 MB
Uptime: 1.874344 s

LIBXSMM_VERSION: RT-bct-B-from-vreg-hide-mlatency-1.16.1-1579 (25183787)
LIBXSMM_TARGET: clx
Registry and code: 13 MB
Uptime: 3.200910 s

LIBXSMM_VERSION: RT-bct-B-from-vreg-hide-mlatency-1.16.1-1579 (25183787)
LIBXSMM_TARGET: clx
Registry and code: 13 MB
Uptime: 4.028406 s

LIBXSMM_VERSION: RT-bct-B-from-vreg-hide-mlatency-1.16.1-1579 (25183787)
LIBXSMM_TARGET: clx
Registry and code: 13 MB
Uptime: 3.356582 s

LIBXSMM_VERSION: RT-bct-B-from-vreg-hide-mlatency-1.16.1-1579 (25183787)
LIBXSMM_TARGET: clx
Registry and code: 13 MB
Uptime: 1.709395 s

LIBXSMM_VERSION: RT-bct-B-from-vreg-hide-mlatency-1.16.1-1579 (25183787)
LIBXSMM_TARGET: clx
Registry and code: 13 MB
Uptime: 1.900789 s

LIBXSMM_VERSION: RT-bct-B-from-vreg-hide-mlatency-1.16.1-1579 (25183787)
LIBXSMM_TARGET: clx
Registry and code: 13 MB
Uptime: 3.199181 s

LIBXSMM_VERSION: RT-bct-B-from-vreg-hide-mlatency-1.16.1-1579 (25183787)
LIBXSMM_TARGET: clx
Registry and code: 13 MB
Uptime: 4.154969 s

LIBXSMM_VERSION: RT-bct-B-from-vreg-hide-mlatency-1.16.1-1579 (25183787)
LIBXSMM_TARGET: clx
Registry and code: 13 MB
Uptime: 3.435999 s

LIBXSMM_VERSION: RT-bct-B-from-vreg-hide-mlatency-1.16.1-1579 (25183787)
LIBXSMM_TARGET: clx
Registry and code: 13 MB
Uptime: 1.807607 s

LIBXSMM_VERSION: RT-bct-B-from-vreg-hide-mlatency-1.16.1-1579 (25183787)
LIBXSMM_TARGET: clx
Registry and code: 13 MB
Uptime: 2.729798 s
Generating and Compiling data/example_mats/hex/p1/gauss-legendre/m0.txt
Running data/example_mats/hex/p1/gauss-legendre/m0.txt
Finished running in 2.329133333333333ms
Generating and Compiling data/example_mats/hex/p1/gauss-legendre/m3.txt
Running data/example_mats/hex/p1/gauss-legendre/m3.txt
Finished running in 1.0530333333333333ms
Generating and Compiling data/example_mats/hex/p1/gauss-legendre/m6.txt
Running data/example_mats/hex/p1/gauss-legendre/m6.txt
Finished running in 2.5100333333333333ms
Generating and Compiling data/example_mats/hex/p1/gauss-legendre/m132.txt
Running data/example_mats/hex/p1/gauss-legendre/m132.txt
Finished running in 1.0707333333333333ms
Generating and Compiling data/example_mats/hex/p1/gauss-legendre/m460.txt
Running data/example_mats/hex/p1/gauss-legendre/m460.txt
Finished running in 2.3256666666666663ms
Generating and Compiling data/example_mats/hex/p2/gauss-legendre-lobatto/m0.txt
Running data/example_mats/hex/p2/gauss-legendre-lobatto/m0.txt
Finished running in 5.3187000000000015ms
Generating and Compiling data/example_mats/hex/p2/gauss-legendre-lobatto/m3.txt
Running data/example_mats/hex/p2/gauss-legendre-lobatto/m3.txt
Finished running in 6.461200000000001ms
Generating and Compiling data/example_mats/hex/p2/gauss-legendre-lobatto/m6.txt
Running data/example_mats/hex/p2/gauss-legendre-lobatto/m6.txt
Finished running in 11.604000000000001ms
Generating and Compiling data/example_mats/hex/p2/gauss-legendre-lobatto/m132.txt
Running data/example_mats/hex/p2/gauss-legendre-lobatto/m132.txt
Finished running in 10.117866666666664ms
Generating and Compiling data/example_mats/hex/p2/gauss-legendre-lobatto/m460.txt
Running data/example_mats/hex/p2/gauss-legendre-lobatto/m460.txt
Finished running in 7.995133333333333ms
Generating and Compiling data/example_mats/hex/p2/gauss-legendre/m0.txt
Running data/example_mats/hex/p2/gauss-legendre/m0.txt
Finished running in 5.471033333333334ms
Generating and Compiling data/example_mats/hex/p2/gauss-legendre/m3.txt
Running data/example_mats/hex/p2/gauss-legendre/m3.txt
Finished running in 6.5958ms
Generating and Compiling data/example_mats/hex/p2/gauss-legendre/m6.txt
Running data/example_mats/hex/p2/gauss-legendre/m6.txt
Finished running in 12.036266666666666ms
Generating and Compiling data/example_mats/hex/p2/gauss-legendre/m132.txt
Running data/example_mats/hex/p2/gauss-legendre/m132.txt
Finished running in 10.224833333333333ms
Generating and Compiling data/example_mats/hex/p2/gauss-legendre/m460.txt
Running data/example_mats/hex/p2/gauss-legendre/m460.txt
Finished running in 7.989866666666668ms
Generating and Compiling data/example_mats/hex/p3/gauss-legendre-lobatto/m0.txt
Running data/example_mats/hex/p3/gauss-legendre-lobatto/m0.txt
Finished running in 12.902433333333333ms
Generating and Compiling data/example_mats/hex/p3/gauss-legendre-lobatto/m3.txt
Running data/example_mats/hex/p3/gauss-legendre-lobatto/m3.txt
Finished running in 17.225433333333335ms
Generating and Compiling data/example_mats/hex/p3/gauss-legendre-lobatto/m6.txt
Running data/example_mats/hex/p3/gauss-legendre-lobatto/m6.txt
Finished running in 29.341099999999997ms
Generating and Compiling data/example_mats/hex/p3/gauss-legendre-lobatto/m132.txt
Running data/example_mats/hex/p3/gauss-legendre-lobatto/m132.txt
Finished running in 32.45823333333333ms
Generating and Compiling data/example_mats/hex/p3/gauss-legendre-lobatto/m460.txt
Running data/example_mats/hex/p3/gauss-legendre-lobatto/m460.txt
Finished running in 24.151ms
Generating and Compiling data/example_mats/hex/p3/gauss-legendre/m0.txt
Running data/example_mats/hex/p3/gauss-legendre/m0.txt
Finished running in 14.967966666666666ms
Generating and Compiling data/example_mats/hex/p3/gauss-legendre/m3.txt
Running data/example_mats/hex/p3/gauss-legendre/m3.txt
Finished running in 17.396400000000003ms
Generating and Compiling data/example_mats/hex/p3/gauss-legendre/m6.txt
Running data/example_mats/hex/p3/gauss-legendre/m6.txt
Finished running in 28.9495ms
Generating and Compiling data/example_mats/hex/p3/gauss-legendre/m132.txt
Running data/example_mats/hex/p3/gauss-legendre/m132.txt
Finished running in 32.8307ms
Generating and Compiling data/example_mats/hex/p3/gauss-legendre/m460.txt
Running data/example_mats/hex/p3/gauss-legendre/m460.txt
Finished running in 22.351466666666667ms
Generating and Compiling data/example_mats/hex/p4/gauss-legendre-lobatto/m0.txt
Running data/example_mats/hex/p4/gauss-legendre-lobatto/m0.txt
Finished running in 23.228333333333335ms
Generating and Compiling data/example_mats/hex/p4/gauss-legendre-lobatto/m3.txt
Running data/example_mats/hex/p4/gauss-legendre-lobatto/m3.txt
Finished running in 32.9462ms
Generating and Compiling data/example_mats/hex/p4/gauss-legendre-lobatto/m6.txt
Running data/example_mats/hex/p4/gauss-legendre-lobatto/m6.txt
Finished running in 53.71613333333333ms
Generating and Compiling data/example_mats/hex/p4/gauss-legendre-lobatto/m132.txt
Running data/example_mats/hex/p4/gauss-legendre-lobatto/m132.txt
Finished running in 60.896300000000004ms
Generating and Compiling data/example_mats/hex/p4/gauss-legendre-lobatto/m460.txt
Running data/example_mats/hex/p4/gauss-legendre-lobatto/m460.txt
Finished running in 53.67666666666666ms
Generating and Compiling data/example_mats/hex/p4/gauss-legendre/m0.txt
Running data/example_mats/hex/p4/gauss-legendre/m0.txt
Finished running in 27.29733333333333ms
Generating and Compiling data/example_mats/hex/p4/gauss-legendre/m3.txt
Running data/example_mats/hex/p4/gauss-legendre/m3.txt
Finished running in 34.0008ms
Generating and Compiling data/example_mats/hex/p4/gauss-legendre/m6.txt
Running data/example_mats/hex/p4/gauss-legendre/m6.txt
Finished running in 53.4429ms
Generating and Compiling data/example_mats/hex/p4/gauss-legendre/m132.txt
Running data/example_mats/hex/p4/gauss-legendre/m132.txt
Finished running in 62.528299999999994ms
Generating and Compiling data/example_mats/hex/p4/gauss-legendre/m460.txt
Running data/example_mats/hex/p4/gauss-legendre/m460.txt
Finished running in 54.34036666666667ms
Generating and Compiling data/example_mats/hex/p5/gauss-legendre-lobatto/m0.txt
Running data/example_mats/hex/p5/gauss-legendre-lobatto/m0.txt
Finished running in 35.6889ms
Generating and Compiling data/example_mats/hex/p5/gauss-legendre-lobatto/m3.txt
Running data/example_mats/hex/p5/gauss-legendre-lobatto/m3.txt
Finished running in 51.937266666666666ms
Generating and Compiling data/example_mats/hex/p5/gauss-legendre-lobatto/m6.txt
Running data/example_mats/hex/p5/gauss-legendre-lobatto/m6.txt
Finished running in 87.74256666666666ms
Generating and Compiling data/example_mats/hex/p5/gauss-legendre-lobatto/m132.txt
Running data/example_mats/hex/p5/gauss-legendre-lobatto/m132.txt
Finished running in 113.3608ms
Generating and Compiling data/example_mats/hex/p5/gauss-legendre-lobatto/m460.txt
Running data/example_mats/hex/p5/gauss-legendre-lobatto/m460.txt
Finished running in 99.5938ms
Generating and Compiling data/example_mats/hex/p5/gauss-legendre/m0.txt
Running data/example_mats/hex/p5/gauss-legendre/m0.txt
Finished running in 47.1327ms
Generating and Compiling data/example_mats/hex/p5/gauss-legendre/m3.txt
Running data/example_mats/hex/p5/gauss-legendre/m3.txt
Finished running in 51.9617ms
Generating and Compiling data/example_mats/hex/p5/gauss-legendre/m6.txt
Running data/example_mats/hex/p5/gauss-legendre/m6.txt
Finished running in 87.76793333333333ms
Generating and Compiling data/example_mats/hex/p5/gauss-legendre/m132.txt
Running data/example_mats/hex/p5/gauss-legendre/m132.txt
Finished running in 108.36449999999999ms
Generating and Compiling data/example_mats/hex/p5/gauss-legendre/m460.txt
Running data/example_mats/hex/p5/gauss-legendre/m460.txt
Finished running in 102.18116666666667ms
Generating and Compiling data/example_mats/hex/p6/gauss-legendre-lobatto/m0.txt
Running data/example_mats/hex/p6/gauss-legendre-lobatto/m0.txt
Finished running in 49.62923333333333ms
Generating and Compiling data/example_mats/hex/p6/gauss-legendre-lobatto/m3.txt
Running data/example_mats/hex/p6/gauss-legendre-lobatto/m3.txt
Finished running in 77.81183333333334ms
Generating and Compiling
LIBXSMM_VERSION: RT-bct-B-from-vreg-hide-mlatency-1.16.1-1579 (25183787)
LIBXSMM_TARGET: clx
Registry and code: 13 MB
Uptime: 5.056859 s

LIBXSMM_VERSION: RT-bct-B-from-vreg-hide-mlatency-1.16.1-1579 (25183787)
LIBXSMM_TARGET: clx
Registry and code: 13 MB
Uptime: 7.310771 s

LIBXSMM_VERSION: RT-bct-B-from-vreg-hide-mlatency-1.16.1-1579 (25183787)
LIBXSMM_TARGET: clx
Registry and code: 13 MB
Uptime: 5.959338 s

LIBXSMM_VERSION: RT-bct-B-from-vreg-hide-mlatency-1.16.1-1579 (25183787)
LIBXSMM_TARGET: clx
Registry and code: 13 MB
Uptime: 2.469416 s

LIBXSMM_VERSION: RT-bct-B-from-vreg-hide-mlatency-1.16.1-1579 (25183787)
LIBXSMM_TARGET: clx
Registry and code: 13 MB
Uptime: 2.734847 s

LIBXSMM_VERSION: RT-bct-B-from-vreg-hide-mlatency-1.16.1-1579 (25183787)
LIBXSMM_TARGET: clx
Registry and code: 13 MB
Uptime: 5.160364 s

LIBXSMM_VERSION: RT-bct-B-from-vreg-hide-mlatency-1.16.1-1579 (25183787)
LIBXSMM_TARGET: clx
Registry and code: 13 MB
Uptime: 7.281125 s

LIBXSMM_VERSION: RT-bct-B-from-vreg-hide-mlatency-1.16.1-1579 (25183787)
LIBXSMM_TARGET: clx
Registry and code: 13 MB
Uptime: 6.027643 s

LIBXSMM_VERSION: RT-bct-B-from-vreg-hide-mlatency-1.16.1-1579 (25183787)
LIBXSMM_TARGET: clx
Registry and code: 13 MB
Uptime: 0.030626 s

LIBXSMM_VERSION: RT-bct-B-from-vreg-hide-mlatency-1.16.1-1579 (25183787)
LIBXSMM_TARGET: clx
Registry and code: 13 MB
Uptime: 0.020372 s

LIBXSMM_VERSION: RT-bct-B-from-vreg-hide-mlatency-1.16.1-1579 (25183787)
LIBXSMM_TARGET: clx
Registry and code: 13 MB
Uptime: 0.032882 s

LIBXSMM_VERSION: RT-bct-B-from-vreg-hide-mlatency-1.16.1-1579 (25183787)
LIBXSMM_TARGET: clx
Registry and code: 13 MB
Uptime: 0.020375 s

LIBXSMM_VERSION: RT-bct-B-from-vreg-hide-mlatency-1.16.1-1579 (25183787)
LIBXSMM_TARGET: clx
Registry and code: 13 MB
Uptime: 0.030436 s

LIBXSMM_VERSION: RT-bct-B-from-vreg-hide-mlatency-1.16.1-1579 (25183787)
LIBXSMM_TARGET: clx
Registry and code: 13 MB
Uptime: 0.046144 s

LIBXSMM_VERSION: RT-bct-B-from-vreg-hide-mlatency-1.16.1-1579 (25183787)
LIBXSMM_TARGET: clx
Registry and code: 13 MB
Uptime: 0.039090 s

LIBXSMM_VERSION: RT-bct-B-from-vreg-hide-mlatency-1.16.1-1579 (25183787)
LIBXSMM_TARGET: clx
Registry and code: 13 MB
Uptime: 0.067576 s

LIBXSMM_VERSION: RT-bct-B-from-vreg-hide-mlatency-1.16.1-1579 (25183787)
LIBXSMM_TARGET: clx
Registry and code: 13 MB
Uptime: 0.042954 s

LIBXSMM_VERSION: RT-bct-B-from-vreg-hide-mlatency-1.16.1-1579 (25183787)
LIBXSMM_TARGET: clx
Registry and code: 13 MB
Uptime: 0.066155 s

LIBXSMM_VERSION: RT-bct-B-from-vreg-hide-mlatency-1.16.1-1579 (25183787)
LIBXSMM_TARGET: clx
Registry and code: 13 MB
Uptime: 0.049366 s

LIBXSMM_VERSION: RT-bct-B-from-vreg-hide-mlatency-1.16.1-1579 (25183787)
LIBXSMM_TARGET: clx
Registry and code: 13 MB
Uptime: 0.039096 s

LIBXSMM_VERSION: RT-bct-B-from-vreg-hide-mlatency-1.16.1-1579 (25183787)
LIBXSMM_TARGET: clx
Registry and code: 13 MB
Uptime: 0.067414 s

LIBXSMM_VERSION: RT-bct-B-from-vreg-hide-mlatency-1.16.1-1579 (25183787)
LIBXSMM_TARGET: clx
Registry and code: 13 MB
Uptime: 0.043038 s

LIBXSMM_VERSION: RT-bct-B-from-vreg-hide-mlatency-1.16.1-1579 (25183787)
LIBXSMM_TARGET: clx
Registry and code: 13 MB
Uptime: 0.066063 s

LIBXSMM_VERSION: RT-bct-B-from-vreg-hide-mlatency-1.16.1-1579 (25183787)
LIBXSMM_TARGET: clx
Registry and code: 13 MB
Uptime: 0.062339 s

LIBXSMM_VERSION: RT-bct-B-from-vreg-hide-mlatency-1.16.1-1579 (25183787)
LIBXSMM_TARGET: clx
Registry and code: 13 MB
Uptime: 0.064365 s

LIBXSMM_VERSION: RT-bct-B-from-vreg-hide-mlatency-1.16.1-1579 (25183787)
LIBXSMM_TARGET: clx
Registry and code: 13 MB
Uptime: 0.115317 s

LIBXSMM_VERSION: RT-bct-B-from-vreg-hide-mlatency-1.16.1-1579 (25183787)
LIBXSMM_TARGET: clx
Registry and code: 13 MB
Uptime: 0.078977 s

LIBXSMM_VERSION: RT-bct-B-from-vreg-hide-mlatency-1.16.1-1579 (25183787)
LIBXSMM_TARGET: clx
Registry and code: 13 MB
Uptime: 0.120268 s

LIBXSMM_VERSION: RT-bct-B-from-vreg-hide-mlatency-1.16.1-1579 (25183787)
LIBXSMM_TARGET: clx
Registry and code: 13 MB
Uptime: 0.064943 s

LIBXSMM_VERSION: RT-bct-B-from-vreg-hide-mlatency-1.16.1-1579 (25183787)
LIBXSMM_TARGET: clx
Registry and code: 13 MB
Uptime: 0.065226 s

LIBXSMM_VERSION: RT-bct-B-from-vreg-hide-mlatency-1.16.1-1579 (25183787)
LIBXSMM_TARGET: clx
Registry and code: 13 MB
Uptime: 0.115260 s

LIBXSMM_VERSION: RT-bct-B-from-vreg-hide-mlatency-1.16.1-1579 (25183787)
LIBXSMM_TARGET: clx
Registry and code: 13 MB
Uptime: 0.080735 s

LIBXSMM_VERSION: RT-bct-B-from-vreg-hide-mlatency-1.16.1-1579 (25183787)
LIBXSMM_TARGET: clx
Registry and code: 13 MB
Uptime: 0.117084 s

LIBXSMM_VERSION: RT-bct-B-from-vreg-hide-mlatency-1.16.1-1579 (25183787)
LIBXSMM_TARGET: clx
Registry and code: 13 MB
Uptime: 0.079572 s

LIBXSMM_VERSION: RT-bct-B-from-vreg-hide-mlatency-1.16.1-1579 (25183787)
LIBXSMM_TARGET: clx
Registry and code: 13 MB
Uptime: 0.097914 s

LIBXSMM_VERSION: RT-bct-B-from-vreg-hide-mlatency-1.16.1-1579 (25183787)
LIBXSMM_TARGET: clx
Registry and code: 13 MB
Uptime: 0.175967 s

LIBXSMM_VERSION: RT-bct-B-from-vreg-hide-mlatency-1.16.1-1579 (25183787)
LIBXSMM_TARGET: clx
Registry and code: 13 MB
Uptime: 0.226438 s

LIBXSMM_VERSION: RT-bct-B-from-vreg-hide-mlatency-1.16.1-1579 (25183787)
LIBXSMM_TARGET: clx
Registry and code: 13 MB
Uptime: 0.181440 s

LIBXSMM_VERSION: RT-bct-B-from-vreg-hide-mlatency-1.16.1-1579 (25183787)
LIBXSMM_TARGET: clx
Registry and code: 13 MB
Uptime: 0.084751 s

LIBXSMM_VERSION: RT-bct-B-from-vreg-hide-mlatency-1.16.1-1579 (25183787)
LIBXSMM_TARGET: clx
Registry and code: 13 MB
Uptime: 0.097703 s

LIBXSMM_VERSION: RT-bct-B-from-vreg-hide-mlatency-1.16.1-1579 (25183787)
LIBXSMM_TARGET: clx
Registry and code: 13 MB
Uptime: 0.176275 s

LIBXSMM_VERSION: RT-bct-B-from-vreg-hide-mlatency-1.16.1-1579 (25183787)
LIBXSMM_TARGET: clx
Registry and code: 13 MB
Uptime: 0.232050 s

LIBXSMM_VERSION: RT-bct-B-from-vreg-hide-mlatency-1.16.1-1579 (25183787)
LIBXSMM_TARGET: clx
Registry and code: 13 MB
Uptime: 0.181446 s

LIBXSMM_VERSION: RT-bct-B-from-vreg-hide-mlatency-1.16.1-1579 (25183787)
LIBXSMM_TARGET: clx
Registry and code: 13 MB
Uptime: 0.098269 s

LIBXSMM_VERSION: RT-bct-B-from-vreg-hide-mlatency-1.16.1-1579 (25183787)
LIBXSMM_TARGET: clx
Registry and code: 13 MB
Uptime: 0.135831 s

LIBXSMM_VERSION: RT-bct-B-from-vreg-hide-mlatency-1.16.1-1579 (25183787)
LIBXSMM_TARGET: clx
Registry and code: 13 MB
Uptime: 0.250739 s
 data/example_mats/hex/p6/gauss-legendre-lobatto/m6.txt
Running data/example_mats/hex/p6/gauss-legendre-lobatto/m6.txt
Finished running in 142.9060333333333ms
Generating and Compiling data/example_mats/hex/p6/gauss-legendre-lobatto/m132.txt
Running data/example_mats/hex/p6/gauss-legendre-lobatto/m132.txt
Finished running in 181.4949ms
Generating and Compiling data/example_mats/hex/p6/gauss-legendre-lobatto/m460.txt
Running data/example_mats/hex/p6/gauss-legendre-lobatto/m460.txt
Finished running in 176.34393333333335ms
Generating and Compiling data/example_mats/hex/p6/gauss-legendre/m0.txt
Running data/example_mats/hex/p6/gauss-legendre/m0.txt
Finished running in 73.1983ms
Generating and Compiling data/example_mats/hex/p6/gauss-legendre/m3.txt
Running data/example_mats/hex/p6/gauss-legendre/m3.txt
Finished running in 77.6802ms
Generating and Compiling data/example_mats/hex/p6/gauss-legendre/m6.txt
Running data/example_mats/hex/p6/gauss-legendre/m6.txt
Finished running in 142.65686666666667ms
Generating and Compiling data/example_mats/hex/p6/gauss-legendre/m132.txt
Running data/example_mats/hex/p6/gauss-legendre/m132.txt
Finished running in 185.85843333333332ms
Generating and Compiling data/example_mats/hex/p6/gauss-legendre/m460.txt
Running data/example_mats/hex/p6/gauss-legendre/m460.txt
Finished running in 180.207ms
Generating and Compiling data/example_mats/quad/p1/gauss-legendre/m0.txt
Running data/example_mats/quad/p1/gauss-legendre/m0.txt
Finished running in 0.7891666666666667ms
Generating and Compiling data/example_mats/quad/p1/gauss-legendre/m3.txt
Running data/example_mats/quad/p1/gauss-legendre/m3.txt
Finished running in 0.4642ms
Generating and Compiling data/example_mats/quad/p1/gauss-legendre/m6.txt
Running data/example_mats/quad/p1/gauss-legendre/m6.txt
Finished running in 0.8272333333333334ms
Generating and Compiling data/example_mats/quad/p1/gauss-legendre/m132.txt
Running data/example_mats/quad/p1/gauss-legendre/m132.txt
Finished running in 0.46296666666666664ms
Generating and Compiling data/example_mats/quad/p1/gauss-legendre/m460.txt
Running data/example_mats/quad/p1/gauss-legendre/m460.txt
Finished running in 0.7858333333333333ms
Generating and Compiling data/example_mats/quad/p2/gauss-legendre-lobatto/m0.txt
Running data/example_mats/quad/p2/gauss-legendre-lobatto/m0.txt
Finished running in 1.1960333333333333ms
Generating and Compiling data/example_mats/quad/p2/gauss-legendre-lobatto/m3.txt
Running data/example_mats/quad/p2/gauss-legendre-lobatto/m3.txt
Finished running in 0.9759666666666666ms
Generating and Compiling data/example_mats/quad/p2/gauss-legendre-lobatto/m6.txt
Running data/example_mats/quad/p2/gauss-legendre-lobatto/m6.txt
Finished running in 1.8019333333333334ms
Generating and Compiling data/example_mats/quad/p2/gauss-legendre-lobatto/m132.txt
Running data/example_mats/quad/p2/gauss-legendre-lobatto/m132.txt
Finished running in 1.0468333333333333ms
Generating and Compiling data/example_mats/quad/p2/gauss-legendre-lobatto/m460.txt
Running data/example_mats/quad/p2/gauss-legendre-lobatto/m460.txt
Finished running in 1.7849666666666666ms
Generating and Compiling data/example_mats/quad/p2/gauss-legendre/m0.txt
Running data/example_mats/quad/p2/gauss-legendre/m0.txt
Finished running in 1.2832333333333332ms
Generating and Compiling data/example_mats/quad/p2/gauss-legendre/m3.txt
Running data/example_mats/quad/p2/gauss-legendre/m3.txt
Finished running in 0.9759333333333333ms
Generating and Compiling data/example_mats/quad/p2/gauss-legendre/m6.txt
Running data/example_mats/quad/p2/gauss-legendre/m6.txt
Finished running in 1.8022666666666667ms
Generating and Compiling data/example_mats/quad/p2/gauss-legendre/m132.txt
Running data/example_mats/quad/p2/gauss-legendre/m132.txt
Finished running in 1.0459333333333334ms
Generating and Compiling data/example_mats/quad/p2/gauss-legendre/m460.txt
Running data/example_mats/quad/p2/gauss-legendre/m460.txt
Finished running in 1.7834333333333334ms
Generating and Compiling data/example_mats/quad/p3/gauss-legendre-lobatto/m0.txt
Running data/example_mats/quad/p3/gauss-legendre-lobatto/m0.txt
Finished running in 1.6079666666666665ms
Generating and Compiling data/example_mats/quad/p3/gauss-legendre-lobatto/m3.txt
Running data/example_mats/quad/p3/gauss-legendre-lobatto/m3.txt
Finished running in 1.6798333333333335ms
Generating and Compiling data/example_mats/quad/p3/gauss-legendre-lobatto/m6.txt
Running data/example_mats/quad/p3/gauss-legendre-lobatto/m6.txt
Finished running in 3.1641666666666652ms
Generating and Compiling data/example_mats/quad/p3/gauss-legendre-lobatto/m132.txt
Running data/example_mats/quad/p3/gauss-legendre-lobatto/m132.txt
Finished running in 1.9751333333333332ms
Generating and Compiling data/example_mats/quad/p3/gauss-legendre-lobatto/m460.txt
Running data/example_mats/quad/p3/gauss-legendre-lobatto/m460.txt
Finished running in 3.3055333333333334ms
Generating and Compiling data/example_mats/quad/p3/gauss-legendre/m0.txt
Running data/example_mats/quad/p3/gauss-legendre/m0.txt
Finished running in 1.6906ms
Generating and Compiling data/example_mats/quad/p3/gauss-legendre/m3.txt
Running data/example_mats/quad/p3/gauss-legendre/m3.txt
Finished running in 1.6856666666666666ms
Generating and Compiling data/example_mats/quad/p3/gauss-legendre/m6.txt
Running data/example_mats/quad/p3/gauss-legendre/m6.txt
Finished running in 3.1607333333333334ms
Generating and Compiling data/example_mats/quad/p3/gauss-legendre/m132.txt
Running data/example_mats/quad/p3/gauss-legendre/m132.txt
Finished running in 2.0147ms
Generating and Compiling data/example_mats/quad/p3/gauss-legendre/m460.txt
Running data/example_mats/quad/p3/gauss-legendre/m460.txt
Finished running in 3.2006ms
Generating and Compiling data/example_mats/quad/p4/gauss-legendre-lobatto/m0.txt
Running data/example_mats/quad/p4/gauss-legendre-lobatto/m0.txt
Finished running in 2.0216333333333334ms
Generating and Compiling data/example_mats/quad/p4/gauss-legendre-lobatto/m3.txt
Running data/example_mats/quad/p4/gauss-legendre-lobatto/m3.txt
Finished running in 2.6288ms
Generating and Compiling data/example_mats/quad/p4/gauss-legendre-lobatto/m6.txt
Running data/example_mats/quad/p4/gauss-legendre-lobatto/m6.txt
Finished running in 4.897466666666667ms
Generating and Compiling data/example_mats/quad/p4/gauss-legendre-lobatto/m132.txt
Running data/example_mats/quad/p4/gauss-legendre-lobatto/m132.txt
Finished running in 6.194299999999998ms
Generating and Compiling data/example_mats/quad/p4/gauss-legendre-lobatto/m460.txt
Running data/example_mats/quad/p4/gauss-legendre-lobatto/m460.txt
Finished running in 5.0151ms
Generating and Compiling data/example_mats/quad/p4/gauss-legendre/m0.txt
Running data/example_mats/quad/p4/gauss-legendre/m0.txt
Finished running in 2.2042333333333333ms
Generating and Compiling data/example_mats/quad/p4/gauss-legendre/m3.txt
Running data/example_mats/quad/p4/gauss-legendre/m3.txt
Finished running in 2.6231999999999998ms
Generating and Compiling data/example_mats/quad/p4/gauss-legendre/m6.txt
Running data/example_mats/quad/p4/gauss-legendre/m6.txt
Finished running in 4.905166666666665ms
Generating and Compiling data/example_mats/quad/p4/gauss-legendre/m132.txt
Running data/example_mats/quad/p4/gauss-legendre/m132.txt
Finished running in 6.662266666666667ms
Generating and Compiling data/example_mats/quad/p4/gauss-legendre/m460.txt
Running data/example_mats/quad/p4/gauss-legendre/m460.txt
Finished running in 5.020733333333334ms
Generating and Compiling data/example_mats/quad/p5/gauss-legendre-lobatto/m0.txt
Running data/example_mats/quad/p5/gauss-legendre-lobatto/m0.txt
Finished running in 2.4393666666666665ms
Generating and Compiling data/example_mats/quad/p5/gauss-legendre-lobatto/m3.txt
Running data/example_mats/quad/p5/gauss-legendre-lobatto/m3.txt
Finished running in 3.699399999999999ms
Generating and Compiling data/example_mats/quad/p5/gauss-legendre-lobatto/m6.txt
Running data/example_mats/quad/p5/gauss-legendre-lobatto/m6.txt
Finished running in 7.047633333333334ms
Generating and Compiling data/example_mats/quad/p5/gauss-legendre-lobatto/m132.txt
Running data/example_mats/quad/p5/gauss-legendre-lobatto/m132.txt
LIBXSMM_VERSION: RT-bct-B-from-vreg-hide-mlatency-1.16.1-1579 (25183787)
LIBXSMM_TARGET: clx
Registry and code: 13 MB
Uptime: 0.388450 s

LIBXSMM_VERSION: RT-bct-B-from-vreg-hide-mlatency-1.16.1-1579 (25183787)
LIBXSMM_TARGET: clx
Registry and code: 13 MB
Uptime: 0.322299 s

LIBXSMM_VERSION: RT-bct-B-from-vreg-hide-mlatency-1.16.1-1579 (25183787)
LIBXSMM_TARGET: clx
Registry and code: 13 MB
Uptime: 0.140692 s

LIBXSMM_VERSION: RT-bct-B-from-vreg-hide-mlatency-1.16.1-1579 (25183787)
LIBXSMM_TARGET: clx
Registry and code: 13 MB
Uptime: 0.136090 s

LIBXSMM_VERSION: RT-bct-B-from-vreg-hide-mlatency-1.16.1-1579 (25183787)
LIBXSMM_TARGET: clx
Registry and code: 13 MB
Uptime: 0.250922 s

LIBXSMM_VERSION: RT-bct-B-from-vreg-hide-mlatency-1.16.1-1579 (25183787)
LIBXSMM_TARGET: clx
Registry and code: 13 MB
Uptime: 0.413897 s

LIBXSMM_VERSION: RT-bct-B-from-vreg-hide-mlatency-1.16.1-1579 (25183787)
LIBXSMM_TARGET: clx
Registry and code: 13 MB
Uptime: 0.327070 s

LIBXSMM_VERSION: RT-bct-B-from-vreg-hide-mlatency-1.16.1-1579 (25183787)
LIBXSMM_TARGET: clx
Registry and code: 13 MB
Uptime: 0.116852 s

LIBXSMM_VERSION: RT-bct-B-from-vreg-hide-mlatency-1.16.1-1579 (25183787)
LIBXSMM_TARGET: clx
Registry and code: 13 MB
Uptime: 0.182339 s

LIBXSMM_VERSION: RT-bct-B-from-vreg-hide-mlatency-1.16.1-1579 (25183787)
LIBXSMM_TARGET: clx
Registry and code: 13 MB
Uptime: 0.340157 s

LIBXSMM_VERSION: RT-bct-B-from-vreg-hide-mlatency-1.16.1-1579 (25183787)
LIBXSMM_TARGET: clx
Registry and code: 13 MB
Uptime: 0.596629 s

LIBXSMM_VERSION: RT-bct-B-from-vreg-hide-mlatency-1.16.1-1579 (25183787)
LIBXSMM_TARGET: clx
Registry and code: 13 MB
Uptime: 0.512254 s

LIBXSMM_VERSION: RT-bct-B-from-vreg-hide-mlatency-1.16.1-1579 (25183787)
LIBXSMM_TARGET: clx
Registry and code: 13 MB
Uptime: 0.198056 s

LIBXSMM_VERSION: RT-bct-B-from-vreg-hide-mlatency-1.16.1-1579 (25183787)
LIBXSMM_TARGET: clx
Registry and code: 13 MB
Uptime: 0.183115 s

LIBXSMM_VERSION: RT-bct-B-from-vreg-hide-mlatency-1.16.1-1579 (25183787)
LIBXSMM_TARGET: clx
Registry and code: 13 MB
Uptime: 0.340975 s

LIBXSMM_VERSION: RT-bct-B-from-vreg-hide-mlatency-1.16.1-1579 (25183787)
LIBXSMM_TARGET: clx
Registry and code: 13 MB
Uptime: 0.602086 s

LIBXSMM_VERSION: RT-bct-B-from-vreg-hide-mlatency-1.16.1-1579 (25183787)
LIBXSMM_TARGET: clx
Registry and code: 13 MB
Uptime: 0.536850 s

LIBXSMM_VERSION: RT-bct-B-from-vreg-hide-mlatency-1.16.1-1579 (25183787)
LIBXSMM_TARGET: clx
Registry and code: 13 MB
Uptime: 0.046480 s

LIBXSMM_VERSION: RT-bct-B-from-vreg-hide-mlatency-1.16.1-1579 (25183787)
LIBXSMM_TARGET: clx
Registry and code: 13 MB
Uptime: 0.024416 s

LIBXSMM_VERSION: RT-bct-B-from-vreg-hide-mlatency-1.16.1-1579 (25183787)
LIBXSMM_TARGET: clx
Registry and code: 13 MB
Uptime: 0.050032 s

LIBXSMM_VERSION: RT-bct-B-from-vreg-hide-mlatency-1.16.1-1579 (25183787)
LIBXSMM_TARGET: clx
Registry and code: 13 MB
Uptime: 0.023022 s

LIBXSMM_VERSION: RT-bct-B-from-vreg-hide-mlatency-1.16.1-1579 (25183787)
LIBXSMM_TARGET: clx
Registry and code: 13 MB
Uptime: 0.026974 s

LIBXSMM_VERSION: RT-bct-B-from-vreg-hide-mlatency-1.16.1-1579 (25183787)
LIBXSMM_TARGET: clx
Registry and code: 13 MB
Uptime: 0.090129 s

LIBXSMM_VERSION: RT-bct-B-from-vreg-hide-mlatency-1.16.1-1579 (25183787)
LIBXSMM_TARGET: clx
Registry and code: 13 MB
Uptime: 0.072932 s

LIBXSMM_VERSION: RT-bct-B-from-vreg-hide-mlatency-1.16.1-1579 (25183787)
LIBXSMM_TARGET: clx
Registry and code: 13 MB
Uptime: 0.125914 s

LIBXSMM_VERSION: RT-bct-B-from-vreg-hide-mlatency-1.16.1-1579 (25183787)
LIBXSMM_TARGET: clx
Registry and code: 13 MB
Uptime: 0.084468 s

LIBXSMM_VERSION: RT-bct-B-from-vreg-hide-mlatency-1.16.1-1579 (25183787)
LIBXSMM_TARGET: clx
Registry and code: 13 MB
Uptime: 0.108453 s

LIBXSMM_VERSION: RT-bct-B-from-vreg-hide-mlatency-1.16.1-1579 (25183787)
LIBXSMM_TARGET: clx
Registry and code: 13 MB
Uptime: 0.227772 s

LIBXSMM_VERSION: RT-bct-B-from-vreg-hide-mlatency-1.16.1-1579 (25183787)
LIBXSMM_TARGET: clx
Registry and code: 13 MB
Uptime: 0.320284 s

LIBXSMM_VERSION: RT-bct-B-from-vreg-hide-mlatency-1.16.1-1579 (25183787)
LIBXSMM_TARGET: clx
Registry and code: 13 MB
Uptime: 0.513914 s

LIBXSMM_VERSION: RT-bct-B-from-vreg-hide-mlatency-1.16.1-1579 (25183787)
LIBXSMM_TARGET: clx
Registry and code: 13 MB
Uptime: 0.513305 s

LIBXSMM_VERSION: RT-bct-B-from-vreg-hide-mlatency-1.16.1-1579 (25183787)
LIBXSMM_TARGET: clx
Registry and code: 13 MB
Uptime: 0.318450 s

LIBXSMM_VERSION: RT-bct-B-from-vreg-hide-mlatency-1.16.1-1579 (25183787)
LIBXSMM_TARGET: clx
Registry and code: 13 MB
Uptime: 0.707765 s

LIBXSMM_VERSION: RT-bct-B-from-vreg-hide-mlatency-1.16.1-1579 (25183787)
LIBXSMM_TARGET: clx
Registry and code: 13 MB
Uptime: 0.776305 s

LIBXSMM_VERSION: RT-bct-B-from-vreg-hide-mlatency-1.16.1-1579 (25183787)
LIBXSMM_TARGET: clx
Registry and code: 13 MB
Uptime: 1.082729 s

LIBXSMM_VERSION: RT-bct-B-from-vreg-hide-mlatency-1.16.1-1579 (25183787)
LIBXSMM_TARGET: clx
Registry and code: 13 MB
Uptime: 1.638530 s

LIBXSMM_VERSION: RT-bct-B-from-vreg-hide-mlatency-1.16.1-1579 (25183787)
LIBXSMM_TARGET: clx
Registry and code: 13 MB
Uptime: 1.109449 s

LIBXSMM_VERSION: RT-bct-B-from-vreg-hide-mlatency-1.16.1-1579 (25183787)
LIBXSMM_TARGET: clx
Registry and code: 13 MB
Uptime: 1.572715 s

LIBXSMM_VERSION: RT-bct-B-from-vreg-hide-mlatency-1.16.1-1579 (25183787)
LIBXSMM_TARGET: clx
Registry and code: 13 MB
Uptime: 1.953706 s

LIBXSMM_VERSION: RT-bct-B-from-vreg-hide-mlatency-1.16.1-1579 (25183787)
LIBXSMM_TARGET: clx
Registry and code: 13 MB
Uptime: 2.458753 s

LIBXSMM_VERSION: RT-bct-B-from-vreg-hide-mlatency-1.16.1-1579 (25183787)
LIBXSMM_TARGET: clx
Registry and code: 13 MB
Uptime: 4.233715 s

LIBXSMM_VERSION: RT-bct-B-from-vreg-hide-mlatency-1.16.1-1579 (25183787)
LIBXSMM_TARGET: clx
Registry and code: 13 MB
Uptime: 2.957482 s

LIBXSMM_VERSION: RT-bct-B-from-vreg-hide-mlatency-1.16.1-1579 (25183787)
LIBXSMM_TARGET: clx
Registry and code: 13 MB
Uptime: 3.685755 s

LIBXSMM_VERSION: RT-bct-B-from-vreg-hide-mlatency-1.16.1-1579 (25183787)
LIBXSMM_TARGET: clx
Registry and code: 13 MB
Uptime: 4.016688 s

LIBXSMM_VERSION: RT-bct-B-from-vreg-hide-mlatency-1.16.1-1579 (25183787)
LIBXSMM_TARGET: clx
Registry and code: 13 MB
Uptime: 4.631727 s

LIBXSMM_VERSION: RT-bct-B-from-vreg-hide-mlatency-1.16.1-1579 (25183787)
LIBXSMM_TARGET: clx
Registry and code: 13 MB
Uptime: 9.673253 s

LIBXSMM_VERSION: RT-bct-B-from-vreg-hide-mlatency-1.16.1-1579 (25183787)
LIBXSMM_TARGET: clx
Registry and code: 13 MB
Uptime: 7.706314 s

LIBXSMM_VERSION: RT-bct-B-from-vreg-hide-mlatency-1.16.1-1579 (25183787)
LIBXSMM_TARGET: clx
Registry and code: 13 MB
Uptime: 0.024218 s

LIBXSMM_VERSION: RT-bct-B-from-vreg-hide-mlatency-1.16.1-1579 (25183787)
LIBXSMM_TARGET: clx
Registry and code: 13 MB
Uptime: 0.016115 s

LIBXSMM_VERSION: RT-bct-B-from-vreg-hide-mlatency-1.16.1-1579 (25183787)
LIBXSMM_TARGET: clx
Registry and code: 13 MB
Uptime: 0.025636 s

LIBXSMM_VERSION: RT-bct-B-from-vreg-hide-mlatency-1.16.1-1579 (25183787)
LIBXSMM_TARGET: clx
Registry and code: 13 MB
Uptime: 0.015974 s

Finished running in 10.0877ms
Generating and Compiling data/example_mats/quad/p5/gauss-legendre-lobatto/m460.txt
Running data/example_mats/quad/p5/gauss-legendre-lobatto/m460.txt
Finished running in 8.588766666666666ms
Generating and Compiling data/example_mats/quad/p5/gauss-legendre/m0.txt
Running data/example_mats/quad/p5/gauss-legendre/m0.txt
Finished running in 3.5167ms
Generating and Compiling data/example_mats/quad/p5/gauss-legendre/m3.txt
Running data/example_mats/quad/p5/gauss-legendre/m3.txt
Finished running in 3.7085999999999997ms
Generating and Compiling data/example_mats/quad/p5/gauss-legendre/m6.txt
Running data/example_mats/quad/p5/gauss-legendre/m6.txt
Finished running in 7.048566666666667ms
Generating and Compiling data/example_mats/quad/p5/gauss-legendre/m132.txt
Running data/example_mats/quad/p5/gauss-legendre/m132.txt
Finished running in 10.287466666666667ms
Generating and Compiling data/example_mats/quad/p5/gauss-legendre/m460.txt
Running data/example_mats/quad/p5/gauss-legendre/m460.txt
Finished running in 8.7051ms
Generating and Compiling data/example_mats/quad/p6/gauss-legendre-lobatto/m0.txt
Running data/example_mats/quad/p6/gauss-legendre-lobatto/m0.txt
Finished running in 2.8543333333333334ms
Generating and Compiling data/example_mats/quad/p6/gauss-legendre-lobatto/m3.txt
Running data/example_mats/quad/p6/gauss-legendre-lobatto/m3.txt
Finished running in 5.0168ms
Generating and Compiling data/example_mats/quad/p6/gauss-legendre-lobatto/m6.txt
Running data/example_mats/quad/p6/gauss-legendre-lobatto/m6.txt
Finished running in 9.638866666666667ms
Generating and Compiling data/example_mats/quad/p6/gauss-legendre-lobatto/m132.txt
Running data/example_mats/quad/p6/gauss-legendre-lobatto/m132.txt
Finished running in 17.4756ms
Generating and Compiling data/example_mats/quad/p6/gauss-legendre-lobatto/m460.txt
Running data/example_mats/quad/p6/gauss-legendre-lobatto/m460.txt
Finished running in 12.496466666666667ms
Generating and Compiling data/example_mats/quad/p6/gauss-legendre/m0.txt
Running data/example_mats/quad/p6/gauss-legendre/m0.txt
Finished running in 5.553766666666666ms
Generating and Compiling data/example_mats/quad/p6/gauss-legendre/m3.txt
Running data/example_mats/quad/p6/gauss-legendre/m3.txt
Finished running in 5.039933333333334ms
Generating and Compiling data/example_mats/quad/p6/gauss-legendre/m6.txt
Running data/example_mats/quad/p6/gauss-legendre/m6.txt
Finished running in 9.659466666666667ms
Generating and Compiling data/example_mats/quad/p6/gauss-legendre/m132.txt
Running data/example_mats/quad/p6/gauss-legendre/m132.txt
Finished running in 18.095633333333335ms
Generating and Compiling data/example_mats/quad/p6/gauss-legendre/m460.txt
Running data/example_mats/quad/p6/gauss-legendre/m460.txt
Finished running in 12.5997ms
Generating and Compiling data/example_mats/tet/p1/shunn-ham/m0.txt
Running data/example_mats/tet/p1/shunn-ham/m0.txt
Finished running in 1.2219ms
Generating and Compiling data/example_mats/tet/p1/shunn-ham/m3.txt
Running data/example_mats/tet/p1/shunn-ham/m3.txt
Finished running in 0.5508000000000001ms
Generating and Compiling data/example_mats/tet/p1/shunn-ham/m6.txt
Running data/example_mats/tet/p1/shunn-ham/m6.txt
Finished running in 1.2994999999999999ms
Generating and Compiling data/example_mats/tet/p1/shunn-ham/m132.txt
Running data/example_mats/tet/p1/shunn-ham/m132.txt
Finished running in 0.5094333333333333ms
Generating and Compiling data/example_mats/tet/p1/shunn-ham/m460.txt
Running data/example_mats/tet/p1/shunn-ham/m460.txt
Finished running in 0.6205333333333333ms
Generating and Compiling data/example_mats/tet/p2/shunn-ham/m0.txt
Running data/example_mats/tet/p2/shunn-ham/m0.txt
Finished running in 2.486233333333333ms
Generating and Compiling data/example_mats/tet/p2/shunn-ham/m3.txt
Running data/example_mats/tet/p2/shunn-ham/m3.txt
Finished running in 1.3196ms
Generating and Compiling data/example_mats/tet/p2/shunn-ham/m6.txt
Running data/example_mats/tet/p2/shunn-ham/m6.txt
Finished running in 3.4534000000000002ms
Generating and Compiling data/example_mats/tet/p2/shunn-ham/m132.txt
Running data/example_mats/tet/p2/shunn-ham/m132.txt
Finished running in 1.5613999999999995ms
Generating and Compiling data/example_mats/tet/p2/shunn-ham/m460.txt
Running data/example_mats/tet/p2/shunn-ham/m460.txt
Finished running in 3.016433333333333ms
Generating and Compiling data/example_mats/tet/p3/shunn-ham/m0.txt
Running data/example_mats/tet/p3/shunn-ham/m0.txt
Finished running in 4.684933333333333ms
Generating and Compiling data/example_mats/tet/p3/shunn-ham/m3.txt
Running data/example_mats/tet/p3/shunn-ham/m3.txt
Finished running in 9.359833333333334ms
Generating and Compiling data/example_mats/tet/p3/shunn-ham/m6.txt
Running data/example_mats/tet/p3/shunn-ham/m6.txt
Finished running in 10.194733333333334ms
Generating and Compiling data/example_mats/tet/p3/shunn-ham/m132.txt
Running data/example_mats/tet/p3/shunn-ham/m132.txt
Finished running in 16.002566666666667ms
Generating and Compiling data/example_mats/tet/p3/shunn-ham/m460.txt
Running data/example_mats/tet/p3/shunn-ham/m460.txt
Finished running in 9.305033333333334ms
Generating and Compiling data/example_mats/tet/p4/shunn-ham/m0.txt
Running data/example_mats/tet/p4/shunn-ham/m0.txt
Finished running in 17.5507ms
Generating and Compiling data/example_mats/tet/p4/shunn-ham/m3.txt
Running data/example_mats/tet/p4/shunn-ham/m3.txt
Finished running in 22.4277ms
Generating and Compiling data/example_mats/tet/p4/shunn-ham/m6.txt
Running data/example_mats/tet/p4/shunn-ham/m6.txt
Finished running in 22.9548ms
Generating and Compiling data/example_mats/tet/p4/shunn-ham/m132.txt
Running data/example_mats/tet/p4/shunn-ham/m132.txt
Finished running in 41.057833333333335ms
Generating and Compiling data/example_mats/tet/p4/shunn-ham/m460.txt
Running data/example_mats/tet/p4/shunn-ham/m460.txt
Finished running in 21.900133333333333ms
Generating and Compiling data/example_mats/tet/p5/shunn-ham/m0.txt
Running data/example_mats/tet/p5/shunn-ham/m0.txt
Finished running in 34.5588ms
Generating and Compiling data/example_mats/tet/p5/shunn-ham/m3.txt
Running data/example_mats/tet/p5/shunn-ham/m3.txt
Finished running in 41.11323333333333ms
Generating and Compiling data/example_mats/tet/p5/shunn-ham/m6.txt
Running data/example_mats/tet/p5/shunn-ham/m6.txt
Finished running in 78.01803333333334ms
Generating and Compiling data/example_mats/tet/p5/shunn-ham/m132.txt
Running data/example_mats/tet/p5/shunn-ham/m132.txt
Finished running in 80.7797ms
Generating and Compiling data/example_mats/tet/p5/shunn-ham/m460.txt
Running data/example_mats/tet/p5/shunn-ham/m460.txt
Finished running in 57.2233ms
Generating and Compiling data/example_mats/tet/p6/shunn-ham/m0.txt
Running data/example_mats/tet/p6/shunn-ham/m0.txt
Finished running in 61.0498ms
Generating and Compiling data/example_mats/tet/p6/shunn-ham/m3.txt
Running data/example_mats/tet/p6/shunn-ham/m3.txt
Finished running in 66.50503333333333ms
Generating and Compiling data/example_mats/tet/p6/shunn-ham/m6.txt
Running data/example_mats/tet/p6/shunn-ham/m6.txt
Finished running in 133.7992ms
Generating and Compiling data/example_mats/tet/p6/shunn-ham/m132.txt
Running data/example_mats/tet/p6/shunn-ham/m132.txt
Finished running in 140.73783333333333ms
Generating and Compiling data/example_mats/tet/p6/shunn-ham/m460.txt
Running data/example_mats/tet/p6/shunn-ham/m460.txt
Finished running in 105.8966ms
Generating and Compiling data/example_mats/tri/p1/williams-shunn/m0.txt
Running data/example_mats/tri/p1/williams-shunn/m0.txt
Finished running in 0.6082666666666667ms
Generating and Compiling data/example_mats/tri/p1/williams-shunn/m3.txt
Running data/example_mats/tri/p1/williams-shunn/m3.txt
Finished running in 0.3514666666666667ms
Generating and Compiling data/example_mats/tri/p1/williams-shunn/m6.txt
Running data/example_mats/tri/p1/williams-shunn/m6.txt
Finished running in 0.6298999999999999ms
Generating and Compiling data/example_mats/tri/p1/williams-shunn/m132.txt
Running data/example_mats/tri/p1/williams-shunn/m132.txt
Finished running in 0.34609999999999996ms
Generating and Compiling data/example_mats/tri/p1/williams-shunn/m460.txt
LIBXSMM_VERSION: RT-bct-B-from-vreg-hide-mlatency-1.16.1-1579 (25183787)
LIBXSMM_TARGET: clx
Registry and code: 13 MB
Uptime: 0.018168 s

LIBXSMM_VERSION: RT-bct-B-from-vreg-hide-mlatency-1.16.1-1579 (25183787)
LIBXSMM_TARGET: clx
Registry and code: 13 MB
Uptime: 0.035997 s

LIBXSMM_VERSION: RT-bct-B-from-vreg-hide-mlatency-1.16.1-1579 (25183787)
LIBXSMM_TARGET: clx
Registry and code: 13 MB
Uptime: 0.028906 s

LIBXSMM_VERSION: RT-bct-B-from-vreg-hide-mlatency-1.16.1-1579 (25183787)
LIBXSMM_TARGET: clx
Registry and code: 13 MB
Uptime: 0.049675 s

LIBXSMM_VERSION: RT-bct-B-from-vreg-hide-mlatency-1.16.1-1579 (25183787)
LIBXSMM_TARGET: clx
Registry and code: 13 MB
Uptime: 0.031283 s

LIBXSMM_VERSION: RT-bct-B-from-vreg-hide-mlatency-1.16.1-1579 (25183787)
LIBXSMM_TARGET: clx
Registry and code: 13 MB
Uptime: 0.046868 s

LIBXSMM_VERSION: RT-bct-B-from-vreg-hide-mlatency-1.16.1-1579 (25183787)
LIBXSMM_TARGET: clx
Registry and code: 13 MB
Uptime: 0.050724 s

LIBXSMM_VERSION: RT-bct-B-from-vreg-hide-mlatency-1.16.1-1579 (25183787)
LIBXSMM_TARGET: clx
Registry and code: 13 MB
Uptime: 0.044776 s

LIBXSMM_VERSION: RT-bct-B-from-vreg-hide-mlatency-1.16.1-1579 (25183787)
LIBXSMM_TARGET: clx
Registry and code: 13 MB
Uptime: 0.076438 s

LIBXSMM_VERSION: RT-bct-B-from-vreg-hide-mlatency-1.16.1-1579 (25183787)
LIBXSMM_TARGET: clx
Registry and code: 13 MB
Uptime: 0.063936 s

LIBXSMM_VERSION: RT-bct-B-from-vreg-hide-mlatency-1.16.1-1579 (25183787)
LIBXSMM_TARGET: clx
Registry and code: 13 MB
Uptime: 0.075879 s

LIBXSMM_VERSION: RT-bct-B-from-vreg-hide-mlatency-1.16.1-1579 (25183787)
LIBXSMM_TARGET: clx
Registry and code: 13 MB
Uptime: 0.068936 s

LIBXSMM_VERSION: RT-bct-B-from-vreg-hide-mlatency-1.16.1-1579 (25183787)
LIBXSMM_TARGET: clx
Registry and code: 13 MB
Uptime: 0.071085 s

LIBXSMM_VERSION: RT-bct-B-from-vreg-hide-mlatency-1.16.1-1579 (25183787)
LIBXSMM_TARGET: clx
Registry and code: 13 MB
Uptime: 0.116728 s

LIBXSMM_VERSION: RT-bct-B-from-vreg-hide-mlatency-1.16.1-1579 (25183787)
LIBXSMM_TARGET: clx
Registry and code: 13 MB
Uptime: 0.136040 s

LIBXSMM_VERSION: RT-bct-B-from-vreg-hide-mlatency-1.16.1-1579 (25183787)
LIBXSMM_TARGET: clx
Registry and code: 13 MB
Uptime: 0.126385 s

LIBXSMM_VERSION: RT-bct-B-from-vreg-hide-mlatency-1.16.1-1579 (25183787)
LIBXSMM_TARGET: clx
Registry and code: 13 MB
Uptime: 0.113945 s

LIBXSMM_VERSION: RT-bct-B-from-vreg-hide-mlatency-1.16.1-1579 (25183787)
LIBXSMM_TARGET: clx
Registry and code: 13 MB
Uptime: 0.116046 s

LIBXSMM_VERSION: RT-bct-B-from-vreg-hide-mlatency-1.16.1-1579 (25183787)
LIBXSMM_TARGET: clx
Registry and code: 13 MB
Uptime: 0.164590 s

LIBXSMM_VERSION: RT-bct-B-from-vreg-hide-mlatency-1.16.1-1579 (25183787)
LIBXSMM_TARGET: clx
Registry and code: 13 MB
Uptime: 0.356905 s

LIBXSMM_VERSION: RT-bct-B-from-vreg-hide-mlatency-1.16.1-1579 (25183787)
LIBXSMM_TARGET: clx
Registry and code: 13 MB
Uptime: 0.246336 s

LIBXSMM_VERSION: RT-bct-B-from-vreg-hide-mlatency-1.16.1-1579 (25183787)
LIBXSMM_TARGET: clx
Registry and code: 13 MB
Uptime: 0.169822 s

LIBXSMM_VERSION: RT-bct-B-from-vreg-hide-mlatency-1.16.1-1579 (25183787)
LIBXSMM_TARGET: clx
Registry and code: 13 MB
Uptime: 0.170935 s

LIBXSMM_VERSION: RT-bct-B-from-vreg-hide-mlatency-1.16.1-1579 (25183787)
LIBXSMM_TARGET: clx
Registry and code: 13 MB
Uptime: 0.238259 s

LIBXSMM_VERSION: RT-bct-B-from-vreg-hide-mlatency-1.16.1-1579 (25183787)
LIBXSMM_TARGET: clx
Registry and code: 13 MB
Uptime: 0.651755 s

LIBXSMM_VERSION: RT-bct-B-from-vreg-hide-mlatency-1.16.1-1579 (25183787)
LIBXSMM_TARGET: clx
Registry and code: 13 MB
Uptime: 0.445670 s

Running data/example_mats/tri/p1/williams-shunn/m460.txt
Finished running in 0.4129333333333333ms
Generating and Compiling data/example_mats/tri/p2/williams-shunn/m0.txt
Running data/example_mats/tri/p2/williams-shunn/m0.txt
Finished running in 0.9272333333333334ms
Generating and Compiling data/example_mats/tri/p2/williams-shunn/m3.txt
Running data/example_mats/tri/p2/williams-shunn/m3.txt
Finished running in 0.7019333333333333ms
Generating and Compiling data/example_mats/tri/p2/williams-shunn/m6.txt
Running data/example_mats/tri/p2/williams-shunn/m6.txt
Finished running in 1.3051333333333335ms
Generating and Compiling data/example_mats/tri/p2/williams-shunn/m132.txt
Running data/example_mats/tri/p2/williams-shunn/m132.txt
Finished running in 0.7438666666666667ms
Generating and Compiling data/example_mats/tri/p2/williams-shunn/m460.txt
Running data/example_mats/tri/p2/williams-shunn/m460.txt
Finished running in 1.2486ms
Generating and Compiling data/example_mats/tri/p3/williams-shunn/m0.txt
Running data/example_mats/tri/p3/williams-shunn/m0.txt
Finished running in 1.3372ms
Generating and Compiling data/example_mats/tri/p3/williams-shunn/m3.txt
Running data/example_mats/tri/p3/williams-shunn/m3.txt
Finished running in 1.1459666666666666ms
Generating and Compiling data/example_mats/tri/p3/williams-shunn/m6.txt
Running data/example_mats/tri/p3/williams-shunn/m6.txt
Finished running in 2.065166666666667ms
Generating and Compiling data/example_mats/tri/p3/williams-shunn/m132.txt
Running data/example_mats/tri/p3/williams-shunn/m132.txt
Finished running in 1.6893333333333334ms
Generating and Compiling data/example_mats/tri/p3/williams-shunn/m460.txt
Running data/example_mats/tri/p3/williams-shunn/m460.txt
Finished running in 2.059833333333333ms
Generating and Compiling data/example_mats/tri/p4/williams-shunn/m0.txt
Running data/example_mats/tri/p4/williams-shunn/m0.txt
Finished running in 1.8435ms
Generating and Compiling data/example_mats/tri/p4/williams-shunn/m3.txt
Running data/example_mats/tri/p4/williams-shunn/m3.txt
Finished running in 1.9105666666666667ms
Generating and Compiling data/example_mats/tri/p4/williams-shunn/m6.txt
Running data/example_mats/tri/p4/williams-shunn/m6.txt
Finished running in 3.2417666666666665ms
Generating and Compiling data/example_mats/tri/p4/williams-shunn/m132.txt
Running data/example_mats/tri/p4/williams-shunn/m132.txt
Finished running in 2.658166666666667ms
Generating and Compiling data/example_mats/tri/p4/williams-shunn/m460.txt
Running data/example_mats/tri/p4/williams-shunn/m460.txt
Finished running in 3.5488333333333335ms
Generating and Compiling data/example_mats/tri/p5/williams-shunn/m0.txt
Running data/example_mats/tri/p5/williams-shunn/m0.txt
Finished running in 2.3515ms
Generating and Compiling data/example_mats/tri/p5/williams-shunn/m3.txt
Running data/example_mats/tri/p5/williams-shunn/m3.txt
Finished running in 2.4623333333333335ms
Generating and Compiling data/example_mats/tri/p5/williams-shunn/m6.txt
Running data/example_mats/tri/p5/williams-shunn/m6.txt
Finished running in 4.629533333333333ms
Generating and Compiling data/example_mats/tri/p5/williams-shunn/m132.txt
Running data/example_mats/tri/p5/williams-shunn/m132.txt
Finished running in 10.983033333333333ms
Generating and Compiling data/example_mats/tri/p5/williams-shunn/m460.txt
Running data/example_mats/tri/p5/williams-shunn/m460.txt
Finished running in 4.989633333333333ms
Generating and Compiling data/example_mats/tri/p6/williams-shunn/m0.txt
Running data/example_mats/tri/p6/williams-shunn/m0.txt
Finished running in 3.0355333333333334ms
Generating and Compiling data/example_mats/tri/p6/williams-shunn/m3.txt
Running data/example_mats/tri/p6/williams-shunn/m3.txt
Finished running in 4.146533333333333ms
Generating and Compiling data/example_mats/tri/p6/williams-shunn/m6.txt
Running data/example_mats/tri/p6/williams-shunn/m6.txt
Finished running in 6.8349ms
Generating and Compiling data/example_mats/tri/p6/williams-shunn/m132.txt
Running data/example_mats/tri/p6/williams-shunn/m132.txt
Finished running in 20.442333333333334ms
Generating and Compiling data/example_mats/tri/p6/williams-shunn/m460.txt
Running data/example_mats/tri/p6/williams-shunn/m460.txt
Finished running in 8.7978ms
