
LIBXSMM_VERSION: RT-bct-L1-NMBlocking-1.16.1-1576 (25183784)
LIBXSMM_TARGET: skx
Registry and code: 13 MB
Uptime: 1.538779 s

LIBXSMM_VERSION: RT-bct-L1-NMBlocking-1.16.1-1576 (25183784)
LIBXSMM_TARGET: skx
Registry and code: 13 MB
Uptime: 1.535392 s

LIBXSMM_VERSION: RT-bct-L1-NMBlocking-1.16.1-1576 (25183784)
LIBXSMM_TARGET: skx
Registry and code: 13 MB
Uptime: 1.537659 s

LIBXSMM_VERSION: RT-bct-L1-NMBlocking-1.16.1-1576 (25183784)
LIBXSMM_TARGET: skx
Registry and code: 13 MB
Uptime: 1.540737 s

LIBXSMM_VERSION: RT-bct-L1-NMBlocking-1.16.1-1576 (25183784)
LIBXSMM_TARGET: skx
Registry and code: 13 MB
Uptime: 1.541526 s

LIBXSMM_VERSION: RT-bct-L1-NMBlocking-1.16.1-1576 (25183784)
LIBXSMM_TARGET: skx
Registry and code: 13 MB
Uptime: 1.542722 s

LIBXSMM_VERSION: RT-bct-L1-NMBlocking-1.16.1-1576 (25183784)
LIBXSMM_TARGET: skx
Registry and code: 13 MB
Uptime: 1.636686 s

LIBXSMM_VERSION: RT-bct-L1-NMBlocking-1.16.1-1576 (25183784)
LIBXSMM_TARGET: skx
Registry and code: 13 MB
Uptime: 1.633912 s

LIBXSMM_VERSION: RT-bct-L1-NMBlocking-1.16.1-1576 (25183784)
LIBXSMM_TARGET: skx
Registry and code: 13 MB
Uptime: 1.634500 s

LIBXSMM_VERSION: RT-bct-L1-NMBlocking-1.16.1-1576 (25183784)
LIBXSMM_TARGET: skx
Registry and code: 13 MB
Uptime: 1.636543 s

LIBXSMM_VERSION: RT-bct-L1-NMBlocking-1.16.1-1576 (25183784)
LIBXSMM_TARGET: skx
Registry and code: 13 MB
Uptime: 1.635876 s

LIBXSMM_VERSION: RT-bct-L1-NMBlocking-1.16.1-1576 (25183784)
LIBXSMM_TARGET: skx
Registry and code: 13 MB
Uptime: 1.630214 s

LIBXSMM_VERSION: RT-bct-L1-NMBlocking-1.16.1-1576 (25183784)
LIBXSMM_TARGET: skx
Registry and code: 13 MB
Uptime: 1.632862 s

LIBXSMM_VERSION: RT-bct-L1-NMBlocking-1.16.1-1576 (25183784)
LIBXSMM_TARGET: skx
Registry and code: 13 MB
Uptime: 1.634125 s

LIBXSMM_VERSION: RT-bct-L1-NMBlocking-1.16.1-1576 (25183784)
LIBXSMM_TARGET: skx
Registry and code: 13 MB
Uptime: 1.639669 s

LIBXSMM_VERSION: RT-bct-L1-NMBlocking-1.16.1-1576 (25183784)
LIBXSMM_TARGET: skx
Registry and code: 13 MB
Uptime: 1.648205 s

LIBXSMM_VERSION: RT-bct-L1-NMBlocking-1.16.1-1576 (25183784)
LIBXSMM_TARGET: skx
Registry and code: 13 MB
Uptime: 1.653905 s

LIBXSMM_VERSION: RT-bct-L1-NMBlocking-1.16.1-1576 (25183784)
LIBXSMM_TARGET: skx
Registry and code: 13 MB
Uptime: 1.652263 s

LIBXSMM_VERSION: RT-bct-L1-NMBlocking-1.16.1-1576 (25183784)
LIBXSMM_TARGET: skx
Registry and code: 13 MB
Uptime: 1.650599 s

LIBXSMM_VERSION: RT-bct-L1-NMBlocking-1.16.1-1576 (25183784)
LIBXSMM_TARGET: skx
Registry and code: 13 MB
Uptime: 1.653230 s

LIBXSMM_VERSION: RT-bct-L1-NMBlocking-1.16.1-1576 (25183784)
LIBXSMM_TARGET: skx
Registry and code: 13 MB
Uptime: 1.660723 s

LIBXSMM_VERSION: RT-bct-L1-NMBlocking-1.16.1-1576 (25183784)
LIBXSMM_TARGET: skx
Registry and code: 13 MB
Uptime: 1.659510 s

LIBXSMM_VERSION: RT-bct-L1-NMBlocking-1.16.1-1576 (25183784)
LIBXSMM_TARGET: skx
Registry and code: 13 MB
Uptime: 1.686299 s

LIBXSMM_VERSION: RT-bct-L1-NMBlocking-1.16.1-1576 (25183784)
LIBXSMM_TARGET: skx
Registry and code: 13 MB
Uptime: 1.673766 s

LIBXSMM_VERSION: RT-bct-L1-NMBlocking-1.16.1-1576 (25183784)
LIBXSMM_TARGET: skx
Registry and code: 13 MB
Uptime: 1.689075 s

LIBXSMM_VERSION: RT-bct-L1-NMBlocking-1.16.1-1576 (25183784)
LIBXSMM_TARGET: skx
Registry and code: 13 MB
Uptime: 1.691844 s

LIBXSMM_VERSION: RT-bct-L1-NMBlocking-1.16.1-1576 (25183784)
LIBXSMM_TARGET: skx
Registry and code: 13 MB
Uptime: 1.704879 s

LIBXSMM_VERSION: RT-bct-L1-NMBlocking-1.16.1-1576 (25183784)
LIBXSMM_TARGET: skx
Registry and code: 13 MB
Uptime: 1.713590 s

LIBXSMM_VERSION: RT-bct-L1-NMBlocking-1.16.1-1576 (25183784)
LIBXSMM_TARGET: skx
Registry and code: 13 MB
Uptime: 1.725313 s

LIBXSMM_VERSION: RT-bct-L1-NMBlocking-1.16.1-1576 (25183784)
LIBXSMM_TARGET: skx
Registry and code: 13 MB
Uptime: 1.721036 s

LIBXSMM_VERSION: RT-bct-L1-NMBlocking-1.16.1-1576 (25183784)
LIBXSMM_TARGET: skx
Registry and code: 13 MB
Uptime: 1.866761 s

LIBXSMM_VERSION: RT-bct-L1-NMBlocking-1.16.1-1576 (25183784)
LIBXSMM_TARGET: skx
Registry and code: 13 MB
Uptime: 1.866339 s

LIBXSMM_VERSION: RT-bct-L1-NMBlocking-1.16.1-1576 (25183784)
LIBXSMM_TARGET: skx
Registry and code: 13 MB
Uptime: 1.863771 s

LIBXSMM_VERSION: RT-bct-L1-NMBlocking-1.16.1-1576 (25183784)
LIBXSMM_TARGET: skx
Registry and code: 13 MB
Uptime: 1.898695 s

LIBXSMM_VERSION: RT-bct-L1-NMBlocking-1.16.1-1576 (25183784)
LIBXSMM_TARGET: skx
Registry and code: 13 MB
Uptime: 1.876994 s

LIBXSMM_VERSION: RT-bct-L1-NMBlocking-1.16.1-1576 (25183784)
LIBXSMM_TARGET: skx
Registry and code: 13 MB
Uptime: 1.878866 s

LIBXSMM_VERSION: RT-bct-L1-NMBlocking-1.16.1-1576 (25183784)
LIBXSMM_TARGET: skx
Registry and code: 13 MB
Uptime: 1.526806 s

LIBXSMM_VERSION: RT-bct-L1-NMBlocking-1.16.1-1576 (25183784)
LIBXSMM_TARGET: skx
Registry and code: 13 MB
Uptime: 1.528521 s

LIBXSMM_VERSION: RT-bct-L1-NMBlocking-1.16.1-1576 (25183784)
LIBXSMM_TARGET: skx
Registry and code: 13 MB
Uptime: 1.524987 s

LIBXSMM_VERSION: RT-bct-L1-NMBlocking-1.16.1-1576 (25183784)
LIBXSMM_TARGET: skx
Registry and code: 13 MB
Uptime: 1.525681 s

LIBXSMM_VERSION: RT-bct-L1-NMBlocking-1.16.1-1576 (25183784)
LIBXSMM_TARGET: skx
Registry and code: 13 MB
Uptime: 1.523978 s

LIBXSMM_VERSION: RT-bct-L1-NMBlocking-1.16.1-1576 (25183784)
LIBXSMM_TARGET: skx
Registry and code: 13 MB
Uptime: 1.529383 s

LIBXSMM_VERSION: RT-bct-L1-NMBlocking-1.16.1-1576 (25183784)
LIBXSMM_TARGET: skx
Registry and code: 13 MB
Uptime: 1.635391 s

LIBXSMM_VERSION: RT-bct-L1-NMBlocking-1.16.1-1576 (25183784)
LIBXSMM_TARGET: skx
Registry and code: 13 MB
Uptime: 1.635043 s

LIBXSMM_VERSION: RT-bct-L1-NMBlocking-1.16.1-1576 (25183784)
LIBXSMM_TARGET: skx
Registry and code: 13 MB
Uptime: 1.636363 s

LIBXSMM_VERSION: RT-bct-L1-NMBlocking-1.16.1-1576 (25183784)
LIBXSMM_TARGET: skx
Registry and code: 13 MB
Uptime: 1.635804 s

LIBXSMM_VERSION: RT-bct-L1-NMBlocking-1.16.1-1576 (25183784)
LIBXSMM_TARGET: skx
Registry and code: 13 MB
Uptime: 1.642867 s

LIBXSMM_VERSION: RT-bct-L1-NMBlocking-1.16.1-1576 (25183784)
LIBXSMM_TARGET: skx
Registry and code: 13 MB
Uptime: 1.634676 s

LIBXSMM_VERSION: RT-bct-L1-NMBlocking-1.16.1-1576 (25183784)
LIBXSMM_TARGET: skx
Registry and code: 13 MB
Uptime: 1.632876 s

LIBXSMM_VERSION: RT-bct-L1-NMBlocking-1.16.1-1576 (25183784)
LIBXSMM_TARGET: skx
Registry and code: 13 MB
Uptime: 1.634272 s

LIBXSMM_VERSION: RT-bct-L1-NMBlocking-1.16.1-1576 (25183784)
LIBXSMM_TARGET: skx
Registry and code: 13 MB
Uptime: 1.638390 s

LIBXSMM_VERSION: RT-bct-L1-NMBlocking-1.16.1-1576 (25183784)
LIBXSMM_TARGET: skx
Registry and code: 13 MB
Uptime: 1.642525 s

LIBXSMM_VERSION: RT-bct-L1-NMBlocking-1.16.1-1576 (25183784)
LIBXSMM_TARGET: skx
Registry and code: 13 MB
Uptime: 1.651763 s

LIBXSMM_VERSION: RT-bct-L1-NMBlocking-1.16.1-1576 (25183784)
LIBXSMM_TARGET: skx
Registry and code: 13 MB
Uptime: 1.643674 s

LIBXSMM_VERSION: RT-bct-L1-NMBlocking-1.16.1-1576 (25183784)
LIBXSMM_TARGET: skx
Registry and code: 13 MB
Uptime: 1.653377 s

LIBXSMM_VERSION: RT-bct-L1-NMBlocking-1.16.1-1576 (25183784)
LIBXSMM_TARGET: skx
Registry and code: 13 MB
Uptime: 1.654418 s

LIBXSMM_VERSION: RT-bct-L1-NMBlocking-1.16.1-1576 (25183784)
LIBXSMM_TARGET: skx
Registry and code: 13 MB
Uptime: 1.659048 s

LIBXSMM_VERSION: RT-bct-L1-NMBlocking-1.16.1-1576 (25183784)
LIBXSMM_TARGET: skx
Registry and code: 13 MB
Uptime: 1.665680 s

LIBXSMM_VERSION: RT-bct-L1-NMBlocking-1.16.1-1576 (25183784)
LIBXSMM_TARGET: skx
Registry and code: 13 MB
Uptime: 1.686127 s

LIBXSMM_VERSION: RT-bct-L1-NMBlocking-1.16.1-1576 (25183784)
LIBXSMM_TARGET: skx
Registry and code: 13 MB
Uptime: 1.675036 s

LIBXSMM_VERSION: RT-bct-L1-NMBlocking-1.16.1-1576 (25183784)
LIBXSMM_TARGET: skx
Registry and code: 13 MB
Uptime: 1.692096 s

LIBXSMM_VERSION: RT-bct-L1-NMBlocking-1.16.1-1576 (25183784)
LIBXSMM_TARGET: skx
Registry and code: 13 MB
Uptime: 1.694319 s

LIBXSMM_VERSION: RT-bct-L1-NMBlocking-1.16.1-1576 (25183784)
LIBXSMM_TARGET: skx
Registry and code: 13 MB
Uptime: 1.704686 s

LIBXSMM_VERSION: RT-bct-L1-NMBlocking-1.16.1-1576 (25183784)
LIBXSMM_TARGET: skx
Registry and code: 13 MB
Uptime: 1.713459 s

LIBXSMM_VERSION: RT-bct-L1-NMBlocking-1.16.1-1576 (25183784)
LIBXSMM_TARGET: skx
Registry and code: 13 MB
Uptime: 1.721063 s

LIBXSMM_VERSION: RT-bct-L1-NMBlocking-1.16.1-1576 (25183784)
LIBXSMM_TARGET: skx
Registry and code: 13 MB
Uptime: 1.719482 s

LIBXSMM_VERSION: RT-bct-L1-NMBlocking-1.16.1-1576 (25183784)
LIBXSMM_TARGET: skx
Registry and code: 13 MB
Uptime: 1.862387 s

LIBXSMM_VERSION: RT-bct-L1-NMBlocking-1.16.1-1576 (25183784)
LIBXSMM_TARGET: skx
Registry and code: 13 MB
Uptime: 1.874254 s

LIBXSMM_VERSION: RT-bct-L1-NMBlocking-1.16.1-1576 (25183784)
LIBXSMM_TARGET: skx
Registry and code: 13 MB
Uptime: 1.872607 s

LIBXSMM_VERSION: RT-bct-L1-NMBlocking-1.16.1-1576 (25183784)
LIBXSMM_TARGET: skx
Registry and code: 13 MB
Uptime: 1.896857 s

LIBXSMM_VERSION: RT-bct-L1-NMBlocking-1.16.1-1576 (25183784)
LIBXSMM_TARGET: skx
Registry and code: 13 MB
Uptime: 1.876570 s

LIBXSMM_VERSION: RT-bct-L1-NMBlocking-1.16.1-1576 (25183784)
LIBXSMM_TARGET: skx
Registry and code: 13 MB
Uptime: 1.876132 s

LIBXSMM_VERSION: RT-bct-L1-NMBlocking-1.16.1-1576 (25183784)
LIBXSMM_TARGET: skx
Registry and code: 13 MB
Uptime: 1.509975 s

LIBXSMM_VERSION: RT-bct-L1-NMBlocking-1.16.1-1576 (25183784)
LIBXSMM_TARGET: skx
Registry and code: 13 MB
Uptime: 1.511660 s

LIBXSMM_VERSION: RT-bct-L1-NMBlocking-1.16.1-1576 (25183784)
LIBXSMM_TARGET: skx
Registry and code: 13 MB
Uptime: 1.510763 s

LIBXSMM_VERSION: RT-bct-L1-NMBlocking-1.16.1-1576 (25183784)
LIBXSMM_TARGET: skx
Registry and code: 13 MB
Uptime: 1.515711 s

LIBXSMM_VERSION: RT-bct-L1-NMBlocking-1.16.1-1576 (25183784)
LIBXSMM_TARGET: skx
Registry and code: 13 MB
Uptime: 1.512823 s

LIBXSMM_VERSION: RT-bct-L1-NMBlocking-1.16.1-1576 (25183784)
LIBXSMM_TARGET: skx
Registry and code: 13 MB
Uptime: 1.518040 s

LIBXSMM_VERSION: RT-bct-L1-NMBlocking-1.16.1-1576 (25183784)
LIBXSMM_TARGET: skx
Registry and code: 13 MB
Uptime: 1.685461 s

LIBXSMM_VERSION: RT-bct-L1-NMBlocking-1.16.1-1576 (25183784)
LIBXSMM_TARGET: skx
Registry and code: 13 MB
Uptime: 1.690509 s

LIBXSMM_VERSION: RT-bct-L1-NMBlocking-1.16.1-1576 (25183784)
LIBXSMM_TARGET: skx
Registry and code: 13 MB
Uptime: 1.702648 s

LIBXSMM_VERSION: RT-bct-L1-NMBlocking-1.16.1-1576 (25183784)
LIBXSMM_TARGET: skx
Registry and code: 13 MB
Uptime: 1.703713 s

LIBXSMM_VERSION: RT-bct-L1-NMBlocking-1.16.1-1576 (25183784)
LIBXSMM_TARGET: skx
Registry and code: 13 MB
Uptime: 1.743600 s

LIBXSMM_VERSION: RT-bct-L1-NMBlocking-1.16.1-1576 (25183784)
LIBXSMM_TARGET: skx
Registry and code: 13 MB
Uptime: 1.734824 s

LIBXSMM_VERSION: RT-bct-L1-NMBlocking-1.16.1-1576 (25183784)
LIBXSMM_TARGET: skx
Registry and code: 13 MB
Uptime: 1.825330 s

LIBXSMM_VERSION: RT-bct-L1-NMBlocking-1.16.1-1576 (25183784)
LIBXSMM_TARGET: skx
Registry and code: 13 MB
Uptime: 1.789468 s

LIBXSMM_VERSION: RT-bct-L1-NMBlocking-1.16.1-1576 (25183784)
LIBXSMM_TARGET: skx
Registry and code: 13 MB
Uptime: 1.799023 s

LIBXSMM_VERSION: RT-bct-L1-NMBlocking-1.16.1-1576 (25183784)
LIBXSMM_TARGET: skx
Registry and code: 13 MB
Uptime: 1.841284 s

LIBXSMM_VERSION: RT-bct-L1-NMBlocking-1.16.1-1576 (25183784)
LIBXSMM_TARGET: skx
Registry and code: 13 MB
Uptime: 1.943078 s

LIBXSMM_VERSION: RT-bct-L1-NMBlocking-1.16.1-1576 (25183784)
LIBXSMM_TARGET: skx
Registry and code: 13 MB
Uptime: 1.923996 s

LIBXSMM_VERSION: RT-bct-L1-NMBlocking-1.16.1-1576 (25183784)
LIBXSMM_TARGET: skx
Registry and code: 13 MB
Uptime: 2.027740 s

LIBXSMM_VERSION: RT-bct-L1-NMBlocking-1.16.1-1576 (25183784)
LIBXSMM_TARGET: skx
Registry and code: 13 MB
Uptime: 1.934447 s

LIBXSMM_VERSION: RT-bct-L1-NMBlocking-1.16.1-1576 (25183784)
LIBXSMM_TARGET: skx
Registry and code: 13 MB
Uptime: 2.006838 s

LIBXSMM_VERSION: RT-bct-L1-NMBlocking-1.16.1-1576 (25183784)
LIBXSMM_TARGET: skx
Registry and code: 13 MB
Uptime: 2.043151 s

LIBXSMM_VERSION: RT-bct-L1-NMBlocking-1.16.1-1576 (25183784)
LIBXSMM_TARGET: skx
Registry and code: 13 MB
Uptime: 2.129512 s

LIBXSMM_VERSION: RT-bct-L1-NMBlocking-1.16.1-1576 (25183784)
LIBXSMM_TARGET: skx
Registry and code: 13 MB
Uptime: 2.082122 s

LIBXSMM_VERSION: RT-bct-L1-NMBlocking-1.16.1-1576 (25183784)
LIBXSMM_TARGET: skx
Registry and code: 13 MB
Uptime: 2.258999 s

LIBXSMM_VERSION: RT-bct-L1-NMBlocking-1.16.1-1576 (25183784)
LIBXSMM_TARGET: skx
Registry and code: 13 MB
Uptime: 2.112573 s

LIBXSMM_VERSION: RT-bct-L1-NMBlocking-1.16.1-1576 (25183784)
LIBXSMM_TARGET: skx
Registry and code: 13 MB
Uptime: 2.167606 s

LIBXSMM_VERSION: RT-bct-L1-NMBlocking-1.16.1-1576 (25183784)
LIBXSMM_TARGET: skx
Registry and code: 13 MB
Uptime: 2.237889 s

LIBXSMM_VERSION: RT-bct-L1-NMBlocking-1.16.1-1576 (25183784)
LIBXSMM_TARGET: skx
Registry and code: 13 MB
Uptime: 2.290215 s

LIBXSMM_VERSION: RT-bct-L1-NMBlocking-1.16.1-1576 (25183784)
LIBXSMM_TARGET: skx
Registry and code: 13 MB
Uptime: 2.225153 s

LIBXSMM_VERSION: RT-bct-L1-NMBlocking-1.16.1-1576 (25183784)
LIBXSMM_TARGET: skx
Registry and code: 13 MB
Uptime: 2.517817 s

LIBXSMM_VERSION: RT-bct-L1-NMBlocking-1.16.1-1576 (25183784)
LIBXSMM_TARGET: skx
Registry and code: 13 MB
Uptime: 2.318705 s

LIBXSMM_VERSION: RT-bct-L1-NMBlocking-1.16.1-1576 (25183784)
LIBXSMM_TARGET: skx
Registry and code: 13 MB
Uptime: 2.341328 s

LIBXSMM_VERSION: RT-bct-L1-NMBlocking-1.16.1-1576 (25183784)
LIBXSMM_TARGET: skx
Registry and code: 13 MB
Uptime: 2.434112 s

LIBXSMM_VERSION: RT-bct-L1-NMBlocking-1.16.1-1576 (25183784)
LIBXSMM_TARGET: skx
Registry and code: 13 MB
Uptime: 2.437415 s

LIBXSMM_VERSION: RT-bct-L1-NMBlocking-1.16.1-1576 (25183784)
LIBXSMM_TARGET: skx
Registry and code: 13 MB
Uptime: 2.372154 s

LIBXSMM_VERSION: RT-bct-L1-NMBlocking-1.16.1-1576 (25183784)
LIBXSMM_TARGET: skx
Registry and code: 13 MB
Uptime: 1.635053 s

LIBXSMM_VERSION: RT-bct-L1-NMBlocking-1.16.1-1576 (25183784)
LIBXSMM_TARGET: skx
Registry and code: 13 MB
Uptime: 1.638956 s

LIBXSMM_VERSION: RT-bct-L1-NMBlocking-1.16.1-1576 (25183784)
LIBXSMM_TARGET: skx
Registry and code: 13 MB
Uptime: 1.650951 s

LIBXSMM_VERSION: RT-bct-L1-NMBlocking-1.16.1-1576 (25183784)
LIBXSMM_TARGET: skx
Registry and code: 13 MB
Uptime: 1.648752 s

LIBXSMM_VERSION: RT-bct-L1-NMBlocking-1.16.1-1576 (25183784)
LIBXSMM_TARGET: skx
Registry and code: 13 MB
Uptime: 1.652370 s

LIBXSMM_VERSION: RT-bct-L1-NMBlocking-1.16.1-1576 (25183784)
LIBXSMM_TARGET: skx
Registry and code: 13 MB
Uptime: 1.646692 s

LIBXSMM_VERSION: RT-bct-L1-NMBlocking-1.16.1-1576 (25183784)
LIBXSMM_TARGET: skx
Registry and code: 13 MB
Uptime: 1.739483 s

LIBXSMM_VERSION: RT-bct-L1-NMBlocking-1.16.1-1576 (25183784)
LIBXSMM_TARGET: skx
Registry and code: 13 MB
Uptime: 1.732129 s

LIBXSMM_VERSION: RT-bct-L1-NMBlocking-1.16.1-1576 (25183784)
LIBXSMM_TARGET: skx
Registry and code: 13 MB
Uptime: 1.733027 s

LIBXSMM_VERSION: RT-bct-L1-NMBlocking-1.16.1-1576 (25183784)
LIBXSMM_TARGET: skx
Registry and code: 13 MB
Uptime: 1.752126 s

LIBXSMM_VERSION: RT-bct-L1-NMBlocking-1.16.1-1576 (25183784)
LIBXSMM_TARGET: skx
Registry and code: 13 MB
Uptime: 1.848921 s

LIBXSMM_VERSION: RT-bct-L1-NMBlocking-1.16.1-1576 (25183784)
LIBXSMM_TARGET: skx
Registry and code: 13 MB
Uptime: 1.832324 s

LIBXSMM_VERSION: RT-bct-L1-NMBlocking-1.16.1-1576 (25183784)
LIBXSMM_TARGET: skx
Registry and code: 13 MB
Uptime: 1.913976 s

LIBXSMM_VERSION: RT-bct-L1-NMBlocking-1.16.1-1576 (25183784)
LIBXSMM_TARGET: skx
Registry and code: 13 MB
Uptime: 1.853692 s

LIBXSMM_VERSION: RT-bct-L1-NMBlocking-1.16.1-1576 (25183784)
LIBXSMM_TARGET: skx
Registry and code: 13 MB
Uptime: 1.870357 s

LIBXSMM_VERSION: RT-bct-L1-NMBlocking-1.16.1-1576 (25183784)
LIBXSMM_TARGET: skx
Registry and code: 13 MB
Uptime: 1.935995 s

LIBXSMM_VERSION: RT-bct-L1-NMBlocking-1.16.1-1576 (25183784)
LIBXSMM_TARGET: skx
Registry and code: 13 MB
Uptime: 2.043178 s

LIBXSMM_VERSION: RT-bct-L1-NMBlocking-1.16.1-1576 (25183784)
LIBXSMM_TARGET: skx
Registry and code: 13 MB
Uptime: 1.998325 s

LIBXSMM_VERSION: RT-bct-L1-NMBlocking-1.16.1-1576 (25183784)
LIBXSMM_TARGET: skx
Registry and code: 13 MB
Uptime: 1.610638 s

LIBXSMM_VERSION: RT-bct-L1-NMBlocking-1.16.1-1576 (25183784)
LIBXSMM_TARGET: skx
Registry and code: 13 MB
Uptime: 1.608581 s

LIBXSMM_VERSION: RT-bct-L1-NMBlocking-1.16.1-1576 (25183784)
LIBXSMM_TARGET: skx
Registry and code: 13 MB
Uptime: 1.610305 s

LIBXSMM_VERSION: RT-bct-L1-NMBlocking-1.16.1-1576 (25183784)
LIBXSMM_TARGET: skx
Registry and code: 13 MB
Uptime: 1.606495 s

LIBXSMM_VERSION: RT-bct-L1-NMBlocking-1.16.1-1576 (25183784)
LIBXSMM_TARGET: skx
Registry and code: 13 MB
Uptime: 1.607364 s

LIBXSMM_VERSION: RT-bct-L1-NMBlocking-1.16.1-1576 (25183784)
LIBXSMM_TARGET: skx
Registry and code: 13 MB
Uptime: 1.604931 s

LIBXSMM_VERSION: RT-bct-L1-NMBlocking-1.16.1-1576 (25183784)
LIBXSMM_TARGET: skx
Registry and code: 13 MB
Uptime: 1.658492 s

LIBXSMM_VERSION: RT-bct-L1-NMBlocking-1.16.1-1576 (25183784)
LIBXSMM_TARGET: skx
Registry and code: 13 MB
Uptime: 1.665695 s

LIBXSMM_VERSION: RT-bct-L1-NMBlocking-1.16.1-1576 (25183784)
LIBXSMM_TARGET: skx
Registry and code: 13 MB
Uptime: 1.661495 s

LIBXSMM_VERSION: RT-bct-L1-NMBlocking-1.16.1-1576 (25183784)
LIBXSMM_TARGET: skx
Registry and code: 13 MB
Uptime: 1.669317 s

LIBXSMM_VERSION: RT-bct-L1-NMBlocking-1.16.1-1576 (25183784)
LIBXSMM_TARGET: skx
Registry and code: 13 MB
Uptime: 1.711137 s

LIBXSMM_VERSION: RT-bct-L1-NMBlocking-1.16.1-1576 (25183784)
LIBXSMM_TARGET: skx
Registry and code: 13 MB
Uptime: 1.690406 s

LIBXSMM_VERSION: RT-bct-L1-NMBlocking-1.16.1-1576 (25183784)
LIBXSMM_TARGET: skx
Registry and code: 13 MB
Uptime: 1.709050 s

LIBXSMM_VERSION: RT-bct-L1-NMBlocking-1.16.1-1576 (25183784)
LIBXSMM_TARGET: skx
Registry and code: 13 MB
Uptime: 1.706762 s

LIBXSMM_VERSION: RT-bct-L1-NMBlocking-1.16.1-1576 (25183784)
LIBXSMM_TARGET: skx
Registry and code: 13 MB
Uptime: 1.709785 s

LIBXSMM_VERSION: RT-bct-L1-NMBlocking-1.16.1-1576 (25183784)
LIBXSMM_TARGET: skx
Registry and code: 13 MB
Uptime: 1.723876 s

LIBXSMM_VERSION: RT-bct-L1-NMBlocking-1.16.1-1576 (25183784)
LIBXSMM_TARGET: skx
Registry and code: 13 MB
Uptime: 1.806780 s

LIBXSMM_VERSION: RT-bct-L1-NMBlocking-1.16.1-1576 (25183784)
LIBXSMM_TARGET: skx
Registry and code: 13 MB
Uptime: 1.786339 s

LIBXSMM_VERSION: RT-bct-L1-NMBlocking-1.16.1-1576 (25183784)
LIBXSMM_TARGET: skx
Registry and code: 13 MB
Uptime: 1.513038 s

LIBXSMM_VERSION: RT-bct-L1-NMBlocking-1.16.1-1576 (25183784)
LIBXSMM_TARGET: skx
Registry and code: 13 MB
Uptime: 1.512337 s

LIBXSMM_VERSION: RT-bct-L1-NMBlocking-1.16.1-1576 (25183784)
LIBXSMM_TARGET: skx
Registry and code: 13 MB
Uptime: 1.517278 s

LIBXSMM_VERSION: RT-bct-L1-NMBlocking-1.16.1-1576 (25183784)
LIBXSMM_TARGET: skx
Registry and code: 13 MB
Uptime: 1.514257 s

LIBXSMM_VERSION: RT-bct-L1-NMBlocking-1.16.1-1576 (25183784)
LIBXSMM_TARGET: skx
Registry and code: 13 MB
Uptime: 1.515020 s

LIBXSMM_VERSION: RT-bct-L1-NMBlocking-1.16.1-1576 (25183784)
LIBXSMM_TARGET: skx
Registry and code: 13 MB
Uptime: 1.515277 s

LIBXSMM_VERSION: RT-bct-L1-NMBlocking-1.16.1-1576 (25183784)
LIBXSMM_TARGET: skx
Registry and code: 13 MB
Uptime: 1.686632 s

LIBXSMM_VERSION: RT-bct-L1-NMBlocking-1.16.1-1576 (25183784)
LIBXSMM_TARGET: skx
Registry and code: 13 MB
Uptime: 1.698919 s

LIBXSMM_VERSION: RT-bct-L1-NMBlocking-1.16.1-1576 (25183784)
LIBXSMM_TARGET: skx
Registry and code: 13 MB
Uptime: 1.696152 s

LIBXSMM_VERSION: RT-bct-L1-NMBlocking-1.16.1-1576 (25183784)
LIBXSMM_TARGET: skx
Registry and code: 13 MB
Uptime: 1.701348 s

LIBXSMM_VERSION: RT-bct-L1-NMBlocking-1.16.1-1576 (25183784)
LIBXSMM_TARGET: skx
Registry and code: 13 MB
Uptime: 1.756242 s

LIBXSMM_VERSION: RT-bct-L1-NMBlocking-1.16.1-1576 (25183784)
LIBXSMM_TARGET: skx
Registry and code: 13 MB
Uptime: 1.739035 s

LIBXSMM_VERSION: RT-bct-L1-NMBlocking-1.16.1-1576 (25183784)
LIBXSMM_TARGET: skx
Registry and code: 13 MB
Uptime: 1.822987 s

LIBXSMM_VERSION: RT-bct-L1-NMBlocking-1.16.1-1576 (25183784)
LIBXSMM_TARGET: skx
Registry and code: 13 MB
Uptime: 1.784990 s

LIBXSMM_VERSION: RT-bct-L1-NMBlocking-1.16.1-1576 (25183784)
LIBXSMM_TARGET: skx
Registry and code: 13 MB
Uptime: 1.804688 s

LIBXSMM_VERSION: RT-bct-L1-NMBlocking-1.16.1-1576 (25183784)
LIBXSMM_TARGET: skx
Registry and code: 13 MB
Uptime: 1.841021 s

LIBXSMM_VERSION: RT-bct-L1-NMBlocking-1.16.1-1576 (25183784)
LIBXSMM_TARGET: skx
Registry and code: 13 MB
Uptime: 1.943349 s

LIBXSMM_VERSION: RT-bct-L1-NMBlocking-1.16.1-1576 (25183784)
LIBXSMM_TARGET: skx
Registry and code: 13 MB
Uptime: 1.924145 s

LIBXSMM_VERSION: RT-bct-L1-NMBlocking-1.16.1-1576 (25183784)
LIBXSMM_TARGET: skx
Registry and code: 13 MB
Uptime: 2.030548 s

LIBXSMM_VERSION: RT-bct-L1-NMBlocking-1.16.1-1576 (25183784)
LIBXSMM_TARGET: skx
Registry and code: 13 MB
Uptime: 1.933917 s

LIBXSMM_VERSION: RT-bct-L1-NMBlocking-1.16.1-1576 (25183784)
LIBXSMM_TARGET: skx
Registry and code: 13 MB
Uptime: 1.978155 s

LIBXSMM_VERSION: RT-bct-L1-NMBlocking-1.16.1-1576 (25183784)
LIBXSMM_TARGET: skx
Registry and code: 13 MB
Uptime: 2.040341 s

LIBXSMM_VERSION: RT-bct-L1-NMBlocking-1.16.1-1576 (25183784)
LIBXSMM_TARGET: skx
Registry and code: 13 MB
Uptime: 2.130841 s

LIBXSMM_VERSION: RT-bct-L1-NMBlocking-1.16.1-1576 (25183784)
LIBXSMM_TARGET: skx
Registry and code: 13 MB
Uptime: 2.082804 s

LIBXSMM_VERSION: RT-bct-L1-NMBlocking-1.16.1-1576 (25183784)
LIBXSMM_TARGET: skx
Registry and code: 13 MB
Uptime: 2.265406 s

LIBXSMM_VERSION: RT-bct-L1-NMBlocking-1.16.1-1576 (25183784)
LIBXSMM_TARGET: skx
Registry and code: 13 MB
Uptime: 2.116848 s

LIBXSMM_VERSION: RT-bct-L1-NMBlocking-1.16.1-1576 (25183784)
LIBXSMM_TARGET: skx
Registry and code: 13 MB
Uptime: 2.148761 s

LIBXSMM_VERSION: RT-bct-L1-NMBlocking-1.16.1-1576 (25183784)
LIBXSMM_TARGET: skx
Registry and code: 13 MB
Uptime: 2.244666 s

LIBXSMM_VERSION: RT-bct-L1-NMBlocking-1.16.1-1576 (25183784)
LIBXSMM_TARGET: skx
Registry and code: 13 MB
Uptime: 2.290072 s

LIBXSMM_VERSION: RT-bct-L1-NMBlocking-1.16.1-1576 (25183784)
LIBXSMM_TARGET: skx
Registry and code: 13 MB
Uptime: 2.225743 s

LIBXSMM_VERSION: RT-bct-L1-NMBlocking-1.16.1-1576 (25183784)
LIBXSMM_TARGET: skx
Registry and code: 13 MB
Uptime: 2.520932 s

LIBXSMM_VERSION: RT-bct-L1-NMBlocking-1.16.1-1576 (25183784)
LIBXSMM_TARGET: skx
Registry and code: 13 MB
Uptime: 2.322126 s

LIBXSMM_VERSION: RT-bct-L1-NMBlocking-1.16.1-1576 (25183784)
LIBXSMM_TARGET: skx
Registry and code: 13 MB
Uptime: 2.360176 s

LIBXSMM_VERSION: RT-bct-L1-NMBlocking-1.16.1-1576 (25183784)
LIBXSMM_TARGET: skx
Registry and code: 13 MB
Uptime: 2.448008 s

LIBXSMM_VERSION: RT-bct-L1-NMBlocking-1.16.1-1576 (25183784)
LIBXSMM_TARGET: skx
Registry and code: 13 MB
Uptime: 2.439503 s

LIBXSMM_VERSION: RT-bct-L1-NMBlocking-1.16.1-1576 (25183784)
LIBXSMM_TARGET: skx
Registry and code: 13 MB
Uptime: 2.369442 s

LIBXSMM_VERSION: RT-bct-L1-NMBlocking-1.16.1-1576 (25183784)
LIBXSMM_TARGET: skx
Registry and code: 13 MB
Uptime: 1.636223 s

LIBXSMM_VERSION: RT-bct-L1-NMBlocking-1.16.1-1576 (25183784)
LIBXSMM_TARGET: skx
Registry and code: 13 MB
Uptime: 1.638462 s

LIBXSMM_VERSION: RT-bct-L1-NMBlocking-1.16.1-1576 (25183784)
LIBXSMM_TARGET: skx
Registry and code: 13 MB
Uptime: 1.647097 s

LIBXSMM_VERSION: RT-bct-L1-NMBlocking-1.16.1-1576 (25183784)
LIBXSMM_TARGET: skx
Registry and code: 13 MB
Uptime: 1.651095 s

LIBXSMM_VERSION: RT-bct-L1-NMBlocking-1.16.1-1576 (25183784)
LIBXSMM_TARGET: skx
Registry and code: 13 MB
Uptime: 1.657038 s

LIBXSMM_VERSION: RT-bct-L1-NMBlocking-1.16.1-1576 (25183784)
LIBXSMM_TARGET: skx
Registry and code: 13 MB
Uptime: 1.648257 s

LIBXSMM_VERSION: RT-bct-L1-NMBlocking-1.16.1-1576 (25183784)
LIBXSMM_TARGET: skx
Registry and code: 13 MB
Uptime: 1.741938 s

LIBXSMM_VERSION: RT-bct-L1-NMBlocking-1.16.1-1576 (25183784)
LIBXSMM_TARGET: skx
Registry and code: 13 MB
Uptime: 1.733281 s

LIBXSMM_VERSION: RT-bct-L1-NMBlocking-1.16.1-1576 (25183784)
LIBXSMM_TARGET: skx
Registry and code: 13 MB
Uptime: 1.734296 s

LIBXSMM_VERSION: RT-bct-L1-NMBlocking-1.16.1-1576 (25183784)
LIBXSMM_TARGET: skx
Registry and code: 13 MB
Uptime: 1.759429 s

LIBXSMM_VERSION: RT-bct-L1-NMBlocking-1.16.1-1576 (25183784)
LIBXSMM_TARGET: skx
Registry and code: 13 MB
Uptime: 1.843413 s

LIBXSMM_VERSION: RT-bct-L1-NMBlocking-1.16.1-1576 (25183784)
LIBXSMM_TARGET: skx
Registry and code: 13 MB
Uptime: 1.826600 s

LIBXSMM_VERSION: RT-bct-L1-NMBlocking-1.16.1-1576 (25183784)
LIBXSMM_TARGET: skx
Registry and code: 13 MB
Uptime: 1.917373 s

LIBXSMM_VERSION: RT-bct-L1-NMBlocking-1.16.1-1576 (25183784)
LIBXSMM_TARGET: skx
Registry and code: 13 MB
Uptime: 1.854507 s

LIBXSMM_VERSION: RT-bct-L1-NMBlocking-1.16.1-1576 (25183784)
LIBXSMM_TARGET: skx
Registry and code: 13 MB
Uptime: 1.865367 s

LIBXSMM_VERSION: RT-bct-L1-NMBlocking-1.16.1-1576 (25183784)
LIBXSMM_TARGET: skx
Registry and code: 13 MB
Uptime: 1.938039 s

LIBXSMM_VERSION: RT-bct-L1-NMBlocking-1.16.1-1576 (25183784)
LIBXSMM_TARGET: skx
Registry and code: 13 MB
Uptime: 2.042764 s

LIBXSMM_VERSION: RT-bct-L1-NMBlocking-1.16.1-1576 (25183784)
LIBXSMM_TARGET: skx
Registry and code: 13 MB
Uptime: 2.002054 s

LIBXSMM_VERSION: RT-bct-L1-NMBlocking-1.16.1-1576 (25183784)
LIBXSMM_TARGET: skx
Registry and code: 13 MB
Uptime: 1.606670 s

LIBXSMM_VERSION: RT-bct-L1-NMBlocking-1.16.1-1576 (25183784)
LIBXSMM_TARGET: skx
Registry and code: 13 MB
Uptime: 1.613343 s

LIBXSMM_VERSION: RT-bct-L1-NMBlocking-1.16.1-1576 (25183784)
LIBXSMM_TARGET: skx
Registry and code: 13 MB
Uptime: 1.607306 s

LIBXSMM_VERSION: RT-bct-L1-NMBlocking-1.16.1-1576 (25183784)
LIBXSMM_TARGET: skx
Registry and code: 13 MB
Uptime: 1.601895 s

LIBXSMM_VERSION: RT-bct-L1-NMBlocking-1.16.1-1576 (25183784)
LIBXSMM_TARGET: skx
Registry and code: 13 MB
Uptime: 1.605409 s

LIBXSMM_VERSION: RT-bct-L1-NMBlocking-1.16.1-1576 (25183784)
LIBXSMM_TARGET: skx
Registry and code: 13 MB
Uptime: 1.602261 s

LIBXSMM_VERSION: RT-bct-L1-NMBlocking-1.16.1-1576 (25183784)
LIBXSMM_TARGET: skx
Registry and code: 13 MB
Uptime: 1.661006 s

LIBXSMM_VERSION: RT-bct-L1-NMBlocking-1.16.1-1576 (25183784)
LIBXSMM_TARGET: skx
Registry and code: 13 MB
Uptime: 1.659528 s

LIBXSMM_VERSION: RT-bct-L1-NMBlocking-1.16.1-1576 (25183784)
LIBXSMM_TARGET: skx
Registry and code: 13 MB
Uptime: 1.664455 s

LIBXSMM_VERSION: RT-bct-L1-NMBlocking-1.16.1-1576 (25183784)
LIBXSMM_TARGET: skx
Registry and code: 13 MB
Uptime: 1.674305 s

LIBXSMM_VERSION: RT-bct-L1-NMBlocking-1.16.1-1576 (25183784)
LIBXSMM_TARGET: skx
Registry and code: 13 MB
Uptime: 1.703649 s

LIBXSMM_VERSION: RT-bct-L1-NMBlocking-1.16.1-1576 (25183784)
LIBXSMM_TARGET: skx
Registry and code: 13 MB
Uptime: 1.688707 s

LIBXSMM_VERSION: RT-bct-L1-NMBlocking-1.16.1-1576 (25183784)
LIBXSMM_TARGET: skx
Registry and code: 13 MB
Uptime: 1.708172 s

LIBXSMM_VERSION: RT-bct-L1-NMBlocking-1.16.1-1576 (25183784)
LIBXSMM_TARGET: skx
Registry and code: 13 MB
Uptime: 1.707072 s

LIBXSMM_VERSION: RT-bct-L1-NMBlocking-1.16.1-1576 (25183784)
LIBXSMM_TARGET: skx
Registry and code: 13 MB
Uptime: 1.708922 s

LIBXSMM_VERSION: RT-bct-L1-NMBlocking-1.16.1-1576 (25183784)
LIBXSMM_TARGET: skx
Registry and code: 13 MB
Uptime: 1.719354 s

LIBXSMM_VERSION: RT-bct-L1-NMBlocking-1.16.1-1576 (25183784)
LIBXSMM_TARGET: skx
Registry and code: 13 MB
Uptime: 1.794730 s

LIBXSMM_VERSION: RT-bct-L1-NMBlocking-1.16.1-1576 (25183784)
LIBXSMM_TARGET: skx
Registry and code: 13 MB
Uptime: 1.780276 s

LIBXSMM_VERSION: RT-bct-L1-NMBlocking-1.16.1-1576 (25183784)
LIBXSMM_TARGET: skx
Registry and code: 13 MB
Uptime: 1.538583 s

LIBXSMM_VERSION: RT-bct-L1-NMBlocking-1.16.1-1576 (25183784)
LIBXSMM_TARGET: skx
Registry and code: 13 MB
Uptime: 1.543409 s

LIBXSMM_VERSION: RT-bct-L1-NMBlocking-1.16.1-1576 (25183784)
LIBXSMM_TARGET: skx
Registry and code: 13 MB
Uptime: 1.545351 s

LIBXSMM_VERSION: RT-bct-L1-NMBlocking-1.16.1-1576 (25183784)
LIBXSMM_TARGET: skx
Registry and code: 13 MB
Uptime: 1.549312 s

LIBXSMM_VERSION: RT-bct-L1-NMBlocking-1.16.1-1576 (25183784)
LIBXSMM_TARGET: skx
Registry and code: 13 MB
Uptime: 1.538819 s

LIBXSMM_VERSION: RT-bct-L1-NMBlocking-1.16.1-1576 (25183784)
LIBXSMM_TARGET: skx
Registry and code: 13 MB
Uptime: 1.539027 s

LIBXSMM_VERSION: RT-bct-L1-NMBlocking-1.16.1-1576 (25183784)
LIBXSMM_TARGET: skx
Registry and code: 13 MB
Uptime: 1.591687 s

LIBXSMM_VERSION: RT-bct-L1-NMBlocking-1.16.1-1576 (25183784)
LIBXSMM_TARGET: skx
Registry and code: 13 MB
Uptime: 1.598053 s

LIBXSMM_VERSION: RT-bct-L1-NMBlocking-1.16.1-1576 (25183784)
LIBXSMM_TARGET: skx
Registry and code: 13 MB
Uptime: 1.598348 s

LIBXSMM_VERSION: RT-bct-L1-NMBlocking-1.16.1-1576 (25183784)
LIBXSMM_TARGET: skx
Registry and code: 13 MB
Uptime: 1.601525 s

LIBXSMM_VERSION: RT-bct-L1-NMBlocking-1.16.1-1576 (25183784)
LIBXSMM_TARGET: skx
Registry and code: 13 MB
Uptime: 1.601759 s

LIBXSMM_VERSION: RT-bct-L1-NMBlocking-1.16.1-1576 (25183784)
LIBXSMM_TARGET: skx
Registry and code: 13 MB
Uptime: 1.597130 s

LIBXSMM_VERSION: RT-bct-L1-NMBlocking-1.16.1-1576 (25183784)
LIBXSMM_TARGET: skx
Registry and code: 13 MB
Uptime: 1.637549 s

LIBXSMM_VERSION: RT-bct-L1-NMBlocking-1.16.1-1576 (25183784)
LIBXSMM_TARGET: skx
Registry and code: 13 MB
Uptime: 1.639857 s

LIBXSMM_VERSION: RT-bct-L1-NMBlocking-1.16.1-1576 (25183784)
LIBXSMM_TARGET: skx
Registry and code: 13 MB
Uptime: 1.648814 s

LIBXSMM_VERSION: RT-bct-L1-NMBlocking-1.16.1-1576 (25183784)
LIBXSMM_TARGET: skx
Registry and code: 13 MB
Uptime: 1.644091 s

LIBXSMM_VERSION: RT-bct-L1-NMBlocking-1.16.1-1576 (25183784)
LIBXSMM_TARGET: skx
Registry and code: 13 MB
Uptime: 1.646845 s

LIBXSMM_VERSION: RT-bct-L1-NMBlocking-1.16.1-1576 (25183784)
LIBXSMM_TARGET: skx
Registry and code: 13 MB
Uptime: 1.642582 s

LIBXSMM_VERSION: RT-bct-L1-NMBlocking-1.16.1-1576 (25183784)
LIBXSMM_TARGET: skx
Registry and code: 13 MB
Uptime: 1.672558 s

LIBXSMM_VERSION: RT-bct-L1-NMBlocking-1.16.1-1576 (25183784)
LIBXSMM_TARGET: skx
Registry and code: 13 MB
Uptime: 1.676827 s

LIBXSMM_VERSION: RT-bct-L1-NMBlocking-1.16.1-1576 (25183784)
LIBXSMM_TARGET: skx
Registry and code: 13 MB
Uptime: 1.687274 s

LIBXSMM_VERSION: RT-bct-L1-NMBlocking-1.16.1-1576 (25183784)
LIBXSMM_TARGET: skx
Registry and code: 13 MB
Uptime: 1.713211 s

LIBXSMM_VERSION: RT-bct-L1-NMBlocking-1.16.1-1576 (25183784)
LIBXSMM_TARGET: skx
Registry and code: 13 MB
Uptime: 1.710025 s

LIBXSMM_VERSION: RT-bct-L1-NMBlocking-1.16.1-1576 (25183784)
LIBXSMM_TARGET: skx
Registry and code: 13 MB
Uptime: 1.693045 s

LIBXSMM_VERSION: RT-bct-L1-NMBlocking-1.16.1-1576 (25183784)
LIBXSMM_TARGET: skx
Registry and code: 13 MB
Uptime: 1.702765 s

LIBXSMM_VERSION: RT-bct-L1-NMBlocking-1.16.1-1576 (25183784)
LIBXSMM_TARGET: skx
Registry and code: 13 MB
Uptime: 1.705247 s

LIBXSMM_VERSION: RT-bct-L1-NMBlocking-1.16.1-1576 (25183784)
LIBXSMM_TARGET: skx
Registry and code: 13 MB
Uptime: 1.711107 s

LIBXSMM_VERSION: RT-bct-L1-NMBlocking-1.16.1-1576 (25183784)
LIBXSMM_TARGET: skx
Registry and code: 13 MB
Uptime: 1.722524 s

LIBXSMM_VERSION: RT-bct-L1-NMBlocking-1.16.1-1576 (25183784)
LIBXSMM_TARGET: skx
Registry and code: 13 MB
Uptime: 1.759162 s

LIBXSMM_VERSION: RT-bct-L1-NMBlocking-1.16.1-1576 (25183784)
LIBXSMM_TARGET: skx
Registry and code: 13 MB
Uptime: 1.739845 s

LIBXSMM_VERSION: RT-bct-L1-NMBlocking-1.16.1-1576 (25183784)
LIBXSMM_TARGET: skx
Registry and code: 13 MB
Uptime: 1.821156 s

LIBXSMM_VERSION: RT-bct-L1-NMBlocking-1.16.1-1576 (25183784)
LIBXSMM_TARGET: skx
Registry and code: 13 MB
Uptime: 1.824899 s

LIBXSMM_VERSION: RT-bct-L1-NMBlocking-1.16.1-1576 (25183784)
LIBXSMM_TARGET: skx
Registry and code: 13 MB
Uptime: 1.827508 s

LIBXSMM_VERSION: RT-bct-L1-NMBlocking-1.16.1-1576 (25183784)
LIBXSMM_TARGET: skx
Registry and code: 13 MB
Uptime: 1.831630 s

LIBXSMM_VERSION: RT-bct-L1-NMBlocking-1.16.1-1576 (25183784)
LIBXSMM_TARGET: skx
Registry and code: 13 MB
Uptime: 1.888240 s

LIBXSMM_VERSION: RT-bct-L1-NMBlocking-1.16.1-1576 (25183784)
LIBXSMM_TARGET: skx
Registry and code: 13 MB
Uptime: 1.866355 s

LIBXSMM_VERSION: RT-bct-L1-NMBlocking-1.16.1-1576 (25183784)
LIBXSMM_TARGET: skx
Registry and code: 13 MB
Uptime: 1.531607 s

LIBXSMM_VERSION: RT-bct-L1-NMBlocking-1.16.1-1576 (25183784)
LIBXSMM_TARGET: skx
Registry and code: 13 MB
Uptime: 1.538570 s

LIBXSMM_VERSION: RT-bct-L1-NMBlocking-1.16.1-1576 (25183784)
LIBXSMM_TARGET: skx
Registry and code: 13 MB
Uptime: 1.541456 s

LIBXSMM_VERSION: RT-bct-L1-NMBlocking-1.16.1-1576 (25183784)
LIBXSMM_TARGET: skx
Registry and code: 13 MB
Uptime: 1.538489 s

LIBXSMM_VERSION: RT-bct-L1-NMBlocking-1.16.1-1576 (25183784)
LIBXSMM_TARGET: skx
Registry and code: 13 MB
Uptime: 1.538339 s

LIBXSMM_VERSION: RT-bct-L1-NMBlocking-1.16.1-1576 (25183784)
LIBXSMM_TARGET: skx
Registry and code: 13 MB
Uptime: 1.531986 s
Generating and Compiling data/synth_mats/vary_col/q_16/r_128_c_32_p_0.05_uniq_16.txt
Running data/synth_mats/vary_col/q_16/r_128_c_32_p_0.05_uniq_16.txt
Finished running in 244.108ms
Generating and Compiling data/synth_mats/vary_col/q_16/r_128_c_64_p_0.05_uniq_16.txt
Running data/synth_mats/vary_col/q_16/r_128_c_64_p_0.05_uniq_16.txt
Finished running in 370.394ms
Generating and Compiling data/synth_mats/vary_col/q_16/r_128_c_128_p_0.05_uniq_16.txt
Running data/synth_mats/vary_col/q_16/r_128_c_128_p_0.05_uniq_16.txt
Finished running in 420.405ms
Generating and Compiling data/synth_mats/vary_col/q_16/r_128_c_256_p_0.05_uniq_16.txt
Running data/synth_mats/vary_col/q_16/r_128_c_256_p_0.05_uniq_16.txt
Finished running in 432.291ms
Generating and Compiling data/synth_mats/vary_col/q_16/r_128_c_512_p_0.05_uniq_16.txt
Running data/synth_mats/vary_col/q_16/r_128_c_512_p_0.05_uniq_16.txt
Finished running in 493.142ms
Generating and Compiling data/synth_mats/vary_col/q_16/r_128_c_1024_p_0.05_uniq_16.txt
Running data/synth_mats/vary_col/q_16/r_128_c_1024_p_0.05_uniq_16.txt
Finished running in 575.64ms
Generating and Compiling data/synth_mats/vary_col/q_64/r_128_c_32_p_0.05_uniq_64.txt
Running data/synth_mats/vary_col/q_64/r_128_c_32_p_0.05_uniq_64.txt
Finished running in 233.372ms
Generating and Compiling data/synth_mats/vary_col/q_64/r_128_c_64_p_0.05_uniq_64.txt
Running data/synth_mats/vary_col/q_64/r_128_c_64_p_0.05_uniq_64.txt
Finished running in 357.419ms
Generating and Compiling data/synth_mats/vary_col/q_64/r_128_c_128_p_0.05_uniq_64.txt
Running data/synth_mats/vary_col/q_64/r_128_c_128_p_0.05_uniq_64.txt
Finished running in 399.453ms
Generating and Compiling data/synth_mats/vary_col/q_64/r_128_c_256_p_0.05_uniq_64.txt
Running data/synth_mats/vary_col/q_64/r_128_c_256_p_0.05_uniq_64.txt
Finished running in 438.793ms
Generating and Compiling data/synth_mats/vary_col/q_64/r_128_c_512_p_0.05_uniq_64.txt
Running data/synth_mats/vary_col/q_64/r_128_c_512_p_0.05_uniq_64.txt
Finished running in 441.246ms
Generating and Compiling data/synth_mats/vary_col/q_64/r_128_c_1024_p_0.05_uniq_64.txt
Running data/synth_mats/vary_col/q_64/r_128_c_1024_p_0.05_uniq_64.txt
Finished running in 4014.78ms
Generating and Compiling data/synth_mats/vary_density/q_16/r_128_c_128_p_0.01_uniq_16.txt
Running data/synth_mats/vary_density/q_16/r_128_c_128_p_0.01_uniq_16.txt
Finished running in 252.546ms
Generating and Compiling data/synth_mats/vary_density/q_16/r_128_c_128_p_0.1_uniq_16.txt
Running data/synth_mats/vary_density/q_16/r_128_c_128_p_0.1_uniq_16.txt
Finished running in 395.219ms
Generating and Compiling data/synth_mats/vary_density/q_16/r_128_c_128_p_0.2_uniq_16.txt
Running data/synth_mats/vary_density/q_16/r_128_c_128_p_0.2_uniq_16.txt
Finished running in 356.908ms
Generating and Compiling data/synth_mats/vary_density/q_16/r_128_c_128_p_0.3_uniq_16.txt
Running data/synth_mats/vary_density/q_16/r_128_c_128_p_0.3_uniq_16.txt
Finished running in 692.475ms
Generating and Compiling data/synth_mats/vary_density/q_16/r_128_c_128_p_0.4_uniq_16.txt
Running data/synth_mats/vary_density/q_16/r_128_c_128_p_0.4_uniq_16.txt
Finished running in 1224.41ms
Generating and Compiling data/synth_mats/vary_density/q_16/r_128_c_128_p_0.5_uniq_16.txt
Running data/synth_mats/vary_density/q_16/r_128_c_128_p_0.5_uniq_16.txt
Finished running in 1220.086ms
Generating and Compiling data/synth_mats/vary_density/q_16/r_128_c_128_p_0.05_uniq_16.txt
Running data/synth_mats/vary_density/q_16/r_128_c_128_p_0.05_uniq_16.txt
Finished running in 394.275ms
Generating and Compiling data/synth_mats/vary_density/q_16/r_128_c_128_p_0.15_uniq_16.txt
Running data/synth_mats/vary_density/q_16/r_128_c_128_p_0.15_uniq_16.txt
Finished running in 312.481ms
Generating and Compiling data/synth_mats/vary_density/q_16/r_128_c_128_p_0.25_uniq_16.txt
Running data/synth_mats/vary_density/q_16/r_128_c_128_p_0.25_uniq_16.txt
Finished running in 607.5219999999999ms
Generating and Compiling data/synth_mats/vary_density/q_16/r_128_c_128_p_0.025_uniq_16.txt
Running data/synth_mats/vary_density/q_16/r_128_c_128_p_0.025_uniq_16.txt
Finished running in 366.929ms
Generating and Compiling data/synth_mats/vary_density/q_16/r_128_c_128_p_0.075_uniq_16.txt
Running data/synth_mats/vary_density/q_16/r_128_c_128_p_0.075_uniq_16.txt
Finished running in 400.753ms
Generating and Compiling data/synth_mats/vary_density/q_16/r_128_c_128_p_0.125_uniq_16.txt
Running data/synth_mats/vary_density/q_16/r_128_c_128_p_0.125_uniq_16.txt
Finished running in 368.97ms
Generating and Compiling data/synth_mats/vary_density/q_64/r_128_c_128_p_0.01_uniq_64.txt
Running data/synth_mats/vary_density/q_64/r_128_c_128_p_0.01_uniq_64.txt
Finished running in 252.88199999999995ms
Generating and Compiling data/synth_mats/vary_density/q_64/r_128_c_128_p_0.1_uniq_64.txt
Running data/synth_mats/vary_density/q_64/r_128_c_128_p_0.1_uniq_64.txt
Finished running in 379.01700000000005ms
Generating and Compiling data/synth_mats/vary_density/q_64/r_128_c_128_p_0.2_uniq_64.txt
Running data/synth_mats/vary_density/q_64/r_128_c_128_p_0.2_uniq_64.txt
Finished running in 556.457ms
Generating and Compiling data/synth_mats/vary_density/q_64/r_128_c_128_p_0.3_uniq_64.txt
Running data/synth_mats/vary_density/q_64/r_128_c_128_p_0.3_uniq_64.txt
Finished running in 687.693ms
Generating and Compiling data/synth_mats/vary_density/q_64/r_128_c_128_p_0.4_uniq_64.txt
Running data/synth_mats/vary_density/q_64/r_128_c_128_p_0.4_uniq_64.txt
Finished running in 1221.3609999999999ms
Generating and Compiling data/synth_mats/vary_density/q_64/r_128_c_128_p_0.5_uniq_64.txt
Running data/synth_mats/vary_density/q_64/r_128_c_128_p_0.5_uniq_64.txt
Finished running in 1228.19ms
Generating and Compiling data/synth_mats/vary_density/q_64/r_128_c_128_p_0.05_uniq_64.txt
Running data/synth_mats/vary_density/q_64/r_128_c_128_p_0.05_uniq_64.txt
Finished running in 391.986ms
Generating and Compiling data/synth_mats/vary_density/q_64/r_128_c_128_p_0.15_uniq_64.txt
Running data/synth_mats/vary_density/q_64/r_128_c_128_p_0.15_uniq_64.txt
Finished running in 323.528ms
Generating and Compiling data/synth_mats/vary_density/q_64/r_128_c_128_p_0.25_uniq_64.txt
Running data/synth_mats/vary_density/q_64/r_128_c_128_p_0.25_uniq_64.txt
Finished running in 587.273ms
Generating and Compiling data/synth_mats/vary_density/q_64/r_128_c_128_p_0.025_uniq_64.txt
Running data/synth_mats/vary_density/q_64/r_128_c_128_p_0.025_uniq_64.txt
Finished running in 360.029ms
Generating and Compiling data/synth_mats/vary_density/q_64/r_128_c_128_p_0.075_uniq_64.txt
Running data/synth_mats/vary_density/q_64/r_128_c_128_p_0.075_uniq_64.txt
Finished running in 403.53599999999994ms
Generating and Compiling data/synth_mats/vary_density/q_64/r_128_c_128_p_0.125_uniq_64.txt
Running data/synth_mats/vary_density/q_64/r_128_c_128_p_0.125_uniq_64.txt
Finished running in 373.386ms
Generating and Compiling data/synth_mats/vary_row/q_16/r_32_c_128_p_0.05_uniq_16.txt
Running data/synth_mats/vary_row/q_16/r_32_c_128_p_0.05_uniq_16.txt
Finished running in 324.5ms
Generating and Compiling data/synth_mats/vary_row/q_16/r_64_c_128_p_0.05_uniq_16.txt
Running data/synth_mats/vary_row/q_16/r_64_c_128_p_0.05_uniq_16.txt
Finished running in 377.97900000000004ms
Generating and Compiling data/synth_mats/vary_row/q_16/r_128_c_128_p_0.05_uniq_16.txt
Running data/synth_mats/vary_row/q_16/r_128_c_128_p_0.05_uniq_16.txt
Finished running in 400.0ms
Generating and Compiling data/synth_mats/vary_row/q_16/r_256_c_128_p_0.05_uniq_16.txt
Running data/synth_mats/vary_row/q_16/r_256_c_128_p_0.05_uniq_16.txt
Finished running in 373.046ms
Generating and Compiling data/synth_mats/vary_row/q_16/r_512_c_128_p_0.05_uniq_16.txt
Running data/synth_mats/vary_row/q_16/r_512_c_128_p_0.05_uniq_16.txt
Finished running in 350.976ms
Generating and Compiling data/synth_mats/vary_row/q_16/r_1024_c_128_p_0.05_uniq_16.txt
Running data/synth_mats/vary_row/q_16/r_1024_c_128_p_0.05_uniq_16.txt
Finished running in 486.571ms
Generating and Compiling data/synth_mats/vary_row/q_64/r_32_c_128_p_0.05_uniq_64.txt
Running data/synth_mats/vary_row/q_64/r_32_c_128_p_0.05_uniq_64.txt
Finished running in 314.946ms
Generating and Compiling
LIBXSMM_VERSION: RT-bct-L1-NMBlocking-1.16.1-1576 (25183784)
LIBXSMM_TARGET: skx
Registry and code: 13 MB
Uptime: 1.597144 s

LIBXSMM_VERSION: RT-bct-L1-NMBlocking-1.16.1-1576 (25183784)
LIBXSMM_TARGET: skx
Registry and code: 13 MB
Uptime: 1.608546 s

LIBXSMM_VERSION: RT-bct-L1-NMBlocking-1.16.1-1576 (25183784)
LIBXSMM_TARGET: skx
Registry and code: 13 MB
Uptime: 1.613628 s

LIBXSMM_VERSION: RT-bct-L1-NMBlocking-1.16.1-1576 (25183784)
LIBXSMM_TARGET: skx
Registry and code: 13 MB
Uptime: 1.615943 s

LIBXSMM_VERSION: RT-bct-L1-NMBlocking-1.16.1-1576 (25183784)
LIBXSMM_TARGET: skx
Registry and code: 13 MB
Uptime: 1.605376 s

LIBXSMM_VERSION: RT-bct-L1-NMBlocking-1.16.1-1576 (25183784)
LIBXSMM_TARGET: skx
Registry and code: 13 MB
Uptime: 1.609464 s

LIBXSMM_VERSION: RT-bct-L1-NMBlocking-1.16.1-1576 (25183784)
LIBXSMM_TARGET: skx
Registry and code: 13 MB
Uptime: 1.637767 s

LIBXSMM_VERSION: RT-bct-L1-NMBlocking-1.16.1-1576 (25183784)
LIBXSMM_TARGET: skx
Registry and code: 13 MB
Uptime: 1.638141 s

LIBXSMM_VERSION: RT-bct-L1-NMBlocking-1.16.1-1576 (25183784)
LIBXSMM_TARGET: skx
Registry and code: 13 MB
Uptime: 1.646685 s

LIBXSMM_VERSION: RT-bct-L1-NMBlocking-1.16.1-1576 (25183784)
LIBXSMM_TARGET: skx
Registry and code: 13 MB
Uptime: 1.652407 s

LIBXSMM_VERSION: RT-bct-L1-NMBlocking-1.16.1-1576 (25183784)
LIBXSMM_TARGET: skx
Registry and code: 13 MB
Uptime: 1.653606 s

LIBXSMM_VERSION: RT-bct-L1-NMBlocking-1.16.1-1576 (25183784)
LIBXSMM_TARGET: skx
Registry and code: 13 MB
Uptime: 1.641224 s

LIBXSMM_VERSION: RT-bct-L1-NMBlocking-1.16.1-1576 (25183784)
LIBXSMM_TARGET: skx
Registry and code: 13 MB
Uptime: 1.669814 s

LIBXSMM_VERSION: RT-bct-L1-NMBlocking-1.16.1-1576 (25183784)
LIBXSMM_TARGET: skx
Registry and code: 13 MB
Uptime: 1.674948 s

LIBXSMM_VERSION: RT-bct-L1-NMBlocking-1.16.1-1576 (25183784)
LIBXSMM_TARGET: skx
Registry and code: 13 MB
Uptime: 1.681272 s

LIBXSMM_VERSION: RT-bct-L1-NMBlocking-1.16.1-1576 (25183784)
LIBXSMM_TARGET: skx
Registry and code: 13 MB
Uptime: 1.689445 s

LIBXSMM_VERSION: RT-bct-L1-NMBlocking-1.16.1-1576 (25183784)
LIBXSMM_TARGET: skx
Registry and code: 13 MB
Uptime: 1.712970 s

LIBXSMM_VERSION: RT-bct-L1-NMBlocking-1.16.1-1576 (25183784)
LIBXSMM_TARGET: skx
Registry and code: 13 MB
Uptime: 1.694333 s

LIBXSMM_VERSION: RT-bct-L1-NMBlocking-1.16.1-1576 (25183784)
LIBXSMM_TARGET: skx
Registry and code: 13 MB
Uptime: 1.705838 s

LIBXSMM_VERSION: RT-bct-L1-NMBlocking-1.16.1-1576 (25183784)
LIBXSMM_TARGET: skx
Registry and code: 13 MB
Uptime: 1.705354 s

LIBXSMM_VERSION: RT-bct-L1-NMBlocking-1.16.1-1576 (25183784)
LIBXSMM_TARGET: skx
Registry and code: 13 MB
Uptime: 1.712465 s

LIBXSMM_VERSION: RT-bct-L1-NMBlocking-1.16.1-1576 (25183784)
LIBXSMM_TARGET: skx
Registry and code: 13 MB
Uptime: 1.724822 s

LIBXSMM_VERSION: RT-bct-L1-NMBlocking-1.16.1-1576 (25183784)
LIBXSMM_TARGET: skx
Registry and code: 13 MB
Uptime: 1.763478 s

LIBXSMM_VERSION: RT-bct-L1-NMBlocking-1.16.1-1576 (25183784)
LIBXSMM_TARGET: skx
Registry and code: 13 MB
Uptime: 1.738928 s

LIBXSMM_VERSION: RT-bct-L1-NMBlocking-1.16.1-1576 (25183784)
LIBXSMM_TARGET: skx
Registry and code: 13 MB
Uptime: 1.818055 s

LIBXSMM_VERSION: RT-bct-L1-NMBlocking-1.16.1-1576 (25183784)
LIBXSMM_TARGET: skx
Registry and code: 13 MB
Uptime: 1.826932 s

LIBXSMM_VERSION: RT-bct-L1-NMBlocking-1.16.1-1576 (25183784)
LIBXSMM_TARGET: skx
Registry and code: 13 MB
Uptime: 1.828513 s

LIBXSMM_VERSION: RT-bct-L1-NMBlocking-1.16.1-1576 (25183784)
LIBXSMM_TARGET: skx
Registry and code: 13 MB
Uptime: 1.832976 s

LIBXSMM_VERSION: RT-bct-L1-NMBlocking-1.16.1-1576 (25183784)
LIBXSMM_TARGET: skx
Registry and code: 13 MB
Uptime: 1.898032 s

LIBXSMM_VERSION: RT-bct-L1-NMBlocking-1.16.1-1576 (25183784)
LIBXSMM_TARGET: skx
Registry and code: 13 MB
Uptime: 1.867819 s

LIBXSMM_VERSION: RT-bct-L1-NMBlocking-1.16.1-1576 (25183784)
LIBXSMM_TARGET: skx
Registry and code: 13 MB
Uptime: 1.638399 s

LIBXSMM_VERSION: RT-bct-L1-NMBlocking-1.16.1-1576 (25183784)
LIBXSMM_TARGET: skx
Registry and code: 13 MB
Uptime: 1.642197 s

LIBXSMM_VERSION: RT-bct-L1-NMBlocking-1.16.1-1576 (25183784)
LIBXSMM_TARGET: skx
Registry and code: 13 MB
Uptime: 1.648669 s

LIBXSMM_VERSION: RT-bct-L1-NMBlocking-1.16.1-1576 (25183784)
LIBXSMM_TARGET: skx
Registry and code: 13 MB
Uptime: 1.650203 s

LIBXSMM_VERSION: RT-bct-L1-NMBlocking-1.16.1-1576 (25183784)
LIBXSMM_TARGET: skx
Registry and code: 13 MB
Uptime: 1.662336 s

LIBXSMM_VERSION: RT-bct-L1-NMBlocking-1.16.1-1576 (25183784)
LIBXSMM_TARGET: skx
Registry and code: 13 MB
Uptime: 1.666191 s

LIBXSMM_VERSION: RT-bct-L1-NMBlocking-1.16.1-1576 (25183784)
LIBXSMM_TARGET: skx
Registry and code: 13 MB
Uptime: 1.636414 s

LIBXSMM_VERSION: RT-bct-L1-NMBlocking-1.16.1-1576 (25183784)
LIBXSMM_TARGET: skx
Registry and code: 13 MB
Uptime: 1.640756 s

LIBXSMM_VERSION: RT-bct-L1-NMBlocking-1.16.1-1576 (25183784)
LIBXSMM_TARGET: skx
Registry and code: 13 MB
Uptime: 1.651392 s

LIBXSMM_VERSION: RT-bct-L1-NMBlocking-1.16.1-1576 (25183784)
LIBXSMM_TARGET: skx
Registry and code: 13 MB
Uptime: 1.644434 s

LIBXSMM_VERSION: RT-bct-L1-NMBlocking-1.16.1-1576 (25183784)
LIBXSMM_TARGET: skx
Registry and code: 13 MB
Uptime: 1.657304 s

LIBXSMM_VERSION: RT-bct-L1-NMBlocking-1.16.1-1576 (25183784)
LIBXSMM_TARGET: skx
Registry and code: 13 MB
Uptime: 1.649722 s

LIBXSMM_VERSION: RT-bct-L1-NMBlocking-1.16.1-1576 (25183784)
LIBXSMM_TARGET: skx
Registry and code: 13 MB
Uptime: 1.637186 s

LIBXSMM_VERSION: RT-bct-L1-NMBlocking-1.16.1-1576 (25183784)
LIBXSMM_TARGET: skx
Registry and code: 13 MB
Uptime: 1.640713 s

LIBXSMM_VERSION: RT-bct-L1-NMBlocking-1.16.1-1576 (25183784)
LIBXSMM_TARGET: skx
Registry and code: 13 MB
Uptime: 1.641114 s

LIBXSMM_VERSION: RT-bct-L1-NMBlocking-1.16.1-1576 (25183784)
LIBXSMM_TARGET: skx
Registry and code: 13 MB
Uptime: 1.644374 s

LIBXSMM_VERSION: RT-bct-L1-NMBlocking-1.16.1-1576 (25183784)
LIBXSMM_TARGET: skx
Registry and code: 13 MB
Uptime: 1.650579 s

LIBXSMM_VERSION: RT-bct-L1-NMBlocking-1.16.1-1576 (25183784)
LIBXSMM_TARGET: skx
Registry and code: 13 MB
Uptime: 1.644187 s

LIBXSMM_VERSION: RT-bct-L1-NMBlocking-1.16.1-1576 (25183784)
LIBXSMM_TARGET: skx
Registry and code: 13 MB
Uptime: 1.653434 s

LIBXSMM_VERSION: RT-bct-L1-NMBlocking-1.16.1-1576 (25183784)
LIBXSMM_TARGET: skx
Registry and code: 13 MB
Uptime: 1.638827 s

LIBXSMM_VERSION: RT-bct-L1-NMBlocking-1.16.1-1576 (25183784)
LIBXSMM_TARGET: skx
Registry and code: 13 MB
Uptime: 1.643839 s

LIBXSMM_VERSION: RT-bct-L1-NMBlocking-1.16.1-1576 (25183784)
LIBXSMM_TARGET: skx
Registry and code: 13 MB
Uptime: 1.650755 s

LIBXSMM_VERSION: RT-bct-L1-NMBlocking-1.16.1-1576 (25183784)
LIBXSMM_TARGET: skx
Registry and code: 13 MB
Uptime: 1.656737 s

LIBXSMM_VERSION: RT-bct-L1-NMBlocking-1.16.1-1576 (25183784)
LIBXSMM_TARGET: skx
Registry and code: 13 MB
Uptime: 1.646240 s

LIBXSMM_VERSION: RT-bct-L1-NMBlocking-1.16.1-1576 (25183784)
LIBXSMM_TARGET: skx
Registry and code: 13 MB
Uptime: 1.635738 s

LIBXSMM_VERSION: RT-bct-L1-NMBlocking-1.16.1-1576 (25183784)
LIBXSMM_TARGET: skx
Registry and code: 13 MB
Uptime: 1.637676 s

LIBXSMM_VERSION: RT-bct-L1-NMBlocking-1.16.1-1576 (25183784)
LIBXSMM_TARGET: skx
Registry and code: 13 MB
Uptime: 1.651161 s

LIBXSMM_VERSION: RT-bct-L1-NMBlocking-1.16.1-1576 (25183784)
LIBXSMM_TARGET: skx
Registry and code: 13 MB
Uptime: 1.646948 s

LIBXSMM_VERSION: RT-bct-L1-NMBlocking-1.16.1-1576 (25183784)
LIBXSMM_TARGET: skx
Registry and code: 13 MB
Uptime: 1.660272 s

LIBXSMM_VERSION: RT-bct-L1-NMBlocking-1.16.1-1576 (25183784)
LIBXSMM_TARGET: skx
Registry and code: 13 MB
Uptime: 1.651107 s

LIBXSMM_VERSION: RT-bct-L1-NMBlocking-1.16.1-1576 (25183784)
LIBXSMM_TARGET: skx
Registry and code: 13 MB
Uptime: 1.639927 s

LIBXSMM_VERSION: RT-bct-L1-NMBlocking-1.16.1-1576 (25183784)
LIBXSMM_TARGET: skx
Registry and code: 13 MB
Uptime: 1.645617 s

LIBXSMM_VERSION: RT-bct-L1-NMBlocking-1.16.1-1576 (25183784)
LIBXSMM_TARGET: skx
Registry and code: 13 MB
Uptime: 1.642675 s

LIBXSMM_VERSION: RT-bct-L1-NMBlocking-1.16.1-1576 (25183784)
LIBXSMM_TARGET: skx
Registry and code: 13 MB
Uptime: 1.645259 s

LIBXSMM_VERSION: RT-bct-L1-NMBlocking-1.16.1-1576 (25183784)
LIBXSMM_TARGET: skx
Registry and code: 13 MB
Uptime: 1.657055 s

LIBXSMM_VERSION: RT-bct-L1-NMBlocking-1.16.1-1576 (25183784)
LIBXSMM_TARGET: skx
Registry and code: 13 MB
Uptime: 1.646959 s

LIBXSMM_VERSION: RT-bct-L1-NMBlocking-1.16.1-1576 (25183784)
LIBXSMM_TARGET: skx
Registry and code: 13 MB
Uptime: 1.636099 s

LIBXSMM_VERSION: RT-bct-L1-NMBlocking-1.16.1-1576 (25183784)
LIBXSMM_TARGET: skx
Registry and code: 13 MB
Uptime: 1.637943 s

LIBXSMM_VERSION: RT-bct-L1-NMBlocking-1.16.1-1576 (25183784)
LIBXSMM_TARGET: skx
Registry and code: 13 MB
Uptime: 1.648936 s

LIBXSMM_VERSION: RT-bct-L1-NMBlocking-1.16.1-1576 (25183784)
LIBXSMM_TARGET: skx
Registry and code: 13 MB
Uptime: 1.648708 s

LIBXSMM_VERSION: RT-bct-L1-NMBlocking-1.16.1-1576 (25183784)
LIBXSMM_TARGET: skx
Registry and code: 13 MB
Uptime: 1.662890 s

LIBXSMM_VERSION: RT-bct-L1-NMBlocking-1.16.1-1576 (25183784)
LIBXSMM_TARGET: skx
Registry and code: 13 MB
Uptime: 1.645041 s

LIBXSMM_VERSION: RT-bct-L1-NMBlocking-1.16.1-1576 (25183784)
LIBXSMM_TARGET: skx
Registry and code: 13 MB
Uptime: 1.635309 s

LIBXSMM_VERSION: RT-bct-L1-NMBlocking-1.16.1-1576 (25183784)
LIBXSMM_TARGET: skx
Registry and code: 13 MB
Uptime: 1.637510 s

LIBXSMM_VERSION: RT-bct-L1-NMBlocking-1.16.1-1576 (25183784)
LIBXSMM_TARGET: skx
Registry and code: 13 MB
Uptime: 1.646380 s

LIBXSMM_VERSION: RT-bct-L1-NMBlocking-1.16.1-1576 (25183784)
LIBXSMM_TARGET: skx
Registry and code: 13 MB
Uptime: 1.646702 s

LIBXSMM_VERSION: RT-bct-L1-NMBlocking-1.16.1-1576 (25183784)
LIBXSMM_TARGET: skx
Registry and code: 13 MB
Uptime: 1.657319 s

LIBXSMM_VERSION: RT-bct-L1-NMBlocking-1.16.1-1576 (25183784)
LIBXSMM_TARGET: skx
Registry and code: 13 MB
Uptime: 1.646694 s

LIBXSMM_VERSION: RT-bct-L1-NMBlocking-1.16.1-1576 (25183784)
LIBXSMM_TARGET: skx
Registry and code: 13 MB
Uptime: 1.635667 s

LIBXSMM_VERSION: RT-bct-L1-NMBlocking-1.16.1-1576 (25183784)
LIBXSMM_TARGET: skx
Registry and code: 13 MB
Uptime: 1.641459 s

LIBXSMM_VERSION: RT-bct-L1-NMBlocking-1.16.1-1576 (25183784)
LIBXSMM_TARGET: skx
Registry and code: 13 MB
Uptime: 1.650721 s

LIBXSMM_VERSION: RT-bct-L1-NMBlocking-1.16.1-1576 (25183784)
LIBXSMM_TARGET: skx
Registry and code: 13 MB
Uptime: 1.654376 s

LIBXSMM_VERSION: RT-bct-L1-NMBlocking-1.16.1-1576 (25183784)
LIBXSMM_TARGET: skx
Registry and code: 13 MB
Uptime: 1.658094 s

LIBXSMM_VERSION: RT-bct-L1-NMBlocking-1.16.1-1576 (25183784)
LIBXSMM_TARGET: skx
Registry and code: 13 MB
Uptime: 1.649941 s

LIBXSMM_VERSION: RT-bct-L1-NMBlocking-1.16.1-1576 (25183784)
LIBXSMM_TARGET: skx
Registry and code: 13 MB
Uptime: 1.638148 s

LIBXSMM_VERSION: RT-bct-L1-NMBlocking-1.16.1-1576 (25183784)
LIBXSMM_TARGET: skx
Registry and code: 13 MB
Uptime: 1.636847 s

LIBXSMM_VERSION: RT-bct-L1-NMBlocking-1.16.1-1576 (25183784)
LIBXSMM_TARGET: skx
Registry and code: 13 MB
Uptime: 1.642367 s

LIBXSMM_VERSION: RT-bct-L1-NMBlocking-1.16.1-1576 (25183784)
LIBXSMM_TARGET: skx
Registry and code: 13 MB
Uptime: 1.653928 s

LIBXSMM_VERSION: RT-bct-L1-NMBlocking-1.16.1-1576 (25183784)
LIBXSMM_TARGET: skx
Registry and code: 13 MB
Uptime: 1.651749 s

LIBXSMM_VERSION: RT-bct-L1-NMBlocking-1.16.1-1576 (25183784)
LIBXSMM_TARGET: skx
Registry and code: 13 MB
Uptime: 1.646586 s

LIBXSMM_VERSION: RT-bct-L1-NMBlocking-1.16.1-1576 (25183784)
LIBXSMM_TARGET: skx
Registry and code: 13 MB
Uptime: 1.634689 s

LIBXSMM_VERSION: RT-bct-L1-NMBlocking-1.16.1-1576 (25183784)
LIBXSMM_TARGET: skx
Registry and code: 13 MB
Uptime: 1.636130 s

LIBXSMM_VERSION: RT-bct-L1-NMBlocking-1.16.1-1576 (25183784)
LIBXSMM_TARGET: skx
Registry and code: 13 MB
Uptime: 1.644620 s

LIBXSMM_VERSION: RT-bct-L1-NMBlocking-1.16.1-1576 (25183784)
LIBXSMM_TARGET: skx
Registry and code: 13 MB
Uptime: 1.652852 s

LIBXSMM_VERSION: RT-bct-L1-NMBlocking-1.16.1-1576 (25183784)
LIBXSMM_TARGET: skx
Registry and code: 13 MB
Uptime: 1.660816 s

LIBXSMM_VERSION: RT-bct-L1-NMBlocking-1.16.1-1576 (25183784)
LIBXSMM_TARGET: skx
Registry and code: 13 MB
Uptime: 1.647653 s

LIBXSMM_VERSION: RT-bct-L1-NMBlocking-1.16.1-1576 (25183784)
LIBXSMM_TARGET: skx
Registry and code: 13 MB
Uptime: 1.636052 s

LIBXSMM_VERSION: RT-bct-L1-NMBlocking-1.16.1-1576 (25183784)
LIBXSMM_TARGET: skx
Registry and code: 13 MB
Uptime: 1.636933 s

LIBXSMM_VERSION: RT-bct-L1-NMBlocking-1.16.1-1576 (25183784)
LIBXSMM_TARGET: skx
Registry and code: 13 MB
Uptime: 1.646548 s

LIBXSMM_VERSION: RT-bct-L1-NMBlocking-1.16.1-1576 (25183784)
LIBXSMM_TARGET: skx
Registry and code: 13 MB
Uptime: 1.648570 s

LIBXSMM_VERSION: RT-bct-L1-NMBlocking-1.16.1-1576 (25183784)
LIBXSMM_TARGET: skx
Registry and code: 13 MB
Uptime: 1.655285 s

LIBXSMM_VERSION: RT-bct-L1-NMBlocking-1.16.1-1576 (25183784)
LIBXSMM_TARGET: skx
Registry and code: 13 MB
Uptime: 1.645129 s

LIBXSMM_VERSION: RT-bct-L1-NMBlocking-1.16.1-1576 (25183784)
LIBXSMM_TARGET: skx
Registry and code: 13 MB
Uptime: 1.631711 s

LIBXSMM_VERSION: RT-bct-L1-NMBlocking-1.16.1-1576 (25183784)
LIBXSMM_TARGET: skx
Registry and code: 13 MB
Uptime: 1.633016 s

LIBXSMM_VERSION: RT-bct-L1-NMBlocking-1.16.1-1576 (25183784)
LIBXSMM_TARGET: skx
Registry and code: 13 MB
Uptime: 1.639977 s

LIBXSMM_VERSION: RT-bct-L1-NMBlocking-1.16.1-1576 (25183784)
LIBXSMM_TARGET: skx
Registry and code: 13 MB
Uptime: 1.646149 s

LIBXSMM_VERSION: RT-bct-L1-NMBlocking-1.16.1-1576 (25183784)
LIBXSMM_TARGET: skx
Registry and code: 13 MB
Uptime: 1.652471 s

LIBXSMM_VERSION: RT-bct-L1-NMBlocking-1.16.1-1576 (25183784)
LIBXSMM_TARGET: skx
Registry and code: 13 MB
Uptime: 1.639876 s

LIBXSMM_VERSION: RT-bct-L1-NMBlocking-1.16.1-1576 (25183784)
LIBXSMM_TARGET: skx
Registry and code: 13 MB
Uptime: 1.632919 s

LIBXSMM_VERSION: RT-bct-L1-NMBlocking-1.16.1-1576 (25183784)
LIBXSMM_TARGET: skx
Registry and code: 13 MB
Uptime: 1.634101 s

LIBXSMM_VERSION: RT-bct-L1-NMBlocking-1.16.1-1576 (25183784)
LIBXSMM_TARGET: skx
Registry and code: 13 MB
Uptime: 1.647723 s

LIBXSMM_VERSION: RT-bct-L1-NMBlocking-1.16.1-1576 (25183784)
LIBXSMM_TARGET: skx
Registry and code: 13 MB
Uptime: 1.652454 s

LIBXSMM_VERSION: RT-bct-L1-NMBlocking-1.16.1-1576 (25183784)
LIBXSMM_TARGET: skx
Registry and code: 13 MB
Uptime: 1.654147 s

LIBXSMM_VERSION: RT-bct-L1-NMBlocking-1.16.1-1576 (25183784)
LIBXSMM_TARGET: skx
Registry and code: 13 MB
Uptime: 1.647101 s

LIBXSMM_VERSION: RT-bct-L1-NMBlocking-1.16.1-1576 (25183784)
LIBXSMM_TARGET: skx
Registry and code: 13 MB
Uptime: 1.635748 s

LIBXSMM_VERSION: RT-bct-L1-NMBlocking-1.16.1-1576 (25183784)
LIBXSMM_TARGET: skx
Registry and code: 13 MB
Uptime: 1.636664 s

LIBXSMM_VERSION: RT-bct-L1-NMBlocking-1.16.1-1576 (25183784)
LIBXSMM_TARGET: skx
Registry and code: 13 MB
Uptime: 1.643193 s

LIBXSMM_VERSION: RT-bct-L1-NMBlocking-1.16.1-1576 (25183784)
LIBXSMM_TARGET: skx
Registry and code: 13 MB
Uptime: 1.646430 s

LIBXSMM_VERSION: RT-bct-L1-NMBlocking-1.16.1-1576 (25183784)
LIBXSMM_TARGET: skx
Registry and code: 13 MB
Uptime: 1.651345 s

LIBXSMM_VERSION: RT-bct-L1-NMBlocking-1.16.1-1576 (25183784)
LIBXSMM_TARGET: skx
Registry and code: 13 MB
Uptime: 1.641514 s

LIBXSMM_VERSION: RT-bct-L1-NMBlocking-1.16.1-1576 (25183784)
LIBXSMM_TARGET: skx
Registry and code: 13 MB
Uptime: 1.644183 s

LIBXSMM_VERSION: RT-bct-L1-NMBlocking-1.16.1-1576 (25183784)
LIBXSMM_TARGET: skx
Registry and code: 13 MB
Uptime: 1.639069 s

LIBXSMM_VERSION: RT-bct-L1-NMBlocking-1.16.1-1576 (25183784)
LIBXSMM_TARGET: skx
Registry and code: 13 MB
Uptime: 1.646807 s

LIBXSMM_VERSION: RT-bct-L1-NMBlocking-1.16.1-1576 (25183784)
LIBXSMM_TARGET: skx
Registry and code: 13 MB
Uptime: 1.650249 s

LIBXSMM_VERSION: RT-bct-L1-NMBlocking-1.16.1-1576 (25183784)
LIBXSMM_TARGET: skx
Registry and code: 13 MB
Uptime: 1.663108 s

LIBXSMM_VERSION: RT-bct-L1-NMBlocking-1.16.1-1576 (25183784)
LIBXSMM_TARGET: skx
Registry and code: 13 MB
Uptime: 1.654954 s
 data/synth_mats/vary_row/q_64/r_64_c_128_p_0.05_uniq_64.txt
Running data/synth_mats/vary_row/q_64/r_64_c_128_p_0.05_uniq_64.txt
Finished running in 390.845ms
Generating and Compiling data/synth_mats/vary_row/q_64/r_128_c_128_p_0.05_uniq_64.txt
Running data/synth_mats/vary_row/q_64/r_128_c_128_p_0.05_uniq_64.txt
Finished running in 398.695ms
Generating and Compiling data/synth_mats/vary_row/q_64/r_256_c_128_p_0.05_uniq_64.txt
Running data/synth_mats/vary_row/q_64/r_256_c_128_p_0.05_uniq_64.txt
Finished running in 368.886ms
Generating and Compiling data/synth_mats/vary_row/q_64/r_512_c_128_p_0.05_uniq_64.txt
Running data/synth_mats/vary_row/q_64/r_512_c_128_p_0.05_uniq_64.txt
Finished running in 409.272ms
Generating and Compiling data/synth_mats/vary_row/q_64/r_1024_c_128_p_0.05_uniq_64.txt
Running data/synth_mats/vary_row/q_64/r_1024_c_128_p_0.05_uniq_64.txt
Finished running in 1674.054ms
Generating and Compiling data/synth_mats/vary_unique/r_128_c_128_p_0.05_uniq_8.txt
Running data/synth_mats/vary_unique/r_128_c_128_p_0.05_uniq_8.txt
Finished running in 400.166ms
Generating and Compiling data/synth_mats/vary_unique/r_128_c_128_p_0.05_uniq_16.txt
Running data/synth_mats/vary_unique/r_128_c_128_p_0.05_uniq_16.txt
Finished running in 390.144ms
Generating and Compiling data/synth_mats/vary_unique/r_128_c_128_p_0.05_uniq_24.txt
Running data/synth_mats/vary_unique/r_128_c_128_p_0.05_uniq_24.txt
Finished running in 396.381ms
Generating and Compiling data/synth_mats/vary_unique/r_128_c_128_p_0.05_uniq_31.txt
Running data/synth_mats/vary_unique/r_128_c_128_p_0.05_uniq_31.txt
Finished running in 383.606ms
Generating and Compiling data/synth_mats/vary_unique/r_128_c_128_p_0.05_uniq_40.txt
Running data/synth_mats/vary_unique/r_128_c_128_p_0.05_uniq_40.txt
Finished running in 401.169ms
Generating and Compiling data/synth_mats/vary_unique/r_128_c_128_p_0.05_uniq_48.txt
Running data/synth_mats/vary_unique/r_128_c_128_p_0.05_uniq_48.txt
Finished running in 398.542ms
Generating and Compiling data/synth_mats/vary_unique/r_128_c_128_p_0.05_uniq_56.txt
Running data/synth_mats/vary_unique/r_128_c_128_p_0.05_uniq_56.txt
Finished running in 401.663ms
Generating and Compiling data/synth_mats/vary_unique/r_128_c_128_p_0.05_uniq_64.txt
Running data/synth_mats/vary_unique/r_128_c_128_p_0.05_uniq_64.txt
Finished running in 387.02ms
Generating and Compiling data/synth_mats/vary_unique/r_128_c_128_p_0.05_uniq_78.txt
Running data/synth_mats/vary_unique/r_128_c_128_p_0.05_uniq_78.txt
Finished running in 393.685ms
Generating and Compiling data/synth_mats/vary_unique/r_128_c_128_p_0.05_uniq_96.txt
Running data/synth_mats/vary_unique/r_128_c_128_p_0.05_uniq_96.txt
Finished running in 401.58799999999997ms
Generating and Compiling data/synth_mats/vary_unique/r_128_c_128_p_0.05_uniq_112.txt
Running data/synth_mats/vary_unique/r_128_c_128_p_0.05_uniq_112.txt
Finished running in 403.616ms
Generating and Compiling data/synth_mats/vary_unique/r_128_c_128_p_0.05_uniq_128.txt
Running data/synth_mats/vary_unique/r_128_c_128_p_0.05_uniq_128.txt
Finished running in 400.836ms
Generating and Compiling data/synth_mats/vary_unique/r_128_c_128_p_0.05_uniq_144.txt
Running data/synth_mats/vary_unique/r_128_c_128_p_0.05_uniq_144.txt
Finished running in 402.45799999999997ms
Generating and Compiling data/synth_mats/vary_unique/r_128_c_128_p_0.05_uniq_160.txt
Running data/synth_mats/vary_unique/r_128_c_128_p_0.05_uniq_160.txt
Finished running in 391.72799999999995ms
Generating and Compiling data/synth_mats/vary_unique/r_128_c_128_p_0.05_uniq_176.txt
Running data/synth_mats/vary_unique/r_128_c_128_p_0.05_uniq_176.txt
Finished running in 408.72799999999995ms
Generating and Compiling data/synth_mats/vary_unique/r_128_c_128_p_0.05_uniq_192.txt
Running data/synth_mats/vary_unique/r_128_c_128_p_0.05_uniq_192.txt
Finished running in 409.332ms
Traceback (most recent call last):
  File "src/benchmark/benchmark.py", line 163, in <module>
    print("Average speedup (best) of custom over reference {}".format(sum(speedups_best_over_ref)/len(speedups_best_over_ref)))
TypeError: unsupported operand type(s) for +: 'int' and 'NoneType'
