In file included from src/benchmark/xsmm_reference.c:16:
src/benchmark/xsmm_common.h: In function 'prepare_benchmark':
src/benchmark/xsmm_common.h:304:29: warning: assignment to 'libxsmm_gemmfunction' {aka 'void (*)(const libxsmm_gemm_param *)'} from incompatible pointer type 'libxsmm_dmmfunction' {aka 'void (*)(const double *, const double *, double *)'} [-Wincompatible-pointer-types]
  304 |     (*dense_handle)->kernel = libxsmm_dmmdispatch(
      |                             ^
src/benchmark/xsmm_common.h: In function 'prepare_benchmark_SP':
src/benchmark/xsmm_common.h:382:29: warning: assignment to 'libxsmm_gemmfunction' {aka 'void (*)(const libxsmm_gemm_param *)'} from incompatible pointer type 'libxsmm_smmfunction' {aka 'void (*)(const float *, const float *, float *)'} [-Wincompatible-pointer-types]
  382 |     (*dense_handle)->kernel = libxsmm_smmdispatch(
      |                             ^
In file included from src/benchmark/xsmm_custom.c:16:
src/benchmark/xsmm_common.h: In function 'prepare_benchmark':
src/benchmark/xsmm_common.h:304:29: warning: assignment to 'libxsmm_gemmfunction' {aka 'void (*)(const libxsmm_gemm_param *)'} from incompatible pointer type 'libxsmm_dmmfunction' {aka 'void (*)(const double *, const double *, double *)'} [-Wincompatible-pointer-types]
  304 |     (*dense_handle)->kernel = libxsmm_dmmdispatch(
      |                             ^
src/benchmark/xsmm_common.h: In function 'prepare_benchmark_SP':
src/benchmark/xsmm_common.h:382:29: warning: assignment to 'libxsmm_gemmfunction' {aka 'void (*)(const libxsmm_gemm_param *)'} from incompatible pointer type 'libxsmm_smmfunction' {aka 'void (*)(const float *, const float *, float *)'} [-Wincompatible-pointer-types]
  382 |     (*dense_handle)->kernel = libxsmm_smmdispatch(
      |                             ^
LIBXSMM WARNING: timer is maybe not cycle-accurate!

LIBXSMM_VERSION: m1_amx-1.8.2-7555 (21011843)
APPL_M1/DP    TRY    JIT    STA    COL
   0..13      1      1      0      0 
  14..23      0      0      0      0 
  24..64      0      0      0      0 
Registry and code: 13 MB (gemm=1 nleaks=1)
Uptime: 0.009256 s
LIBXSMM WARNING: timer is maybe not cycle-accurate!

LIBXSMM_VERSION: m1_amx-1.8.2-7555 (21011843)
APPL_M1/DP    TRY    JIT    STA    COL
   0..13      1      1      0      0 
  14..23      0      0      0      0 
  24..64      0      0      0      0 
Registry and code: 13 MB (gemm=1 nleaks=1)
Uptime: 0.005059 s
LIBXSMM WARNING: timer is maybe not cycle-accurate!

LIBXSMM_VERSION: m1_amx-1.8.2-7555 (21011843)
APPL_M1/DP    TRY    JIT    STA    COL
   0..13      0      0      0      0 
  14..23      1      1      0      0 
  24..64      0      0      0      0 
Registry and code: 13 MB (gemm=1 nleaks=1)
Uptime: 0.005309 s
LIBXSMM WARNING: timer is maybe not cycle-accurate!

LIBXSMM_VERSION: m1_amx-1.8.2-7555 (21011843)
APPL_M1/DP    TRY    JIT    STA    COL
   0..13      1      1      0      0 
  14..23      0      0      0      0 
  24..64      0      0      0      0 
Registry and code: 13 MB (gemm=1 nleaks=1)
Uptime: 0.004972 s
LIBXSMM WARNING: timer is maybe not cycle-accurate!

LIBXSMM_VERSION: m1_amx-1.8.2-7555 (21011843)
APPL_M1/DP    TRY    JIT    STA    COL
   0..13      1      1      0      0 
  14..23      0      0      0      0 
  24..64      0      0      0      0 
Registry and code: 13 MB (gemm=1 nleaks=1)
Uptime: 0.004033 s
LIBXSMM WARNING: timer is maybe not cycle-accurate!

LIBXSMM_VERSION: m1_amx-1.8.2-7555 (21011843)
APPL_M1/DP    TRY    JIT    STA    COL
   0..13      0      0      0      0 
  14..23      1      1      0      0 
  24..64      0      0      0      0 
Registry and code: 13 MB (gemm=1 nleaks=1)
Uptime: 0.009585 s
LIBXSMM WARNING: timer is maybe not cycle-accurate!

LIBXSMM_VERSION: m1_amx-1.8.2-7555 (21011843)
APPL_M1/DP    TRY    JIT    STA    COL
   0..13      0      0      0      0 
  14..23      1      1      0      0 
  24..64      0      0      0      0 
Registry and code: 13 MB (gemm=1 nleaks=1)
Uptime: 0.010020 s
LIBXSMM WARNING: timer is maybe not cycle-accurate!

LIBXSMM_VERSION: m1_amx-1.8.2-7555 (21011843)
APPL_M1/DP    TRY    JIT    STA    COL
   0..13      0      0      0      0 
  14..23      0      0      0      0 
  24..64      1      1      0      0 
Registry and code: 13 MB (gemm=1 nleaks=1)
Uptime: 0.011729 s
LIBXSMM WARNING: timer is maybe not cycle-accurate!

LIBXSMM_VERSION: m1_amx-1.8.2-7555 (21011843)
APPL_M1/DP    TRY    JIT    STA    COL
   0..13      0      0      0      0 
  14..23      0      0      0      0 
  24..64      1      1      0      0 
Registry and code: 13 MB (gemm=1 nleaks=1)
Uptime: 0.013048 s
LIBXSMM WARNING: timer is maybe not cycle-accurate!

LIBXSMM_VERSION: m1_amx-1.8.2-7555 (21011843)
APPL_M1/DP    TRY    JIT    STA    COL
   0..13      0      0      0      0 
  14..23      0      0      0      0 
  24..64      1      1      0      0 
Registry and code: 13 MB (gemm=1 nleaks=1)
Uptime: 0.009677 s
LIBXSMM WARNING: timer is maybe not cycle-accurate!

LIBXSMM_VERSION: m1_amx-1.8.2-7555 (21011843)
APPL_M1/DP    TRY    JIT    STA    COL
   0..13      0      0      0      0 
  14..23      1      1      0      0 
  24..64      0      0      0      0 
Registry and code: 13 MB (gemm=1 nleaks=1)
Uptime: 0.007561 s
LIBXSMM WARNING: timer is maybe not cycle-accurate!

LIBXSMM_VERSION: m1_amx-1.8.2-7555 (21011843)
APPL_M1/DP    TRY    JIT    STA    COL
   0..13      0      0      0      0 
  14..23      1      1      0      0 
  24..64      0      0      0      0 
Registry and code: 13 MB (gemm=1 nleaks=1)
Uptime: 0.010001 s
LIBXSMM WARNING: timer is maybe not cycle-accurate!

LIBXSMM_VERSION: m1_amx-1.8.2-7555 (21011843)
APPL_M1/DP    TRY    JIT    STA    COL
   0..13      0      0      0      0 
  14..23      0      0      0      0 
  24..64      1      1      0      0 
Registry and code: 13 MB (gemm=1 nleaks=1)
Uptime: 0.012065 s
LIBXSMM WARNING: timer is maybe not cycle-accurate!

LIBXSMM_VERSION: m1_amx-1.8.2-7555 (21011843)
APPL_M1/DP    TRY    JIT    STA    COL
   0..13      0      0      0      0 
  14..23      0      0      0      0 
  24..64      1      1      0      0 
Registry and code: 13 MB (gemm=1 nleaks=1)
Uptime: 0.013094 s
LIBXSMM WARNING: timer is maybe not cycle-accurate!

LIBXSMM_VERSION: m1_amx-1.8.2-7555 (21011843)
APPL_M1/DP    TRY    JIT    STA    COL
   0..13      0      0      0      0 
  14..23      0      0      0      0 
  24..64      1      1      0      0 
Registry and code: 13 MB (gemm=1 nleaks=1)
Uptime: 0.009760 s
LIBXSMM WARNING: timer is maybe not cycle-accurate!

LIBXSMM_VERSION: m1_amx-1.8.2-7555 (21011843)
APPL_M1/DP    TRY    JIT    STA    COL
   0..13      0      0      0      0 
  14..23      0      0      0      0 
  24..64      1      1      0      0 
Registry and code: 13 MB (gemm=1 nleaks=1)
Uptime: 0.014057 s
LIBXSMM WARNING: timer is maybe not cycle-accurate!

LIBXSMM_VERSION: m1_amx-1.8.2-7555 (21011843)
APPL_M1/DP    TRY    JIT    STA    COL
   0..13      0      0      0      0 
  14..23      0      0      0      0 
  24..64      1      1      0      0 
Registry and code: 13 MB (gemm=1 nleaks=1)
Uptime: 0.022298 s
LIBXSMM WARNING: timer is maybe not cycle-accurate!

LIBXSMM_VERSION: m1_amx-1.8.2-7555 (21011843)
APPL_M1/DP    TRY    JIT    STA    COL
   0..13      0      0      0      0 
  14..23      0      0      0      0 
  24..64      1      1      0      0 
Registry and code: 13 MB (gemm=1 nleaks=1)
Uptime: 0.031962 s
LIBXSMM WARNING: timer is maybe not cycle-accurate!

LIBXSMM_VERSION: m1_amx-1.8.2-7555 (21011843)
APPL_M1/DP    TRY    JIT    STA    COL
   0..13      0      0      0      0 
  14..23      0      0      0      0 
  24..64      1      1      0      0 
Registry and code: 13 MB (gemm=1 nleaks=1)
Uptime: 0.043509 s
LIBXSMM WARNING: timer is maybe not cycle-accurate!

LIBXSMM_VERSION: m1_amx-1.8.2-7555 (21011843)
APPL_M1/DP    TRY    JIT    STA    COL
   0..13      0      0      0      0 
  14..23      0      0      0      0 
  24..64      1      1      0      0 
Registry and code: 13 MB (gemm=1 nleaks=1)
Uptime: 0.029715 s
LIBXSMM WARNING: timer is maybe not cycle-accurate!

LIBXSMM_VERSION: m1_amx-1.8.2-7555 (21011843)
APPL_M1/DP    TRY    JIT    STA    COL
   0..13      0      0      0      0 
  14..23      0      0      0      0 
  24..64      1      1      0      0 
Registry and code: 13 MB (gemm=1 nleaks=1)
Uptime: 0.016330 s
LIBXSMM WARNING: timer is maybe not cycle-accurate!

LIBXSMM_VERSION: m1_amx-1.8.2-7555 (21011843)
APPL_M1/DP    TRY    JIT    STA    COL
   0..13      0      0      0      0 
  14..23      0      0      0      0 
  24..64      1      1      0      0 
Registry and code: 13 MB (gemm=1 nleaks=1)
Uptime: 0.022058 s
LIBXSMM WARNING: timer is maybe not cycle-accurate!

LIBXSMM_VERSION: m1_amx-1.8.2-7555 (21011843)
APPL_M1/DP    TRY    JIT    STA    COL
   0..13      0      0      0      0 
  14..23      0      0      0      0 
  24..64      1      1      0      0 
Registry and code: 13 MB (gemm=1 nleaks=1)
Uptime: 0.032202 s
LIBXSMM WARNING: timer is maybe not cycle-accurate!

LIBXSMM_VERSION: m1_amx-1.8.2-7555 (21011843)
APPL_M1/DP    TRY    JIT    STA    COL
   0..13      0      0      0      0 
  14..23      0      0      0      0 
  24..64      1      1      0      0 
Registry and code: 13 MB (gemm=1 nleaks=1)
Uptime: 0.045915 s
LIBXSMM WARNING: timer is maybe not cycle-accurate!

LIBXSMM_VERSION: m1_amx-1.8.2-7555 (21011843)
APPL_M1/DP    TRY    JIT    STA    COL
   0..13      0      0      0      0 
  14..23      0      0      0      0 
  24..64      1      1      0      0 
Registry and code: 13 MB (gemm=1 nleaks=1)
Uptime: 0.027277 s
LIBXSMM WARNING: timer is maybe not cycle-accurate!

LIBXSMM_VERSION: m1_amx-1.8.2-7555 (21011843)
APPL_M1/DP    TRY    JIT    STA    COL
   0..13      0      0      0      0 
  14..23      0      0      0      0 
  24..64      1      1      0      0 
Registry and code: 13 MB (gemm=1 nleaks=1)
Uptime: 0.030413 s
LIBXSMM WARNING: timer is maybe not cycle-accurate!

LIBXSMM_VERSION: m1_amx-1.8.2-7555 (21011843)
APPL_M1/DP    TRY    JIT    STA    COL
   0..13      0      0      0      0 
  14..23      0      0      0      0 
  24..64      1      1      0      0 
Registry and code: 13 MB (gemm=1 nleaks=1)
Uptime: 0.045010 s
LIBXSMM WARNING: timer is maybe not cycle-accurate!

LIBXSMM_VERSION: m1_amx-1.8.2-7555 (21011843)
APPL_M1/DP    TRY    JIT    STA    COL
   0..13      0      0      0      0 
  14..23      0      0      0      0 
  24..64      0      0      0      0 
    > 64      1      1      0      0 
Registry and code: 13 MB (gemm=1 nleaks=1)
Uptime: 0.078645 s
LIBXSMM WARNING: timer is maybe not cycle-accurate!

LIBXSMM_VERSION: m1_amx-1.8.2-7555 (21011843)
APPL_M1/DP    TRY    JIT    STA    COL
   0..13      0      0      0      0 
  14..23      0      0      0      0 
  24..64      0      0      0      0 
    > 64      1      1      0      0 
Registry and code: 13 MB (gemm=1 nleaks=1)
Uptime: 0.134852 s
LIBXSMM WARNING: timer is maybe not cycle-accurate!

LIBXSMM_VERSION: m1_amx-1.8.2-7555 (21011843)
APPL_M1/DP    TRY    JIT    STA    COL
   0..13      0      0      0      0 
  14..23      0      0      0      0 
  24..64      0      0      0      0 
    > 64      1      1      0      0 
Registry and code: 13 MB (gemm=1 nleaks=1)
Uptime: 0.085634 s
LIBXSMM WARNING: timer is maybe not cycle-accurate!

LIBXSMM_VERSION: m1_amx-1.8.2-7555 (21011843)
APPL_M1/DP    TRY    JIT    STA    COL
   0..13      0      0      0      0 
  14..23      0      0      0      0 
  24..64      1      1      0      0 
Registry and code: 13 MB (gemm=1 nleaks=1)
Uptime: 0.035958 s
LIBXSMM WARNING: timer is maybe not cycle-accurate!

LIBXSMM_VERSION: m1_amx-1.8.2-7555 (21011843)
APPL_M1/DP    TRY    JIT    STA    COL
   0..13      0      0      0      0 
  14..23      0      0      0      0 
  24..64      1      1      0      0 
Registry and code: 13 MB (gemm=1 nleaks=1)
Uptime: 0.045245 s
LIBXSMM WARNING: timer is maybe not cycle-accurate!

LIBXSMM_VERSION: m1_amx-1.8.2-7555 (21011843)
APPL_M1/DP    TRY    JIT    STA    COL
   0..13      0      0      0      0 
  14..23      0      0      0      0 
  24..64      0      0      0      0 
    > 64      1      1      0      0 
Registry and code: 13 MB (gemm=1 nleaks=1)
Uptime: 0.078196 s
LIBXSMM WARNING: timer is maybe not cycle-accurate!

LIBXSMM_VERSION: m1_amx-1.8.2-7555 (21011843)
APPL_M1/DP    TRY    JIT    STA    COL
   0..13      0      0      0      0 
  14..23      0      0      0      0 
  24..64      0      0      0      0 
    > 64      1      1      0      0 
Registry and code: 13 MB (gemm=1 nleaks=1)
Uptime: 0.140014 s
LIBXSMM WARNING: timer is maybe not cycle-accurate!

LIBXSMM_VERSION: m1_amx-1.8.2-7555 (21011843)
APPL_M1/DP    TRY    JIT    STA    COL
   0..13      0      0      0      0 
  14..23      0      0      0      0 
  24..64      0      0      0      0 
    > 64      1      1      0      0 
Registry and code: 13 MB (gemm=1 nleaks=1)
Uptime: 0.078007 s
LIBXSMM WARNING: timer is maybe not cycle-accurate!

LIBXSMM_VERSION: m1_amx-1.8.2-7555 (21011843)
APPL_M1/DP    TRY    JIT    STA    COL
   0..13      0      0      0      0 
  14..23      0      0      0      0 
  24..64      0      0      0      0 
    > 64      1      1      0      0 
Registry and code: 13 MB (gemm=1 nleaks=1)
Uptime: 0.064429 s
LIBXSMM WARNING: timer is maybe not cycle-accurate!

LIBXSMM_VERSION: m1_amx-1.8.2-7555 (21011843)
APPL_M1/DP    TRY    JIT    STA    COL
   0..13      0      0      0      0 
  14..23      0      0      0      0 
  24..64      0      0      0      0 
    > 64      1      1      0      0 
Registry and code: 13 MB (gemm=1 nleaks=1)
Uptime: 0.093410 s
LIBXSMM WARNING: timer is maybe not cycle-accurate!

LIBXSMM_VERSION: m1_amx-1.8.2-7555 (21011843)
APPL_M1/DP    TRY    JIT    STA    COL
   0..13      0      0      0      0 
  14..23      0      0      0      0 
  24..64      0      0      0      0 
    > 64      1      1      0      0 
Registry and code: 13 MB (gemm=1 nleaks=1)
Uptime: 0.183471 s
LIBXSMM WARNING: timer is maybe not cycle-accurate!

LIBXSMM_VERSION: m1_amx-1.8.2-7555 (21011843)
APPL_M1/DP    TRY    JIT    STA    COL
   0..13      0      0      0      0 
  14..23      0      0      0      0 
  24..64      0      0      0      0 
    > 64      1      1      0      0 
Registry and code: 13 MB (gemm=1 nleaks=1)
Uptime: 0.309352 s
LIBXSMM WARNING: timer is maybe not cycle-accurate!

LIBXSMM_VERSION: m1_amx-1.8.2-7555 (21011843)
APPL_M1/DP    TRY    JIT    STA    COL
   0..13      0      0      0      0 
  14..23      0      0      0      0 
  24..64      0      0      0      0 
    > 64      1      1      0      0 
Registry and code: 13 MB (gemm=1 nleaks=1)
Uptime: 0.246848 s
LIBXSMM WARNING: timer is maybe not cycle-accurate!

LIBXSMM_VERSION: m1_amx-1.8.2-7555 (21011843)
APPL_M1/DP    TRY    JIT    STA    COL
   0..13      0      0      0      0 
  14..23      0      0      0      0 
  24..64      0      0      0      0 
    > 64      1      1      0      0 
Registry and code: 13 MB (gemm=1 nleaks=1)
Uptime: 0.089556 s
LIBXSMM WARNING: timer is maybe not cycle-accurate!

LIBXSMM_VERSION: m1_amx-1.8.2-7555 (21011843)
APPL_M1/DP    TRY    JIT    STA    COL
   0..13      0      0      0      0 
  14..23      0      0      0      0 
  24..64      0      0      0      0 
    > 64      1      1      0      0 
Registry and code: 13 MB (gemm=1 nleaks=1)
Uptime: 0.093458 s
LIBXSMM WARNING: timer is maybe not cycle-accurate!

LIBXSMM_VERSION: m1_amx-1.8.2-7555 (21011843)
APPL_M1/DP    TRY    JIT    STA    COL
   0..13      0      0      0      0 
  14..23      0      0      0      0 
  24..64      0      0      0      0 
    > 64      1      1      0      0 
Registry and code: 13 MB (gemm=1 nleaks=1)
Uptime: 0.183745 s
LIBXSMM WARNING: timer is maybe not cycle-accurate!

LIBXSMM_VERSION: m1_amx-1.8.2-7555 (21011843)
APPL_M1/DP    TRY    JIT    STA    COL
   0..13      0      0      0      0 
  14..23      0      0      0      0 
  24..64      0      0      0      0 
    > 64      1      1      0      0 
Registry and code: 13 MB (gemm=1 nleaks=1)
Uptime: 0.325380 s
LIBXSMM WARNING: timer is maybe not cycle-accurate!

LIBXSMM_VERSION: m1_amx-1.8.2-7555 (21011843)
APPL_M1/DP    TRY    JIT    STA    COL
   0..13      0      0      0      0 
  14..23      0      0      0      0 
  24..64      0      0      0      0 
    > 64      1      1      0      0 
Registry and code: 13 MB (gemm=1 nleaks=1)
Uptime: 0.210533 s
LIBXSMM WARNING: timer is maybe not cycle-accurate!

LIBXSMM_VERSION: m1_amx-1.8.2-7555 (21011843)
APPL_M1/DP    TRY    JIT    STA    COL
   0..13      0      0      0      0 
  14..23      0      0      0      0 
  24..64      0      0      0      0 
    > 64      1      1      0      0 
Registry and code: 13 MB (gemm=1 nleaks=1)
Uptime: 0.128958 s
LIBXSMM WARNING: timer is maybe not cycle-accurate!

LIBXSMM_VERSION: m1_amx-1.8.2-7555 (21011843)
APPL_M1/DP    TRY    JIT    STA    COL
   0..13      0      0      0      0 
  14..23      0      0      0      0 
  24..64      0      0      0      0 
    > 64      1      1      0      0 
Registry and code: 13 MB (gemm=1 nleaks=1)
Uptime: 0.178056 s
Generating and Compiling data/example_mats/hex/p1/gauss-legendre/m0.txt
Running data/example_mats/hex/p1/gauss-legendre/m0.txt
Finished running in 0.10569999999999999ms
Generating and Compiling data/example_mats/hex/p1/gauss-legendre/m3.txt
Running data/example_mats/hex/p1/gauss-legendre/m3.txt
Finished running in 0.048100000000000004ms
Generating and Compiling data/example_mats/hex/p1/gauss-legendre/m6.txt
Running data/example_mats/hex/p1/gauss-legendre/m6.txt
Finished running in 0.04616666666666667ms
Generating and Compiling data/example_mats/hex/p1/gauss-legendre/m132.txt
Running data/example_mats/hex/p1/gauss-legendre/m132.txt
Finished running in 0.04773333333333333ms
Generating and Compiling data/example_mats/hex/p1/gauss-legendre/m460.txt
Running data/example_mats/hex/p1/gauss-legendre/m460.txt
Finished running in 0.03563333333333333ms
Generating and Compiling data/example_mats/hex/p2/gauss-legendre-lobatto/m0.txt
Running data/example_mats/hex/p2/gauss-legendre-lobatto/m0.txt
Finished running in 0.16846666666666668ms
Generating and Compiling data/example_mats/hex/p2/gauss-legendre-lobatto/m3.txt
Running data/example_mats/hex/p2/gauss-legendre-lobatto/m3.txt
Finished running in 0.14993333333333334ms
Generating and Compiling data/example_mats/hex/p2/gauss-legendre-lobatto/m6.txt
Running data/example_mats/hex/p2/gauss-legendre-lobatto/m6.txt
Finished running in 0.14003333333333332ms
Generating and Compiling data/example_mats/hex/p2/gauss-legendre-lobatto/m132.txt
Running data/example_mats/hex/p2/gauss-legendre-lobatto/m132.txt
Finished running in 0.20446666666666669ms
Generating and Compiling data/example_mats/hex/p2/gauss-legendre-lobatto/m460.txt
Running data/example_mats/hex/p2/gauss-legendre-lobatto/m460.txt
Finished running in 0.1436ms
Generating and Compiling data/example_mats/hex/p2/gauss-legendre/m0.txt
Running data/example_mats/hex/p2/gauss-legendre/m0.txt
Finished running in 0.09183333333333334ms
Generating and Compiling data/example_mats/hex/p2/gauss-legendre/m3.txt
Running data/example_mats/hex/p2/gauss-legendre/m3.txt
Finished running in 0.14986666666666668ms
Generating and Compiling data/example_mats/hex/p2/gauss-legendre/m6.txt
Running data/example_mats/hex/p2/gauss-legendre/m6.txt
Finished running in 0.13906666666666664ms
Generating and Compiling data/example_mats/hex/p2/gauss-legendre/m132.txt
Running data/example_mats/hex/p2/gauss-legendre/m132.txt
Finished running in 0.20543333333333333ms
Generating and Compiling data/example_mats/hex/p2/gauss-legendre/m460.txt
Running data/example_mats/hex/p2/gauss-legendre/m460.txt
Finished running in 0.14373333333333335ms
Generating and Compiling data/example_mats/hex/p3/gauss-legendre-lobatto/m0.txt
Running data/example_mats/hex/p3/gauss-legendre-lobatto/m0.txt
Finished running in 0.15506666666666666ms
Generating and Compiling data/example_mats/hex/p3/gauss-legendre-lobatto/m3.txt
Running data/example_mats/hex/p3/gauss-legendre-lobatto/m3.txt
Finished running in 0.38153333333333334ms
Generating and Compiling data/example_mats/hex/p3/gauss-legendre-lobatto/m6.txt
Running data/example_mats/hex/p3/gauss-legendre-lobatto/m6.txt
Finished running in 0.3914ms
Generating and Compiling data/example_mats/hex/p3/gauss-legendre-lobatto/m132.txt
Running data/example_mats/hex/p3/gauss-legendre-lobatto/m132.txt
Finished running in 0.7892333333333333ms
Generating and Compiling data/example_mats/hex/p3/gauss-legendre-lobatto/m460.txt
Running data/example_mats/hex/p3/gauss-legendre-lobatto/m460.txt
Finished running in 0.46216666666666667ms
Generating and Compiling data/example_mats/hex/p3/gauss-legendre/m0.txt
Running data/example_mats/hex/p3/gauss-legendre/m0.txt
Finished running in 0.2177666666666667ms
Generating and Compiling data/example_mats/hex/p3/gauss-legendre/m3.txt
Running data/example_mats/hex/p3/gauss-legendre/m3.txt
Finished running in 0.3761ms
Generating and Compiling data/example_mats/hex/p3/gauss-legendre/m6.txt
Running data/example_mats/hex/p3/gauss-legendre/m6.txt
Finished running in 0.3861666666666667ms
Generating and Compiling data/example_mats/hex/p3/gauss-legendre/m132.txt
Running data/example_mats/hex/p3/gauss-legendre/m132.txt
Finished running in 0.8773ms
Generating and Compiling data/example_mats/hex/p3/gauss-legendre/m460.txt
Running data/example_mats/hex/p3/gauss-legendre/m460.txt
Finished running in 0.40213333333333334ms
Generating and Compiling data/example_mats/hex/p4/gauss-legendre-lobatto/m0.txt
Running data/example_mats/hex/p4/gauss-legendre-lobatto/m0.txt
Finished running in 0.32016666666666665ms
Generating and Compiling data/example_mats/hex/p4/gauss-legendre-lobatto/m3.txt
Running data/example_mats/hex/p4/gauss-legendre-lobatto/m3.txt
Finished running in 0.7327666666666667ms
Generating and Compiling data/example_mats/hex/p4/gauss-legendre-lobatto/m6.txt
Running data/example_mats/hex/p4/gauss-legendre-lobatto/m6.txt
Finished running in 0.8479666666666666ms
Generating and Compiling data/example_mats/hex/p4/gauss-legendre-lobatto/m132.txt
Running data/example_mats/hex/p4/gauss-legendre-lobatto/m132.txt
Finished running in 2.6627ms
Generating and Compiling data/example_mats/hex/p4/gauss-legendre-lobatto/m460.txt
Running data/example_mats/hex/p4/gauss-legendre-lobatto/m460.txt
Finished running in 1.2740333333333331ms
Generating and Compiling data/example_mats/hex/p4/gauss-legendre/m0.txt
Running data/example_mats/hex/p4/gauss-legendre/m0.txt
Finished running in 0.4615666666666666ms
Generating and Compiling data/example_mats/hex/p4/gauss-legendre/m3.txt
Running data/example_mats/hex/p4/gauss-legendre/m3.txt
Finished running in 0.7322000000000001ms
Generating and Compiling data/example_mats/hex/p4/gauss-legendre/m6.txt
Running data/example_mats/hex/p4/gauss-legendre/m6.txt
Finished running in 0.8517666666666667ms
Generating and Compiling data/example_mats/hex/p4/gauss-legendre/m132.txt
Running data/example_mats/hex/p4/gauss-legendre/m132.txt
Finished running in 2.8014666666666668ms
Generating and Compiling data/example_mats/hex/p4/gauss-legendre/m460.txt
Running data/example_mats/hex/p4/gauss-legendre/m460.txt
Finished running in 1.0513333333333332ms
Generating and Compiling data/example_mats/hex/p5/gauss-legendre-lobatto/m0.txt
Running data/example_mats/hex/p5/gauss-legendre-lobatto/m0.txt
Finished running in 0.5488ms
Generating and Compiling data/example_mats/hex/p5/gauss-legendre-lobatto/m3.txt
Running data/example_mats/hex/p5/gauss-legendre-lobatto/m3.txt
Finished running in 1.4616ms
Generating and Compiling data/example_mats/hex/p5/gauss-legendre-lobatto/m6.txt
Running data/example_mats/hex/p5/gauss-legendre-lobatto/m6.txt
Finished running in 1.9234666666666667ms
Generating and Compiling data/example_mats/hex/p5/gauss-legendre-lobatto/m132.txt
Running data/example_mats/hex/p5/gauss-legendre-lobatto/m132.txt
Finished running in 5.524633333333333ms
Generating and Compiling data/example_mats/hex/p5/gauss-legendre-lobatto/m460.txt
Running data/example_mats/hex/p5/gauss-legendre-lobatto/m460.txt
Finished running in 3.757833333333333ms
Generating and Compiling data/example_mats/hex/p5/gauss-legendre/m0.txt
Running data/example_mats/hex/p5/gauss-legendre/m0.txt
Finished running in 1.3400666666666665ms
Generating and Compiling data/example_mats/hex/p5/gauss-legendre/m3.txt
Running data/example_mats/hex/p5/gauss-legendre/m3.txt
Finished running in 1.4511333333333334ms
Generating and Compiling data/example_mats/hex/p5/gauss-legendre/m6.txt
Running data/example_mats/hex/p5/gauss-legendre/m6.txt
Finished running in 1.9280000000000002ms
Generating and Compiling data/example_mats/hex/p5/gauss-legendre/m132.txt
Running data/example_mats/hex/p5/gauss-legendre/m132.txt
Finished running in 6.0439ms
Generating and Compiling data/example_mats/hex/p5/gauss-legendre/m460.txt
Running data/example_mats/hex/p5/gauss-legendre/m460.txt
Finished running in 2.6903ms
Generating and Compiling data/example_mats/hex/p6/gauss-legendre-lobatto/m0.txt
Running data/example_mats/hex/p6/gauss-legendre-lobatto/m0.txt
Finished running in 1.1433ms
Generating and Compiling data/example_mats/hex/p6/gauss-legendre-lobatto/m3.txt
Running data/example_mats/hex/p6/gauss-legendre-lobatto/m3.txt
LIBXSMM WARNING: timer is maybe not cycle-accurate!

LIBXSMM_VERSION: m1_amx-1.8.2-7555 (21011843)
APPL_M1/DP    TRY    JIT    STA    COL
   0..13      0      0      0      0 
  14..23      0      0      0      0 
  24..64      0      0      0      0 
    > 64      1      1      0      0 
Registry and code: 13 MB (gemm=1 nleaks=1)
Uptime: 0.359909 s
LIBXSMM WARNING: timer is maybe not cycle-accurate!

LIBXSMM_VERSION: m1_amx-1.8.2-7555 (21011843)
APPL_M1/DP    TRY    JIT    STA    COL
   0..13      0      0      0      0 
  14..23      0      0      0      0 
  24..64      0      0      0      0 
    > 64      1      1      0      0 
Registry and code: 13 MB (gemm=1 nleaks=1)
Uptime: 0.682809 s
LIBXSMM WARNING: timer is maybe not cycle-accurate!

LIBXSMM_VERSION: m1_amx-1.8.2-7555 (21011843)
APPL_M1/DP    TRY    JIT    STA    COL
   0..13      0      0      0      0 
  14..23      0      0      0      0 
  24..64      0      0      0      0 
    > 64      1      1      0      0 
Registry and code: 13 MB (gemm=1 nleaks=1)
Uptime: 0.600972 s
LIBXSMM WARNING: timer is maybe not cycle-accurate!

LIBXSMM_VERSION: m1_amx-1.8.2-7555 (21011843)
APPL_M1/DP    TRY    JIT    STA    COL
   0..13      0      0      0      0 
  14..23      0      0      0      0 
  24..64      0      0      0      0 
    > 64      1      1      0      0 
Registry and code: 13 MB (gemm=1 nleaks=1)
Uptime: 0.168291 s
LIBXSMM WARNING: timer is maybe not cycle-accurate!

LIBXSMM_VERSION: m1_amx-1.8.2-7555 (21011843)
APPL_M1/DP    TRY    JIT    STA    COL
   0..13      0      0      0      0 
  14..23      0      0      0      0 
  24..64      0      0      0      0 
    > 64      1      1      0      0 
Registry and code: 13 MB (gemm=1 nleaks=1)
Uptime: 0.177635 s
LIBXSMM WARNING: timer is maybe not cycle-accurate!

LIBXSMM_VERSION: m1_amx-1.8.2-7555 (21011843)
APPL_M1/DP    TRY    JIT    STA    COL
   0..13      0      0      0      0 
  14..23      0      0      0      0 
  24..64      0      0      0      0 
    > 64      1      1      0      0 
Registry and code: 13 MB (gemm=1 nleaks=1)
Uptime: 0.359534 s
LIBXSMM WARNING: timer is maybe not cycle-accurate!

LIBXSMM_VERSION: m1_amx-1.8.2-7555 (21011843)
APPL_M1/DP    TRY    JIT    STA    COL
   0..13      0      0      0      0 
  14..23      0      0      0      0 
  24..64      0      0      0      0 
    > 64      1      1      0      0 
Registry and code: 13 MB (gemm=1 nleaks=1)
Uptime: 0.732451 s
LIBXSMM WARNING: timer is maybe not cycle-accurate!

LIBXSMM_VERSION: m1_amx-1.8.2-7555 (21011843)
APPL_M1/DP    TRY    JIT    STA    COL
   0..13      0      0      0      0 
  14..23      0      0      0      0 
  24..64      0      0      0      0 
    > 64      1      1      0      0 
Registry and code: 13 MB (gemm=1 nleaks=1)
Uptime: 0.489340 s
LIBXSMM WARNING: timer is maybe not cycle-accurate!

LIBXSMM_VERSION: m1_amx-1.8.2-7555 (21011843)
APPL_M1/DP    TRY    JIT    STA    COL
   0..13      1      1      0      0 
  14..23      0      0      0      0 
  24..64      0      0      0      0 
Registry and code: 13 MB (gemm=1 nleaks=1)
Uptime: 0.002988 s
LIBXSMM WARNING: timer is maybe not cycle-accurate!

LIBXSMM_VERSION: m1_amx-1.8.2-7555 (21011843)
APPL_M1/DP    TRY    JIT    STA    COL
   0..13      1      1      0      0 
  14..23      0      0      0      0 
  24..64      0      0      0      0 
Registry and code: 13 MB (gemm=1 nleaks=1)
Uptime: 0.003219 s
LIBXSMM WARNING: timer is maybe not cycle-accurate!

LIBXSMM_VERSION: m1_amx-1.8.2-7555 (21011843)
APPL_M1/DP    TRY    JIT    STA    COL
   0..13      1      1      0      0 
  14..23      0      0      0      0 
  24..64      0      0      0      0 
Registry and code: 13 MB (gemm=1 nleaks=1)
Uptime: 0.003191 s
LIBXSMM WARNING: timer is maybe not cycle-accurate!

LIBXSMM_VERSION: m1_amx-1.8.2-7555 (21011843)
APPL_M1/DP    TRY    JIT    STA    COL
   0..13      1      1      0      0 
  14..23      0      0      0      0 
  24..64      0      0      0      0 
Registry and code: 13 MB (gemm=1 nleaks=1)
Uptime: 0.003202 s
LIBXSMM WARNING: timer is maybe not cycle-accurate!

LIBXSMM_VERSION: m1_amx-1.8.2-7555 (21011843)
APPL_M1/DP    TRY    JIT    STA    COL
   0..13      1      1      0      0 
  14..23      0      0      0      0 
  24..64      0      0      0      0 
Registry and code: 13 MB (gemm=1 nleaks=1)
Uptime: 0.003012 s
LIBXSMM WARNING: timer is maybe not cycle-accurate!

LIBXSMM_VERSION: m1_amx-1.8.2-7555 (21011843)
APPL_M1/DP    TRY    JIT    STA    COL
   0..13      1      1      0      0 
  14..23      0      0      0      0 
  24..64      0      0      0      0 
Registry and code: 13 MB (gemm=1 nleaks=1)
Uptime: 0.005391 s
LIBXSMM WARNING: timer is maybe not cycle-accurate!

LIBXSMM_VERSION: m1_amx-1.8.2-7555 (21011843)
APPL_M1/DP    TRY    JIT    STA    COL
   0..13      1      1      0      0 
  14..23      0      0      0      0 
  24..64      0      0      0      0 
Registry and code: 13 MB (gemm=1 nleaks=1)
Uptime: 0.003804 s
LIBXSMM WARNING: timer is maybe not cycle-accurate!

LIBXSMM_VERSION: m1_amx-1.8.2-7555 (21011843)
APPL_M1/DP    TRY    JIT    STA    COL
   0..13      1      1      0      0 
  14..23      0      0      0      0 
  24..64      0      0      0      0 
Registry and code: 13 MB (gemm=1 nleaks=1)
Uptime: 0.004004 s
LIBXSMM WARNING: timer is maybe not cycle-accurate!

LIBXSMM_VERSION: m1_amx-1.8.2-7555 (21011843)
APPL_M1/DP    TRY    JIT    STA    COL
   0..13      1      1      0      0 
  14..23      0      0      0      0 
  24..64      0      0      0      0 
Registry and code: 13 MB (gemm=1 nleaks=1)
Uptime: 0.004634 s
LIBXSMM WARNING: timer is maybe not cycle-accurate!

LIBXSMM_VERSION: m1_amx-1.8.2-7555 (21011843)
APPL_M1/DP    TRY    JIT    STA    COL
   0..13      1      1      0      0 
  14..23      0      0      0      0 
  24..64      0      0      0      0 
Registry and code: 13 MB (gemm=1 nleaks=1)
Uptime: 0.004047 s
LIBXSMM WARNING: timer is maybe not cycle-accurate!

LIBXSMM_VERSION: m1_amx-1.8.2-7555 (21011843)
APPL_M1/DP    TRY    JIT    STA    COL
   0..13      1      1      0      0 
  14..23      0      0      0      0 
  24..64      0      0      0      0 
Registry and code: 13 MB (gemm=1 nleaks=1)
Uptime: 0.003588 s
LIBXSMM WARNING: timer is maybe not cycle-accurate!

LIBXSMM_VERSION: m1_amx-1.8.2-7555 (21011843)
APPL_M1/DP    TRY    JIT    STA    COL
   0..13      1      1      0      0 
  14..23      0      0      0      0 
  24..64      0      0      0      0 
Registry and code: 13 MB (gemm=1 nleaks=1)
Uptime: 0.003990 s
LIBXSMM WARNING: timer is maybe not cycle-accurate!

LIBXSMM_VERSION: m1_amx-1.8.2-7555 (21011843)
APPL_M1/DP    TRY    JIT    STA    COL
   0..13      1      1      0      0 
  14..23      0      0      0      0 
  24..64      0      0      0      0 
Registry and code: 13 MB (gemm=1 nleaks=1)
Uptime: 0.004012 s
LIBXSMM WARNING: timer is maybe not cycle-accurate!

LIBXSMM_VERSION: m1_amx-1.8.2-7555 (21011843)
APPL_M1/DP    TRY    JIT    STA    COL
   0..13      1      1      0      0 
  14..23      0      0      0      0 
  24..64      0      0      0      0 
Registry and code: 13 MB (gemm=1 nleaks=1)
Uptime: 0.004553 s
LIBXSMM WARNING: timer is maybe not cycle-accurate!

LIBXSMM_VERSION: m1_amx-1.8.2-7555 (21011843)
APPL_M1/DP    TRY    JIT    STA    COL
   0..13      1      1      0      0 
  14..23      0      0      0      0 
  24..64      0      0      0      0 
Registry and code: 13 MB (gemm=1 nleaks=1)
Uptime: 0.003858 s
LIBXSMM WARNING: timer is maybe not cycle-accurate!

LIBXSMM_VERSION: m1_amx-1.8.2-7555 (21011843)
APPL_M1/DP    TRY    JIT    STA    COL
   0..13      1      1      0      0 
  14..23      0      0      0      0 
  24..64      0      0      0      0 
Registry and code: 13 MB (gemm=1 nleaks=1)
Uptime: 0.006769 s
LIBXSMM WARNING: timer is maybe not cycle-accurate!

LIBXSMM_VERSION: m1_amx-1.8.2-7555 (21011843)
APPL_M1/DP    TRY    JIT    STA    COL
   0..13      1      1      0      0 
  14..23      0      0      0      0 
  24..64      0      0      0      0 
Registry and code: 13 MB (gemm=1 nleaks=1)
Uptime: 0.004708 s
LIBXSMM WARNING: timer is maybe not cycle-accurate!

LIBXSMM_VERSION: m1_amx-1.8.2-7555 (21011843)
APPL_M1/DP    TRY    JIT    STA    COL
   0..13      0      0      0      0 
  14..23      1      1      0      0 
  24..64      0      0      0      0 
Registry and code: 13 MB (gemm=1 nleaks=1)
Uptime: 0.005149 s
LIBXSMM WARNING: timer is maybe not cycle-accurate!

LIBXSMM_VERSION: m1_amx-1.8.2-7555 (21011843)
APPL_M1/DP    TRY    JIT    STA    COL
   0..13      0      0      0      0 
  14..23      1      1      0      0 
  24..64      0      0      0      0 
Registry and code: 13 MB (gemm=1 nleaks=1)
Uptime: 0.007326 s
LIBXSMM WARNING: timer is maybe not cycle-accurate!

LIBXSMM_VERSION: m1_amx-1.8.2-7555 (21011843)
APPL_M1/DP    TRY    JIT    STA    COL
   0..13      0      0      0      0 
  14..23      1      1      0      0 
  24..64      0      0      0      0 
Registry and code: 13 MB (gemm=1 nleaks=1)
Uptime: 0.005640 s
LIBXSMM WARNING: timer is maybe not cycle-accurate!

LIBXSMM_VERSION: m1_amx-1.8.2-7555 (21011843)
APPL_M1/DP    TRY    JIT    STA    COL
   0..13      1      1      0      0 
  14..23      0      0      0      0 
  24..64      0      0      0      0 
Registry and code: 13 MB (gemm=1 nleaks=1)
Uptime: 0.004249 s
LIBXSMM WARNING: timer is maybe not cycle-accurate!

LIBXSMM_VERSION: m1_amx-1.8.2-7555 (21011843)
APPL_M1/DP    TRY    JIT    STA    COL
   0..13      1      1      0      0 
  14..23      0      0      0      0 
  24..64      0      0      0      0 
Registry and code: 13 MB (gemm=1 nleaks=1)
Uptime: 0.004941 s
LIBXSMM WARNING: timer is maybe not cycle-accurate!

LIBXSMM_VERSION: m1_amx-1.8.2-7555 (21011843)
APPL_M1/DP    TRY    JIT    STA    COL
   0..13      0      0      0      0 
  14..23      1      1      0      0 
  24..64      0      0      0      0 
Registry and code: 13 MB (gemm=1 nleaks=1)
Uptime: 0.004867 s
LIBXSMM WARNING: timer is maybe not cycle-accurate!

LIBXSMM_VERSION: m1_amx-1.8.2-7555 (21011843)
APPL_M1/DP    TRY    JIT    STA    COL
   0..13      0      0      0      0 
  14..23      1      1      0      0 
  24..64      0      0      0      0 
Registry and code: 13 MB (gemm=1 nleaks=1)
Uptime: 0.007737 s
LIBXSMM WARNING: timer is maybe not cycle-accurate!

LIBXSMM_VERSION: m1_amx-1.8.2-7555 (21011843)
APPL_M1/DP    TRY    JIT    STA    COL
   0..13      0      0      0      0 
  14..23      1      1      0      0 
  24..64      0      0      0      0 
Registry and code: 13 MB (gemm=1 nleaks=1)
Uptime: 0.005709 s
LIBXSMM WARNING: timer is maybe not cycle-accurate!

LIBXSMM_VERSION: m1_amx-1.8.2-7555 (21011843)
APPL_M1/DP    TRY    JIT    STA    COL
   0..13      0      0      0      0 
  14..23      1      1      0      0 
  24..64      0      0      0      0 
Registry and code: 13 MB (gemm=1 nleaks=1)
Uptime: 0.007490 s
LIBXSMM WARNING: timer is maybe not cycle-accurate!

LIBXSMM_VERSION: m1_amx-1.8.2-7555 (21011843)
APPL_M1/DP    TRY    JIT    STA    COL
   0..13      0      0      0      0 
  14..23      1      1      0      0 
  24..64      0      0      0      0 
Registry and code: 13 MB (gemm=1 nleaks=1)
Uptime: 0.006062 s
LIBXSMM WARNING: timer is maybe not cycle-accurate!

LIBXSMM_VERSION: m1_amx-1.8.2-7555 (21011843)
APPL_M1/DP    TRY    JIT    STA    COL
   0..13      0      0      0      0 
  14..23      1      1      0      0 
  24..64      0      0      0      0 
Registry and code: 13 MB (gemm=1 nleaks=1)
Uptime: 0.006077 s
LIBXSMM WARNING: timer is maybe not cycle-accurate!

LIBXSMM_VERSION: m1_amx-1.8.2-7555 (21011843)
APPL_M1/DP    TRY    JIT    STA    COL
   0..13      0      0      0      0 
  14..23      1      1      0      0 
  24..64      0      0      0      0 
Registry and code: 13 MB (gemm=1 nleaks=1)
Uptime: 0.011106 s
LIBXSMM WARNING: timer is maybe not cycle-accurate!

LIBXSMM_VERSION: m1_amx-1.8.2-7555 (21011843)
APPL_M1/DP    TRY    JIT    STA    COL
   0..13      0      0      0      0 
  14..23      1      1      0      0 
  24..64      0      0      0      0 
Registry and code: 13 MB (gemm=1 nleaks=1)
Uptime: 0.009102 s
LIBXSMM WARNING: timer is maybe not cycle-accurate!

LIBXSMM_VERSION: m1_amx-1.8.2-7555 (21011843)
APPL_M1/DP    TRY    JIT    STA    COL
   0..13      0      0      0      0 
  14..23      1      1      0      0 
  24..64      0      0      0      0 
Registry and code: 13 MB (gemm=1 nleaks=1)
Uptime: 0.005173 s
LIBXSMM WARNING: timer is maybe not cycle-accurate!

LIBXSMM_VERSION: m1_amx-1.8.2-7555 (21011843)
APPL_M1/DP    TRY    JIT    STA    COL
   0..13      0      0      0      0 
  14..23      1      1      0      0 
  24..64      0      0      0      0 
Registry and code: 13 MB (gemm=1 nleaks=1)
Uptime: 0.006090 s
LIBXSMM WARNING: timer is maybe not cycle-accurate!

LIBXSMM_VERSION: m1_amx-1.8.2-7555 (21011843)
APPL_M1/DP    TRY    JIT    STA    COL
   0..13      0      0      0      0 
  14..23      1      1      0      0 
  24..64      0      0      0      0 
Registry and code: 13 MB (gemm=1 nleaks=1)
Uptime: 0.006240 s
LIBXSMM WARNING: timer is maybe not cycle-accurate!

LIBXSMM_VERSION: m1_amx-1.8.2-7555 (21011843)
APPL_M1/DP    TRY    JIT    STA    COL
   0..13      0      0      0      0 
  14..23      1      1      0      0 
  24..64      0      0      0      0 
Registry and code: 13 MB (gemm=1 nleaks=1)
Uptime: 0.011299 s
LIBXSMM WARNING: timer is maybe not cycle-accurate!

LIBXSMM_VERSION: m1_amx-1.8.2-7555 (21011843)
APPL_M1/DP    TRY    JIT    STA    COL
   0..13      0      0      0      0 
  14..23      1      1      0      0 
  24..64      0      0      0      0 
Registry and code: 13 MB (gemm=1 nleaks=1)
Uptime: 0.008178 s
LIBXSMM WARNING: timer is maybe not cycle-accurate!

LIBXSMM_VERSION: m1_amx-1.8.2-7555 (21011843)
APPL_M1/DP    TRY    JIT    STA    COL
   0..13      0      0      0      0 
  14..23      1      1      0      0 
  24..64      0      0      0      0 
Registry and code: 13 MB (gemm=1 nleaks=1)
Uptime: 0.005294 s
LIBXSMM WARNING: timer is maybe not cycle-accurate!

LIBXSMM_VERSION: m1_amx-1.8.2-7555 (21011843)
APPL_M1/DP    TRY    JIT    STA    COL
   0..13      0      0      0      0 
  14..23      1      1      0      0 
  24..64      0      0      0      0 
Registry and code: 13 MB (gemm=1 nleaks=1)
Uptime: 0.007926 s
LIBXSMM WARNING: timer is maybe not cycle-accurate!

LIBXSMM_VERSION: m1_amx-1.8.2-7555 (21011843)
APPL_M1/DP    TRY    JIT    STA    COL
   0..13      0      0      0      0 
  14..23      0      0      0      0 
  24..64      1      1      0      0 
Registry and code: 13 MB (gemm=1 nleaks=1)
Uptime: 0.007790 s
Finished running in 2.6756ms
Generating and Compiling data/example_mats/hex/p6/gauss-legendre-lobatto/m6.txt
Running data/example_mats/hex/p6/gauss-legendre-lobatto/m6.txt
Finished running in 3.1322666666666668ms
Generating and Compiling data/example_mats/hex/p6/gauss-legendre-lobatto/m132.txt
Running data/example_mats/hex/p6/gauss-legendre-lobatto/m132.txt
Finished running in 11.085933333333333ms
Generating and Compiling data/example_mats/hex/p6/gauss-legendre-lobatto/m460.txt
Running data/example_mats/hex/p6/gauss-legendre-lobatto/m460.txt
Finished running in 9.068133333333332ms
Generating and Compiling data/example_mats/hex/p6/gauss-legendre/m0.txt
Running data/example_mats/hex/p6/gauss-legendre/m0.txt
Finished running in 2.3468999999999998ms
Generating and Compiling data/example_mats/hex/p6/gauss-legendre/m3.txt
Running data/example_mats/hex/p6/gauss-legendre/m3.txt
Finished running in 2.6624ms
Generating and Compiling data/example_mats/hex/p6/gauss-legendre/m6.txt
Running data/example_mats/hex/p6/gauss-legendre/m6.txt
Finished running in 3.1268666666666665ms
Generating and Compiling data/example_mats/hex/p6/gauss-legendre/m132.txt
Running data/example_mats/hex/p6/gauss-legendre/m132.txt
Finished running in 12.662ms
Generating and Compiling data/example_mats/hex/p6/gauss-legendre/m460.txt
Running data/example_mats/hex/p6/gauss-legendre/m460.txt
Finished running in 5.7209ms
Generating and Compiling data/example_mats/quad/p1/gauss-legendre/m0.txt
Running data/example_mats/quad/p1/gauss-legendre/m0.txt
Finished running in 0.0143ms
Generating and Compiling data/example_mats/quad/p1/gauss-legendre/m3.txt
Running data/example_mats/quad/p1/gauss-legendre/m3.txt
Finished running in 0.0181ms
Generating and Compiling data/example_mats/quad/p1/gauss-legendre/m6.txt
Running data/example_mats/quad/p1/gauss-legendre/m6.txt
Finished running in 0.0164ms
Generating and Compiling data/example_mats/quad/p1/gauss-legendre/m132.txt
Running data/example_mats/quad/p1/gauss-legendre/m132.txt
Finished running in 0.017ms
Generating and Compiling data/example_mats/quad/p1/gauss-legendre/m460.txt
Running data/example_mats/quad/p1/gauss-legendre/m460.txt
Finished running in 0.014166666666666666ms
Generating and Compiling data/example_mats/quad/p2/gauss-legendre-lobatto/m0.txt
Running data/example_mats/quad/p2/gauss-legendre-lobatto/m0.txt
Finished running in 0.030133333333333335ms
Generating and Compiling data/example_mats/quad/p2/gauss-legendre-lobatto/m3.txt
Running data/example_mats/quad/p2/gauss-legendre-lobatto/m3.txt
Finished running in 0.03363333333333333ms
Generating and Compiling data/example_mats/quad/p2/gauss-legendre-lobatto/m6.txt
Running data/example_mats/quad/p2/gauss-legendre-lobatto/m6.txt
Finished running in 0.0327ms
Generating and Compiling data/example_mats/quad/p2/gauss-legendre-lobatto/m132.txt
Running data/example_mats/quad/p2/gauss-legendre-lobatto/m132.txt
Finished running in 0.04346666666666667ms
Generating and Compiling data/example_mats/quad/p2/gauss-legendre-lobatto/m460.txt
Running data/example_mats/quad/p2/gauss-legendre-lobatto/m460.txt
Finished running in 0.035800000000000005ms
Generating and Compiling data/example_mats/quad/p2/gauss-legendre/m0.txt
Running data/example_mats/quad/p2/gauss-legendre/m0.txt
Finished running in 0.024566666666666667ms
Generating and Compiling data/example_mats/quad/p2/gauss-legendre/m3.txt
Running data/example_mats/quad/p2/gauss-legendre/m3.txt
Finished running in 0.0336ms
Generating and Compiling data/example_mats/quad/p2/gauss-legendre/m6.txt
Running data/example_mats/quad/p2/gauss-legendre/m6.txt
Finished running in 0.03223333333333333ms
Generating and Compiling data/example_mats/quad/p2/gauss-legendre/m132.txt
Running data/example_mats/quad/p2/gauss-legendre/m132.txt
Finished running in 0.043533333333333334ms
Generating and Compiling data/example_mats/quad/p2/gauss-legendre/m460.txt
Running data/example_mats/quad/p2/gauss-legendre/m460.txt
Finished running in 0.0355ms
Generating and Compiling data/example_mats/quad/p3/gauss-legendre-lobatto/m0.txt
Running data/example_mats/quad/p3/gauss-legendre-lobatto/m0.txt
Finished running in 0.12033333333333333ms
Generating and Compiling data/example_mats/quad/p3/gauss-legendre-lobatto/m3.txt
Running data/example_mats/quad/p3/gauss-legendre-lobatto/m3.txt
Finished running in 0.05316666666666667ms
Generating and Compiling data/example_mats/quad/p3/gauss-legendre-lobatto/m6.txt
Running data/example_mats/quad/p3/gauss-legendre-lobatto/m6.txt
Finished running in 0.052566666666666664ms
Generating and Compiling data/example_mats/quad/p3/gauss-legendre-lobatto/m132.txt
Running data/example_mats/quad/p3/gauss-legendre-lobatto/m132.txt
Finished running in 0.1063ms
Generating and Compiling data/example_mats/quad/p3/gauss-legendre-lobatto/m460.txt
Running data/example_mats/quad/p3/gauss-legendre-lobatto/m460.txt
Finished running in 0.07176666666666667ms
Generating and Compiling data/example_mats/quad/p3/gauss-legendre/m0.txt
Running data/example_mats/quad/p3/gauss-legendre/m0.txt
Finished running in 0.0371ms
Generating and Compiling data/example_mats/quad/p3/gauss-legendre/m3.txt
Running data/example_mats/quad/p3/gauss-legendre/m3.txt
Finished running in 0.05326666666666667ms
Generating and Compiling data/example_mats/quad/p3/gauss-legendre/m6.txt
Running data/example_mats/quad/p3/gauss-legendre/m6.txt
Finished running in 0.052333333333333336ms
Generating and Compiling data/example_mats/quad/p3/gauss-legendre/m132.txt
Running data/example_mats/quad/p3/gauss-legendre/m132.txt
Finished running in 0.12153333333333333ms
Generating and Compiling data/example_mats/quad/p3/gauss-legendre/m460.txt
Running data/example_mats/quad/p3/gauss-legendre/m460.txt
Finished running in 0.06536666666666667ms
Generating and Compiling data/example_mats/quad/p4/gauss-legendre-lobatto/m0.txt
Running data/example_mats/quad/p4/gauss-legendre-lobatto/m0.txt
Finished running in 0.0356ms
Generating and Compiling data/example_mats/quad/p4/gauss-legendre-lobatto/m3.txt
Running data/example_mats/quad/p4/gauss-legendre-lobatto/m3.txt
Finished running in 0.07933333333333333ms
Generating and Compiling data/example_mats/quad/p4/gauss-legendre-lobatto/m6.txt
Running data/example_mats/quad/p4/gauss-legendre-lobatto/m6.txt
Finished running in 0.07363333333333334ms
Generating and Compiling data/example_mats/quad/p4/gauss-legendre-lobatto/m132.txt
Running data/example_mats/quad/p4/gauss-legendre-lobatto/m132.txt
Finished running in 0.18966666666666668ms
Generating and Compiling data/example_mats/quad/p4/gauss-legendre-lobatto/m460.txt
Running data/example_mats/quad/p4/gauss-legendre-lobatto/m460.txt
Finished running in 0.14883333333333332ms
Generating and Compiling data/example_mats/quad/p4/gauss-legendre/m0.txt
Running data/example_mats/quad/p4/gauss-legendre/m0.txt
Finished running in 0.05296666666666667ms
Generating and Compiling data/example_mats/quad/p4/gauss-legendre/m3.txt
Running data/example_mats/quad/p4/gauss-legendre/m3.txt
Finished running in 0.08020000000000001ms
Generating and Compiling data/example_mats/quad/p4/gauss-legendre/m6.txt
Running data/example_mats/quad/p4/gauss-legendre/m6.txt
Finished running in 0.07436666666666666ms
Generating and Compiling data/example_mats/quad/p4/gauss-legendre/m132.txt
Running data/example_mats/quad/p4/gauss-legendre/m132.txt
Finished running in 0.2022ms
Generating and Compiling data/example_mats/quad/p4/gauss-legendre/m460.txt
Running data/example_mats/quad/p4/gauss-legendre/m460.txt
Finished running in 0.12440000000000001ms
Generating and Compiling data/example_mats/quad/p5/gauss-legendre-lobatto/m0.txt
Running data/example_mats/quad/p5/gauss-legendre-lobatto/m0.txt
Finished running in 0.04253333333333333ms
Generating and Compiling data/example_mats/quad/p5/gauss-legendre-lobatto/m3.txt
Running data/example_mats/quad/p5/gauss-legendre-lobatto/m3.txt
Finished running in 0.1184ms
Generating and Compiling data/example_mats/quad/p5/gauss-legendre-lobatto/m6.txt
Running data/example_mats/quad/p5/gauss-legendre-lobatto/m6.txt
Finished running in 0.1031ms
Generating and Compiling data/example_mats/quad/p5/gauss-legendre-lobatto/m132.txt
Running LIBXSMM WARNING: timer is maybe not cycle-accurate!

LIBXSMM_VERSION: m1_amx-1.8.2-7555 (21011843)
APPL_M1/DP    TRY    JIT    STA    COL
   0..13      0      0      0      0 
  14..23      0      0      0      0 
  24..64      1      1      0      0 
Registry and code: 13 MB (gemm=1 nleaks=1)
Uptime: 0.017049 s
LIBXSMM WARNING: timer is maybe not cycle-accurate!

LIBXSMM_VERSION: m1_amx-1.8.2-7555 (21011843)
APPL_M1/DP    TRY    JIT    STA    COL
   0..13      0      0      0      0 
  14..23      0      0      0      0 
  24..64      1      1      0      0 
Registry and code: 13 MB (gemm=1 nleaks=1)
Uptime: 0.014147 s
LIBXSMM WARNING: timer is maybe not cycle-accurate!

LIBXSMM_VERSION: m1_amx-1.8.2-7555 (21011843)
APPL_M1/DP    TRY    JIT    STA    COL
   0..13      0      0      0      0 
  14..23      1      1      0      0 
  24..64      0      0      0      0 
Registry and code: 13 MB (gemm=1 nleaks=1)
Uptime: 0.006810 s
LIBXSMM WARNING: timer is maybe not cycle-accurate!

LIBXSMM_VERSION: m1_amx-1.8.2-7555 (21011843)
APPL_M1/DP    TRY    JIT    STA    COL
   0..13      0      0      0      0 
  14..23      1      1      0      0 
  24..64      0      0      0      0 
Registry and code: 13 MB (gemm=1 nleaks=1)
Uptime: 0.007759 s
LIBXSMM WARNING: timer is maybe not cycle-accurate!

LIBXSMM_VERSION: m1_amx-1.8.2-7555 (21011843)
APPL_M1/DP    TRY    JIT    STA    COL
   0..13      0      0      0      0 
  14..23      0      0      0      0 
  24..64      1      1      0      0 
Registry and code: 13 MB (gemm=1 nleaks=1)
Uptime: 0.008065 s
LIBXSMM WARNING: timer is maybe not cycle-accurate!

LIBXSMM_VERSION: m1_amx-1.8.2-7555 (21011843)
APPL_M1/DP    TRY    JIT    STA    COL
   0..13      0      0      0      0 
  14..23      0      0      0      0 
  24..64      1      1      0      0 
Registry and code: 13 MB (gemm=1 nleaks=1)
Uptime: 0.018167 s
LIBXSMM WARNING: timer is maybe not cycle-accurate!

LIBXSMM_VERSION: m1_amx-1.8.2-7555 (21011843)
APPL_M1/DP    TRY    JIT    STA    COL
   0..13      0      0      0      0 
  14..23      0      0      0      0 
  24..64      1      1      0      0 
Registry and code: 13 MB (gemm=1 nleaks=1)
Uptime: 0.012451 s
LIBXSMM WARNING: timer is maybe not cycle-accurate!

LIBXSMM_VERSION: m1_amx-1.8.2-7555 (21011843)
APPL_M1/DP    TRY    JIT    STA    COL
   0..13      0      0      0      0 
  14..23      1      1      0      0 
  24..64      0      0      0      0 
Registry and code: 13 MB (gemm=1 nleaks=1)
Uptime: 0.006676 s
LIBXSMM WARNING: timer is maybe not cycle-accurate!

LIBXSMM_VERSION: m1_amx-1.8.2-7555 (21011843)
APPL_M1/DP    TRY    JIT    STA    COL
   0..13      0      0      0      0 
  14..23      1      1      0      0 
  24..64      0      0      0      0 
Registry and code: 13 MB (gemm=1 nleaks=1)
Uptime: 0.009574 s
LIBXSMM WARNING: timer is maybe not cycle-accurate!

LIBXSMM_VERSION: m1_amx-1.8.2-7555 (21011843)
APPL_M1/DP    TRY    JIT    STA    COL
   0..13      0      0      0      0 
  14..23      0      0      0      0 
  24..64      1      1      0      0 
Registry and code: 13 MB (gemm=1 nleaks=1)
Uptime: 0.009979 s
LIBXSMM WARNING: timer is maybe not cycle-accurate!

LIBXSMM_VERSION: m1_amx-1.8.2-7555 (21011843)
APPL_M1/DP    TRY    JIT    STA    COL
   0..13      0      0      0      0 
  14..23      0      0      0      0 
  24..64      1      1      0      0 
Registry and code: 13 MB (gemm=1 nleaks=1)
Uptime: 0.025536 s
LIBXSMM WARNING: timer is maybe not cycle-accurate!

LIBXSMM_VERSION: m1_amx-1.8.2-7555 (21011843)
APPL_M1/DP    TRY    JIT    STA    COL
   0..13      0      0      0      0 
  14..23      0      0      0      0 
  24..64      1      1      0      0 
Registry and code: 13 MB (gemm=1 nleaks=1)
Uptime: 0.021766 s
LIBXSMM WARNING: timer is maybe not cycle-accurate!

LIBXSMM_VERSION: m1_amx-1.8.2-7555 (21011843)
APPL_M1/DP    TRY    JIT    STA    COL
   0..13      0      0      0      0 
  14..23      1      1      0      0 
  24..64      0      0      0      0 
Registry and code: 13 MB (gemm=1 nleaks=1)
Uptime: 0.008518 s
LIBXSMM WARNING: timer is maybe not cycle-accurate!

LIBXSMM_VERSION: m1_amx-1.8.2-7555 (21011843)
APPL_M1/DP    TRY    JIT    STA    COL
   0..13      0      0      0      0 
  14..23      1      1      0      0 
  24..64      0      0      0      0 
Registry and code: 13 MB (gemm=1 nleaks=1)
Uptime: 0.009724 s
LIBXSMM WARNING: timer is maybe not cycle-accurate!

LIBXSMM_VERSION: m1_amx-1.8.2-7555 (21011843)
APPL_M1/DP    TRY    JIT    STA    COL
   0..13      0      0      0      0 
  14..23      0      0      0      0 
  24..64      1      1      0      0 
Registry and code: 13 MB (gemm=1 nleaks=1)
Uptime: 0.010141 s
LIBXSMM WARNING: timer is maybe not cycle-accurate!

LIBXSMM_VERSION: m1_amx-1.8.2-7555 (21011843)
APPL_M1/DP    TRY    JIT    STA    COL
   0..13      0      0      0      0 
  14..23      0      0      0      0 
  24..64      1      1      0      0 
Registry and code: 13 MB (gemm=1 nleaks=1)
Uptime: 0.027566 s
LIBXSMM WARNING: timer is maybe not cycle-accurate!

LIBXSMM_VERSION: m1_amx-1.8.2-7555 (21011843)
APPL_M1/DP    TRY    JIT    STA    COL
   0..13      0      0      0      0 
  14..23      0      0      0      0 
  24..64      1      1      0      0 
Registry and code: 13 MB (gemm=1 nleaks=1)
Uptime: 0.018380 s
LIBXSMM WARNING: timer is maybe not cycle-accurate!

LIBXSMM_VERSION: m1_amx-1.8.2-7555 (21011843)
APPL_M1/DP    TRY    JIT    STA    COL
   0..13      1      1      0      0 
  14..23      0      0      0      0 
  24..64      0      0      0      0 
Registry and code: 13 MB (gemm=1 nleaks=1)
Uptime: 0.005352 s
LIBXSMM WARNING: timer is maybe not cycle-accurate!

LIBXSMM_VERSION: m1_amx-1.8.2-7555 (21011843)
APPL_M1/DP    TRY    JIT    STA    COL
   0..13      1      1      0      0 
  14..23      0      0      0      0 
  24..64      0      0      0      0 
Registry and code: 13 MB (gemm=1 nleaks=1)
Uptime: 0.003387 s
LIBXSMM WARNING: timer is maybe not cycle-accurate!

LIBXSMM_VERSION: m1_amx-1.8.2-7555 (21011843)
APPL_M1/DP    TRY    JIT    STA    COL
   0..13      1      1      0      0 
  14..23      0      0      0      0 
  24..64      0      0      0      0 
Registry and code: 13 MB (gemm=1 nleaks=1)
Uptime: 0.004249 s
LIBXSMM WARNING: timer is maybe not cycle-accurate!

LIBXSMM_VERSION: m1_amx-1.8.2-7555 (21011843)
APPL_M1/DP    TRY    JIT    STA    COL
   0..13      1      1      0      0 
  14..23      0      0      0      0 
  24..64      0      0      0      0 
Registry and code: 13 MB (gemm=1 nleaks=1)
Uptime: 0.003740 s
LIBXSMM WARNING: timer is maybe not cycle-accurate!

LIBXSMM_VERSION: m1_amx-1.8.2-7555 (21011843)
APPL_M1/DP    TRY    JIT    STA    COL
   0..13      1      1      0      0 
  14..23      0      0      0      0 
  24..64      0      0      0      0 
Registry and code: 13 MB (gemm=1 nleaks=1)
Uptime: 0.003061 s
LIBXSMM WARNING: timer is maybe not cycle-accurate!

LIBXSMM_VERSION: m1_amx-1.8.2-7555 (21011843)
APPL_M1/DP    TRY    JIT    STA    COL
   0..13      1      1      0      0 
  14..23      0      0      0      0 
  24..64      0      0      0      0 
Registry and code: 13 MB (gemm=1 nleaks=1)
Uptime: 0.006620 s
LIBXSMM WARNING: timer is maybe not cycle-accurate!

LIBXSMM_VERSION: m1_amx-1.8.2-7555 (21011843)
APPL_M1/DP    TRY    JIT    STA    COL
   0..13      1      1      0      0 
  14..23      0      0      0      0 
  24..64      0      0      0      0 
Registry and code: 13 MB (gemm=1 nleaks=1)
Uptime: 0.007130 s
LIBXSMM WARNING: timer is maybe not cycle-accurate!

LIBXSMM_VERSION: m1_amx-1.8.2-7555 (21011843)
APPL_M1/DP    TRY    JIT    STA    COL
   0..13      0      0      0      0 
  14..23      1      1      0      0 
  24..64      0      0      0      0 
Registry and code: 13 MB (gemm=1 nleaks=1)
Uptime: 0.009168 s
LIBXSMM WARNING: timer is maybe not cycle-accurate!

LIBXSMM_VERSION: m1_amx-1.8.2-7555 (21011843)
APPL_M1/DP    TRY    JIT    STA    COL
   0..13      0      0      0      0 
  14..23      1      1      0      0 
  24..64      0      0      0      0 
Registry and code: 13 MB (gemm=1 nleaks=1)
Uptime: 0.008010 s
LIBXSMM WARNING: timer is maybe not cycle-accurate!

LIBXSMM_VERSION: m1_amx-1.8.2-7555 (21011843)
APPL_M1/DP    TRY    JIT    STA    COL
   0..13      0      0      0      0 
  14..23      1      1      0      0 
  24..64      0      0      0      0 
Registry and code: 13 MB (gemm=1 nleaks=1)
Uptime: 0.006724 s
LIBXSMM WARNING: timer is maybe not cycle-accurate!

LIBXSMM_VERSION: m1_amx-1.8.2-7555 (21011843)
APPL_M1/DP    TRY    JIT    STA    COL
   0..13      0      0      0      0 
  14..23      1      1      0      0 
  24..64      0      0      0      0 
Registry and code: 13 MB (gemm=1 nleaks=1)
Uptime: 0.015124 s
LIBXSMM WARNING: timer is maybe not cycle-accurate!

LIBXSMM_VERSION: m1_amx-1.8.2-7555 (21011843)
APPL_M1/DP    TRY    JIT    STA    COL
   0..13      0      0      0      0 
  14..23      1      1      0      0 
  24..64      0      0      0      0 
Registry and code: 13 MB (gemm=1 nleaks=1)
Uptime: 0.016781 s
LIBXSMM WARNING: timer is maybe not cycle-accurate!

LIBXSMM_VERSION: m1_amx-1.8.2-7555 (21011843)
APPL_M1/DP    TRY    JIT    STA    COL
   0..13      0      0      0      0 
  14..23      0      0      0      0 
  24..64      1      1      0      0 
Registry and code: 13 MB (gemm=1 nleaks=1)
Uptime: 0.032089 s
LIBXSMM WARNING: timer is maybe not cycle-accurate!

LIBXSMM_VERSION: m1_amx-1.8.2-7555 (21011843)
APPL_M1/DP    TRY    JIT    STA    COL
   0..13      0      0      0      0 
  14..23      1      1      0      0 
  24..64      0      0      0      0 
Registry and code: 13 MB (gemm=1 nleaks=1)
Uptime: 0.025530 s
LIBXSMM WARNING: timer is maybe not cycle-accurate!

LIBXSMM_VERSION: m1_amx-1.8.2-7555 (21011843)
APPL_M1/DP    TRY    JIT    STA    COL
   0..13      0      0      0      0 
  14..23      1      1      0      0 
  24..64      0      0      0      0 
Registry and code: 13 MB (gemm=1 nleaks=1)
Uptime: 0.031190 s
LIBXSMM WARNING: timer is maybe not cycle-accurate!

LIBXSMM_VERSION: m1_amx-1.8.2-7555 (21011843)
APPL_M1/DP    TRY    JIT    STA    COL
   0..13      0      0      0      0 
  14..23      0      0      0      0 
  24..64      1      1      0      0 
Registry and code: 13 MB (gemm=1 nleaks=1)
Uptime: 0.049187 s
LIBXSMM WARNING: timer is maybe not cycle-accurate!

LIBXSMM_VERSION: m1_amx-1.8.2-7555 (21011843)
APPL_M1/DP    TRY    JIT    STA    COL
   0..13      0      0      0      0 
  14..23      0      0      0      0 
  24..64      1      1      0      0 
Registry and code: 13 MB (gemm=1 nleaks=1)
Uptime: 0.044757 s
LIBXSMM WARNING: timer is maybe not cycle-accurate!

LIBXSMM_VERSION: m1_amx-1.8.2-7555 (21011843)
APPL_M1/DP    TRY    JIT    STA    COL
   0..13      0      0      0      0 
  14..23      0      0      0      0 
  24..64      1      1      0      0 
Registry and code: 13 MB (gemm=1 nleaks=1)
Uptime: 0.074560 s
LIBXSMM WARNING: timer is maybe not cycle-accurate!

LIBXSMM_VERSION: m1_amx-1.8.2-7555 (21011843)
APPL_M1/DP    TRY    JIT    STA    COL
   0..13      0      0      0      0 
  14..23      0      0      0      0 
  24..64      1      1      0      0 
Registry and code: 13 MB (gemm=1 nleaks=1)
Uptime: 0.100116 s
LIBXSMM WARNING: timer is maybe not cycle-accurate!

LIBXSMM_VERSION: m1_amx-1.8.2-7555 (21011843)
APPL_M1/DP    TRY    JIT    STA    COL
   0..13      0      0      0      0 
  14..23      0      0      0      0 
  24..64      1      1      0      0 
Registry and code: 13 MB (gemm=1 nleaks=1)
Uptime: 0.147352 s
LIBXSMM WARNING: timer is maybe not cycle-accurate!

LIBXSMM_VERSION: m1_amx-1.8.2-7555 (21011843)
APPL_M1/DP    TRY    JIT    STA    COL
   0..13      0      0      0      0 
  14..23      0      0      0      0 
  24..64      1      1      0      0 
Registry and code: 13 MB (gemm=1 nleaks=1)
Uptime: 0.151460 s
LIBXSMM WARNING: timer is maybe not cycle-accurate!

LIBXSMM_VERSION: m1_amx-1.8.2-7555 (21011843)
APPL_M1/DP    TRY    JIT    STA    COL
   0..13      0      0      0      0 
  14..23      0      0      0      0 
  24..64      1      1      0      0 
Registry and code: 13 MB (gemm=1 nleaks=1)
Uptime: 0.108801 s
LIBXSMM WARNING: timer is maybe not cycle-accurate!

LIBXSMM_VERSION: m1_amx-1.8.2-7555 (21011843)
APPL_M1/DP    TRY    JIT    STA    COL
   0..13      0      0      0      0 
  14..23      0      0      0      0 
  24..64      1      1      0      0 
Registry and code: 13 MB (gemm=1 nleaks=1)
Uptime: 0.268835 s
LIBXSMM WARNING: timer is maybe not cycle-accurate!
LIBXSMM ERROR (libxsmm_aarch64_instruction_add_data): code generation ran out of buffer capacity (error #90002)!

LIBXSMM_VERSION: m1_amx-1.8.2-7555 (21011843)
APPL_M1/DP    TRY    JIT    STA    COL
   0..13      0      0      0      0 
  14..23      0      0      0      0 
  24..64      1      1      0      0 
Registry and code: 13 MB (gemm=1 nleaks=1)
Uptime: 0.241112 s
LIBXSMM WARNING: timer is maybe not cycle-accurate!
LIBXSMM ERROR (libxsmm_aarch64_instruction_add_data): code generation ran out of buffer capacity (error #90002)!

LIBXSMM_VERSION: m1_amx-1.8.2-7555 (21011843)
APPL_M1/DP    TRY    JIT    STA    COL
   0..13      0      0      0      0 
  14..23      0      0      0      0 
  24..64      1      1      0      0 
Registry and code: 13 MB (gemm=1 nleaks=1)
Uptime: 0.399406 s
LIBXSMM WARNING: timer is maybe not cycle-accurate!
LIBXSMM ERROR (libxsmm_aarch64_instruction_add_data): code generation ran out of buffer capacity (error #90002)!

LIBXSMM_VERSION: m1_amx-1.8.2-7555 (21011843)
APPL_M1/DP    TRY    JIT    STA    COL
   0..13      0      0      0      0 
  14..23      0      0      0      0 
  24..64      1      1      0      0 
Registry and code: 13 MB (gemm=1 nleaks=1)
Uptime: 0.539065 s
LIBXSMM WARNING: timer is maybe not cycle-accurate!
LIBXSMM ERROR (libxsmm_aarch64_instruction_add_data): code generation ran out of buffer capacity (error #90002)!

LIBXSMM_VERSION: m1_amx-1.8.2-7555 (21011843)
APPL_M1/DP    TRY    JIT    STA    COL
   0..13      0      0      0      0 
  14..23      0      0      0      0 
  24..64      1      1      0      0 
Registry and code: 13 MB (gemm=1 nleaks=1)
Uptime: 0.233792 s
LIBXSMM WARNING: timer is maybe not cycle-accurate!
LIBXSMM ERROR (libxsmm_aarch64_instruction_add_data): code generation ran out of buffer capacity (error #90002)!

LIBXSMM_VERSION: m1_amx-1.8.2-7555 (21011843)
APPL_M1/DP    TRY    JIT    STA    COL
   0..13      0      0      0      0 
  14..23      0      0      0      0 
  24..64      1      1      0      0 
Registry and code: 13 MB (gemm=1 nleaks=1)
Uptime: 0.693212 s
LIBXSMM WARNING: timer is maybe not cycle-accurate!
LIBXSMM ERROR (libxsmm_generator_spgemm_csr_asparse_reg_aarch64_neon): for sparse-A in reg: too many values in A (error #90036)!

LIBXSMM_VERSION: m1_amx-1.8.2-7555 (21011843)
APPL_M1/DP    TRY    JIT    STA    COL
   0..13      0      0      0      0 
  14..23      0      0      0      0 
  24..64      1      1      0      0 
Registry and code: 13 MB (gemm=1 nleaks=1)
Uptime: 0.472667 s
LIBXSMM WARNING: timer is maybe not cycle-accurate!
LIBXSMM ERROR (libxsmm_generator_spgemm_csr_asparse_reg_aarch64_neon): for sparse-A in reg: too many values in A (error #90036)!

LIBXSMM_VERSION: m1_amx-1.8.2-7555 (21011843)
APPL_M1/DP    TRY    JIT    STA    COL
   0..13      0      0      0      0 
  14..23      0      0      0      0 
  24..64      1      1      0      0 
Registry and code: 13 MB (gemm=1 nleaks=1)
Uptime: 0.443628 s
LIBXSMM WARNING: timer is maybe not cycle-accurate!

LIBXSMM_VERSION: m1_amx-1.8.2-7555 (21011843)
APPL_M1/DP    TRY    JIT    STA    COL
   0..13      1      1      0      0 
  14..23      0      0      0      0 
  24..64      0      0      0      0 
Registry and code: 13 MB (gemm=1 nleaks=1)
Uptime: 0.002820 s
LIBXSMM WARNING: timer is maybe not cycle-accurate!

LIBXSMM_VERSION: m1_amx-1.8.2-7555 (21011843)
APPL_M1/DP    TRY    JIT    STA    COL
   0..13      1      1      0      0 
  14..23      0      0      0      0 
  24..64      0      0      0      0 
Registry and code: 13 MB (gemm=1 nleaks=1)
Uptime: 0.002943 s
LIBXSMM WARNING: timer is maybe not cycle-accurate!

LIBXSMM_VERSION: m1_amx-1.8.2-7555 (21011843)
APPL_M1/DP    TRY    JIT    STA    COL
   0..13      1      1      0      0 
  14..23      0      0      0      0 
  24..64      0      0      0      0 
Registry and code: 13 MB (gemm=1 nleaks=1)
Uptime: 0.003151 s
data/example_mats/quad/p5/gauss-legendre-lobatto/m132.txt
Finished running in 0.31893333333333335ms
Generating and Compiling data/example_mats/quad/p5/gauss-legendre-lobatto/m460.txt
Running data/example_mats/quad/p5/gauss-legendre-lobatto/m460.txt
Finished running in 0.26293333333333335ms
Generating and Compiling data/example_mats/quad/p5/gauss-legendre/m0.txt
Running data/example_mats/quad/p5/gauss-legendre/m0.txt
Finished running in 0.0789ms
Generating and Compiling data/example_mats/quad/p5/gauss-legendre/m3.txt
Running data/example_mats/quad/p5/gauss-legendre/m3.txt
Finished running in 0.11800000000000001ms
Generating and Compiling data/example_mats/quad/p5/gauss-legendre/m6.txt
Running data/example_mats/quad/p5/gauss-legendre/m6.txt
Finished running in 0.1024ms
Generating and Compiling data/example_mats/quad/p5/gauss-legendre/m132.txt
Running data/example_mats/quad/p5/gauss-legendre/m132.txt
Finished running in 0.35273333333333334ms
Generating and Compiling data/example_mats/quad/p5/gauss-legendre/m460.txt
Running data/example_mats/quad/p5/gauss-legendre/m460.txt
Finished running in 0.20763333333333334ms
Generating and Compiling data/example_mats/quad/p6/gauss-legendre-lobatto/m0.txt
Running data/example_mats/quad/p6/gauss-legendre-lobatto/m0.txt
Finished running in 0.05056666666666666ms
Generating and Compiling data/example_mats/quad/p6/gauss-legendre-lobatto/m3.txt
Running data/example_mats/quad/p6/gauss-legendre-lobatto/m3.txt
Finished running in 0.15616666666666665ms
Generating and Compiling data/example_mats/quad/p6/gauss-legendre-lobatto/m6.txt
Running data/example_mats/quad/p6/gauss-legendre-lobatto/m6.txt
Finished running in 0.14086666666666667ms
Generating and Compiling data/example_mats/quad/p6/gauss-legendre-lobatto/m132.txt
Running data/example_mats/quad/p6/gauss-legendre-lobatto/m132.txt
Finished running in 0.49943333333333334ms
Generating and Compiling data/example_mats/quad/p6/gauss-legendre-lobatto/m460.txt
Running data/example_mats/quad/p6/gauss-legendre-lobatto/m460.txt
Finished running in 0.41846666666666665ms
Generating and Compiling data/example_mats/quad/p6/gauss-legendre/m0.txt
Running data/example_mats/quad/p6/gauss-legendre/m0.txt
Finished running in 0.10376666666666666ms
Generating and Compiling data/example_mats/quad/p6/gauss-legendre/m3.txt
Running data/example_mats/quad/p6/gauss-legendre/m3.txt
Finished running in 0.15516666666666667ms
Generating and Compiling data/example_mats/quad/p6/gauss-legendre/m6.txt
Running data/example_mats/quad/p6/gauss-legendre/m6.txt
Finished running in 0.14020000000000002ms
Generating and Compiling data/example_mats/quad/p6/gauss-legendre/m132.txt
Running data/example_mats/quad/p6/gauss-legendre/m132.txt
Finished running in 0.5529ms
Generating and Compiling data/example_mats/quad/p6/gauss-legendre/m460.txt
Running data/example_mats/quad/p6/gauss-legendre/m460.txt
Finished running in 0.3188333333333333ms
Generating and Compiling data/example_mats/tet/p1/shunn-ham/m0.txt
Running data/example_mats/tet/p1/shunn-ham/m0.txt
Finished running in 0.08896666666666667ms
Generating and Compiling data/example_mats/tet/p1/shunn-ham/m3.txt
Running data/example_mats/tet/p1/shunn-ham/m3.txt
Finished running in 0.02246666666666667ms
Generating and Compiling data/example_mats/tet/p1/shunn-ham/m6.txt
Running data/example_mats/tet/p1/shunn-ham/m6.txt
Finished running in 0.03643333333333333ms
Generating and Compiling data/example_mats/tet/p1/shunn-ham/m132.txt
Running data/example_mats/tet/p1/shunn-ham/m132.txt
Finished running in 0.0253ms
Generating and Compiling data/example_mats/tet/p1/shunn-ham/m460.txt
Running data/example_mats/tet/p1/shunn-ham/m460.txt
Finished running in 0.015333333333333334ms
Generating and Compiling data/example_mats/tet/p2/shunn-ham/m0.txt
Running data/example_mats/tet/p2/shunn-ham/m0.txt
Finished running in 0.10373333333333333ms
Generating and Compiling data/example_mats/tet/p2/shunn-ham/m3.txt
Running data/example_mats/tet/p2/shunn-ham/m3.txt
Finished running in 0.10816666666666667ms
Generating and Compiling data/example_mats/tet/p2/shunn-ham/m6.txt
Running data/example_mats/tet/p2/shunn-ham/m6.txt
Finished running in 0.16529999999999997ms
Generating and Compiling data/example_mats/tet/p2/shunn-ham/m132.txt
Running data/example_mats/tet/p2/shunn-ham/m132.txt
Finished running in 0.13276666666666667ms
Generating and Compiling data/example_mats/tet/p2/shunn-ham/m460.txt
Running data/example_mats/tet/p2/shunn-ham/m460.txt
Finished running in 0.1133ms
Generating and Compiling data/example_mats/tet/p3/shunn-ham/m0.txt
Running data/example_mats/tet/p3/shunn-ham/m0.txt
Finished running in 0.3481666666666667ms
Generating and Compiling data/example_mats/tet/p3/shunn-ham/m3.txt
Running data/example_mats/tet/p3/shunn-ham/m3.txt
Finished running in 0.3359ms
Generating and Compiling data/example_mats/tet/p3/shunn-ham/m6.txt
Running data/example_mats/tet/p3/shunn-ham/m6.txt
Finished running in 0.8169000000000001ms
Generating and Compiling data/example_mats/tet/p3/shunn-ham/m132.txt
Running data/example_mats/tet/p3/shunn-ham/m132.txt
Finished running in 0.4927ms
Generating and Compiling data/example_mats/tet/p3/shunn-ham/m460.txt
Running data/example_mats/tet/p3/shunn-ham/m460.txt
Finished running in 0.5240666666666667ms
Generating and Compiling data/example_mats/tet/p4/shunn-ham/m0.txt
Running data/example_mats/tet/p4/shunn-ham/m0.txt
Finished running in 0.8811666666666667ms
Generating and Compiling data/example_mats/tet/p4/shunn-ham/m3.txt
Running data/example_mats/tet/p4/shunn-ham/m3.txt
Finished running in 0.8711333333333333ms
Generating and Compiling data/example_mats/tet/p4/shunn-ham/m6.txt
Running data/example_mats/tet/p4/shunn-ham/m6.txt
Finished running in 1.3981333333333335ms
Generating and Compiling data/example_mats/tet/p4/shunn-ham/m132.txt
Running data/example_mats/tet/p4/shunn-ham/m132.txt
Finished running in 1.5432666666666668ms
Generating and Compiling data/example_mats/tet/p4/shunn-ham/m460.txt
Running data/example_mats/tet/p4/shunn-ham/m460.txt
Finished running in 1.5576666666666665ms
Generating and Compiling data/example_mats/tet/p5/shunn-ham/m0.txt
Running data/example_mats/tet/p5/shunn-ham/m0.txt
Finished running in 1.9469666666666667ms
Generating and Compiling data/example_mats/tet/p5/shunn-ham/m3.txt
Running data/example_mats/tet/p5/shunn-ham/m3.txt
Finished running in 1.9771333333333334ms
Generating and Compiling data/example_mats/tet/p5/shunn-ham/m6.txt
Running data/example_mats/tet/p5/shunn-ham/m6.txt
Finished running in 3.146ms
Generating and Compiling data/example_mats/tet/p5/shunn-ham/m132.txt
Running data/example_mats/tet/p5/shunn-ham/m132.txt
Finished running in 4.080166666666667ms
Generating and Compiling data/example_mats/tet/p5/shunn-ham/m460.txt
Running data/example_mats/tet/p5/shunn-ham/m460.txt
Finished running in 3.9874333333333336ms
Generating and Compiling data/example_mats/tet/p6/shunn-ham/m0.txt
Running data/example_mats/tet/p6/shunn-ham/m0.txt
Finished running in 3.8982666666666663ms
Generating and Compiling data/example_mats/tet/p6/shunn-ham/m3.txt
Running data/example_mats/tet/p6/shunn-ham/m3.txt
Finished running in 3.8176ms
Generating and Compiling data/example_mats/tet/p6/shunn-ham/m6.txt
Running data/example_mats/tet/p6/shunn-ham/m6.txt
Finished running in 13.093066666666665ms
Generating and Compiling data/example_mats/tet/p6/shunn-ham/m132.txt
Running data/example_mats/tet/p6/shunn-ham/m132.txt
Finished running in 11.659266666666667ms
Generating and Compiling data/example_mats/tet/p6/shunn-ham/m460.txt
Running data/example_mats/tet/p6/shunn-ham/m460.txt
Finished running in 9.975133333333334ms
Generating and Compiling data/example_mats/tri/p1/williams-shunn/m0.txt
Running data/example_mats/tri/p1/williams-shunn/m0.txt
Finished running in 0.013033333333333334ms
Generating and Compiling data/example_mats/tri/p1/williams-shunn/m3.txt
Running data/example_mats/tri/p1/williams-shunn/m3.txt
Finished running in 0.012133333333333333ms
Generating and Compiling data/example_mats/tri/p1/williams-shunn/m6.txt
Running data/example_mats/tri/p1/williams-shunn/m6.txt
Finished running in 0.015799999999999998ms
Generating and Compiling LIBXSMM WARNING: timer is maybe not cycle-accurate!

LIBXSMM_VERSION: m1_amx-1.8.2-7555 (21011843)
APPL_M1/DP    TRY    JIT    STA    COL
   0..13      1      1      0      0 
  14..23      0      0      0      0 
  24..64      0      0      0      0 
Registry and code: 13 MB (gemm=1 nleaks=1)
Uptime: 0.002807 s
LIBXSMM WARNING: timer is maybe not cycle-accurate!

LIBXSMM_VERSION: m1_amx-1.8.2-7555 (21011843)
APPL_M1/DP    TRY    JIT    STA    COL
   0..13      1      1      0      0 
  14..23      0      0      0      0 
  24..64      0      0      0      0 
Registry and code: 13 MB (gemm=1 nleaks=1)
Uptime: 0.002347 s
LIBXSMM WARNING: timer is maybe not cycle-accurate!

LIBXSMM_VERSION: m1_amx-1.8.2-7555 (21011843)
APPL_M1/DP    TRY    JIT    STA    COL
   0..13      1      1      0      0 
  14..23      0      0      0      0 
  24..64      0      0      0      0 
Registry and code: 13 MB (gemm=1 nleaks=1)
Uptime: 0.003011 s
LIBXSMM WARNING: timer is maybe not cycle-accurate!

LIBXSMM_VERSION: m1_amx-1.8.2-7555 (21011843)
APPL_M1/DP    TRY    JIT    STA    COL
   0..13      1      1      0      0 
  14..23      0      0      0      0 
  24..64      0      0      0      0 
Registry and code: 13 MB (gemm=1 nleaks=1)
Uptime: 0.003542 s
LIBXSMM WARNING: timer is maybe not cycle-accurate!

LIBXSMM_VERSION: m1_amx-1.8.2-7555 (21011843)
APPL_M1/DP    TRY    JIT    STA    COL
   0..13      1      1      0      0 
  14..23      0      0      0      0 
  24..64      0      0      0      0 
Registry and code: 13 MB (gemm=1 nleaks=1)
Uptime: 0.003875 s
LIBXSMM WARNING: timer is maybe not cycle-accurate!

LIBXSMM_VERSION: m1_amx-1.8.2-7555 (21011843)
APPL_M1/DP    TRY    JIT    STA    COL
   0..13      1      1      0      0 
  14..23      0      0      0      0 
  24..64      0      0      0      0 
Registry and code: 13 MB (gemm=1 nleaks=1)
Uptime: 0.003840 s
LIBXSMM WARNING: timer is maybe not cycle-accurate!

LIBXSMM_VERSION: m1_amx-1.8.2-7555 (21011843)
APPL_M1/DP    TRY    JIT    STA    COL
   0..13      1      1      0      0 
  14..23      0      0      0      0 
  24..64      0      0      0      0 
Registry and code: 13 MB (gemm=1 nleaks=1)
Uptime: 0.003807 s
LIBXSMM WARNING: timer is maybe not cycle-accurate!

LIBXSMM_VERSION: m1_amx-1.8.2-7555 (21011843)
APPL_M1/DP    TRY    JIT    STA    COL
   0..13      1      1      0      0 
  14..23      0      0      0      0 
  24..64      0      0      0      0 
Registry and code: 13 MB (gemm=1 nleaks=1)
Uptime: 0.004814 s
LIBXSMM WARNING: timer is maybe not cycle-accurate!

LIBXSMM_VERSION: m1_amx-1.8.2-7555 (21011843)
APPL_M1/DP    TRY    JIT    STA    COL
   0..13      1      1      0      0 
  14..23      0      0      0      0 
  24..64      0      0      0      0 
Registry and code: 13 MB (gemm=1 nleaks=1)
Uptime: 0.005100 s
LIBXSMM WARNING: timer is maybe not cycle-accurate!

LIBXSMM_VERSION: m1_amx-1.8.2-7555 (21011843)
APPL_M1/DP    TRY    JIT    STA    COL
   0..13      1      1      0      0 
  14..23      0      0      0      0 
  24..64      0      0      0      0 
Registry and code: 13 MB (gemm=1 nleaks=1)
Uptime: 0.005344 s
LIBXSMM WARNING: timer is maybe not cycle-accurate!

LIBXSMM_VERSION: m1_amx-1.8.2-7555 (21011843)
APPL_M1/DP    TRY    JIT    STA    COL
   0..13      1      1      0      0 
  14..23      0      0      0      0 
  24..64      0      0      0      0 
Registry and code: 13 MB (gemm=1 nleaks=1)
Uptime: 0.006739 s
LIBXSMM WARNING: timer is maybe not cycle-accurate!

LIBXSMM_VERSION: m1_amx-1.8.2-7555 (21011843)
APPL_M1/DP    TRY    JIT    STA    COL
   0..13      1      1      0      0 
  14..23      0      0      0      0 
  24..64      0      0      0      0 
Registry and code: 13 MB (gemm=1 nleaks=1)
Uptime: 0.006313 s
LIBXSMM WARNING: timer is maybe not cycle-accurate!

LIBXSMM_VERSION: m1_amx-1.8.2-7555 (21011843)
APPL_M1/DP    TRY    JIT    STA    COL
   0..13      1      1      0      0 
  14..23      0      0      0      0 
  24..64      0      0      0      0 
Registry and code: 13 MB (gemm=1 nleaks=1)
Uptime: 0.006739 s
LIBXSMM WARNING: timer is maybe not cycle-accurate!

LIBXSMM_VERSION: m1_amx-1.8.2-7555 (21011843)
APPL_M1/DP    TRY    JIT    STA    COL
   0..13      1      1      0      0 
  14..23      0      0      0      0 
  24..64      0      0      0      0 
Registry and code: 13 MB (gemm=1 nleaks=1)
Uptime: 0.007429 s
LIBXSMM WARNING: timer is maybe not cycle-accurate!

LIBXSMM_VERSION: m1_amx-1.8.2-7555 (21011843)
APPL_M1/DP    TRY    JIT    STA    COL
   0..13      0      0      0      0 
  14..23      1      1      0      0 
  24..64      0      0      0      0 
Registry and code: 13 MB (gemm=1 nleaks=1)
Uptime: 0.008793 s
LIBXSMM WARNING: timer is maybe not cycle-accurate!

LIBXSMM_VERSION: m1_amx-1.8.2-7555 (21011843)
APPL_M1/DP    TRY    JIT    STA    COL
   0..13      0      0      0      0 
  14..23      1      1      0      0 
  24..64      0      0      0      0 
Registry and code: 13 MB (gemm=1 nleaks=1)
Uptime: 0.012734 s
LIBXSMM WARNING: timer is maybe not cycle-accurate!

LIBXSMM_VERSION: m1_amx-1.8.2-7555 (21011843)
APPL_M1/DP    TRY    JIT    STA    COL
   0..13      0      0      0      0 
  14..23      1      1      0      0 
  24..64      0      0      0      0 
Registry and code: 13 MB (gemm=1 nleaks=1)
Uptime: 0.013334 s
LIBXSMM WARNING: timer is maybe not cycle-accurate!

LIBXSMM_VERSION: m1_amx-1.8.2-7555 (21011843)
APPL_M1/DP    TRY    JIT    STA    COL
   0..13      0      0      0      0 
  14..23      1      1      0      0 
  24..64      0      0      0      0 
Registry and code: 13 MB (gemm=1 nleaks=1)
Uptime: 0.011230 s
LIBXSMM WARNING: timer is maybe not cycle-accurate!

LIBXSMM_VERSION: m1_amx-1.8.2-7555 (21011843)
APPL_M1/DP    TRY    JIT    STA    COL
   0..13      0      0      0      0 
  14..23      1      1      0      0 
  24..64      0      0      0      0 
Registry and code: 13 MB (gemm=1 nleaks=1)
Uptime: 0.009974 s
LIBXSMM WARNING: timer is maybe not cycle-accurate!

LIBXSMM_VERSION: m1_amx-1.8.2-7555 (21011843)
APPL_M1/DP    TRY    JIT    STA    COL
   0..13      0      0      0      0 
  14..23      1      1      0      0 
  24..64      0      0      0      0 
Registry and code: 13 MB (gemm=1 nleaks=1)
Uptime: 0.012844 s
LIBXSMM WARNING: timer is maybe not cycle-accurate!

LIBXSMM_VERSION: m1_amx-1.8.2-7555 (21011843)
APPL_M1/DP    TRY    JIT    STA    COL
   0..13      0      0      0      0 
  14..23      1      1      0      0 
  24..64      0      0      0      0 
Registry and code: 13 MB (gemm=1 nleaks=1)
Uptime: 0.024945 s
LIBXSMM WARNING: timer is maybe not cycle-accurate!

LIBXSMM_VERSION: m1_amx-1.8.2-7555 (21011843)
APPL_M1/DP    TRY    JIT    STA    COL
   0..13      0      0      0      0 
  14..23      1      1      0      0 
  24..64      0      0      0      0 
Registry and code: 13 MB (gemm=1 nleaks=1)
Uptime: 0.030067 s
LIBXSMM WARNING: timer is maybe not cycle-accurate!

LIBXSMM_VERSION: m1_amx-1.8.2-7555 (21011843)
APPL_M1/DP    TRY    JIT    STA    COL
   0..13      0      0      0      0 
  14..23      1      1      0      0 
  24..64      0      0      0      0 
Registry and code: 13 MB (gemm=1 nleaks=1)
Uptime: 0.018179 s
LIBXSMM WARNING: timer is maybe not cycle-accurate!

LIBXSMM_VERSION: m1_amx-1.8.2-7555 (21011843)
APPL_M1/DP    TRY    JIT    STA    COL
   0..13      0      0      0      0 
  14..23      1      1      0      0 
  24..64      0      0      0      0 
Registry and code: 13 MB (gemm=1 nleaks=1)
Uptime: 0.014654 s
LIBXSMM WARNING: timer is maybe not cycle-accurate!

LIBXSMM_VERSION: m1_amx-1.8.2-7555 (21011843)
APPL_M1/DP    TRY    JIT    STA    COL
   0..13      0      0      0      0 
  14..23      1      1      0      0 
  24..64      0      0      0      0 
Registry and code: 13 MB (gemm=1 nleaks=1)
Uptime: 0.020793 s
LIBXSMM WARNING: timer is maybe not cycle-accurate!

LIBXSMM_VERSION: m1_amx-1.8.2-7555 (21011843)
APPL_M1/DP    TRY    JIT    STA    COL
   0..13      0      0      0      0 
  14..23      0      0      0      0 
  24..64      1      1      0      0 
Registry and code: 13 MB (gemm=1 nleaks=1)
Uptime: 0.047790 s
LIBXSMM WARNING: timer is maybe not cycle-accurate!

LIBXSMM_VERSION: m1_amx-1.8.2-7555 (21011843)
APPL_M1/DP    TRY    JIT    STA    COL
   0..13      0      0      0      0 
  14..23      0      0      0      0 
  24..64      1      1      0      0 
Registry and code: 13 MB (gemm=1 nleaks=1)
Uptime: 0.079459 s
data/example_mats/tri/p1/williams-shunn/m132.txt
Running data/example_mats/tri/p1/williams-shunn/m132.txt
Finished running in 0.014333333333333333ms
Generating and Compiling data/example_mats/tri/p1/williams-shunn/m460.txt
Running data/example_mats/tri/p1/williams-shunn/m460.txt
Finished running in 0.010733333333333334ms
Generating and Compiling data/example_mats/tri/p2/williams-shunn/m0.txt
Running data/example_mats/tri/p2/williams-shunn/m0.txt
Finished running in 0.0277ms
Generating and Compiling data/example_mats/tri/p2/williams-shunn/m3.txt
Running data/example_mats/tri/p2/williams-shunn/m3.txt
Finished running in 0.026233333333333334ms
Generating and Compiling data/example_mats/tri/p2/williams-shunn/m6.txt
Running data/example_mats/tri/p2/williams-shunn/m6.txt
Finished running in 0.0354ms
Generating and Compiling data/example_mats/tri/p2/williams-shunn/m132.txt
Running data/example_mats/tri/p2/williams-shunn/m132.txt
Finished running in 0.03206666666666667ms
Generating and Compiling data/example_mats/tri/p2/williams-shunn/m460.txt
Running data/example_mats/tri/p2/williams-shunn/m460.txt
Finished running in 0.033166666666666664ms
Generating and Compiling data/example_mats/tri/p3/williams-shunn/m0.txt
Running data/example_mats/tri/p3/williams-shunn/m0.txt
Finished running in 0.060899999999999996ms
Generating and Compiling data/example_mats/tri/p3/williams-shunn/m3.txt
Running data/example_mats/tri/p3/williams-shunn/m3.txt
Finished running in 0.0592ms
Generating and Compiling data/example_mats/tri/p3/williams-shunn/m6.txt
Running data/example_mats/tri/p3/williams-shunn/m6.txt
Finished running in 0.07233333333333333ms
Generating and Compiling data/example_mats/tri/p3/williams-shunn/m132.txt
Running data/example_mats/tri/p3/williams-shunn/m132.txt
Finished running in 0.09226666666666666ms
Generating and Compiling data/example_mats/tri/p3/williams-shunn/m460.txt
Running data/example_mats/tri/p3/williams-shunn/m460.txt
Finished running in 0.09893333333333333ms
Generating and Compiling data/example_mats/tri/p4/williams-shunn/m0.txt
Running data/example_mats/tri/p4/williams-shunn/m0.txt
Finished running in 0.10640000000000001ms
Generating and Compiling data/example_mats/tri/p4/williams-shunn/m3.txt
Running data/example_mats/tri/p4/williams-shunn/m3.txt
Finished running in 0.10579999999999999ms
Generating and Compiling data/example_mats/tri/p4/williams-shunn/m6.txt
Running data/example_mats/tri/p4/williams-shunn/m6.txt
Finished running in 0.1729ms
Generating and Compiling data/example_mats/tri/p4/williams-shunn/m132.txt
Running data/example_mats/tri/p4/williams-shunn/m132.txt
Finished running in 0.19576666666666667ms
Generating and Compiling data/example_mats/tri/p4/williams-shunn/m460.txt
Running data/example_mats/tri/p4/williams-shunn/m460.txt
Finished running in 0.20509999999999998ms
Generating and Compiling data/example_mats/tri/p5/williams-shunn/m0.txt
Running data/example_mats/tri/p5/williams-shunn/m0.txt
Finished running in 0.16693333333333332ms
Generating and Compiling data/example_mats/tri/p5/williams-shunn/m3.txt
Running data/example_mats/tri/p5/williams-shunn/m3.txt
Finished running in 0.1689ms
Generating and Compiling data/example_mats/tri/p5/williams-shunn/m6.txt
Running data/example_mats/tri/p5/williams-shunn/m6.txt
Finished running in 0.2311ms
Generating and Compiling data/example_mats/tri/p5/williams-shunn/m132.txt
Running data/example_mats/tri/p5/williams-shunn/m132.txt
Finished running in 0.36513333333333337ms
Generating and Compiling data/example_mats/tri/p5/williams-shunn/m460.txt
Running data/example_mats/tri/p5/williams-shunn/m460.txt
Finished running in 0.381ms
Generating and Compiling data/example_mats/tri/p6/williams-shunn/m0.txt
Running data/example_mats/tri/p6/williams-shunn/m0.txt
Finished running in 0.2504ms
Generating and Compiling data/example_mats/tri/p6/williams-shunn/m3.txt
Running data/example_mats/tri/p6/williams-shunn/m3.txt
Finished running in 0.2564ms
Generating and Compiling data/example_mats/tri/p6/williams-shunn/m6.txt
Running data/example_mats/tri/p6/williams-shunn/m6.txt
Finished running in 0.3592ms
Generating and Compiling data/example_mats/tri/p6/williams-shunn/m132.txt
Running data/example_mats/tri/p6/williams-shunn/m132.txt
Finished running in 0.6397666666666667ms
Generating and Compiling data/example_mats/tri/p6/williams-shunn/m460.txt
Running data/example_mats/tri/p6/williams-shunn/m460.txt
Finished running in 0.6664666666666667ms
