{'a_cols': 8, 'a_nonzero': 48, 'a_rows': 24, 'a_size': 192, 'a_unique': 2, 'alpha': 1.0, 'beta': 0.0, 'density': 0.25, 'mat_file': 'data/example_mats/hex/p1/gauss-legendre/m0.txt', 'xsmm_reference_avg': 5.326, 'xsmm_reference_best': 5.326, 'xsmm_reference_kernel_type': 'wide-sparse'}
{'a_cols': 24, 'a_nonzero': 48, 'a_rows': 8, 'a_size': 192, 'a_unique': 2, 'alpha': 1.0, 'beta': 0.0, 'density': 0.25, 'mat_file': 'data/example_mats/hex/p1/gauss-legendre/m3.txt', 'xsmm_reference_avg': 3.754, 'xsmm_reference_best': 3.754, 'xsmm_reference_kernel_type': 'wide-sparse'}
{'a_cols': 24, 'a_nonzero': 48, 'a_rows': 24, 'a_size': 576, 'a_unique': 4, 'alpha': 1.0, 'beta': 0.0, 'density': 0.08333333333333333, 'mat_file': 'data/example_mats/hex/p1/gauss-legendre/m6.txt', 'xsmm_reference_avg': 6.373, 'xsmm_reference_best': 6.373, 'xsmm_reference_kernel_type': 'wide-sparse'}
{'a_cols': 24, 'a_nonzero': 48, 'a_rows': 8, 'a_size': 192, 'a_unique': 2, 'alpha': 1.0, 'beta': 0.0, 'density': 0.25, 'mat_file': 'data/example_mats/hex/p1/gauss-legendre/m132.txt', 'xsmm_reference_avg': 3.769, 'xsmm_reference_best': 3.769, 'xsmm_reference_kernel_type': 'wide-sparse'}
{'a_cols': 8, 'a_nonzero': 48, 'a_rows': 24, 'a_size': 192, 'a_unique': 2, 'alpha': 1.0, 'beta': 0.0, 'density': 0.25, 'mat_file': 'data/example_mats/hex/p1/gauss-legendre/m460.txt', 'xsmm_reference_avg': 5.443, 'xsmm_reference_best': 5.443, 'xsmm_reference_kernel_type': 'wide-sparse'}
{'a_cols': 27, 'a_nonzero': 54, 'a_rows': 54, 'a_size': 1458, 'a_unique': 1, 'alpha': 1.0, 'beta': 0.0, 'density': 0.037037037037037035, 'mat_file': 'data/example_mats/hex/p2/gauss-legendre-lobatto/m0.txt', 'xsmm_reference_avg': 13.185, 'xsmm_reference_best': 13.185, 'xsmm_reference_kernel_type': 'wide-sparse'}
{'a_cols': 54, 'a_nonzero': 162, 'a_rows': 27, 'a_size': 1458, 'a_unique': 3, 'alpha': 1.0, 'beta': 0.0, 'density': 0.1111111111111111, 'mat_file': 'data/example_mats/hex/p2/gauss-legendre-lobatto/m3.txt', 'xsmm_reference_avg': 20.846, 'xsmm_reference_best': 20.846, 'xsmm_reference_kernel_type': 'wide-sparse'}
{'a_cols': 54, 'a_nonzero': 162, 'a_rows': 81, 'a_size': 4374, 'a_unique': 6, 'alpha': 1.0, 'beta': 0.0, 'density': 0.037037037037037035, 'mat_file': 'data/example_mats/hex/p2/gauss-legendre-lobatto/m6.txt', 'xsmm_reference_avg': 31.736, 'xsmm_reference_best': 31.736, 'xsmm_reference_kernel_type': 'wide-sparse'}
{'a_cols': 81, 'a_nonzero': 216, 'a_rows': 27, 'a_size': 2187, 'a_unique': 6, 'alpha': 1.0, 'beta': 0.0, 'density': 0.09876543209876543, 'mat_file': 'data/example_mats/hex/p2/gauss-legendre-lobatto/m132.txt', 'xsmm_reference_avg': 28.771, 'xsmm_reference_best': 28.771, 'xsmm_reference_kernel_type': 'wide-sparse'}
{'a_cols': 27, 'a_nonzero': 216, 'a_rows': 81, 'a_size': 2187, 'a_unique': 6, 'alpha': 1.0, 'beta': 0.0, 'density': 0.09876543209876543, 'mat_file': 'data/example_mats/hex/p2/gauss-legendre-lobatto/m460.txt', 'xsmm_reference_avg': 23.317, 'xsmm_reference_best': 23.317, 'xsmm_reference_kernel_type': 'wide-sparse'}
{'a_cols': 27, 'a_nonzero': 162, 'a_rows': 54, 'a_size': 1458, 'a_unique': 3, 'alpha': 1.0, 'beta': 0.0, 'density': 0.1111111111111111, 'mat_file': 'data/example_mats/hex/p2/gauss-legendre/m0.txt', 'xsmm_reference_avg': 15.426, 'xsmm_reference_best': 15.426, 'xsmm_reference_kernel_type': 'wide-sparse'}
{'a_cols': 54, 'a_nonzero': 162, 'a_rows': 27, 'a_size': 1458, 'a_unique': 3, 'alpha': 1.0, 'beta': 0.0, 'density': 0.1111111111111111, 'mat_file': 'data/example_mats/hex/p2/gauss-legendre/m3.txt', 'xsmm_reference_avg': 20.99, 'xsmm_reference_best': 20.99, 'xsmm_reference_kernel_type': 'wide-sparse'}
{'a_cols': 54, 'a_nonzero': 162, 'a_rows': 81, 'a_size': 4374, 'a_unique': 6, 'alpha': 1.0, 'beta': 0.0, 'density': 0.037037037037037035, 'mat_file': 'data/example_mats/hex/p2/gauss-legendre/m6.txt', 'xsmm_reference_avg': 31.985, 'xsmm_reference_best': 31.985, 'xsmm_reference_kernel_type': 'wide-sparse'}
{'a_cols': 81, 'a_nonzero': 216, 'a_rows': 27, 'a_size': 2187, 'a_unique': 8, 'alpha': 1.0, 'beta': 0.0, 'density': 0.09876543209876543, 'mat_file': 'data/example_mats/hex/p2/gauss-legendre/m132.txt', 'xsmm_reference_avg': 28.937, 'xsmm_reference_best': 28.937, 'xsmm_reference_kernel_type': 'wide-sparse'}
{'a_cols': 27, 'a_nonzero': 216, 'a_rows': 81, 'a_size': 2187, 'a_unique': 8, 'alpha': 1.0, 'beta': 0.0, 'density': 0.09876543209876543, 'mat_file': 'data/example_mats/hex/p2/gauss-legendre/m460.txt', 'xsmm_reference_avg': 22.178, 'xsmm_reference_best': 22.178, 'xsmm_reference_kernel_type': 'sparse'}
{'a_cols': 64, 'a_nonzero': 96, 'a_rows': 96, 'a_size': 6144, 'a_unique': 1, 'alpha': 1.0, 'beta': 0.0, 'density': 0.015625, 'mat_file': 'data/example_mats/hex/p3/gauss-legendre-lobatto/m0.txt', 'xsmm_reference_avg': 34.871, 'xsmm_reference_best': 34.871, 'xsmm_reference_kernel_type': 'wide-sparse'}
{'a_cols': 96, 'a_nonzero': 384, 'a_rows': 64, 'a_size': 6144, 'a_unique': 4, 'alpha': 1.0, 'beta': 0.0, 'density': 0.0625, 'mat_file': 'data/example_mats/hex/p3/gauss-legendre-lobatto/m3.txt', 'xsmm_reference_avg': 42.035, 'xsmm_reference_best': 42.035, 'xsmm_reference_kernel_type': 'wide-sparse'}
{'a_cols': 96, 'a_nonzero': 384, 'a_rows': 192, 'a_size': 18432, 'a_unique': 6, 'alpha': 1.0, 'beta': 0.0, 'density': 0.020833333333333332, 'mat_file': 'data/example_mats/hex/p3/gauss-legendre-lobatto/m6.txt', 'xsmm_reference_avg': 65.319, 'xsmm_reference_best': 65.319, 'xsmm_reference_kernel_type': 'wide-sparse'}
{'a_cols': 192, 'a_nonzero': 672, 'a_rows': 64, 'a_size': 12288, 'a_unique': 14, 'alpha': 1.0, 'beta': 0.0, 'density': 0.0546875, 'mat_file': 'data/example_mats/hex/p3/gauss-legendre-lobatto/m132.txt', 'xsmm_reference_avg': 70.796, 'xsmm_reference_best': 70.796, 'xsmm_reference_kernel_type': 'wide-sparse'}
{'a_cols': 64, 'a_nonzero': 672, 'a_rows': 192, 'a_size': 12288, 'a_unique': 14, 'alpha': 1.0, 'beta': 0.0, 'density': 0.0546875, 'mat_file': 'data/example_mats/hex/p3/gauss-legendre-lobatto/m460.txt', 'xsmm_reference_avg': 55.317, 'xsmm_reference_best': 55.317, 'xsmm_reference_kernel_type': 'wide-sparse'}
{'a_cols': 64, 'a_nonzero': 384, 'a_rows': 96, 'a_size': 6144, 'a_unique': 4, 'alpha': 1.0, 'beta': 0.0, 'density': 0.0625, 'mat_file': 'data/example_mats/hex/p3/gauss-legendre/m0.txt', 'xsmm_reference_avg': 32.975, 'xsmm_reference_best': 32.975, 'xsmm_reference_kernel_type': 'wide-sparse'}
{'a_cols': 96, 'a_nonzero': 384, 'a_rows': 64, 'a_size': 6144, 'a_unique': 4, 'alpha': 1.0, 'beta': 0.0, 'density': 0.0625, 'mat_file': 'data/example_mats/hex/p3/gauss-legendre/m3.txt', 'xsmm_reference_avg': 41.758, 'xsmm_reference_best': 41.758, 'xsmm_reference_kernel_type': 'wide-sparse'}
{'a_cols': 96, 'a_nonzero': 384, 'a_rows': 192, 'a_size': 18432, 'a_unique': 8, 'alpha': 1.0, 'beta': 0.0, 'density': 0.020833333333333332, 'mat_file': 'data/example_mats/hex/p3/gauss-legendre/m6.txt', 'xsmm_reference_avg': 65.112, 'xsmm_reference_best': 65.112, 'xsmm_reference_kernel_type': 'wide-sparse'}
{'a_cols': 192, 'a_nonzero': 768, 'a_rows': 64, 'a_size': 12288, 'a_unique': 16, 'alpha': 1.0, 'beta': 0.0, 'density': 0.0625, 'mat_file': 'data/example_mats/hex/p3/gauss-legendre/m132.txt', 'xsmm_reference_avg': 67.171, 'xsmm_reference_best': 67.171, 'xsmm_reference_kernel_type': 'wide-sparse'}
{'a_cols': 64, 'a_nonzero': 768, 'a_rows': 192, 'a_size': 12288, 'a_unique': 16, 'alpha': 1.0, 'beta': 0.0, 'density': 0.0625, 'mat_file': 'data/example_mats/hex/p3/gauss-legendre/m460.txt', 'xsmm_reference_avg': 57.288, 'xsmm_reference_best': 57.288, 'xsmm_reference_kernel_type': 'wide-sparse'}
{'a_cols': 125, 'a_nonzero': 150, 'a_rows': 150, 'a_size': 18750, 'a_unique': 1, 'alpha': 1.0, 'beta': 0.0, 'density': 0.008, 'mat_file': 'data/example_mats/hex/p4/gauss-legendre-lobatto/m0.txt', 'xsmm_reference_avg': 57.463, 'xsmm_reference_best': 57.463, 'xsmm_reference_kernel_type': 'wide-sparse'}
{'a_cols': 150, 'a_nonzero': 750, 'a_rows': 125, 'a_size': 18750, 'a_unique': 4, 'alpha': 1.0, 'beta': 0.0, 'density': 0.04, 'mat_file': 'data/example_mats/hex/p4/gauss-legendre-lobatto/m3.txt', 'xsmm_reference_avg': 73.622, 'xsmm_reference_best': 73.622, 'xsmm_reference_kernel_type': 'wide-sparse'}
{'a_cols': 150, 'a_nonzero': 750, 'a_rows': 375, 'a_size': 56250, 'a_unique': 8, 'alpha': 1.0, 'beta': 0.0, 'density': 0.013333333333333334, 'mat_file': 'data/example_mats/hex/p4/gauss-legendre-lobatto/m6.txt', 'xsmm_reference_avg': 119.954, 'xsmm_reference_best': 119.954, 'xsmm_reference_kernel_type': 'wide-sparse'}
{'a_cols': 375, 'a_nonzero': 1650, 'a_rows': 125, 'a_size': 46875, 'a_unique': 22, 'alpha': 1.0, 'beta': 0.0, 'density': 0.0352, 'mat_file': 'data/example_mats/hex/p4/gauss-legendre-lobatto/m132.txt', 'xsmm_reference_avg': 159.456, 'xsmm_reference_best': 159.456, 'xsmm_reference_kernel_type': 'wide-sparse'}
{'a_cols': 125, 'a_nonzero': 1650, 'a_rows': 375, 'a_size': 46875, 'a_unique': 22, 'alpha': 1.0, 'beta': 0.0, 'density': 0.0352, 'mat_file': 'data/example_mats/hex/p4/gauss-legendre-lobatto/m460.txt', 'xsmm_reference_avg': 131.746, 'xsmm_reference_best': 131.746, 'xsmm_reference_kernel_type': 'wide-sparse'}
{'a_cols': 125, 'a_nonzero': 750, 'a_rows': 150, 'a_size': 18750, 'a_unique': 5, 'alpha': 1.0, 'beta': 0.0, 'density': 0.04, 'mat_file': 'data/example_mats/hex/p4/gauss-legendre/m0.txt', 'xsmm_reference_avg': 61.922, 'xsmm_reference_best': 61.922, 'xsmm_reference_kernel_type': 'wide-sparse'}
{'a_cols': 150, 'a_nonzero': 750, 'a_rows': 125, 'a_size': 18750, 'a_unique': 5, 'alpha': 1.0, 'beta': 0.0, 'density': 0.04, 'mat_file': 'data/example_mats/hex/p4/gauss-legendre/m3.txt', 'xsmm_reference_avg': 74.041, 'xsmm_reference_best': 74.041, 'xsmm_reference_kernel_type': 'wide-sparse'}
{'a_cols': 150, 'a_nonzero': 750, 'a_rows': 375, 'a_size': 56250, 'a_unique': 10, 'alpha': 1.0, 'beta': 0.0, 'density': 0.013333333333333334, 'mat_file': 'data/example_mats/hex/p4/gauss-legendre/m6.txt', 'xsmm_reference_avg': 120.01, 'xsmm_reference_best': 120.01, 'xsmm_reference_kernel_type': 'wide-sparse'}
{'a_cols': 375, 'a_nonzero': 1800, 'a_rows': 125, 'a_size': 46875, 'a_unique': 24, 'alpha': 1.0, 'beta': 0.0, 'density': 0.0384, 'mat_file': 'data/example_mats/hex/p4/gauss-legendre/m132.txt', 'xsmm_reference_avg': 156.572, 'xsmm_reference_best': 156.572, 'xsmm_reference_kernel_type': 'wide-sparse'}
{'a_cols': 125, 'a_nonzero': 1800, 'a_rows': 375, 'a_size': 46875, 'a_unique': 24, 'alpha': 1.0, 'beta': 0.0, 'density': 0.0384, 'mat_file': 'data/example_mats/hex/p4/gauss-legendre/m460.txt', 'xsmm_reference_avg': 131.795, 'xsmm_reference_best': 131.795, 'xsmm_reference_kernel_type': 'wide-sparse'}
{'a_cols': 216, 'a_nonzero': 216, 'a_rows': 216, 'a_size': 46656, 'a_unique': 1, 'alpha': 1.0, 'beta': 0.0, 'density': 0.004629629629629629, 'mat_file': 'data/example_mats/hex/p5/gauss-legendre-lobatto/m0.txt', 'xsmm_reference_avg': 87.252, 'xsmm_reference_best': 87.252, 'xsmm_reference_kernel_type': 'wide-sparse'}
{'a_cols': 216, 'a_nonzero': 1296, 'a_rows': 216, 'a_size': 46656, 'a_unique': 6, 'alpha': 1.0, 'beta': 0.0, 'density': 0.027777777777777776, 'mat_file': 'data/example_mats/hex/p5/gauss-legendre-lobatto/m3.txt', 'xsmm_reference_avg': 108.192, 'xsmm_reference_best': 108.192, 'xsmm_reference_kernel_type': 'wide-sparse'}
{'a_cols': 216, 'a_nonzero': 1296, 'a_rows': 648, 'a_size': 139968, 'a_unique': 8, 'alpha': 1.0, 'beta': 0.0, 'density': 0.009259259259259259, 'mat_file': 'data/example_mats/hex/p5/gauss-legendre-lobatto/m6.txt', 'xsmm_reference_avg': 203.369, 'xsmm_reference_best': 203.369, 'xsmm_reference_kernel_type': 'wide-sparse'}
{'a_cols': 648, 'a_nonzero': 3456, 'a_rows': 216, 'a_size': 139968, 'a_unique': 32, 'alpha': 1.0, 'beta': 0.0, 'density': 0.024691358024691357, 'mat_file': 'data/example_mats/hex/p5/gauss-legendre-lobatto/m132.txt', 'xsmm_reference_avg': 326.414, 'xsmm_reference_best': 326.414, 'xsmm_reference_kernel_type': 'wide-sparse'}
{'a_cols': 216, 'a_nonzero': 3456, 'a_rows': 648, 'a_size': 139968, 'a_unique': 32, 'alpha': 1.0, 'beta': 0.0, 'density': 0.024691358024691357, 'mat_file': 'data/example_mats/hex/p5/gauss-legendre-lobatto/m460.txt', 'xsmm_reference_avg': 245.111, 'xsmm_reference_best': 245.111, 'xsmm_reference_kernel_type': 'sparse'}
{'a_cols': 216, 'a_nonzero': 1296, 'a_rows': 216, 'a_size': 46656, 'a_unique': 6, 'alpha': 1.0, 'beta': 0.0, 'density': 0.027777777777777776, 'mat_file': 'data/example_mats/hex/p5/gauss-legendre/m0.txt', 'xsmm_reference_avg': 107.913, 'xsmm_reference_best': 107.913, 'xsmm_reference_kernel_type': 'wide-sparse'}
{'a_cols': 216, 'a_nonzero': 1296, 'a_rows': 216, 'a_size': 46656, 'a_unique': 6, 'alpha': 1.0, 'beta': 0.0, 'density': 0.027777777777777776, 'mat_file': 'data/example_mats/hex/p5/gauss-legendre/m3.txt', 'xsmm_reference_avg': 109.092, 'xsmm_reference_best': 109.092, 'xsmm_reference_kernel_type': 'wide-sparse'}
{'a_cols': 216, 'a_nonzero': 1296, 'a_rows': 648, 'a_size': 139968, 'a_unique': 12, 'alpha': 1.0, 'beta': 0.0, 'density': 0.009259259259259259, 'mat_file': 'data/example_mats/hex/p5/gauss-legendre/m6.txt', 'xsmm_reference_avg': 204.018, 'xsmm_reference_best': 204.018, 'xsmm_reference_kernel_type': 'wide-sparse'}
{'a_cols': 648, 'a_nonzero': 3888, 'a_rows': 216, 'a_size': 139968, 'a_unique': 36, 'alpha': 1.0, 'beta': 0.0, 'density': 0.027777777777777776, 'mat_file': 'data/example_mats/hex/p5/gauss-legendre/m132.txt', 'xsmm_reference_avg': 367.597, 'xsmm_reference_best': 367.597, 'xsmm_reference_kernel_type': 'sparse'}
{'a_cols': 216, 'a_nonzero': 3888, 'a_rows': 648, 'a_size': 139968, 'a_unique': 36, 'alpha': 1.0, 'beta': 0.0, 'density': 0.027777777777777776, 'mat_file': 'data/example_mats/hex/p5/gauss-legendre/m460.txt', 'xsmm_reference_avg': 252.501, 'xsmm_reference_best': 252.501, 'xsmm_reference_kernel_type': 'sparse'}
{'a_cols': 343, 'a_nonzero': 294, 'a_rows': 294, 'a_size': 100842, 'a_unique': 1, 'alpha': 1.0, 'beta': 0.0, 'density': 0.0029154518950437317, 'mat_file': 'data/example_mats/hex/p6/gauss-legendre-lobatto/m0.txt', 'xsmm_reference_avg': 120.58000000000004, 'xsmm_reference_best': 120.58000000000004, 'xsmm_reference_kernel_type': 'wide-sparse'}
{'a_cols': 294, 'a_nonzero': 2058, 'a_rows': 343, 'a_size': 100842, 'a_unique': 5, 'alpha': 1.0, 'beta': 0.0, 'density': 0.02040816326530612, 'mat_file': 'data/example_mats/hex/p6/gauss-legendre-lobatto/m3.txt', 'xsmm_reference_avg': 161.984, 'xsmm_reference_best': 161.984, 'xsmm_reference_kernel_type': 'wide-sparse'}
{'a_cols': 294, 'a_nonzero': 2058, 'a_rows': 1029, 'a_size': 302526, 'a_unique': 10, 'alpha': 1.0, 'beta': 0.0, 'density': 0.006802721088435374, 'mat_file': 'data/example_mats/hex/p6/gauss-legendre-lobatto/m6.txt', 'xsmm_reference_avg': 316.203, 'xsmm_reference_best': 316.203, 'xsmm_reference_kernel_type': 'wide-sparse'}
{'a_cols': 1029, 'a_nonzero': 6468, 'a_rows': 343, 'a_size': 352947, 'a_unique': 44, 'alpha': 1.0, 'beta': 0.0, 'density': 0.018325697625989172, 'mat_file': 'data/example_mats/hex/p6/gauss-legendre-lobatto/m132.txt', 'xsmm_reference_avg': 647.913, 'xsmm_reference_best': 647.913, 'xsmm_reference_kernel_type': 'sparse'}
{'a_cols': 343, 'a_nonzero': 6468, 'a_rows': 1029, 'a_size': 352947, 'a_unique': 44, 'alpha': 1.0, 'beta': 0.0, 'density': 0.018325697625989172, 'mat_file': 'data/example_mats/hex/p6/gauss-legendre-lobatto/m460.txt', 'xsmm_reference_avg': 553.2280000000001, 'xsmm_reference_best': 553.2280000000001, 'xsmm_reference_kernel_type': 'sparse'}
{'a_cols': 343, 'a_nonzero': 2058, 'a_rows': 294, 'a_size': 100842, 'a_unique': 7, 'alpha': 1.0, 'beta': 0.0, 'density': 0.02040816326530612, 'mat_file': 'data/example_mats/hex/p6/gauss-legendre/m0.txt', 'xsmm_reference_avg': 266.74300000000005, 'xsmm_reference_best': 266.74300000000005, 'xsmm_reference_kernel_type': 'wide-sparse'}
{'a_cols': 294, 'a_nonzero': 2058, 'a_rows': 343, 'a_size': 100842, 'a_unique': 7, 'alpha': 1.0, 'beta': 0.0, 'density': 0.02040816326530612, 'mat_file': 'data/example_mats/hex/p6/gauss-legendre/m3.txt', 'xsmm_reference_avg': 161.58, 'xsmm_reference_best': 161.58, 'xsmm_reference_kernel_type': 'wide-sparse'}
{'a_cols': 294, 'a_nonzero': 2058, 'a_rows': 1029, 'a_size': 302526, 'a_unique': 14, 'alpha': 1.0, 'beta': 0.0, 'density': 0.006802721088435374, 'mat_file': 'data/example_mats/hex/p6/gauss-legendre/m6.txt', 'xsmm_reference_avg': 314.37, 'xsmm_reference_best': 314.37, 'xsmm_reference_kernel_type': 'wide-sparse'}
{'a_cols': 1029, 'a_nonzero': 7056, 'a_rows': 343, 'a_size': 352947, 'a_unique': 48, 'alpha': 1.0, 'beta': 0.0, 'density': 0.019991670137442734, 'mat_file': 'data/example_mats/hex/p6/gauss-legendre/m132.txt', 'xsmm_reference_avg': 682.81, 'xsmm_reference_best': 682.81, 'xsmm_reference_kernel_type': 'sparse'}
{'a_cols': 343, 'a_nonzero': 7056, 'a_rows': 1029, 'a_size': 352947, 'a_unique': 48, 'alpha': 1.0, 'beta': 0.0, 'density': 0.019991670137442734, 'mat_file': 'data/example_mats/hex/p6/gauss-legendre/m460.txt', 'xsmm_reference_avg': 5459.9619999999995, 'xsmm_reference_best': 5459.9619999999995, 'xsmm_reference_kernel_type': 'dense'}
{'a_cols': 4, 'a_nonzero': 16, 'a_rows': 8, 'a_size': 32, 'a_unique': 2, 'alpha': 1.0, 'beta': 0.0, 'density': 0.5, 'mat_file': 'data/example_mats/quad/p1/gauss-legendre/m0.txt', 'xsmm_reference_avg': 1.693, 'xsmm_reference_best': 1.693, 'xsmm_reference_kernel_type': 'wide-sparse'}
{'a_cols': 8, 'a_nonzero': 16, 'a_rows': 4, 'a_size': 32, 'a_unique': 2, 'alpha': 1.0, 'beta': 0.0, 'density': 0.5, 'mat_file': 'data/example_mats/quad/p1/gauss-legendre/m3.txt', 'xsmm_reference_avg': 1.281, 'xsmm_reference_best': 1.281, 'xsmm_reference_kernel_type': 'sparse'}
{'a_cols': 8, 'a_nonzero': 16, 'a_rows': 8, 'a_size': 64, 'a_unique': 4, 'alpha': 1.0, 'beta': 0.0, 'density': 0.25, 'mat_file': 'data/example_mats/quad/p1/gauss-legendre/m6.txt', 'xsmm_reference_avg': 1.923, 'xsmm_reference_best': 1.923, 'xsmm_reference_kernel_type': 'sparse'}
{'a_cols': 8, 'a_nonzero': 16, 'a_rows': 4, 'a_size': 32, 'a_unique': 2, 'alpha': 1.0, 'beta': 0.0, 'density': 0.5, 'mat_file': 'data/example_mats/quad/p1/gauss-legendre/m132.txt', 'xsmm_reference_avg': 1.304, 'xsmm_reference_best': 1.304, 'xsmm_reference_kernel_type': 'wide-sparse'}
{'a_cols': 4, 'a_nonzero': 16, 'a_rows': 8, 'a_size': 32, 'a_unique': 2, 'alpha': 1.0, 'beta': 0.0, 'density': 0.5, 'mat_file': 'data/example_mats/quad/p1/gauss-legendre/m460.txt', 'xsmm_reference_avg': 1.681, 'xsmm_reference_best': 1.681, 'xsmm_reference_kernel_type': 'sparse'}
{'a_cols': 9, 'a_nonzero': 12, 'a_rows': 12, 'a_size': 108, 'a_unique': 1, 'alpha': 1.0, 'beta': 0.0, 'density': 0.1111111111111111, 'mat_file': 'data/example_mats/quad/p2/gauss-legendre-lobatto/m0.txt', 'xsmm_reference_avg': 2.72, 'xsmm_reference_best': 2.72, 'xsmm_reference_kernel_type': 'sparse'}
{'a_cols': 12, 'a_nonzero': 36, 'a_rows': 9, 'a_size': 108, 'a_unique': 3, 'alpha': 1.0, 'beta': 0.0, 'density': 0.3333333333333333, 'mat_file': 'data/example_mats/quad/p2/gauss-legendre-lobatto/m3.txt', 'xsmm_reference_avg': 2.588, 'xsmm_reference_best': 2.588, 'xsmm_reference_kernel_type': 'sparse'}
{'a_cols': 12, 'a_nonzero': 36, 'a_rows': 18, 'a_size': 216, 'a_unique': 6, 'alpha': 1.0, 'beta': 0.0, 'density': 0.16666666666666666, 'mat_file': 'data/example_mats/quad/p2/gauss-legendre-lobatto/m6.txt', 'xsmm_reference_avg': 4.289, 'xsmm_reference_best': 4.289, 'xsmm_reference_kernel_type': 'sparse'}
{'a_cols': 18, 'a_nonzero': 48, 'a_rows': 9, 'a_size': 162, 'a_unique': 6, 'alpha': 1.0, 'beta': 0.0, 'density': 0.2962962962962963, 'mat_file': 'data/example_mats/quad/p2/gauss-legendre-lobatto/m132.txt', 'xsmm_reference_avg': 3.149, 'xsmm_reference_best': 3.149, 'xsmm_reference_kernel_type': 'wide-sparse'}
{'a_cols': 9, 'a_nonzero': 48, 'a_rows': 18, 'a_size': 162, 'a_unique': 6, 'alpha': 1.0, 'beta': 0.0, 'density': 0.2962962962962963, 'mat_file': 'data/example_mats/quad/p2/gauss-legendre-lobatto/m460.txt', 'xsmm_reference_avg': 4.133, 'xsmm_reference_best': 4.133, 'xsmm_reference_kernel_type': 'wide-sparse'}
{'a_cols': 9, 'a_nonzero': 36, 'a_rows': 12, 'a_size': 108, 'a_unique': 3, 'alpha': 1.0, 'beta': 0.0, 'density': 0.3333333333333333, 'mat_file': 'data/example_mats/quad/p2/gauss-legendre/m0.txt', 'xsmm_reference_avg': 3.22, 'xsmm_reference_best': 3.22, 'xsmm_reference_kernel_type': 'sparse'}
{'a_cols': 12, 'a_nonzero': 36, 'a_rows': 9, 'a_size': 108, 'a_unique': 3, 'alpha': 1.0, 'beta': 0.0, 'density': 0.3333333333333333, 'mat_file': 'data/example_mats/quad/p2/gauss-legendre/m3.txt', 'xsmm_reference_avg': 2.681, 'xsmm_reference_best': 2.681, 'xsmm_reference_kernel_type': 'sparse'}
{'a_cols': 12, 'a_nonzero': 36, 'a_rows': 18, 'a_size': 216, 'a_unique': 6, 'alpha': 1.0, 'beta': 0.0, 'density': 0.16666666666666666, 'mat_file': 'data/example_mats/quad/p2/gauss-legendre/m6.txt', 'xsmm_reference_avg': 4.36, 'xsmm_reference_best': 4.36, 'xsmm_reference_kernel_type': 'sparse'}
{'a_cols': 18, 'a_nonzero': 48, 'a_rows': 9, 'a_size': 162, 'a_unique': 8, 'alpha': 1.0, 'beta': 0.0, 'density': 0.2962962962962963, 'mat_file': 'data/example_mats/quad/p2/gauss-legendre/m132.txt', 'xsmm_reference_avg': 3.129, 'xsmm_reference_best': 3.129, 'xsmm_reference_kernel_type': 'wide-sparse'}
{'a_cols': 9, 'a_nonzero': 48, 'a_rows': 18, 'a_size': 162, 'a_unique': 8, 'alpha': 1.0, 'beta': 0.0, 'density': 0.2962962962962963, 'mat_file': 'data/example_mats/quad/p2/gauss-legendre/m460.txt', 'xsmm_reference_avg': 4.381, 'xsmm_reference_best': 4.381, 'xsmm_reference_kernel_type': 'wide-sparse'}
{'a_cols': 16, 'a_nonzero': 16, 'a_rows': 16, 'a_size': 256, 'a_unique': 1, 'alpha': 1.0, 'beta': 0.0, 'density': 0.0625, 'mat_file': 'data/example_mats/quad/p3/gauss-legendre-lobatto/m0.txt', 'xsmm_reference_avg': 3.864, 'xsmm_reference_best': 3.864, 'xsmm_reference_kernel_type': 'sparse'}
{'a_cols': 16, 'a_nonzero': 64, 'a_rows': 16, 'a_size': 256, 'a_unique': 4, 'alpha': 1.0, 'beta': 0.0, 'density': 0.25, 'mat_file': 'data/example_mats/quad/p3/gauss-legendre-lobatto/m3.txt', 'xsmm_reference_avg': 4.681, 'xsmm_reference_best': 4.681, 'xsmm_reference_kernel_type': 'sparse'}
{'a_cols': 16, 'a_nonzero': 64, 'a_rows': 32, 'a_size': 512, 'a_unique': 6, 'alpha': 1.0, 'beta': 0.0, 'density': 0.125, 'mat_file': 'data/example_mats/quad/p3/gauss-legendre-lobatto/m6.txt', 'xsmm_reference_avg': 7.588, 'xsmm_reference_best': 7.588, 'xsmm_reference_kernel_type': 'wide-sparse'}
{'a_cols': 32, 'a_nonzero': 112, 'a_rows': 16, 'a_size': 512, 'a_unique': 14, 'alpha': 1.0, 'beta': 0.0, 'density': 0.21875, 'mat_file': 'data/example_mats/quad/p3/gauss-legendre-lobatto/m132.txt', 'xsmm_reference_avg': 6.792, 'xsmm_reference_best': 6.792, 'xsmm_reference_kernel_type': 'wide-sparse'}
{'a_cols': 16, 'a_nonzero': 112, 'a_rows': 32, 'a_size': 512, 'a_unique': 14, 'alpha': 1.0, 'beta': 0.0, 'density': 0.21875, 'mat_file': 'data/example_mats/quad/p3/gauss-legendre-lobatto/m460.txt', 'xsmm_reference_avg': 8.43, 'xsmm_reference_best': 8.43, 'xsmm_reference_kernel_type': 'sparse'}
{'a_cols': 16, 'a_nonzero': 64, 'a_rows': 16, 'a_size': 256, 'a_unique': 4, 'alpha': 1.0, 'beta': 0.0, 'density': 0.25, 'mat_file': 'data/example_mats/quad/p3/gauss-legendre/m0.txt', 'xsmm_reference_avg': 4.683, 'xsmm_reference_best': 4.683, 'xsmm_reference_kernel_type': 'sparse'}
{'a_cols': 16, 'a_nonzero': 64, 'a_rows': 16, 'a_size': 256, 'a_unique': 4, 'alpha': 1.0, 'beta': 0.0, 'density': 0.25, 'mat_file': 'data/example_mats/quad/p3/gauss-legendre/m3.txt', 'xsmm_reference_avg': 4.493, 'xsmm_reference_best': 4.493, 'xsmm_reference_kernel_type': 'sparse'}
{'a_cols': 16, 'a_nonzero': 64, 'a_rows': 32, 'a_size': 512, 'a_unique': 8, 'alpha': 1.0, 'beta': 0.0, 'density': 0.125, 'mat_file': 'data/example_mats/quad/p3/gauss-legendre/m6.txt', 'xsmm_reference_avg': 8.735, 'xsmm_reference_best': 8.735, 'xsmm_reference_kernel_type': 'sparse'}
{'a_cols': 32, 'a_nonzero': 128, 'a_rows': 16, 'a_size': 512, 'a_unique': 16, 'alpha': 1.0, 'beta': 0.0, 'density': 0.25, 'mat_file': 'data/example_mats/quad/p3/gauss-legendre/m132.txt', 'xsmm_reference_avg': 7.065, 'xsmm_reference_best': 7.065, 'xsmm_reference_kernel_type': 'wide-sparse'}
{'a_cols': 16, 'a_nonzero': 128, 'a_rows': 32, 'a_size': 512, 'a_unique': 16, 'alpha': 1.0, 'beta': 0.0, 'density': 0.25, 'mat_file': 'data/example_mats/quad/p3/gauss-legendre/m460.txt', 'xsmm_reference_avg': 8.52, 'xsmm_reference_best': 8.52, 'xsmm_reference_kernel_type': 'sparse'}
{'a_cols': 25, 'a_nonzero': 20, 'a_rows': 20, 'a_size': 500, 'a_unique': 1, 'alpha': 1.0, 'beta': 0.0, 'density': 0.04, 'mat_file': 'data/example_mats/quad/p4/gauss-legendre-lobatto/m0.txt', 'xsmm_reference_avg': 4.918, 'xsmm_reference_best': 4.918, 'xsmm_reference_kernel_type': 'sparse'}
{'a_cols': 20, 'a_nonzero': 100, 'a_rows': 25, 'a_size': 500, 'a_unique': 4, 'alpha': 1.0, 'beta': 0.0, 'density': 0.2, 'mat_file': 'data/example_mats/quad/p4/gauss-legendre-lobatto/m3.txt', 'xsmm_reference_avg': 7.318, 'xsmm_reference_best': 7.318, 'xsmm_reference_kernel_type': 'sparse'}
{'a_cols': 20, 'a_nonzero': 100, 'a_rows': 50, 'a_size': 1000, 'a_unique': 8, 'alpha': 1.0, 'beta': 0.0, 'density': 0.1, 'mat_file': 'data/example_mats/quad/p4/gauss-legendre-lobatto/m6.txt', 'xsmm_reference_avg': 11.707, 'xsmm_reference_best': 11.707, 'xsmm_reference_kernel_type': 'wide-sparse'}
{'a_cols': 50, 'a_nonzero': 220, 'a_rows': 25, 'a_size': 1250, 'a_unique': 22, 'alpha': 1.0, 'beta': 0.0, 'density': 0.176, 'mat_file': 'data/example_mats/quad/p4/gauss-legendre-lobatto/m132.txt', 'xsmm_reference_avg': 13.055, 'xsmm_reference_best': 13.055, 'xsmm_reference_kernel_type': 'wide-sparse'}
{'a_cols': 25, 'a_nonzero': 220, 'a_rows': 50, 'a_size': 1250, 'a_unique': 22, 'alpha': 1.0, 'beta': 0.0, 'density': 0.176, 'mat_file': 'data/example_mats/quad/p4/gauss-legendre-lobatto/m460.txt', 'xsmm_reference_avg': 14.002, 'xsmm_reference_best': 14.002, 'xsmm_reference_kernel_type': 'wide-sparse'}
{'a_cols': 25, 'a_nonzero': 100, 'a_rows': 20, 'a_size': 500, 'a_unique': 5, 'alpha': 1.0, 'beta': 0.0, 'density': 0.2, 'mat_file': 'data/example_mats/quad/p4/gauss-legendre/m0.txt', 'xsmm_reference_avg': 7.111, 'xsmm_reference_best': 7.111, 'xsmm_reference_kernel_type': 'sparse'}
{'a_cols': 20, 'a_nonzero': 100, 'a_rows': 25, 'a_size': 500, 'a_unique': 5, 'alpha': 1.0, 'beta': 0.0, 'density': 0.2, 'mat_file': 'data/example_mats/quad/p4/gauss-legendre/m3.txt', 'xsmm_reference_avg': 6.824, 'xsmm_reference_best': 6.824, 'xsmm_reference_kernel_type': 'wide-sparse'}
{'a_cols': 20, 'a_nonzero': 100, 'a_rows': 50, 'a_size': 1000, 'a_unique': 10, 'alpha': 1.0, 'beta': 0.0, 'density': 0.1, 'mat_file': 'data/example_mats/quad/p4/gauss-legendre/m6.txt', 'xsmm_reference_avg': 12.144, 'xsmm_reference_best': 12.144, 'xsmm_reference_kernel_type': 'sparse'}
{'a_cols': 50, 'a_nonzero': 240, 'a_rows': 25, 'a_size': 1250, 'a_unique': 24, 'alpha': 1.0, 'beta': 0.0, 'density': 0.192, 'mat_file': 'data/example_mats/quad/p4/gauss-legendre/m132.txt', 'xsmm_reference_avg': 13.166, 'xsmm_reference_best': 13.166, 'xsmm_reference_kernel_type': 'wide-sparse'}
{'a_cols': 25, 'a_nonzero': 240, 'a_rows': 50, 'a_size': 1250, 'a_unique': 24, 'alpha': 1.0, 'beta': 0.0, 'density': 0.192, 'mat_file': 'data/example_mats/quad/p4/gauss-legendre/m460.txt', 'xsmm_reference_avg': 14.506, 'xsmm_reference_best': 14.506, 'xsmm_reference_kernel_type': 'wide-sparse'}
{'a_cols': 36, 'a_nonzero': 24, 'a_rows': 24, 'a_size': 864, 'a_unique': 1, 'alpha': 1.0, 'beta': 0.0, 'density': 0.027777777777777776, 'mat_file': 'data/example_mats/quad/p5/gauss-legendre-lobatto/m0.txt', 'xsmm_reference_avg': 6.103, 'xsmm_reference_best': 6.103, 'xsmm_reference_kernel_type': 'sparse'}
{'a_cols': 24, 'a_nonzero': 144, 'a_rows': 36, 'a_size': 864, 'a_unique': 6, 'alpha': 1.0, 'beta': 0.0, 'density': 0.16666666666666666, 'mat_file': 'data/example_mats/quad/p5/gauss-legendre-lobatto/m3.txt', 'xsmm_reference_avg': 10.054, 'xsmm_reference_best': 10.054, 'xsmm_reference_kernel_type': 'wide-sparse'}
{'a_cols': 24, 'a_nonzero': 144, 'a_rows': 72, 'a_size': 1728, 'a_unique': 8, 'alpha': 1.0, 'beta': 0.0, 'density': 0.08333333333333333, 'mat_file': 'data/example_mats/quad/p5/gauss-legendre-lobatto/m6.txt', 'xsmm_reference_avg': 17.333, 'xsmm_reference_best': 17.333, 'xsmm_reference_kernel_type': 'wide-sparse'}
{'a_cols': 72, 'a_nonzero': 384, 'a_rows': 36, 'a_size': 2592, 'a_unique': 32, 'alpha': 1.0, 'beta': 0.0, 'density': 0.14814814814814814, 'mat_file': 'data/example_mats/quad/p5/gauss-legendre-lobatto/m132.txt', 'xsmm_reference_avg': 20.719, 'xsmm_reference_best': 20.719, 'xsmm_reference_kernel_type': 'wide-sparse'}
{'a_cols': 36, 'a_nonzero': 384, 'a_rows': 72, 'a_size': 2592, 'a_unique': 32, 'alpha': 1.0, 'beta': 0.0, 'density': 0.14814814814814814, 'mat_file': 'data/example_mats/quad/p5/gauss-legendre-lobatto/m460.txt', 'xsmm_reference_avg': 23.115, 'xsmm_reference_best': 23.115, 'xsmm_reference_kernel_type': 'wide-sparse'}
{'a_cols': 36, 'a_nonzero': 144, 'a_rows': 24, 'a_size': 864, 'a_unique': 6, 'alpha': 1.0, 'beta': 0.0, 'density': 0.16666666666666666, 'mat_file': 'data/example_mats/quad/p5/gauss-legendre/m0.txt', 'xsmm_reference_avg': 9.775, 'xsmm_reference_best': 9.775, 'xsmm_reference_kernel_type': 'wide-sparse'}
{'a_cols': 24, 'a_nonzero': 144, 'a_rows': 36, 'a_size': 864, 'a_unique': 6, 'alpha': 1.0, 'beta': 0.0, 'density': 0.16666666666666666, 'mat_file': 'data/example_mats/quad/p5/gauss-legendre/m3.txt', 'xsmm_reference_avg': 9.957, 'xsmm_reference_best': 9.957, 'xsmm_reference_kernel_type': 'wide-sparse'}
{'a_cols': 24, 'a_nonzero': 144, 'a_rows': 72, 'a_size': 1728, 'a_unique': 12, 'alpha': 1.0, 'beta': 0.0, 'density': 0.08333333333333333, 'mat_file': 'data/example_mats/quad/p5/gauss-legendre/m6.txt', 'xsmm_reference_avg': 17.504, 'xsmm_reference_best': 17.504, 'xsmm_reference_kernel_type': 'wide-sparse'}
{'a_cols': 72, 'a_nonzero': 432, 'a_rows': 36, 'a_size': 2592, 'a_unique': 36, 'alpha': 1.0, 'beta': 0.0, 'density': 0.16666666666666666, 'mat_file': 'data/example_mats/quad/p5/gauss-legendre/m132.txt', 'xsmm_reference_avg': 21.118, 'xsmm_reference_best': 21.118, 'xsmm_reference_kernel_type': 'wide-sparse'}
{'a_cols': 36, 'a_nonzero': 432, 'a_rows': 72, 'a_size': 2592, 'a_unique': 36, 'alpha': 1.0, 'beta': 0.0, 'density': 0.16666666666666666, 'mat_file': 'data/example_mats/quad/p5/gauss-legendre/m460.txt', 'xsmm_reference_avg': 23.947, 'xsmm_reference_best': 23.947, 'xsmm_reference_kernel_type': 'wide-sparse'}
{'a_cols': 49, 'a_nonzero': 28, 'a_rows': 28, 'a_size': 1372, 'a_unique': 1, 'alpha': 1.0, 'beta': 0.0, 'density': 0.02040816326530612, 'mat_file': 'data/example_mats/quad/p6/gauss-legendre-lobatto/m0.txt', 'xsmm_reference_avg': 7.181, 'xsmm_reference_best': 7.181, 'xsmm_reference_kernel_type': 'wide-sparse'}
{'a_cols': 28, 'a_nonzero': 196, 'a_rows': 49, 'a_size': 1372, 'a_unique': 5, 'alpha': 1.0, 'beta': 0.0, 'density': 0.14285714285714285, 'mat_file': 'data/example_mats/quad/p6/gauss-legendre-lobatto/m3.txt', 'xsmm_reference_avg': 13.934, 'xsmm_reference_best': 13.934, 'xsmm_reference_kernel_type': 'wide-sparse'}
{'a_cols': 28, 'a_nonzero': 196, 'a_rows': 98, 'a_size': 2744, 'a_unique': 10, 'alpha': 1.0, 'beta': 0.0, 'density': 0.07142857142857142, 'mat_file': 'data/example_mats/quad/p6/gauss-legendre-lobatto/m6.txt', 'xsmm_reference_avg': 24.052, 'xsmm_reference_best': 24.052, 'xsmm_reference_kernel_type': 'wide-sparse'}
{'a_cols': 98, 'a_nonzero': 616, 'a_rows': 49, 'a_size': 4802, 'a_unique': 44, 'alpha': 1.0, 'beta': 0.0, 'density': 0.1282798833819242, 'mat_file': 'data/example_mats/quad/p6/gauss-legendre-lobatto/m132.txt', 'xsmm_reference_avg': 30.372, 'xsmm_reference_best': 30.372, 'xsmm_reference_kernel_type': 'wide-sparse'}
{'a_cols': 49, 'a_nonzero': 616, 'a_rows': 98, 'a_size': 4802, 'a_unique': 44, 'alpha': 1.0, 'beta': 0.0, 'density': 0.1282798833819242, 'mat_file': 'data/example_mats/quad/p6/gauss-legendre-lobatto/m460.txt', 'xsmm_reference_avg': 33.423, 'xsmm_reference_best': 33.423, 'xsmm_reference_kernel_type': 'wide-sparse'}
{'a_cols': 49, 'a_nonzero': 196, 'a_rows': 28, 'a_size': 1372, 'a_unique': 7, 'alpha': 1.0, 'beta': 0.0, 'density': 0.14285714285714285, 'mat_file': 'data/example_mats/quad/p6/gauss-legendre/m0.txt', 'xsmm_reference_avg': 13.718, 'xsmm_reference_best': 13.718, 'xsmm_reference_kernel_type': 'wide-sparse'}
{'a_cols': 28, 'a_nonzero': 196, 'a_rows': 49, 'a_size': 1372, 'a_unique': 7, 'alpha': 1.0, 'beta': 0.0, 'density': 0.14285714285714285, 'mat_file': 'data/example_mats/quad/p6/gauss-legendre/m3.txt', 'xsmm_reference_avg': 13.639, 'xsmm_reference_best': 13.639, 'xsmm_reference_kernel_type': 'wide-sparse'}
{'a_cols': 28, 'a_nonzero': 196, 'a_rows': 98, 'a_size': 2744, 'a_unique': 14, 'alpha': 1.0, 'beta': 0.0, 'density': 0.07142857142857142, 'mat_file': 'data/example_mats/quad/p6/gauss-legendre/m6.txt', 'xsmm_reference_avg': 23.998, 'xsmm_reference_best': 23.998, 'xsmm_reference_kernel_type': 'sparse'}
{'a_cols': 98, 'a_nonzero': 672, 'a_rows': 49, 'a_size': 4802, 'a_unique': 48, 'alpha': 1.0, 'beta': 0.0, 'density': 0.13994169096209913, 'mat_file': 'data/example_mats/quad/p6/gauss-legendre/m132.txt', 'xsmm_reference_avg': 31.252, 'xsmm_reference_best': 31.252, 'xsmm_reference_kernel_type': 'wide-sparse'}
{'a_cols': 49, 'a_nonzero': 672, 'a_rows': 98, 'a_size': 4802, 'a_unique': 48, 'alpha': 1.0, 'beta': 0.0, 'density': 0.13994169096209913, 'mat_file': 'data/example_mats/quad/p6/gauss-legendre/m460.txt', 'xsmm_reference_avg': 33.79, 'xsmm_reference_best': 33.79, 'xsmm_reference_kernel_type': 'wide-sparse'}
{'a_cols': 4, 'a_nonzero': 48, 'a_rows': 12, 'a_size': 48, 'a_unique': 3, 'alpha': 1.0, 'beta': 0.0, 'density': 1.0, 'mat_file': 'data/example_mats/tet/p1/shunn-ham/m0.txt', 'xsmm_reference_avg': 2.773, 'xsmm_reference_best': 2.773, 'xsmm_reference_kernel_type': 'sparse'}
{'a_cols': 12, 'a_nonzero': 48, 'a_rows': 4, 'a_size': 48, 'a_unique': 6, 'alpha': 1.0, 'beta': 0.0, 'density': 1.0, 'mat_file': 'data/example_mats/tet/p1/shunn-ham/m3.txt', 'xsmm_reference_avg': 1.885, 'xsmm_reference_best': 1.885, 'xsmm_reference_kernel_type': 'wide-sparse'}
{'a_cols': 12, 'a_nonzero': 72, 'a_rows': 12, 'a_size': 144, 'a_unique': 6, 'alpha': 1.0, 'beta': 0.0, 'density': 0.5, 'mat_file': 'data/example_mats/tet/p1/shunn-ham/m6.txt', 'xsmm_reference_avg': 3.377, 'xsmm_reference_best': 3.377, 'xsmm_reference_kernel_type': 'sparse'}
{'a_cols': 12, 'a_nonzero': 24, 'a_rows': 4, 'a_size': 48, 'a_unique': 2, 'alpha': 1.0, 'beta': 0.0, 'density': 0.5, 'mat_file': 'data/example_mats/tet/p1/shunn-ham/m132.txt', 'xsmm_reference_avg': 1.621, 'xsmm_reference_best': 1.621, 'xsmm_reference_kernel_type': 'sparse'}
{'a_cols': 4, 'a_nonzero': 24, 'a_rows': 12, 'a_size': 48, 'a_unique': 2, 'alpha': 1.0, 'beta': 0.0, 'density': 0.5, 'mat_file': 'data/example_mats/tet/p1/shunn-ham/m460.txt', 'xsmm_reference_avg': 1.408, 'xsmm_reference_best': 1.408, 'xsmm_reference_kernel_type': 'sparse'}
{'a_cols': 10, 'a_nonzero': 240, 'a_rows': 24, 'a_size': 240, 'a_unique': 14, 'alpha': 1.0, 'beta': 0.0, 'density': 1.0, 'mat_file': 'data/example_mats/tet/p2/shunn-ham/m0.txt', 'xsmm_reference_avg': 6.088, 'xsmm_reference_best': 6.088, 'xsmm_reference_kernel_type': 'dense'}
{'a_cols': 24, 'a_nonzero': 240, 'a_rows': 10, 'a_size': 240, 'a_unique': 28, 'alpha': 1.0, 'beta': 0.0, 'density': 1.0, 'mat_file': 'data/example_mats/tet/p2/shunn-ham/m3.txt', 'xsmm_reference_avg': 4.098, 'xsmm_reference_best': 4.098, 'xsmm_reference_kernel_type': 'dense'}
{'a_cols': 24, 'a_nonzero': 360, 'a_rows': 30, 'a_size': 720, 'a_unique': 28, 'alpha': 1.0, 'beta': 0.0, 'density': 0.5, 'mat_file': 'data/example_mats/tet/p2/shunn-ham/m6.txt', 'xsmm_reference_avg': 9.742, 'xsmm_reference_best': 9.742, 'xsmm_reference_kernel_type': 'dense'}
{'a_cols': 30, 'a_nonzero': 252, 'a_rows': 10, 'a_size': 300, 'a_unique': 46, 'alpha': 1.0, 'beta': 0.0, 'density': 0.84, 'mat_file': 'data/example_mats/tet/p2/shunn-ham/m132.txt', 'xsmm_reference_avg': 5.126, 'xsmm_reference_best': 5.126, 'xsmm_reference_kernel_type': 'dense'}
{'a_cols': 10, 'a_nonzero': 252, 'a_rows': 30, 'a_size': 300, 'a_unique': 46, 'alpha': 1.0, 'beta': 0.0, 'density': 0.84, 'mat_file': 'data/example_mats/tet/p2/shunn-ham/m460.txt', 'xsmm_reference_avg': 7.093, 'xsmm_reference_best': 7.093, 'xsmm_reference_kernel_type': 'dense'}
{'a_cols': 20, 'a_nonzero': 800, 'a_rows': 40, 'a_size': 800, 'a_unique': 40, 'alpha': 1.0, 'beta': 0.0, 'density': 1.0, 'mat_file': 'data/example_mats/tet/p3/shunn-ham/m0.txt', 'xsmm_reference_avg': 11.276, 'xsmm_reference_best': 11.276, 'xsmm_reference_kernel_type': 'dense'}
{'a_cols': 40, 'a_nonzero': 800, 'a_rows': 20, 'a_size': 800, 'a_unique': 80, 'alpha': 1.0, 'beta': 0.0, 'density': 1.0, 'mat_file': 'data/example_mats/tet/p3/shunn-ham/m3.txt', 'xsmm_reference_avg': 32.781, 'xsmm_reference_best': 32.781, 'xsmm_reference_kernel_type': 'dense'}
{'a_cols': 40, 'a_nonzero': 1200, 'a_rows': 60, 'a_size': 2400, 'a_unique': 80, 'alpha': 1.0, 'beta': 0.0, 'density': 0.5, 'mat_file': 'data/example_mats/tet/p3/shunn-ham/m6.txt', 'xsmm_reference_avg': 54.949, 'xsmm_reference_best': 54.949, 'xsmm_reference_kernel_type': 'dense'}
{'a_cols': 60, 'a_nonzero': 1092, 'a_rows': 20, 'a_size': 1200, 'a_unique': 200, 'alpha': 1.0, 'beta': 0.0, 'density': 0.91, 'mat_file': 'data/example_mats/tet/p3/shunn-ham/m132.txt', 'xsmm_reference_avg': 48.288, 'xsmm_reference_best': 48.288, 'xsmm_reference_kernel_type': 'dense'}
{'a_cols': 20, 'a_nonzero': 1092, 'a_rows': 60, 'a_size': 1200, 'a_unique': 200, 'alpha': 1.0, 'beta': 0.0, 'density': 0.91, 'mat_file': 'data/example_mats/tet/p3/shunn-ham/m460.txt', 'xsmm_reference_avg': 17.407, 'xsmm_reference_best': 17.407, 'xsmm_reference_kernel_type': 'dense'}
{'a_cols': 35, 'a_nonzero': 2100, 'a_rows': 60, 'a_size': 2100, 'a_unique': 101, 'alpha': 1.0, 'beta': 0.0, 'density': 1.0, 'mat_file': 'data/example_mats/tet/p4/shunn-ham/m0.txt', 'xsmm_reference_avg': 49.365, 'xsmm_reference_best': 49.365, 'xsmm_reference_kernel_type': 'dense'}
{'a_cols': 60, 'a_nonzero': 2100, 'a_rows': 35, 'a_size': 2100, 'a_unique': 202, 'alpha': 1.0, 'beta': 0.0, 'density': 1.0, 'mat_file': 'data/example_mats/tet/p4/shunn-ham/m3.txt', 'xsmm_reference_avg': 55.939, 'xsmm_reference_best': 55.939, 'xsmm_reference_kernel_type': 'dense'}
{'a_cols': 60, 'a_nonzero': 3150, 'a_rows': 105, 'a_size': 6300, 'a_unique': 202, 'alpha': 1.0, 'beta': 0.0, 'density': 0.5, 'mat_file': 'data/example_mats/tet/p4/shunn-ham/m6.txt', 'xsmm_reference_avg': 99.014, 'xsmm_reference_best': 99.014, 'xsmm_reference_kernel_type': 'dense'}
{'a_cols': 105, 'a_nonzero': 3432, 'a_rows': 35, 'a_size': 3675, 'a_unique': 608, 'alpha': 1.0, 'beta': 0.0, 'density': 0.9338775510204081, 'mat_file': 'data/example_mats/tet/p4/shunn-ham/m132.txt', 'xsmm_reference_avg': 98.174, 'xsmm_reference_best': 98.174, 'xsmm_reference_kernel_type': 'dense'}
{'a_cols': 35, 'a_nonzero': 3432, 'a_rows': 105, 'a_size': 3675, 'a_unique': 608, 'alpha': 1.0, 'beta': 0.0, 'density': 0.9338775510204081, 'mat_file': 'data/example_mats/tet/p4/shunn-ham/m460.txt', 'xsmm_reference_avg': 41.305, 'xsmm_reference_best': 41.305, 'xsmm_reference_kernel_type': 'dense'}
{'a_cols': 56, 'a_nonzero': 4704, 'a_rows': 84, 'a_size': 4704, 'a_unique': 214, 'alpha': 1.0, 'beta': 0.0, 'density': 1.0, 'mat_file': 'data/example_mats/tet/p5/shunn-ham/m0.txt', 'xsmm_reference_avg': 82.49, 'xsmm_reference_best': 82.49, 'xsmm_reference_kernel_type': 'dense'}
{'a_cols': 84, 'a_nonzero': 4704, 'a_rows': 56, 'a_size': 4704, 'a_unique': 428, 'alpha': 1.0, 'beta': 0.0, 'density': 1.0, 'mat_file': 'data/example_mats/tet/p5/shunn-ham/m3.txt', 'xsmm_reference_avg': 98.586, 'xsmm_reference_best': 98.586, 'xsmm_reference_kernel_type': 'dense'}
{'a_cols': 84, 'a_nonzero': 7056, 'a_rows': 168, 'a_size': 14112, 'a_unique': 428, 'alpha': 1.0, 'beta': 0.0, 'density': 0.5, 'mat_file': 'data/example_mats/tet/p5/shunn-ham/m6.txt', 'xsmm_reference_avg': 176.501, 'xsmm_reference_best': 176.501, 'xsmm_reference_kernel_type': 'dense'}
{'a_cols': 168, 'a_nonzero': 8976, 'a_rows': 56, 'a_size': 9408, 'a_unique': 1568, 'alpha': 1.0, 'beta': 0.0, 'density': 0.9540816326530612, 'mat_file': 'data/example_mats/tet/p5/shunn-ham/m132.txt', 'xsmm_reference_avg': 191.386, 'xsmm_reference_best': 191.386, 'xsmm_reference_kernel_type': 'dense'}
{'a_cols': 56, 'a_nonzero': 8976, 'a_rows': 168, 'a_size': 9408, 'a_unique': 1568, 'alpha': 1.0, 'beta': 0.0, 'density': 0.9540816326530612, 'mat_file': 'data/example_mats/tet/p5/shunn-ham/m460.txt', 'xsmm_reference_avg': 127.159, 'xsmm_reference_best': 127.159, 'xsmm_reference_kernel_type': 'dense'}
{'a_cols': 84, 'a_nonzero': 9408, 'a_rows': 112, 'a_size': 9408, 'a_unique': 425, 'alpha': 1.0, 'beta': 0.0, 'density': 1.0, 'mat_file': 'data/example_mats/tet/p6/shunn-ham/m0.txt', 'xsmm_reference_avg': 139.818, 'xsmm_reference_best': 139.818, 'xsmm_reference_kernel_type': 'dense'}
{'a_cols': 112, 'a_nonzero': 9408, 'a_rows': 84, 'a_size': 9408, 'a_unique': 850, 'alpha': 1.0, 'beta': 0.0, 'density': 1.0, 'mat_file': 'data/example_mats/tet/p6/shunn-ham/m3.txt', 'xsmm_reference_avg': 160.26999999999998, 'xsmm_reference_best': 160.26999999999998, 'xsmm_reference_kernel_type': 'dense'}
{'a_cols': 112, 'a_nonzero': 14112, 'a_rows': 252, 'a_size': 28224, 'a_unique': 850, 'alpha': 1.0, 'beta': 0.0, 'density': 0.5, 'mat_file': 'data/example_mats/tet/p6/shunn-ham/m6.txt', 'xsmm_reference_avg': 298.00199999999995, 'xsmm_reference_best': 298.00199999999995, 'xsmm_reference_kernel_type': 'dense'}
{'a_cols': 252, 'a_nonzero': 20400, 'a_rows': 84, 'a_size': 21168, 'a_unique': 3520, 'alpha': 1.0, 'beta': 0.0, 'density': 0.963718820861678, 'mat_file': 'data/example_mats/tet/p6/shunn-ham/m132.txt', 'xsmm_reference_avg': 379.56100000000004, 'xsmm_reference_best': 379.56100000000004, 'xsmm_reference_kernel_type': 'dense'}
{'a_cols': 84, 'a_nonzero': 20400, 'a_rows': 252, 'a_size': 21168, 'a_unique': 3520, 'alpha': 1.0, 'beta': 0.0, 'density': 0.963718820861678, 'mat_file': 'data/example_mats/tet/p6/shunn-ham/m460.txt', 'xsmm_reference_avg': 227.37, 'xsmm_reference_best': 227.37, 'xsmm_reference_kernel_type': 'dense'}
{'a_cols': 3, 'a_nonzero': 18, 'a_rows': 6, 'a_size': 18, 'a_unique': 3, 'alpha': 1.0, 'beta': 0.0, 'density': 1.0, 'mat_file': 'data/example_mats/tri/p1/williams-shunn/m0.txt', 'xsmm_reference_avg': 1.419, 'xsmm_reference_best': 1.419, 'xsmm_reference_kernel_type': 'wide-sparse'}
{'a_cols': 6, 'a_nonzero': 18, 'a_rows': 3, 'a_size': 18, 'a_unique': 6, 'alpha': 1.0, 'beta': 0.0, 'density': 1.0, 'mat_file': 'data/example_mats/tri/p1/williams-shunn/m3.txt', 'xsmm_reference_avg': 1.037, 'xsmm_reference_best': 1.037, 'xsmm_reference_kernel_type': 'wide-sparse'}
{'a_cols': 6, 'a_nonzero': 24, 'a_rows': 6, 'a_size': 36, 'a_unique': 6, 'alpha': 1.0, 'beta': 0.0, 'density': 0.6666666666666666, 'mat_file': 'data/example_mats/tri/p1/williams-shunn/m6.txt', 'xsmm_reference_avg': 1.522, 'xsmm_reference_best': 1.522, 'xsmm_reference_kernel_type': 'wide-sparse'}
{'a_cols': 6, 'a_nonzero': 12, 'a_rows': 3, 'a_size': 18, 'a_unique': 2, 'alpha': 1.0, 'beta': 0.0, 'density': 0.6666666666666666, 'mat_file': 'data/example_mats/tri/p1/williams-shunn/m132.txt', 'xsmm_reference_avg': 1.024, 'xsmm_reference_best': 1.024, 'xsmm_reference_kernel_type': 'wide-sparse'}
{'a_cols': 3, 'a_nonzero': 12, 'a_rows': 6, 'a_size': 18, 'a_unique': 2, 'alpha': 1.0, 'beta': 0.0, 'density': 0.6666666666666666, 'mat_file': 'data/example_mats/tri/p1/williams-shunn/m460.txt', 'xsmm_reference_avg': 0.944, 'xsmm_reference_best': 0.944, 'xsmm_reference_kernel_type': 'sparse'}
{'a_cols': 6, 'a_nonzero': 54, 'a_rows': 9, 'a_size': 54, 'a_unique': 10, 'alpha': 1.0, 'beta': 0.0, 'density': 1.0, 'mat_file': 'data/example_mats/tri/p2/williams-shunn/m0.txt', 'xsmm_reference_avg': 2.289, 'xsmm_reference_best': 2.289, 'xsmm_reference_kernel_type': 'sparse'}
{'a_cols': 9, 'a_nonzero': 54, 'a_rows': 6, 'a_size': 54, 'a_unique': 20, 'alpha': 1.0, 'beta': 0.0, 'density': 1.0, 'mat_file': 'data/example_mats/tri/p2/williams-shunn/m3.txt', 'xsmm_reference_avg': 2.072, 'xsmm_reference_best': 2.072, 'xsmm_reference_kernel_type': 'wide-sparse'}
{'a_cols': 9, 'a_nonzero': 72, 'a_rows': 12, 'a_size': 108, 'a_unique': 20, 'alpha': 1.0, 'beta': 0.0, 'density': 0.6666666666666666, 'mat_file': 'data/example_mats/tri/p2/williams-shunn/m6.txt', 'xsmm_reference_avg': 3.113, 'xsmm_reference_best': 3.113, 'xsmm_reference_kernel_type': 'wide-sparse'}
{'a_cols': 12, 'a_nonzero': 64, 'a_rows': 6, 'a_size': 72, 'a_unique': 28, 'alpha': 1.0, 'beta': 0.0, 'density': 0.8888888888888888, 'mat_file': 'data/example_mats/tri/p2/williams-shunn/m132.txt', 'xsmm_reference_avg': 2.438, 'xsmm_reference_best': 2.438, 'xsmm_reference_kernel_type': 'wide-sparse'}
{'a_cols': 6, 'a_nonzero': 64, 'a_rows': 12, 'a_size': 72, 'a_unique': 28, 'alpha': 1.0, 'beta': 0.0, 'density': 0.8888888888888888, 'mat_file': 'data/example_mats/tri/p2/williams-shunn/m460.txt', 'xsmm_reference_avg': 3.181, 'xsmm_reference_best': 3.181, 'xsmm_reference_kernel_type': 'sparse'}
{'a_cols': 10, 'a_nonzero': 120, 'a_rows': 12, 'a_size': 120, 'a_unique': 20, 'alpha': 1.0, 'beta': 0.0, 'density': 1.0, 'mat_file': 'data/example_mats/tri/p3/williams-shunn/m0.txt', 'xsmm_reference_avg': 3.622, 'xsmm_reference_best': 3.622, 'xsmm_reference_kernel_type': 'wide-sparse'}
{'a_cols': 12, 'a_nonzero': 120, 'a_rows': 10, 'a_size': 120, 'a_unique': 40, 'alpha': 1.0, 'beta': 0.0, 'density': 1.0, 'mat_file': 'data/example_mats/tri/p3/williams-shunn/m3.txt', 'xsmm_reference_avg': 2.926, 'xsmm_reference_best': 2.926, 'xsmm_reference_kernel_type': 'dense'}
{'a_cols': 12, 'a_nonzero': 160, 'a_rows': 20, 'a_size': 240, 'a_unique': 40, 'alpha': 1.0, 'beta': 0.0, 'density': 0.6666666666666666, 'mat_file': 'data/example_mats/tri/p3/williams-shunn/m6.txt', 'xsmm_reference_avg': 5.311, 'xsmm_reference_best': 5.311, 'xsmm_reference_kernel_type': 'wide-sparse'}
{'a_cols': 20, 'a_nonzero': 192, 'a_rows': 10, 'a_size': 200, 'a_unique': 96, 'alpha': 1.0, 'beta': 0.0, 'density': 0.96, 'mat_file': 'data/example_mats/tri/p3/williams-shunn/m132.txt', 'xsmm_reference_avg': 3.743, 'xsmm_reference_best': 3.743, 'xsmm_reference_kernel_type': 'dense'}
{'a_cols': 10, 'a_nonzero': 192, 'a_rows': 20, 'a_size': 200, 'a_unique': 96, 'alpha': 1.0, 'beta': 0.0, 'density': 0.96, 'mat_file': 'data/example_mats/tri/p3/williams-shunn/m460.txt', 'xsmm_reference_avg': 4.995, 'xsmm_reference_best': 4.995, 'xsmm_reference_kernel_type': 'dense'}
{'a_cols': 15, 'a_nonzero': 225, 'a_rows': 15, 'a_size': 225, 'a_unique': 39, 'alpha': 1.0, 'beta': 0.0, 'density': 1.0, 'mat_file': 'data/example_mats/tri/p4/williams-shunn/m0.txt', 'xsmm_reference_avg': 4.691, 'xsmm_reference_best': 4.691, 'xsmm_reference_kernel_type': 'dense'}
{'a_cols': 15, 'a_nonzero': 225, 'a_rows': 15, 'a_size': 225, 'a_unique': 78, 'alpha': 1.0, 'beta': 0.0, 'density': 1.0, 'mat_file': 'data/example_mats/tri/p4/williams-shunn/m3.txt', 'xsmm_reference_avg': 4.692, 'xsmm_reference_best': 4.692, 'xsmm_reference_kernel_type': 'dense'}
{'a_cols': 15, 'a_nonzero': 300, 'a_rows': 30, 'a_size': 450, 'a_unique': 78, 'alpha': 1.0, 'beta': 0.0, 'density': 0.6666666666666666, 'mat_file': 'data/example_mats/tri/p4/williams-shunn/m6.txt', 'xsmm_reference_avg': 8.213, 'xsmm_reference_best': 8.213, 'xsmm_reference_kernel_type': 'dense'}
{'a_cols': 30, 'a_nonzero': 432, 'a_rows': 15, 'a_size': 450, 'a_unique': 216, 'alpha': 1.0, 'beta': 0.0, 'density': 0.96, 'mat_file': 'data/example_mats/tri/p4/williams-shunn/m132.txt', 'xsmm_reference_avg': 6.912, 'xsmm_reference_best': 6.912, 'xsmm_reference_kernel_type': 'dense'}
{'a_cols': 15, 'a_nonzero': 432, 'a_rows': 30, 'a_size': 450, 'a_unique': 216, 'alpha': 1.0, 'beta': 0.0, 'density': 0.96, 'mat_file': 'data/example_mats/tri/p4/williams-shunn/m460.txt', 'xsmm_reference_avg': 8.227, 'xsmm_reference_best': 8.227, 'xsmm_reference_kernel_type': 'dense'}
{'a_cols': 21, 'a_nonzero': 378, 'a_rows': 18, 'a_size': 378, 'a_unique': 63, 'alpha': 1.0, 'beta': 0.0, 'density': 1.0, 'mat_file': 'data/example_mats/tri/p5/williams-shunn/m0.txt', 'xsmm_reference_avg': 6.01, 'xsmm_reference_best': 6.01, 'xsmm_reference_kernel_type': 'dense'}
{'a_cols': 18, 'a_nonzero': 378, 'a_rows': 21, 'a_size': 378, 'a_unique': 126, 'alpha': 1.0, 'beta': 0.0, 'density': 1.0, 'mat_file': 'data/example_mats/tri/p5/williams-shunn/m3.txt', 'xsmm_reference_avg': 6.409, 'xsmm_reference_best': 6.409, 'xsmm_reference_kernel_type': 'dense'}
{'a_cols': 18, 'a_nonzero': 504, 'a_rows': 42, 'a_size': 756, 'a_unique': 126, 'alpha': 1.0, 'beta': 0.0, 'density': 0.6666666666666666, 'mat_file': 'data/example_mats/tri/p5/williams-shunn/m6.txt', 'xsmm_reference_avg': 11.592, 'xsmm_reference_best': 11.592, 'xsmm_reference_kernel_type': 'dense'}
{'a_cols': 42, 'a_nonzero': 864, 'a_rows': 21, 'a_size': 882, 'a_unique': 432, 'alpha': 1.0, 'beta': 0.0, 'density': 0.9795918367346939, 'mat_file': 'data/example_mats/tri/p5/williams-shunn/m132.txt', 'xsmm_reference_avg': 35.499, 'xsmm_reference_best': 35.499, 'xsmm_reference_kernel_type': 'dense'}
{'a_cols': 21, 'a_nonzero': 864, 'a_rows': 42, 'a_size': 882, 'a_unique': 432, 'alpha': 1.0, 'beta': 0.0, 'density': 0.9795918367346939, 'mat_file': 'data/example_mats/tri/p5/williams-shunn/m460.txt', 'xsmm_reference_avg': 11.93, 'xsmm_reference_best': 11.93, 'xsmm_reference_kernel_type': 'dense'}
{'a_cols': 28, 'a_nonzero': 588, 'a_rows': 21, 'a_size': 588, 'a_unique': 100, 'alpha': 1.0, 'beta': 0.0, 'density': 1.0, 'mat_file': 'data/example_mats/tri/p6/williams-shunn/m0.txt', 'xsmm_reference_avg': 7.811, 'xsmm_reference_best': 7.811, 'xsmm_reference_kernel_type': 'dense'}
{'a_cols': 21, 'a_nonzero': 588, 'a_rows': 28, 'a_size': 588, 'a_unique': 200, 'alpha': 1.0, 'beta': 0.0, 'density': 1.0, 'mat_file': 'data/example_mats/tri/p6/williams-shunn/m3.txt', 'xsmm_reference_avg': 9.016, 'xsmm_reference_best': 9.016, 'xsmm_reference_kernel_type': 'dense'}
{'a_cols': 21, 'a_nonzero': 784, 'a_rows': 56, 'a_size': 1176, 'a_unique': 200, 'alpha': 1.0, 'beta': 0.0, 'density': 0.6666666666666666, 'mat_file': 'data/example_mats/tri/p6/williams-shunn/m6.txt', 'xsmm_reference_avg': 17.117, 'xsmm_reference_best': 17.117, 'xsmm_reference_kernel_type': 'dense'}
{'a_cols': 56, 'a_nonzero': 1536, 'a_rows': 28, 'a_size': 1568, 'a_unique': 768, 'alpha': 1.0, 'beta': 0.0, 'density': 0.9795918367346939, 'mat_file': 'data/example_mats/tri/p6/williams-shunn/m132.txt', 'xsmm_reference_avg': 54.236, 'xsmm_reference_best': 54.236, 'xsmm_reference_kernel_type': 'dense'}
{'a_cols': 28, 'a_nonzero': 1536, 'a_rows': 56, 'a_size': 1568, 'a_unique': 768, 'alpha': 1.0, 'beta': 0.0, 'density': 0.9795918367346939, 'mat_file': 'data/example_mats/tri/p6/williams-shunn/m460.txt', 'xsmm_reference_avg': 19.157, 'xsmm_reference_best': 19.157, 'xsmm_reference_kernel_type': 'dense'}
