{'a_cols': 8, 'a_nonzero': 48, 'a_rows': 24, 'a_size': 192, 'a_unique': 2, 'alpha': 1.0, 'beta': 0.0, 'density': 0.25, 'mat_file': 'data/example_mats/hex/p1/gauss-legendre/m0.txt', 'xsmm_reference_avg': 5.346, 'xsmm_reference_best': 5.346, 'xsmm_reference_kernel_type': 'wide-sparse'}
{'a_cols': 24, 'a_nonzero': 48, 'a_rows': 8, 'a_size': 192, 'a_unique': 2, 'alpha': 1.0, 'beta': 0.0, 'density': 0.25, 'mat_file': 'data/example_mats/hex/p1/gauss-legendre/m3.txt', 'xsmm_reference_avg': 3.44, 'xsmm_reference_best': 3.44, 'xsmm_reference_kernel_type': 'wide-sparse'}
{'a_cols': 24, 'a_nonzero': 48, 'a_rows': 24, 'a_size': 576, 'a_unique': 4, 'alpha': 1.0, 'beta': 0.0, 'density': 0.08333333333333333, 'mat_file': 'data/example_mats/hex/p1/gauss-legendre/m6.txt', 'xsmm_reference_avg': 6.103, 'xsmm_reference_best': 6.103, 'xsmm_reference_kernel_type': 'wide-sparse'}
{'a_cols': 24, 'a_nonzero': 48, 'a_rows': 8, 'a_size': 192, 'a_unique': 2, 'alpha': 1.0, 'beta': 0.0, 'density': 0.25, 'mat_file': 'data/example_mats/hex/p1/gauss-legendre/m132.txt', 'xsmm_reference_avg': 3.48, 'xsmm_reference_best': 3.48, 'xsmm_reference_kernel_type': 'wide-sparse'}
{'a_cols': 8, 'a_nonzero': 48, 'a_rows': 24, 'a_size': 192, 'a_unique': 2, 'alpha': 1.0, 'beta': 0.0, 'density': 0.25, 'mat_file': 'data/example_mats/hex/p1/gauss-legendre/m460.txt', 'xsmm_reference_avg': 5.42, 'xsmm_reference_best': 5.42, 'xsmm_reference_kernel_type': 'wide-sparse'}
{'a_cols': 27, 'a_nonzero': 54, 'a_rows': 54, 'a_size': 1458, 'a_unique': 1, 'alpha': 1.0, 'beta': 0.0, 'density': 0.037037037037037035, 'mat_file': 'data/example_mats/hex/p2/gauss-legendre-lobatto/m0.txt', 'xsmm_reference_avg': 13.089, 'xsmm_reference_best': 13.089, 'xsmm_reference_kernel_type': 'wide-sparse'}
{'a_cols': 54, 'a_nonzero': 162, 'a_rows': 27, 'a_size': 1458, 'a_unique': 3, 'alpha': 1.0, 'beta': 0.0, 'density': 0.1111111111111111, 'mat_file': 'data/example_mats/hex/p2/gauss-legendre-lobatto/m3.txt', 'xsmm_reference_avg': 20.83, 'xsmm_reference_best': 20.83, 'xsmm_reference_kernel_type': 'wide-sparse'}
{'a_cols': 54, 'a_nonzero': 162, 'a_rows': 81, 'a_size': 4374, 'a_unique': 6, 'alpha': 1.0, 'beta': 0.0, 'density': 0.037037037037037035, 'mat_file': 'data/example_mats/hex/p2/gauss-legendre-lobatto/m6.txt', 'xsmm_reference_avg': 30.806, 'xsmm_reference_best': 30.806, 'xsmm_reference_kernel_type': 'sparse'}
{'a_cols': 81, 'a_nonzero': 216, 'a_rows': 27, 'a_size': 2187, 'a_unique': 6, 'alpha': 1.0, 'beta': 0.0, 'density': 0.09876543209876543, 'mat_file': 'data/example_mats/hex/p2/gauss-legendre-lobatto/m132.txt', 'xsmm_reference_avg': 28.879, 'xsmm_reference_best': 28.879, 'xsmm_reference_kernel_type': 'wide-sparse'}
{'a_cols': 27, 'a_nonzero': 216, 'a_rows': 81, 'a_size': 2187, 'a_unique': 6, 'alpha': 1.0, 'beta': 0.0, 'density': 0.09876543209876543, 'mat_file': 'data/example_mats/hex/p2/gauss-legendre-lobatto/m460.txt', 'xsmm_reference_avg': 21.065, 'xsmm_reference_best': 21.065, 'xsmm_reference_kernel_type': 'wide-sparse'}
{'a_cols': 27, 'a_nonzero': 162, 'a_rows': 54, 'a_size': 1458, 'a_unique': 3, 'alpha': 1.0, 'beta': 0.0, 'density': 0.1111111111111111, 'mat_file': 'data/example_mats/hex/p2/gauss-legendre/m0.txt', 'xsmm_reference_avg': 15.565, 'xsmm_reference_best': 15.565, 'xsmm_reference_kernel_type': 'wide-sparse'}
{'a_cols': 54, 'a_nonzero': 162, 'a_rows': 27, 'a_size': 1458, 'a_unique': 3, 'alpha': 1.0, 'beta': 0.0, 'density': 0.1111111111111111, 'mat_file': 'data/example_mats/hex/p2/gauss-legendre/m3.txt', 'xsmm_reference_avg': 20.995, 'xsmm_reference_best': 20.995, 'xsmm_reference_kernel_type': 'wide-sparse'}
{'a_cols': 54, 'a_nonzero': 162, 'a_rows': 81, 'a_size': 4374, 'a_unique': 6, 'alpha': 1.0, 'beta': 0.0, 'density': 0.037037037037037035, 'mat_file': 'data/example_mats/hex/p2/gauss-legendre/m6.txt', 'xsmm_reference_avg': 31.964, 'xsmm_reference_best': 31.964, 'xsmm_reference_kernel_type': 'wide-sparse'}
{'a_cols': 81, 'a_nonzero': 216, 'a_rows': 27, 'a_size': 2187, 'a_unique': 8, 'alpha': 1.0, 'beta': 0.0, 'density': 0.09876543209876543, 'mat_file': 'data/example_mats/hex/p2/gauss-legendre/m132.txt', 'xsmm_reference_avg': 28.842, 'xsmm_reference_best': 28.842, 'xsmm_reference_kernel_type': 'wide-sparse'}
{'a_cols': 27, 'a_nonzero': 216, 'a_rows': 81, 'a_size': 2187, 'a_unique': 8, 'alpha': 1.0, 'beta': 0.0, 'density': 0.09876543209876543, 'mat_file': 'data/example_mats/hex/p2/gauss-legendre/m460.txt', 'xsmm_reference_avg': 21.1, 'xsmm_reference_best': 21.1, 'xsmm_reference_kernel_type': 'wide-sparse'}
{'a_cols': 64, 'a_nonzero': 96, 'a_rows': 96, 'a_size': 6144, 'a_unique': 1, 'alpha': 1.0, 'beta': 0.0, 'density': 0.015625, 'mat_file': 'data/example_mats/hex/p3/gauss-legendre-lobatto/m0.txt', 'xsmm_reference_avg': 34.634, 'xsmm_reference_best': 34.634, 'xsmm_reference_kernel_type': 'wide-sparse'}
{'a_cols': 96, 'a_nonzero': 384, 'a_rows': 64, 'a_size': 6144, 'a_unique': 4, 'alpha': 1.0, 'beta': 0.0, 'density': 0.0625, 'mat_file': 'data/example_mats/hex/p3/gauss-legendre-lobatto/m3.txt', 'xsmm_reference_avg': 41.925, 'xsmm_reference_best': 41.925, 'xsmm_reference_kernel_type': 'wide-sparse'}
{'a_cols': 96, 'a_nonzero': 384, 'a_rows': 192, 'a_size': 18432, 'a_unique': 6, 'alpha': 1.0, 'beta': 0.0, 'density': 0.020833333333333332, 'mat_file': 'data/example_mats/hex/p3/gauss-legendre-lobatto/m6.txt', 'xsmm_reference_avg': 64.99099999999999, 'xsmm_reference_best': 64.99099999999999, 'xsmm_reference_kernel_type': 'wide-sparse'}
{'a_cols': 192, 'a_nonzero': 672, 'a_rows': 64, 'a_size': 12288, 'a_unique': 14, 'alpha': 1.0, 'beta': 0.0, 'density': 0.0546875, 'mat_file': 'data/example_mats/hex/p3/gauss-legendre-lobatto/m132.txt', 'xsmm_reference_avg': 70.373, 'xsmm_reference_best': 70.373, 'xsmm_reference_kernel_type': 'wide-sparse'}
{'a_cols': 64, 'a_nonzero': 672, 'a_rows': 192, 'a_size': 12288, 'a_unique': 14, 'alpha': 1.0, 'beta': 0.0, 'density': 0.0546875, 'mat_file': 'data/example_mats/hex/p3/gauss-legendre-lobatto/m460.txt', 'xsmm_reference_avg': 55.974, 'xsmm_reference_best': 55.974, 'xsmm_reference_kernel_type': 'wide-sparse'}
{'a_cols': 64, 'a_nonzero': 384, 'a_rows': 96, 'a_size': 6144, 'a_unique': 4, 'alpha': 1.0, 'beta': 0.0, 'density': 0.0625, 'mat_file': 'data/example_mats/hex/p3/gauss-legendre/m0.txt', 'xsmm_reference_avg': 32.666, 'xsmm_reference_best': 32.666, 'xsmm_reference_kernel_type': 'wide-sparse'}
{'a_cols': 96, 'a_nonzero': 384, 'a_rows': 64, 'a_size': 6144, 'a_unique': 4, 'alpha': 1.0, 'beta': 0.0, 'density': 0.0625, 'mat_file': 'data/example_mats/hex/p3/gauss-legendre/m3.txt', 'xsmm_reference_avg': 41.758, 'xsmm_reference_best': 41.758, 'xsmm_reference_kernel_type': 'wide-sparse'}
{'a_cols': 96, 'a_nonzero': 384, 'a_rows': 192, 'a_size': 18432, 'a_unique': 8, 'alpha': 1.0, 'beta': 0.0, 'density': 0.020833333333333332, 'mat_file': 'data/example_mats/hex/p3/gauss-legendre/m6.txt', 'xsmm_reference_avg': 64.935, 'xsmm_reference_best': 64.935, 'xsmm_reference_kernel_type': 'wide-sparse'}
{'a_cols': 192, 'a_nonzero': 768, 'a_rows': 64, 'a_size': 12288, 'a_unique': 16, 'alpha': 1.0, 'beta': 0.0, 'density': 0.0625, 'mat_file': 'data/example_mats/hex/p3/gauss-legendre/m132.txt', 'xsmm_reference_avg': 67.317, 'xsmm_reference_best': 67.317, 'xsmm_reference_kernel_type': 'wide-sparse'}
{'a_cols': 64, 'a_nonzero': 768, 'a_rows': 192, 'a_size': 12288, 'a_unique': 16, 'alpha': 1.0, 'beta': 0.0, 'density': 0.0625, 'mat_file': 'data/example_mats/hex/p3/gauss-legendre/m460.txt', 'xsmm_reference_avg': 56.79200000000003, 'xsmm_reference_best': 56.79200000000003, 'xsmm_reference_kernel_type': 'wide-sparse'}
{'a_cols': 125, 'a_nonzero': 150, 'a_rows': 150, 'a_size': 18750, 'a_unique': 1, 'alpha': 1.0, 'beta': 0.0, 'density': 0.008, 'mat_file': 'data/example_mats/hex/p4/gauss-legendre-lobatto/m0.txt', 'xsmm_reference_avg': 57.791, 'xsmm_reference_best': 57.791, 'xsmm_reference_kernel_type': 'wide-sparse'}
{'a_cols': 150, 'a_nonzero': 750, 'a_rows': 125, 'a_size': 18750, 'a_unique': 4, 'alpha': 1.0, 'beta': 0.0, 'density': 0.04, 'mat_file': 'data/example_mats/hex/p4/gauss-legendre-lobatto/m3.txt', 'xsmm_reference_avg': 74.047, 'xsmm_reference_best': 74.047, 'xsmm_reference_kernel_type': 'wide-sparse'}
{'a_cols': 150, 'a_nonzero': 750, 'a_rows': 375, 'a_size': 56250, 'a_unique': 8, 'alpha': 1.0, 'beta': 0.0, 'density': 0.013333333333333334, 'mat_file': 'data/example_mats/hex/p4/gauss-legendre-lobatto/m6.txt', 'xsmm_reference_avg': 119.704, 'xsmm_reference_best': 119.704, 'xsmm_reference_kernel_type': 'wide-sparse'}
{'a_cols': 375, 'a_nonzero': 1650, 'a_rows': 125, 'a_size': 46875, 'a_unique': 22, 'alpha': 1.0, 'beta': 0.0, 'density': 0.0352, 'mat_file': 'data/example_mats/hex/p4/gauss-legendre-lobatto/m132.txt', 'xsmm_reference_avg': 159.667, 'xsmm_reference_best': 159.667, 'xsmm_reference_kernel_type': 'wide-sparse'}
{'a_cols': 125, 'a_nonzero': 1650, 'a_rows': 375, 'a_size': 46875, 'a_unique': 22, 'alpha': 1.0, 'beta': 0.0, 'density': 0.0352, 'mat_file': 'data/example_mats/hex/p4/gauss-legendre-lobatto/m460.txt', 'xsmm_reference_avg': 130.381, 'xsmm_reference_best': 130.381, 'xsmm_reference_kernel_type': 'wide-sparse'}
{'a_cols': 125, 'a_nonzero': 750, 'a_rows': 150, 'a_size': 18750, 'a_unique': 5, 'alpha': 1.0, 'beta': 0.0, 'density': 0.04, 'mat_file': 'data/example_mats/hex/p4/gauss-legendre/m0.txt', 'xsmm_reference_avg': 63.269, 'xsmm_reference_best': 63.269, 'xsmm_reference_kernel_type': 'wide-sparse'}
{'a_cols': 150, 'a_nonzero': 750, 'a_rows': 125, 'a_size': 18750, 'a_unique': 5, 'alpha': 1.0, 'beta': 0.0, 'density': 0.04, 'mat_file': 'data/example_mats/hex/p4/gauss-legendre/m3.txt', 'xsmm_reference_avg': 73.85, 'xsmm_reference_best': 73.85, 'xsmm_reference_kernel_type': 'wide-sparse'}
{'a_cols': 150, 'a_nonzero': 750, 'a_rows': 375, 'a_size': 56250, 'a_unique': 10, 'alpha': 1.0, 'beta': 0.0, 'density': 0.013333333333333334, 'mat_file': 'data/example_mats/hex/p4/gauss-legendre/m6.txt', 'xsmm_reference_avg': 119.621, 'xsmm_reference_best': 119.621, 'xsmm_reference_kernel_type': 'wide-sparse'}
{'a_cols': 375, 'a_nonzero': 1800, 'a_rows': 125, 'a_size': 46875, 'a_unique': 24, 'alpha': 1.0, 'beta': 0.0, 'density': 0.0384, 'mat_file': 'data/example_mats/hex/p4/gauss-legendre/m132.txt', 'xsmm_reference_avg': 153.26700000000005, 'xsmm_reference_best': 153.26700000000005, 'xsmm_reference_kernel_type': 'wide-sparse'}
{'a_cols': 125, 'a_nonzero': 1800, 'a_rows': 375, 'a_size': 46875, 'a_unique': 24, 'alpha': 1.0, 'beta': 0.0, 'density': 0.0384, 'mat_file': 'data/example_mats/hex/p4/gauss-legendre/m460.txt', 'xsmm_reference_avg': 132.54899999999998, 'xsmm_reference_best': 132.54899999999998, 'xsmm_reference_kernel_type': 'wide-sparse'}
{'a_cols': 216, 'a_nonzero': 216, 'a_rows': 216, 'a_size': 46656, 'a_unique': 1, 'alpha': 1.0, 'beta': 0.0, 'density': 0.004629629629629629, 'mat_file': 'data/example_mats/hex/p5/gauss-legendre-lobatto/m0.txt', 'xsmm_reference_avg': 87.51999999999998, 'xsmm_reference_best': 87.51999999999998, 'xsmm_reference_kernel_type': 'wide-sparse'}
{'a_cols': 216, 'a_nonzero': 1296, 'a_rows': 216, 'a_size': 46656, 'a_unique': 6, 'alpha': 1.0, 'beta': 0.0, 'density': 0.027777777777777776, 'mat_file': 'data/example_mats/hex/p5/gauss-legendre-lobatto/m3.txt', 'xsmm_reference_avg': 108.297, 'xsmm_reference_best': 108.297, 'xsmm_reference_kernel_type': 'wide-sparse'}
{'a_cols': 216, 'a_nonzero': 1296, 'a_rows': 648, 'a_size': 139968, 'a_unique': 8, 'alpha': 1.0, 'beta': 0.0, 'density': 0.009259259259259259, 'mat_file': 'data/example_mats/hex/p5/gauss-legendre-lobatto/m6.txt', 'xsmm_reference_avg': 203.58, 'xsmm_reference_best': 203.58, 'xsmm_reference_kernel_type': 'wide-sparse'}
{'a_cols': 648, 'a_nonzero': 3456, 'a_rows': 216, 'a_size': 139968, 'a_unique': 32, 'alpha': 1.0, 'beta': 0.0, 'density': 0.024691358024691357, 'mat_file': 'data/example_mats/hex/p5/gauss-legendre-lobatto/m132.txt', 'xsmm_reference_avg': 327.692, 'xsmm_reference_best': 327.692, 'xsmm_reference_kernel_type': 'wide-sparse'}
{'a_cols': 216, 'a_nonzero': 3456, 'a_rows': 648, 'a_size': 139968, 'a_unique': 32, 'alpha': 1.0, 'beta': 0.0, 'density': 0.024691358024691357, 'mat_file': 'data/example_mats/hex/p5/gauss-legendre-lobatto/m460.txt', 'xsmm_reference_avg': 246.06, 'xsmm_reference_best': 246.06, 'xsmm_reference_kernel_type': 'sparse'}
{'a_cols': 216, 'a_nonzero': 1296, 'a_rows': 216, 'a_size': 46656, 'a_unique': 6, 'alpha': 1.0, 'beta': 0.0, 'density': 0.027777777777777776, 'mat_file': 'data/example_mats/hex/p5/gauss-legendre/m0.txt', 'xsmm_reference_avg': 107.883, 'xsmm_reference_best': 107.883, 'xsmm_reference_kernel_type': 'wide-sparse'}
{'a_cols': 216, 'a_nonzero': 1296, 'a_rows': 216, 'a_size': 46656, 'a_unique': 6, 'alpha': 1.0, 'beta': 0.0, 'density': 0.027777777777777776, 'mat_file': 'data/example_mats/hex/p5/gauss-legendre/m3.txt', 'xsmm_reference_avg': 108.494, 'xsmm_reference_best': 108.494, 'xsmm_reference_kernel_type': 'wide-sparse'}
{'a_cols': 216, 'a_nonzero': 1296, 'a_rows': 648, 'a_size': 139968, 'a_unique': 12, 'alpha': 1.0, 'beta': 0.0, 'density': 0.009259259259259259, 'mat_file': 'data/example_mats/hex/p5/gauss-legendre/m6.txt', 'xsmm_reference_avg': 203.891, 'xsmm_reference_best': 203.891, 'xsmm_reference_kernel_type': 'wide-sparse'}
{'a_cols': 648, 'a_nonzero': 3888, 'a_rows': 216, 'a_size': 139968, 'a_unique': 36, 'alpha': 1.0, 'beta': 0.0, 'density': 0.027777777777777776, 'mat_file': 'data/example_mats/hex/p5/gauss-legendre/m132.txt', 'xsmm_reference_avg': 372.514, 'xsmm_reference_best': 372.514, 'xsmm_reference_kernel_type': 'sparse'}
{'a_cols': 216, 'a_nonzero': 3888, 'a_rows': 648, 'a_size': 139968, 'a_unique': 36, 'alpha': 1.0, 'beta': 0.0, 'density': 0.027777777777777776, 'mat_file': 'data/example_mats/hex/p5/gauss-legendre/m460.txt', 'xsmm_reference_avg': 256.742, 'xsmm_reference_best': 256.742, 'xsmm_reference_kernel_type': 'sparse'}
{'a_cols': 343, 'a_nonzero': 294, 'a_rows': 294, 'a_size': 100842, 'a_unique': 1, 'alpha': 1.0, 'beta': 0.0, 'density': 0.0029154518950437317, 'mat_file': 'data/example_mats/hex/p6/gauss-legendre-lobatto/m0.txt', 'xsmm_reference_avg': 123.611, 'xsmm_reference_best': 123.611, 'xsmm_reference_kernel_type': 'wide-sparse'}
{'a_cols': 294, 'a_nonzero': 2058, 'a_rows': 343, 'a_size': 100842, 'a_unique': 5, 'alpha': 1.0, 'beta': 0.0, 'density': 0.02040816326530612, 'mat_file': 'data/example_mats/hex/p6/gauss-legendre-lobatto/m3.txt', 'xsmm_reference_avg': 162.402, 'xsmm_reference_best': 162.402, 'xsmm_reference_kernel_type': 'wide-sparse'}
{'a_cols': 294, 'a_nonzero': 2058, 'a_rows': 1029, 'a_size': 302526, 'a_unique': 10, 'alpha': 1.0, 'beta': 0.0, 'density': 0.006802721088435374, 'mat_file': 'data/example_mats/hex/p6/gauss-legendre-lobatto/m6.txt', 'xsmm_reference_avg': 315.615, 'xsmm_reference_best': 315.615, 'xsmm_reference_kernel_type': 'wide-sparse'}
{'a_cols': 1029, 'a_nonzero': 6468, 'a_rows': 343, 'a_size': 352947, 'a_unique': 44, 'alpha': 1.0, 'beta': 0.0, 'density': 0.018325697625989172, 'mat_file': 'data/example_mats/hex/p6/gauss-legendre-lobatto/m132.txt', 'xsmm_reference_avg': 650.046, 'xsmm_reference_best': 650.046, 'xsmm_reference_kernel_type': 'sparse'}
{'a_cols': 343, 'a_nonzero': 6468, 'a_rows': 1029, 'a_size': 352947, 'a_unique': 44, 'alpha': 1.0, 'beta': 0.0, 'density': 0.018325697625989172, 'mat_file': 'data/example_mats/hex/p6/gauss-legendre-lobatto/m460.txt', 'xsmm_reference_avg': 551.8620000000001, 'xsmm_reference_best': 551.8620000000001, 'xsmm_reference_kernel_type': 'sparse'}
{'a_cols': 343, 'a_nonzero': 2058, 'a_rows': 294, 'a_size': 100842, 'a_unique': 7, 'alpha': 1.0, 'beta': 0.0, 'density': 0.02040816326530612, 'mat_file': 'data/example_mats/hex/p6/gauss-legendre/m0.txt', 'xsmm_reference_avg': 269.36400000000003, 'xsmm_reference_best': 269.36400000000003, 'xsmm_reference_kernel_type': 'wide-sparse'}
{'a_cols': 294, 'a_nonzero': 2058, 'a_rows': 343, 'a_size': 100842, 'a_unique': 7, 'alpha': 1.0, 'beta': 0.0, 'density': 0.02040816326530612, 'mat_file': 'data/example_mats/hex/p6/gauss-legendre/m3.txt', 'xsmm_reference_avg': 162.741, 'xsmm_reference_best': 162.741, 'xsmm_reference_kernel_type': 'wide-sparse'}
{'a_cols': 294, 'a_nonzero': 2058, 'a_rows': 1029, 'a_size': 302526, 'a_unique': 14, 'alpha': 1.0, 'beta': 0.0, 'density': 0.006802721088435374, 'mat_file': 'data/example_mats/hex/p6/gauss-legendre/m6.txt', 'xsmm_reference_avg': 317.761, 'xsmm_reference_best': 317.761, 'xsmm_reference_kernel_type': 'wide-sparse'}
{'a_cols': 1029, 'a_nonzero': 7056, 'a_rows': 343, 'a_size': 352947, 'a_unique': 48, 'alpha': 1.0, 'beta': 0.0, 'density': 0.019991670137442734, 'mat_file': 'data/example_mats/hex/p6/gauss-legendre/m132.txt', 'xsmm_reference_avg': 682.032, 'xsmm_reference_best': 682.032, 'xsmm_reference_kernel_type': 'sparse'}
{'a_cols': 343, 'a_nonzero': 7056, 'a_rows': 1029, 'a_size': 352947, 'a_unique': 48, 'alpha': 1.0, 'beta': 0.0, 'density': 0.019991670137442734, 'mat_file': 'data/example_mats/hex/p6/gauss-legendre/m460.txt', 'xsmm_reference_avg': 5346.795, 'xsmm_reference_best': 5346.795, 'xsmm_reference_kernel_type': 'dense'}
{'a_cols': 4, 'a_nonzero': 16, 'a_rows': 8, 'a_size': 32, 'a_unique': 2, 'alpha': 1.0, 'beta': 0.0, 'density': 0.5, 'mat_file': 'data/example_mats/quad/p1/gauss-legendre/m0.txt', 'xsmm_reference_avg': 1.717, 'xsmm_reference_best': 1.717, 'xsmm_reference_kernel_type': 'sparse'}
{'a_cols': 8, 'a_nonzero': 16, 'a_rows': 4, 'a_size': 32, 'a_unique': 2, 'alpha': 1.0, 'beta': 0.0, 'density': 0.5, 'mat_file': 'data/example_mats/quad/p1/gauss-legendre/m3.txt', 'xsmm_reference_avg': 1.202, 'xsmm_reference_best': 1.202, 'xsmm_reference_kernel_type': 'wide-sparse'}
{'a_cols': 8, 'a_nonzero': 16, 'a_rows': 8, 'a_size': 64, 'a_unique': 4, 'alpha': 1.0, 'beta': 0.0, 'density': 0.25, 'mat_file': 'data/example_mats/quad/p1/gauss-legendre/m6.txt', 'xsmm_reference_avg': 1.959, 'xsmm_reference_best': 1.959, 'xsmm_reference_kernel_type': 'sparse'}
{'a_cols': 8, 'a_nonzero': 16, 'a_rows': 4, 'a_size': 32, 'a_unique': 2, 'alpha': 1.0, 'beta': 0.0, 'density': 0.5, 'mat_file': 'data/example_mats/quad/p1/gauss-legendre/m132.txt', 'xsmm_reference_avg': 1.124, 'xsmm_reference_best': 1.124, 'xsmm_reference_kernel_type': 'wide-sparse'}
{'a_cols': 4, 'a_nonzero': 16, 'a_rows': 8, 'a_size': 32, 'a_unique': 2, 'alpha': 1.0, 'beta': 0.0, 'density': 0.5, 'mat_file': 'data/example_mats/quad/p1/gauss-legendre/m460.txt', 'xsmm_reference_avg': 1.668, 'xsmm_reference_best': 1.668, 'xsmm_reference_kernel_type': 'sparse'}
{'a_cols': 9, 'a_nonzero': 12, 'a_rows': 12, 'a_size': 108, 'a_unique': 1, 'alpha': 1.0, 'beta': 0.0, 'density': 0.1111111111111111, 'mat_file': 'data/example_mats/quad/p2/gauss-legendre-lobatto/m0.txt', 'xsmm_reference_avg': 2.64, 'xsmm_reference_best': 2.64, 'xsmm_reference_kernel_type': 'sparse'}
{'a_cols': 12, 'a_nonzero': 36, 'a_rows': 9, 'a_size': 108, 'a_unique': 3, 'alpha': 1.0, 'beta': 0.0, 'density': 0.3333333333333333, 'mat_file': 'data/example_mats/quad/p2/gauss-legendre-lobatto/m3.txt', 'xsmm_reference_avg': 2.532, 'xsmm_reference_best': 2.532, 'xsmm_reference_kernel_type': 'sparse'}
{'a_cols': 12, 'a_nonzero': 36, 'a_rows': 18, 'a_size': 216, 'a_unique': 6, 'alpha': 1.0, 'beta': 0.0, 'density': 0.16666666666666666, 'mat_file': 'data/example_mats/quad/p2/gauss-legendre-lobatto/m6.txt', 'xsmm_reference_avg': 4.233, 'xsmm_reference_best': 4.233, 'xsmm_reference_kernel_type': 'sparse'}
{'a_cols': 18, 'a_nonzero': 48, 'a_rows': 9, 'a_size': 162, 'a_unique': 6, 'alpha': 1.0, 'beta': 0.0, 'density': 0.2962962962962963, 'mat_file': 'data/example_mats/quad/p2/gauss-legendre-lobatto/m132.txt', 'xsmm_reference_avg': 3.184, 'xsmm_reference_best': 3.184, 'xsmm_reference_kernel_type': 'wide-sparse'}
{'a_cols': 9, 'a_nonzero': 48, 'a_rows': 18, 'a_size': 162, 'a_unique': 6, 'alpha': 1.0, 'beta': 0.0, 'density': 0.2962962962962963, 'mat_file': 'data/example_mats/quad/p2/gauss-legendre-lobatto/m460.txt', 'xsmm_reference_avg': 4.22, 'xsmm_reference_best': 4.22, 'xsmm_reference_kernel_type': 'wide-sparse'}
{'a_cols': 9, 'a_nonzero': 36, 'a_rows': 12, 'a_size': 108, 'a_unique': 3, 'alpha': 1.0, 'beta': 0.0, 'density': 0.3333333333333333, 'mat_file': 'data/example_mats/quad/p2/gauss-legendre/m0.txt', 'xsmm_reference_avg': 3.009, 'xsmm_reference_best': 3.009, 'xsmm_reference_kernel_type': 'wide-sparse'}
{'a_cols': 12, 'a_nonzero': 36, 'a_rows': 9, 'a_size': 108, 'a_unique': 3, 'alpha': 1.0, 'beta': 0.0, 'density': 0.3333333333333333, 'mat_file': 'data/example_mats/quad/p2/gauss-legendre/m3.txt', 'xsmm_reference_avg': 2.715, 'xsmm_reference_best': 2.715, 'xsmm_reference_kernel_type': 'sparse'}
{'a_cols': 12, 'a_nonzero': 36, 'a_rows': 18, 'a_size': 216, 'a_unique': 6, 'alpha': 1.0, 'beta': 0.0, 'density': 0.16666666666666666, 'mat_file': 'data/example_mats/quad/p2/gauss-legendre/m6.txt', 'xsmm_reference_avg': 4.433, 'xsmm_reference_best': 4.433, 'xsmm_reference_kernel_type': 'sparse'}
{'a_cols': 18, 'a_nonzero': 48, 'a_rows': 9, 'a_size': 162, 'a_unique': 8, 'alpha': 1.0, 'beta': 0.0, 'density': 0.2962962962962963, 'mat_file': 'data/example_mats/quad/p2/gauss-legendre/m132.txt', 'xsmm_reference_avg': 3.29, 'xsmm_reference_best': 3.29, 'xsmm_reference_kernel_type': 'wide-sparse'}
{'a_cols': 9, 'a_nonzero': 48, 'a_rows': 18, 'a_size': 162, 'a_unique': 8, 'alpha': 1.0, 'beta': 0.0, 'density': 0.2962962962962963, 'mat_file': 'data/example_mats/quad/p2/gauss-legendre/m460.txt', 'xsmm_reference_avg': 4.176, 'xsmm_reference_best': 4.176, 'xsmm_reference_kernel_type': 'wide-sparse'}
{'a_cols': 16, 'a_nonzero': 16, 'a_rows': 16, 'a_size': 256, 'a_unique': 1, 'alpha': 1.0, 'beta': 0.0, 'density': 0.0625, 'mat_file': 'data/example_mats/quad/p3/gauss-legendre-lobatto/m0.txt', 'xsmm_reference_avg': 3.856, 'xsmm_reference_best': 3.856, 'xsmm_reference_kernel_type': 'sparse'}
{'a_cols': 16, 'a_nonzero': 64, 'a_rows': 16, 'a_size': 256, 'a_unique': 4, 'alpha': 1.0, 'beta': 0.0, 'density': 0.25, 'mat_file': 'data/example_mats/quad/p3/gauss-legendre-lobatto/m3.txt', 'xsmm_reference_avg': 4.403, 'xsmm_reference_best': 4.403, 'xsmm_reference_kernel_type': 'wide-sparse'}
{'a_cols': 16, 'a_nonzero': 64, 'a_rows': 32, 'a_size': 512, 'a_unique': 6, 'alpha': 1.0, 'beta': 0.0, 'density': 0.125, 'mat_file': 'data/example_mats/quad/p3/gauss-legendre-lobatto/m6.txt', 'xsmm_reference_avg': 7.539, 'xsmm_reference_best': 7.539, 'xsmm_reference_kernel_type': 'wide-sparse'}
{'a_cols': 32, 'a_nonzero': 112, 'a_rows': 16, 'a_size': 512, 'a_unique': 14, 'alpha': 1.0, 'beta': 0.0, 'density': 0.21875, 'mat_file': 'data/example_mats/quad/p3/gauss-legendre-lobatto/m132.txt', 'xsmm_reference_avg': 6.881, 'xsmm_reference_best': 6.881, 'xsmm_reference_kernel_type': 'sparse'}
{'a_cols': 16, 'a_nonzero': 112, 'a_rows': 32, 'a_size': 512, 'a_unique': 14, 'alpha': 1.0, 'beta': 0.0, 'density': 0.21875, 'mat_file': 'data/example_mats/quad/p3/gauss-legendre-lobatto/m460.txt', 'xsmm_reference_avg': 8.414, 'xsmm_reference_best': 8.414, 'xsmm_reference_kernel_type': 'sparse'}
{'a_cols': 16, 'a_nonzero': 64, 'a_rows': 16, 'a_size': 256, 'a_unique': 4, 'alpha': 1.0, 'beta': 0.0, 'density': 0.25, 'mat_file': 'data/example_mats/quad/p3/gauss-legendre/m0.txt', 'xsmm_reference_avg': 4.912, 'xsmm_reference_best': 4.912, 'xsmm_reference_kernel_type': 'sparse'}
{'a_cols': 16, 'a_nonzero': 64, 'a_rows': 16, 'a_size': 256, 'a_unique': 4, 'alpha': 1.0, 'beta': 0.0, 'density': 0.25, 'mat_file': 'data/example_mats/quad/p3/gauss-legendre/m3.txt', 'xsmm_reference_avg': 4.623, 'xsmm_reference_best': 4.623, 'xsmm_reference_kernel_type': 'sparse'}
{'a_cols': 16, 'a_nonzero': 64, 'a_rows': 32, 'a_size': 512, 'a_unique': 8, 'alpha': 1.0, 'beta': 0.0, 'density': 0.125, 'mat_file': 'data/example_mats/quad/p3/gauss-legendre/m6.txt', 'xsmm_reference_avg': 7.437, 'xsmm_reference_best': 7.437, 'xsmm_reference_kernel_type': 'wide-sparse'}
{'a_cols': 32, 'a_nonzero': 128, 'a_rows': 16, 'a_size': 512, 'a_unique': 16, 'alpha': 1.0, 'beta': 0.0, 'density': 0.25, 'mat_file': 'data/example_mats/quad/p3/gauss-legendre/m132.txt', 'xsmm_reference_avg': 6.878, 'xsmm_reference_best': 6.878, 'xsmm_reference_kernel_type': 'wide-sparse'}
{'a_cols': 16, 'a_nonzero': 128, 'a_rows': 32, 'a_size': 512, 'a_unique': 16, 'alpha': 1.0, 'beta': 0.0, 'density': 0.25, 'mat_file': 'data/example_mats/quad/p3/gauss-legendre/m460.txt', 'xsmm_reference_avg': 8.584, 'xsmm_reference_best': 8.584, 'xsmm_reference_kernel_type': 'sparse'}
{'a_cols': 25, 'a_nonzero': 20, 'a_rows': 20, 'a_size': 500, 'a_unique': 1, 'alpha': 1.0, 'beta': 0.0, 'density': 0.04, 'mat_file': 'data/example_mats/quad/p4/gauss-legendre-lobatto/m0.txt', 'xsmm_reference_avg': 4.96, 'xsmm_reference_best': 4.96, 'xsmm_reference_kernel_type': 'sparse'}
{'a_cols': 20, 'a_nonzero': 100, 'a_rows': 25, 'a_size': 500, 'a_unique': 4, 'alpha': 1.0, 'beta': 0.0, 'density': 0.2, 'mat_file': 'data/example_mats/quad/p4/gauss-legendre-lobatto/m3.txt', 'xsmm_reference_avg': 6.896, 'xsmm_reference_best': 6.896, 'xsmm_reference_kernel_type': 'wide-sparse'}
{'a_cols': 20, 'a_nonzero': 100, 'a_rows': 50, 'a_size': 1000, 'a_unique': 8, 'alpha': 1.0, 'beta': 0.0, 'density': 0.1, 'mat_file': 'data/example_mats/quad/p4/gauss-legendre-lobatto/m6.txt', 'xsmm_reference_avg': 11.967, 'xsmm_reference_best': 11.967, 'xsmm_reference_kernel_type': 'wide-sparse'}
{'a_cols': 50, 'a_nonzero': 220, 'a_rows': 25, 'a_size': 1250, 'a_unique': 22, 'alpha': 1.0, 'beta': 0.0, 'density': 0.176, 'mat_file': 'data/example_mats/quad/p4/gauss-legendre-lobatto/m132.txt', 'xsmm_reference_avg': 13.166, 'xsmm_reference_best': 13.166, 'xsmm_reference_kernel_type': 'wide-sparse'}
{'a_cols': 25, 'a_nonzero': 220, 'a_rows': 50, 'a_size': 1250, 'a_unique': 22, 'alpha': 1.0, 'beta': 0.0, 'density': 0.176, 'mat_file': 'data/example_mats/quad/p4/gauss-legendre-lobatto/m460.txt', 'xsmm_reference_avg': 14.026, 'xsmm_reference_best': 14.026, 'xsmm_reference_kernel_type': 'wide-sparse'}
{'a_cols': 25, 'a_nonzero': 100, 'a_rows': 20, 'a_size': 500, 'a_unique': 5, 'alpha': 1.0, 'beta': 0.0, 'density': 0.2, 'mat_file': 'data/example_mats/quad/p4/gauss-legendre/m0.txt', 'xsmm_reference_avg': 7.031, 'xsmm_reference_best': 7.031, 'xsmm_reference_kernel_type': 'sparse'}
{'a_cols': 20, 'a_nonzero': 100, 'a_rows': 25, 'a_size': 500, 'a_unique': 5, 'alpha': 1.0, 'beta': 0.0, 'density': 0.2, 'mat_file': 'data/example_mats/quad/p4/gauss-legendre/m3.txt', 'xsmm_reference_avg': 6.71, 'xsmm_reference_best': 6.71, 'xsmm_reference_kernel_type': 'wide-sparse'}
{'a_cols': 20, 'a_nonzero': 100, 'a_rows': 50, 'a_size': 1000, 'a_unique': 10, 'alpha': 1.0, 'beta': 0.0, 'density': 0.1, 'mat_file': 'data/example_mats/quad/p4/gauss-legendre/m6.txt', 'xsmm_reference_avg': 11.622, 'xsmm_reference_best': 11.622, 'xsmm_reference_kernel_type': 'wide-sparse'}
{'a_cols': 50, 'a_nonzero': 240, 'a_rows': 25, 'a_size': 1250, 'a_unique': 24, 'alpha': 1.0, 'beta': 0.0, 'density': 0.192, 'mat_file': 'data/example_mats/quad/p4/gauss-legendre/m132.txt', 'xsmm_reference_avg': 12.915, 'xsmm_reference_best': 12.915, 'xsmm_reference_kernel_type': 'wide-sparse'}
{'a_cols': 25, 'a_nonzero': 240, 'a_rows': 50, 'a_size': 1250, 'a_unique': 24, 'alpha': 1.0, 'beta': 0.0, 'density': 0.192, 'mat_file': 'data/example_mats/quad/p4/gauss-legendre/m460.txt', 'xsmm_reference_avg': 14.437, 'xsmm_reference_best': 14.437, 'xsmm_reference_kernel_type': 'wide-sparse'}
{'a_cols': 36, 'a_nonzero': 24, 'a_rows': 24, 'a_size': 864, 'a_unique': 1, 'alpha': 1.0, 'beta': 0.0, 'density': 0.027777777777777776, 'mat_file': 'data/example_mats/quad/p5/gauss-legendre-lobatto/m0.txt', 'xsmm_reference_avg': 6.034, 'xsmm_reference_best': 6.034, 'xsmm_reference_kernel_type': 'sparse'}
{'a_cols': 24, 'a_nonzero': 144, 'a_rows': 36, 'a_size': 864, 'a_unique': 6, 'alpha': 1.0, 'beta': 0.0, 'density': 0.16666666666666666, 'mat_file': 'data/example_mats/quad/p5/gauss-legendre-lobatto/m3.txt', 'xsmm_reference_avg': 9.912, 'xsmm_reference_best': 9.912, 'xsmm_reference_kernel_type': 'wide-sparse'}
{'a_cols': 24, 'a_nonzero': 144, 'a_rows': 72, 'a_size': 1728, 'a_unique': 8, 'alpha': 1.0, 'beta': 0.0, 'density': 0.08333333333333333, 'mat_file': 'data/example_mats/quad/p5/gauss-legendre-lobatto/m6.txt', 'xsmm_reference_avg': 17.381, 'xsmm_reference_best': 17.381, 'xsmm_reference_kernel_type': 'sparse'}
{'a_cols': 72, 'a_nonzero': 384, 'a_rows': 36, 'a_size': 2592, 'a_unique': 32, 'alpha': 1.0, 'beta': 0.0, 'density': 0.14814814814814814, 'mat_file': 'data/example_mats/quad/p5/gauss-legendre-lobatto/m132.txt', 'xsmm_reference_avg': 20.806, 'xsmm_reference_best': 20.806, 'xsmm_reference_kernel_type': 'wide-sparse'}
{'a_cols': 36, 'a_nonzero': 384, 'a_rows': 72, 'a_size': 2592, 'a_unique': 32, 'alpha': 1.0, 'beta': 0.0, 'density': 0.14814814814814814, 'mat_file': 'data/example_mats/quad/p5/gauss-legendre-lobatto/m460.txt', 'xsmm_reference_avg': 23.19, 'xsmm_reference_best': 23.19, 'xsmm_reference_kernel_type': 'wide-sparse'}
{'a_cols': 36, 'a_nonzero': 144, 'a_rows': 24, 'a_size': 864, 'a_unique': 6, 'alpha': 1.0, 'beta': 0.0, 'density': 0.16666666666666666, 'mat_file': 'data/example_mats/quad/p5/gauss-legendre/m0.txt', 'xsmm_reference_avg': 9.815, 'xsmm_reference_best': 9.815, 'xsmm_reference_kernel_type': 'wide-sparse'}
{'a_cols': 24, 'a_nonzero': 144, 'a_rows': 36, 'a_size': 864, 'a_unique': 6, 'alpha': 1.0, 'beta': 0.0, 'density': 0.16666666666666666, 'mat_file': 'data/example_mats/quad/p5/gauss-legendre/m3.txt', 'xsmm_reference_avg': 10.519, 'xsmm_reference_best': 10.519, 'xsmm_reference_kernel_type': 'sparse'}
{'a_cols': 24, 'a_nonzero': 144, 'a_rows': 72, 'a_size': 1728, 'a_unique': 12, 'alpha': 1.0, 'beta': 0.0, 'density': 0.08333333333333333, 'mat_file': 'data/example_mats/quad/p5/gauss-legendre/m6.txt', 'xsmm_reference_avg': 18.944, 'xsmm_reference_best': 18.944, 'xsmm_reference_kernel_type': 'wide-sparse'}
{'a_cols': 72, 'a_nonzero': 432, 'a_rows': 36, 'a_size': 2592, 'a_unique': 36, 'alpha': 1.0, 'beta': 0.0, 'density': 0.16666666666666666, 'mat_file': 'data/example_mats/quad/p5/gauss-legendre/m132.txt', 'xsmm_reference_avg': 21.142, 'xsmm_reference_best': 21.142, 'xsmm_reference_kernel_type': 'wide-sparse'}
{'a_cols': 36, 'a_nonzero': 432, 'a_rows': 72, 'a_size': 2592, 'a_unique': 36, 'alpha': 1.0, 'beta': 0.0, 'density': 0.16666666666666666, 'mat_file': 'data/example_mats/quad/p5/gauss-legendre/m460.txt', 'xsmm_reference_avg': 23.803, 'xsmm_reference_best': 23.803, 'xsmm_reference_kernel_type': 'wide-sparse'}
{'a_cols': 49, 'a_nonzero': 28, 'a_rows': 28, 'a_size': 1372, 'a_unique': 1, 'alpha': 1.0, 'beta': 0.0, 'density': 0.02040816326530612, 'mat_file': 'data/example_mats/quad/p6/gauss-legendre-lobatto/m0.txt', 'xsmm_reference_avg': 7.009, 'xsmm_reference_best': 7.009, 'xsmm_reference_kernel_type': 'wide-sparse'}
{'a_cols': 28, 'a_nonzero': 196, 'a_rows': 49, 'a_size': 1372, 'a_unique': 5, 'alpha': 1.0, 'beta': 0.0, 'density': 0.14285714285714285, 'mat_file': 'data/example_mats/quad/p6/gauss-legendre-lobatto/m3.txt', 'xsmm_reference_avg': 13.831, 'xsmm_reference_best': 13.831, 'xsmm_reference_kernel_type': 'wide-sparse'}
{'a_cols': 28, 'a_nonzero': 196, 'a_rows': 98, 'a_size': 2744, 'a_unique': 10, 'alpha': 1.0, 'beta': 0.0, 'density': 0.07142857142857142, 'mat_file': 'data/example_mats/quad/p6/gauss-legendre-lobatto/m6.txt', 'xsmm_reference_avg': 24.406, 'xsmm_reference_best': 24.406, 'xsmm_reference_kernel_type': 'sparse'}
{'a_cols': 98, 'a_nonzero': 616, 'a_rows': 49, 'a_size': 4802, 'a_unique': 44, 'alpha': 1.0, 'beta': 0.0, 'density': 0.1282798833819242, 'mat_file': 'data/example_mats/quad/p6/gauss-legendre-lobatto/m132.txt', 'xsmm_reference_avg': 30.353, 'xsmm_reference_best': 30.353, 'xsmm_reference_kernel_type': 'wide-sparse'}
{'a_cols': 49, 'a_nonzero': 616, 'a_rows': 98, 'a_size': 4802, 'a_unique': 44, 'alpha': 1.0, 'beta': 0.0, 'density': 0.1282798833819242, 'mat_file': 'data/example_mats/quad/p6/gauss-legendre-lobatto/m460.txt', 'xsmm_reference_avg': 32.942, 'xsmm_reference_best': 32.942, 'xsmm_reference_kernel_type': 'wide-sparse'}
{'a_cols': 49, 'a_nonzero': 196, 'a_rows': 28, 'a_size': 1372, 'a_unique': 7, 'alpha': 1.0, 'beta': 0.0, 'density': 0.14285714285714285, 'mat_file': 'data/example_mats/quad/p6/gauss-legendre/m0.txt', 'xsmm_reference_avg': 13.548, 'xsmm_reference_best': 13.548, 'xsmm_reference_kernel_type': 'wide-sparse'}
{'a_cols': 28, 'a_nonzero': 196, 'a_rows': 49, 'a_size': 1372, 'a_unique': 7, 'alpha': 1.0, 'beta': 0.0, 'density': 0.14285714285714285, 'mat_file': 'data/example_mats/quad/p6/gauss-legendre/m3.txt', 'xsmm_reference_avg': 13.922, 'xsmm_reference_best': 13.922, 'xsmm_reference_kernel_type': 'wide-sparse'}
{'a_cols': 28, 'a_nonzero': 196, 'a_rows': 98, 'a_size': 2744, 'a_unique': 14, 'alpha': 1.0, 'beta': 0.0, 'density': 0.07142857142857142, 'mat_file': 'data/example_mats/quad/p6/gauss-legendre/m6.txt', 'xsmm_reference_avg': 24.305, 'xsmm_reference_best': 24.305, 'xsmm_reference_kernel_type': 'sparse'}
{'a_cols': 98, 'a_nonzero': 672, 'a_rows': 49, 'a_size': 4802, 'a_unique': 48, 'alpha': 1.0, 'beta': 0.0, 'density': 0.13994169096209913, 'mat_file': 'data/example_mats/quad/p6/gauss-legendre/m132.txt', 'xsmm_reference_avg': 31.324, 'xsmm_reference_best': 31.324, 'xsmm_reference_kernel_type': 'wide-sparse'}
{'a_cols': 49, 'a_nonzero': 672, 'a_rows': 98, 'a_size': 4802, 'a_unique': 48, 'alpha': 1.0, 'beta': 0.0, 'density': 0.13994169096209913, 'mat_file': 'data/example_mats/quad/p6/gauss-legendre/m460.txt', 'xsmm_reference_avg': 33.657, 'xsmm_reference_best': 33.657, 'xsmm_reference_kernel_type': 'wide-sparse'}
{'a_cols': 4, 'a_nonzero': 48, 'a_rows': 12, 'a_size': 48, 'a_unique': 3, 'alpha': 1.0, 'beta': 0.0, 'density': 1.0, 'mat_file': 'data/example_mats/tet/p1/shunn-ham/m0.txt', 'xsmm_reference_avg': 2.698, 'xsmm_reference_best': 2.698, 'xsmm_reference_kernel_type': 'wide-sparse'}
{'a_cols': 12, 'a_nonzero': 48, 'a_rows': 4, 'a_size': 48, 'a_unique': 6, 'alpha': 1.0, 'beta': 0.0, 'density': 1.0, 'mat_file': 'data/example_mats/tet/p1/shunn-ham/m3.txt', 'xsmm_reference_avg': 1.878, 'xsmm_reference_best': 1.878, 'xsmm_reference_kernel_type': 'wide-sparse'}
{'a_cols': 12, 'a_nonzero': 72, 'a_rows': 12, 'a_size': 144, 'a_unique': 6, 'alpha': 1.0, 'beta': 0.0, 'density': 0.5, 'mat_file': 'data/example_mats/tet/p1/shunn-ham/m6.txt', 'xsmm_reference_avg': 3.265, 'xsmm_reference_best': 3.265, 'xsmm_reference_kernel_type': 'wide-sparse'}
{'a_cols': 12, 'a_nonzero': 24, 'a_rows': 4, 'a_size': 48, 'a_unique': 2, 'alpha': 1.0, 'beta': 0.0, 'density': 0.5, 'mat_file': 'data/example_mats/tet/p1/shunn-ham/m132.txt', 'xsmm_reference_avg': 1.684, 'xsmm_reference_best': 1.684, 'xsmm_reference_kernel_type': 'sparse'}
{'a_cols': 4, 'a_nonzero': 24, 'a_rows': 12, 'a_size': 48, 'a_unique': 2, 'alpha': 1.0, 'beta': 0.0, 'density': 0.5, 'mat_file': 'data/example_mats/tet/p1/shunn-ham/m460.txt', 'xsmm_reference_avg': 1.391, 'xsmm_reference_best': 1.391, 'xsmm_reference_kernel_type': 'sparse'}
{'a_cols': 10, 'a_nonzero': 240, 'a_rows': 24, 'a_size': 240, 'a_unique': 14, 'alpha': 1.0, 'beta': 0.0, 'density': 1.0, 'mat_file': 'data/example_mats/tet/p2/shunn-ham/m0.txt', 'xsmm_reference_avg': 5.954, 'xsmm_reference_best': 5.954, 'xsmm_reference_kernel_type': 'dense'}
{'a_cols': 24, 'a_nonzero': 240, 'a_rows': 10, 'a_size': 240, 'a_unique': 28, 'alpha': 1.0, 'beta': 0.0, 'density': 1.0, 'mat_file': 'data/example_mats/tet/p2/shunn-ham/m3.txt', 'xsmm_reference_avg': 3.973, 'xsmm_reference_best': 3.973, 'xsmm_reference_kernel_type': 'dense'}
{'a_cols': 24, 'a_nonzero': 360, 'a_rows': 30, 'a_size': 720, 'a_unique': 28, 'alpha': 1.0, 'beta': 0.0, 'density': 0.5, 'mat_file': 'data/example_mats/tet/p2/shunn-ham/m6.txt', 'xsmm_reference_avg': 9.633, 'xsmm_reference_best': 9.633, 'xsmm_reference_kernel_type': 'dense'}
{'a_cols': 30, 'a_nonzero': 252, 'a_rows': 10, 'a_size': 300, 'a_unique': 46, 'alpha': 1.0, 'beta': 0.0, 'density': 0.84, 'mat_file': 'data/example_mats/tet/p2/shunn-ham/m132.txt', 'xsmm_reference_avg': 5.011, 'xsmm_reference_best': 5.011, 'xsmm_reference_kernel_type': 'dense'}
{'a_cols': 10, 'a_nonzero': 252, 'a_rows': 30, 'a_size': 300, 'a_unique': 46, 'alpha': 1.0, 'beta': 0.0, 'density': 0.84, 'mat_file': 'data/example_mats/tet/p2/shunn-ham/m460.txt', 'xsmm_reference_avg': 6.973, 'xsmm_reference_best': 6.973, 'xsmm_reference_kernel_type': 'dense'}
{'a_cols': 20, 'a_nonzero': 800, 'a_rows': 40, 'a_size': 800, 'a_unique': 40, 'alpha': 1.0, 'beta': 0.0, 'density': 1.0, 'mat_file': 'data/example_mats/tet/p3/shunn-ham/m0.txt', 'xsmm_reference_avg': 11.268, 'xsmm_reference_best': 11.268, 'xsmm_reference_kernel_type': 'dense'}
{'a_cols': 40, 'a_nonzero': 800, 'a_rows': 20, 'a_size': 800, 'a_unique': 80, 'alpha': 1.0, 'beta': 0.0, 'density': 1.0, 'mat_file': 'data/example_mats/tet/p3/shunn-ham/m3.txt', 'xsmm_reference_avg': 32.667, 'xsmm_reference_best': 32.667, 'xsmm_reference_kernel_type': 'dense'}
{'a_cols': 40, 'a_nonzero': 1200, 'a_rows': 60, 'a_size': 2400, 'a_unique': 80, 'alpha': 1.0, 'beta': 0.0, 'density': 0.5, 'mat_file': 'data/example_mats/tet/p3/shunn-ham/m6.txt', 'xsmm_reference_avg': 56.376, 'xsmm_reference_best': 56.376, 'xsmm_reference_kernel_type': 'dense'}
{'a_cols': 60, 'a_nonzero': 1092, 'a_rows': 20, 'a_size': 1200, 'a_unique': 200, 'alpha': 1.0, 'beta': 0.0, 'density': 0.91, 'mat_file': 'data/example_mats/tet/p3/shunn-ham/m132.txt', 'xsmm_reference_avg': 48.032, 'xsmm_reference_best': 48.032, 'xsmm_reference_kernel_type': 'dense'}
{'a_cols': 20, 'a_nonzero': 1092, 'a_rows': 60, 'a_size': 1200, 'a_unique': 200, 'alpha': 1.0, 'beta': 0.0, 'density': 0.91, 'mat_file': 'data/example_mats/tet/p3/shunn-ham/m460.txt', 'xsmm_reference_avg': 17.362, 'xsmm_reference_best': 17.362, 'xsmm_reference_kernel_type': 'dense'}
{'a_cols': 35, 'a_nonzero': 2100, 'a_rows': 60, 'a_size': 2100, 'a_unique': 101, 'alpha': 1.0, 'beta': 0.0, 'density': 1.0, 'mat_file': 'data/example_mats/tet/p4/shunn-ham/m0.txt', 'xsmm_reference_avg': 49.886, 'xsmm_reference_best': 49.886, 'xsmm_reference_kernel_type': 'dense'}
{'a_cols': 60, 'a_nonzero': 2100, 'a_rows': 35, 'a_size': 2100, 'a_unique': 202, 'alpha': 1.0, 'beta': 0.0, 'density': 1.0, 'mat_file': 'data/example_mats/tet/p4/shunn-ham/m3.txt', 'xsmm_reference_avg': 55.798, 'xsmm_reference_best': 55.798, 'xsmm_reference_kernel_type': 'dense'}
{'a_cols': 60, 'a_nonzero': 3150, 'a_rows': 105, 'a_size': 6300, 'a_unique': 202, 'alpha': 1.0, 'beta': 0.0, 'density': 0.5, 'mat_file': 'data/example_mats/tet/p4/shunn-ham/m6.txt', 'xsmm_reference_avg': 97.052, 'xsmm_reference_best': 97.052, 'xsmm_reference_kernel_type': 'dense'}
{'a_cols': 105, 'a_nonzero': 3432, 'a_rows': 35, 'a_size': 3675, 'a_unique': 608, 'alpha': 1.0, 'beta': 0.0, 'density': 0.9338775510204081, 'mat_file': 'data/example_mats/tet/p4/shunn-ham/m132.txt', 'xsmm_reference_avg': 101.737, 'xsmm_reference_best': 101.737, 'xsmm_reference_kernel_type': 'dense'}
{'a_cols': 35, 'a_nonzero': 3432, 'a_rows': 105, 'a_size': 3675, 'a_unique': 608, 'alpha': 1.0, 'beta': 0.0, 'density': 0.9338775510204081, 'mat_file': 'data/example_mats/tet/p4/shunn-ham/m460.txt', 'xsmm_reference_avg': 41.31, 'xsmm_reference_best': 41.31, 'xsmm_reference_kernel_type': 'dense'}
{'a_cols': 56, 'a_nonzero': 4704, 'a_rows': 84, 'a_size': 4704, 'a_unique': 214, 'alpha': 1.0, 'beta': 0.0, 'density': 1.0, 'mat_file': 'data/example_mats/tet/p5/shunn-ham/m0.txt', 'xsmm_reference_avg': 82.152, 'xsmm_reference_best': 82.152, 'xsmm_reference_kernel_type': 'dense'}
{'a_cols': 84, 'a_nonzero': 4704, 'a_rows': 56, 'a_size': 4704, 'a_unique': 428, 'alpha': 1.0, 'beta': 0.0, 'density': 1.0, 'mat_file': 'data/example_mats/tet/p5/shunn-ham/m3.txt', 'xsmm_reference_avg': 97.859, 'xsmm_reference_best': 97.859, 'xsmm_reference_kernel_type': 'dense'}
{'a_cols': 84, 'a_nonzero': 7056, 'a_rows': 168, 'a_size': 14112, 'a_unique': 428, 'alpha': 1.0, 'beta': 0.0, 'density': 0.5, 'mat_file': 'data/example_mats/tet/p5/shunn-ham/m6.txt', 'xsmm_reference_avg': 178.425, 'xsmm_reference_best': 178.425, 'xsmm_reference_kernel_type': 'dense'}
{'a_cols': 168, 'a_nonzero': 8976, 'a_rows': 56, 'a_size': 9408, 'a_unique': 1568, 'alpha': 1.0, 'beta': 0.0, 'density': 0.9540816326530612, 'mat_file': 'data/example_mats/tet/p5/shunn-ham/m132.txt', 'xsmm_reference_avg': 190.57799999999997, 'xsmm_reference_best': 190.57799999999997, 'xsmm_reference_kernel_type': 'dense'}
{'a_cols': 56, 'a_nonzero': 8976, 'a_rows': 168, 'a_size': 9408, 'a_unique': 1568, 'alpha': 1.0, 'beta': 0.0, 'density': 0.9540816326530612, 'mat_file': 'data/example_mats/tet/p5/shunn-ham/m460.txt', 'xsmm_reference_avg': 124.765, 'xsmm_reference_best': 124.765, 'xsmm_reference_kernel_type': 'dense'}
{'a_cols': 84, 'a_nonzero': 9408, 'a_rows': 112, 'a_size': 9408, 'a_unique': 425, 'alpha': 1.0, 'beta': 0.0, 'density': 1.0, 'mat_file': 'data/example_mats/tet/p6/shunn-ham/m0.txt', 'xsmm_reference_avg': 137.431, 'xsmm_reference_best': 137.431, 'xsmm_reference_kernel_type': 'dense'}
{'a_cols': 112, 'a_nonzero': 9408, 'a_rows': 84, 'a_size': 9408, 'a_unique': 850, 'alpha': 1.0, 'beta': 0.0, 'density': 1.0, 'mat_file': 'data/example_mats/tet/p6/shunn-ham/m3.txt', 'xsmm_reference_avg': 155.387, 'xsmm_reference_best': 155.387, 'xsmm_reference_kernel_type': 'dense'}
{'a_cols': 112, 'a_nonzero': 14112, 'a_rows': 252, 'a_size': 28224, 'a_unique': 850, 'alpha': 1.0, 'beta': 0.0, 'density': 0.5, 'mat_file': 'data/example_mats/tet/p6/shunn-ham/m6.txt', 'xsmm_reference_avg': 291.097, 'xsmm_reference_best': 291.097, 'xsmm_reference_kernel_type': 'dense'}
{'a_cols': 252, 'a_nonzero': 20400, 'a_rows': 84, 'a_size': 21168, 'a_unique': 3520, 'alpha': 1.0, 'beta': 0.0, 'density': 0.963718820861678, 'mat_file': 'data/example_mats/tet/p6/shunn-ham/m132.txt', 'xsmm_reference_avg': 376.168, 'xsmm_reference_best': 376.168, 'xsmm_reference_kernel_type': 'dense'}
{'a_cols': 84, 'a_nonzero': 20400, 'a_rows': 252, 'a_size': 21168, 'a_unique': 3520, 'alpha': 1.0, 'beta': 0.0, 'density': 0.963718820861678, 'mat_file': 'data/example_mats/tet/p6/shunn-ham/m460.txt', 'xsmm_reference_avg': 223.023, 'xsmm_reference_best': 223.023, 'xsmm_reference_kernel_type': 'dense'}
{'a_cols': 3, 'a_nonzero': 18, 'a_rows': 6, 'a_size': 18, 'a_unique': 3, 'alpha': 1.0, 'beta': 0.0, 'density': 1.0, 'mat_file': 'data/example_mats/tri/p1/williams-shunn/m0.txt', 'xsmm_reference_avg': 1.503, 'xsmm_reference_best': 1.503, 'xsmm_reference_kernel_type': 'sparse'}
{'a_cols': 6, 'a_nonzero': 18, 'a_rows': 3, 'a_size': 18, 'a_unique': 6, 'alpha': 1.0, 'beta': 0.0, 'density': 1.0, 'mat_file': 'data/example_mats/tri/p1/williams-shunn/m3.txt', 'xsmm_reference_avg': 0.921, 'xsmm_reference_best': 0.921, 'xsmm_reference_kernel_type': 'wide-sparse'}
{'a_cols': 6, 'a_nonzero': 24, 'a_rows': 6, 'a_size': 36, 'a_unique': 6, 'alpha': 1.0, 'beta': 0.0, 'density': 0.6666666666666666, 'mat_file': 'data/example_mats/tri/p1/williams-shunn/m6.txt', 'xsmm_reference_avg': 1.538, 'xsmm_reference_best': 1.538, 'xsmm_reference_kernel_type': 'sparse'}
{'a_cols': 6, 'a_nonzero': 12, 'a_rows': 3, 'a_size': 18, 'a_unique': 2, 'alpha': 1.0, 'beta': 0.0, 'density': 0.6666666666666666, 'mat_file': 'data/example_mats/tri/p1/williams-shunn/m132.txt', 'xsmm_reference_avg': 0.833, 'xsmm_reference_best': 0.833, 'xsmm_reference_kernel_type': 'wide-sparse'}
{'a_cols': 3, 'a_nonzero': 12, 'a_rows': 6, 'a_size': 18, 'a_unique': 2, 'alpha': 1.0, 'beta': 0.0, 'density': 0.6666666666666666, 'mat_file': 'data/example_mats/tri/p1/williams-shunn/m460.txt', 'xsmm_reference_avg': 0.898, 'xsmm_reference_best': 0.898, 'xsmm_reference_kernel_type': 'sparse'}
{'a_cols': 6, 'a_nonzero': 54, 'a_rows': 9, 'a_size': 54, 'a_unique': 10, 'alpha': 1.0, 'beta': 0.0, 'density': 1.0, 'mat_file': 'data/example_mats/tri/p2/williams-shunn/m0.txt', 'xsmm_reference_avg': 2.075, 'xsmm_reference_best': 2.075, 'xsmm_reference_kernel_type': 'wide-sparse'}
{'a_cols': 9, 'a_nonzero': 54, 'a_rows': 6, 'a_size': 54, 'a_unique': 20, 'alpha': 1.0, 'beta': 0.0, 'density': 1.0, 'mat_file': 'data/example_mats/tri/p2/williams-shunn/m3.txt', 'xsmm_reference_avg': 1.982, 'xsmm_reference_best': 1.982, 'xsmm_reference_kernel_type': 'sparse'}
{'a_cols': 9, 'a_nonzero': 72, 'a_rows': 12, 'a_size': 108, 'a_unique': 20, 'alpha': 1.0, 'beta': 0.0, 'density': 0.6666666666666666, 'mat_file': 'data/example_mats/tri/p2/williams-shunn/m6.txt', 'xsmm_reference_avg': 3.107, 'xsmm_reference_best': 3.107, 'xsmm_reference_kernel_type': 'wide-sparse'}
{'a_cols': 12, 'a_nonzero': 64, 'a_rows': 6, 'a_size': 72, 'a_unique': 28, 'alpha': 1.0, 'beta': 0.0, 'density': 0.8888888888888888, 'mat_file': 'data/example_mats/tri/p2/williams-shunn/m132.txt', 'xsmm_reference_avg': 2.2, 'xsmm_reference_best': 2.2, 'xsmm_reference_kernel_type': 'wide-sparse'}
{'a_cols': 6, 'a_nonzero': 64, 'a_rows': 12, 'a_size': 72, 'a_unique': 28, 'alpha': 1.0, 'beta': 0.0, 'density': 0.8888888888888888, 'mat_file': 'data/example_mats/tri/p2/williams-shunn/m460.txt', 'xsmm_reference_avg': 2.745, 'xsmm_reference_best': 2.745, 'xsmm_reference_kernel_type': 'wide-sparse'}
{'a_cols': 10, 'a_nonzero': 120, 'a_rows': 12, 'a_size': 120, 'a_unique': 20, 'alpha': 1.0, 'beta': 0.0, 'density': 1.0, 'mat_file': 'data/example_mats/tri/p3/williams-shunn/m0.txt', 'xsmm_reference_avg': 3.457, 'xsmm_reference_best': 3.457, 'xsmm_reference_kernel_type': 'wide-sparse'}
{'a_cols': 12, 'a_nonzero': 120, 'a_rows': 10, 'a_size': 120, 'a_unique': 40, 'alpha': 1.0, 'beta': 0.0, 'density': 1.0, 'mat_file': 'data/example_mats/tri/p3/williams-shunn/m3.txt', 'xsmm_reference_avg': 2.615, 'xsmm_reference_best': 2.615, 'xsmm_reference_kernel_type': 'dense'}
{'a_cols': 12, 'a_nonzero': 160, 'a_rows': 20, 'a_size': 240, 'a_unique': 40, 'alpha': 1.0, 'beta': 0.0, 'density': 0.6666666666666666, 'mat_file': 'data/example_mats/tri/p3/williams-shunn/m6.txt', 'xsmm_reference_avg': 5.298, 'xsmm_reference_best': 5.298, 'xsmm_reference_kernel_type': 'wide-sparse'}
{'a_cols': 20, 'a_nonzero': 192, 'a_rows': 10, 'a_size': 200, 'a_unique': 96, 'alpha': 1.0, 'beta': 0.0, 'density': 0.96, 'mat_file': 'data/example_mats/tri/p3/williams-shunn/m132.txt', 'xsmm_reference_avg': 3.662, 'xsmm_reference_best': 3.662, 'xsmm_reference_kernel_type': 'dense'}
{'a_cols': 10, 'a_nonzero': 192, 'a_rows': 20, 'a_size': 200, 'a_unique': 96, 'alpha': 1.0, 'beta': 0.0, 'density': 0.96, 'mat_file': 'data/example_mats/tri/p3/williams-shunn/m460.txt', 'xsmm_reference_avg': 4.977, 'xsmm_reference_best': 4.977, 'xsmm_reference_kernel_type': 'dense'}
{'a_cols': 15, 'a_nonzero': 225, 'a_rows': 15, 'a_size': 225, 'a_unique': 39, 'alpha': 1.0, 'beta': 0.0, 'density': 1.0, 'mat_file': 'data/example_mats/tri/p4/williams-shunn/m0.txt', 'xsmm_reference_avg': 4.458, 'xsmm_reference_best': 4.458, 'xsmm_reference_kernel_type': 'dense'}
{'a_cols': 15, 'a_nonzero': 225, 'a_rows': 15, 'a_size': 225, 'a_unique': 78, 'alpha': 1.0, 'beta': 0.0, 'density': 1.0, 'mat_file': 'data/example_mats/tri/p4/williams-shunn/m3.txt', 'xsmm_reference_avg': 4.35, 'xsmm_reference_best': 4.35, 'xsmm_reference_kernel_type': 'dense'}
{'a_cols': 15, 'a_nonzero': 300, 'a_rows': 30, 'a_size': 450, 'a_unique': 78, 'alpha': 1.0, 'beta': 0.0, 'density': 0.6666666666666666, 'mat_file': 'data/example_mats/tri/p4/williams-shunn/m6.txt', 'xsmm_reference_avg': 7.949, 'xsmm_reference_best': 7.949, 'xsmm_reference_kernel_type': 'dense'}
{'a_cols': 30, 'a_nonzero': 432, 'a_rows': 15, 'a_size': 450, 'a_unique': 216, 'alpha': 1.0, 'beta': 0.0, 'density': 0.96, 'mat_file': 'data/example_mats/tri/p4/williams-shunn/m132.txt', 'xsmm_reference_avg': 6.655, 'xsmm_reference_best': 6.655, 'xsmm_reference_kernel_type': 'dense'}
{'a_cols': 15, 'a_nonzero': 432, 'a_rows': 30, 'a_size': 450, 'a_unique': 216, 'alpha': 1.0, 'beta': 0.0, 'density': 0.96, 'mat_file': 'data/example_mats/tri/p4/williams-shunn/m460.txt', 'xsmm_reference_avg': 7.931, 'xsmm_reference_best': 7.931, 'xsmm_reference_kernel_type': 'dense'}
{'a_cols': 21, 'a_nonzero': 378, 'a_rows': 18, 'a_size': 378, 'a_unique': 63, 'alpha': 1.0, 'beta': 0.0, 'density': 1.0, 'mat_file': 'data/example_mats/tri/p5/williams-shunn/m0.txt', 'xsmm_reference_avg': 5.864, 'xsmm_reference_best': 5.864, 'xsmm_reference_kernel_type': 'dense'}
{'a_cols': 18, 'a_nonzero': 378, 'a_rows': 21, 'a_size': 378, 'a_unique': 126, 'alpha': 1.0, 'beta': 0.0, 'density': 1.0, 'mat_file': 'data/example_mats/tri/p5/williams-shunn/m3.txt', 'xsmm_reference_avg': 6.099, 'xsmm_reference_best': 6.099, 'xsmm_reference_kernel_type': 'dense'}
{'a_cols': 18, 'a_nonzero': 504, 'a_rows': 42, 'a_size': 756, 'a_unique': 126, 'alpha': 1.0, 'beta': 0.0, 'density': 0.6666666666666666, 'mat_file': 'data/example_mats/tri/p5/williams-shunn/m6.txt', 'xsmm_reference_avg': 11.191, 'xsmm_reference_best': 11.191, 'xsmm_reference_kernel_type': 'dense'}
{'a_cols': 42, 'a_nonzero': 864, 'a_rows': 21, 'a_size': 882, 'a_unique': 432, 'alpha': 1.0, 'beta': 0.0, 'density': 0.9795918367346939, 'mat_file': 'data/example_mats/tri/p5/williams-shunn/m132.txt', 'xsmm_reference_avg': 35.492, 'xsmm_reference_best': 35.492, 'xsmm_reference_kernel_type': 'dense'}
{'a_cols': 21, 'a_nonzero': 864, 'a_rows': 42, 'a_size': 882, 'a_unique': 432, 'alpha': 1.0, 'beta': 0.0, 'density': 0.9795918367346939, 'mat_file': 'data/example_mats/tri/p5/williams-shunn/m460.txt', 'xsmm_reference_avg': 11.945, 'xsmm_reference_best': 11.945, 'xsmm_reference_kernel_type': 'dense'}
{'a_cols': 28, 'a_nonzero': 588, 'a_rows': 21, 'a_size': 588, 'a_unique': 100, 'alpha': 1.0, 'beta': 0.0, 'density': 1.0, 'mat_file': 'data/example_mats/tri/p6/williams-shunn/m0.txt', 'xsmm_reference_avg': 7.661, 'xsmm_reference_best': 7.661, 'xsmm_reference_kernel_type': 'dense'}
{'a_cols': 21, 'a_nonzero': 588, 'a_rows': 28, 'a_size': 588, 'a_unique': 200, 'alpha': 1.0, 'beta': 0.0, 'density': 1.0, 'mat_file': 'data/example_mats/tri/p6/williams-shunn/m3.txt', 'xsmm_reference_avg': 8.698, 'xsmm_reference_best': 8.698, 'xsmm_reference_kernel_type': 'dense'}
{'a_cols': 21, 'a_nonzero': 784, 'a_rows': 56, 'a_size': 1176, 'a_unique': 200, 'alpha': 1.0, 'beta': 0.0, 'density': 0.6666666666666666, 'mat_file': 'data/example_mats/tri/p6/williams-shunn/m6.txt', 'xsmm_reference_avg': 17.118, 'xsmm_reference_best': 17.118, 'xsmm_reference_kernel_type': 'dense'}
{'a_cols': 56, 'a_nonzero': 1536, 'a_rows': 28, 'a_size': 1568, 'a_unique': 768, 'alpha': 1.0, 'beta': 0.0, 'density': 0.9795918367346939, 'mat_file': 'data/example_mats/tri/p6/williams-shunn/m132.txt', 'xsmm_reference_avg': 52.53, 'xsmm_reference_best': 52.53, 'xsmm_reference_kernel_type': 'dense'}
{'a_cols': 28, 'a_nonzero': 1536, 'a_rows': 56, 'a_size': 1568, 'a_unique': 768, 'alpha': 1.0, 'beta': 0.0, 'density': 0.9795918367346939, 'mat_file': 'data/example_mats/tri/p6/williams-shunn/m460.txt', 'xsmm_reference_avg': 19.0, 'xsmm_reference_best': 19.0, 'xsmm_reference_kernel_type': 'dense'}
