
LIBXSMM_VERSION: RT-bst-B-from-vreg-1.16.1-1577 (25183785)
LIBXSMM_TARGET: skx
Registry and code: 13 MB
Uptime: 0.487603 s

LIBXSMM_VERSION: RT-bst-B-from-vreg-1.16.1-1577 (25183785)
LIBXSMM_TARGET: skx
Registry and code: 13 MB
Uptime: 0.219837 s

LIBXSMM_VERSION: RT-bst-B-from-vreg-1.16.1-1577 (25183785)
LIBXSMM_TARGET: skx
Registry and code: 13 MB
Uptime: 0.519909 s

LIBXSMM_VERSION: RT-bst-B-from-vreg-1.16.1-1577 (25183785)
LIBXSMM_TARGET: skx
Registry and code: 13 MB
Uptime: 0.218995 s

LIBXSMM_VERSION: RT-bst-B-from-vreg-1.16.1-1577 (25183785)
LIBXSMM_TARGET: skx
Registry and code: 13 MB
Uptime: 0.485904 s

LIBXSMM_VERSION: RT-bst-B-from-vreg-1.16.1-1577 (25183785)
LIBXSMM_TARGET: skx
Registry and code: 13 MB
Uptime: 1.104810 s

LIBXSMM_VERSION: RT-bst-B-from-vreg-1.16.1-1577 (25183785)
LIBXSMM_TARGET: skx
Registry and code: 13 MB
Uptime: 1.246262 s

LIBXSMM_VERSION: RT-bst-B-from-vreg-1.16.1-1577 (25183785)
LIBXSMM_TARGET: skx
Registry and code: 13 MB
Uptime: 2.221844 s

LIBXSMM_VERSION: RT-bst-B-from-vreg-1.16.1-1577 (25183785)
LIBXSMM_TARGET: skx
Registry and code: 13 MB
Uptime: 2.133280 s

LIBXSMM_VERSION: RT-bst-B-from-vreg-1.16.1-1577 (25183785)
LIBXSMM_TARGET: skx
Registry and code: 13 MB
Uptime: 1.692502 s

LIBXSMM_VERSION: RT-bst-B-from-vreg-1.16.1-1577 (25183785)
LIBXSMM_TARGET: skx
Registry and code: 13 MB
Uptime: 1.170541 s

LIBXSMM_VERSION: RT-bst-B-from-vreg-1.16.1-1577 (25183785)
LIBXSMM_TARGET: skx
Registry and code: 13 MB
Uptime: 1.272368 s

LIBXSMM_VERSION: RT-bst-B-from-vreg-1.16.1-1577 (25183785)
LIBXSMM_TARGET: skx
Registry and code: 13 MB
Uptime: 2.303898 s

LIBXSMM_VERSION: RT-bst-B-from-vreg-1.16.1-1577 (25183785)
LIBXSMM_TARGET: skx
Registry and code: 13 MB
Uptime: 2.182904 s

LIBXSMM_VERSION: RT-bst-B-from-vreg-1.16.1-1577 (25183785)
LIBXSMM_TARGET: skx
Registry and code: 13 MB
Uptime: 1.700973 s

LIBXSMM_VERSION: RT-bst-B-from-vreg-1.16.1-1577 (25183785)
LIBXSMM_TARGET: skx
Registry and code: 13 MB
Uptime: 2.626098 s

LIBXSMM_VERSION: RT-bst-B-from-vreg-1.16.1-1577 (25183785)
LIBXSMM_TARGET: skx
Registry and code: 13 MB
Uptime: 3.422489 s

LIBXSMM_VERSION: RT-bst-B-from-vreg-1.16.1-1577 (25183785)
LIBXSMM_TARGET: skx
Registry and code: 13 MB
Uptime: 5.827190 s

LIBXSMM_VERSION: RT-bst-B-from-vreg-1.16.1-1577 (25183785)
LIBXSMM_TARGET: skx
Registry and code: 13 MB
Uptime: 6.507027 s

LIBXSMM_VERSION: RT-bst-B-from-vreg-1.16.1-1577 (25183785)
LIBXSMM_TARGET: skx
Registry and code: 13 MB
Uptime: 5.414957 s

LIBXSMM_VERSION: RT-bst-B-from-vreg-1.16.1-1577 (25183785)
LIBXSMM_TARGET: skx
Registry and code: 13 MB
Uptime: 3.128059 s

LIBXSMM_VERSION: RT-bst-B-from-vreg-1.16.1-1577 (25183785)
LIBXSMM_TARGET: skx
Registry and code: 13 MB
Uptime: 3.460412 s

LIBXSMM_VERSION: RT-bst-B-from-vreg-1.16.1-1577 (25183785)
LIBXSMM_TARGET: skx
Registry and code: 13 MB
Uptime: 5.939101 s

LIBXSMM_VERSION: RT-bst-B-from-vreg-1.16.1-1577 (25183785)
LIBXSMM_TARGET: skx
Registry and code: 13 MB
Uptime: 7.140576 s

LIBXSMM_VERSION: RT-bst-B-from-vreg-1.16.1-1577 (25183785)
LIBXSMM_TARGET: skx
Registry and code: 13 MB
Uptime: 5.470331 s

LIBXSMM_VERSION: RT-bst-B-from-vreg-1.16.1-1577 (25183785)
LIBXSMM_TARGET: skx
Registry and code: 13 MB
Uptime: 4.570996 s

LIBXSMM_VERSION: RT-bst-B-from-vreg-1.16.1-1577 (25183785)
LIBXSMM_TARGET: skx
Registry and code: 13 MB
Uptime: 6.672314 s

LIBXSMM_VERSION: RT-bst-B-from-vreg-1.16.1-1577 (25183785)
LIBXSMM_TARGET: skx
Registry and code: 13 MB
Uptime: 11.654946 s

LIBXSMM_VERSION: RT-bst-B-from-vreg-1.16.1-1577 (25183785)
LIBXSMM_TARGET: skx
Registry and code: 13 MB
Uptime: 14.903335 s

LIBXSMM_VERSION: RT-bst-B-from-vreg-1.16.1-1577 (25183785)
LIBXSMM_TARGET: skx
Registry and code: 13 MB
Uptime: 11.752124 s

LIBXSMM_VERSION: RT-bst-B-from-vreg-1.16.1-1577 (25183785)
LIBXSMM_TARGET: skx
Registry and code: 13 MB
Uptime: 6.029949 s

LIBXSMM_VERSION: RT-bst-B-from-vreg-1.16.1-1577 (25183785)
LIBXSMM_TARGET: skx
Registry and code: 13 MB
Uptime: 6.560712 s

LIBXSMM_VERSION: RT-bst-B-from-vreg-1.16.1-1577 (25183785)
LIBXSMM_TARGET: skx
Registry and code: 13 MB
Uptime: 11.818827 s

LIBXSMM_VERSION: RT-bst-B-from-vreg-1.16.1-1577 (25183785)
LIBXSMM_TARGET: skx
Registry and code: 13 MB
Uptime: 15.075557 s

LIBXSMM_VERSION: RT-bst-B-from-vreg-1.16.1-1577 (25183785)
LIBXSMM_TARGET: skx
Registry and code: 13 MB
Uptime: 11.490790 s

LIBXSMM_VERSION: RT-bst-B-from-vreg-1.16.1-1577 (25183785)
LIBXSMM_TARGET: skx
Registry and code: 13 MB
Uptime: 7.297467 s

LIBXSMM_VERSION: RT-bst-B-from-vreg-1.16.1-1577 (25183785)
LIBXSMM_TARGET: skx
Registry and code: 13 MB
Uptime: 11.632851 s

LIBXSMM_VERSION: RT-bst-B-from-vreg-1.16.1-1577 (25183785)
LIBXSMM_TARGET: skx
Registry and code: 13 MB
Uptime: 19.537513 s

LIBXSMM_VERSION: RT-bst-B-from-vreg-1.16.1-1577 (25183785)
LIBXSMM_TARGET: skx
Registry and code: 13 MB
Uptime: 26.091169 s

LIBXSMM_VERSION: RT-bst-B-from-vreg-1.16.1-1577 (25183785)
LIBXSMM_TARGET: skx
Registry and code: 13 MB
Uptime: 19.930380 s

LIBXSMM_VERSION: RT-bst-B-from-vreg-1.16.1-1577 (25183785)
LIBXSMM_TARGET: skx
Registry and code: 13 MB
Uptime: 10.037532 s

LIBXSMM_VERSION: RT-bst-B-from-vreg-1.16.1-1577 (25183785)
LIBXSMM_TARGET: skx
Registry and code: 13 MB
Uptime: 11.654769 s

LIBXSMM_VERSION: RT-bst-B-from-vreg-1.16.1-1577 (25183785)
LIBXSMM_TARGET: skx
Registry and code: 13 MB
Uptime: 19.434037 s

LIBXSMM_VERSION: RT-bst-B-from-vreg-1.16.1-1577 (25183785)
LIBXSMM_TARGET: skx
Registry and code: 13 MB
Uptime: 26.883435 s

LIBXSMM_VERSION: RT-bst-B-from-vreg-1.16.1-1577 (25183785)
LIBXSMM_TARGET: skx
Registry and code: 13 MB
Uptime: 20.464634 s

LIBXSMM_VERSION: RT-bst-B-from-vreg-1.16.1-1577 (25183785)
LIBXSMM_TARGET: skx
Registry and code: 13 MB
Uptime: 10.364683 s
Generating and Compiling data/example_mats/hex/p1/gauss-legendre/m0.txt
Running data/example_mats/hex/p1/gauss-legendre/m0.txt
Finished running in 1.5918299999999999ms
Generating and Compiling data/example_mats/hex/p1/gauss-legendre/m3.txt
Running data/example_mats/hex/p1/gauss-legendre/m3.txt
Finished running in 0.7012966666666667ms
Generating and Compiling data/example_mats/hex/p1/gauss-legendre/m6.txt
Running data/example_mats/hex/p1/gauss-legendre/m6.txt
Finished running in 1.6888566666666667ms
Generating and Compiling data/example_mats/hex/p1/gauss-legendre/m132.txt
Running data/example_mats/hex/p1/gauss-legendre/m132.txt
Finished running in 0.6999633333333334ms
Generating and Compiling data/example_mats/hex/p1/gauss-legendre/m460.txt
Running data/example_mats/hex/p1/gauss-legendre/m460.txt
Finished running in 1.5861133333333333ms
Generating and Compiling data/example_mats/hex/p2/gauss-legendre-lobatto/m0.txt
Running data/example_mats/hex/p2/gauss-legendre-lobatto/m0.txt
Finished running in 3.6108233333333337ms
Generating and Compiling data/example_mats/hex/p2/gauss-legendre-lobatto/m3.txt
Running data/example_mats/hex/p2/gauss-legendre-lobatto/m3.txt
Finished running in 4.0335399999999995ms
Generating and Compiling data/example_mats/hex/p2/gauss-legendre-lobatto/m6.txt
Running data/example_mats/hex/p2/gauss-legendre-lobatto/m6.txt
Finished running in 7.2687566666666665ms
Generating and Compiling data/example_mats/hex/p2/gauss-legendre-lobatto/m132.txt
Running data/example_mats/hex/p2/gauss-legendre-lobatto/m132.txt
Finished running in 6.619593333333333ms
Generating and Compiling data/example_mats/hex/p2/gauss-legendre-lobatto/m460.txt
Running data/example_mats/hex/p2/gauss-legendre-lobatto/m460.txt
Finished running in 5.545413333333333ms
Generating and Compiling data/example_mats/hex/p2/gauss-legendre/m0.txt
Running data/example_mats/hex/p2/gauss-legendre/m0.txt
Finished running in 3.8282199999999995ms
Generating and Compiling data/example_mats/hex/p2/gauss-legendre/m3.txt
Running data/example_mats/hex/p2/gauss-legendre/m3.txt
Finished running in 3.895033333333333ms
Generating and Compiling data/example_mats/hex/p2/gauss-legendre/m6.txt
Running data/example_mats/hex/p2/gauss-legendre/m6.txt
Finished running in 7.426683333333334ms
Generating and Compiling data/example_mats/hex/p2/gauss-legendre/m132.txt
Running data/example_mats/hex/p2/gauss-legendre/m132.txt
Finished running in 6.72964ms
Generating and Compiling data/example_mats/hex/p2/gauss-legendre/m460.txt
Running data/example_mats/hex/p2/gauss-legendre/m460.txt
Finished running in 5.572800000000001ms
Generating and Compiling data/example_mats/hex/p3/gauss-legendre-lobatto/m0.txt
Running data/example_mats/hex/p3/gauss-legendre-lobatto/m0.txt
Finished running in 8.611973333333333ms
Generating and Compiling data/example_mats/hex/p3/gauss-legendre-lobatto/m3.txt
Running data/example_mats/hex/p3/gauss-legendre-lobatto/m3.txt
Finished running in 11.269409999999999ms
Generating and Compiling data/example_mats/hex/p3/gauss-legendre-lobatto/m6.txt
Running data/example_mats/hex/p3/gauss-legendre-lobatto/m6.txt
Finished running in 18.284566666666667ms
Generating and Compiling data/example_mats/hex/p3/gauss-legendre-lobatto/m132.txt
Running data/example_mats/hex/p3/gauss-legendre-lobatto/m132.txt
Finished running in 20.62259ms
Generating and Compiling data/example_mats/hex/p3/gauss-legendre-lobatto/m460.txt
Running data/example_mats/hex/p3/gauss-legendre-lobatto/m460.txt
Finished running in 15.570586666666667ms
Generating and Compiling data/example_mats/hex/p3/gauss-legendre/m0.txt
Running data/example_mats/hex/p3/gauss-legendre/m0.txt
Finished running in 8.952396666666667ms
Generating and Compiling data/example_mats/hex/p3/gauss-legendre/m3.txt
Running data/example_mats/hex/p3/gauss-legendre/m3.txt
Finished running in 11.393276666666667ms
Generating and Compiling data/example_mats/hex/p3/gauss-legendre/m6.txt
Running data/example_mats/hex/p3/gauss-legendre/m6.txt
Finished running in 18.54559666666667ms
Generating and Compiling data/example_mats/hex/p3/gauss-legendre/m132.txt
Running data/example_mats/hex/p3/gauss-legendre/m132.txt
Finished running in 21.14281ms
Generating and Compiling data/example_mats/hex/p3/gauss-legendre/m460.txt
Running data/example_mats/hex/p3/gauss-legendre/m460.txt
Finished running in 15.92271ms
Generating and Compiling data/example_mats/hex/p4/gauss-legendre-lobatto/m0.txt
Running data/example_mats/hex/p4/gauss-legendre-lobatto/m0.txt
Finished running in 14.992346666666666ms
Generating and Compiling data/example_mats/hex/p4/gauss-legendre-lobatto/m3.txt
Running data/example_mats/hex/p4/gauss-legendre-lobatto/m3.txt
Finished running in 21.297ms
Generating and Compiling data/example_mats/hex/p4/gauss-legendre-lobatto/m6.txt
Running data/example_mats/hex/p4/gauss-legendre-lobatto/m6.txt
Finished running in 33.89367333333334ms
Generating and Compiling data/example_mats/hex/p4/gauss-legendre-lobatto/m132.txt
Running data/example_mats/hex/p4/gauss-legendre-lobatto/m132.txt
Finished running in 41.04722666666667ms
Generating and Compiling data/example_mats/hex/p4/gauss-legendre-lobatto/m460.txt
Running data/example_mats/hex/p4/gauss-legendre-lobatto/m460.txt
Finished running in 34.36076333333333ms
Generating and Compiling data/example_mats/hex/p4/gauss-legendre/m0.txt
Running data/example_mats/hex/p4/gauss-legendre/m0.txt
Finished running in 17.245953333333333ms
Generating and Compiling data/example_mats/hex/p4/gauss-legendre/m3.txt
Running data/example_mats/hex/p4/gauss-legendre/m3.txt
Finished running in 21.330843333333334ms
Generating and Compiling data/example_mats/hex/p4/gauss-legendre/m6.txt
Running data/example_mats/hex/p4/gauss-legendre/m6.txt
Finished running in 33.715250000000005ms
Generating and Compiling data/example_mats/hex/p4/gauss-legendre/m132.txt
Running data/example_mats/hex/p4/gauss-legendre/m132.txt
Finished running in 40.852309999999996ms
Generating and Compiling data/example_mats/hex/p4/gauss-legendre/m460.txt
Running data/example_mats/hex/p4/gauss-legendre/m460.txt
Finished running in 34.78023666666667ms
Generating and Compiling data/example_mats/hex/p5/gauss-legendre-lobatto/m0.txt
Running data/example_mats/hex/p5/gauss-legendre-lobatto/m0.txt
Finished running in 23.45540666666667ms
Generating and Compiling data/example_mats/hex/p5/gauss-legendre-lobatto/m3.txt
Running data/example_mats/hex/p5/gauss-legendre-lobatto/m3.txt
Finished running in 32.78287333333333ms
Generating and Compiling data/example_mats/hex/p5/gauss-legendre-lobatto/m6.txt
Running data/example_mats/hex/p5/gauss-legendre-lobatto/m6.txt
Finished running in 58.39845666666667ms
Generating and Compiling data/example_mats/hex/p5/gauss-legendre-lobatto/m132.txt
Running data/example_mats/hex/p5/gauss-legendre-lobatto/m132.txt
Finished running in 78.79870666666667ms
Generating and Compiling data/example_mats/hex/p5/gauss-legendre-lobatto/m460.txt
Running data/example_mats/hex/p5/gauss-legendre-lobatto/m460.txt
Finished running in 65.59899333333334ms
Generating and Compiling data/example_mats/hex/p5/gauss-legendre/m0.txt
Running data/example_mats/hex/p5/gauss-legendre/m0.txt
Finished running in 30.140296666666668ms
Generating and Compiling data/example_mats/hex/p5/gauss-legendre/m3.txt
Running data/example_mats/hex/p5/gauss-legendre/m3.txt
Finished running in 32.98419333333333ms
Generating and Compiling data/example_mats/hex/p5/gauss-legendre/m6.txt
Running data/example_mats/hex/p5/gauss-legendre/m6.txt
Finished running in 58.35811666666667ms
Generating and Compiling data/example_mats/hex/p5/gauss-legendre/m132.txt
Running data/example_mats/hex/p5/gauss-legendre/m132.txt
Finished running in 88.40292333333333ms
Generating and Compiling data/example_mats/hex/p5/gauss-legendre/m460.txt
Running data/example_mats/hex/p5/gauss-legendre/m460.txt
Finished running in 67.38012333333333ms
Generating and Compiling data/example_mats/hex/p6/gauss-legendre-lobatto/m0.txt
Running data/example_mats/hex/p6/gauss-legendre-lobatto/m0.txt
Finished running in 33.7892ms
Generating and Compiling data/example_mats/hex/p6/gauss-legendre-lobatto/m3.txt
Running data/example_mats/hex/p6/gauss-legendre-lobatto/m3.txt
LIBXSMM_VERSION: RT-bst-B-from-vreg-1.16.1-1577 (25183785)
LIBXSMM_TARGET: skx
Registry and code: 13 MB
Uptime: 17.279257 s

LIBXSMM_VERSION: RT-bst-B-from-vreg-1.16.1-1577 (25183785)
LIBXSMM_TARGET: skx
Registry and code: 13 MB
Uptime: 29.500135 s

LIBXSMM_VERSION: RT-bst-B-from-vreg-1.16.1-1577 (25183785)
LIBXSMM_TARGET: skx
Registry and code: 13 MB
Uptime: 48.460231 s

LIBXSMM_VERSION: RT-bst-B-from-vreg-1.16.1-1577 (25183785)
LIBXSMM_TARGET: skx
Registry and code: 13 MB
Uptime: 36.492509 s

LIBXSMM_VERSION: RT-bst-B-from-vreg-1.16.1-1577 (25183785)
LIBXSMM_TARGET: skx
Registry and code: 13 MB
Uptime: 15.079906 s

LIBXSMM_VERSION: RT-bst-B-from-vreg-1.16.1-1577 (25183785)
LIBXSMM_TARGET: skx
Registry and code: 13 MB
Uptime: 17.354651 s

LIBXSMM_VERSION: RT-bst-B-from-vreg-1.16.1-1577 (25183785)
LIBXSMM_TARGET: skx
Registry and code: 13 MB
Uptime: 29.545522 s

LIBXSMM_VERSION: RT-bst-B-from-vreg-1.16.1-1577 (25183785)
LIBXSMM_TARGET: skx
Registry and code: 13 MB
Uptime: 50.380760 s

LIBXSMM_VERSION: RT-bst-B-from-vreg-1.16.1-1577 (25183785)
LIBXSMM_TARGET: skx
Registry and code: 13 MB
Uptime: 36.827105 s

LIBXSMM_VERSION: RT-bst-B-from-vreg-1.16.1-1577 (25183785)
LIBXSMM_TARGET: skx
Registry and code: 13 MB
Uptime: 0.165790 s

LIBXSMM_VERSION: RT-bst-B-from-vreg-1.16.1-1577 (25183785)
LIBXSMM_TARGET: skx
Registry and code: 13 MB
Uptime: 0.097689 s

LIBXSMM_VERSION: RT-bst-B-from-vreg-1.16.1-1577 (25183785)
LIBXSMM_TARGET: skx
Registry and code: 13 MB
Uptime: 0.174544 s

LIBXSMM_VERSION: RT-bst-B-from-vreg-1.16.1-1577 (25183785)
LIBXSMM_TARGET: skx
Registry and code: 13 MB
Uptime: 0.097713 s

LIBXSMM_VERSION: RT-bst-B-from-vreg-1.16.1-1577 (25183785)
LIBXSMM_TARGET: skx
Registry and code: 13 MB
Uptime: 0.165458 s

LIBXSMM_VERSION: RT-bst-B-from-vreg-1.16.1-1577 (25183785)
LIBXSMM_TARGET: skx
Registry and code: 13 MB
Uptime: 0.251571 s

LIBXSMM_VERSION: RT-bst-B-from-vreg-1.16.1-1577 (25183785)
LIBXSMM_TARGET: skx
Registry and code: 13 MB
Uptime: 0.204073 s

LIBXSMM_VERSION: RT-bst-B-from-vreg-1.16.1-1577 (25183785)
LIBXSMM_TARGET: skx
Registry and code: 13 MB
Uptime: 0.376680 s

LIBXSMM_VERSION: RT-bst-B-from-vreg-1.16.1-1577 (25183785)
LIBXSMM_TARGET: skx
Registry and code: 13 MB
Uptime: 0.220487 s

LIBXSMM_VERSION: RT-bst-B-from-vreg-1.16.1-1577 (25183785)
LIBXSMM_TARGET: skx
Registry and code: 13 MB
Uptime: 0.372434 s

LIBXSMM_VERSION: RT-bst-B-from-vreg-1.16.1-1577 (25183785)
LIBXSMM_TARGET: skx
Registry and code: 13 MB
Uptime: 0.275461 s

LIBXSMM_VERSION: RT-bst-B-from-vreg-1.16.1-1577 (25183785)
LIBXSMM_TARGET: skx
Registry and code: 13 MB
Uptime: 0.204984 s

LIBXSMM_VERSION: RT-bst-B-from-vreg-1.16.1-1577 (25183785)
LIBXSMM_TARGET: skx
Registry and code: 13 MB
Uptime: 0.376832 s

LIBXSMM_VERSION: RT-bst-B-from-vreg-1.16.1-1577 (25183785)
LIBXSMM_TARGET: skx
Registry and code: 13 MB
Uptime: 0.220282 s

LIBXSMM_VERSION: RT-bst-B-from-vreg-1.16.1-1577 (25183785)
LIBXSMM_TARGET: skx
Registry and code: 13 MB
Uptime: 0.372294 s

LIBXSMM_VERSION: RT-bst-B-from-vreg-1.16.1-1577 (25183785)
LIBXSMM_TARGET: skx
Registry and code: 13 MB
Uptime: 0.337744 s

LIBXSMM_VERSION: RT-bst-B-from-vreg-1.16.1-1577 (25183785)
LIBXSMM_TARGET: skx
Registry and code: 13 MB
Uptime: 0.350007 s

LIBXSMM_VERSION: RT-bst-B-from-vreg-1.16.1-1577 (25183785)
LIBXSMM_TARGET: skx
Registry and code: 13 MB
Uptime: 0.660031 s

LIBXSMM_VERSION: RT-bst-B-from-vreg-1.16.1-1577 (25183785)
LIBXSMM_TARGET: skx
Registry and code: 13 MB
Uptime: 0.417055 s

LIBXSMM_VERSION: RT-bst-B-from-vreg-1.16.1-1577 (25183785)
LIBXSMM_TARGET: skx
Registry and code: 13 MB
Uptime: 0.667254 s

LIBXSMM_VERSION: RT-bst-B-from-vreg-1.16.1-1577 (25183785)
LIBXSMM_TARGET: skx
Registry and code: 13 MB
Uptime: 0.353919 s

LIBXSMM_VERSION: RT-bst-B-from-vreg-1.16.1-1577 (25183785)
LIBXSMM_TARGET: skx
Registry and code: 13 MB
Uptime: 0.350392 s

LIBXSMM_VERSION: RT-bst-B-from-vreg-1.16.1-1577 (25183785)
LIBXSMM_TARGET: skx
Registry and code: 13 MB
Uptime: 0.659331 s

LIBXSMM_VERSION: RT-bst-B-from-vreg-1.16.1-1577 (25183785)
LIBXSMM_TARGET: skx
Registry and code: 13 MB
Uptime: 0.425528 s

LIBXSMM_VERSION: RT-bst-B-from-vreg-1.16.1-1577 (25183785)
LIBXSMM_TARGET: skx
Registry and code: 13 MB
Uptime: 0.667219 s

LIBXSMM_VERSION: RT-bst-B-from-vreg-1.16.1-1577 (25183785)
LIBXSMM_TARGET: skx
Registry and code: 13 MB
Uptime: 0.424666 s

LIBXSMM_VERSION: RT-bst-B-from-vreg-1.16.1-1577 (25183785)
LIBXSMM_TARGET: skx
Registry and code: 13 MB
Uptime: 0.543202 s

LIBXSMM_VERSION: RT-bst-B-from-vreg-1.16.1-1577 (25183785)
LIBXSMM_TARGET: skx
Registry and code: 13 MB
Uptime: 1.019226 s

LIBXSMM_VERSION: RT-bst-B-from-vreg-1.16.1-1577 (25183785)
LIBXSMM_TARGET: skx
Registry and code: 13 MB
Uptime: 1.251941 s

LIBXSMM_VERSION: RT-bst-B-from-vreg-1.16.1-1577 (25183785)
LIBXSMM_TARGET: skx
Registry and code: 13 MB
Uptime: 1.078226 s

LIBXSMM_VERSION: RT-bst-B-from-vreg-1.16.1-1577 (25183785)
LIBXSMM_TARGET: skx
Registry and code: 13 MB
Uptime: 0.476770 s

LIBXSMM_VERSION: RT-bst-B-from-vreg-1.16.1-1577 (25183785)
LIBXSMM_TARGET: skx
Registry and code: 13 MB
Uptime: 0.542961 s

LIBXSMM_VERSION: RT-bst-B-from-vreg-1.16.1-1577 (25183785)
LIBXSMM_TARGET: skx
Registry and code: 13 MB
Uptime: 1.018933 s

LIBXSMM_VERSION: RT-bst-B-from-vreg-1.16.1-1577 (25183785)
LIBXSMM_TARGET: skx
Registry and code: 13 MB
Uptime: 1.300948 s

LIBXSMM_VERSION: RT-bst-B-from-vreg-1.16.1-1577 (25183785)
LIBXSMM_TARGET: skx
Registry and code: 13 MB
Uptime: 1.083633 s

LIBXSMM_VERSION: RT-bst-B-from-vreg-1.16.1-1577 (25183785)
LIBXSMM_TARGET: skx
Registry and code: 13 MB
Uptime: 0.512873 s

LIBXSMM_VERSION: RT-bst-B-from-vreg-1.16.1-1577 (25183785)
LIBXSMM_TARGET: skx
Registry and code: 13 MB
Uptime: 0.776755 s

LIBXSMM_VERSION: RT-bst-B-from-vreg-1.16.1-1577 (25183785)
LIBXSMM_TARGET: skx
Registry and code: 13 MB
Uptime: 1.463690 s

Finished running in 45.02805ms
Generating and Compiling data/example_mats/hex/p6/gauss-legendre-lobatto/m6.txt
Running data/example_mats/hex/p6/gauss-legendre-lobatto/m6.txt
Finished running in 93.36666666666666ms
Generating and Compiling data/example_mats/hex/p6/gauss-legendre-lobatto/m132.txt
Running data/example_mats/hex/p6/gauss-legendre-lobatto/m132.txt
Finished running in 147.59323333333333ms
Generating and Compiling data/example_mats/hex/p6/gauss-legendre-lobatto/m460.txt
Running data/example_mats/hex/p6/gauss-legendre-lobatto/m460.txt
Finished running in 118.13149666666666ms
Generating and Compiling data/example_mats/hex/p6/gauss-legendre/m0.txt
Running data/example_mats/hex/p6/gauss-legendre/m0.txt
Finished running in 48.241703333333334ms
Generating and Compiling data/example_mats/hex/p6/gauss-legendre/m3.txt
Running data/example_mats/hex/p6/gauss-legendre/m3.txt
Finished running in 45.04127ms
Generating and Compiling data/example_mats/hex/p6/gauss-legendre/m6.txt
Running data/example_mats/hex/p6/gauss-legendre/m6.txt
Finished running in 93.50501666666668ms
Generating and Compiling data/example_mats/hex/p6/gauss-legendre/m132.txt
Running data/example_mats/hex/p6/gauss-legendre/m132.txt
Finished running in 154.37115333333333ms
Generating and Compiling data/example_mats/hex/p6/gauss-legendre/m460.txt
Running data/example_mats/hex/p6/gauss-legendre/m460.txt
Finished running in 121.31521333333333ms
Generating and Compiling data/example_mats/quad/p1/gauss-legendre/m0.txt
Running data/example_mats/quad/p1/gauss-legendre/m0.txt
Finished running in 0.5348633333333331ms
Generating and Compiling data/example_mats/quad/p1/gauss-legendre/m3.txt
Running data/example_mats/quad/p1/gauss-legendre/m3.txt
Finished running in 0.30929ms
Generating and Compiling data/example_mats/quad/p1/gauss-legendre/m6.txt
Running data/example_mats/quad/p1/gauss-legendre/m6.txt
Finished running in 0.56203ms
Generating and Compiling data/example_mats/quad/p1/gauss-legendre/m132.txt
Running data/example_mats/quad/p1/gauss-legendre/m132.txt
Finished running in 0.30884ms
Generating and Compiling data/example_mats/quad/p1/gauss-legendre/m460.txt
Running data/example_mats/quad/p1/gauss-legendre/m460.txt
Finished running in 0.5341766666666666ms
Generating and Compiling data/example_mats/quad/p2/gauss-legendre-lobatto/m0.txt
Running data/example_mats/quad/p2/gauss-legendre-lobatto/m0.txt
Finished running in 0.8138066666666667ms
Generating and Compiling data/example_mats/quad/p2/gauss-legendre-lobatto/m3.txt
Running data/example_mats/quad/p2/gauss-legendre-lobatto/m3.txt
Finished running in 0.6571466666666667ms
Generating and Compiling data/example_mats/quad/p2/gauss-legendre-lobatto/m6.txt
Running data/example_mats/quad/p2/gauss-legendre-lobatto/m6.txt
Finished running in 1.2247966666666668ms
Generating and Compiling data/example_mats/quad/p2/gauss-legendre-lobatto/m132.txt
Running data/example_mats/quad/p2/gauss-legendre-lobatto/m132.txt
Finished running in 0.70787ms
Generating and Compiling data/example_mats/quad/p2/gauss-legendre-lobatto/m460.txt
Running data/example_mats/quad/p2/gauss-legendre-lobatto/m460.txt
Finished running in 1.2118799999999998ms
Generating and Compiling data/example_mats/quad/p2/gauss-legendre/m0.txt
Running data/example_mats/quad/p2/gauss-legendre/m0.txt
Finished running in 0.8674033333333333ms
Generating and Compiling data/example_mats/quad/p2/gauss-legendre/m3.txt
Running data/example_mats/quad/p2/gauss-legendre/m3.txt
Finished running in 0.65859ms
Generating and Compiling data/example_mats/quad/p2/gauss-legendre/m6.txt
Running data/example_mats/quad/p2/gauss-legendre/m6.txt
Finished running in 1.2243366666666666ms
Generating and Compiling data/example_mats/quad/p2/gauss-legendre/m132.txt
Running data/example_mats/quad/p2/gauss-legendre/m132.txt
Finished running in 0.70678ms
Generating and Compiling data/example_mats/quad/p2/gauss-legendre/m460.txt
Running data/example_mats/quad/p2/gauss-legendre/m460.txt
Finished running in 1.2119933333333335ms
Generating and Compiling data/example_mats/quad/p3/gauss-legendre-lobatto/m0.txt
Running data/example_mats/quad/p3/gauss-legendre-lobatto/m0.txt
Finished running in 1.0935433333333333ms
Generating and Compiling data/example_mats/quad/p3/gauss-legendre-lobatto/m3.txt
Running data/example_mats/quad/p3/gauss-legendre-lobatto/m3.txt
Finished running in 1.13499ms
Generating and Compiling data/example_mats/quad/p3/gauss-legendre-lobatto/m6.txt
Running data/example_mats/quad/p3/gauss-legendre-lobatto/m6.txt
Finished running in 2.1526ms
Generating and Compiling data/example_mats/quad/p3/gauss-legendre-lobatto/m132.txt
Running data/example_mats/quad/p3/gauss-legendre-lobatto/m132.txt
Finished running in 1.34687ms
Generating and Compiling data/example_mats/quad/p3/gauss-legendre-lobatto/m460.txt
Running data/example_mats/quad/p3/gauss-legendre-lobatto/m460.txt
Finished running in 2.177293333333333ms
Generating and Compiling data/example_mats/quad/p3/gauss-legendre/m0.txt
Running data/example_mats/quad/p3/gauss-legendre/m0.txt
Finished running in 1.14727ms
Generating and Compiling data/example_mats/quad/p3/gauss-legendre/m3.txt
Running data/example_mats/quad/p3/gauss-legendre/m3.txt
Finished running in 1.1361766666666666ms
Generating and Compiling data/example_mats/quad/p3/gauss-legendre/m6.txt
Running data/example_mats/quad/p3/gauss-legendre/m6.txt
Finished running in 2.15227ms
Generating and Compiling data/example_mats/quad/p3/gauss-legendre/m132.txt
Running data/example_mats/quad/p3/gauss-legendre/m132.txt
Finished running in 1.3733133333333334ms
Generating and Compiling data/example_mats/quad/p3/gauss-legendre/m460.txt
Running data/example_mats/quad/p3/gauss-legendre/m460.txt
Finished running in 2.17782ms
Generating and Compiling data/example_mats/quad/p4/gauss-legendre-lobatto/m0.txt
Running data/example_mats/quad/p4/gauss-legendre-lobatto/m0.txt
Finished running in 1.37185ms
Generating and Compiling data/example_mats/quad/p4/gauss-legendre-lobatto/m3.txt
Running data/example_mats/quad/p4/gauss-legendre-lobatto/m3.txt
Finished running in 1.76728ms
Generating and Compiling data/example_mats/quad/p4/gauss-legendre-lobatto/m6.txt
Running data/example_mats/quad/p4/gauss-legendre-lobatto/m6.txt
Finished running in 3.3338633333333334ms
Generating and Compiling data/example_mats/quad/p4/gauss-legendre-lobatto/m132.txt
Running data/example_mats/quad/p4/gauss-legendre-lobatto/m132.txt
Finished running in 2.844866666666667ms
Generating and Compiling data/example_mats/quad/p4/gauss-legendre-lobatto/m460.txt
Running data/example_mats/quad/p4/gauss-legendre-lobatto/m460.txt
Finished running in 3.5268366666666666ms
Generating and Compiling data/example_mats/quad/p4/gauss-legendre/m0.txt
Running data/example_mats/quad/p4/gauss-legendre/m0.txt
Finished running in 1.5456133333333335ms
Generating and Compiling data/example_mats/quad/p4/gauss-legendre/m3.txt
Running data/example_mats/quad/p4/gauss-legendre/m3.txt
Finished running in 1.7679133333333334ms
Generating and Compiling data/example_mats/quad/p4/gauss-legendre/m6.txt
Running data/example_mats/quad/p4/gauss-legendre/m6.txt
Finished running in 3.3332466666666667ms
Generating and Compiling data/example_mats/quad/p4/gauss-legendre/m132.txt
Running data/example_mats/quad/p4/gauss-legendre/m132.txt
Finished running in 2.95459ms
Generating and Compiling data/example_mats/quad/p4/gauss-legendre/m460.txt
Running data/example_mats/quad/p4/gauss-legendre/m460.txt
Finished running in 3.5435933333333334ms
Generating and Compiling data/example_mats/quad/p5/gauss-legendre-lobatto/m0.txt
Running data/example_mats/quad/p5/gauss-legendre-lobatto/m0.txt
Finished running in 1.6546066666666668ms
Generating and Compiling data/example_mats/quad/p5/gauss-legendre-lobatto/m3.txt
Running data/example_mats/quad/p5/gauss-legendre-lobatto/m3.txt
Finished running in 2.5335433333333333ms
Generating and Compiling data/example_mats/quad/p5/gauss-legendre-lobatto/m6.txt
Running data/example_mats/quad/p5/gauss-legendre-lobatto/m6.txt
Finished running in 4.792996666666666ms
Generating and Compiling data/example_mats/quad/p5/gauss-legendre-lobatto/m132.txt
Running data/example_mats/quad/p5/gauss-legendre-lobatto/m132.txt
LIBXSMM_VERSION: RT-bst-B-from-vreg-1.16.1-1577 (25183785)
LIBXSMM_TARGET: skx
Registry and code: 13 MB
Uptime: 2.315764 s

LIBXSMM_VERSION: RT-bst-B-from-vreg-1.16.1-1577 (25183785)
LIBXSMM_TARGET: skx
Registry and code: 13 MB
Uptime: 1.671384 s

LIBXSMM_VERSION: RT-bst-B-from-vreg-1.16.1-1577 (25183785)
LIBXSMM_TARGET: skx
Registry and code: 13 MB
Uptime: 0.643747 s

LIBXSMM_VERSION: RT-bst-B-from-vreg-1.16.1-1577 (25183785)
LIBXSMM_TARGET: skx
Registry and code: 13 MB
Uptime: 0.774309 s

LIBXSMM_VERSION: RT-bst-B-from-vreg-1.16.1-1577 (25183785)
LIBXSMM_TARGET: skx
Registry and code: 13 MB
Uptime: 1.460480 s

LIBXSMM_VERSION: RT-bst-B-from-vreg-1.16.1-1577 (25183785)
LIBXSMM_TARGET: skx
Registry and code: 13 MB
Uptime: 2.263583 s

LIBXSMM_VERSION: RT-bst-B-from-vreg-1.16.1-1577 (25183785)
LIBXSMM_TARGET: skx
Registry and code: 13 MB
Uptime: 1.703500 s

LIBXSMM_VERSION: RT-bst-B-from-vreg-1.16.1-1577 (25183785)
LIBXSMM_TARGET: skx
Registry and code: 13 MB
Uptime: 0.601030 s

LIBXSMM_VERSION: RT-bst-B-from-vreg-1.16.1-1577 (25183785)
LIBXSMM_TARGET: skx
Registry and code: 13 MB
Uptime: 1.055422 s

LIBXSMM_VERSION: RT-bst-B-from-vreg-1.16.1-1577 (25183785)
LIBXSMM_TARGET: skx
Registry and code: 13 MB
Uptime: 1.995217 s

LIBXSMM_VERSION: RT-bst-B-from-vreg-1.16.1-1577 (25183785)
LIBXSMM_TARGET: skx
Registry and code: 13 MB
Uptime: 3.873379 s

LIBXSMM_VERSION: RT-bst-B-from-vreg-1.16.1-1577 (25183785)
LIBXSMM_TARGET: skx
Registry and code: 13 MB
Uptime: 2.487304 s

LIBXSMM_VERSION: RT-bst-B-from-vreg-1.16.1-1577 (25183785)
LIBXSMM_TARGET: skx
Registry and code: 13 MB
Uptime: 1.184329 s

LIBXSMM_VERSION: RT-bst-B-from-vreg-1.16.1-1577 (25183785)
LIBXSMM_TARGET: skx
Registry and code: 13 MB
Uptime: 1.055153 s

LIBXSMM_VERSION: RT-bst-B-from-vreg-1.16.1-1577 (25183785)
LIBXSMM_TARGET: skx
Registry and code: 13 MB
Uptime: 1.983750 s

LIBXSMM_VERSION: RT-bst-B-from-vreg-1.16.1-1577 (25183785)
LIBXSMM_TARGET: skx
Registry and code: 13 MB
Uptime: 3.819463 s

LIBXSMM_VERSION: RT-bst-B-from-vreg-1.16.1-1577 (25183785)
LIBXSMM_TARGET: skx
Registry and code: 13 MB
Uptime: 2.526338 s

LIBXSMM_VERSION: RT-bst-B-from-vreg-1.16.1-1577 (25183785)
LIBXSMM_TARGET: skx
Registry and code: 13 MB
Uptime: 0.257880 s

LIBXSMM_VERSION: RT-bst-B-from-vreg-1.16.1-1577 (25183785)
LIBXSMM_TARGET: skx
Registry and code: 13 MB
Uptime: 0.114592 s

LIBXSMM_VERSION: RT-bst-B-from-vreg-1.16.1-1577 (25183785)
LIBXSMM_TARGET: skx
Registry and code: 13 MB
Uptime: 0.270917 s

LIBXSMM_VERSION: RT-bst-B-from-vreg-1.16.1-1577 (25183785)
LIBXSMM_TARGET: skx
Registry and code: 13 MB
Uptime: 0.108562 s

LIBXSMM_VERSION: RT-bst-B-from-vreg-1.16.1-1577 (25183785)
LIBXSMM_TARGET: skx
Registry and code: 13 MB
Uptime: 0.132038 s

LIBXSMM_VERSION: RT-bst-B-from-vreg-1.16.1-1577 (25183785)
LIBXSMM_TARGET: skx
Registry and code: 13 MB
Uptime: 0.515466 s

LIBXSMM_VERSION: RT-bst-B-from-vreg-1.16.1-1577 (25183785)
LIBXSMM_TARGET: skx
Registry and code: 13 MB
Uptime: 0.401577 s

LIBXSMM_VERSION: RT-bst-B-from-vreg-1.16.1-1577 (25183785)
LIBXSMM_TARGET: skx
Registry and code: 13 MB
Uptime: 0.690167 s

LIBXSMM_VERSION: RT-bst-B-from-vreg-1.16.1-1577 (25183785)
LIBXSMM_TARGET: skx
Registry and code: 13 MB
Uptime: 0.467088 s

LIBXSMM_VERSION: RT-bst-B-from-vreg-1.16.1-1577 (25183785)
LIBXSMM_TARGET: skx
Registry and code: 13 MB
Uptime: 0.620150 s

LIBXSMM_VERSION: RT-bst-B-from-vreg-1.16.1-1577 (25183785)
LIBXSMM_TARGET: skx
Registry and code: 13 MB
Uptime: 1.239042 s

LIBXSMM_VERSION: RT-bst-B-from-vreg-1.16.1-1577 (25183785)
LIBXSMM_TARGET: skx
Registry and code: 13 MB
Uptime: 1.623891 s

LIBXSMM_VERSION: RT-bst-B-from-vreg-1.16.1-1577 (25183785)
LIBXSMM_TARGET: skx
Registry and code: 13 MB
Uptime: 1.996957 s

LIBXSMM_VERSION: RT-bst-B-from-vreg-1.16.1-1577 (25183785)
LIBXSMM_TARGET: skx
Registry and code: 13 MB
Uptime: 2.436432 s

LIBXSMM_VERSION: RT-bst-B-from-vreg-1.16.1-1577 (25183785)
LIBXSMM_TARGET: skx
Registry and code: 13 MB
Uptime: 1.695865 s

LIBXSMM_VERSION: RT-bst-B-from-vreg-1.16.1-1577 (25183785)
LIBXSMM_TARGET: skx
Registry and code: 13 MB
Uptime: 3.912537 s

LIBXSMM_VERSION: RT-bst-B-from-vreg-1.16.1-1577 (25183785)
LIBXSMM_TARGET: skx
Registry and code: 13 MB
Uptime: 4.293995 s

LIBXSMM_VERSION: RT-bst-B-from-vreg-1.16.1-1577 (25183785)
LIBXSMM_TARGET: skx
Registry and code: 13 MB
Uptime: 5.472051 s

LIBXSMM_VERSION: RT-bst-B-from-vreg-1.16.1-1577 (25183785)
LIBXSMM_TARGET: skx
Registry and code: 13 MB
Uptime: 9.702927 s

LIBXSMM_VERSION: RT-bst-B-from-vreg-1.16.1-1577 (25183785)
LIBXSMM_TARGET: skx
Registry and code: 13 MB
Uptime: 6.238987 s

LIBXSMM_VERSION: RT-bst-B-from-vreg-1.16.1-1577 (25183785)
LIBXSMM_TARGET: skx
Registry and code: 13 MB
Uptime: 9.384880 s

LIBXSMM_VERSION: RT-bst-B-from-vreg-1.16.1-1577 (25183785)
LIBXSMM_TARGET: skx
Registry and code: 13 MB
Uptime: 11.448242 s

LIBXSMM_VERSION: RT-bst-B-from-vreg-1.16.1-1577 (25183785)
LIBXSMM_TARGET: skx
Registry and code: 13 MB
Uptime: 13.899925 s

LIBXSMM_VERSION: RT-bst-B-from-vreg-1.16.1-1577 (25183785)
LIBXSMM_TARGET: skx
Registry and code: 13 MB
Uptime: 24.489470 s

LIBXSMM_VERSION: RT-bst-B-from-vreg-1.16.1-1577 (25183785)
LIBXSMM_TARGET: skx
Registry and code: 13 MB
Uptime: 17.848224 s

LIBXSMM_VERSION: RT-bst-B-from-vreg-1.16.1-1577 (25183785)
LIBXSMM_TARGET: skx
Registry and code: 13 MB
Uptime: 21.426563 s

LIBXSMM_VERSION: RT-bst-B-from-vreg-1.16.1-1577 (25183785)
LIBXSMM_TARGET: skx
Registry and code: 13 MB
Uptime: 23.275960 s

LIBXSMM_VERSION: RT-bst-B-from-vreg-1.16.1-1577 (25183785)
LIBXSMM_TARGET: skx
Registry and code: 13 MB
Uptime: 29.143991 s

LIBXSMM_VERSION: RT-bst-B-from-vreg-1.16.1-1577 (25183785)
LIBXSMM_TARGET: skx
Registry and code: 13 MB
Uptime: 55.028445 s

LIBXSMM_VERSION: RT-bst-B-from-vreg-1.16.1-1577 (25183785)
LIBXSMM_TARGET: skx
Registry and code: 13 MB
Uptime: 45.276863 s

LIBXSMM_VERSION: RT-bst-B-from-vreg-1.16.1-1577 (25183785)
LIBXSMM_TARGET: skx
Registry and code: 13 MB
Uptime: 0.128179 s

LIBXSMM_VERSION: RT-bst-B-from-vreg-1.16.1-1577 (25183785)
LIBXSMM_TARGET: skx
Registry and code: 13 MB
Uptime: 0.074687 s

LIBXSMM_VERSION: RT-bst-B-from-vreg-1.16.1-1577 (25183785)
LIBXSMM_TARGET: skx
Registry and code: 13 MB
Uptime: 0.132272 s

LIBXSMM_VERSION: RT-bst-B-from-vreg-1.16.1-1577 (25183785)
LIBXSMM_TARGET: skx
Registry and code: 13 MB
Uptime: 0.073808 s

Finished running in 4.985096666666666ms
Generating and Compiling data/example_mats/quad/p5/gauss-legendre-lobatto/m460.txt
Running data/example_mats/quad/p5/gauss-legendre-lobatto/m460.txt
Finished running in 5.47522ms
Generating and Compiling data/example_mats/quad/p5/gauss-legendre/m0.txt
Running data/example_mats/quad/p5/gauss-legendre/m0.txt
Finished running in 2.0911133333333334ms
Generating and Compiling data/example_mats/quad/p5/gauss-legendre/m3.txt
Running data/example_mats/quad/p5/gauss-legendre/m3.txt
Finished running in 2.526596666666667ms
Generating and Compiling data/example_mats/quad/p5/gauss-legendre/m6.txt
Running data/example_mats/quad/p5/gauss-legendre/m6.txt
Finished running in 4.7826699999999995ms
Generating and Compiling data/example_mats/quad/p5/gauss-legendre/m132.txt
Running data/example_mats/quad/p5/gauss-legendre/m132.txt
Finished running in 5.10084ms
Generating and Compiling data/example_mats/quad/p5/gauss-legendre/m460.txt
Running data/example_mats/quad/p5/gauss-legendre/m460.txt
Finished running in 5.580523333333333ms
Generating and Compiling data/example_mats/quad/p6/gauss-legendre-lobatto/m0.txt
Running data/example_mats/quad/p6/gauss-legendre-lobatto/m0.txt
Finished running in 1.9352500000000001ms
Generating and Compiling data/example_mats/quad/p6/gauss-legendre-lobatto/m3.txt
Running data/example_mats/quad/p6/gauss-legendre-lobatto/m3.txt
Finished running in 3.448196666666667ms
Generating and Compiling data/example_mats/quad/p6/gauss-legendre-lobatto/m6.txt
Running data/example_mats/quad/p6/gauss-legendre-lobatto/m6.txt
Finished running in 6.54057ms
Generating and Compiling data/example_mats/quad/p6/gauss-legendre-lobatto/m132.txt
Running data/example_mats/quad/p6/gauss-legendre-lobatto/m132.txt
Finished running in 8.00604ms
Generating and Compiling data/example_mats/quad/p6/gauss-legendre-lobatto/m460.txt
Running data/example_mats/quad/p6/gauss-legendre-lobatto/m460.txt
Finished running in 8.161216666666666ms
Generating and Compiling data/example_mats/quad/p6/gauss-legendre/m0.txt
Running data/example_mats/quad/p6/gauss-legendre/m0.txt
Finished running in 3.1422733333333333ms
Generating and Compiling data/example_mats/quad/p6/gauss-legendre/m3.txt
Running data/example_mats/quad/p6/gauss-legendre/m3.txt
Finished running in 3.4484800000000004ms
Generating and Compiling data/example_mats/quad/p6/gauss-legendre/m6.txt
Running data/example_mats/quad/p6/gauss-legendre/m6.txt
Finished running in 6.5008799999999995ms
Generating and Compiling data/example_mats/quad/p6/gauss-legendre/m132.txt
Running data/example_mats/quad/p6/gauss-legendre/m132.txt
Finished running in 7.97756ms
Generating and Compiling data/example_mats/quad/p6/gauss-legendre/m460.txt
Running data/example_mats/quad/p6/gauss-legendre/m460.txt
Finished running in 8.2902ms
Generating and Compiling data/example_mats/tet/p1/shunn-ham/m0.txt
Running data/example_mats/tet/p1/shunn-ham/m0.txt
Finished running in 0.8270433333333336ms
Generating and Compiling data/example_mats/tet/p1/shunn-ham/m3.txt
Running data/example_mats/tet/p1/shunn-ham/m3.txt
Finished running in 0.36164666666666667ms
Generating and Compiling data/example_mats/tet/p1/shunn-ham/m6.txt
Running data/example_mats/tet/p1/shunn-ham/m6.txt
Finished running in 0.8768366666666666ms
Generating and Compiling data/example_mats/tet/p1/shunn-ham/m132.txt
Running data/example_mats/tet/p1/shunn-ham/m132.txt
Finished running in 0.34282666666666667ms
Generating and Compiling data/example_mats/tet/p1/shunn-ham/m460.txt
Running data/example_mats/tet/p1/shunn-ham/m460.txt
Finished running in 0.4194833333333333ms
Generating and Compiling data/example_mats/tet/p2/shunn-ham/m0.txt
Running data/example_mats/tet/p2/shunn-ham/m0.txt
Finished running in 1.6821066666666666ms
Generating and Compiling data/example_mats/tet/p2/shunn-ham/m3.txt
Running data/example_mats/tet/p2/shunn-ham/m3.txt
Finished running in 0.8585ms
Generating and Compiling data/example_mats/tet/p2/shunn-ham/m6.txt
Running data/example_mats/tet/p2/shunn-ham/m6.txt
Finished running in 2.25092ms
Generating and Compiling data/example_mats/tet/p2/shunn-ham/m132.txt
Running data/example_mats/tet/p2/shunn-ham/m132.txt
Finished running in 1.0031999999999999ms
Generating and Compiling data/example_mats/tet/p2/shunn-ham/m460.txt
Running data/example_mats/tet/p2/shunn-ham/m460.txt
Finished running in 2.0268766666666664ms
Generating and Compiling data/example_mats/tet/p3/shunn-ham/m0.txt
Running data/example_mats/tet/p3/shunn-ham/m0.txt
Finished running in 3.0897966666666665ms
Generating and Compiling data/example_mats/tet/p3/shunn-ham/m3.txt
Running data/example_mats/tet/p3/shunn-ham/m3.txt
Finished running in 4.609076666666667ms
Generating and Compiling data/example_mats/tet/p3/shunn-ham/m6.txt
Running data/example_mats/tet/p3/shunn-ham/m6.txt
Finished running in 6.5657266666666665ms
Generating and Compiling data/example_mats/tet/p3/shunn-ham/m132.txt
Running data/example_mats/tet/p3/shunn-ham/m132.txt
Finished running in 8.047953333333334ms
Generating and Compiling data/example_mats/tet/p3/shunn-ham/m460.txt
Running data/example_mats/tet/p3/shunn-ham/m460.txt
Finished running in 4.972153333333333ms
Generating and Compiling data/example_mats/tet/p4/shunn-ham/m0.txt
Running data/example_mats/tet/p4/shunn-ham/m0.txt
Finished running in 9.47566ms
Generating and Compiling data/example_mats/tet/p4/shunn-ham/m3.txt
Running data/example_mats/tet/p4/shunn-ham/m3.txt
Finished running in 12.67783ms
Generating and Compiling data/example_mats/tet/p4/shunn-ham/m6.txt
Running data/example_mats/tet/p4/shunn-ham/m6.txt
Finished running in 18.08748ms
Generating and Compiling data/example_mats/tet/p4/shunn-ham/m132.txt
Running data/example_mats/tet/p4/shunn-ham/m132.txt
Finished running in 26.27143ms
Generating and Compiling data/example_mats/tet/p4/shunn-ham/m460.txt
Running data/example_mats/tet/p4/shunn-ham/m460.txt
Finished running in 11.61191ms
Generating and Compiling data/example_mats/tet/p5/shunn-ham/m0.txt
Running data/example_mats/tet/p5/shunn-ham/m0.txt
Finished running in 21.085083333333333ms
Generating and Compiling data/example_mats/tet/p5/shunn-ham/m3.txt
Running data/example_mats/tet/p5/shunn-ham/m3.txt
Finished running in 27.725056666666667ms
Generating and Compiling data/example_mats/tet/p5/shunn-ham/m6.txt
Running data/example_mats/tet/p5/shunn-ham/m6.txt
Finished running in 46.07176333333334ms
Generating and Compiling data/example_mats/tet/p5/shunn-ham/m132.txt
Running data/example_mats/tet/p5/shunn-ham/m132.txt
Finished running in 52.63209333333334ms
Generating and Compiling data/example_mats/tet/p5/shunn-ham/m460.txt
Running data/example_mats/tet/p5/shunn-ham/m460.txt
Finished running in 35.05789666666667ms
Generating and Compiling data/example_mats/tet/p6/shunn-ham/m0.txt
Running data/example_mats/tet/p6/shunn-ham/m0.txt
Finished running in 39.22303333333333ms
Generating and Compiling data/example_mats/tet/p6/shunn-ham/m3.txt
Running data/example_mats/tet/p6/shunn-ham/m3.txt
Finished running in 43.94660666666667ms
Generating and Compiling data/example_mats/tet/p6/shunn-ham/m6.txt
Running data/example_mats/tet/p6/shunn-ham/m6.txt
Finished running in 83.20423666666667ms
Generating and Compiling data/example_mats/tet/p6/shunn-ham/m132.txt
Running data/example_mats/tet/p6/shunn-ham/m132.txt
Finished running in 97.25444333333333ms
Generating and Compiling data/example_mats/tet/p6/shunn-ham/m460.txt
Running data/example_mats/tet/p6/shunn-ham/m460.txt
Finished running in 65.04154333333334ms
Generating and Compiling data/example_mats/tri/p1/williams-shunn/m0.txt
Running data/example_mats/tri/p1/williams-shunn/m0.txt
Finished running in 0.41243ms
Generating and Compiling data/example_mats/tri/p1/williams-shunn/m3.txt
Running data/example_mats/tri/p1/williams-shunn/m3.txt
Finished running in 0.23468333333333333ms
Generating and Compiling data/example_mats/tri/p1/williams-shunn/m6.txt
Running data/example_mats/tri/p1/williams-shunn/m6.txt
Finished running in 0.42405000000000004ms
Generating and Compiling data/example_mats/tri/p1/williams-shunn/m132.txt
Running data/example_mats/tri/p1/williams-shunn/m132.txt
Finished running in 0.23226ms
Generating and Compiling
LIBXSMM_VERSION: RT-bst-B-from-vreg-1.16.1-1577 (25183785)
LIBXSMM_TARGET: skx
Registry and code: 13 MB
Uptime: 0.087232 s

LIBXSMM_VERSION: RT-bst-B-from-vreg-1.16.1-1577 (25183785)
LIBXSMM_TARGET: skx
Registry and code: 13 MB
Uptime: 0.193448 s

LIBXSMM_VERSION: RT-bst-B-from-vreg-1.16.1-1577 (25183785)
LIBXSMM_TARGET: skx
Registry and code: 13 MB
Uptime: 0.146672 s

LIBXSMM_VERSION: RT-bst-B-from-vreg-1.16.1-1577 (25183785)
LIBXSMM_TARGET: skx
Registry and code: 13 MB
Uptime: 0.271662 s

LIBXSMM_VERSION: RT-bst-B-from-vreg-1.16.1-1577 (25183785)
LIBXSMM_TARGET: skx
Registry and code: 13 MB
Uptime: 0.155477 s

LIBXSMM_VERSION: RT-bst-B-from-vreg-1.16.1-1577 (25183785)
LIBXSMM_TARGET: skx
Registry and code: 13 MB
Uptime: 0.262021 s

LIBXSMM_VERSION: RT-bst-B-from-vreg-1.16.1-1577 (25183785)
LIBXSMM_TARGET: skx
Registry and code: 13 MB
Uptime: 0.276541 s

LIBXSMM_VERSION: RT-bst-B-from-vreg-1.16.1-1577 (25183785)
LIBXSMM_TARGET: skx
Registry and code: 13 MB
Uptime: 0.232960 s

LIBXSMM_VERSION: RT-bst-B-from-vreg-1.16.1-1577 (25183785)
LIBXSMM_TARGET: skx
Registry and code: 13 MB
Uptime: 0.425507 s

LIBXSMM_VERSION: RT-bst-B-from-vreg-1.16.1-1577 (25183785)
LIBXSMM_TARGET: skx
Registry and code: 13 MB
Uptime: 0.335333 s

LIBXSMM_VERSION: RT-bst-B-from-vreg-1.16.1-1577 (25183785)
LIBXSMM_TARGET: skx
Registry and code: 13 MB
Uptime: 0.426037 s

LIBXSMM_VERSION: RT-bst-B-from-vreg-1.16.1-1577 (25183785)
LIBXSMM_TARGET: skx
Registry and code: 13 MB
Uptime: 0.380692 s

LIBXSMM_VERSION: RT-bst-B-from-vreg-1.16.1-1577 (25183785)
LIBXSMM_TARGET: skx
Registry and code: 13 MB
Uptime: 0.388542 s

LIBXSMM_VERSION: RT-bst-B-from-vreg-1.16.1-1577 (25183785)
LIBXSMM_TARGET: skx
Registry and code: 13 MB
Uptime: 0.660906 s

LIBXSMM_VERSION: RT-bst-B-from-vreg-1.16.1-1577 (25183785)
LIBXSMM_TARGET: skx
Registry and code: 13 MB
Uptime: 0.787391 s

LIBXSMM_VERSION: RT-bst-B-from-vreg-1.16.1-1577 (25183785)
LIBXSMM_TARGET: skx
Registry and code: 13 MB
Uptime: 0.706429 s

LIBXSMM_VERSION: RT-bst-B-from-vreg-1.16.1-1577 (25183785)
LIBXSMM_TARGET: skx
Registry and code: 13 MB
Uptime: 0.618539 s

LIBXSMM_VERSION: RT-bst-B-from-vreg-1.16.1-1577 (25183785)
LIBXSMM_TARGET: skx
Registry and code: 13 MB
Uptime: 0.620144 s

LIBXSMM_VERSION: RT-bst-B-from-vreg-1.16.1-1577 (25183785)
LIBXSMM_TARGET: skx
Registry and code: 13 MB
Uptime: 0.914229 s

LIBXSMM_VERSION: RT-bst-B-from-vreg-1.16.1-1577 (25183785)
LIBXSMM_TARGET: skx
Registry and code: 13 MB
Uptime: 1.776175 s

LIBXSMM_VERSION: RT-bst-B-from-vreg-1.16.1-1577 (25183785)
LIBXSMM_TARGET: skx
Registry and code: 13 MB
Uptime: 1.385372 s

LIBXSMM_VERSION: RT-bst-B-from-vreg-1.16.1-1577 (25183785)
LIBXSMM_TARGET: skx
Registry and code: 13 MB
Uptime: 1.000067 s

LIBXSMM_VERSION: RT-bst-B-from-vreg-1.16.1-1577 (25183785)
LIBXSMM_TARGET: skx
Registry and code: 13 MB
Uptime: 0.936992 s

LIBXSMM_VERSION: RT-bst-B-from-vreg-1.16.1-1577 (25183785)
LIBXSMM_TARGET: skx
Registry and code: 13 MB
Uptime: 1.302179 s

LIBXSMM_VERSION: RT-bst-B-from-vreg-1.16.1-1577 (25183785)
LIBXSMM_TARGET: skx
Registry and code: 13 MB
Uptime: 3.304711 s

LIBXSMM_VERSION: RT-bst-B-from-vreg-1.16.1-1577 (25183785)
LIBXSMM_TARGET: skx
Registry and code: 13 MB
Uptime: 2.483717 s
 data/example_mats/tri/p1/williams-shunn/m460.txt
Running data/example_mats/tri/p1/williams-shunn/m460.txt
Finished running in 0.27586333333333335ms
Generating and Compiling data/example_mats/tri/p2/williams-shunn/m0.txt
Running data/example_mats/tri/p2/williams-shunn/m0.txt
Finished running in 0.6254600000000001ms
Generating and Compiling data/example_mats/tri/p2/williams-shunn/m3.txt
Running data/example_mats/tri/p2/williams-shunn/m3.txt
Finished running in 0.46995000000000003ms
Generating and Compiling data/example_mats/tri/p2/williams-shunn/m6.txt
Running data/example_mats/tri/p2/williams-shunn/m6.txt
Finished running in 0.8816633333333335ms
Generating and Compiling data/example_mats/tri/p2/williams-shunn/m132.txt
Running data/example_mats/tri/p2/williams-shunn/m132.txt
Finished running in 0.49766333333333335ms
Generating and Compiling data/example_mats/tri/p2/williams-shunn/m460.txt
Running data/example_mats/tri/p2/williams-shunn/m460.txt
Finished running in 0.8509466666666666ms
Generating and Compiling data/example_mats/tri/p3/williams-shunn/m0.txt
Running data/example_mats/tri/p3/williams-shunn/m0.txt
Finished running in 0.8970766666666669ms
Generating and Compiling data/example_mats/tri/p3/williams-shunn/m3.txt
Running data/example_mats/tri/p3/williams-shunn/m3.txt
Finished running in 0.7524333333333333ms
Generating and Compiling data/example_mats/tri/p3/williams-shunn/m6.txt
Running data/example_mats/tri/p3/williams-shunn/m6.txt
Finished running in 1.3846866666666666ms
Generating and Compiling data/example_mats/tri/p3/williams-shunn/m132.txt
Running data/example_mats/tri/p3/williams-shunn/m132.txt
Finished running in 0.8198033333333333ms
Generating and Compiling data/example_mats/tri/p3/williams-shunn/m460.txt
Running data/example_mats/tri/p3/williams-shunn/m460.txt
Finished running in 1.3883466666666668ms
Generating and Compiling data/example_mats/tri/p4/williams-shunn/m0.txt
Running data/example_mats/tri/p4/williams-shunn/m0.txt
Finished running in 1.2384833333333334ms
Generating and Compiling data/example_mats/tri/p4/williams-shunn/m3.txt
Running data/example_mats/tri/p4/williams-shunn/m3.txt
Finished running in 1.2640666666666667ms
Generating and Compiling data/example_mats/tri/p4/williams-shunn/m6.txt
Running data/example_mats/tri/p4/williams-shunn/m6.txt
Finished running in 2.159593333333333ms
Generating and Compiling data/example_mats/tri/p4/williams-shunn/m132.txt
Running data/example_mats/tri/p4/williams-shunn/m132.txt
Finished running in 1.6815866666666666ms
Generating and Compiling data/example_mats/tri/p4/williams-shunn/m460.txt
Running data/example_mats/tri/p4/williams-shunn/m460.txt
Finished running in 2.3099233333333333ms
Generating and Compiling data/example_mats/tri/p5/williams-shunn/m0.txt
Running data/example_mats/tri/p5/williams-shunn/m0.txt
Finished running in 1.5446766666666667ms
Generating and Compiling data/example_mats/tri/p5/williams-shunn/m3.txt
Running data/example_mats/tri/p5/williams-shunn/m3.txt
Finished running in 1.6186800000000001ms
Generating and Compiling data/example_mats/tri/p5/williams-shunn/m6.txt
Running data/example_mats/tri/p5/williams-shunn/m6.txt
Finished running in 2.9902433333333334ms
Generating and Compiling data/example_mats/tri/p5/williams-shunn/m132.txt
Running data/example_mats/tri/p5/williams-shunn/m132.txt
Finished running in 5.86179ms
Generating and Compiling data/example_mats/tri/p5/williams-shunn/m460.txt
Running data/example_mats/tri/p5/williams-shunn/m460.txt
Finished running in 3.25761ms
Generating and Compiling data/example_mats/tri/p6/williams-shunn/m0.txt
Running data/example_mats/tri/p6/williams-shunn/m0.txt
Finished running in 1.89762ms
Generating and Compiling data/example_mats/tri/p6/williams-shunn/m3.txt
Running data/example_mats/tri/p6/williams-shunn/m3.txt
Finished running in 2.50361ms
Generating and Compiling data/example_mats/tri/p6/williams-shunn/m6.txt
Running data/example_mats/tri/p6/williams-shunn/m6.txt
Finished running in 4.269223333333334ms
Generating and Compiling data/example_mats/tri/p6/williams-shunn/m132.txt
Running data/example_mats/tri/p6/williams-shunn/m132.txt
Finished running in 10.927646666666666ms
Generating and Compiling data/example_mats/tri/p6/williams-shunn/m460.txt
Running data/example_mats/tri/p6/williams-shunn/m460.txt
Finished running in 5.494783333333333ms
