{'a_cols': 8, 'a_nonzero': 48, 'a_rows': 24, 'a_size': 192, 'a_unique': 2, 'alpha': 1.0, 'beta': 0.0, 'density': 0.25, 'mat_file': 'data/example_mats/hex/p1/gauss-legendre/m0.txt', 'xsmm_reference_avg': 5.737, 'xsmm_reference_best': 5.737, 'xsmm_reference_kernel_type': 'sparse'}
{'a_cols': 24, 'a_nonzero': 48, 'a_rows': 8, 'a_size': 192, 'a_unique': 2, 'alpha': 1.0, 'beta': 0.0, 'density': 0.25, 'mat_file': 'data/example_mats/hex/p1/gauss-legendre/m3.txt', 'xsmm_reference_avg': 3.815, 'xsmm_reference_best': 3.815, 'xsmm_reference_kernel_type': 'wide-sparse'}
{'a_cols': 24, 'a_nonzero': 48, 'a_rows': 24, 'a_size': 576, 'a_unique': 4, 'alpha': 1.0, 'beta': 0.0, 'density': 0.08333333333333333, 'mat_file': 'data/example_mats/hex/p1/gauss-legendre/m6.txt', 'xsmm_reference_avg': 6.812, 'xsmm_reference_best': 6.812, 'xsmm_reference_kernel_type': 'sparse'}
{'a_cols': 24, 'a_nonzero': 48, 'a_rows': 8, 'a_size': 192, 'a_unique': 2, 'alpha': 1.0, 'beta': 0.0, 'density': 0.25, 'mat_file': 'data/example_mats/hex/p1/gauss-legendre/m132.txt', 'xsmm_reference_avg': 3.754, 'xsmm_reference_best': 3.754, 'xsmm_reference_kernel_type': 'wide-sparse'}
{'a_cols': 8, 'a_nonzero': 48, 'a_rows': 24, 'a_size': 192, 'a_unique': 2, 'alpha': 1.0, 'beta': 0.0, 'density': 0.25, 'mat_file': 'data/example_mats/hex/p1/gauss-legendre/m460.txt', 'xsmm_reference_avg': 5.932, 'xsmm_reference_best': 5.932, 'xsmm_reference_kernel_type': 'wide-sparse'}
{'a_cols': 27, 'a_nonzero': 54, 'a_rows': 54, 'a_size': 1458, 'a_unique': 1, 'alpha': 1.0, 'beta': 0.0, 'density': 0.037037037037037035, 'mat_file': 'data/example_mats/hex/p2/gauss-legendre-lobatto/m0.txt', 'xsmm_reference_avg': 13.202, 'xsmm_reference_best': 13.202, 'xsmm_reference_kernel_type': 'wide-sparse'}
{'a_cols': 54, 'a_nonzero': 162, 'a_rows': 27, 'a_size': 1458, 'a_unique': 3, 'alpha': 1.0, 'beta': 0.0, 'density': 0.1111111111111111, 'mat_file': 'data/example_mats/hex/p2/gauss-legendre-lobatto/m3.txt', 'xsmm_reference_avg': 21.13, 'xsmm_reference_best': 21.13, 'xsmm_reference_kernel_type': 'wide-sparse'}
{'a_cols': 54, 'a_nonzero': 162, 'a_rows': 81, 'a_size': 4374, 'a_unique': 6, 'alpha': 1.0, 'beta': 0.0, 'density': 0.037037037037037035, 'mat_file': 'data/example_mats/hex/p2/gauss-legendre-lobatto/m6.txt', 'xsmm_reference_avg': 31.829, 'xsmm_reference_best': 31.829, 'xsmm_reference_kernel_type': 'wide-sparse'}
{'a_cols': 81, 'a_nonzero': 216, 'a_rows': 27, 'a_size': 2187, 'a_unique': 6, 'alpha': 1.0, 'beta': 0.0, 'density': 0.09876543209876543, 'mat_file': 'data/example_mats/hex/p2/gauss-legendre-lobatto/m132.txt', 'xsmm_reference_avg': 28.335, 'xsmm_reference_best': 28.335, 'xsmm_reference_kernel_type': 'wide-sparse'}
{'a_cols': 27, 'a_nonzero': 216, 'a_rows': 81, 'a_size': 2187, 'a_unique': 6, 'alpha': 1.0, 'beta': 0.0, 'density': 0.09876543209876543, 'mat_file': 'data/example_mats/hex/p2/gauss-legendre-lobatto/m460.txt', 'xsmm_reference_avg': 21.091, 'xsmm_reference_best': 21.091, 'xsmm_reference_kernel_type': 'wide-sparse'}
{'a_cols': 27, 'a_nonzero': 162, 'a_rows': 54, 'a_size': 1458, 'a_unique': 3, 'alpha': 1.0, 'beta': 0.0, 'density': 0.1111111111111111, 'mat_file': 'data/example_mats/hex/p2/gauss-legendre/m0.txt', 'xsmm_reference_avg': 16.005, 'xsmm_reference_best': 16.005, 'xsmm_reference_kernel_type': 'sparse'}
{'a_cols': 54, 'a_nonzero': 162, 'a_rows': 27, 'a_size': 1458, 'a_unique': 3, 'alpha': 1.0, 'beta': 0.0, 'density': 0.1111111111111111, 'mat_file': 'data/example_mats/hex/p2/gauss-legendre/m3.txt', 'xsmm_reference_avg': 20.975, 'xsmm_reference_best': 20.975, 'xsmm_reference_kernel_type': 'wide-sparse'}
{'a_cols': 54, 'a_nonzero': 162, 'a_rows': 81, 'a_size': 4374, 'a_unique': 6, 'alpha': 1.0, 'beta': 0.0, 'density': 0.037037037037037035, 'mat_file': 'data/example_mats/hex/p2/gauss-legendre/m6.txt', 'xsmm_reference_avg': 31.725, 'xsmm_reference_best': 31.725, 'xsmm_reference_kernel_type': 'wide-sparse'}
{'a_cols': 81, 'a_nonzero': 216, 'a_rows': 27, 'a_size': 2187, 'a_unique': 8, 'alpha': 1.0, 'beta': 0.0, 'density': 0.09876543209876543, 'mat_file': 'data/example_mats/hex/p2/gauss-legendre/m132.txt', 'xsmm_reference_avg': 28.079, 'xsmm_reference_best': 28.079, 'xsmm_reference_kernel_type': 'wide-sparse'}
{'a_cols': 27, 'a_nonzero': 216, 'a_rows': 81, 'a_size': 2187, 'a_unique': 8, 'alpha': 1.0, 'beta': 0.0, 'density': 0.09876543209876543, 'mat_file': 'data/example_mats/hex/p2/gauss-legendre/m460.txt', 'xsmm_reference_avg': 21.231, 'xsmm_reference_best': 21.231, 'xsmm_reference_kernel_type': 'wide-sparse'}
{'a_cols': 64, 'a_nonzero': 96, 'a_rows': 96, 'a_size': 6144, 'a_unique': 1, 'alpha': 1.0, 'beta': 0.0, 'density': 0.015625, 'mat_file': 'data/example_mats/hex/p3/gauss-legendre-lobatto/m0.txt', 'xsmm_reference_avg': 34.656, 'xsmm_reference_best': 34.656, 'xsmm_reference_kernel_type': 'wide-sparse'}
{'a_cols': 96, 'a_nonzero': 384, 'a_rows': 64, 'a_size': 6144, 'a_unique': 4, 'alpha': 1.0, 'beta': 0.0, 'density': 0.0625, 'mat_file': 'data/example_mats/hex/p3/gauss-legendre-lobatto/m3.txt', 'xsmm_reference_avg': 41.122, 'xsmm_reference_best': 41.122, 'xsmm_reference_kernel_type': 'wide-sparse'}
{'a_cols': 96, 'a_nonzero': 384, 'a_rows': 192, 'a_size': 18432, 'a_unique': 6, 'alpha': 1.0, 'beta': 0.0, 'density': 0.020833333333333332, 'mat_file': 'data/example_mats/hex/p3/gauss-legendre-lobatto/m6.txt', 'xsmm_reference_avg': 67.49300000000005, 'xsmm_reference_best': 67.49300000000005, 'xsmm_reference_kernel_type': 'wide-sparse'}
{'a_cols': 192, 'a_nonzero': 672, 'a_rows': 64, 'a_size': 12288, 'a_unique': 14, 'alpha': 1.0, 'beta': 0.0, 'density': 0.0546875, 'mat_file': 'data/example_mats/hex/p3/gauss-legendre-lobatto/m132.txt', 'xsmm_reference_avg': 69.804, 'xsmm_reference_best': 69.804, 'xsmm_reference_kernel_type': 'wide-sparse'}
{'a_cols': 64, 'a_nonzero': 672, 'a_rows': 192, 'a_size': 12288, 'a_unique': 14, 'alpha': 1.0, 'beta': 0.0, 'density': 0.0546875, 'mat_file': 'data/example_mats/hex/p3/gauss-legendre-lobatto/m460.txt', 'xsmm_reference_avg': 54.554, 'xsmm_reference_best': 54.554, 'xsmm_reference_kernel_type': 'wide-sparse'}
{'a_cols': 64, 'a_nonzero': 384, 'a_rows': 96, 'a_size': 6144, 'a_unique': 4, 'alpha': 1.0, 'beta': 0.0, 'density': 0.0625, 'mat_file': 'data/example_mats/hex/p3/gauss-legendre/m0.txt', 'xsmm_reference_avg': 32.091, 'xsmm_reference_best': 32.091, 'xsmm_reference_kernel_type': 'wide-sparse'}
{'a_cols': 96, 'a_nonzero': 384, 'a_rows': 64, 'a_size': 6144, 'a_unique': 4, 'alpha': 1.0, 'beta': 0.0, 'density': 0.0625, 'mat_file': 'data/example_mats/hex/p3/gauss-legendre/m3.txt', 'xsmm_reference_avg': 40.928, 'xsmm_reference_best': 40.928, 'xsmm_reference_kernel_type': 'wide-sparse'}
{'a_cols': 96, 'a_nonzero': 384, 'a_rows': 192, 'a_size': 18432, 'a_unique': 8, 'alpha': 1.0, 'beta': 0.0, 'density': 0.020833333333333332, 'mat_file': 'data/example_mats/hex/p3/gauss-legendre/m6.txt', 'xsmm_reference_avg': 64.985, 'xsmm_reference_best': 64.985, 'xsmm_reference_kernel_type': 'wide-sparse'}
{'a_cols': 192, 'a_nonzero': 768, 'a_rows': 64, 'a_size': 12288, 'a_unique': 16, 'alpha': 1.0, 'beta': 0.0, 'density': 0.0625, 'mat_file': 'data/example_mats/hex/p3/gauss-legendre/m132.txt', 'xsmm_reference_avg': 68.153, 'xsmm_reference_best': 68.153, 'xsmm_reference_kernel_type': 'wide-sparse'}
{'a_cols': 64, 'a_nonzero': 768, 'a_rows': 192, 'a_size': 12288, 'a_unique': 16, 'alpha': 1.0, 'beta': 0.0, 'density': 0.0625, 'mat_file': 'data/example_mats/hex/p3/gauss-legendre/m460.txt', 'xsmm_reference_avg': 56.212, 'xsmm_reference_best': 56.212, 'xsmm_reference_kernel_type': 'wide-sparse'}
{'a_cols': 125, 'a_nonzero': 150, 'a_rows': 150, 'a_size': 18750, 'a_unique': 1, 'alpha': 1.0, 'beta': 0.0, 'density': 0.008, 'mat_file': 'data/example_mats/hex/p4/gauss-legendre-lobatto/m0.txt', 'xsmm_reference_avg': 56.783, 'xsmm_reference_best': 56.783, 'xsmm_reference_kernel_type': 'wide-sparse'}
{'a_cols': 150, 'a_nonzero': 750, 'a_rows': 125, 'a_size': 18750, 'a_unique': 4, 'alpha': 1.0, 'beta': 0.0, 'density': 0.04, 'mat_file': 'data/example_mats/hex/p4/gauss-legendre-lobatto/m3.txt', 'xsmm_reference_avg': 72.84, 'xsmm_reference_best': 72.84, 'xsmm_reference_kernel_type': 'wide-sparse'}
{'a_cols': 150, 'a_nonzero': 750, 'a_rows': 375, 'a_size': 56250, 'a_unique': 8, 'alpha': 1.0, 'beta': 0.0, 'density': 0.013333333333333334, 'mat_file': 'data/example_mats/hex/p4/gauss-legendre-lobatto/m6.txt', 'xsmm_reference_avg': 119.686, 'xsmm_reference_best': 119.686, 'xsmm_reference_kernel_type': 'wide-sparse'}
{'a_cols': 375, 'a_nonzero': 1650, 'a_rows': 125, 'a_size': 46875, 'a_unique': 22, 'alpha': 1.0, 'beta': 0.0, 'density': 0.0352, 'mat_file': 'data/example_mats/hex/p4/gauss-legendre-lobatto/m132.txt', 'xsmm_reference_avg': 155.86699999999996, 'xsmm_reference_best': 155.86699999999996, 'xsmm_reference_kernel_type': 'wide-sparse'}
{'a_cols': 125, 'a_nonzero': 1650, 'a_rows': 375, 'a_size': 46875, 'a_unique': 22, 'alpha': 1.0, 'beta': 0.0, 'density': 0.0352, 'mat_file': 'data/example_mats/hex/p4/gauss-legendre-lobatto/m460.txt', 'xsmm_reference_avg': 130.861, 'xsmm_reference_best': 130.861, 'xsmm_reference_kernel_type': 'wide-sparse'}
{'a_cols': 125, 'a_nonzero': 750, 'a_rows': 150, 'a_size': 18750, 'a_unique': 5, 'alpha': 1.0, 'beta': 0.0, 'density': 0.04, 'mat_file': 'data/example_mats/hex/p4/gauss-legendre/m0.txt', 'xsmm_reference_avg': 60.0, 'xsmm_reference_best': 60.0, 'xsmm_reference_kernel_type': 'wide-sparse'}
{'a_cols': 150, 'a_nonzero': 750, 'a_rows': 125, 'a_size': 18750, 'a_unique': 5, 'alpha': 1.0, 'beta': 0.0, 'density': 0.04, 'mat_file': 'data/example_mats/hex/p4/gauss-legendre/m3.txt', 'xsmm_reference_avg': 72.082, 'xsmm_reference_best': 72.082, 'xsmm_reference_kernel_type': 'wide-sparse'}
{'a_cols': 150, 'a_nonzero': 750, 'a_rows': 375, 'a_size': 56250, 'a_unique': 10, 'alpha': 1.0, 'beta': 0.0, 'density': 0.013333333333333334, 'mat_file': 'data/example_mats/hex/p4/gauss-legendre/m6.txt', 'xsmm_reference_avg': 119.477, 'xsmm_reference_best': 119.477, 'xsmm_reference_kernel_type': 'wide-sparse'}
{'a_cols': 375, 'a_nonzero': 1800, 'a_rows': 125, 'a_size': 46875, 'a_unique': 24, 'alpha': 1.0, 'beta': 0.0, 'density': 0.0384, 'mat_file': 'data/example_mats/hex/p4/gauss-legendre/m132.txt', 'xsmm_reference_avg': 150.467, 'xsmm_reference_best': 150.467, 'xsmm_reference_kernel_type': 'wide-sparse'}
{'a_cols': 125, 'a_nonzero': 1800, 'a_rows': 375, 'a_size': 46875, 'a_unique': 24, 'alpha': 1.0, 'beta': 0.0, 'density': 0.0384, 'mat_file': 'data/example_mats/hex/p4/gauss-legendre/m460.txt', 'xsmm_reference_avg': 133.2, 'xsmm_reference_best': 133.2, 'xsmm_reference_kernel_type': 'wide-sparse'}
{'a_cols': 216, 'a_nonzero': 216, 'a_rows': 216, 'a_size': 46656, 'a_unique': 1, 'alpha': 1.0, 'beta': 0.0, 'density': 0.004629629629629629, 'mat_file': 'data/example_mats/hex/p5/gauss-legendre-lobatto/m0.txt', 'xsmm_reference_avg': 85.878, 'xsmm_reference_best': 85.878, 'xsmm_reference_kernel_type': 'wide-sparse'}
{'a_cols': 216, 'a_nonzero': 1296, 'a_rows': 216, 'a_size': 46656, 'a_unique': 6, 'alpha': 1.0, 'beta': 0.0, 'density': 0.027777777777777776, 'mat_file': 'data/example_mats/hex/p5/gauss-legendre-lobatto/m3.txt', 'xsmm_reference_avg': 109.372, 'xsmm_reference_best': 109.372, 'xsmm_reference_kernel_type': 'wide-sparse'}
{'a_cols': 216, 'a_nonzero': 1296, 'a_rows': 648, 'a_size': 139968, 'a_unique': 8, 'alpha': 1.0, 'beta': 0.0, 'density': 0.009259259259259259, 'mat_file': 'data/example_mats/hex/p5/gauss-legendre-lobatto/m6.txt', 'xsmm_reference_avg': 200.98, 'xsmm_reference_best': 200.98, 'xsmm_reference_kernel_type': 'wide-sparse'}
{'a_cols': 648, 'a_nonzero': 3456, 'a_rows': 216, 'a_size': 139968, 'a_unique': 32, 'alpha': 1.0, 'beta': 0.0, 'density': 0.024691358024691357, 'mat_file': 'data/example_mats/hex/p5/gauss-legendre-lobatto/m132.txt', 'xsmm_reference_avg': 324.191, 'xsmm_reference_best': 324.191, 'xsmm_reference_kernel_type': 'wide-sparse'}
{'a_cols': 216, 'a_nonzero': 3456, 'a_rows': 648, 'a_size': 139968, 'a_unique': 32, 'alpha': 1.0, 'beta': 0.0, 'density': 0.024691358024691357, 'mat_file': 'data/example_mats/hex/p5/gauss-legendre-lobatto/m460.txt', 'xsmm_reference_avg': 244.087, 'xsmm_reference_best': 244.087, 'xsmm_reference_kernel_type': 'sparse'}
{'a_cols': 216, 'a_nonzero': 1296, 'a_rows': 216, 'a_size': 46656, 'a_unique': 6, 'alpha': 1.0, 'beta': 0.0, 'density': 0.027777777777777776, 'mat_file': 'data/example_mats/hex/p5/gauss-legendre/m0.txt', 'xsmm_reference_avg': 105.332, 'xsmm_reference_best': 105.332, 'xsmm_reference_kernel_type': 'wide-sparse'}
{'a_cols': 216, 'a_nonzero': 1296, 'a_rows': 216, 'a_size': 46656, 'a_unique': 6, 'alpha': 1.0, 'beta': 0.0, 'density': 0.027777777777777776, 'mat_file': 'data/example_mats/hex/p5/gauss-legendre/m3.txt', 'xsmm_reference_avg': 108.71, 'xsmm_reference_best': 108.71, 'xsmm_reference_kernel_type': 'wide-sparse'}
{'a_cols': 216, 'a_nonzero': 1296, 'a_rows': 648, 'a_size': 139968, 'a_unique': 12, 'alpha': 1.0, 'beta': 0.0, 'density': 0.009259259259259259, 'mat_file': 'data/example_mats/hex/p5/gauss-legendre/m6.txt', 'xsmm_reference_avg': 201.324, 'xsmm_reference_best': 201.324, 'xsmm_reference_kernel_type': 'wide-sparse'}
{'a_cols': 648, 'a_nonzero': 3888, 'a_rows': 216, 'a_size': 139968, 'a_unique': 36, 'alpha': 1.0, 'beta': 0.0, 'density': 0.027777777777777776, 'mat_file': 'data/example_mats/hex/p5/gauss-legendre/m132.txt', 'xsmm_reference_avg': 365.227, 'xsmm_reference_best': 365.227, 'xsmm_reference_kernel_type': 'sparse'}
{'a_cols': 216, 'a_nonzero': 3888, 'a_rows': 648, 'a_size': 139968, 'a_unique': 36, 'alpha': 1.0, 'beta': 0.0, 'density': 0.027777777777777776, 'mat_file': 'data/example_mats/hex/p5/gauss-legendre/m460.txt', 'xsmm_reference_avg': 250.901, 'xsmm_reference_best': 250.901, 'xsmm_reference_kernel_type': 'sparse'}
{'a_cols': 343, 'a_nonzero': 294, 'a_rows': 294, 'a_size': 100842, 'a_unique': 1, 'alpha': 1.0, 'beta': 0.0, 'density': 0.0029154518950437317, 'mat_file': 'data/example_mats/hex/p6/gauss-legendre-lobatto/m0.txt', 'xsmm_reference_avg': 119.61400000000003, 'xsmm_reference_best': 119.61400000000003, 'xsmm_reference_kernel_type': 'wide-sparse'}
{'a_cols': 294, 'a_nonzero': 2058, 'a_rows': 343, 'a_size': 100842, 'a_unique': 5, 'alpha': 1.0, 'beta': 0.0, 'density': 0.02040816326530612, 'mat_file': 'data/example_mats/hex/p6/gauss-legendre-lobatto/m3.txt', 'xsmm_reference_avg': 160.444, 'xsmm_reference_best': 160.444, 'xsmm_reference_kernel_type': 'wide-sparse'}
{'a_cols': 294, 'a_nonzero': 2058, 'a_rows': 1029, 'a_size': 302526, 'a_unique': 10, 'alpha': 1.0, 'beta': 0.0, 'density': 0.006802721088435374, 'mat_file': 'data/example_mats/hex/p6/gauss-legendre-lobatto/m6.txt', 'xsmm_reference_avg': 313.015, 'xsmm_reference_best': 313.015, 'xsmm_reference_kernel_type': 'wide-sparse'}
{'a_cols': 1029, 'a_nonzero': 6468, 'a_rows': 343, 'a_size': 352947, 'a_unique': 44, 'alpha': 1.0, 'beta': 0.0, 'density': 0.018325697625989172, 'mat_file': 'data/example_mats/hex/p6/gauss-legendre-lobatto/m132.txt', 'xsmm_reference_avg': 641.582, 'xsmm_reference_best': 641.582, 'xsmm_reference_kernel_type': 'sparse'}
{'a_cols': 343, 'a_nonzero': 6468, 'a_rows': 1029, 'a_size': 352947, 'a_unique': 44, 'alpha': 1.0, 'beta': 0.0, 'density': 0.018325697625989172, 'mat_file': 'data/example_mats/hex/p6/gauss-legendre-lobatto/m460.txt', 'xsmm_reference_avg': 551.77, 'xsmm_reference_best': 551.77, 'xsmm_reference_kernel_type': 'sparse'}
{'a_cols': 343, 'a_nonzero': 2058, 'a_rows': 294, 'a_size': 100842, 'a_unique': 7, 'alpha': 1.0, 'beta': 0.0, 'density': 0.02040816326530612, 'mat_file': 'data/example_mats/hex/p6/gauss-legendre/m0.txt', 'xsmm_reference_avg': 266.06399999999996, 'xsmm_reference_best': 266.06399999999996, 'xsmm_reference_kernel_type': 'wide-sparse'}
{'a_cols': 294, 'a_nonzero': 2058, 'a_rows': 343, 'a_size': 100842, 'a_unique': 7, 'alpha': 1.0, 'beta': 0.0, 'density': 0.02040816326530612, 'mat_file': 'data/example_mats/hex/p6/gauss-legendre/m3.txt', 'xsmm_reference_avg': 160.365, 'xsmm_reference_best': 160.365, 'xsmm_reference_kernel_type': 'wide-sparse'}
{'a_cols': 294, 'a_nonzero': 2058, 'a_rows': 1029, 'a_size': 302526, 'a_unique': 14, 'alpha': 1.0, 'beta': 0.0, 'density': 0.006802721088435374, 'mat_file': 'data/example_mats/hex/p6/gauss-legendre/m6.txt', 'xsmm_reference_avg': 313.262, 'xsmm_reference_best': 313.262, 'xsmm_reference_kernel_type': 'wide-sparse'}
{'a_cols': 1029, 'a_nonzero': 7056, 'a_rows': 343, 'a_size': 352947, 'a_unique': 48, 'alpha': 1.0, 'beta': 0.0, 'density': 0.019991670137442734, 'mat_file': 'data/example_mats/hex/p6/gauss-legendre/m132.txt', 'xsmm_reference_avg': 674.298, 'xsmm_reference_best': 674.298, 'xsmm_reference_kernel_type': 'sparse'}
{'a_cols': 343, 'a_nonzero': 7056, 'a_rows': 1029, 'a_size': 352947, 'a_unique': 48, 'alpha': 1.0, 'beta': 0.0, 'density': 0.019991670137442734, 'mat_file': 'data/example_mats/hex/p6/gauss-legendre/m460.txt', 'xsmm_reference_avg': 5096.442, 'xsmm_reference_best': 5096.442, 'xsmm_reference_kernel_type': 'dense'}
{'a_cols': 4, 'a_nonzero': 16, 'a_rows': 8, 'a_size': 32, 'a_unique': 2, 'alpha': 1.0, 'beta': 0.0, 'density': 0.5, 'mat_file': 'data/example_mats/quad/p1/gauss-legendre/m0.txt', 'xsmm_reference_avg': 1.982, 'xsmm_reference_best': 1.982, 'xsmm_reference_kernel_type': 'sparse'}
{'a_cols': 8, 'a_nonzero': 16, 'a_rows': 4, 'a_size': 32, 'a_unique': 2, 'alpha': 1.0, 'beta': 0.0, 'density': 0.5, 'mat_file': 'data/example_mats/quad/p1/gauss-legendre/m3.txt', 'xsmm_reference_avg': 1.458, 'xsmm_reference_best': 1.458, 'xsmm_reference_kernel_type': 'sparse'}
{'a_cols': 8, 'a_nonzero': 16, 'a_rows': 8, 'a_size': 64, 'a_unique': 4, 'alpha': 1.0, 'beta': 0.0, 'density': 0.25, 'mat_file': 'data/example_mats/quad/p1/gauss-legendre/m6.txt', 'xsmm_reference_avg': 2.481, 'xsmm_reference_best': 2.481, 'xsmm_reference_kernel_type': 'sparse'}
{'a_cols': 8, 'a_nonzero': 16, 'a_rows': 4, 'a_size': 32, 'a_unique': 2, 'alpha': 1.0, 'beta': 0.0, 'density': 0.5, 'mat_file': 'data/example_mats/quad/p1/gauss-legendre/m132.txt', 'xsmm_reference_avg': 1.433, 'xsmm_reference_best': 1.433, 'xsmm_reference_kernel_type': 'wide-sparse'}
{'a_cols': 4, 'a_nonzero': 16, 'a_rows': 8, 'a_size': 32, 'a_unique': 2, 'alpha': 1.0, 'beta': 0.0, 'density': 0.5, 'mat_file': 'data/example_mats/quad/p1/gauss-legendre/m460.txt', 'xsmm_reference_avg': 1.94, 'xsmm_reference_best': 1.94, 'xsmm_reference_kernel_type': 'sparse'}
{'a_cols': 9, 'a_nonzero': 12, 'a_rows': 12, 'a_size': 108, 'a_unique': 1, 'alpha': 1.0, 'beta': 0.0, 'density': 0.1111111111111111, 'mat_file': 'data/example_mats/quad/p2/gauss-legendre-lobatto/m0.txt', 'xsmm_reference_avg': 2.957, 'xsmm_reference_best': 2.957, 'xsmm_reference_kernel_type': 'sparse'}
{'a_cols': 12, 'a_nonzero': 36, 'a_rows': 9, 'a_size': 108, 'a_unique': 3, 'alpha': 1.0, 'beta': 0.0, 'density': 0.3333333333333333, 'mat_file': 'data/example_mats/quad/p2/gauss-legendre-lobatto/m3.txt', 'xsmm_reference_avg': 2.772, 'xsmm_reference_best': 2.772, 'xsmm_reference_kernel_type': 'wide-sparse'}
{'a_cols': 12, 'a_nonzero': 36, 'a_rows': 18, 'a_size': 216, 'a_unique': 6, 'alpha': 1.0, 'beta': 0.0, 'density': 0.16666666666666666, 'mat_file': 'data/example_mats/quad/p2/gauss-legendre-lobatto/m6.txt', 'xsmm_reference_avg': 4.557, 'xsmm_reference_best': 4.557, 'xsmm_reference_kernel_type': 'sparse'}
{'a_cols': 18, 'a_nonzero': 48, 'a_rows': 9, 'a_size': 162, 'a_unique': 6, 'alpha': 1.0, 'beta': 0.0, 'density': 0.2962962962962963, 'mat_file': 'data/example_mats/quad/p2/gauss-legendre-lobatto/m132.txt', 'xsmm_reference_avg': 3.584, 'xsmm_reference_best': 3.584, 'xsmm_reference_kernel_type': 'sparse'}
{'a_cols': 9, 'a_nonzero': 48, 'a_rows': 18, 'a_size': 162, 'a_unique': 6, 'alpha': 1.0, 'beta': 0.0, 'density': 0.2962962962962963, 'mat_file': 'data/example_mats/quad/p2/gauss-legendre-lobatto/m460.txt', 'xsmm_reference_avg': 4.537, 'xsmm_reference_best': 4.537, 'xsmm_reference_kernel_type': 'sparse'}
{'a_cols': 9, 'a_nonzero': 36, 'a_rows': 12, 'a_size': 108, 'a_unique': 3, 'alpha': 1.0, 'beta': 0.0, 'density': 0.3333333333333333, 'mat_file': 'data/example_mats/quad/p2/gauss-legendre/m0.txt', 'xsmm_reference_avg': 3.189, 'xsmm_reference_best': 3.189, 'xsmm_reference_kernel_type': 'wide-sparse'}
{'a_cols': 12, 'a_nonzero': 36, 'a_rows': 9, 'a_size': 108, 'a_unique': 3, 'alpha': 1.0, 'beta': 0.0, 'density': 0.3333333333333333, 'mat_file': 'data/example_mats/quad/p2/gauss-legendre/m3.txt', 'xsmm_reference_avg': 2.782, 'xsmm_reference_best': 2.782, 'xsmm_reference_kernel_type': 'wide-sparse'}
{'a_cols': 12, 'a_nonzero': 36, 'a_rows': 18, 'a_size': 216, 'a_unique': 6, 'alpha': 1.0, 'beta': 0.0, 'density': 0.16666666666666666, 'mat_file': 'data/example_mats/quad/p2/gauss-legendre/m6.txt', 'xsmm_reference_avg': 4.584, 'xsmm_reference_best': 4.584, 'xsmm_reference_kernel_type': 'sparse'}
{'a_cols': 18, 'a_nonzero': 48, 'a_rows': 9, 'a_size': 162, 'a_unique': 8, 'alpha': 1.0, 'beta': 0.0, 'density': 0.2962962962962963, 'mat_file': 'data/example_mats/quad/p2/gauss-legendre/m132.txt', 'xsmm_reference_avg': 3.55, 'xsmm_reference_best': 3.55, 'xsmm_reference_kernel_type': 'sparse'}
{'a_cols': 9, 'a_nonzero': 48, 'a_rows': 18, 'a_size': 162, 'a_unique': 8, 'alpha': 1.0, 'beta': 0.0, 'density': 0.2962962962962963, 'mat_file': 'data/example_mats/quad/p2/gauss-legendre/m460.txt', 'xsmm_reference_avg': 4.402, 'xsmm_reference_best': 4.402, 'xsmm_reference_kernel_type': 'wide-sparse'}
{'a_cols': 16, 'a_nonzero': 16, 'a_rows': 16, 'a_size': 256, 'a_unique': 1, 'alpha': 1.0, 'beta': 0.0, 'density': 0.0625, 'mat_file': 'data/example_mats/quad/p3/gauss-legendre-lobatto/m0.txt', 'xsmm_reference_avg': 4.011, 'xsmm_reference_best': 4.011, 'xsmm_reference_kernel_type': 'wide-sparse'}
{'a_cols': 16, 'a_nonzero': 64, 'a_rows': 16, 'a_size': 256, 'a_unique': 4, 'alpha': 1.0, 'beta': 0.0, 'density': 0.25, 'mat_file': 'data/example_mats/quad/p3/gauss-legendre-lobatto/m3.txt', 'xsmm_reference_avg': 4.773, 'xsmm_reference_best': 4.773, 'xsmm_reference_kernel_type': 'sparse'}
{'a_cols': 16, 'a_nonzero': 64, 'a_rows': 32, 'a_size': 512, 'a_unique': 6, 'alpha': 1.0, 'beta': 0.0, 'density': 0.125, 'mat_file': 'data/example_mats/quad/p3/gauss-legendre-lobatto/m6.txt', 'xsmm_reference_avg': 7.933, 'xsmm_reference_best': 7.933, 'xsmm_reference_kernel_type': 'sparse'}
{'a_cols': 32, 'a_nonzero': 112, 'a_rows': 16, 'a_size': 512, 'a_unique': 14, 'alpha': 1.0, 'beta': 0.0, 'density': 0.21875, 'mat_file': 'data/example_mats/quad/p3/gauss-legendre-lobatto/m132.txt', 'xsmm_reference_avg': 6.979, 'xsmm_reference_best': 6.979, 'xsmm_reference_kernel_type': 'sparse'}
{'a_cols': 16, 'a_nonzero': 112, 'a_rows': 32, 'a_size': 512, 'a_unique': 14, 'alpha': 1.0, 'beta': 0.0, 'density': 0.21875, 'mat_file': 'data/example_mats/quad/p3/gauss-legendre-lobatto/m460.txt', 'xsmm_reference_avg': 8.706, 'xsmm_reference_best': 8.706, 'xsmm_reference_kernel_type': 'sparse'}
{'a_cols': 16, 'a_nonzero': 64, 'a_rows': 16, 'a_size': 256, 'a_unique': 4, 'alpha': 1.0, 'beta': 0.0, 'density': 0.25, 'mat_file': 'data/example_mats/quad/p3/gauss-legendre/m0.txt', 'xsmm_reference_avg': 4.981, 'xsmm_reference_best': 4.981, 'xsmm_reference_kernel_type': 'sparse'}
{'a_cols': 16, 'a_nonzero': 64, 'a_rows': 16, 'a_size': 256, 'a_unique': 4, 'alpha': 1.0, 'beta': 0.0, 'density': 0.25, 'mat_file': 'data/example_mats/quad/p3/gauss-legendre/m3.txt', 'xsmm_reference_avg': 4.711, 'xsmm_reference_best': 4.711, 'xsmm_reference_kernel_type': 'sparse'}
{'a_cols': 16, 'a_nonzero': 64, 'a_rows': 32, 'a_size': 512, 'a_unique': 8, 'alpha': 1.0, 'beta': 0.0, 'density': 0.125, 'mat_file': 'data/example_mats/quad/p3/gauss-legendre/m6.txt', 'xsmm_reference_avg': 8.008, 'xsmm_reference_best': 8.008, 'xsmm_reference_kernel_type': 'sparse'}
{'a_cols': 32, 'a_nonzero': 128, 'a_rows': 16, 'a_size': 512, 'a_unique': 16, 'alpha': 1.0, 'beta': 0.0, 'density': 0.25, 'mat_file': 'data/example_mats/quad/p3/gauss-legendre/m132.txt', 'xsmm_reference_avg': 6.986, 'xsmm_reference_best': 6.986, 'xsmm_reference_kernel_type': 'wide-sparse'}
{'a_cols': 16, 'a_nonzero': 128, 'a_rows': 32, 'a_size': 512, 'a_unique': 16, 'alpha': 1.0, 'beta': 0.0, 'density': 0.25, 'mat_file': 'data/example_mats/quad/p3/gauss-legendre/m460.txt', 'xsmm_reference_avg': 8.71, 'xsmm_reference_best': 8.71, 'xsmm_reference_kernel_type': 'sparse'}
{'a_cols': 25, 'a_nonzero': 20, 'a_rows': 20, 'a_size': 500, 'a_unique': 1, 'alpha': 1.0, 'beta': 0.0, 'density': 0.04, 'mat_file': 'data/example_mats/quad/p4/gauss-legendre-lobatto/m0.txt', 'xsmm_reference_avg': 5.147, 'xsmm_reference_best': 5.147, 'xsmm_reference_kernel_type': 'sparse'}
{'a_cols': 20, 'a_nonzero': 100, 'a_rows': 25, 'a_size': 500, 'a_unique': 4, 'alpha': 1.0, 'beta': 0.0, 'density': 0.2, 'mat_file': 'data/example_mats/quad/p4/gauss-legendre-lobatto/m3.txt', 'xsmm_reference_avg': 6.987, 'xsmm_reference_best': 6.987, 'xsmm_reference_kernel_type': 'wide-sparse'}
{'a_cols': 20, 'a_nonzero': 100, 'a_rows': 50, 'a_size': 1000, 'a_unique': 8, 'alpha': 1.0, 'beta': 0.0, 'density': 0.1, 'mat_file': 'data/example_mats/quad/p4/gauss-legendre-lobatto/m6.txt', 'xsmm_reference_avg': 11.933, 'xsmm_reference_best': 11.933, 'xsmm_reference_kernel_type': 'wide-sparse'}
{'a_cols': 50, 'a_nonzero': 220, 'a_rows': 25, 'a_size': 1250, 'a_unique': 22, 'alpha': 1.0, 'beta': 0.0, 'density': 0.176, 'mat_file': 'data/example_mats/quad/p4/gauss-legendre-lobatto/m132.txt', 'xsmm_reference_avg': 12.743, 'xsmm_reference_best': 12.743, 'xsmm_reference_kernel_type': 'wide-sparse'}
{'a_cols': 25, 'a_nonzero': 220, 'a_rows': 50, 'a_size': 1250, 'a_unique': 22, 'alpha': 1.0, 'beta': 0.0, 'density': 0.176, 'mat_file': 'data/example_mats/quad/p4/gauss-legendre-lobatto/m460.txt', 'xsmm_reference_avg': 14.117, 'xsmm_reference_best': 14.117, 'xsmm_reference_kernel_type': 'wide-sparse'}
{'a_cols': 25, 'a_nonzero': 100, 'a_rows': 20, 'a_size': 500, 'a_unique': 5, 'alpha': 1.0, 'beta': 0.0, 'density': 0.2, 'mat_file': 'data/example_mats/quad/p4/gauss-legendre/m0.txt', 'xsmm_reference_avg': 6.891, 'xsmm_reference_best': 6.891, 'xsmm_reference_kernel_type': 'dense'}
{'a_cols': 20, 'a_nonzero': 100, 'a_rows': 25, 'a_size': 500, 'a_unique': 5, 'alpha': 1.0, 'beta': 0.0, 'density': 0.2, 'mat_file': 'data/example_mats/quad/p4/gauss-legendre/m3.txt', 'xsmm_reference_avg': 6.996, 'xsmm_reference_best': 6.996, 'xsmm_reference_kernel_type': 'wide-sparse'}
{'a_cols': 20, 'a_nonzero': 100, 'a_rows': 50, 'a_size': 1000, 'a_unique': 10, 'alpha': 1.0, 'beta': 0.0, 'density': 0.1, 'mat_file': 'data/example_mats/quad/p4/gauss-legendre/m6.txt', 'xsmm_reference_avg': 11.874, 'xsmm_reference_best': 11.874, 'xsmm_reference_kernel_type': 'wide-sparse'}
{'a_cols': 50, 'a_nonzero': 240, 'a_rows': 25, 'a_size': 1250, 'a_unique': 24, 'alpha': 1.0, 'beta': 0.0, 'density': 0.192, 'mat_file': 'data/example_mats/quad/p4/gauss-legendre/m132.txt', 'xsmm_reference_avg': 12.84, 'xsmm_reference_best': 12.84, 'xsmm_reference_kernel_type': 'wide-sparse'}
{'a_cols': 25, 'a_nonzero': 240, 'a_rows': 50, 'a_size': 1250, 'a_unique': 24, 'alpha': 1.0, 'beta': 0.0, 'density': 0.192, 'mat_file': 'data/example_mats/quad/p4/gauss-legendre/m460.txt', 'xsmm_reference_avg': 14.597, 'xsmm_reference_best': 14.597, 'xsmm_reference_kernel_type': 'wide-sparse'}
{'a_cols': 36, 'a_nonzero': 24, 'a_rows': 24, 'a_size': 864, 'a_unique': 1, 'alpha': 1.0, 'beta': 0.0, 'density': 0.027777777777777776, 'mat_file': 'data/example_mats/quad/p5/gauss-legendre-lobatto/m0.txt', 'xsmm_reference_avg': 6.252, 'xsmm_reference_best': 6.252, 'xsmm_reference_kernel_type': 'sparse'}
{'a_cols': 24, 'a_nonzero': 144, 'a_rows': 36, 'a_size': 864, 'a_unique': 6, 'alpha': 1.0, 'beta': 0.0, 'density': 0.16666666666666666, 'mat_file': 'data/example_mats/quad/p5/gauss-legendre-lobatto/m3.txt', 'xsmm_reference_avg': 10.023, 'xsmm_reference_best': 10.023, 'xsmm_reference_kernel_type': 'wide-sparse'}
{'a_cols': 24, 'a_nonzero': 144, 'a_rows': 72, 'a_size': 1728, 'a_unique': 8, 'alpha': 1.0, 'beta': 0.0, 'density': 0.08333333333333333, 'mat_file': 'data/example_mats/quad/p5/gauss-legendre-lobatto/m6.txt', 'xsmm_reference_avg': 17.483, 'xsmm_reference_best': 17.483, 'xsmm_reference_kernel_type': 'wide-sparse'}
{'a_cols': 72, 'a_nonzero': 384, 'a_rows': 36, 'a_size': 2592, 'a_unique': 32, 'alpha': 1.0, 'beta': 0.0, 'density': 0.14814814814814814, 'mat_file': 'data/example_mats/quad/p5/gauss-legendre-lobatto/m132.txt', 'xsmm_reference_avg': 20.089, 'xsmm_reference_best': 20.089, 'xsmm_reference_kernel_type': 'wide-sparse'}
{'a_cols': 36, 'a_nonzero': 384, 'a_rows': 72, 'a_size': 2592, 'a_unique': 32, 'alpha': 1.0, 'beta': 0.0, 'density': 0.14814814814814814, 'mat_file': 'data/example_mats/quad/p5/gauss-legendre-lobatto/m460.txt', 'xsmm_reference_avg': 23.055, 'xsmm_reference_best': 23.055, 'xsmm_reference_kernel_type': 'wide-sparse'}
{'a_cols': 36, 'a_nonzero': 144, 'a_rows': 24, 'a_size': 864, 'a_unique': 6, 'alpha': 1.0, 'beta': 0.0, 'density': 0.16666666666666666, 'mat_file': 'data/example_mats/quad/p5/gauss-legendre/m0.txt', 'xsmm_reference_avg': 9.812, 'xsmm_reference_best': 9.812, 'xsmm_reference_kernel_type': 'wide-sparse'}
{'a_cols': 24, 'a_nonzero': 144, 'a_rows': 36, 'a_size': 864, 'a_unique': 6, 'alpha': 1.0, 'beta': 0.0, 'density': 0.16666666666666666, 'mat_file': 'data/example_mats/quad/p5/gauss-legendre/m3.txt', 'xsmm_reference_avg': 10.533, 'xsmm_reference_best': 10.533, 'xsmm_reference_kernel_type': 'sparse'}
{'a_cols': 24, 'a_nonzero': 144, 'a_rows': 72, 'a_size': 1728, 'a_unique': 12, 'alpha': 1.0, 'beta': 0.0, 'density': 0.08333333333333333, 'mat_file': 'data/example_mats/quad/p5/gauss-legendre/m6.txt', 'xsmm_reference_avg': 20.13, 'xsmm_reference_best': 20.13, 'xsmm_reference_kernel_type': 'wide-sparse'}
{'a_cols': 72, 'a_nonzero': 432, 'a_rows': 36, 'a_size': 2592, 'a_unique': 36, 'alpha': 1.0, 'beta': 0.0, 'density': 0.16666666666666666, 'mat_file': 'data/example_mats/quad/p5/gauss-legendre/m132.txt', 'xsmm_reference_avg': 20.217, 'xsmm_reference_best': 20.217, 'xsmm_reference_kernel_type': 'wide-sparse'}
{'a_cols': 36, 'a_nonzero': 432, 'a_rows': 72, 'a_size': 2592, 'a_unique': 36, 'alpha': 1.0, 'beta': 0.0, 'density': 0.16666666666666666, 'mat_file': 'data/example_mats/quad/p5/gauss-legendre/m460.txt', 'xsmm_reference_avg': 23.257, 'xsmm_reference_best': 23.257, 'xsmm_reference_kernel_type': 'wide-sparse'}
{'a_cols': 49, 'a_nonzero': 28, 'a_rows': 28, 'a_size': 1372, 'a_unique': 1, 'alpha': 1.0, 'beta': 0.0, 'density': 0.02040816326530612, 'mat_file': 'data/example_mats/quad/p6/gauss-legendre-lobatto/m0.txt', 'xsmm_reference_avg': 7.232, 'xsmm_reference_best': 7.232, 'xsmm_reference_kernel_type': 'wide-sparse'}
{'a_cols': 28, 'a_nonzero': 196, 'a_rows': 49, 'a_size': 1372, 'a_unique': 5, 'alpha': 1.0, 'beta': 0.0, 'density': 0.14285714285714285, 'mat_file': 'data/example_mats/quad/p6/gauss-legendre-lobatto/m3.txt', 'xsmm_reference_avg': 13.677, 'xsmm_reference_best': 13.677, 'xsmm_reference_kernel_type': 'wide-sparse'}
{'a_cols': 28, 'a_nonzero': 196, 'a_rows': 98, 'a_size': 2744, 'a_unique': 10, 'alpha': 1.0, 'beta': 0.0, 'density': 0.07142857142857142, 'mat_file': 'data/example_mats/quad/p6/gauss-legendre-lobatto/m6.txt', 'xsmm_reference_avg': 23.715, 'xsmm_reference_best': 23.715, 'xsmm_reference_kernel_type': 'wide-sparse'}
{'a_cols': 98, 'a_nonzero': 616, 'a_rows': 49, 'a_size': 4802, 'a_unique': 44, 'alpha': 1.0, 'beta': 0.0, 'density': 0.1282798833819242, 'mat_file': 'data/example_mats/quad/p6/gauss-legendre-lobatto/m132.txt', 'xsmm_reference_avg': 28.919, 'xsmm_reference_best': 28.919, 'xsmm_reference_kernel_type': 'wide-sparse'}
{'a_cols': 49, 'a_nonzero': 616, 'a_rows': 98, 'a_size': 4802, 'a_unique': 44, 'alpha': 1.0, 'beta': 0.0, 'density': 0.1282798833819242, 'mat_file': 'data/example_mats/quad/p6/gauss-legendre-lobatto/m460.txt', 'xsmm_reference_avg': 31.92, 'xsmm_reference_best': 31.92, 'xsmm_reference_kernel_type': 'wide-sparse'}
{'a_cols': 49, 'a_nonzero': 196, 'a_rows': 28, 'a_size': 1372, 'a_unique': 7, 'alpha': 1.0, 'beta': 0.0, 'density': 0.14285714285714285, 'mat_file': 'data/example_mats/quad/p6/gauss-legendre/m0.txt', 'xsmm_reference_avg': 13.448, 'xsmm_reference_best': 13.448, 'xsmm_reference_kernel_type': 'wide-sparse'}
{'a_cols': 28, 'a_nonzero': 196, 'a_rows': 49, 'a_size': 1372, 'a_unique': 7, 'alpha': 1.0, 'beta': 0.0, 'density': 0.14285714285714285, 'mat_file': 'data/example_mats/quad/p6/gauss-legendre/m3.txt', 'xsmm_reference_avg': 13.87, 'xsmm_reference_best': 13.87, 'xsmm_reference_kernel_type': 'wide-sparse'}
{'a_cols': 28, 'a_nonzero': 196, 'a_rows': 98, 'a_size': 2744, 'a_unique': 14, 'alpha': 1.0, 'beta': 0.0, 'density': 0.07142857142857142, 'mat_file': 'data/example_mats/quad/p6/gauss-legendre/m6.txt', 'xsmm_reference_avg': 24.17, 'xsmm_reference_best': 24.17, 'xsmm_reference_kernel_type': 'sparse'}
{'a_cols': 98, 'a_nonzero': 672, 'a_rows': 49, 'a_size': 4802, 'a_unique': 48, 'alpha': 1.0, 'beta': 0.0, 'density': 0.13994169096209913, 'mat_file': 'data/example_mats/quad/p6/gauss-legendre/m132.txt', 'xsmm_reference_avg': 28.732, 'xsmm_reference_best': 28.732, 'xsmm_reference_kernel_type': 'wide-sparse'}
{'a_cols': 49, 'a_nonzero': 672, 'a_rows': 98, 'a_size': 4802, 'a_unique': 48, 'alpha': 1.0, 'beta': 0.0, 'density': 0.13994169096209913, 'mat_file': 'data/example_mats/quad/p6/gauss-legendre/m460.txt', 'xsmm_reference_avg': 34.698, 'xsmm_reference_best': 34.698, 'xsmm_reference_kernel_type': 'wide-sparse'}
{'a_cols': 4, 'a_nonzero': 48, 'a_rows': 12, 'a_size': 48, 'a_unique': 3, 'alpha': 1.0, 'beta': 0.0, 'density': 1.0, 'mat_file': 'data/example_mats/tet/p1/shunn-ham/m0.txt', 'xsmm_reference_avg': 3.061, 'xsmm_reference_best': 3.061, 'xsmm_reference_kernel_type': 'sparse'}
{'a_cols': 12, 'a_nonzero': 48, 'a_rows': 4, 'a_size': 48, 'a_unique': 6, 'alpha': 1.0, 'beta': 0.0, 'density': 1.0, 'mat_file': 'data/example_mats/tet/p1/shunn-ham/m3.txt', 'xsmm_reference_avg': 2.14, 'xsmm_reference_best': 2.14, 'xsmm_reference_kernel_type': 'wide-sparse'}
{'a_cols': 12, 'a_nonzero': 72, 'a_rows': 12, 'a_size': 144, 'a_unique': 6, 'alpha': 1.0, 'beta': 0.0, 'density': 0.5, 'mat_file': 'data/example_mats/tet/p1/shunn-ham/m6.txt', 'xsmm_reference_avg': 3.336, 'xsmm_reference_best': 3.336, 'xsmm_reference_kernel_type': 'wide-sparse'}
{'a_cols': 12, 'a_nonzero': 24, 'a_rows': 4, 'a_size': 48, 'a_unique': 2, 'alpha': 1.0, 'beta': 0.0, 'density': 0.5, 'mat_file': 'data/example_mats/tet/p1/shunn-ham/m132.txt', 'xsmm_reference_avg': 1.905, 'xsmm_reference_best': 1.905, 'xsmm_reference_kernel_type': 'wide-sparse'}
{'a_cols': 4, 'a_nonzero': 24, 'a_rows': 12, 'a_size': 48, 'a_unique': 2, 'alpha': 1.0, 'beta': 0.0, 'density': 0.5, 'mat_file': 'data/example_mats/tet/p1/shunn-ham/m460.txt', 'xsmm_reference_avg': 1.549, 'xsmm_reference_best': 1.549, 'xsmm_reference_kernel_type': 'wide-sparse'}
{'a_cols': 10, 'a_nonzero': 240, 'a_rows': 24, 'a_size': 240, 'a_unique': 14, 'alpha': 1.0, 'beta': 0.0, 'density': 1.0, 'mat_file': 'data/example_mats/tet/p2/shunn-ham/m0.txt', 'xsmm_reference_avg': 6.232, 'xsmm_reference_best': 6.232, 'xsmm_reference_kernel_type': 'dense'}
{'a_cols': 24, 'a_nonzero': 240, 'a_rows': 10, 'a_size': 240, 'a_unique': 28, 'alpha': 1.0, 'beta': 0.0, 'density': 1.0, 'mat_file': 'data/example_mats/tet/p2/shunn-ham/m3.txt', 'xsmm_reference_avg': 4.249, 'xsmm_reference_best': 4.249, 'xsmm_reference_kernel_type': 'dense'}
{'a_cols': 24, 'a_nonzero': 360, 'a_rows': 30, 'a_size': 720, 'a_unique': 28, 'alpha': 1.0, 'beta': 0.0, 'density': 0.5, 'mat_file': 'data/example_mats/tet/p2/shunn-ham/m6.txt', 'xsmm_reference_avg': 9.627, 'xsmm_reference_best': 9.627, 'xsmm_reference_kernel_type': 'dense'}
{'a_cols': 30, 'a_nonzero': 252, 'a_rows': 10, 'a_size': 300, 'a_unique': 46, 'alpha': 1.0, 'beta': 0.0, 'density': 0.84, 'mat_file': 'data/example_mats/tet/p2/shunn-ham/m132.txt', 'xsmm_reference_avg': 5.148, 'xsmm_reference_best': 5.148, 'xsmm_reference_kernel_type': 'dense'}
{'a_cols': 10, 'a_nonzero': 252, 'a_rows': 30, 'a_size': 300, 'a_unique': 46, 'alpha': 1.0, 'beta': 0.0, 'density': 0.84, 'mat_file': 'data/example_mats/tet/p2/shunn-ham/m460.txt', 'xsmm_reference_avg': 7.242, 'xsmm_reference_best': 7.242, 'xsmm_reference_kernel_type': 'dense'}
{'a_cols': 20, 'a_nonzero': 800, 'a_rows': 40, 'a_size': 800, 'a_unique': 40, 'alpha': 1.0, 'beta': 0.0, 'density': 1.0, 'mat_file': 'data/example_mats/tet/p3/shunn-ham/m0.txt', 'xsmm_reference_avg': 11.148, 'xsmm_reference_best': 11.148, 'xsmm_reference_kernel_type': 'dense'}
{'a_cols': 40, 'a_nonzero': 800, 'a_rows': 20, 'a_size': 800, 'a_unique': 80, 'alpha': 1.0, 'beta': 0.0, 'density': 1.0, 'mat_file': 'data/example_mats/tet/p3/shunn-ham/m3.txt', 'xsmm_reference_avg': 32.666, 'xsmm_reference_best': 32.666, 'xsmm_reference_kernel_type': 'dense'}
{'a_cols': 40, 'a_nonzero': 1200, 'a_rows': 60, 'a_size': 2400, 'a_unique': 80, 'alpha': 1.0, 'beta': 0.0, 'density': 0.5, 'mat_file': 'data/example_mats/tet/p3/shunn-ham/m6.txt', 'xsmm_reference_avg': 55.905, 'xsmm_reference_best': 55.905, 'xsmm_reference_kernel_type': 'dense'}
{'a_cols': 60, 'a_nonzero': 1092, 'a_rows': 20, 'a_size': 1200, 'a_unique': 200, 'alpha': 1.0, 'beta': 0.0, 'density': 0.91, 'mat_file': 'data/example_mats/tet/p3/shunn-ham/m132.txt', 'xsmm_reference_avg': 47.664, 'xsmm_reference_best': 47.664, 'xsmm_reference_kernel_type': 'dense'}
{'a_cols': 20, 'a_nonzero': 1092, 'a_rows': 60, 'a_size': 1200, 'a_unique': 200, 'alpha': 1.0, 'beta': 0.0, 'density': 0.91, 'mat_file': 'data/example_mats/tet/p3/shunn-ham/m460.txt', 'xsmm_reference_avg': 17.376, 'xsmm_reference_best': 17.376, 'xsmm_reference_kernel_type': 'dense'}
{'a_cols': 35, 'a_nonzero': 2100, 'a_rows': 60, 'a_size': 2100, 'a_unique': 101, 'alpha': 1.0, 'beta': 0.0, 'density': 1.0, 'mat_file': 'data/example_mats/tet/p4/shunn-ham/m0.txt', 'xsmm_reference_avg': 48.964, 'xsmm_reference_best': 48.964, 'xsmm_reference_kernel_type': 'dense'}
{'a_cols': 60, 'a_nonzero': 2100, 'a_rows': 35, 'a_size': 2100, 'a_unique': 202, 'alpha': 1.0, 'beta': 0.0, 'density': 1.0, 'mat_file': 'data/example_mats/tet/p4/shunn-ham/m3.txt', 'xsmm_reference_avg': 56.593, 'xsmm_reference_best': 56.593, 'xsmm_reference_kernel_type': 'dense'}
{'a_cols': 60, 'a_nonzero': 3150, 'a_rows': 105, 'a_size': 6300, 'a_unique': 202, 'alpha': 1.0, 'beta': 0.0, 'density': 0.5, 'mat_file': 'data/example_mats/tet/p4/shunn-ham/m6.txt', 'xsmm_reference_avg': 97.575, 'xsmm_reference_best': 97.575, 'xsmm_reference_kernel_type': 'dense'}
{'a_cols': 105, 'a_nonzero': 3432, 'a_rows': 35, 'a_size': 3675, 'a_unique': 608, 'alpha': 1.0, 'beta': 0.0, 'density': 0.9338775510204081, 'mat_file': 'data/example_mats/tet/p4/shunn-ham/m132.txt', 'xsmm_reference_avg': 97.268, 'xsmm_reference_best': 97.268, 'xsmm_reference_kernel_type': 'dense'}
{'a_cols': 35, 'a_nonzero': 3432, 'a_rows': 105, 'a_size': 3675, 'a_unique': 608, 'alpha': 1.0, 'beta': 0.0, 'density': 0.9338775510204081, 'mat_file': 'data/example_mats/tet/p4/shunn-ham/m460.txt', 'xsmm_reference_avg': 41.325, 'xsmm_reference_best': 41.325, 'xsmm_reference_kernel_type': 'dense'}
{'a_cols': 56, 'a_nonzero': 4704, 'a_rows': 84, 'a_size': 4704, 'a_unique': 214, 'alpha': 1.0, 'beta': 0.0, 'density': 1.0, 'mat_file': 'data/example_mats/tet/p5/shunn-ham/m0.txt', 'xsmm_reference_avg': 82.083, 'xsmm_reference_best': 82.083, 'xsmm_reference_kernel_type': 'dense'}
{'a_cols': 84, 'a_nonzero': 4704, 'a_rows': 56, 'a_size': 4704, 'a_unique': 428, 'alpha': 1.0, 'beta': 0.0, 'density': 1.0, 'mat_file': 'data/example_mats/tet/p5/shunn-ham/m3.txt', 'xsmm_reference_avg': 97.061, 'xsmm_reference_best': 97.061, 'xsmm_reference_kernel_type': 'dense'}
{'a_cols': 84, 'a_nonzero': 7056, 'a_rows': 168, 'a_size': 14112, 'a_unique': 428, 'alpha': 1.0, 'beta': 0.0, 'density': 0.5, 'mat_file': 'data/example_mats/tet/p5/shunn-ham/m6.txt', 'xsmm_reference_avg': 182.186, 'xsmm_reference_best': 182.186, 'xsmm_reference_kernel_type': 'dense'}
{'a_cols': 168, 'a_nonzero': 8976, 'a_rows': 56, 'a_size': 9408, 'a_unique': 1568, 'alpha': 1.0, 'beta': 0.0, 'density': 0.9540816326530612, 'mat_file': 'data/example_mats/tet/p5/shunn-ham/m132.txt', 'xsmm_reference_avg': 190.528, 'xsmm_reference_best': 190.528, 'xsmm_reference_kernel_type': 'dense'}
{'a_cols': 56, 'a_nonzero': 8976, 'a_rows': 168, 'a_size': 9408, 'a_unique': 1568, 'alpha': 1.0, 'beta': 0.0, 'density': 0.9540816326530612, 'mat_file': 'data/example_mats/tet/p5/shunn-ham/m460.txt', 'xsmm_reference_avg': 126.71400000000006, 'xsmm_reference_best': 126.71400000000006, 'xsmm_reference_kernel_type': 'dense'}
{'a_cols': 84, 'a_nonzero': 9408, 'a_rows': 112, 'a_size': 9408, 'a_unique': 425, 'alpha': 1.0, 'beta': 0.0, 'density': 1.0, 'mat_file': 'data/example_mats/tet/p6/shunn-ham/m0.txt', 'xsmm_reference_avg': 138.784, 'xsmm_reference_best': 138.784, 'xsmm_reference_kernel_type': 'dense'}
{'a_cols': 112, 'a_nonzero': 9408, 'a_rows': 84, 'a_size': 9408, 'a_unique': 850, 'alpha': 1.0, 'beta': 0.0, 'density': 1.0, 'mat_file': 'data/example_mats/tet/p6/shunn-ham/m3.txt', 'xsmm_reference_avg': 160.387, 'xsmm_reference_best': 160.387, 'xsmm_reference_kernel_type': 'dense'}
{'a_cols': 112, 'a_nonzero': 14112, 'a_rows': 252, 'a_size': 28224, 'a_unique': 850, 'alpha': 1.0, 'beta': 0.0, 'density': 0.5, 'mat_file': 'data/example_mats/tet/p6/shunn-ham/m6.txt', 'xsmm_reference_avg': 290.40200000000004, 'xsmm_reference_best': 290.40200000000004, 'xsmm_reference_kernel_type': 'dense'}
{'a_cols': 252, 'a_nonzero': 20400, 'a_rows': 84, 'a_size': 21168, 'a_unique': 3520, 'alpha': 1.0, 'beta': 0.0, 'density': 0.963718820861678, 'mat_file': 'data/example_mats/tet/p6/shunn-ham/m132.txt', 'xsmm_reference_avg': 364.556, 'xsmm_reference_best': 364.556, 'xsmm_reference_kernel_type': 'dense'}
{'a_cols': 84, 'a_nonzero': 20400, 'a_rows': 252, 'a_size': 21168, 'a_unique': 3520, 'alpha': 1.0, 'beta': 0.0, 'density': 0.963718820861678, 'mat_file': 'data/example_mats/tet/p6/shunn-ham/m460.txt', 'xsmm_reference_avg': 229.658, 'xsmm_reference_best': 229.658, 'xsmm_reference_kernel_type': 'dense'}
{'a_cols': 3, 'a_nonzero': 18, 'a_rows': 6, 'a_size': 18, 'a_unique': 3, 'alpha': 1.0, 'beta': 0.0, 'density': 1.0, 'mat_file': 'data/example_mats/tri/p1/williams-shunn/m0.txt', 'xsmm_reference_avg': 1.495, 'xsmm_reference_best': 1.495, 'xsmm_reference_kernel_type': 'sparse'}
{'a_cols': 6, 'a_nonzero': 18, 'a_rows': 3, 'a_size': 18, 'a_unique': 6, 'alpha': 1.0, 'beta': 0.0, 'density': 1.0, 'mat_file': 'data/example_mats/tri/p1/williams-shunn/m3.txt', 'xsmm_reference_avg': 1.122, 'xsmm_reference_best': 1.122, 'xsmm_reference_kernel_type': 'wide-sparse'}
{'a_cols': 6, 'a_nonzero': 24, 'a_rows': 6, 'a_size': 36, 'a_unique': 6, 'alpha': 1.0, 'beta': 0.0, 'density': 0.6666666666666666, 'mat_file': 'data/example_mats/tri/p1/williams-shunn/m6.txt', 'xsmm_reference_avg': 1.707, 'xsmm_reference_best': 1.707, 'xsmm_reference_kernel_type': 'wide-sparse'}
{'a_cols': 6, 'a_nonzero': 12, 'a_rows': 3, 'a_size': 18, 'a_unique': 2, 'alpha': 1.0, 'beta': 0.0, 'density': 0.6666666666666666, 'mat_file': 'data/example_mats/tri/p1/williams-shunn/m132.txt', 'xsmm_reference_avg': 1.062, 'xsmm_reference_best': 1.062, 'xsmm_reference_kernel_type': 'wide-sparse'}
{'a_cols': 3, 'a_nonzero': 12, 'a_rows': 6, 'a_size': 18, 'a_unique': 2, 'alpha': 1.0, 'beta': 0.0, 'density': 0.6666666666666666, 'mat_file': 'data/example_mats/tri/p1/williams-shunn/m460.txt', 'xsmm_reference_avg': 1.012, 'xsmm_reference_best': 1.012, 'xsmm_reference_kernel_type': 'wide-sparse'}
{'a_cols': 6, 'a_nonzero': 54, 'a_rows': 9, 'a_size': 54, 'a_unique': 10, 'alpha': 1.0, 'beta': 0.0, 'density': 1.0, 'mat_file': 'data/example_mats/tri/p2/williams-shunn/m0.txt', 'xsmm_reference_avg': 2.363, 'xsmm_reference_best': 2.363, 'xsmm_reference_kernel_type': 'wide-sparse'}
{'a_cols': 9, 'a_nonzero': 54, 'a_rows': 6, 'a_size': 54, 'a_unique': 20, 'alpha': 1.0, 'beta': 0.0, 'density': 1.0, 'mat_file': 'data/example_mats/tri/p2/williams-shunn/m3.txt', 'xsmm_reference_avg': 2.132, 'xsmm_reference_best': 2.132, 'xsmm_reference_kernel_type': 'sparse'}
{'a_cols': 9, 'a_nonzero': 72, 'a_rows': 12, 'a_size': 108, 'a_unique': 20, 'alpha': 1.0, 'beta': 0.0, 'density': 0.6666666666666666, 'mat_file': 'data/example_mats/tri/p2/williams-shunn/m6.txt', 'xsmm_reference_avg': 3.418, 'xsmm_reference_best': 3.418, 'xsmm_reference_kernel_type': 'sparse'}
{'a_cols': 12, 'a_nonzero': 64, 'a_rows': 6, 'a_size': 72, 'a_unique': 28, 'alpha': 1.0, 'beta': 0.0, 'density': 0.8888888888888888, 'mat_file': 'data/example_mats/tri/p2/williams-shunn/m132.txt', 'xsmm_reference_avg': 2.566, 'xsmm_reference_best': 2.566, 'xsmm_reference_kernel_type': 'wide-sparse'}
{'a_cols': 6, 'a_nonzero': 64, 'a_rows': 12, 'a_size': 72, 'a_unique': 28, 'alpha': 1.0, 'beta': 0.0, 'density': 0.8888888888888888, 'mat_file': 'data/example_mats/tri/p2/williams-shunn/m460.txt', 'xsmm_reference_avg': 3.247, 'xsmm_reference_best': 3.247, 'xsmm_reference_kernel_type': 'sparse'}
{'a_cols': 10, 'a_nonzero': 120, 'a_rows': 12, 'a_size': 120, 'a_unique': 20, 'alpha': 1.0, 'beta': 0.0, 'density': 1.0, 'mat_file': 'data/example_mats/tri/p3/williams-shunn/m0.txt', 'xsmm_reference_avg': 3.685, 'xsmm_reference_best': 3.685, 'xsmm_reference_kernel_type': 'wide-sparse'}
{'a_cols': 12, 'a_nonzero': 120, 'a_rows': 10, 'a_size': 120, 'a_unique': 40, 'alpha': 1.0, 'beta': 0.0, 'density': 1.0, 'mat_file': 'data/example_mats/tri/p3/williams-shunn/m3.txt', 'xsmm_reference_avg': 2.974, 'xsmm_reference_best': 2.974, 'xsmm_reference_kernel_type': 'dense'}
{'a_cols': 12, 'a_nonzero': 160, 'a_rows': 20, 'a_size': 240, 'a_unique': 40, 'alpha': 1.0, 'beta': 0.0, 'density': 0.6666666666666666, 'mat_file': 'data/example_mats/tri/p3/williams-shunn/m6.txt', 'xsmm_reference_avg': 5.339, 'xsmm_reference_best': 5.339, 'xsmm_reference_kernel_type': 'wide-sparse'}
{'a_cols': 20, 'a_nonzero': 192, 'a_rows': 10, 'a_size': 200, 'a_unique': 96, 'alpha': 1.0, 'beta': 0.0, 'density': 0.96, 'mat_file': 'data/example_mats/tri/p3/williams-shunn/m132.txt', 'xsmm_reference_avg': 3.765, 'xsmm_reference_best': 3.765, 'xsmm_reference_kernel_type': 'dense'}
{'a_cols': 10, 'a_nonzero': 192, 'a_rows': 20, 'a_size': 200, 'a_unique': 96, 'alpha': 1.0, 'beta': 0.0, 'density': 0.96, 'mat_file': 'data/example_mats/tri/p3/williams-shunn/m460.txt', 'xsmm_reference_avg': 4.937, 'xsmm_reference_best': 4.937, 'xsmm_reference_kernel_type': 'dense'}
{'a_cols': 15, 'a_nonzero': 225, 'a_rows': 15, 'a_size': 225, 'a_unique': 39, 'alpha': 1.0, 'beta': 0.0, 'density': 1.0, 'mat_file': 'data/example_mats/tri/p4/williams-shunn/m0.txt', 'xsmm_reference_avg': 4.666, 'xsmm_reference_best': 4.666, 'xsmm_reference_kernel_type': 'dense'}
{'a_cols': 15, 'a_nonzero': 225, 'a_rows': 15, 'a_size': 225, 'a_unique': 78, 'alpha': 1.0, 'beta': 0.0, 'density': 1.0, 'mat_file': 'data/example_mats/tri/p4/williams-shunn/m3.txt', 'xsmm_reference_avg': 4.603, 'xsmm_reference_best': 4.603, 'xsmm_reference_kernel_type': 'dense'}
{'a_cols': 15, 'a_nonzero': 300, 'a_rows': 30, 'a_size': 450, 'a_unique': 78, 'alpha': 1.0, 'beta': 0.0, 'density': 0.6666666666666666, 'mat_file': 'data/example_mats/tri/p4/williams-shunn/m6.txt', 'xsmm_reference_avg': 9.077, 'xsmm_reference_best': 9.077, 'xsmm_reference_kernel_type': 'sparse'}
{'a_cols': 30, 'a_nonzero': 432, 'a_rows': 15, 'a_size': 450, 'a_unique': 216, 'alpha': 1.0, 'beta': 0.0, 'density': 0.96, 'mat_file': 'data/example_mats/tri/p4/williams-shunn/m132.txt', 'xsmm_reference_avg': 6.929, 'xsmm_reference_best': 6.929, 'xsmm_reference_kernel_type': 'dense'}
{'a_cols': 15, 'a_nonzero': 432, 'a_rows': 30, 'a_size': 450, 'a_unique': 216, 'alpha': 1.0, 'beta': 0.0, 'density': 0.96, 'mat_file': 'data/example_mats/tri/p4/williams-shunn/m460.txt', 'xsmm_reference_avg': 8.024, 'xsmm_reference_best': 8.024, 'xsmm_reference_kernel_type': 'dense'}
{'a_cols': 21, 'a_nonzero': 378, 'a_rows': 18, 'a_size': 378, 'a_unique': 63, 'alpha': 1.0, 'beta': 0.0, 'density': 1.0, 'mat_file': 'data/example_mats/tri/p5/williams-shunn/m0.txt', 'xsmm_reference_avg': 5.954, 'xsmm_reference_best': 5.954, 'xsmm_reference_kernel_type': 'dense'}
{'a_cols': 18, 'a_nonzero': 378, 'a_rows': 21, 'a_size': 378, 'a_unique': 126, 'alpha': 1.0, 'beta': 0.0, 'density': 1.0, 'mat_file': 'data/example_mats/tri/p5/williams-shunn/m3.txt', 'xsmm_reference_avg': 6.308, 'xsmm_reference_best': 6.308, 'xsmm_reference_kernel_type': 'dense'}
{'a_cols': 18, 'a_nonzero': 504, 'a_rows': 42, 'a_size': 756, 'a_unique': 126, 'alpha': 1.0, 'beta': 0.0, 'density': 0.6666666666666666, 'mat_file': 'data/example_mats/tri/p5/williams-shunn/m6.txt', 'xsmm_reference_avg': 11.427, 'xsmm_reference_best': 11.427, 'xsmm_reference_kernel_type': 'dense'}
{'a_cols': 42, 'a_nonzero': 864, 'a_rows': 21, 'a_size': 882, 'a_unique': 432, 'alpha': 1.0, 'beta': 0.0, 'density': 0.9795918367346939, 'mat_file': 'data/example_mats/tri/p5/williams-shunn/m132.txt', 'xsmm_reference_avg': 35.36900000000003, 'xsmm_reference_best': 35.36900000000003, 'xsmm_reference_kernel_type': 'dense'}
{'a_cols': 21, 'a_nonzero': 864, 'a_rows': 42, 'a_size': 882, 'a_unique': 432, 'alpha': 1.0, 'beta': 0.0, 'density': 0.9795918367346939, 'mat_file': 'data/example_mats/tri/p5/williams-shunn/m460.txt', 'xsmm_reference_avg': 11.914, 'xsmm_reference_best': 11.914, 'xsmm_reference_kernel_type': 'dense'}
{'a_cols': 28, 'a_nonzero': 588, 'a_rows': 21, 'a_size': 588, 'a_unique': 100, 'alpha': 1.0, 'beta': 0.0, 'density': 1.0, 'mat_file': 'data/example_mats/tri/p6/williams-shunn/m0.txt', 'xsmm_reference_avg': 7.684, 'xsmm_reference_best': 7.684, 'xsmm_reference_kernel_type': 'dense'}
{'a_cols': 21, 'a_nonzero': 588, 'a_rows': 28, 'a_size': 588, 'a_unique': 200, 'alpha': 1.0, 'beta': 0.0, 'density': 1.0, 'mat_file': 'data/example_mats/tri/p6/williams-shunn/m3.txt', 'xsmm_reference_avg': 8.959, 'xsmm_reference_best': 8.959, 'xsmm_reference_kernel_type': 'dense'}
{'a_cols': 21, 'a_nonzero': 784, 'a_rows': 56, 'a_size': 1176, 'a_unique': 200, 'alpha': 1.0, 'beta': 0.0, 'density': 0.6666666666666666, 'mat_file': 'data/example_mats/tri/p6/williams-shunn/m6.txt', 'xsmm_reference_avg': 16.926, 'xsmm_reference_best': 16.926, 'xsmm_reference_kernel_type': 'dense'}
{'a_cols': 56, 'a_nonzero': 1536, 'a_rows': 28, 'a_size': 1568, 'a_unique': 768, 'alpha': 1.0, 'beta': 0.0, 'density': 0.9795918367346939, 'mat_file': 'data/example_mats/tri/p6/williams-shunn/m132.txt', 'xsmm_reference_avg': 53.241, 'xsmm_reference_best': 53.241, 'xsmm_reference_kernel_type': 'dense'}
{'a_cols': 28, 'a_nonzero': 1536, 'a_rows': 56, 'a_size': 1568, 'a_unique': 768, 'alpha': 1.0, 'beta': 0.0, 'density': 0.9795918367346939, 'mat_file': 'data/example_mats/tri/p6/williams-shunn/m460.txt', 'xsmm_reference_avg': 23.245, 'xsmm_reference_best': 23.245, 'xsmm_reference_kernel_type': 'dense'}
