
LIBXSMM_VERSION: RT-bct-B-from-vreg-hide-mlatency-1.16.1-1579 (25183787)
LIBXSMM_TARGET: clx
Registry and code: 13 MB
Uptime: 0.083954 s

LIBXSMM_VERSION: RT-bct-B-from-vreg-hide-mlatency-1.16.1-1579 (25183787)
LIBXSMM_TARGET: clx
Registry and code: 13 MB
Uptime: 0.083830 s

LIBXSMM_VERSION: RT-bct-B-from-vreg-hide-mlatency-1.16.1-1579 (25183787)
LIBXSMM_TARGET: clx
Registry and code: 13 MB
Uptime: 0.083956 s

LIBXSMM_VERSION: RT-bct-B-from-vreg-hide-mlatency-1.16.1-1579 (25183787)
LIBXSMM_TARGET: clx
Registry and code: 13 MB
Uptime: 0.043910 s

LIBXSMM_VERSION: RT-bct-B-from-vreg-hide-mlatency-1.16.1-1579 (25183787)
LIBXSMM_TARGET: clx
Registry and code: 13 MB
Uptime: 0.044537 s

LIBXSMM_VERSION: RT-bct-B-from-vreg-hide-mlatency-1.16.1-1579 (25183787)
LIBXSMM_TARGET: clx
Registry and code: 13 MB
Uptime: 0.045642 s

LIBXSMM_VERSION: RT-bct-B-from-vreg-hide-mlatency-1.16.1-1579 (25183787)
LIBXSMM_TARGET: clx
Registry and code: 13 MB
Uptime: 0.093957 s

LIBXSMM_VERSION: RT-bct-B-from-vreg-hide-mlatency-1.16.1-1579 (25183787)
LIBXSMM_TARGET: clx
Registry and code: 13 MB
Uptime: 0.094251 s

LIBXSMM_VERSION: RT-bct-B-from-vreg-hide-mlatency-1.16.1-1579 (25183787)
LIBXSMM_TARGET: clx
Registry and code: 13 MB
Uptime: 0.095243 s

LIBXSMM_VERSION: RT-bct-B-from-vreg-hide-mlatency-1.16.1-1579 (25183787)
LIBXSMM_TARGET: clx
Registry and code: 13 MB
Uptime: 0.043643 s

LIBXSMM_VERSION: RT-bct-B-from-vreg-hide-mlatency-1.16.1-1579 (25183787)
LIBXSMM_TARGET: clx
Registry and code: 13 MB
Uptime: 0.044706 s

LIBXSMM_VERSION: RT-bct-B-from-vreg-hide-mlatency-1.16.1-1579 (25183787)
LIBXSMM_TARGET: clx
Registry and code: 13 MB
Uptime: 0.046223 s

LIBXSMM_VERSION: RT-bct-B-from-vreg-hide-mlatency-1.16.1-1579 (25183787)
LIBXSMM_TARGET: clx
Registry and code: 13 MB
Uptime: 0.083682 s

LIBXSMM_VERSION: RT-bct-B-from-vreg-hide-mlatency-1.16.1-1579 (25183787)
LIBXSMM_TARGET: clx
Registry and code: 13 MB
Uptime: 0.083567 s

LIBXSMM_VERSION: RT-bct-B-from-vreg-hide-mlatency-1.16.1-1579 (25183787)
LIBXSMM_TARGET: clx
Registry and code: 13 MB
Uptime: 0.083920 s

LIBXSMM_VERSION: RT-bct-B-from-vreg-hide-mlatency-1.16.1-1579 (25183787)
LIBXSMM_TARGET: clx
Registry and code: 13 MB
Uptime: 0.191006 s

LIBXSMM_VERSION: RT-bct-B-from-vreg-hide-mlatency-1.16.1-1579 (25183787)
LIBXSMM_TARGET: clx
Registry and code: 13 MB
Uptime: 0.191263 s

LIBXSMM_VERSION: RT-bct-B-from-vreg-hide-mlatency-1.16.1-1579 (25183787)
LIBXSMM_TARGET: clx
Registry and code: 13 MB
Uptime: 0.192000 s

LIBXSMM_VERSION: RT-bct-B-from-vreg-hide-mlatency-1.16.1-1579 (25183787)
LIBXSMM_TARGET: clx
Registry and code: 13 MB
Uptime: 0.205845 s

LIBXSMM_VERSION: RT-bct-B-from-vreg-hide-mlatency-1.16.1-1579 (25183787)
LIBXSMM_TARGET: clx
Registry and code: 13 MB
Uptime: 0.198331 s

LIBXSMM_VERSION: RT-bct-B-from-vreg-hide-mlatency-1.16.1-1579 (25183787)
LIBXSMM_TARGET: clx
Registry and code: 13 MB
Uptime: 0.212352 s

LIBXSMM_VERSION: RT-bct-B-from-vreg-hide-mlatency-1.16.1-1579 (25183787)
LIBXSMM_TARGET: clx
Registry and code: 13 MB
Uptime: 0.374880 s

LIBXSMM_VERSION: RT-bct-B-from-vreg-hide-mlatency-1.16.1-1579 (25183787)
LIBXSMM_TARGET: clx
Registry and code: 13 MB
Uptime: 0.375553 s

LIBXSMM_VERSION: RT-bct-B-from-vreg-hide-mlatency-1.16.1-1579 (25183787)
LIBXSMM_TARGET: clx
Registry and code: 13 MB
Uptime: 0.378600 s

LIBXSMM_VERSION: RT-bct-B-from-vreg-hide-mlatency-1.16.1-1579 (25183787)
LIBXSMM_TARGET: clx
Registry and code: 13 MB
Uptime: 0.318283 s

LIBXSMM_VERSION: RT-bct-B-from-vreg-hide-mlatency-1.16.1-1579 (25183787)
LIBXSMM_TARGET: clx
Registry and code: 13 MB
Uptime: 0.318626 s

LIBXSMM_VERSION: RT-bct-B-from-vreg-hide-mlatency-1.16.1-1579 (25183787)
LIBXSMM_TARGET: clx
Registry and code: 13 MB
Uptime: 0.332606 s

LIBXSMM_VERSION: RT-bct-B-from-vreg-hide-mlatency-1.16.1-1579 (25183787)
LIBXSMM_TARGET: clx
Registry and code: 13 MB
Uptime: 0.282783 s

LIBXSMM_VERSION: RT-bct-B-from-vreg-hide-mlatency-1.16.1-1579 (25183787)
LIBXSMM_TARGET: clx
Registry and code: 13 MB
Uptime: 0.282013 s

LIBXSMM_VERSION: RT-bct-B-from-vreg-hide-mlatency-1.16.1-1579 (25183787)
LIBXSMM_TARGET: clx
Registry and code: 13 MB
Uptime: 0.284056 s

LIBXSMM_VERSION: RT-bct-B-from-vreg-hide-mlatency-1.16.1-1579 (25183787)
LIBXSMM_TARGET: clx
Registry and code: 13 MB
Uptime: 0.195327 s

LIBXSMM_VERSION: RT-bct-B-from-vreg-hide-mlatency-1.16.1-1579 (25183787)
LIBXSMM_TARGET: clx
Registry and code: 13 MB
Uptime: 0.196493 s

LIBXSMM_VERSION: RT-bct-B-from-vreg-hide-mlatency-1.16.1-1579 (25183787)
LIBXSMM_TARGET: clx
Registry and code: 13 MB
Uptime: 0.197886 s

LIBXSMM_VERSION: RT-bct-B-from-vreg-hide-mlatency-1.16.1-1579 (25183787)
LIBXSMM_TARGET: clx
Registry and code: 13 MB
Uptime: 0.204597 s

LIBXSMM_VERSION: RT-bct-B-from-vreg-hide-mlatency-1.16.1-1579 (25183787)
LIBXSMM_TARGET: clx
Registry and code: 13 MB
Uptime: 0.205231 s

LIBXSMM_VERSION: RT-bct-B-from-vreg-hide-mlatency-1.16.1-1579 (25183787)
LIBXSMM_TARGET: clx
Registry and code: 13 MB
Uptime: 0.207570 s

LIBXSMM_VERSION: RT-bct-B-from-vreg-hide-mlatency-1.16.1-1579 (25183787)
LIBXSMM_TARGET: clx
Registry and code: 13 MB
Uptime: 0.377106 s

LIBXSMM_VERSION: RT-bct-B-from-vreg-hide-mlatency-1.16.1-1579 (25183787)
LIBXSMM_TARGET: clx
Registry and code: 13 MB
Uptime: 0.375644 s

LIBXSMM_VERSION: RT-bct-B-from-vreg-hide-mlatency-1.16.1-1579 (25183787)
LIBXSMM_TARGET: clx
Registry and code: 13 MB
Uptime: 0.396920 s

LIBXSMM_VERSION: RT-bct-B-from-vreg-hide-mlatency-1.16.1-1579 (25183787)
LIBXSMM_TARGET: clx
Registry and code: 13 MB
Uptime: 0.326789 s

LIBXSMM_VERSION: RT-bct-B-from-vreg-hide-mlatency-1.16.1-1579 (25183787)
LIBXSMM_TARGET: clx
Registry and code: 13 MB
Uptime: 0.326816 s

LIBXSMM_VERSION: RT-bct-B-from-vreg-hide-mlatency-1.16.1-1579 (25183787)
LIBXSMM_TARGET: clx
Registry and code: 13 MB
Uptime: 0.331044 s

LIBXSMM_VERSION: RT-bct-B-from-vreg-hide-mlatency-1.16.1-1579 (25183787)
LIBXSMM_TARGET: clx
Registry and code: 13 MB
Uptime: 0.281495 s

LIBXSMM_VERSION: RT-bct-B-from-vreg-hide-mlatency-1.16.1-1579 (25183787)
LIBXSMM_TARGET: clx
Registry and code: 13 MB
Uptime: 0.282428 s

LIBXSMM_VERSION: RT-bct-B-from-vreg-hide-mlatency-1.16.1-1579 (25183787)
LIBXSMM_TARGET: clx
Registry and code: 13 MB
Uptime: 0.285102 s

LIBXSMM_VERSION: RT-bct-B-from-vreg-hide-mlatency-1.16.1-1579 (25183787)
LIBXSMM_TARGET: clx
Registry and code: 13 MB
Uptime: 0.420086 s

LIBXSMM_VERSION: RT-bct-B-from-vreg-hide-mlatency-1.16.1-1579 (25183787)
LIBXSMM_TARGET: clx
Registry and code: 13 MB
Uptime: 0.420341 s

LIBXSMM_VERSION: RT-bct-B-from-vreg-hide-mlatency-1.16.1-1579 (25183787)
LIBXSMM_TARGET: clx
Registry and code: 13 MB
Uptime: 0.423256 s

LIBXSMM_VERSION: RT-bct-B-from-vreg-hide-mlatency-1.16.1-1579 (25183787)
LIBXSMM_TARGET: clx
Registry and code: 13 MB
Uptime: 0.531544 s

LIBXSMM_VERSION: RT-bct-B-from-vreg-hide-mlatency-1.16.1-1579 (25183787)
LIBXSMM_TARGET: clx
Registry and code: 13 MB
Uptime: 0.542873 s

LIBXSMM_VERSION: RT-bct-B-from-vreg-hide-mlatency-1.16.1-1579 (25183787)
LIBXSMM_TARGET: clx
Registry and code: 13 MB
Uptime: 0.564176 s

LIBXSMM_VERSION: RT-bct-B-from-vreg-hide-mlatency-1.16.1-1579 (25183787)
LIBXSMM_TARGET: clx
Registry and code: 13 MB
Uptime: 0.923710 s

LIBXSMM_VERSION: RT-bct-B-from-vreg-hide-mlatency-1.16.1-1579 (25183787)
LIBXSMM_TARGET: clx
Registry and code: 13 MB
Uptime: 0.931282 s

LIBXSMM_VERSION: RT-bct-B-from-vreg-hide-mlatency-1.16.1-1579 (25183787)
LIBXSMM_TARGET: clx
Registry and code: 13 MB
Uptime: 0.944192 s

LIBXSMM_VERSION: RT-bct-B-from-vreg-hide-mlatency-1.16.1-1579 (25183787)
LIBXSMM_TARGET: clx
Registry and code: 13 MB
Uptime: 1.009444 s

LIBXSMM_VERSION: RT-bct-B-from-vreg-hide-mlatency-1.16.1-1579 (25183787)
LIBXSMM_TARGET: clx
Registry and code: 13 MB
Uptime: 1.015094 s

LIBXSMM_VERSION: RT-bct-B-from-vreg-hide-mlatency-1.16.1-1579 (25183787)
LIBXSMM_TARGET: clx
Registry and code: 13 MB
Uptime: 0.910563 s

LIBXSMM_VERSION: RT-bct-B-from-vreg-hide-mlatency-1.16.1-1579 (25183787)
LIBXSMM_TARGET: clx
Registry and code: 13 MB
Uptime: 0.818131 s

LIBXSMM_VERSION: RT-bct-B-from-vreg-hide-mlatency-1.16.1-1579 (25183787)
LIBXSMM_TARGET: clx
Registry and code: 13 MB
Uptime: 0.821240 s

LIBXSMM_VERSION: RT-bct-B-from-vreg-hide-mlatency-1.16.1-1579 (25183787)
LIBXSMM_TARGET: clx
Registry and code: 13 MB
Uptime: 0.845719 s

LIBXSMM_VERSION: RT-bct-B-from-vreg-hide-mlatency-1.16.1-1579 (25183787)
LIBXSMM_TARGET: clx
Registry and code: 13 MB
Uptime: 0.464365 s

LIBXSMM_VERSION: RT-bct-B-from-vreg-hide-mlatency-1.16.1-1579 (25183787)
LIBXSMM_TARGET: clx
Registry and code: 13 MB
Uptime: 0.459036 s

LIBXSMM_VERSION: RT-bct-B-from-vreg-hide-mlatency-1.16.1-1579 (25183787)
LIBXSMM_TARGET: clx
Registry and code: 13 MB
Uptime: 0.458793 s

LIBXSMM_VERSION: RT-bct-B-from-vreg-hide-mlatency-1.16.1-1579 (25183787)
LIBXSMM_TARGET: clx
Registry and code: 13 MB
Uptime: 0.548144 s

LIBXSMM_VERSION: RT-bct-B-from-vreg-hide-mlatency-1.16.1-1579 (25183787)
LIBXSMM_TARGET: clx
Registry and code: 13 MB
Uptime: 0.559153 s

LIBXSMM_VERSION: RT-bct-B-from-vreg-hide-mlatency-1.16.1-1579 (25183787)
LIBXSMM_TARGET: clx
Registry and code: 13 MB
Uptime: 0.581164 s

LIBXSMM_VERSION: RT-bct-B-from-vreg-hide-mlatency-1.16.1-1579 (25183787)
LIBXSMM_TARGET: clx
Registry and code: 13 MB
Uptime: 0.957720 s

LIBXSMM_VERSION: RT-bct-B-from-vreg-hide-mlatency-1.16.1-1579 (25183787)
LIBXSMM_TARGET: clx
Registry and code: 13 MB
Uptime: 0.953525 s

LIBXSMM_VERSION: RT-bct-B-from-vreg-hide-mlatency-1.16.1-1579 (25183787)
LIBXSMM_TARGET: clx
Registry and code: 13 MB
Uptime: 0.958924 s

LIBXSMM_VERSION: RT-bct-B-from-vreg-hide-mlatency-1.16.1-1579 (25183787)
LIBXSMM_TARGET: clx
Registry and code: 13 MB
Uptime: 1.094745 s

LIBXSMM_VERSION: RT-bct-B-from-vreg-hide-mlatency-1.16.1-1579 (25183787)
LIBXSMM_TARGET: clx
Registry and code: 13 MB
Uptime: 1.070860 s

LIBXSMM_VERSION: RT-bct-B-from-vreg-hide-mlatency-1.16.1-1579 (25183787)
LIBXSMM_TARGET: clx
Registry and code: 13 MB
Uptime: 0.943987 s

LIBXSMM_VERSION: RT-bct-B-from-vreg-hide-mlatency-1.16.1-1579 (25183787)
LIBXSMM_TARGET: clx
Registry and code: 13 MB
Uptime: 0.834939 s

LIBXSMM_VERSION: RT-bct-B-from-vreg-hide-mlatency-1.16.1-1579 (25183787)
LIBXSMM_TARGET: clx
Registry and code: 13 MB
Uptime: 0.805091 s

LIBXSMM_VERSION: RT-bct-B-from-vreg-hide-mlatency-1.16.1-1579 (25183787)
LIBXSMM_TARGET: clx
Registry and code: 13 MB
Uptime: 0.854485 s

LIBXSMM_VERSION: RT-bct-B-from-vreg-hide-mlatency-1.16.1-1579 (25183787)
LIBXSMM_TARGET: clx
Registry and code: 13 MB
Uptime: 0.764292 s

LIBXSMM_VERSION: RT-bct-B-from-vreg-hide-mlatency-1.16.1-1579 (25183787)
LIBXSMM_TARGET: clx
Registry and code: 13 MB
Uptime: 0.764599 s

LIBXSMM_VERSION: RT-bct-B-from-vreg-hide-mlatency-1.16.1-1579 (25183787)
LIBXSMM_TARGET: clx
Registry and code: 13 MB
Uptime: 0.774367 s

LIBXSMM_VERSION: RT-bct-B-from-vreg-hide-mlatency-1.16.1-1579 (25183787)
LIBXSMM_TARGET: clx
Registry and code: 13 MB
Uptime: 1.040436 s

LIBXSMM_VERSION: RT-bct-B-from-vreg-hide-mlatency-1.16.1-1579 (25183787)
LIBXSMM_TARGET: clx
Registry and code: 13 MB
Uptime: 1.059202 s

LIBXSMM_VERSION: RT-bct-B-from-vreg-hide-mlatency-1.16.1-1579 (25183787)
LIBXSMM_TARGET: clx
Registry and code: 13 MB
Uptime: 0.980020 s

LIBXSMM_VERSION: RT-bct-B-from-vreg-hide-mlatency-1.16.1-1579 (25183787)
LIBXSMM_TARGET: clx
Registry and code: 13 MB
Uptime: 1.900452 s

LIBXSMM_VERSION: RT-bct-B-from-vreg-hide-mlatency-1.16.1-1579 (25183787)
LIBXSMM_TARGET: clx
Registry and code: 13 MB
Uptime: 1.780239 s

LIBXSMM_VERSION: RT-bct-B-from-vreg-hide-mlatency-1.16.1-1579 (25183787)
LIBXSMM_TARGET: clx
Registry and code: 13 MB
Uptime: 1.706290 s

LIBXSMM_VERSION: RT-bct-B-from-vreg-hide-mlatency-1.16.1-1579 (25183787)
LIBXSMM_TARGET: clx
Registry and code: 13 MB
Uptime: 2.330227 s

LIBXSMM_VERSION: RT-bct-B-from-vreg-hide-mlatency-1.16.1-1579 (25183787)
LIBXSMM_TARGET: clx
Registry and code: 13 MB
Uptime: 1.951062 s

LIBXSMM_VERSION: RT-bct-B-from-vreg-hide-mlatency-1.16.1-1579 (25183787)
LIBXSMM_TARGET: clx
Registry and code: 13 MB
Uptime: 1.968743 s

LIBXSMM_VERSION: RT-bct-B-from-vreg-hide-mlatency-1.16.1-1579 (25183787)
LIBXSMM_TARGET: clx
Registry and code: 13 MB
Uptime: 1.893378 s

LIBXSMM_VERSION: RT-bct-B-from-vreg-hide-mlatency-1.16.1-1579 (25183787)
LIBXSMM_TARGET: clx
Registry and code: 13 MB
Uptime: 1.877282 s

LIBXSMM_VERSION: RT-bct-B-from-vreg-hide-mlatency-1.16.1-1579 (25183787)
LIBXSMM_TARGET: clx
Registry and code: 13 MB
Uptime: 1.756523 s

LIBXSMM_VERSION: RT-bct-B-from-vreg-hide-mlatency-1.16.1-1579 (25183787)
LIBXSMM_TARGET: clx
Registry and code: 13 MB
Uptime: 1.005808 s

LIBXSMM_VERSION: RT-bct-B-from-vreg-hide-mlatency-1.16.1-1579 (25183787)
LIBXSMM_TARGET: clx
Registry and code: 13 MB
Uptime: 0.947171 s

LIBXSMM_VERSION: RT-bct-B-from-vreg-hide-mlatency-1.16.1-1579 (25183787)
LIBXSMM_TARGET: clx
Registry and code: 13 MB
Uptime: 0.848409 s

LIBXSMM_VERSION: RT-bct-B-from-vreg-hide-mlatency-1.16.1-1579 (25183787)
LIBXSMM_TARGET: clx
Registry and code: 13 MB
Uptime: 1.043028 s

LIBXSMM_VERSION: RT-bct-B-from-vreg-hide-mlatency-1.16.1-1579 (25183787)
LIBXSMM_TARGET: clx
Registry and code: 13 MB
Uptime: 1.067981 s

LIBXSMM_VERSION: RT-bct-B-from-vreg-hide-mlatency-1.16.1-1579 (25183787)
LIBXSMM_TARGET: clx
Registry and code: 13 MB
Uptime: 0.985119 s

LIBXSMM_VERSION: RT-bct-B-from-vreg-hide-mlatency-1.16.1-1579 (25183787)
LIBXSMM_TARGET: clx
Registry and code: 13 MB
Uptime: 1.856596 s

LIBXSMM_VERSION: RT-bct-B-from-vreg-hide-mlatency-1.16.1-1579 (25183787)
LIBXSMM_TARGET: clx
Registry and code: 13 MB
Uptime: 1.765217 s

LIBXSMM_VERSION: RT-bct-B-from-vreg-hide-mlatency-1.16.1-1579 (25183787)
LIBXSMM_TARGET: clx
Registry and code: 13 MB
Uptime: 1.721385 s

LIBXSMM_VERSION: RT-bct-B-from-vreg-hide-mlatency-1.16.1-1579 (25183787)
LIBXSMM_TARGET: clx
Registry and code: 13 MB
Uptime: 2.381741 s

LIBXSMM_VERSION: RT-bct-B-from-vreg-hide-mlatency-1.16.1-1579 (25183787)
LIBXSMM_TARGET: clx
Registry and code: 13 MB
Uptime: 1.977663 s

LIBXSMM_VERSION: RT-bct-B-from-vreg-hide-mlatency-1.16.1-1579 (25183787)
LIBXSMM_TARGET: clx
Registry and code: 13 MB
Uptime: 2.040735 s

LIBXSMM_VERSION: RT-bct-B-from-vreg-hide-mlatency-1.16.1-1579 (25183787)
LIBXSMM_TARGET: clx
Registry and code: 13 MB
Uptime: 1.838430 s

LIBXSMM_VERSION: RT-bct-B-from-vreg-hide-mlatency-1.16.1-1579 (25183787)
LIBXSMM_TARGET: clx
Registry and code: 13 MB
Uptime: 1.841186 s

LIBXSMM_VERSION: RT-bct-B-from-vreg-hide-mlatency-1.16.1-1579 (25183787)
LIBXSMM_TARGET: clx
Registry and code: 13 MB
Uptime: 1.770531 s

LIBXSMM_VERSION: RT-bct-B-from-vreg-hide-mlatency-1.16.1-1579 (25183787)
LIBXSMM_TARGET: clx
Registry and code: 13 MB
Uptime: 1.207212 s

LIBXSMM_VERSION: RT-bct-B-from-vreg-hide-mlatency-1.16.1-1579 (25183787)
LIBXSMM_TARGET: clx
Registry and code: 13 MB
Uptime: 1.237749 s

LIBXSMM_VERSION: RT-bct-B-from-vreg-hide-mlatency-1.16.1-1579 (25183787)
LIBXSMM_TARGET: clx
Registry and code: 13 MB
Uptime: 1.239896 s

LIBXSMM_VERSION: RT-bct-B-from-vreg-hide-mlatency-1.16.1-1579 (25183787)
LIBXSMM_TARGET: clx
Registry and code: 13 MB
Uptime: 1.850936 s

LIBXSMM_VERSION: RT-bct-B-from-vreg-hide-mlatency-1.16.1-1579 (25183787)
LIBXSMM_TARGET: clx
Registry and code: 13 MB
Uptime: 1.709150 s

LIBXSMM_VERSION: RT-bct-B-from-vreg-hide-mlatency-1.16.1-1579 (25183787)
LIBXSMM_TARGET: clx
Registry and code: 13 MB
Uptime: 1.624762 s

LIBXSMM_VERSION: RT-bct-B-from-vreg-hide-mlatency-1.16.1-1579 (25183787)
LIBXSMM_TARGET: clx
Registry and code: 13 MB
Uptime: 3.133817 s

LIBXSMM_VERSION: RT-bct-B-from-vreg-hide-mlatency-1.16.1-1579 (25183787)
LIBXSMM_TARGET: clx
Registry and code: 13 MB
Uptime: 3.003235 s

LIBXSMM_VERSION: RT-bct-B-from-vreg-hide-mlatency-1.16.1-1579 (25183787)
LIBXSMM_TARGET: clx
Registry and code: 13 MB
Uptime: 2.920289 s

LIBXSMM_VERSION: RT-bct-B-from-vreg-hide-mlatency-1.16.1-1579 (25183787)
LIBXSMM_TARGET: clx
Registry and code: 13 MB
Uptime: 3.929942 s

LIBXSMM_VERSION: RT-bct-B-from-vreg-hide-mlatency-1.16.1-1579 (25183787)
LIBXSMM_TARGET: clx
Registry and code: 13 MB
Uptime: 3.590959 s

LIBXSMM_VERSION: RT-bct-B-from-vreg-hide-mlatency-1.16.1-1579 (25183787)
LIBXSMM_TARGET: clx
Registry and code: 13 MB
Uptime: 3.679669 s

LIBXSMM_VERSION: RT-bct-B-from-vreg-hide-mlatency-1.16.1-1579 (25183787)
LIBXSMM_TARGET: clx
Registry and code: 13 MB
Uptime: 3.286884 s

LIBXSMM_VERSION: RT-bct-B-from-vreg-hide-mlatency-1.16.1-1579 (25183787)
LIBXSMM_TARGET: clx
Registry and code: 13 MB
Uptime: 3.311715 s

LIBXSMM_VERSION: RT-bct-B-from-vreg-hide-mlatency-1.16.1-1579 (25183787)
LIBXSMM_TARGET: clx
Registry and code: 13 MB
Uptime: 3.209806 s

LIBXSMM_VERSION: RT-bct-B-from-vreg-hide-mlatency-1.16.1-1579 (25183787)
LIBXSMM_TARGET: clx
Registry and code: 13 MB
Uptime: 1.642141 s

LIBXSMM_VERSION: RT-bct-B-from-vreg-hide-mlatency-1.16.1-1579 (25183787)
LIBXSMM_TARGET: clx
Registry and code: 13 MB
Uptime: 1.480159 s

LIBXSMM_VERSION: RT-bct-B-from-vreg-hide-mlatency-1.16.1-1579 (25183787)
LIBXSMM_TARGET: clx
Registry and code: 13 MB
Uptime: 1.456306 s

LIBXSMM_VERSION: RT-bct-B-from-vreg-hide-mlatency-1.16.1-1579 (25183787)
LIBXSMM_TARGET: clx
Registry and code: 13 MB
Uptime: 1.794808 s

LIBXSMM_VERSION: RT-bct-B-from-vreg-hide-mlatency-1.16.1-1579 (25183787)
LIBXSMM_TARGET: clx
Registry and code: 13 MB
Uptime: 1.677609 s

LIBXSMM_VERSION: RT-bct-B-from-vreg-hide-mlatency-1.16.1-1579 (25183787)
LIBXSMM_TARGET: clx
Registry and code: 13 MB
Uptime: 1.596664 s

LIBXSMM_VERSION: RT-bct-B-from-vreg-hide-mlatency-1.16.1-1579 (25183787)
LIBXSMM_TARGET: clx
Registry and code: 13 MB
Uptime: 3.122770 s

LIBXSMM_VERSION: RT-bct-B-from-vreg-hide-mlatency-1.16.1-1579 (25183787)
LIBXSMM_TARGET: clx
Registry and code: 13 MB
Uptime: 3.008568 s

LIBXSMM_VERSION: RT-bct-B-from-vreg-hide-mlatency-1.16.1-1579 (25183787)
LIBXSMM_TARGET: clx
Registry and code: 13 MB
Uptime: 2.907879 s

LIBXSMM_VERSION: RT-bct-B-from-vreg-hide-mlatency-1.16.1-1579 (25183787)
LIBXSMM_TARGET: clx
Registry and code: 13 MB
Uptime: 4.130028 s

LIBXSMM_VERSION: RT-bct-B-from-vreg-hide-mlatency-1.16.1-1579 (25183787)
LIBXSMM_TARGET: clx
Registry and code: 13 MB
Uptime: 3.784329 s

LIBXSMM_VERSION: RT-bct-B-from-vreg-hide-mlatency-1.16.1-1579 (25183787)
LIBXSMM_TARGET: clx
Registry and code: 13 MB
Uptime: 3.776876 s

LIBXSMM_VERSION: RT-bct-B-from-vreg-hide-mlatency-1.16.1-1579 (25183787)
LIBXSMM_TARGET: clx
Registry and code: 13 MB
Uptime: 3.372524 s

LIBXSMM_VERSION: RT-bct-B-from-vreg-hide-mlatency-1.16.1-1579 (25183787)
LIBXSMM_TARGET: clx
Registry and code: 13 MB
Uptime: 3.327827 s

LIBXSMM_VERSION: RT-bct-B-from-vreg-hide-mlatency-1.16.1-1579 (25183787)
LIBXSMM_TARGET: clx
Registry and code: 13 MB
Uptime: 3.230799 s

LIBXSMM_VERSION: RT-bct-B-from-vreg-hide-mlatency-1.16.1-1579 (25183787)
LIBXSMM_TARGET: clx
Registry and code: 13 MB
Uptime: 1.735020 s

LIBXSMM_VERSION: RT-bct-B-from-vreg-hide-mlatency-1.16.1-1579 (25183787)
LIBXSMM_TARGET: clx
Registry and code: 13 MB
Uptime: 1.770517 s

LIBXSMM_VERSION: RT-bct-B-from-vreg-hide-mlatency-1.16.1-1579 (25183787)
LIBXSMM_TARGET: clx
Registry and code: 13 MB
Uptime: 1.771918 s

LIBXSMM_VERSION: RT-bct-B-from-vreg-hide-mlatency-1.16.1-1579 (25183787)
LIBXSMM_TARGET: clx
Registry and code: 13 MB
Uptime: 2.658558 s

LIBXSMM_VERSION: RT-bct-B-from-vreg-hide-mlatency-1.16.1-1579 (25183787)
LIBXSMM_TARGET: clx
Registry and code: 13 MB
Uptime: 2.516385 s

LIBXSMM_VERSION: RT-bct-B-from-vreg-hide-mlatency-1.16.1-1579 (25183787)
LIBXSMM_TARGET: clx
Registry and code: 13 MB
Uptime: 2.472281 s
Generating and Compiling data/example_mats/hex/p1/gauss-legendre/m0.txt
Running data/example_mats/hex/p1/gauss-legendre/m0.txt
Finished running in 2.4031333333333333ms
Generating and Compiling data/example_mats/hex/p1/gauss-legendre/m3.txt
Running data/example_mats/hex/p1/gauss-legendre/m3.txt
Finished running in 1.1531666666666667ms
Generating and Compiling data/example_mats/hex/p1/gauss-legendre/m6.txt
Running data/example_mats/hex/p1/gauss-legendre/m6.txt
Finished running in 2.572766666666667ms
Generating and Compiling data/example_mats/hex/p1/gauss-legendre/m132.txt
Running data/example_mats/hex/p1/gauss-legendre/m132.txt
Finished running in 1.1511ms
Generating and Compiling data/example_mats/hex/p1/gauss-legendre/m460.txt
Running data/example_mats/hex/p1/gauss-legendre/m460.txt
Finished running in 2.3874333333333335ms
Generating and Compiling data/example_mats/hex/p2/gauss-legendre-lobatto/m0.txt
Running data/example_mats/hex/p2/gauss-legendre-lobatto/m0.txt
Finished running in 5.447166666666666ms
Generating and Compiling data/example_mats/hex/p2/gauss-legendre-lobatto/m3.txt
Running data/example_mats/hex/p2/gauss-legendre-lobatto/m3.txt
Finished running in 5.522466666666667ms
Generating and Compiling data/example_mats/hex/p2/gauss-legendre-lobatto/m6.txt
Running data/example_mats/hex/p2/gauss-legendre-lobatto/m6.txt
Finished running in 9.961766666666668ms
Generating and Compiling data/example_mats/hex/p2/gauss-legendre-lobatto/m132.txt
Running data/example_mats/hex/p2/gauss-legendre-lobatto/m132.txt
Finished running in 8.1547ms
Generating and Compiling data/example_mats/hex/p2/gauss-legendre-lobatto/m460.txt
Running data/example_mats/hex/p2/gauss-legendre-lobatto/m460.txt
Finished running in 8.402766666666666ms
Generating and Compiling data/example_mats/hex/p2/gauss-legendre/m0.txt
Running data/example_mats/hex/p2/gauss-legendre/m0.txt
Finished running in 6.195566666666666ms
Generating and Compiling data/example_mats/hex/p2/gauss-legendre/m3.txt
Running data/example_mats/hex/p2/gauss-legendre/m3.txt
Finished running in 5.287766666666667ms
Generating and Compiling data/example_mats/hex/p2/gauss-legendre/m6.txt
Running data/example_mats/hex/p2/gauss-legendre/m6.txt
Finished running in 10.565433333333335ms
Generating and Compiling data/example_mats/hex/p2/gauss-legendre/m132.txt
Running data/example_mats/hex/p2/gauss-legendre/m132.txt
Finished running in 8.992533333333332ms
Generating and Compiling data/example_mats/hex/p2/gauss-legendre/m460.txt
Running data/example_mats/hex/p2/gauss-legendre/m460.txt
Finished running in 8.4181ms
Generating and Compiling data/example_mats/hex/p3/gauss-legendre-lobatto/m0.txt
Running data/example_mats/hex/p3/gauss-legendre-lobatto/m0.txt
Finished running in 11.656966666666667ms
Generating and Compiling data/example_mats/hex/p3/gauss-legendre-lobatto/m3.txt
Running data/example_mats/hex/p3/gauss-legendre-lobatto/m3.txt
Finished running in 13.9286ms
Generating and Compiling data/example_mats/hex/p3/gauss-legendre-lobatto/m6.txt
Running data/example_mats/hex/p3/gauss-legendre-lobatto/m6.txt
Finished running in 27.3021ms
Generating and Compiling data/example_mats/hex/p3/gauss-legendre-lobatto/m132.txt
Running data/example_mats/hex/p3/gauss-legendre-lobatto/m132.txt
Finished running in 30.276333333333334ms
Generating and Compiling data/example_mats/hex/p3/gauss-legendre-lobatto/m460.txt
Running data/example_mats/hex/p3/gauss-legendre-lobatto/m460.txt
Finished running in 22.722933333333334ms
Generating and Compiling data/example_mats/hex/p3/gauss-legendre/m0.txt
Running data/example_mats/hex/p3/gauss-legendre/m0.txt
Finished running in 13.858766666666666ms
Generating and Compiling data/example_mats/hex/p3/gauss-legendre/m3.txt
Running data/example_mats/hex/p3/gauss-legendre/m3.txt
Finished running in 15.771733333333334ms
Generating and Compiling data/example_mats/hex/p3/gauss-legendre/m6.txt
Running data/example_mats/hex/p3/gauss-legendre/m6.txt
Finished running in 26.123366666666666ms
Generating and Compiling data/example_mats/hex/p3/gauss-legendre/m132.txt
Running data/example_mats/hex/p3/gauss-legendre/m132.txt
Finished running in 31.66033333333333ms
Generating and Compiling data/example_mats/hex/p3/gauss-legendre/m460.txt
Running data/example_mats/hex/p3/gauss-legendre/m460.txt
Finished running in 25.427799999999998ms
Generating and Compiling data/example_mats/hex/p4/gauss-legendre-lobatto/m0.txt
Running data/example_mats/hex/p4/gauss-legendre-lobatto/m0.txt
Finished running in 21.46366666666667ms
Generating and Compiling data/example_mats/hex/p4/gauss-legendre-lobatto/m3.txt
Running data/example_mats/hex/p4/gauss-legendre-lobatto/m3.txt
Finished running in 32.294533333333334ms
Generating and Compiling data/example_mats/hex/p4/gauss-legendre-lobatto/m6.txt
Running data/example_mats/hex/p4/gauss-legendre-lobatto/m6.txt
Finished running in 51.16883333333333ms
Generating and Compiling data/example_mats/hex/p4/gauss-legendre-lobatto/m132.txt
Running data/example_mats/hex/p4/gauss-legendre-lobatto/m132.txt
Finished running in 58.737766666666666ms
Generating and Compiling data/example_mats/hex/p4/gauss-legendre-lobatto/m460.txt
Running data/example_mats/hex/p4/gauss-legendre-lobatto/m460.txt
Finished running in 52.888466666666666ms
Generating and Compiling data/example_mats/hex/p4/gauss-legendre/m0.txt
Running data/example_mats/hex/p4/gauss-legendre/m0.txt
Finished running in 26.7613ms
Generating and Compiling data/example_mats/hex/p4/gauss-legendre/m3.txt
Running data/example_mats/hex/p4/gauss-legendre/m3.txt
Finished running in 31.981299999999997ms
Generating and Compiling data/example_mats/hex/p4/gauss-legendre/m6.txt
Running data/example_mats/hex/p4/gauss-legendre/m6.txt
Finished running in 51.89653333333333ms
Generating and Compiling data/example_mats/hex/p4/gauss-legendre/m132.txt
Running data/example_mats/hex/p4/gauss-legendre/m132.txt
Finished running in 59.75763333333334ms
Generating and Compiling data/example_mats/hex/p4/gauss-legendre/m460.txt
Running data/example_mats/hex/p4/gauss-legendre/m460.txt
Finished running in 52.872733333333336ms
Generating and Compiling data/example_mats/hex/p5/gauss-legendre-lobatto/m0.txt
Running data/example_mats/hex/p5/gauss-legendre-lobatto/m0.txt
Finished running in 34.10523333333334ms
Generating and Compiling data/example_mats/hex/p5/gauss-legendre-lobatto/m3.txt
Running data/example_mats/hex/p5/gauss-legendre-lobatto/m3.txt
Finished running in 49.98633333333333ms
Generating and Compiling data/example_mats/hex/p5/gauss-legendre-lobatto/m6.txt
Running data/example_mats/hex/p5/gauss-legendre-lobatto/m6.txt
Finished running in 85.56306666666666ms
Generating and Compiling data/example_mats/hex/p5/gauss-legendre-lobatto/m132.txt
Running data/example_mats/hex/p5/gauss-legendre-lobatto/m132.txt
Finished running in 111.55736666666667ms
Generating and Compiling data/example_mats/hex/p5/gauss-legendre-lobatto/m460.txt
Running data/example_mats/hex/p5/gauss-legendre-lobatto/m460.txt
Finished running in 101.0352ms
Generating and Compiling data/example_mats/hex/p5/gauss-legendre/m0.txt
Running data/example_mats/hex/p5/gauss-legendre/m0.txt
Finished running in 45.5493ms
Generating and Compiling data/example_mats/hex/p5/gauss-legendre/m3.txt
Running data/example_mats/hex/p5/gauss-legendre/m3.txt
Finished running in 49.61573333333333ms
Generating and Compiling data/example_mats/hex/p5/gauss-legendre/m6.txt
Running data/example_mats/hex/p5/gauss-legendre/m6.txt
Finished running in 86.00446666666667ms
Generating and Compiling data/example_mats/hex/p5/gauss-legendre/m132.txt
Running data/example_mats/hex/p5/gauss-legendre/m132.txt
Finished running in 106.9502ms
Generating and Compiling data/example_mats/hex/p5/gauss-legendre/m460.txt
Running data/example_mats/hex/p5/gauss-legendre/m460.txt
Finished running in 103.91396666666667ms
Generating and Compiling data/example_mats/hex/p6/gauss-legendre-lobatto/m0.txt
Running data/example_mats/hex/p6/gauss-legendre-lobatto/m0.txt
Finished running in 49.49766666666667ms
Generating and Compiling data/example_mats/hex/p6/gauss-legendre-lobatto/m3.txt
Running data/example_mats/hex/p6/gauss-legendre-lobatto/m3.txt
Finished running in 74.56866666666666ms
LIBXSMM_VERSION: RT-bct-B-from-vreg-hide-mlatency-1.16.1-1579 (25183787)
LIBXSMM_TARGET: clx
Registry and code: 13 MB
Uptime: 4.938290 s

LIBXSMM_VERSION: RT-bct-B-from-vreg-hide-mlatency-1.16.1-1579 (25183787)
LIBXSMM_TARGET: clx
Registry and code: 13 MB
Uptime: 4.798971 s

LIBXSMM_VERSION: RT-bct-B-from-vreg-hide-mlatency-1.16.1-1579 (25183787)
LIBXSMM_TARGET: clx
Registry and code: 13 MB
Uptime: 4.812470 s

LIBXSMM_VERSION: RT-bct-B-from-vreg-hide-mlatency-1.16.1-1579 (25183787)
LIBXSMM_TARGET: clx
Registry and code: 13 MB
Uptime: 7.189076 s

LIBXSMM_VERSION: RT-bct-B-from-vreg-hide-mlatency-1.16.1-1579 (25183787)
LIBXSMM_TARGET: clx
Registry and code: 13 MB
Uptime: 6.319111 s

LIBXSMM_VERSION: RT-bct-B-from-vreg-hide-mlatency-1.16.1-1579 (25183787)
LIBXSMM_TARGET: clx
Registry and code: 13 MB
Uptime: 6.349840 s

LIBXSMM_VERSION: RT-bct-B-from-vreg-hide-mlatency-1.16.1-1579 (25183787)
LIBXSMM_TARGET: clx
Registry and code: 13 MB
Uptime: 5.883771 s

LIBXSMM_VERSION: RT-bct-B-from-vreg-hide-mlatency-1.16.1-1579 (25183787)
LIBXSMM_TARGET: clx
Registry and code: 13 MB
Uptime: 5.687654 s

LIBXSMM_VERSION: RT-bct-B-from-vreg-hide-mlatency-1.16.1-1579 (25183787)
LIBXSMM_TARGET: clx
Registry and code: 13 MB
Uptime: 5.393633 s

LIBXSMM_VERSION: RT-bct-B-from-vreg-hide-mlatency-1.16.1-1579 (25183787)
LIBXSMM_TARGET: clx
Registry and code: 13 MB
Uptime: 2.415837 s

LIBXSMM_VERSION: RT-bct-B-from-vreg-hide-mlatency-1.16.1-1579 (25183787)
LIBXSMM_TARGET: clx
Registry and code: 13 MB
Uptime: 2.310478 s

LIBXSMM_VERSION: RT-bct-B-from-vreg-hide-mlatency-1.16.1-1579 (25183787)
LIBXSMM_TARGET: clx
Registry and code: 13 MB
Uptime: 2.284886 s

LIBXSMM_VERSION: RT-bct-B-from-vreg-hide-mlatency-1.16.1-1579 (25183787)
LIBXSMM_TARGET: clx
Registry and code: 13 MB
Uptime: 2.695211 s

LIBXSMM_VERSION: RT-bct-B-from-vreg-hide-mlatency-1.16.1-1579 (25183787)
LIBXSMM_TARGET: clx
Registry and code: 13 MB
Uptime: 2.582961 s

LIBXSMM_VERSION: RT-bct-B-from-vreg-hide-mlatency-1.16.1-1579 (25183787)
LIBXSMM_TARGET: clx
Registry and code: 13 MB
Uptime: 2.537046 s

LIBXSMM_VERSION: RT-bct-B-from-vreg-hide-mlatency-1.16.1-1579 (25183787)
LIBXSMM_TARGET: clx
Registry and code: 13 MB
Uptime: 5.019871 s

LIBXSMM_VERSION: RT-bct-B-from-vreg-hide-mlatency-1.16.1-1579 (25183787)
LIBXSMM_TARGET: clx
Registry and code: 13 MB
Uptime: 4.829163 s

LIBXSMM_VERSION: RT-bct-B-from-vreg-hide-mlatency-1.16.1-1579 (25183787)
LIBXSMM_TARGET: clx
Registry and code: 13 MB
Uptime: 4.829697 s

LIBXSMM_VERSION: RT-bct-B-from-vreg-hide-mlatency-1.16.1-1579 (25183787)
LIBXSMM_TARGET: clx
Registry and code: 13 MB
Uptime: 7.238464 s

LIBXSMM_VERSION: RT-bct-B-from-vreg-hide-mlatency-1.16.1-1579 (25183787)
LIBXSMM_TARGET: clx
Registry and code: 13 MB
Uptime: 6.616883 s

LIBXSMM_VERSION: RT-bct-B-from-vreg-hide-mlatency-1.16.1-1579 (25183787)
LIBXSMM_TARGET: clx
Registry and code: 13 MB
Uptime: 6.488160 s

LIBXSMM_VERSION: RT-bct-B-from-vreg-hide-mlatency-1.16.1-1579 (25183787)
LIBXSMM_TARGET: clx
Registry and code: 13 MB
Uptime: 5.988099 s

LIBXSMM_VERSION: RT-bct-B-from-vreg-hide-mlatency-1.16.1-1579 (25183787)
LIBXSMM_TARGET: clx
Registry and code: 13 MB
Uptime: 5.725460 s

LIBXSMM_VERSION: RT-bct-B-from-vreg-hide-mlatency-1.16.1-1579 (25183787)
LIBXSMM_TARGET: clx
Registry and code: 13 MB
Uptime: 5.439143 s

LIBXSMM_VERSION: RT-bct-B-from-vreg-hide-mlatency-1.16.1-1579 (25183787)
LIBXSMM_TARGET: clx
Registry and code: 13 MB
Uptime: 0.030326 s

LIBXSMM_VERSION: RT-bct-B-from-vreg-hide-mlatency-1.16.1-1579 (25183787)
LIBXSMM_TARGET: clx
Registry and code: 13 MB
Uptime: 0.030511 s

LIBXSMM_VERSION: RT-bct-B-from-vreg-hide-mlatency-1.16.1-1579 (25183787)
LIBXSMM_TARGET: clx
Registry and code: 13 MB
Uptime: 0.030703 s

LIBXSMM_VERSION: RT-bct-B-from-vreg-hide-mlatency-1.16.1-1579 (25183787)
LIBXSMM_TARGET: clx
Registry and code: 13 MB
Uptime: 0.020098 s

LIBXSMM_VERSION: RT-bct-B-from-vreg-hide-mlatency-1.16.1-1579 (25183787)
LIBXSMM_TARGET: clx
Registry and code: 13 MB
Uptime: 0.020217 s

LIBXSMM_VERSION: RT-bct-B-from-vreg-hide-mlatency-1.16.1-1579 (25183787)
LIBXSMM_TARGET: clx
Registry and code: 13 MB
Uptime: 0.021129 s

LIBXSMM_VERSION: RT-bct-B-from-vreg-hide-mlatency-1.16.1-1579 (25183787)
LIBXSMM_TARGET: clx
Registry and code: 13 MB
Uptime: 0.032500 s

LIBXSMM_VERSION: RT-bct-B-from-vreg-hide-mlatency-1.16.1-1579 (25183787)
LIBXSMM_TARGET: clx
Registry and code: 13 MB
Uptime: 0.032349 s

LIBXSMM_VERSION: RT-bct-B-from-vreg-hide-mlatency-1.16.1-1579 (25183787)
LIBXSMM_TARGET: clx
Registry and code: 13 MB
Uptime: 0.032645 s

LIBXSMM_VERSION: RT-bct-B-from-vreg-hide-mlatency-1.16.1-1579 (25183787)
LIBXSMM_TARGET: clx
Registry and code: 13 MB
Uptime: 0.020050 s

LIBXSMM_VERSION: RT-bct-B-from-vreg-hide-mlatency-1.16.1-1579 (25183787)
LIBXSMM_TARGET: clx
Registry and code: 13 MB
Uptime: 0.020085 s

LIBXSMM_VERSION: RT-bct-B-from-vreg-hide-mlatency-1.16.1-1579 (25183787)
LIBXSMM_TARGET: clx
Registry and code: 13 MB
Uptime: 0.020990 s

LIBXSMM_VERSION: RT-bct-B-from-vreg-hide-mlatency-1.16.1-1579 (25183787)
LIBXSMM_TARGET: clx
Registry and code: 13 MB
Uptime: 0.030298 s

LIBXSMM_VERSION: RT-bct-B-from-vreg-hide-mlatency-1.16.1-1579 (25183787)
LIBXSMM_TARGET: clx
Registry and code: 13 MB
Uptime: 0.030065 s

LIBXSMM_VERSION: RT-bct-B-from-vreg-hide-mlatency-1.16.1-1579 (25183787)
LIBXSMM_TARGET: clx
Registry and code: 13 MB
Uptime: 0.030375 s

LIBXSMM_VERSION: RT-bct-B-from-vreg-hide-mlatency-1.16.1-1579 (25183787)
LIBXSMM_TARGET: clx
Registry and code: 13 MB
Uptime: 0.045514 s

LIBXSMM_VERSION: RT-bct-B-from-vreg-hide-mlatency-1.16.1-1579 (25183787)
LIBXSMM_TARGET: clx
Registry and code: 13 MB
Uptime: 0.045575 s

LIBXSMM_VERSION: RT-bct-B-from-vreg-hide-mlatency-1.16.1-1579 (25183787)
LIBXSMM_TARGET: clx
Registry and code: 13 MB
Uptime: 0.046066 s

LIBXSMM_VERSION: RT-bct-B-from-vreg-hide-mlatency-1.16.1-1579 (25183787)
LIBXSMM_TARGET: clx
Registry and code: 13 MB
Uptime: 0.039333 s

LIBXSMM_VERSION: RT-bct-B-from-vreg-hide-mlatency-1.16.1-1579 (25183787)
LIBXSMM_TARGET: clx
Registry and code: 13 MB
Uptime: 0.039402 s

LIBXSMM_VERSION: RT-bct-B-from-vreg-hide-mlatency-1.16.1-1579 (25183787)
LIBXSMM_TARGET: clx
Registry and code: 13 MB
Uptime: 0.039690 s

LIBXSMM_VERSION: RT-bct-B-from-vreg-hide-mlatency-1.16.1-1579 (25183787)
LIBXSMM_TARGET: clx
Registry and code: 13 MB
Uptime: 0.066876 s

LIBXSMM_VERSION: RT-bct-B-from-vreg-hide-mlatency-1.16.1-1579 (25183787)
LIBXSMM_TARGET: clx
Registry and code: 13 MB
Uptime: 0.066835 s

LIBXSMM_VERSION: RT-bct-B-from-vreg-hide-mlatency-1.16.1-1579 (25183787)
LIBXSMM_TARGET: clx
Registry and code: 13 MB
Uptime: 0.067197 s

LIBXSMM_VERSION: RT-bct-B-from-vreg-hide-mlatency-1.16.1-1579 (25183787)
LIBXSMM_TARGET: clx
Registry and code: 13 MB
Uptime: 0.042495 s

LIBXSMM_VERSION: RT-bct-B-from-vreg-hide-mlatency-1.16.1-1579 (25183787)
LIBXSMM_TARGET: clx
Registry and code: 13 MB
Uptime: 0.043606 s

LIBXSMM_VERSION: RT-bct-B-from-vreg-hide-mlatency-1.16.1-1579 (25183787)
LIBXSMM_TARGET: clx
Registry and code: 13 MB
Uptime: 0.043754 s

LIBXSMM_VERSION: RT-bct-B-from-vreg-hide-mlatency-1.16.1-1579 (25183787)
LIBXSMM_TARGET: clx
Registry and code: 13 MB
Uptime: 0.065583 s

LIBXSMM_VERSION: RT-bct-B-from-vreg-hide-mlatency-1.16.1-1579 (25183787)
LIBXSMM_TARGET: clx
Registry and code: 13 MB
Uptime: 0.065341 s

LIBXSMM_VERSION: RT-bct-B-from-vreg-hide-mlatency-1.16.1-1579 (25183787)
LIBXSMM_TARGET: clx
Registry and code: 13 MB
Uptime: 0.065487 s

LIBXSMM_VERSION: RT-bct-B-from-vreg-hide-mlatency-1.16.1-1579 (25183787)
LIBXSMM_TARGET: clx
Registry and code: 13 MB
Uptime: 0.048854 s

LIBXSMM_VERSION: RT-bct-B-from-vreg-hide-mlatency-1.16.1-1579 (25183787)
LIBXSMM_TARGET: clx
Registry and code: 13 MB
Uptime: 0.046665 s

LIBXSMM_VERSION: RT-bct-B-from-vreg-hide-mlatency-1.16.1-1579 (25183787)
LIBXSMM_TARGET: clx
Registry and code: 13 MB
Uptime: 0.046764 s

LIBXSMM_VERSION: RT-bct-B-from-vreg-hide-mlatency-1.16.1-1579 (25183787)
LIBXSMM_TARGET: clx
Registry and code: 13 MB
Uptime: 0.038545 s

LIBXSMM_VERSION: RT-bct-B-from-vreg-hide-mlatency-1.16.1-1579 (25183787)
LIBXSMM_TARGET: clx
Registry and code: 13 MB
Uptime: 0.038579 s

LIBXSMM_VERSION: RT-bct-B-from-vreg-hide-mlatency-1.16.1-1579 (25183787)
LIBXSMM_TARGET: clx
Registry and code: 13 MB
Uptime: 0.039037 s

LIBXSMM_VERSION: RT-bct-B-from-vreg-hide-mlatency-1.16.1-1579 (25183787)
LIBXSMM_TARGET: clx
Registry and code: 13 MB
Uptime: 0.067345 s

LIBXSMM_VERSION: RT-bct-B-from-vreg-hide-mlatency-1.16.1-1579 (25183787)
LIBXSMM_TARGET: clx
Registry and code: 13 MB
Uptime: 0.068031 s

LIBXSMM_VERSION: RT-bct-B-from-vreg-hide-mlatency-1.16.1-1579 (25183787)
LIBXSMM_TARGET: clx
Registry and code: 13 MB
Uptime: 0.067568 s

LIBXSMM_VERSION: RT-bct-B-from-vreg-hide-mlatency-1.16.1-1579 (25183787)
LIBXSMM_TARGET: clx
Registry and code: 13 MB
Uptime: 0.042463 s

LIBXSMM_VERSION: RT-bct-B-from-vreg-hide-mlatency-1.16.1-1579 (25183787)
LIBXSMM_TARGET: clx
Registry and code: 13 MB
Uptime: 0.043897 s

LIBXSMM_VERSION: RT-bct-B-from-vreg-hide-mlatency-1.16.1-1579 (25183787)
LIBXSMM_TARGET: clx
Registry and code: 13 MB
Uptime: 0.044012 s

LIBXSMM_VERSION: RT-bct-B-from-vreg-hide-mlatency-1.16.1-1579 (25183787)
LIBXSMM_TARGET: clx
Registry and code: 13 MB
Uptime: 0.065552 s

LIBXSMM_VERSION: RT-bct-B-from-vreg-hide-mlatency-1.16.1-1579 (25183787)
LIBXSMM_TARGET: clx
Registry and code: 13 MB
Uptime: 0.065388 s

LIBXSMM_VERSION: RT-bct-B-from-vreg-hide-mlatency-1.16.1-1579 (25183787)
LIBXSMM_TARGET: clx
Registry and code: 13 MB
Uptime: 0.065487 s

LIBXSMM_VERSION: RT-bct-B-from-vreg-hide-mlatency-1.16.1-1579 (25183787)
LIBXSMM_TARGET: clx
Registry and code: 13 MB
Uptime: 0.061663 s

LIBXSMM_VERSION: RT-bct-B-from-vreg-hide-mlatency-1.16.1-1579 (25183787)
LIBXSMM_TARGET: clx
Registry and code: 13 MB
Uptime: 0.061670 s

LIBXSMM_VERSION: RT-bct-B-from-vreg-hide-mlatency-1.16.1-1579 (25183787)
LIBXSMM_TARGET: clx
Registry and code: 13 MB
Uptime: 0.061944 s

LIBXSMM_VERSION: RT-bct-B-from-vreg-hide-mlatency-1.16.1-1579 (25183787)
LIBXSMM_TARGET: clx
Registry and code: 13 MB
Uptime: 0.063489 s

LIBXSMM_VERSION: RT-bct-B-from-vreg-hide-mlatency-1.16.1-1579 (25183787)
LIBXSMM_TARGET: clx
Registry and code: 13 MB
Uptime: 0.063838 s

LIBXSMM_VERSION: RT-bct-B-from-vreg-hide-mlatency-1.16.1-1579 (25183787)
LIBXSMM_TARGET: clx
Registry and code: 13 MB
Uptime: 0.065809 s

LIBXSMM_VERSION: RT-bct-B-from-vreg-hide-mlatency-1.16.1-1579 (25183787)
LIBXSMM_TARGET: clx
Registry and code: 13 MB
Uptime: 0.114650 s

LIBXSMM_VERSION: RT-bct-B-from-vreg-hide-mlatency-1.16.1-1579 (25183787)
LIBXSMM_TARGET: clx
Registry and code: 13 MB
Uptime: 0.114329 s

LIBXSMM_VERSION: RT-bct-B-from-vreg-hide-mlatency-1.16.1-1579 (25183787)
LIBXSMM_TARGET: clx
Registry and code: 13 MB
Uptime: 0.115479 s

LIBXSMM_VERSION: RT-bct-B-from-vreg-hide-mlatency-1.16.1-1579 (25183787)
LIBXSMM_TARGET: clx
Registry and code: 13 MB
Uptime: 0.077093 s

LIBXSMM_VERSION: RT-bct-B-from-vreg-hide-mlatency-1.16.1-1579 (25183787)
LIBXSMM_TARGET: clx
Registry and code: 13 MB
Uptime: 0.079718 s

LIBXSMM_VERSION: RT-bct-B-from-vreg-hide-mlatency-1.16.1-1579 (25183787)
LIBXSMM_TARGET: clx
Registry and code: 13 MB
Uptime: 0.084762 s

LIBXSMM_VERSION: RT-bct-B-from-vreg-hide-mlatency-1.16.1-1579 (25183787)
LIBXSMM_TARGET: clx
Registry and code: 13 MB
Uptime: 0.115001 s

LIBXSMM_VERSION: RT-bct-B-from-vreg-hide-mlatency-1.16.1-1579 (25183787)
LIBXSMM_TARGET: clx
Registry and code: 13 MB
Uptime: 0.115360 s

LIBXSMM_VERSION: RT-bct-B-from-vreg-hide-mlatency-1.16.1-1579 (25183787)
LIBXSMM_TARGET: clx
Registry and code: 13 MB
Uptime: 0.117054 s

LIBXSMM_VERSION: RT-bct-B-from-vreg-hide-mlatency-1.16.1-1579 (25183787)
LIBXSMM_TARGET: clx
Registry and code: 13 MB
Uptime: 0.063772 s

LIBXSMM_VERSION: RT-bct-B-from-vreg-hide-mlatency-1.16.1-1579 (25183787)
LIBXSMM_TARGET: clx
Registry and code: 13 MB
Uptime: 0.064034 s

LIBXSMM_VERSION: RT-bct-B-from-vreg-hide-mlatency-1.16.1-1579 (25183787)
LIBXSMM_TARGET: clx
Registry and code: 13 MB
Uptime: 0.064884 s

LIBXSMM_VERSION: RT-bct-B-from-vreg-hide-mlatency-1.16.1-1579 (25183787)
LIBXSMM_TARGET: clx
Registry and code: 13 MB
Uptime: 0.063856 s

LIBXSMM_VERSION: RT-bct-B-from-vreg-hide-mlatency-1.16.1-1579 (25183787)
LIBXSMM_TARGET: clx
Registry and code: 13 MB
Uptime: 0.063960 s

LIBXSMM_VERSION: RT-bct-B-from-vreg-hide-mlatency-1.16.1-1579 (25183787)
LIBXSMM_TARGET: clx
Registry and code: 13 MB
Uptime: 0.065512 s

LIBXSMM_VERSION: RT-bct-B-from-vreg-hide-mlatency-1.16.1-1579 (25183787)
LIBXSMM_TARGET: clx
Registry and code: 13 MB
Uptime: 0.114439 s

LIBXSMM_VERSION: RT-bct-B-from-vreg-hide-mlatency-1.16.1-1579 (25183787)
LIBXSMM_TARGET: clx
Registry and code: 13 MB
Uptime: 0.114452 s

LIBXSMM_VERSION: RT-bct-B-from-vreg-hide-mlatency-1.16.1-1579 (25183787)
LIBXSMM_TARGET: clx
Registry and code: 13 MB
Uptime: 0.115193 s

LIBXSMM_VERSION: RT-bct-B-from-vreg-hide-mlatency-1.16.1-1579 (25183787)
LIBXSMM_TARGET: clx
Registry and code: 13 MB
Uptime: 0.077824 s

LIBXSMM_VERSION: RT-bct-B-from-vreg-hide-mlatency-1.16.1-1579 (25183787)
LIBXSMM_TARGET: clx
Registry and code: 13 MB
Uptime: 0.079413 s

LIBXSMM_VERSION: RT-bct-B-from-vreg-hide-mlatency-1.16.1-1579 (25183787)
LIBXSMM_TARGET: clx
Registry and code: 13 MB
Uptime: 0.084770 s

LIBXSMM_VERSION: RT-bct-B-from-vreg-hide-mlatency-1.16.1-1579 (25183787)
LIBXSMM_TARGET: clx
Registry and code: 13 MB
Uptime: 0.115294 s

LIBXSMM_VERSION: RT-bct-B-from-vreg-hide-mlatency-1.16.1-1579 (25183787)
LIBXSMM_TARGET: clx
Registry and code: 13 MB
Uptime: 0.115358 s

LIBXSMM_VERSION: RT-bct-B-from-vreg-hide-mlatency-1.16.1-1579 (25183787)
LIBXSMM_TARGET: clx
Registry and code: 13 MB
Uptime: 0.118478 s

LIBXSMM_VERSION: RT-bct-B-from-vreg-hide-mlatency-1.16.1-1579 (25183787)
LIBXSMM_TARGET: clx
Registry and code: 13 MB
Uptime: 0.078282 s

LIBXSMM_VERSION: RT-bct-B-from-vreg-hide-mlatency-1.16.1-1579 (25183787)
LIBXSMM_TARGET: clx
Registry and code: 13 MB
Uptime: 0.078164 s

LIBXSMM_VERSION: RT-bct-B-from-vreg-hide-mlatency-1.16.1-1579 (25183787)
LIBXSMM_TARGET: clx
Registry and code: 13 MB
Uptime: 0.078606 s

LIBXSMM_VERSION: RT-bct-B-from-vreg-hide-mlatency-1.16.1-1579 (25183787)
LIBXSMM_TARGET: clx
Registry and code: 13 MB
Uptime: 0.096667 s

LIBXSMM_VERSION: RT-bct-B-from-vreg-hide-mlatency-1.16.1-1579 (25183787)
LIBXSMM_TARGET: clx
Registry and code: 13 MB
Uptime: 0.095772 s

LIBXSMM_VERSION: RT-bct-B-from-vreg-hide-mlatency-1.16.1-1579 (25183787)
LIBXSMM_TARGET: clx
Registry and code: 13 MB
Uptime: 0.097344 s

LIBXSMM_VERSION: RT-bct-B-from-vreg-hide-mlatency-1.16.1-1579 (25183787)
LIBXSMM_TARGET: clx
Registry and code: 13 MB
Uptime: 0.174798 s

LIBXSMM_VERSION: RT-bct-B-from-vreg-hide-mlatency-1.16.1-1579 (25183787)
LIBXSMM_TARGET: clx
Registry and code: 13 MB
Uptime: 0.174638 s

LIBXSMM_VERSION: RT-bct-B-from-vreg-hide-mlatency-1.16.1-1579 (25183787)
LIBXSMM_TARGET: clx
Registry and code: 13 MB
Uptime: 0.175527 s

LIBXSMM_VERSION: RT-bct-B-from-vreg-hide-mlatency-1.16.1-1579 (25183787)
LIBXSMM_TARGET: clx
Registry and code: 13 MB
Uptime: 0.192550 s

LIBXSMM_VERSION: RT-bct-B-from-vreg-hide-mlatency-1.16.1-1579 (25183787)
LIBXSMM_TARGET: clx
Registry and code: 13 MB
Uptime: 0.200492 s

LIBXSMM_VERSION: RT-bct-B-from-vreg-hide-mlatency-1.16.1-1579 (25183787)
LIBXSMM_TARGET: clx
Registry and code: 13 MB
Uptime: 0.199238 s

LIBXSMM_VERSION: RT-bct-B-from-vreg-hide-mlatency-1.16.1-1579 (25183787)
LIBXSMM_TARGET: clx
Registry and code: 13 MB
Uptime: 0.179396 s

LIBXSMM_VERSION: RT-bct-B-from-vreg-hide-mlatency-1.16.1-1579 (25183787)
LIBXSMM_TARGET: clx
Registry and code: 13 MB
Uptime: 0.182608 s

LIBXSMM_VERSION: RT-bct-B-from-vreg-hide-mlatency-1.16.1-1579 (25183787)
LIBXSMM_TARGET: clx
Registry and code: 13 MB
Uptime: 0.186102 s

LIBXSMM_VERSION: RT-bct-B-from-vreg-hide-mlatency-1.16.1-1579 (25183787)
LIBXSMM_TARGET: clx
Registry and code: 13 MB
Uptime: 0.083628 s

LIBXSMM_VERSION: RT-bct-B-from-vreg-hide-mlatency-1.16.1-1579 (25183787)
LIBXSMM_TARGET: clx
Registry and code: 13 MB
Uptime: 0.084963 s

LIBXSMM_VERSION: RT-bct-B-from-vreg-hide-mlatency-1.16.1-1579 (25183787)
LIBXSMM_TARGET: clx
Registry and code: 13 MB
Uptime: 0.085824 s

LIBXSMM_VERSION: RT-bct-B-from-vreg-hide-mlatency-1.16.1-1579 (25183787)
LIBXSMM_TARGET: clx
Registry and code: 13 MB
Uptime: 0.096375 s

LIBXSMM_VERSION: RT-bct-B-from-vreg-hide-mlatency-1.16.1-1579 (25183787)
LIBXSMM_TARGET: clx
Registry and code: 13 MB
Uptime: 0.095660 s

LIBXSMM_VERSION: RT-bct-B-from-vreg-hide-mlatency-1.16.1-1579 (25183787)
LIBXSMM_TARGET: clx
Registry and code: 13 MB
Uptime: 0.097758 s

LIBXSMM_VERSION: RT-bct-B-from-vreg-hide-mlatency-1.16.1-1579 (25183787)
LIBXSMM_TARGET: clx
Registry and code: 13 MB
Uptime: 0.174812 s

LIBXSMM_VERSION: RT-bct-B-from-vreg-hide-mlatency-1.16.1-1579 (25183787)
LIBXSMM_TARGET: clx
Registry and code: 13 MB
Uptime: 0.174908 s

LIBXSMM_VERSION: RT-bct-B-from-vreg-hide-mlatency-1.16.1-1579 (25183787)
LIBXSMM_TARGET: clx
Registry and code: 13 MB
Uptime: 0.175634 s

LIBXSMM_VERSION: RT-bct-B-from-vreg-hide-mlatency-1.16.1-1579 (25183787)
LIBXSMM_TARGET: clx
Registry and code: 13 MB
Uptime: 0.208145 s

LIBXSMM_VERSION: RT-bct-B-from-vreg-hide-mlatency-1.16.1-1579 (25183787)
LIBXSMM_TARGET: clx
Registry and code: 13 MB
Uptime: 0.204389 s

LIBXSMM_VERSION: RT-bct-B-from-vreg-hide-mlatency-1.16.1-1579 (25183787)
LIBXSMM_TARGET: clx
Registry and code: 13 MB
Uptime: 0.199411 s

LIBXSMM_VERSION: RT-bct-B-from-vreg-hide-mlatency-1.16.1-1579 (25183787)
LIBXSMM_TARGET: clx
Registry and code: 13 MB
Uptime: 0.179836 s

LIBXSMM_VERSION: RT-bct-B-from-vreg-hide-mlatency-1.16.1-1579 (25183787)
LIBXSMM_TARGET: clx
Registry and code: 13 MB
Uptime: 0.183380 s

LIBXSMM_VERSION: RT-bct-B-from-vreg-hide-mlatency-1.16.1-1579 (25183787)
LIBXSMM_TARGET: clx
Registry and code: 13 MB
Uptime: 0.186602 s

LIBXSMM_VERSION: RT-bct-B-from-vreg-hide-mlatency-1.16.1-1579 (25183787)
LIBXSMM_TARGET: clx
Registry and code: 13 MB
Uptime: 0.096815 s

LIBXSMM_VERSION: RT-bct-B-from-vreg-hide-mlatency-1.16.1-1579 (25183787)
LIBXSMM_TARGET: clx
Registry and code: 13 MB
Uptime: 0.096566 s

LIBXSMM_VERSION: RT-bct-B-from-vreg-hide-mlatency-1.16.1-1579 (25183787)
LIBXSMM_TARGET: clx
Registry and code: 13 MB
Uptime: 0.096927 s

LIBXSMM_VERSION: RT-bct-B-from-vreg-hide-mlatency-1.16.1-1579 (25183787)
LIBXSMM_TARGET: clx
Registry and code: 13 MB
Uptime: 0.134471 s

LIBXSMM_VERSION: RT-bct-B-from-vreg-hide-mlatency-1.16.1-1579 (25183787)
LIBXSMM_TARGET: clx
Registry and code: 13 MB
Uptime: 0.136560 s

LIBXSMM_VERSION: RT-bct-B-from-vreg-hide-mlatency-1.16.1-1579 (25183787)
LIBXSMM_TARGET: clx
Registry and code: 13 MB
Uptime: 0.136601 s

LIBXSMM_VERSION: RT-bct-B-from-vreg-hide-mlatency-1.16.1-1579 (25183787)
LIBXSMM_TARGET: clx
Registry and code: 13 MB
Uptime: 0.249172 s

LIBXSMM_VERSION: RT-bct-B-from-vreg-hide-mlatency-1.16.1-1579 (25183787)
LIBXSMM_TARGET: clx
Registry and code: 13 MB
Uptime: 0.250358 s

LIBXSMM_VERSION: RT-bct-B-from-vreg-hide-mlatency-1.16.1-1579 (25183787)
LIBXSMM_TARGET: clx
Registry and code: 13 MB
Uptime: 0.251444 s

Generating and Compiling data/example_mats/hex/p6/gauss-legendre-lobatto/m6.txt
Running data/example_mats/hex/p6/gauss-legendre-lobatto/m6.txt
Finished running in 141.44279999999998ms
Generating and Compiling data/example_mats/hex/p6/gauss-legendre-lobatto/m132.txt
Running data/example_mats/hex/p6/gauss-legendre-lobatto/m132.txt
Finished running in 179.76793333333336ms
Generating and Compiling data/example_mats/hex/p6/gauss-legendre-lobatto/m460.txt
Running data/example_mats/hex/p6/gauss-legendre-lobatto/m460.txt
Finished running in 174.1153666666667ms
Generating and Compiling data/example_mats/hex/p6/gauss-legendre/m0.txt
Running data/example_mats/hex/p6/gauss-legendre/m0.txt
Finished running in 72.11266666666667ms
Generating and Compiling data/example_mats/hex/p6/gauss-legendre/m3.txt
Running data/example_mats/hex/p6/gauss-legendre/m3.txt
Finished running in 74.83423333333333ms
Generating and Compiling data/example_mats/hex/p6/gauss-legendre/m6.txt
Running data/example_mats/hex/p6/gauss-legendre/m6.txt
Finished running in 142.86586666666665ms
Generating and Compiling data/example_mats/hex/p6/gauss-legendre/m132.txt
Running data/example_mats/hex/p6/gauss-legendre/m132.txt
Finished running in 184.99173333333334ms
Generating and Compiling data/example_mats/hex/p6/gauss-legendre/m460.txt
Running data/example_mats/hex/p6/gauss-legendre/m460.txt
Finished running in 1789.5132666666666ms
Generating and Compiling data/example_mats/quad/p1/gauss-legendre/m0.txt
Running data/example_mats/quad/p1/gauss-legendre/m0.txt
Finished running in 0.8013ms
Generating and Compiling data/example_mats/quad/p1/gauss-legendre/m3.txt
Running data/example_mats/quad/p1/gauss-legendre/m3.txt
Finished running in 0.48816666666666664ms
Generating and Compiling data/example_mats/quad/p1/gauss-legendre/m6.txt
Running data/example_mats/quad/p1/gauss-legendre/m6.txt
Finished running in 0.8498333333333333ms
Generating and Compiling data/example_mats/quad/p1/gauss-legendre/m132.txt
Running data/example_mats/quad/p1/gauss-legendre/m132.txt
Finished running in 0.4910333333333333ms
Generating and Compiling data/example_mats/quad/p1/gauss-legendre/m460.txt
Running data/example_mats/quad/p1/gauss-legendre/m460.txt
Finished running in 0.8060666666666666ms
Generating and Compiling data/example_mats/quad/p2/gauss-legendre-lobatto/m0.txt
Running data/example_mats/quad/p2/gauss-legendre-lobatto/m0.txt
Finished running in 1.2185333333333332ms
Generating and Compiling data/example_mats/quad/p2/gauss-legendre-lobatto/m3.txt
Running data/example_mats/quad/p2/gauss-legendre-lobatto/m3.txt
Finished running in 1.0766ms
Generating and Compiling data/example_mats/quad/p2/gauss-legendre-lobatto/m6.txt
Running data/example_mats/quad/p2/gauss-legendre-lobatto/m6.txt
Finished running in 1.8525ms
Generating and Compiling data/example_mats/quad/p2/gauss-legendre-lobatto/m132.txt
Running data/example_mats/quad/p2/gauss-legendre-lobatto/m132.txt
Finished running in 1.1602999999999999ms
Generating and Compiling data/example_mats/quad/p2/gauss-legendre-lobatto/m460.txt
Running data/example_mats/quad/p2/gauss-legendre-lobatto/m460.txt
Finished running in 1.8863333333333334ms
Generating and Compiling data/example_mats/quad/p2/gauss-legendre/m0.txt
Running data/example_mats/quad/p2/gauss-legendre/m0.txt
Finished running in 1.2840666666666682ms
Generating and Compiling data/example_mats/quad/p2/gauss-legendre/m3.txt
Running data/example_mats/quad/p2/gauss-legendre/m3.txt
Finished running in 1.0640333333333334ms
Generating and Compiling data/example_mats/quad/p2/gauss-legendre/m6.txt
Running data/example_mats/quad/p2/gauss-legendre/m6.txt
Finished running in 1.8544666666666667ms
Generating and Compiling data/example_mats/quad/p2/gauss-legendre/m132.txt
Running data/example_mats/quad/p2/gauss-legendre/m132.txt
Finished running in 1.163ms
Generating and Compiling data/example_mats/quad/p2/gauss-legendre/m460.txt
Running data/example_mats/quad/p2/gauss-legendre/m460.txt
Finished running in 1.8565ms
Generating and Compiling data/example_mats/quad/p3/gauss-legendre-lobatto/m0.txt
Running data/example_mats/quad/p3/gauss-legendre-lobatto/m0.txt
Finished running in 1.6511333333333333ms
Generating and Compiling data/example_mats/quad/p3/gauss-legendre-lobatto/m3.txt
Running data/example_mats/quad/p3/gauss-legendre-lobatto/m3.txt
Finished running in 1.8547666666666667ms
Generating and Compiling data/example_mats/quad/p3/gauss-legendre-lobatto/m6.txt
Running data/example_mats/quad/p3/gauss-legendre-lobatto/m6.txt
Finished running in 3.2521666666666667ms
Generating and Compiling data/example_mats/quad/p3/gauss-legendre-lobatto/m132.txt
Running data/example_mats/quad/p3/gauss-legendre-lobatto/m132.txt
Finished running in 2.2331ms
Generating and Compiling data/example_mats/quad/p3/gauss-legendre-lobatto/m460.txt
Running data/example_mats/quad/p3/gauss-legendre-lobatto/m460.txt
Finished running in 3.3844666666666665ms
Generating and Compiling data/example_mats/quad/p3/gauss-legendre/m0.txt
Running data/example_mats/quad/p3/gauss-legendre/m0.txt
Finished running in 1.8333666666666666ms
Generating and Compiling data/example_mats/quad/p3/gauss-legendre/m3.txt
Running data/example_mats/quad/p3/gauss-legendre/m3.txt
Finished running in 1.802466666666665ms
Generating and Compiling data/example_mats/quad/p3/gauss-legendre/m6.txt
Running data/example_mats/quad/p3/gauss-legendre/m6.txt
Finished running in 3.2497ms
Generating and Compiling data/example_mats/quad/p3/gauss-legendre/m132.txt
Running data/example_mats/quad/p3/gauss-legendre/m132.txt
Finished running in 2.2811333333333335ms
Generating and Compiling data/example_mats/quad/p3/gauss-legendre/m460.txt
Running data/example_mats/quad/p3/gauss-legendre/m460.txt
Finished running in 3.4093ms
Generating and Compiling data/example_mats/quad/p4/gauss-legendre-lobatto/m0.txt
Running data/example_mats/quad/p4/gauss-legendre-lobatto/m0.txt
Finished running in 2.0736ms
Generating and Compiling data/example_mats/quad/p4/gauss-legendre-lobatto/m3.txt
Running data/example_mats/quad/p4/gauss-legendre-lobatto/m3.txt
Finished running in 2.7976ms
Generating and Compiling data/example_mats/quad/p4/gauss-legendre-lobatto/m6.txt
Running data/example_mats/quad/p4/gauss-legendre-lobatto/m6.txt
Finished running in 5.032966666666667ms
Generating and Compiling data/example_mats/quad/p4/gauss-legendre-lobatto/m132.txt
Running data/example_mats/quad/p4/gauss-legendre-lobatto/m132.txt
Finished running in 5.4021333333333335ms
Generating and Compiling data/example_mats/quad/p4/gauss-legendre-lobatto/m460.txt
Running data/example_mats/quad/p4/gauss-legendre-lobatto/m460.txt
Finished running in 5.506166666666667ms
Generating and Compiling data/example_mats/quad/p4/gauss-legendre/m0.txt
Running data/example_mats/quad/p4/gauss-legendre/m0.txt
Finished running in 2.476ms
Generating and Compiling data/example_mats/quad/p4/gauss-legendre/m3.txt
Running data/example_mats/quad/p4/gauss-legendre/m3.txt
Finished running in 2.8005666666666666ms
Generating and Compiling data/example_mats/quad/p4/gauss-legendre/m6.txt
Running data/example_mats/quad/p4/gauss-legendre/m6.txt
Finished running in 5.038866666666666ms
Generating and Compiling data/example_mats/quad/p4/gauss-legendre/m132.txt
Running data/example_mats/quad/p4/gauss-legendre/m132.txt
Finished running in 5.696166666666667ms
Generating and Compiling data/example_mats/quad/p4/gauss-legendre/m460.txt
Running data/example_mats/quad/p4/gauss-legendre/m460.txt
Finished running in 5.602033333333334ms
Generating and Compiling data/example_mats/quad/p5/gauss-legendre-lobatto/m0.txt
Running data/example_mats/quad/p5/gauss-legendre-lobatto/m0.txt
Finished running in 2.5087333333333315ms
Generating and Compiling data/example_mats/quad/p5/gauss-legendre-lobatto/m3.txt
Running data/example_mats/quad/p5/gauss-legendre-lobatto/m3.txt
Finished running in 4.0014ms
Generating and Compiling data/example_mats/quad/p5/gauss-legendre-lobatto/m6.txt
Running data/example_mats/quad/p5/gauss-legendre-lobatto/m6.txt
Finished running in 7.251666666666667ms
Generating and Compiling data/example_mats/quad/p5/gauss-legendre-lobatto/m132.txt
Running data/example_mats/quad/p5/gauss-legendre-lobatto/m132.txt
LIBXSMM_VERSION: RT-bct-B-from-vreg-hide-mlatency-1.16.1-1579 (25183787)
LIBXSMM_TARGET: clx
Registry and code: 13 MB
Uptime: 0.354335 s

LIBXSMM_VERSION: RT-bct-B-from-vreg-hide-mlatency-1.16.1-1579 (25183787)
LIBXSMM_TARGET: clx
Registry and code: 13 MB
Uptime: 0.350473 s

LIBXSMM_VERSION: RT-bct-B-from-vreg-hide-mlatency-1.16.1-1579 (25183787)
LIBXSMM_TARGET: clx
Registry and code: 13 MB
Uptime: 0.338448 s

LIBXSMM_VERSION: RT-bct-B-from-vreg-hide-mlatency-1.16.1-1579 (25183787)
LIBXSMM_TARGET: clx
Registry and code: 13 MB
Uptime: 0.297440 s

LIBXSMM_VERSION: RT-bct-B-from-vreg-hide-mlatency-1.16.1-1579 (25183787)
LIBXSMM_TARGET: clx
Registry and code: 13 MB
Uptime: 0.318933 s

LIBXSMM_VERSION: RT-bct-B-from-vreg-hide-mlatency-1.16.1-1579 (25183787)
LIBXSMM_TARGET: clx
Registry and code: 13 MB
Uptime: 0.318428 s

LIBXSMM_VERSION: RT-bct-B-from-vreg-hide-mlatency-1.16.1-1579 (25183787)
LIBXSMM_TARGET: clx
Registry and code: 13 MB
Uptime: 0.131687 s

LIBXSMM_VERSION: RT-bct-B-from-vreg-hide-mlatency-1.16.1-1579 (25183787)
LIBXSMM_TARGET: clx
Registry and code: 13 MB
Uptime: 0.131098 s

LIBXSMM_VERSION: RT-bct-B-from-vreg-hide-mlatency-1.16.1-1579 (25183787)
LIBXSMM_TARGET: clx
Registry and code: 13 MB
Uptime: 0.131331 s

LIBXSMM_VERSION: RT-bct-B-from-vreg-hide-mlatency-1.16.1-1579 (25183787)
LIBXSMM_TARGET: clx
Registry and code: 13 MB
Uptime: 0.134350 s

LIBXSMM_VERSION: RT-bct-B-from-vreg-hide-mlatency-1.16.1-1579 (25183787)
LIBXSMM_TARGET: clx
Registry and code: 13 MB
Uptime: 0.136987 s

LIBXSMM_VERSION: RT-bct-B-from-vreg-hide-mlatency-1.16.1-1579 (25183787)
LIBXSMM_TARGET: clx
Registry and code: 13 MB
Uptime: 0.136721 s

LIBXSMM_VERSION: RT-bct-B-from-vreg-hide-mlatency-1.16.1-1579 (25183787)
LIBXSMM_TARGET: clx
Registry and code: 13 MB
Uptime: 0.248974 s

LIBXSMM_VERSION: RT-bct-B-from-vreg-hide-mlatency-1.16.1-1579 (25183787)
LIBXSMM_TARGET: clx
Registry and code: 13 MB
Uptime: 0.250527 s

LIBXSMM_VERSION: RT-bct-B-from-vreg-hide-mlatency-1.16.1-1579 (25183787)
LIBXSMM_TARGET: clx
Registry and code: 13 MB
Uptime: 0.253377 s

LIBXSMM_VERSION: RT-bct-B-from-vreg-hide-mlatency-1.16.1-1579 (25183787)
LIBXSMM_TARGET: clx
Registry and code: 13 MB
Uptime: 0.364262 s

LIBXSMM_VERSION: RT-bct-B-from-vreg-hide-mlatency-1.16.1-1579 (25183787)
LIBXSMM_TARGET: clx
Registry and code: 13 MB
Uptime: 0.359638 s

LIBXSMM_VERSION: RT-bct-B-from-vreg-hide-mlatency-1.16.1-1579 (25183787)
LIBXSMM_TARGET: clx
Registry and code: 13 MB
Uptime: 0.344855 s

LIBXSMM_VERSION: RT-bct-B-from-vreg-hide-mlatency-1.16.1-1579 (25183787)
LIBXSMM_TARGET: clx
Registry and code: 13 MB
Uptime: 0.300451 s

LIBXSMM_VERSION: RT-bct-B-from-vreg-hide-mlatency-1.16.1-1579 (25183787)
LIBXSMM_TARGET: clx
Registry and code: 13 MB
Uptime: 0.320349 s

LIBXSMM_VERSION: RT-bct-B-from-vreg-hide-mlatency-1.16.1-1579 (25183787)
LIBXSMM_TARGET: clx
Registry and code: 13 MB
Uptime: 0.321459 s

LIBXSMM_VERSION: RT-bct-B-from-vreg-hide-mlatency-1.16.1-1579 (25183787)
LIBXSMM_TARGET: clx
Registry and code: 13 MB
Uptime: 0.116052 s

LIBXSMM_VERSION: RT-bct-B-from-vreg-hide-mlatency-1.16.1-1579 (25183787)
LIBXSMM_TARGET: clx
Registry and code: 13 MB
Uptime: 0.115910 s

LIBXSMM_VERSION: RT-bct-B-from-vreg-hide-mlatency-1.16.1-1579 (25183787)
LIBXSMM_TARGET: clx
Registry and code: 13 MB
Uptime: 0.116469 s

LIBXSMM_VERSION: RT-bct-B-from-vreg-hide-mlatency-1.16.1-1579 (25183787)
LIBXSMM_TARGET: clx
Registry and code: 13 MB
Uptime: 0.179686 s

LIBXSMM_VERSION: RT-bct-B-from-vreg-hide-mlatency-1.16.1-1579 (25183787)
LIBXSMM_TARGET: clx
Registry and code: 13 MB
Uptime: 0.182163 s

LIBXSMM_VERSION: RT-bct-B-from-vreg-hide-mlatency-1.16.1-1579 (25183787)
LIBXSMM_TARGET: clx
Registry and code: 13 MB
Uptime: 0.182944 s

LIBXSMM_VERSION: RT-bct-B-from-vreg-hide-mlatency-1.16.1-1579 (25183787)
LIBXSMM_TARGET: clx
Registry and code: 13 MB
Uptime: 0.336396 s

LIBXSMM_VERSION: RT-bct-B-from-vreg-hide-mlatency-1.16.1-1579 (25183787)
LIBXSMM_TARGET: clx
Registry and code: 13 MB
Uptime: 0.339105 s

LIBXSMM_VERSION: RT-bct-B-from-vreg-hide-mlatency-1.16.1-1579 (25183787)
LIBXSMM_TARGET: clx
Registry and code: 13 MB
Uptime: 0.340866 s

LIBXSMM_VERSION: RT-bct-B-from-vreg-hide-mlatency-1.16.1-1579 (25183787)
LIBXSMM_TARGET: clx
Registry and code: 13 MB
Uptime: 0.551909 s

LIBXSMM_VERSION: RT-bct-B-from-vreg-hide-mlatency-1.16.1-1579 (25183787)
LIBXSMM_TARGET: clx
Registry and code: 13 MB
Uptime: 0.538735 s

LIBXSMM_VERSION: RT-bct-B-from-vreg-hide-mlatency-1.16.1-1579 (25183787)
LIBXSMM_TARGET: clx
Registry and code: 13 MB
Uptime: 0.514464 s

LIBXSMM_VERSION: RT-bct-B-from-vreg-hide-mlatency-1.16.1-1579 (25183787)
LIBXSMM_TARGET: clx
Registry and code: 13 MB
Uptime: 0.464318 s

LIBXSMM_VERSION: RT-bct-B-from-vreg-hide-mlatency-1.16.1-1579 (25183787)
LIBXSMM_TARGET: clx
Registry and code: 13 MB
Uptime: 0.487832 s

LIBXSMM_VERSION: RT-bct-B-from-vreg-hide-mlatency-1.16.1-1579 (25183787)
LIBXSMM_TARGET: clx
Registry and code: 13 MB
Uptime: 0.462659 s

LIBXSMM_VERSION: RT-bct-B-from-vreg-hide-mlatency-1.16.1-1579 (25183787)
LIBXSMM_TARGET: clx
Registry and code: 13 MB
Uptime: 0.178970 s

LIBXSMM_VERSION: RT-bct-B-from-vreg-hide-mlatency-1.16.1-1579 (25183787)
LIBXSMM_TARGET: clx
Registry and code: 13 MB
Uptime: 0.177297 s

LIBXSMM_VERSION: RT-bct-B-from-vreg-hide-mlatency-1.16.1-1579 (25183787)
LIBXSMM_TARGET: clx
Registry and code: 13 MB
Uptime: 0.180869 s

LIBXSMM_VERSION: RT-bct-B-from-vreg-hide-mlatency-1.16.1-1579 (25183787)
LIBXSMM_TARGET: clx
Registry and code: 13 MB
Uptime: 0.179951 s

LIBXSMM_VERSION: RT-bct-B-from-vreg-hide-mlatency-1.16.1-1579 (25183787)
LIBXSMM_TARGET: clx
Registry and code: 13 MB
Uptime: 0.182325 s

LIBXSMM_VERSION: RT-bct-B-from-vreg-hide-mlatency-1.16.1-1579 (25183787)
LIBXSMM_TARGET: clx
Registry and code: 13 MB
Uptime: 0.183272 s

LIBXSMM_VERSION: RT-bct-B-from-vreg-hide-mlatency-1.16.1-1579 (25183787)
LIBXSMM_TARGET: clx
Registry and code: 13 MB
Uptime: 0.336738 s

LIBXSMM_VERSION: RT-bct-B-from-vreg-hide-mlatency-1.16.1-1579 (25183787)
LIBXSMM_TARGET: clx
Registry and code: 13 MB
Uptime: 0.339424 s

LIBXSMM_VERSION: RT-bct-B-from-vreg-hide-mlatency-1.16.1-1579 (25183787)
LIBXSMM_TARGET: clx
Registry and code: 13 MB
Uptime: 0.340808 s

LIBXSMM_VERSION: RT-bct-B-from-vreg-hide-mlatency-1.16.1-1579 (25183787)
LIBXSMM_TARGET: clx
Registry and code: 13 MB
Uptime: 0.569065 s

LIBXSMM_VERSION: RT-bct-B-from-vreg-hide-mlatency-1.16.1-1579 (25183787)
LIBXSMM_TARGET: clx
Registry and code: 13 MB
Uptime: 0.544087 s

LIBXSMM_VERSION: RT-bct-B-from-vreg-hide-mlatency-1.16.1-1579 (25183787)
LIBXSMM_TARGET: clx
Registry and code: 13 MB
Uptime: 0.496933 s

LIBXSMM_VERSION: RT-bct-B-from-vreg-hide-mlatency-1.16.1-1579 (25183787)
LIBXSMM_TARGET: clx
Registry and code: 13 MB
Uptime: 0.470390 s

LIBXSMM_VERSION: RT-bct-B-from-vreg-hide-mlatency-1.16.1-1579 (25183787)
LIBXSMM_TARGET: clx
Registry and code: 13 MB
Uptime: 0.480345 s

LIBXSMM_VERSION: RT-bct-B-from-vreg-hide-mlatency-1.16.1-1579 (25183787)
LIBXSMM_TARGET: clx
Registry and code: 13 MB
Uptime: 0.458693 s

LIBXSMM_VERSION: RT-bct-B-from-vreg-hide-mlatency-1.16.1-1579 (25183787)
LIBXSMM_TARGET: clx
Registry and code: 13 MB
Uptime: 0.046026 s

LIBXSMM_VERSION: RT-bct-B-from-vreg-hide-mlatency-1.16.1-1579 (25183787)
LIBXSMM_TARGET: clx
Registry and code: 13 MB
Uptime: 0.043538 s

LIBXSMM_VERSION: RT-bct-B-from-vreg-hide-mlatency-1.16.1-1579 (25183787)
LIBXSMM_TARGET: clx
Registry and code: 13 MB
Uptime: 0.043596 s

LIBXSMM_VERSION: RT-bct-B-from-vreg-hide-mlatency-1.16.1-1579 (25183787)
LIBXSMM_TARGET: clx
Registry and code: 13 MB
Uptime: 0.023794 s

LIBXSMM_VERSION: RT-bct-B-from-vreg-hide-mlatency-1.16.1-1579 (25183787)
LIBXSMM_TARGET: clx
Registry and code: 13 MB
Uptime: 0.023675 s

LIBXSMM_VERSION: RT-bct-B-from-vreg-hide-mlatency-1.16.1-1579 (25183787)
LIBXSMM_TARGET: clx
Registry and code: 13 MB
Uptime: 0.024623 s

LIBXSMM_VERSION: RT-bct-B-from-vreg-hide-mlatency-1.16.1-1579 (25183787)
LIBXSMM_TARGET: clx
Registry and code: 13 MB
Uptime: 0.049635 s

LIBXSMM_VERSION: RT-bct-B-from-vreg-hide-mlatency-1.16.1-1579 (25183787)
LIBXSMM_TARGET: clx
Registry and code: 13 MB
Uptime: 0.049396 s

LIBXSMM_VERSION: RT-bct-B-from-vreg-hide-mlatency-1.16.1-1579 (25183787)
LIBXSMM_TARGET: clx
Registry and code: 13 MB
Uptime: 0.053586 s

LIBXSMM_VERSION: RT-bct-B-from-vreg-hide-mlatency-1.16.1-1579 (25183787)
LIBXSMM_TARGET: clx
Registry and code: 13 MB
Uptime: 0.022585 s

LIBXSMM_VERSION: RT-bct-B-from-vreg-hide-mlatency-1.16.1-1579 (25183787)
LIBXSMM_TARGET: clx
Registry and code: 13 MB
Uptime: 0.023014 s

LIBXSMM_VERSION: RT-bct-B-from-vreg-hide-mlatency-1.16.1-1579 (25183787)
LIBXSMM_TARGET: clx
Registry and code: 13 MB
Uptime: 0.024146 s

LIBXSMM_VERSION: RT-bct-B-from-vreg-hide-mlatency-1.16.1-1579 (25183787)
LIBXSMM_TARGET: clx
Registry and code: 13 MB
Uptime: 0.026559 s

LIBXSMM_VERSION: RT-bct-B-from-vreg-hide-mlatency-1.16.1-1579 (25183787)
LIBXSMM_TARGET: clx
Registry and code: 13 MB
Uptime: 0.027108 s

LIBXSMM_VERSION: RT-bct-B-from-vreg-hide-mlatency-1.16.1-1579 (25183787)
LIBXSMM_TARGET: clx
Registry and code: 13 MB
Uptime: 0.026115 s

LIBXSMM_VERSION: RT-bct-B-from-vreg-hide-mlatency-1.16.1-1579 (25183787)
LIBXSMM_TARGET: clx
Registry and code: 13 MB
Uptime: 0.089761 s

LIBXSMM_VERSION: RT-bct-B-from-vreg-hide-mlatency-1.16.1-1579 (25183787)
LIBXSMM_TARGET: clx
Registry and code: 13 MB
Uptime: 0.090218 s

LIBXSMM_VERSION: RT-bct-B-from-vreg-hide-mlatency-1.16.1-1579 (25183787)
LIBXSMM_TARGET: clx
Registry and code: 13 MB
Uptime: 0.091095 s

LIBXSMM_VERSION: RT-bct-B-from-vreg-hide-mlatency-1.16.1-1579 (25183787)
LIBXSMM_TARGET: clx
Registry and code: 13 MB
Uptime: 0.072218 s

LIBXSMM_VERSION: RT-bct-B-from-vreg-hide-mlatency-1.16.1-1579 (25183787)
LIBXSMM_TARGET: clx
Registry and code: 13 MB
Uptime: 0.073760 s

LIBXSMM_VERSION: RT-bct-B-from-vreg-hide-mlatency-1.16.1-1579 (25183787)
LIBXSMM_TARGET: clx
Registry and code: 13 MB
Uptime: 0.068742 s

LIBXSMM_VERSION: RT-bct-B-from-vreg-hide-mlatency-1.16.1-1579 (25183787)
LIBXSMM_TARGET: clx
Registry and code: 13 MB
Uptime: 0.124519 s

LIBXSMM_VERSION: RT-bct-B-from-vreg-hide-mlatency-1.16.1-1579 (25183787)
LIBXSMM_TARGET: clx
Registry and code: 13 MB
Uptime: 0.129000 s

LIBXSMM_VERSION: RT-bct-B-from-vreg-hide-mlatency-1.16.1-1579 (25183787)
LIBXSMM_TARGET: clx
Registry and code: 13 MB
Uptime: 0.129996 s

LIBXSMM_VERSION: RT-bct-B-from-vreg-hide-mlatency-1.16.1-1579 (25183787)
LIBXSMM_TARGET: clx
Registry and code: 13 MB
Uptime: 0.082475 s

LIBXSMM_VERSION: RT-bct-B-from-vreg-hide-mlatency-1.16.1-1579 (25183787)
LIBXSMM_TARGET: clx
Registry and code: 13 MB
Uptime: 0.081255 s

LIBXSMM_VERSION: RT-bct-B-from-vreg-hide-mlatency-1.16.1-1579 (25183787)
LIBXSMM_TARGET: clx
Registry and code: 13 MB
Uptime: 0.079179 s

LIBXSMM_VERSION: RT-bct-B-from-vreg-hide-mlatency-1.16.1-1579 (25183787)
LIBXSMM_TARGET: clx
Registry and code: 13 MB
Uptime: 0.107592 s

LIBXSMM_VERSION: RT-bct-B-from-vreg-hide-mlatency-1.16.1-1579 (25183787)
LIBXSMM_TARGET: clx
Registry and code: 13 MB
Uptime: 0.108927 s

LIBXSMM_VERSION: RT-bct-B-from-vreg-hide-mlatency-1.16.1-1579 (25183787)
LIBXSMM_TARGET: clx
Registry and code: 13 MB
Uptime: 0.108863 s

LIBXSMM_VERSION: RT-bct-B-from-vreg-hide-mlatency-1.16.1-1579 (25183787)
LIBXSMM_TARGET: clx
Registry and code: 13 MB
Uptime: 0.225594 s

LIBXSMM_VERSION: RT-bct-B-from-vreg-hide-mlatency-1.16.1-1579 (25183787)
LIBXSMM_TARGET: clx
Registry and code: 13 MB
Uptime: 0.194234 s

LIBXSMM_VERSION: RT-bct-B-from-vreg-hide-mlatency-1.16.1-1579 (25183787)
LIBXSMM_TARGET: clx
Registry and code: 13 MB
Uptime: 0.157256 s

LIBXSMM_VERSION: RT-bct-B-from-vreg-hide-mlatency-1.16.1-1579 (25183787)
LIBXSMM_TARGET: clx
Registry and code: 13 MB
Uptime: 0.296531 s

LIBXSMM_VERSION: RT-bct-B-from-vreg-hide-mlatency-1.16.1-1579 (25183787)
LIBXSMM_TARGET: clx
Registry and code: 13 MB
Uptime: 0.236490 s

LIBXSMM_VERSION: RT-bct-B-from-vreg-hide-mlatency-1.16.1-1579 (25183787)
LIBXSMM_TARGET: clx
Registry and code: 13 MB
Uptime: 0.190628 s

LIBXSMM_VERSION: RT-bct-B-from-vreg-hide-mlatency-1.16.1-1579 (25183787)
LIBXSMM_TARGET: clx
Registry and code: 13 MB
Uptime: 0.461471 s

LIBXSMM_VERSION: RT-bct-B-from-vreg-hide-mlatency-1.16.1-1579 (25183787)
LIBXSMM_TARGET: clx
Registry and code: 13 MB
Uptime: 0.351668 s

LIBXSMM_VERSION: RT-bct-B-from-vreg-hide-mlatency-1.16.1-1579 (25183787)
LIBXSMM_TARGET: clx
Registry and code: 13 MB
Uptime: 0.292889 s

LIBXSMM_VERSION: RT-bct-B-from-vreg-hide-mlatency-1.16.1-1579 (25183787)
LIBXSMM_TARGET: clx
Registry and code: 13 MB
Uptime: 0.475485 s

LIBXSMM_VERSION: RT-bct-B-from-vreg-hide-mlatency-1.16.1-1579 (25183787)
LIBXSMM_TARGET: clx
Registry and code: 13 MB
Uptime: 0.366357 s

LIBXSMM_VERSION: RT-bct-B-from-vreg-hide-mlatency-1.16.1-1579 (25183787)
LIBXSMM_TARGET: clx
Registry and code: 13 MB
Uptime: 0.305728 s

LIBXSMM_VERSION: RT-bct-B-from-vreg-hide-mlatency-1.16.1-1579 (25183787)
LIBXSMM_TARGET: clx
Registry and code: 13 MB
Uptime: 0.315203 s

LIBXSMM_VERSION: RT-bct-B-from-vreg-hide-mlatency-1.16.1-1579 (25183787)
LIBXSMM_TARGET: clx
Registry and code: 13 MB
Uptime: 0.247470 s

LIBXSMM_VERSION: RT-bct-B-from-vreg-hide-mlatency-1.16.1-1579 (25183787)
LIBXSMM_TARGET: clx
Registry and code: 13 MB
Uptime: 0.222757 s

LIBXSMM_VERSION: RT-bct-B-from-vreg-hide-mlatency-1.16.1-1579 (25183787)
LIBXSMM_TARGET: clx
Registry and code: 13 MB
Uptime: 0.677184 s

LIBXSMM_VERSION: RT-bct-B-from-vreg-hide-mlatency-1.16.1-1579 (25183787)
LIBXSMM_TARGET: clx
Registry and code: 13 MB
Uptime: 0.489632 s

LIBXSMM_VERSION: RT-bct-B-from-vreg-hide-mlatency-1.16.1-1579 (25183787)
LIBXSMM_TARGET: clx
Registry and code: 13 MB
Uptime: 0.417548 s

LIBXSMM_VERSION: RT-bct-B-from-vreg-hide-mlatency-1.16.1-1579 (25183787)
LIBXSMM_TARGET: clx
Registry and code: 13 MB
Uptime: 0.749424 s

LIBXSMM_VERSION: RT-bct-B-from-vreg-hide-mlatency-1.16.1-1579 (25183787)
LIBXSMM_TARGET: clx
Registry and code: 13 MB
Uptime: 0.603777 s

LIBXSMM_VERSION: RT-bct-B-from-vreg-hide-mlatency-1.16.1-1579 (25183787)
LIBXSMM_TARGET: clx
Registry and code: 13 MB
Uptime: 0.488408 s

LIBXSMM_VERSION: RT-bct-B-from-vreg-hide-mlatency-1.16.1-1579 (25183787)
LIBXSMM_TARGET: clx
Registry and code: 13 MB
Uptime: 1.053903 s

LIBXSMM_VERSION: RT-bct-B-from-vreg-hide-mlatency-1.16.1-1579 (25183787)
LIBXSMM_TARGET: clx
Registry and code: 13 MB
Uptime: 0.824621 s

LIBXSMM_VERSION: RT-bct-B-from-vreg-hide-mlatency-1.16.1-1579 (25183787)
LIBXSMM_TARGET: clx
Registry and code: 13 MB
Uptime: 0.703473 s

LIBXSMM_VERSION: RT-bct-B-from-vreg-hide-mlatency-1.16.1-1579 (25183787)
LIBXSMM_TARGET: clx
Registry and code: 13 MB
Uptime: 1.597904 s

LIBXSMM_VERSION: RT-bct-B-from-vreg-hide-mlatency-1.16.1-1579 (25183787)
LIBXSMM_TARGET: clx
Registry and code: 13 MB
Uptime: 1.145974 s

LIBXSMM_VERSION: RT-bct-B-from-vreg-hide-mlatency-1.16.1-1579 (25183787)
LIBXSMM_TARGET: clx
Registry and code: 13 MB
Uptime: 1.058026 s

LIBXSMM_VERSION: RT-bct-B-from-vreg-hide-mlatency-1.16.1-1579 (25183787)
LIBXSMM_TARGET: clx
Registry and code: 13 MB
Uptime: 1.044270 s

LIBXSMM_VERSION: RT-bct-B-from-vreg-hide-mlatency-1.16.1-1579 (25183787)
LIBXSMM_TARGET: clx
Registry and code: 13 MB
Uptime: 0.781113 s

LIBXSMM_VERSION: RT-bct-B-from-vreg-hide-mlatency-1.16.1-1579 (25183787)
LIBXSMM_TARGET: clx
Registry and code: 13 MB
Uptime: 0.671338 s

LIBXSMM_VERSION: RT-bct-B-from-vreg-hide-mlatency-1.16.1-1579 (25183787)
LIBXSMM_TARGET: clx
Registry and code: 13 MB
Uptime: 1.508120 s

LIBXSMM_VERSION: RT-bct-B-from-vreg-hide-mlatency-1.16.1-1579 (25183787)
LIBXSMM_TARGET: clx
Registry and code: 13 MB
Uptime: 1.195325 s

LIBXSMM_VERSION: RT-bct-B-from-vreg-hide-mlatency-1.16.1-1579 (25183787)
LIBXSMM_TARGET: clx
Registry and code: 13 MB
Uptime: 0.942502 s

LIBXSMM_VERSION: RT-bct-B-from-vreg-hide-mlatency-1.16.1-1579 (25183787)
LIBXSMM_TARGET: clx
Registry and code: 13 MB
Uptime: 1.889542 s

LIBXSMM_VERSION: RT-bct-B-from-vreg-hide-mlatency-1.16.1-1579 (25183787)
LIBXSMM_TARGET: clx
Registry and code: 13 MB
Uptime: 1.451268 s

LIBXSMM_VERSION: RT-bct-B-from-vreg-hide-mlatency-1.16.1-1579 (25183787)
LIBXSMM_TARGET: clx
Registry and code: 13 MB
Uptime: 1.359786 s

LIBXSMM_VERSION: RT-bct-B-from-vreg-hide-mlatency-1.16.1-1579 (25183787)
LIBXSMM_TARGET: clx
Registry and code: 13 MB
Uptime: 2.393857 s

LIBXSMM_VERSION: RT-bct-B-from-vreg-hide-mlatency-1.16.1-1579 (25183787)
LIBXSMM_TARGET: clx
Registry and code: 13 MB
Uptime: 1.770147 s

LIBXSMM_VERSION: RT-bct-B-from-vreg-hide-mlatency-1.16.1-1579 (25183787)
LIBXSMM_TARGET: clx
Registry and code: 13 MB
Uptime: 1.488634 s

LIBXSMM_VERSION: RT-bct-B-from-vreg-hide-mlatency-1.16.1-1579 (25183787)
LIBXSMM_TARGET: clx
Registry and code: 13 MB
Uptime: 4.190299 s

LIBXSMM_VERSION: RT-bct-B-from-vreg-hide-mlatency-1.16.1-1579 (25183787)
LIBXSMM_TARGET: clx
Registry and code: 13 MB
Uptime: 3.105631 s

LIBXSMM_VERSION: RT-bct-B-from-vreg-hide-mlatency-1.16.1-1579 (25183787)
LIBXSMM_TARGET: clx
Registry and code: 13 MB
Uptime: 2.866828 s

LIBXSMM_VERSION: RT-bct-B-from-vreg-hide-mlatency-1.16.1-1579 (25183787)
LIBXSMM_TARGET: clx
Registry and code: 13 MB
Uptime: 2.904906 s

LIBXSMM_VERSION: RT-bct-B-from-vreg-hide-mlatency-1.16.1-1579 (25183787)
LIBXSMM_TARGET: clx
Registry and code: 13 MB
Uptime: 2.252574 s

LIBXSMM_VERSION: RT-bct-B-from-vreg-hide-mlatency-1.16.1-1579 (25183787)
LIBXSMM_TARGET: clx
Registry and code: 13 MB
Uptime: 1.767507 s

LIBXSMM_VERSION: RT-bct-B-from-vreg-hide-mlatency-1.16.1-1579 (25183787)
LIBXSMM_TARGET: clx
Registry and code: 13 MB
Uptime: 3.640825 s

LIBXSMM_VERSION: RT-bct-B-from-vreg-hide-mlatency-1.16.1-1579 (25183787)
LIBXSMM_TARGET: clx
Registry and code: 13 MB
Uptime: 2.829609 s

LIBXSMM_VERSION: RT-bct-B-from-vreg-hide-mlatency-1.16.1-1579 (25183787)
LIBXSMM_TARGET: clx
Registry and code: 13 MB
Uptime: 2.664845 s

LIBXSMM_VERSION: RT-bct-B-from-vreg-hide-mlatency-1.16.1-1579 (25183787)
LIBXSMM_TARGET: clx
Registry and code: 13 MB
Uptime: 3.967934 s

LIBXSMM_VERSION: RT-bct-B-from-vreg-hide-mlatency-1.16.1-1579 (25183787)
LIBXSMM_TARGET: clx
Registry and code: 13 MB
Uptime: 3.012987 s

LIBXSMM_VERSION: RT-bct-B-from-vreg-hide-mlatency-1.16.1-1579 (25183787)
LIBXSMM_TARGET: clx
Registry and code: 13 MB
Uptime: 2.835128 s

LIBXSMM_VERSION: RT-bct-B-from-vreg-hide-mlatency-1.16.1-1579 (25183787)
LIBXSMM_TARGET: clx
Registry and code: 13 MB
Uptime: 4.597053 s

LIBXSMM_VERSION: RT-bct-B-from-vreg-hide-mlatency-1.16.1-1579 (25183787)
LIBXSMM_TARGET: clx
Registry and code: 13 MB
Uptime: 3.650307 s

LIBXSMM_VERSION: RT-bct-B-from-vreg-hide-mlatency-1.16.1-1579 (25183787)
LIBXSMM_TARGET: clx
Registry and code: 13 MB
Uptime: 2.880271 s

LIBXSMM_VERSION: RT-bct-B-from-vreg-hide-mlatency-1.16.1-1579 (25183787)
LIBXSMM_TARGET: clx
Registry and code: 13 MB
Uptime: 9.646190 s

LIBXSMM_VERSION: RT-bct-B-from-vreg-hide-mlatency-1.16.1-1579 (25183787)
LIBXSMM_TARGET: clx
Registry and code: 13 MB
Uptime: 7.048488 s

LIBXSMM_VERSION: RT-bct-B-from-vreg-hide-mlatency-1.16.1-1579 (25183787)
LIBXSMM_TARGET: clx
Registry and code: 13 MB
Uptime: 6.975908 s

LIBXSMM_VERSION: RT-bct-B-from-vreg-hide-mlatency-1.16.1-1579 (25183787)
LIBXSMM_TARGET: clx
Registry and code: 13 MB
Uptime: 7.677743 s

LIBXSMM_VERSION: RT-bct-B-from-vreg-hide-mlatency-1.16.1-1579 (25183787)
LIBXSMM_TARGET: clx
Registry and code: 13 MB
Uptime: 6.260400 s

LIBXSMM_VERSION: RT-bct-B-from-vreg-hide-mlatency-1.16.1-1579 (25183787)
LIBXSMM_TARGET: clx
Registry and code: 13 MB
Uptime: 6.376785 s

LIBXSMM_VERSION: RT-bct-B-from-vreg-hide-mlatency-1.16.1-1579 (25183787)
LIBXSMM_TARGET: clx
Registry and code: 13 MB
Uptime: 0.023904 s

LIBXSMM_VERSION: RT-bct-B-from-vreg-hide-mlatency-1.16.1-1579 (25183787)
LIBXSMM_TARGET: clx
Registry and code: 13 MB
Uptime: 0.024877 s

LIBXSMM_VERSION: RT-bct-B-from-vreg-hide-mlatency-1.16.1-1579 (25183787)
LIBXSMM_TARGET: clx
Registry and code: 13 MB
Uptime: 0.023433 s

LIBXSMM_VERSION: RT-bct-B-from-vreg-hide-mlatency-1.16.1-1579 (25183787)
LIBXSMM_TARGET: clx
Registry and code: 13 MB
Uptime: 0.015914 s

LIBXSMM_VERSION: RT-bct-B-from-vreg-hide-mlatency-1.16.1-1579 (25183787)
LIBXSMM_TARGET: clx
Registry and code: 13 MB
Uptime: 0.016554 s

LIBXSMM_VERSION: RT-bct-B-from-vreg-hide-mlatency-1.16.1-1579 (25183787)
LIBXSMM_TARGET: clx
Registry and code: 13 MB
Uptime: 0.015854 s

LIBXSMM_VERSION: RT-bct-B-from-vreg-hide-mlatency-1.16.1-1579 (25183787)
LIBXSMM_TARGET: clx
Registry and code: 13 MB
Uptime: 0.025282 s

LIBXSMM_VERSION: RT-bct-B-from-vreg-hide-mlatency-1.16.1-1579 (25183787)
LIBXSMM_TARGET: clx
Registry and code: 13 MB
Uptime: 0.026504 s

LIBXSMM_VERSION: RT-bct-B-from-vreg-hide-mlatency-1.16.1-1579 (25183787)
LIBXSMM_TARGET: clx
Registry and code: 13 MB
Uptime: 0.025357 s

LIBXSMM_VERSION: RT-bct-B-from-vreg-hide-mlatency-1.16.1-1579 (25183787)
LIBXSMM_TARGET: clx
Registry and code: 13 MB
Uptime: 0.015576 s

LIBXSMM_VERSION: RT-bct-B-from-vreg-hide-mlatency-1.16.1-1579 (25183787)
LIBXSMM_TARGET: clx
Registry and code: 13 MB
Uptime: 0.015428 s

LIBXSMM_VERSION: RT-bct-B-from-vreg-hide-mlatency-1.16.1-1579 (25183787)
LIBXSMM_TARGET: clx
Registry and code: 13 MB
Uptime: 0.015599 s

Finished running in 9.995333333333333ms
Generating and Compiling data/example_mats/quad/p5/gauss-legendre-lobatto/m460.txt
Running data/example_mats/quad/p5/gauss-legendre-lobatto/m460.txt
Finished running in 8.784066666666666ms
Generating and Compiling data/example_mats/quad/p5/gauss-legendre/m0.txt
Running data/example_mats/quad/p5/gauss-legendre/m0.txt
Finished running in 3.2064333333333335ms
Generating and Compiling data/example_mats/quad/p5/gauss-legendre/m3.txt
Running data/example_mats/quad/p5/gauss-legendre/m3.txt
Finished running in 4.013166666666667ms
Generating and Compiling data/example_mats/quad/p5/gauss-legendre/m6.txt
Running data/example_mats/quad/p5/gauss-legendre/m6.txt
Finished running in 7.353833333333333ms
Generating and Compiling data/example_mats/quad/p5/gauss-legendre/m132.txt
Running data/example_mats/quad/p5/gauss-legendre/m132.txt
Finished running in 9.214566666666666ms
Generating and Compiling data/example_mats/quad/p5/gauss-legendre/m460.txt
Running data/example_mats/quad/p5/gauss-legendre/m460.txt
Finished running in 8.996ms
Generating and Compiling data/example_mats/quad/p6/gauss-legendre-lobatto/m0.txt
Running data/example_mats/quad/p6/gauss-legendre-lobatto/m0.txt
Finished running in 2.9322333333333335ms
Generating and Compiling data/example_mats/quad/p6/gauss-legendre-lobatto/m3.txt
Running data/example_mats/quad/p6/gauss-legendre-lobatto/m3.txt
Finished running in 5.380433333333333ms
Generating and Compiling data/example_mats/quad/p6/gauss-legendre-lobatto/m6.txt
Running data/example_mats/quad/p6/gauss-legendre-lobatto/m6.txt
Finished running in 9.982833333333334ms
Generating and Compiling data/example_mats/quad/p6/gauss-legendre-lobatto/m132.txt
Running data/example_mats/quad/p6/gauss-legendre-lobatto/m132.txt
Finished running in 16.165133333333333ms
Generating and Compiling data/example_mats/quad/p6/gauss-legendre-lobatto/m460.txt
Running data/example_mats/quad/p6/gauss-legendre-lobatto/m460.txt
Finished running in 13.911733333333332ms
Generating and Compiling data/example_mats/quad/p6/gauss-legendre/m0.txt
Running data/example_mats/quad/p6/gauss-legendre/m0.txt
Finished running in 5.232233333333334ms
Generating and Compiling data/example_mats/quad/p6/gauss-legendre/m3.txt
Running data/example_mats/quad/p6/gauss-legendre/m3.txt
Finished running in 5.400466666666667ms
Generating and Compiling data/example_mats/quad/p6/gauss-legendre/m6.txt
Running data/example_mats/quad/p6/gauss-legendre/m6.txt
Finished running in 9.879466666666668ms
Generating and Compiling data/example_mats/quad/p6/gauss-legendre/m132.txt
Running data/example_mats/quad/p6/gauss-legendre/m132.txt
Finished running in 16.104966666666666ms
Generating and Compiling data/example_mats/quad/p6/gauss-legendre/m460.txt
Running data/example_mats/quad/p6/gauss-legendre/m460.txt
Finished running in 13.762866666666667ms
Generating and Compiling data/example_mats/tet/p1/shunn-ham/m0.txt
Running data/example_mats/tet/p1/shunn-ham/m0.txt
Finished running in 1.2239666666666666ms
Generating and Compiling data/example_mats/tet/p1/shunn-ham/m3.txt
Running data/example_mats/tet/p1/shunn-ham/m3.txt
Finished running in 0.6390999999999999ms
Generating and Compiling data/example_mats/tet/p1/shunn-ham/m6.txt
Running data/example_mats/tet/p1/shunn-ham/m6.txt
Finished running in 1.3741666666666668ms
Generating and Compiling data/example_mats/tet/p1/shunn-ham/m132.txt
Running data/example_mats/tet/p1/shunn-ham/m132.txt
Finished running in 0.5791333333333333ms
Generating and Compiling data/example_mats/tet/p1/shunn-ham/m460.txt
Running data/example_mats/tet/p1/shunn-ham/m460.txt
Finished running in 0.6647ms
Generating and Compiling data/example_mats/tet/p2/shunn-ham/m0.txt
Running data/example_mats/tet/p2/shunn-ham/m0.txt
Finished running in 2.8762333333333334ms
Generating and Compiling data/example_mats/tet/p2/shunn-ham/m3.txt
Running data/example_mats/tet/p2/shunn-ham/m3.txt
Finished running in 1.3123333333333334ms
Generating and Compiling data/example_mats/tet/p2/shunn-ham/m6.txt
Running data/example_mats/tet/p2/shunn-ham/m6.txt
Finished running in 4.140666666666666ms
Generating and Compiling data/example_mats/tet/p2/shunn-ham/m132.txt
Running data/example_mats/tet/p2/shunn-ham/m132.txt
Finished running in 1.5720666666666667ms
Generating and Compiling data/example_mats/tet/p2/shunn-ham/m460.txt
Running data/example_mats/tet/p2/shunn-ham/m460.txt
Finished running in 3.4561333333333333ms
Generating and Compiling data/example_mats/tet/p3/shunn-ham/m0.txt
Running data/example_mats/tet/p3/shunn-ham/m0.txt
Finished running in 4.660466666666666ms
Generating and Compiling data/example_mats/tet/p3/shunn-ham/m3.txt
Running data/example_mats/tet/p3/shunn-ham/m3.txt
Finished running in 7.111666666666666ms
Generating and Compiling data/example_mats/tet/p3/shunn-ham/m6.txt
Running data/example_mats/tet/p3/shunn-ham/m6.txt
Finished running in 10.078866666666666ms
Generating and Compiling data/example_mats/tet/p3/shunn-ham/m132.txt
Running data/example_mats/tet/p3/shunn-ham/m132.txt
Finished running in 13.6157ms
Generating and Compiling data/example_mats/tet/p3/shunn-ham/m460.txt
Running data/example_mats/tet/p3/shunn-ham/m460.txt
Finished running in 9.123899999999999ms
Generating and Compiling data/example_mats/tet/p4/shunn-ham/m0.txt
Running data/example_mats/tet/p4/shunn-ham/m0.txt
Finished running in 14.2266ms
Generating and Compiling data/example_mats/tet/p4/shunn-ham/m3.txt
Running data/example_mats/tet/p4/shunn-ham/m3.txt
Finished running in 19.4316ms
Generating and Compiling data/example_mats/tet/p4/shunn-ham/m6.txt
Running data/example_mats/tet/p4/shunn-ham/m6.txt
Finished running in 22.743666666666666ms
Generating and Compiling data/example_mats/tet/p4/shunn-ham/m132.txt
Running data/example_mats/tet/p4/shunn-ham/m132.txt
Finished running in 38.765800000000006ms
Generating and Compiling data/example_mats/tet/p4/shunn-ham/m460.txt
Running data/example_mats/tet/p4/shunn-ham/m460.txt
Finished running in 19.551ms
Generating and Compiling data/example_mats/tet/p5/shunn-ham/m0.txt
Running data/example_mats/tet/p5/shunn-ham/m0.txt
Finished running in 30.33216666666667ms
Generating and Compiling data/example_mats/tet/p5/shunn-ham/m3.txt
Running data/example_mats/tet/p5/shunn-ham/m3.txt
Finished running in 38.9753ms
Generating and Compiling data/example_mats/tet/p5/shunn-ham/m6.txt
Running data/example_mats/tet/p5/shunn-ham/m6.txt
Finished running in 77.29703333333333ms
Generating and Compiling data/example_mats/tet/p5/shunn-ham/m132.txt
Running data/example_mats/tet/p5/shunn-ham/m132.txt
Finished running in 77.96563333333333ms
Generating and Compiling data/example_mats/tet/p5/shunn-ham/m460.txt
Running data/example_mats/tet/p5/shunn-ham/m460.txt
Finished running in 53.1138ms
Generating and Compiling data/example_mats/tet/p6/shunn-ham/m0.txt
Running data/example_mats/tet/p6/shunn-ham/m0.txt
Finished running in 57.864866666666664ms
Generating and Compiling data/example_mats/tet/p6/shunn-ham/m3.txt
Running data/example_mats/tet/p6/shunn-ham/m3.txt
Finished running in 63.128566666666664ms
Generating and Compiling data/example_mats/tet/p6/shunn-ham/m6.txt
Running data/example_mats/tet/p6/shunn-ham/m6.txt
Finished running in 132.65543333333332ms
Generating and Compiling data/example_mats/tet/p6/shunn-ham/m132.txt
Running data/example_mats/tet/p6/shunn-ham/m132.txt
Finished running in 138.91246666666666ms
Generating and Compiling data/example_mats/tet/p6/shunn-ham/m460.txt
Running data/example_mats/tet/p6/shunn-ham/m460.txt
Finished running in 102.71149999999999ms
Generating and Compiling data/example_mats/tri/p1/williams-shunn/m0.txt
Running data/example_mats/tri/p1/williams-shunn/m0.txt
Finished running in 0.6598ms
Generating and Compiling data/example_mats/tri/p1/williams-shunn/m3.txt
Running data/example_mats/tri/p1/williams-shunn/m3.txt
Finished running in 0.3912333333333333ms
Generating and Compiling data/example_mats/tri/p1/williams-shunn/m6.txt
Running data/example_mats/tri/p1/williams-shunn/m6.txt
Finished running in 0.6805666666666668ms
Generating and Compiling data/example_mats/tri/p1/williams-shunn/m132.txt
Running data/example_mats/tri/p1/williams-shunn/m132.txt
Finished running in
LIBXSMM_VERSION: RT-bct-B-from-vreg-hide-mlatency-1.16.1-1579 (25183787)
LIBXSMM_TARGET: clx
Registry and code: 13 MB
Uptime: 0.017843 s

LIBXSMM_VERSION: RT-bct-B-from-vreg-hide-mlatency-1.16.1-1579 (25183787)
LIBXSMM_TARGET: clx
Registry and code: 13 MB
Uptime: 0.017422 s

LIBXSMM_VERSION: RT-bct-B-from-vreg-hide-mlatency-1.16.1-1579 (25183787)
LIBXSMM_TARGET: clx
Registry and code: 13 MB
Uptime: 0.018847 s

LIBXSMM_VERSION: RT-bct-B-from-vreg-hide-mlatency-1.16.1-1579 (25183787)
LIBXSMM_TARGET: clx
Registry and code: 13 MB
Uptime: 0.035438 s

LIBXSMM_VERSION: RT-bct-B-from-vreg-hide-mlatency-1.16.1-1579 (25183787)
LIBXSMM_TARGET: clx
Registry and code: 13 MB
Uptime: 0.035639 s

LIBXSMM_VERSION: RT-bct-B-from-vreg-hide-mlatency-1.16.1-1579 (25183787)
LIBXSMM_TARGET: clx
Registry and code: 13 MB
Uptime: 0.035456 s

LIBXSMM_VERSION: RT-bct-B-from-vreg-hide-mlatency-1.16.1-1579 (25183787)
LIBXSMM_TARGET: clx
Registry and code: 13 MB
Uptime: 0.028368 s

LIBXSMM_VERSION: RT-bct-B-from-vreg-hide-mlatency-1.16.1-1579 (25183787)
LIBXSMM_TARGET: clx
Registry and code: 13 MB
Uptime: 0.028407 s

LIBXSMM_VERSION: RT-bct-B-from-vreg-hide-mlatency-1.16.1-1579 (25183787)
LIBXSMM_TARGET: clx
Registry and code: 13 MB
Uptime: 0.028240 s

LIBXSMM_VERSION: RT-bct-B-from-vreg-hide-mlatency-1.16.1-1579 (25183787)
LIBXSMM_TARGET: clx
Registry and code: 13 MB
Uptime: 0.048757 s

LIBXSMM_VERSION: RT-bct-B-from-vreg-hide-mlatency-1.16.1-1579 (25183787)
LIBXSMM_TARGET: clx
Registry and code: 13 MB
Uptime: 0.048710 s

LIBXSMM_VERSION: RT-bct-B-from-vreg-hide-mlatency-1.16.1-1579 (25183787)
LIBXSMM_TARGET: clx
Registry and code: 13 MB
Uptime: 0.048128 s

LIBXSMM_VERSION: RT-bct-B-from-vreg-hide-mlatency-1.16.1-1579 (25183787)
LIBXSMM_TARGET: clx
Registry and code: 13 MB
Uptime: 0.030306 s

LIBXSMM_VERSION: RT-bct-B-from-vreg-hide-mlatency-1.16.1-1579 (25183787)
LIBXSMM_TARGET: clx
Registry and code: 13 MB
Uptime: 0.030499 s

LIBXSMM_VERSION: RT-bct-B-from-vreg-hide-mlatency-1.16.1-1579 (25183787)
LIBXSMM_TARGET: clx
Registry and code: 13 MB
Uptime: 0.030840 s

LIBXSMM_VERSION: RT-bct-B-from-vreg-hide-mlatency-1.16.1-1579 (25183787)
LIBXSMM_TARGET: clx
Registry and code: 13 MB
Uptime: 0.046181 s

LIBXSMM_VERSION: RT-bct-B-from-vreg-hide-mlatency-1.16.1-1579 (25183787)
LIBXSMM_TARGET: clx
Registry and code: 13 MB
Uptime: 0.045065 s

LIBXSMM_VERSION: RT-bct-B-from-vreg-hide-mlatency-1.16.1-1579 (25183787)
LIBXSMM_TARGET: clx
Registry and code: 13 MB
Uptime: 0.044877 s

LIBXSMM_VERSION: RT-bct-B-from-vreg-hide-mlatency-1.16.1-1579 (25183787)
LIBXSMM_TARGET: clx
Registry and code: 13 MB
Uptime: 0.050145 s

LIBXSMM_VERSION: RT-bct-B-from-vreg-hide-mlatency-1.16.1-1579 (25183787)
LIBXSMM_TARGET: clx
Registry and code: 13 MB
Uptime: 0.049689 s

LIBXSMM_VERSION: RT-bct-B-from-vreg-hide-mlatency-1.16.1-1579 (25183787)
LIBXSMM_TARGET: clx
Registry and code: 13 MB
Uptime: 0.051529 s

LIBXSMM_VERSION: RT-bct-B-from-vreg-hide-mlatency-1.16.1-1579 (25183787)
LIBXSMM_TARGET: clx
Registry and code: 13 MB
Uptime: 0.044179 s

LIBXSMM_VERSION: RT-bct-B-from-vreg-hide-mlatency-1.16.1-1579 (25183787)
LIBXSMM_TARGET: clx
Registry and code: 13 MB
Uptime: 0.044698 s

LIBXSMM_VERSION: RT-bct-B-from-vreg-hide-mlatency-1.16.1-1579 (25183787)
LIBXSMM_TARGET: clx
Registry and code: 13 MB
Uptime: 0.045936 s

LIBXSMM_VERSION: RT-bct-B-from-vreg-hide-mlatency-1.16.1-1579 (25183787)
LIBXSMM_TARGET: clx
Registry and code: 13 MB
Uptime: 0.075262 s

LIBXSMM_VERSION: RT-bct-B-from-vreg-hide-mlatency-1.16.1-1579 (25183787)
LIBXSMM_TARGET: clx
Registry and code: 13 MB
Uptime: 0.076331 s

LIBXSMM_VERSION: RT-bct-B-from-vreg-hide-mlatency-1.16.1-1579 (25183787)
LIBXSMM_TARGET: clx
Registry and code: 13 MB
Uptime: 0.078069 s

LIBXSMM_VERSION: RT-bct-B-from-vreg-hide-mlatency-1.16.1-1579 (25183787)
LIBXSMM_TARGET: clx
Registry and code: 13 MB
Uptime: 0.062722 s

LIBXSMM_VERSION: RT-bct-B-from-vreg-hide-mlatency-1.16.1-1579 (25183787)
LIBXSMM_TARGET: clx
Registry and code: 13 MB
Uptime: 0.060315 s

LIBXSMM_VERSION: RT-bct-B-from-vreg-hide-mlatency-1.16.1-1579 (25183787)
LIBXSMM_TARGET: clx
Registry and code: 13 MB
Uptime: 0.058136 s

LIBXSMM_VERSION: RT-bct-B-from-vreg-hide-mlatency-1.16.1-1579 (25183787)
LIBXSMM_TARGET: clx
Registry and code: 13 MB
Uptime: 0.074896 s

LIBXSMM_VERSION: RT-bct-B-from-vreg-hide-mlatency-1.16.1-1579 (25183787)
LIBXSMM_TARGET: clx
Registry and code: 13 MB
Uptime: 0.079343 s

LIBXSMM_VERSION: RT-bct-B-from-vreg-hide-mlatency-1.16.1-1579 (25183787)
LIBXSMM_TARGET: clx
Registry and code: 13 MB
Uptime: 0.077422 s

LIBXSMM_VERSION: RT-bct-B-from-vreg-hide-mlatency-1.16.1-1579 (25183787)
LIBXSMM_TARGET: clx
Registry and code: 13 MB
Uptime: 0.068293 s

LIBXSMM_VERSION: RT-bct-B-from-vreg-hide-mlatency-1.16.1-1579 (25183787)
LIBXSMM_TARGET: clx
Registry and code: 13 MB
Uptime: 0.069401 s

LIBXSMM_VERSION: RT-bct-B-from-vreg-hide-mlatency-1.16.1-1579 (25183787)
LIBXSMM_TARGET: clx
Registry and code: 13 MB
Uptime: 0.068491 s

LIBXSMM_VERSION: RT-bct-B-from-vreg-hide-mlatency-1.16.1-1579 (25183787)
LIBXSMM_TARGET: clx
Registry and code: 13 MB
Uptime: 0.070071 s

LIBXSMM_VERSION: RT-bct-B-from-vreg-hide-mlatency-1.16.1-1579 (25183787)
LIBXSMM_TARGET: clx
Registry and code: 13 MB
Uptime: 0.069387 s

LIBXSMM_VERSION: RT-bct-B-from-vreg-hide-mlatency-1.16.1-1579 (25183787)
LIBXSMM_TARGET: clx
Registry and code: 13 MB
Uptime: 0.068252 s

LIBXSMM_VERSION: RT-bct-B-from-vreg-hide-mlatency-1.16.1-1579 (25183787)
LIBXSMM_TARGET: clx
Registry and code: 13 MB
Uptime: 0.115494 s

LIBXSMM_VERSION: RT-bct-B-from-vreg-hide-mlatency-1.16.1-1579 (25183787)
LIBXSMM_TARGET: clx
Registry and code: 13 MB
Uptime: 0.118425 s

LIBXSMM_VERSION: RT-bct-B-from-vreg-hide-mlatency-1.16.1-1579 (25183787)
LIBXSMM_TARGET: clx
Registry and code: 13 MB
Uptime: 0.115993 s

LIBXSMM_VERSION: RT-bct-B-from-vreg-hide-mlatency-1.16.1-1579 (25183787)
LIBXSMM_TARGET: clx
Registry and code: 13 MB
Uptime: 0.133269 s

LIBXSMM_VERSION: RT-bct-B-from-vreg-hide-mlatency-1.16.1-1579 (25183787)
LIBXSMM_TARGET: clx
Registry and code: 13 MB
Uptime: 0.121359 s

LIBXSMM_VERSION: RT-bct-B-from-vreg-hide-mlatency-1.16.1-1579 (25183787)
LIBXSMM_TARGET: clx
Registry and code: 13 MB
Uptime: 0.111580 s

LIBXSMM_VERSION: RT-bct-B-from-vreg-hide-mlatency-1.16.1-1579 (25183787)
LIBXSMM_TARGET: clx
Registry and code: 13 MB
Uptime: 0.125783 s

LIBXSMM_VERSION: RT-bct-B-from-vreg-hide-mlatency-1.16.1-1579 (25183787)
LIBXSMM_TARGET: clx
Registry and code: 13 MB
Uptime: 0.120547 s

LIBXSMM_VERSION: RT-bct-B-from-vreg-hide-mlatency-1.16.1-1579 (25183787)
LIBXSMM_TARGET: clx
Registry and code: 13 MB
Uptime: 0.119952 s

LIBXSMM_VERSION: RT-bct-B-from-vreg-hide-mlatency-1.16.1-1579 (25183787)
LIBXSMM_TARGET: clx
Registry and code: 13 MB
Uptime: 0.114135 s

LIBXSMM_VERSION: RT-bct-B-from-vreg-hide-mlatency-1.16.1-1579 (25183787)
LIBXSMM_TARGET: clx
Registry and code: 13 MB
Uptime: 0.102707 s

LIBXSMM_VERSION: RT-bct-B-from-vreg-hide-mlatency-1.16.1-1579 (25183787)
LIBXSMM_TARGET: clx
Registry and code: 13 MB
Uptime: 0.092357 s

LIBXSMM_VERSION: RT-bct-B-from-vreg-hide-mlatency-1.16.1-1579 (25183787)
LIBXSMM_TARGET: clx
Registry and code: 13 MB
Uptime: 0.115747 s

LIBXSMM_VERSION: RT-bct-B-from-vreg-hide-mlatency-1.16.1-1579 (25183787)
LIBXSMM_TARGET: clx
Registry and code: 13 MB
Uptime: 0.101954 s

LIBXSMM_VERSION: RT-bct-B-from-vreg-hide-mlatency-1.16.1-1579 (25183787)
LIBXSMM_TARGET: clx
Registry and code: 13 MB
Uptime: 0.096228 s

LIBXSMM_VERSION: RT-bct-B-from-vreg-hide-mlatency-1.16.1-1579 (25183787)
LIBXSMM_TARGET: clx
Registry and code: 13 MB
Uptime: 0.170143 s

LIBXSMM_VERSION: RT-bct-B-from-vreg-hide-mlatency-1.16.1-1579 (25183787)
LIBXSMM_TARGET: clx
Registry and code: 13 MB
Uptime: 0.164258 s

LIBXSMM_VERSION: RT-bct-B-from-vreg-hide-mlatency-1.16.1-1579 (25183787)
LIBXSMM_TARGET: clx
Registry and code: 13 MB
Uptime: 0.165762 s

LIBXSMM_VERSION: RT-bct-B-from-vreg-hide-mlatency-1.16.1-1579 (25183787)
LIBXSMM_TARGET: clx
Registry and code: 13 MB
Uptime: 0.322817 s

LIBXSMM_VERSION: RT-bct-B-from-vreg-hide-mlatency-1.16.1-1579 (25183787)
LIBXSMM_TARGET: clx
Registry and code: 13 MB
Uptime: 0.270762 s

LIBXSMM_VERSION: RT-bct-B-from-vreg-hide-mlatency-1.16.1-1579 (25183787)
LIBXSMM_TARGET: clx
Registry and code: 13 MB
Uptime: 0.213425 s

LIBXSMM_VERSION: RT-bct-B-from-vreg-hide-mlatency-1.16.1-1579 (25183787)
LIBXSMM_TARGET: clx
Registry and code: 13 MB
Uptime: 0.244523 s

LIBXSMM_VERSION: RT-bct-B-from-vreg-hide-mlatency-1.16.1-1579 (25183787)
LIBXSMM_TARGET: clx
Registry and code: 13 MB
Uptime: 0.208758 s

LIBXSMM_VERSION: RT-bct-B-from-vreg-hide-mlatency-1.16.1-1579 (25183787)
LIBXSMM_TARGET: clx
Registry and code: 13 MB
Uptime: 0.173513 s

LIBXSMM_VERSION: RT-bct-B-from-vreg-hide-mlatency-1.16.1-1579 (25183787)
LIBXSMM_TARGET: clx
Registry and code: 13 MB
Uptime: 0.176016 s

LIBXSMM_VERSION: RT-bct-B-from-vreg-hide-mlatency-1.16.1-1579 (25183787)
LIBXSMM_TARGET: clx
Registry and code: 13 MB
Uptime: 0.154478 s

LIBXSMM_VERSION: RT-bct-B-from-vreg-hide-mlatency-1.16.1-1579 (25183787)
LIBXSMM_TARGET: clx
Registry and code: 13 MB
Uptime: 0.137760 s

LIBXSMM_VERSION: RT-bct-B-from-vreg-hide-mlatency-1.16.1-1579 (25183787)
LIBXSMM_TARGET: clx
Registry and code: 13 MB
Uptime: 0.170620 s

LIBXSMM_VERSION: RT-bct-B-from-vreg-hide-mlatency-1.16.1-1579 (25183787)
LIBXSMM_TARGET: clx
Registry and code: 13 MB
Uptime: 0.147639 s

LIBXSMM_VERSION: RT-bct-B-from-vreg-hide-mlatency-1.16.1-1579 (25183787)
LIBXSMM_TARGET: clx
Registry and code: 13 MB
Uptime: 0.133820 s

LIBXSMM_VERSION: RT-bct-B-from-vreg-hide-mlatency-1.16.1-1579 (25183787)
LIBXSMM_TARGET: clx
Registry and code: 13 MB
Uptime: 0.236194 s

LIBXSMM_VERSION: RT-bct-B-from-vreg-hide-mlatency-1.16.1-1579 (25183787)
LIBXSMM_TARGET: clx
Registry and code: 13 MB
Uptime: 0.223597 s

LIBXSMM_VERSION: RT-bct-B-from-vreg-hide-mlatency-1.16.1-1579 (25183787)
LIBXSMM_TARGET: clx
Registry and code: 13 MB
Uptime: 0.208141 s

LIBXSMM_VERSION: RT-bct-B-from-vreg-hide-mlatency-1.16.1-1579 (25183787)
LIBXSMM_TARGET: clx
Registry and code: 13 MB
Uptime: 0.602406 s

LIBXSMM_VERSION: RT-bct-B-from-vreg-hide-mlatency-1.16.1-1579 (25183787)
LIBXSMM_TARGET: clx
Registry and code: 13 MB
Uptime: 0.476652 s

LIBXSMM_VERSION: RT-bct-B-from-vreg-hide-mlatency-1.16.1-1579 (25183787)
LIBXSMM_TARGET: clx
Registry and code: 13 MB
Uptime: 0.399397 s

LIBXSMM_VERSION: RT-bct-B-from-vreg-hide-mlatency-1.16.1-1579 (25183787)
LIBXSMM_TARGET: clx
Registry and code: 13 MB
Uptime: 0.428379 s

LIBXSMM_VERSION: RT-bct-B-from-vreg-hide-mlatency-1.16.1-1579 (25183787)
LIBXSMM_TARGET: clx
Registry and code: 13 MB
Uptime: 0.342482 s

LIBXSMM_VERSION: RT-bct-B-from-vreg-hide-mlatency-1.16.1-1579 (25183787)
LIBXSMM_TARGET: clx
Registry and code: 13 MB
Uptime: 0.310351 s
 0.36396666666666666ms
Generating and Compiling data/example_mats/tri/p1/williams-shunn/m460.txt
Running data/example_mats/tri/p1/williams-shunn/m460.txt
Finished running in 0.41296666666666665ms
Generating and Compiling data/example_mats/tri/p2/williams-shunn/m0.txt
Running data/example_mats/tri/p2/williams-shunn/m0.txt
Finished running in 0.9835666666666667ms
Generating and Compiling data/example_mats/tri/p2/williams-shunn/m3.txt
Running data/example_mats/tri/p2/williams-shunn/m3.txt
Finished running in 0.8264333333333334ms
Generating and Compiling data/example_mats/tri/p2/williams-shunn/m6.txt
Running data/example_mats/tri/p2/williams-shunn/m6.txt
Finished running in 1.3761666666666665ms
Generating and Compiling data/example_mats/tri/p2/williams-shunn/m132.txt
Running data/example_mats/tri/p2/williams-shunn/m132.txt
Finished running in 0.9189ms
Generating and Compiling data/example_mats/tri/p2/williams-shunn/m460.txt
Running data/example_mats/tri/p2/williams-shunn/m460.txt
Finished running in 1.2991666666666668ms
Generating and Compiling data/example_mats/tri/p3/williams-shunn/m0.txt
Running data/example_mats/tri/p3/williams-shunn/m0.txt
Finished running in 1.5258ms
Generating and Compiling data/example_mats/tri/p3/williams-shunn/m3.txt
Running data/example_mats/tri/p3/williams-shunn/m3.txt
Finished running in 1.3944333333333332ms
Generating and Compiling data/example_mats/tri/p3/williams-shunn/m6.txt
Running data/example_mats/tri/p3/williams-shunn/m6.txt
Finished running in 2.2998333333333334ms
Generating and Compiling data/example_mats/tri/p3/williams-shunn/m132.txt
Running data/example_mats/tri/p3/williams-shunn/m132.txt
Finished running in 1.9077666666666666ms
Generating and Compiling data/example_mats/tri/p3/williams-shunn/m460.txt
Running data/example_mats/tri/p3/williams-shunn/m460.txt
Finished running in 2.391366666666667ms
Generating and Compiling data/example_mats/tri/p4/williams-shunn/m0.txt
Running data/example_mats/tri/p4/williams-shunn/m0.txt
Finished running in 2.278766666666667ms
Generating and Compiling data/example_mats/tri/p4/williams-shunn/m3.txt
Running data/example_mats/tri/p4/williams-shunn/m3.txt
Finished running in 2.2967333333333335ms
Generating and Compiling data/example_mats/tri/p4/williams-shunn/m6.txt
Running data/example_mats/tri/p4/williams-shunn/m6.txt
Finished running in 3.690933333333333ms
Generating and Compiling data/example_mats/tri/p4/williams-shunn/m132.txt
Running data/example_mats/tri/p4/williams-shunn/m132.txt
Finished running in 2.6619666666666664ms
Generating and Compiling data/example_mats/tri/p4/williams-shunn/m460.txt
Running data/example_mats/tri/p4/williams-shunn/m460.txt
Finished running in 3.5032666666666668ms
Generating and Compiling data/example_mats/tri/p5/williams-shunn/m0.txt
Running data/example_mats/tri/p5/williams-shunn/m0.txt
Finished running in 2.357766666666667ms
Generating and Compiling data/example_mats/tri/p5/williams-shunn/m3.txt
Running data/example_mats/tri/p5/williams-shunn/m3.txt
Finished running in 2.4534333333333334ms
Generating and Compiling data/example_mats/tri/p5/williams-shunn/m6.txt
Running data/example_mats/tri/p5/williams-shunn/m6.txt
Finished running in 6.004566666666666ms
Generating and Compiling data/example_mats/tri/p5/williams-shunn/m132.txt
Running data/example_mats/tri/p5/williams-shunn/m132.txt
Finished running in 8.766266666666667ms
Generating and Compiling data/example_mats/tri/p5/williams-shunn/m460.txt
Running data/example_mats/tri/p5/williams-shunn/m460.txt
Finished running in 4.931166666666665ms
Generating and Compiling data/example_mats/tri/p6/williams-shunn/m0.txt
Running data/example_mats/tri/p6/williams-shunn/m0.txt
Finished running in 3.0006333333333335ms
Generating and Compiling data/example_mats/tri/p6/williams-shunn/m3.txt
Running data/example_mats/tri/p6/williams-shunn/m3.txt
Finished running in 3.8789333333333333ms
Generating and Compiling data/example_mats/tri/p6/williams-shunn/m6.txt
Running data/example_mats/tri/p6/williams-shunn/m6.txt
Finished running in 8.874066666666666ms
Generating and Compiling data/example_mats/tri/p6/williams-shunn/m132.txt
Running data/example_mats/tri/p6/williams-shunn/m132.txt
Finished running in 18.611933333333333ms
Generating and Compiling data/example_mats/tri/p6/williams-shunn/m460.txt
Running data/example_mats/tri/p6/williams-shunn/m460.txt
Finished running in 8.663766666666668ms
Traceback (most recent call last):
  File "src/benchmark/benchmark.py", line 162, in <module>
    print("Average speedup (best) of custom over reference {}".format(sum(speedups_best_over_ref)/len(speedups_best_over_ref)))
TypeError: unsupported operand type(s) for +: 'int' and 'NoneType'
