
LIBXSMM_VERSION: RT-bct-B-from-vreg-hide-mlatency-1.16.1-1579 (25183787)
LIBXSMM_TARGET: clx
Registry and code: 13 MB
Uptime: 0.036088 s

LIBXSMM_VERSION: RT-bct-B-from-vreg-hide-mlatency-1.16.1-1579 (25183787)
LIBXSMM_TARGET: clx
Registry and code: 13 MB
Uptime: 0.035902 s

LIBXSMM_VERSION: RT-bct-B-from-vreg-hide-mlatency-1.16.1-1579 (25183787)
LIBXSMM_TARGET: clx
Registry and code: 13 MB
Uptime: 0.036302 s

LIBXSMM_VERSION: RT-bct-B-from-vreg-hide-mlatency-1.16.1-1579 (25183787)
LIBXSMM_TARGET: clx
Registry and code: 13 MB
Uptime: 0.019376 s

LIBXSMM_VERSION: RT-bct-B-from-vreg-hide-mlatency-1.16.1-1579 (25183787)
LIBXSMM_TARGET: clx
Registry and code: 13 MB
Uptime: 0.019641 s

LIBXSMM_VERSION: RT-bct-B-from-vreg-hide-mlatency-1.16.1-1579 (25183787)
LIBXSMM_TARGET: clx
Registry and code: 13 MB
Uptime: 0.020288 s

LIBXSMM_VERSION: RT-bct-B-from-vreg-hide-mlatency-1.16.1-1579 (25183787)
LIBXSMM_TARGET: clx
Registry and code: 13 MB
Uptime: 0.040254 s

LIBXSMM_VERSION: RT-bct-B-from-vreg-hide-mlatency-1.16.1-1579 (25183787)
LIBXSMM_TARGET: clx
Registry and code: 13 MB
Uptime: 0.040242 s

LIBXSMM_VERSION: RT-bct-B-from-vreg-hide-mlatency-1.16.1-1579 (25183787)
LIBXSMM_TARGET: clx
Registry and code: 13 MB
Uptime: 0.040617 s

LIBXSMM_VERSION: RT-bct-B-from-vreg-hide-mlatency-1.16.1-1579 (25183787)
LIBXSMM_TARGET: clx
Registry and code: 13 MB
Uptime: 0.019577 s

LIBXSMM_VERSION: RT-bct-B-from-vreg-hide-mlatency-1.16.1-1579 (25183787)
LIBXSMM_TARGET: clx
Registry and code: 13 MB
Uptime: 0.020015 s

LIBXSMM_VERSION: RT-bct-B-from-vreg-hide-mlatency-1.16.1-1579 (25183787)
LIBXSMM_TARGET: clx
Registry and code: 13 MB
Uptime: 0.020803 s

LIBXSMM_VERSION: RT-bct-B-from-vreg-hide-mlatency-1.16.1-1579 (25183787)
LIBXSMM_TARGET: clx
Registry and code: 13 MB
Uptime: 0.036034 s

LIBXSMM_VERSION: RT-bct-B-from-vreg-hide-mlatency-1.16.1-1579 (25183787)
LIBXSMM_TARGET: clx
Registry and code: 13 MB
Uptime: 0.035914 s

LIBXSMM_VERSION: RT-bct-B-from-vreg-hide-mlatency-1.16.1-1579 (25183787)
LIBXSMM_TARGET: clx
Registry and code: 13 MB
Uptime: 0.035988 s

LIBXSMM_VERSION: RT-bct-B-from-vreg-hide-mlatency-1.16.1-1579 (25183787)
LIBXSMM_TARGET: clx
Registry and code: 13 MB
Uptime: 0.080982 s

LIBXSMM_VERSION: RT-bct-B-from-vreg-hide-mlatency-1.16.1-1579 (25183787)
LIBXSMM_TARGET: clx
Registry and code: 13 MB
Uptime: 0.080953 s

LIBXSMM_VERSION: RT-bct-B-from-vreg-hide-mlatency-1.16.1-1579 (25183787)
LIBXSMM_TARGET: clx
Registry and code: 13 MB
Uptime: 0.081105 s

LIBXSMM_VERSION: RT-bct-B-from-vreg-hide-mlatency-1.16.1-1579 (25183787)
LIBXSMM_TARGET: clx
Registry and code: 13 MB
Uptime: 0.065718 s

LIBXSMM_VERSION: RT-bct-B-from-vreg-hide-mlatency-1.16.1-1579 (25183787)
LIBXSMM_TARGET: clx
Registry and code: 13 MB
Uptime: 0.066603 s

LIBXSMM_VERSION: RT-bct-B-from-vreg-hide-mlatency-1.16.1-1579 (25183787)
LIBXSMM_TARGET: clx
Registry and code: 13 MB
Uptime: 0.069247 s

LIBXSMM_VERSION: RT-bct-B-from-vreg-hide-mlatency-1.16.1-1579 (25183787)
LIBXSMM_TARGET: clx
Registry and code: 13 MB
Uptime: 0.140535 s

LIBXSMM_VERSION: RT-bct-B-from-vreg-hide-mlatency-1.16.1-1579 (25183787)
LIBXSMM_TARGET: clx
Registry and code: 13 MB
Uptime: 0.139032 s

LIBXSMM_VERSION: RT-bct-B-from-vreg-hide-mlatency-1.16.1-1579 (25183787)
LIBXSMM_TARGET: clx
Registry and code: 13 MB
Uptime: 0.140928 s

LIBXSMM_VERSION: RT-bct-B-from-vreg-hide-mlatency-1.16.1-1579 (25183787)
LIBXSMM_TARGET: clx
Registry and code: 13 MB
Uptime: 0.087385 s

LIBXSMM_VERSION: RT-bct-B-from-vreg-hide-mlatency-1.16.1-1579 (25183787)
LIBXSMM_TARGET: clx
Registry and code: 13 MB
Uptime: 0.089066 s

LIBXSMM_VERSION: RT-bct-B-from-vreg-hide-mlatency-1.16.1-1579 (25183787)
LIBXSMM_TARGET: clx
Registry and code: 13 MB
Uptime: 0.092875 s

LIBXSMM_VERSION: RT-bct-B-from-vreg-hide-mlatency-1.16.1-1579 (25183787)
LIBXSMM_TARGET: clx
Registry and code: 13 MB
Uptime: 0.116864 s

LIBXSMM_VERSION: RT-bct-B-from-vreg-hide-mlatency-1.16.1-1579 (25183787)
LIBXSMM_TARGET: clx
Registry and code: 13 MB
Uptime: 0.117385 s

LIBXSMM_VERSION: RT-bct-B-from-vreg-hide-mlatency-1.16.1-1579 (25183787)
LIBXSMM_TARGET: clx
Registry and code: 13 MB
Uptime: 0.118415 s

LIBXSMM_VERSION: RT-bct-B-from-vreg-hide-mlatency-1.16.1-1579 (25183787)
LIBXSMM_TARGET: clx
Registry and code: 13 MB
Uptime: 0.081460 s

LIBXSMM_VERSION: RT-bct-B-from-vreg-hide-mlatency-1.16.1-1579 (25183787)
LIBXSMM_TARGET: clx
Registry and code: 13 MB
Uptime: 0.082197 s

LIBXSMM_VERSION: RT-bct-B-from-vreg-hide-mlatency-1.16.1-1579 (25183787)
LIBXSMM_TARGET: clx
Registry and code: 13 MB
Uptime: 0.083016 s

LIBXSMM_VERSION: RT-bct-B-from-vreg-hide-mlatency-1.16.1-1579 (25183787)
LIBXSMM_TARGET: clx
Registry and code: 13 MB
Uptime: 0.065565 s

LIBXSMM_VERSION: RT-bct-B-from-vreg-hide-mlatency-1.16.1-1579 (25183787)
LIBXSMM_TARGET: clx
Registry and code: 13 MB
Uptime: 0.065999 s

LIBXSMM_VERSION: RT-bct-B-from-vreg-hide-mlatency-1.16.1-1579 (25183787)
LIBXSMM_TARGET: clx
Registry and code: 13 MB
Uptime: 0.068764 s

LIBXSMM_VERSION: RT-bct-B-from-vreg-hide-mlatency-1.16.1-1579 (25183787)
LIBXSMM_TARGET: clx
Registry and code: 13 MB
Uptime: 0.138044 s

LIBXSMM_VERSION: RT-bct-B-from-vreg-hide-mlatency-1.16.1-1579 (25183787)
LIBXSMM_TARGET: clx
Registry and code: 13 MB
Uptime: 0.138200 s

LIBXSMM_VERSION: RT-bct-B-from-vreg-hide-mlatency-1.16.1-1579 (25183787)
LIBXSMM_TARGET: clx
Registry and code: 13 MB
Uptime: 0.141452 s

LIBXSMM_VERSION: RT-bct-B-from-vreg-hide-mlatency-1.16.1-1579 (25183787)
LIBXSMM_TARGET: clx
Registry and code: 13 MB
Uptime: 0.087169 s

LIBXSMM_VERSION: RT-bct-B-from-vreg-hide-mlatency-1.16.1-1579 (25183787)
LIBXSMM_TARGET: clx
Registry and code: 13 MB
Uptime: 0.089320 s

LIBXSMM_VERSION: RT-bct-B-from-vreg-hide-mlatency-1.16.1-1579 (25183787)
LIBXSMM_TARGET: clx
Registry and code: 13 MB
Uptime: 0.091754 s

LIBXSMM_VERSION: RT-bct-B-from-vreg-hide-mlatency-1.16.1-1579 (25183787)
LIBXSMM_TARGET: clx
Registry and code: 13 MB
Uptime: 0.116886 s

LIBXSMM_VERSION: RT-bct-B-from-vreg-hide-mlatency-1.16.1-1579 (25183787)
LIBXSMM_TARGET: clx
Registry and code: 13 MB
Uptime: 0.117481 s

LIBXSMM_VERSION: RT-bct-B-from-vreg-hide-mlatency-1.16.1-1579 (25183787)
LIBXSMM_TARGET: clx
Registry and code: 13 MB
Uptime: 0.118903 s

LIBXSMM_VERSION: RT-bct-B-from-vreg-hide-mlatency-1.16.1-1579 (25183787)
LIBXSMM_TARGET: clx
Registry and code: 13 MB
Uptime: 0.158780 s

LIBXSMM_VERSION: RT-bct-B-from-vreg-hide-mlatency-1.16.1-1579 (25183787)
LIBXSMM_TARGET: clx
Registry and code: 13 MB
Uptime: 0.159346 s

LIBXSMM_VERSION: RT-bct-B-from-vreg-hide-mlatency-1.16.1-1579 (25183787)
LIBXSMM_TARGET: clx
Registry and code: 13 MB
Uptime: 0.160105 s

LIBXSMM_VERSION: RT-bct-B-from-vreg-hide-mlatency-1.16.1-1579 (25183787)
LIBXSMM_TARGET: clx
Registry and code: 13 MB
Uptime: 0.158155 s

LIBXSMM_VERSION: RT-bct-B-from-vreg-hide-mlatency-1.16.1-1579 (25183787)
LIBXSMM_TARGET: clx
Registry and code: 13 MB
Uptime: 0.166257 s

LIBXSMM_VERSION: RT-bct-B-from-vreg-hide-mlatency-1.16.1-1579 (25183787)
LIBXSMM_TARGET: clx
Registry and code: 13 MB
Uptime: 0.172913 s

LIBXSMM_VERSION: RT-bct-B-from-vreg-hide-mlatency-1.16.1-1579 (25183787)
LIBXSMM_TARGET: clx
Registry and code: 13 MB
Uptime: 0.327193 s

LIBXSMM_VERSION: RT-bct-B-from-vreg-hide-mlatency-1.16.1-1579 (25183787)
LIBXSMM_TARGET: clx
Registry and code: 13 MB
Uptime: 0.333080 s

LIBXSMM_VERSION: RT-bct-B-from-vreg-hide-mlatency-1.16.1-1579 (25183787)
LIBXSMM_TARGET: clx
Registry and code: 13 MB
Uptime: 0.344562 s

LIBXSMM_VERSION: RT-bct-B-from-vreg-hide-mlatency-1.16.1-1579 (25183787)
LIBXSMM_TARGET: clx
Registry and code: 13 MB
Uptime: 0.364721 s

LIBXSMM_VERSION: RT-bct-B-from-vreg-hide-mlatency-1.16.1-1579 (25183787)
LIBXSMM_TARGET: clx
Registry and code: 13 MB
Uptime: 0.364826 s

LIBXSMM_VERSION: RT-bct-B-from-vreg-hide-mlatency-1.16.1-1579 (25183787)
LIBXSMM_TARGET: clx
Registry and code: 13 MB
Uptime: 0.319879 s

LIBXSMM_VERSION: RT-bct-B-from-vreg-hide-mlatency-1.16.1-1579 (25183787)
LIBXSMM_TARGET: clx
Registry and code: 13 MB
Uptime: 0.302461 s

LIBXSMM_VERSION: RT-bct-B-from-vreg-hide-mlatency-1.16.1-1579 (25183787)
LIBXSMM_TARGET: clx
Registry and code: 13 MB
Uptime: 0.304655 s

LIBXSMM_VERSION: RT-bct-B-from-vreg-hide-mlatency-1.16.1-1579 (25183787)
LIBXSMM_TARGET: clx
Registry and code: 13 MB
Uptime: 0.304699 s

LIBXSMM_VERSION: RT-bct-B-from-vreg-hide-mlatency-1.16.1-1579 (25183787)
LIBXSMM_TARGET: clx
Registry and code: 13 MB
Uptime: 0.169136 s

LIBXSMM_VERSION: RT-bct-B-from-vreg-hide-mlatency-1.16.1-1579 (25183787)
LIBXSMM_TARGET: clx
Registry and code: 13 MB
Uptime: 0.168835 s

LIBXSMM_VERSION: RT-bct-B-from-vreg-hide-mlatency-1.16.1-1579 (25183787)
LIBXSMM_TARGET: clx
Registry and code: 13 MB
Uptime: 0.170580 s

LIBXSMM_VERSION: RT-bct-B-from-vreg-hide-mlatency-1.16.1-1579 (25183787)
LIBXSMM_TARGET: clx
Registry and code: 13 MB
Uptime: 0.157219 s

LIBXSMM_VERSION: RT-bct-B-from-vreg-hide-mlatency-1.16.1-1579 (25183787)
LIBXSMM_TARGET: clx
Registry and code: 13 MB
Uptime: 0.162897 s

LIBXSMM_VERSION: RT-bct-B-from-vreg-hide-mlatency-1.16.1-1579 (25183787)
LIBXSMM_TARGET: clx
Registry and code: 13 MB
Uptime: 0.171014 s

LIBXSMM_VERSION: RT-bct-B-from-vreg-hide-mlatency-1.16.1-1579 (25183787)
LIBXSMM_TARGET: clx
Registry and code: 13 MB
Uptime: 0.329292 s

LIBXSMM_VERSION: RT-bct-B-from-vreg-hide-mlatency-1.16.1-1579 (25183787)
LIBXSMM_TARGET: clx
Registry and code: 13 MB
Uptime: 0.334147 s

LIBXSMM_VERSION: RT-bct-B-from-vreg-hide-mlatency-1.16.1-1579 (25183787)
LIBXSMM_TARGET: clx
Registry and code: 13 MB
Uptime: 0.338884 s

LIBXSMM_VERSION: RT-bct-B-from-vreg-hide-mlatency-1.16.1-1579 (25183787)
LIBXSMM_TARGET: clx
Registry and code: 13 MB
Uptime: 0.380479 s

LIBXSMM_VERSION: RT-bct-B-from-vreg-hide-mlatency-1.16.1-1579 (25183787)
LIBXSMM_TARGET: clx
Registry and code: 13 MB
Uptime: 0.372134 s

LIBXSMM_VERSION: RT-bct-B-from-vreg-hide-mlatency-1.16.1-1579 (25183787)
LIBXSMM_TARGET: clx
Registry and code: 13 MB
Uptime: 0.335914 s

LIBXSMM_VERSION: RT-bct-B-from-vreg-hide-mlatency-1.16.1-1579 (25183787)
LIBXSMM_TARGET: clx
Registry and code: 13 MB
Uptime: 0.302714 s

LIBXSMM_VERSION: RT-bct-B-from-vreg-hide-mlatency-1.16.1-1579 (25183787)
LIBXSMM_TARGET: clx
Registry and code: 13 MB
Uptime: 0.303821 s

LIBXSMM_VERSION: RT-bct-B-from-vreg-hide-mlatency-1.16.1-1579 (25183787)
LIBXSMM_TARGET: clx
Registry and code: 13 MB
Uptime: 0.307044 s

LIBXSMM_VERSION: RT-bct-B-from-vreg-hide-mlatency-1.16.1-1579 (25183787)
LIBXSMM_TARGET: clx
Registry and code: 13 MB
Uptime: 0.270044 s

LIBXSMM_VERSION: RT-bct-B-from-vreg-hide-mlatency-1.16.1-1579 (25183787)
LIBXSMM_TARGET: clx
Registry and code: 13 MB
Uptime: 0.270602 s

LIBXSMM_VERSION: RT-bct-B-from-vreg-hide-mlatency-1.16.1-1579 (25183787)
LIBXSMM_TARGET: clx
Registry and code: 13 MB
Uptime: 0.273890 s

LIBXSMM_VERSION: RT-bct-B-from-vreg-hide-mlatency-1.16.1-1579 (25183787)
LIBXSMM_TARGET: clx
Registry and code: 13 MB
Uptime: 0.355884 s

LIBXSMM_VERSION: RT-bct-B-from-vreg-hide-mlatency-1.16.1-1579 (25183787)
LIBXSMM_TARGET: clx
Registry and code: 13 MB
Uptime: 0.373728 s

LIBXSMM_VERSION: RT-bct-B-from-vreg-hide-mlatency-1.16.1-1579 (25183787)
LIBXSMM_TARGET: clx
Registry and code: 13 MB
Uptime: 0.340220 s

LIBXSMM_VERSION: RT-bct-B-from-vreg-hide-mlatency-1.16.1-1579 (25183787)
LIBXSMM_TARGET: clx
Registry and code: 13 MB
Uptime: 0.701480 s

LIBXSMM_VERSION: RT-bct-B-from-vreg-hide-mlatency-1.16.1-1579 (25183787)
LIBXSMM_TARGET: clx
Registry and code: 13 MB
Uptime: 0.662918 s

LIBXSMM_VERSION: RT-bct-B-from-vreg-hide-mlatency-1.16.1-1579 (25183787)
LIBXSMM_TARGET: clx
Registry and code: 13 MB
Uptime: 0.667367 s

LIBXSMM_VERSION: RT-bct-B-from-vreg-hide-mlatency-1.16.1-1579 (25183787)
LIBXSMM_TARGET: clx
Registry and code: 13 MB
Uptime: 0.944300 s

LIBXSMM_VERSION: RT-bct-B-from-vreg-hide-mlatency-1.16.1-1579 (25183787)
LIBXSMM_TARGET: clx
Registry and code: 13 MB
Uptime: 0.782588 s

LIBXSMM_VERSION: RT-bct-B-from-vreg-hide-mlatency-1.16.1-1579 (25183787)
LIBXSMM_TARGET: clx
Registry and code: 13 MB
Uptime: 0.755603 s

LIBXSMM_VERSION: RT-bct-B-from-vreg-hide-mlatency-1.16.1-1579 (25183787)
LIBXSMM_TARGET: clx
Registry and code: 13 MB
Uptime: 0.721226 s

LIBXSMM_VERSION: RT-bct-B-from-vreg-hide-mlatency-1.16.1-1579 (25183787)
LIBXSMM_TARGET: clx
Registry and code: 13 MB
Uptime: 0.690198 s

LIBXSMM_VERSION: RT-bct-B-from-vreg-hide-mlatency-1.16.1-1579 (25183787)
LIBXSMM_TARGET: clx
Registry and code: 13 MB
Uptime: 0.683343 s

LIBXSMM_VERSION: RT-bct-B-from-vreg-hide-mlatency-1.16.1-1579 (25183787)
LIBXSMM_TARGET: clx
Registry and code: 13 MB
Uptime: 0.357127 s

LIBXSMM_VERSION: RT-bct-B-from-vreg-hide-mlatency-1.16.1-1579 (25183787)
LIBXSMM_TARGET: clx
Registry and code: 13 MB
Uptime: 0.344114 s

LIBXSMM_VERSION: RT-bct-B-from-vreg-hide-mlatency-1.16.1-1579 (25183787)
LIBXSMM_TARGET: clx
Registry and code: 13 MB
Uptime: 0.315762 s

LIBXSMM_VERSION: RT-bct-B-from-vreg-hide-mlatency-1.16.1-1579 (25183787)
LIBXSMM_TARGET: clx
Registry and code: 13 MB
Uptime: 0.363298 s

LIBXSMM_VERSION: RT-bct-B-from-vreg-hide-mlatency-1.16.1-1579 (25183787)
LIBXSMM_TARGET: clx
Registry and code: 13 MB
Uptime: 0.364898 s

LIBXSMM_VERSION: RT-bct-B-from-vreg-hide-mlatency-1.16.1-1579 (25183787)
LIBXSMM_TARGET: clx
Registry and code: 13 MB
Uptime: 0.338425 s

LIBXSMM_VERSION: RT-bct-B-from-vreg-hide-mlatency-1.16.1-1579 (25183787)
LIBXSMM_TARGET: clx
Registry and code: 13 MB
Uptime: 0.700298 s

LIBXSMM_VERSION: RT-bct-B-from-vreg-hide-mlatency-1.16.1-1579 (25183787)
LIBXSMM_TARGET: clx
Registry and code: 13 MB
Uptime: 0.673087 s

LIBXSMM_VERSION: RT-bct-B-from-vreg-hide-mlatency-1.16.1-1579 (25183787)
LIBXSMM_TARGET: clx
Registry and code: 13 MB
Uptime: 0.660905 s

LIBXSMM_VERSION: RT-bct-B-from-vreg-hide-mlatency-1.16.1-1579 (25183787)
LIBXSMM_TARGET: clx
Registry and code: 13 MB
Uptime: 0.958518 s

LIBXSMM_VERSION: RT-bct-B-from-vreg-hide-mlatency-1.16.1-1579 (25183787)
LIBXSMM_TARGET: clx
Registry and code: 13 MB
Uptime: 0.780459 s

LIBXSMM_VERSION: RT-bct-B-from-vreg-hide-mlatency-1.16.1-1579 (25183787)
LIBXSMM_TARGET: clx
Registry and code: 13 MB
Uptime: 0.809720 s

LIBXSMM_VERSION: RT-bct-B-from-vreg-hide-mlatency-1.16.1-1579 (25183787)
LIBXSMM_TARGET: clx
Registry and code: 13 MB
Uptime: 0.721431 s

LIBXSMM_VERSION: RT-bct-B-from-vreg-hide-mlatency-1.16.1-1579 (25183787)
LIBXSMM_TARGET: clx
Registry and code: 13 MB
Uptime: 0.707164 s

LIBXSMM_VERSION: RT-bct-B-from-vreg-hide-mlatency-1.16.1-1579 (25183787)
LIBXSMM_TARGET: clx
Registry and code: 13 MB
Uptime: 0.708362 s

LIBXSMM_VERSION: RT-bct-B-from-vreg-hide-mlatency-1.16.1-1579 (25183787)
LIBXSMM_TARGET: clx
Registry and code: 13 MB
Uptime: 0.451062 s

LIBXSMM_VERSION: RT-bct-B-from-vreg-hide-mlatency-1.16.1-1579 (25183787)
LIBXSMM_TARGET: clx
Registry and code: 13 MB
Uptime: 0.453991 s

LIBXSMM_VERSION: RT-bct-B-from-vreg-hide-mlatency-1.16.1-1579 (25183787)
LIBXSMM_TARGET: clx
Registry and code: 13 MB
Uptime: 0.467666 s

LIBXSMM_VERSION: RT-bct-B-from-vreg-hide-mlatency-1.16.1-1579 (25183787)
LIBXSMM_TARGET: clx
Registry and code: 13 MB
Uptime: 0.705734 s

LIBXSMM_VERSION: RT-bct-B-from-vreg-hide-mlatency-1.16.1-1579 (25183787)
LIBXSMM_TARGET: clx
Registry and code: 13 MB
Uptime: 0.640181 s

LIBXSMM_VERSION: RT-bct-B-from-vreg-hide-mlatency-1.16.1-1579 (25183787)
LIBXSMM_TARGET: clx
Registry and code: 13 MB
Uptime: 0.607749 s

LIBXSMM_VERSION: RT-bct-B-from-vreg-hide-mlatency-1.16.1-1579 (25183787)
LIBXSMM_TARGET: clx
Registry and code: 13 MB
Uptime: 1.255194 s

LIBXSMM_VERSION: RT-bct-B-from-vreg-hide-mlatency-1.16.1-1579 (25183787)
LIBXSMM_TARGET: clx
Registry and code: 13 MB
Uptime: 1.197413 s

LIBXSMM_VERSION: RT-bct-B-from-vreg-hide-mlatency-1.16.1-1579 (25183787)
LIBXSMM_TARGET: clx
Registry and code: 13 MB
Uptime: 1.188251 s

LIBXSMM_VERSION: RT-bct-B-from-vreg-hide-mlatency-1.16.1-1579 (25183787)
LIBXSMM_TARGET: clx
Registry and code: 13 MB
Uptime: 1.576159 s

LIBXSMM_VERSION: RT-bct-B-from-vreg-hide-mlatency-1.16.1-1579 (25183787)
LIBXSMM_TARGET: clx
Registry and code: 13 MB
Uptime: 1.444434 s

LIBXSMM_VERSION: RT-bct-B-from-vreg-hide-mlatency-1.16.1-1579 (25183787)
LIBXSMM_TARGET: clx
Registry and code: 13 MB
Uptime: 1.505940 s

LIBXSMM_VERSION: RT-bct-B-from-vreg-hide-mlatency-1.16.1-1579 (25183787)
LIBXSMM_TARGET: clx
Registry and code: 13 MB
Uptime: 1.320678 s

LIBXSMM_VERSION: RT-bct-B-from-vreg-hide-mlatency-1.16.1-1579 (25183787)
LIBXSMM_TARGET: clx
Registry and code: 13 MB
Uptime: 1.365440 s

LIBXSMM_VERSION: RT-bct-B-from-vreg-hide-mlatency-1.16.1-1579 (25183787)
LIBXSMM_TARGET: clx
Registry and code: 13 MB
Uptime: 1.315295 s

LIBXSMM_VERSION: RT-bct-B-from-vreg-hide-mlatency-1.16.1-1579 (25183787)
LIBXSMM_TARGET: clx
Registry and code: 13 MB
Uptime: 0.651189 s

LIBXSMM_VERSION: RT-bct-B-from-vreg-hide-mlatency-1.16.1-1579 (25183787)
LIBXSMM_TARGET: clx
Registry and code: 13 MB
Uptime: 0.575919 s

LIBXSMM_VERSION: RT-bct-B-from-vreg-hide-mlatency-1.16.1-1579 (25183787)
LIBXSMM_TARGET: clx
Registry and code: 13 MB
Uptime: 0.564034 s

LIBXSMM_VERSION: RT-bct-B-from-vreg-hide-mlatency-1.16.1-1579 (25183787)
LIBXSMM_TARGET: clx
Registry and code: 13 MB
Uptime: 0.666865 s

LIBXSMM_VERSION: RT-bct-B-from-vreg-hide-mlatency-1.16.1-1579 (25183787)
LIBXSMM_TARGET: clx
Registry and code: 13 MB
Uptime: 0.638430 s

LIBXSMM_VERSION: RT-bct-B-from-vreg-hide-mlatency-1.16.1-1579 (25183787)
LIBXSMM_TARGET: clx
Registry and code: 13 MB
Uptime: 0.608551 s

LIBXSMM_VERSION: RT-bct-B-from-vreg-hide-mlatency-1.16.1-1579 (25183787)
LIBXSMM_TARGET: clx
Registry and code: 13 MB
Uptime: 1.260013 s

LIBXSMM_VERSION: RT-bct-B-from-vreg-hide-mlatency-1.16.1-1579 (25183787)
LIBXSMM_TARGET: clx
Registry and code: 13 MB
Uptime: 1.211878 s

LIBXSMM_VERSION: RT-bct-B-from-vreg-hide-mlatency-1.16.1-1579 (25183787)
LIBXSMM_TARGET: clx
Registry and code: 13 MB
Uptime: 1.198140 s

LIBXSMM_VERSION: RT-bct-B-from-vreg-hide-mlatency-1.16.1-1579 (25183787)
LIBXSMM_TARGET: clx
Registry and code: 13 MB
Uptime: 1.626630 s

LIBXSMM_VERSION: RT-bct-B-from-vreg-hide-mlatency-1.16.1-1579 (25183787)
LIBXSMM_TARGET: clx
Registry and code: 13 MB
Uptime: 1.512196 s

LIBXSMM_VERSION: RT-bct-B-from-vreg-hide-mlatency-1.16.1-1579 (25183787)
LIBXSMM_TARGET: clx
Registry and code: 13 MB
Uptime: 1.537550 s

LIBXSMM_VERSION: RT-bct-B-from-vreg-hide-mlatency-1.16.1-1579 (25183787)
LIBXSMM_TARGET: clx
Registry and code: 13 MB
Uptime: 1.373830 s

LIBXSMM_VERSION: RT-bct-B-from-vreg-hide-mlatency-1.16.1-1579 (25183787)
LIBXSMM_TARGET: clx
Registry and code: 13 MB
Uptime: 1.360636 s

LIBXSMM_VERSION: RT-bct-B-from-vreg-hide-mlatency-1.16.1-1579 (25183787)
LIBXSMM_TARGET: clx
Registry and code: 13 MB
Uptime: 1.322733 s

LIBXSMM_VERSION: RT-bct-B-from-vreg-hide-mlatency-1.16.1-1579 (25183787)
LIBXSMM_TARGET: clx
Registry and code: 13 MB
Uptime: 0.672361 s

LIBXSMM_VERSION: RT-bct-B-from-vreg-hide-mlatency-1.16.1-1579 (25183787)
LIBXSMM_TARGET: clx
Registry and code: 13 MB
Uptime: 0.688182 s

LIBXSMM_VERSION: RT-bct-B-from-vreg-hide-mlatency-1.16.1-1579 (25183787)
LIBXSMM_TARGET: clx
Registry and code: 13 MB
Uptime: 0.699265 s

LIBXSMM_VERSION: RT-bct-B-from-vreg-hide-mlatency-1.16.1-1579 (25183787)
LIBXSMM_TARGET: clx
Registry and code: 13 MB
Uptime: 1.044825 s

LIBXSMM_VERSION: RT-bct-B-from-vreg-hide-mlatency-1.16.1-1579 (25183787)
LIBXSMM_TARGET: clx
Registry and code: 13 MB
Uptime: 0.997238 s

LIBXSMM_VERSION: RT-bct-B-from-vreg-hide-mlatency-1.16.1-1579 (25183787)
LIBXSMM_TARGET: clx
Registry and code: 13 MB
Uptime: 0.972504 s
Generating and Compiling data/example_mats/hex/p1/gauss-legendre/m0.txt
Running data/example_mats/hex/p1/gauss-legendre/m0.txt
Finished running in 1.0024666666666666ms
Generating and Compiling data/example_mats/hex/p1/gauss-legendre/m3.txt
Running data/example_mats/hex/p1/gauss-legendre/m3.txt
Finished running in 0.4766333333333333ms
Generating and Compiling data/example_mats/hex/p1/gauss-legendre/m6.txt
Running data/example_mats/hex/p1/gauss-legendre/m6.txt
Finished running in 1.0672333333333335ms
Generating and Compiling data/example_mats/hex/p1/gauss-legendre/m132.txt
Running data/example_mats/hex/p1/gauss-legendre/m132.txt
Finished running in 0.4826666666666667ms
Generating and Compiling data/example_mats/hex/p1/gauss-legendre/m460.txt
Running data/example_mats/hex/p1/gauss-legendre/m460.txt
Finished running in 0.9938ms
Generating and Compiling data/example_mats/hex/p2/gauss-legendre-lobatto/m0.txt
Running data/example_mats/hex/p2/gauss-legendre-lobatto/m0.txt
Finished running in 2.2669ms
Generating and Compiling data/example_mats/hex/p2/gauss-legendre-lobatto/m3.txt
Running data/example_mats/hex/p2/gauss-legendre-lobatto/m3.txt
Finished running in 1.8497ms
Generating and Compiling data/example_mats/hex/p2/gauss-legendre-lobatto/m6.txt
Running data/example_mats/hex/p2/gauss-legendre-lobatto/m6.txt
Finished running in 3.8897666666666666ms
Generating and Compiling data/example_mats/hex/p2/gauss-legendre-lobatto/m132.txt
Running data/example_mats/hex/p2/gauss-legendre-lobatto/m132.txt
Finished running in 2.628833333333333ms
Generating and Compiling data/example_mats/hex/p2/gauss-legendre-lobatto/m460.txt
Running data/example_mats/hex/p2/gauss-legendre-lobatto/m460.txt
Finished running in 3.5765666666666664ms
Generating and Compiling data/example_mats/hex/p2/gauss-legendre/m0.txt
Running data/example_mats/hex/p2/gauss-legendre/m0.txt
Finished running in 2.4241ms
Generating and Compiling data/example_mats/hex/p2/gauss-legendre/m3.txt
Running data/example_mats/hex/p2/gauss-legendre/m3.txt
Finished running in 1.8277ms
Generating and Compiling data/example_mats/hex/p2/gauss-legendre/m6.txt
Running data/example_mats/hex/p2/gauss-legendre/m6.txt
Finished running in 3.870233333333333ms
Generating and Compiling data/example_mats/hex/p2/gauss-legendre/m132.txt
Running data/example_mats/hex/p2/gauss-legendre/m132.txt
Finished running in 2.4190666666666667ms
Generating and Compiling data/example_mats/hex/p2/gauss-legendre/m460.txt
Running data/example_mats/hex/p2/gauss-legendre/m460.txt
Finished running in 3.456733333333333ms
Generating and Compiling data/example_mats/hex/p3/gauss-legendre-lobatto/m0.txt
Running data/example_mats/hex/p3/gauss-legendre-lobatto/m0.txt
Finished running in 4.4829ms
Generating and Compiling data/example_mats/hex/p3/gauss-legendre-lobatto/m3.txt
Running data/example_mats/hex/p3/gauss-legendre-lobatto/m3.txt
Finished running in 4.6099ms
Generating and Compiling data/example_mats/hex/p3/gauss-legendre-lobatto/m6.txt
Running data/example_mats/hex/p3/gauss-legendre-lobatto/m6.txt
Finished running in 9.4628ms
Generating and Compiling data/example_mats/hex/p3/gauss-legendre-lobatto/m132.txt
Running data/example_mats/hex/p3/gauss-legendre-lobatto/m132.txt
Finished running in 10.060466666666665ms
Generating and Compiling data/example_mats/hex/p3/gauss-legendre-lobatto/m460.txt
Running data/example_mats/hex/p3/gauss-legendre-lobatto/m460.txt
Finished running in 9.354466666666667ms
Generating and Compiling data/example_mats/hex/p3/gauss-legendre/m0.txt
Running data/example_mats/hex/p3/gauss-legendre/m0.txt
Finished running in 5.098566666666667ms
Generating and Compiling data/example_mats/hex/p3/gauss-legendre/m3.txt
Running data/example_mats/hex/p3/gauss-legendre/m3.txt
Finished running in 4.554766666666667ms
Generating and Compiling data/example_mats/hex/p3/gauss-legendre/m6.txt
Running data/example_mats/hex/p3/gauss-legendre/m6.txt
Finished running in 9.4226ms
Generating and Compiling data/example_mats/hex/p3/gauss-legendre/m132.txt
Running data/example_mats/hex/p3/gauss-legendre/m132.txt
Finished running in 10.977966666666667ms
Generating and Compiling data/example_mats/hex/p3/gauss-legendre/m460.txt
Running data/example_mats/hex/p3/gauss-legendre/m460.txt
Finished running in 8.808600000000002ms
Generating and Compiling data/example_mats/hex/p4/gauss-legendre-lobatto/m0.txt
Running data/example_mats/hex/p4/gauss-legendre-lobatto/m0.txt
Finished running in 7.433133333333333ms
Generating and Compiling data/example_mats/hex/p4/gauss-legendre-lobatto/m3.txt
Running data/example_mats/hex/p4/gauss-legendre-lobatto/m3.txt
Finished running in 10.458400000000001ms
Generating and Compiling data/example_mats/hex/p4/gauss-legendre-lobatto/m6.txt
Running data/example_mats/hex/p4/gauss-legendre-lobatto/m6.txt
Finished running in 18.501433333333335ms
Generating and Compiling data/example_mats/hex/p4/gauss-legendre-lobatto/m132.txt
Running data/example_mats/hex/p4/gauss-legendre-lobatto/m132.txt
Finished running in 22.592666666666666ms
Generating and Compiling data/example_mats/hex/p4/gauss-legendre-lobatto/m460.txt
Running data/example_mats/hex/p4/gauss-legendre-lobatto/m460.txt
Finished running in 19.745166666666666ms
Generating and Compiling data/example_mats/hex/p4/gauss-legendre/m0.txt
Running data/example_mats/hex/p4/gauss-legendre/m0.txt
Finished running in 10.131400000000001ms
Generating and Compiling data/example_mats/hex/p4/gauss-legendre/m3.txt
Running data/example_mats/hex/p4/gauss-legendre/m3.txt
Finished running in 10.616299999999999ms
Generating and Compiling data/example_mats/hex/p4/gauss-legendre/m6.txt
Running data/example_mats/hex/p4/gauss-legendre/m6.txt
Finished running in 18.4343ms
Generating and Compiling data/example_mats/hex/p4/gauss-legendre/m132.txt
Running data/example_mats/hex/p4/gauss-legendre/m132.txt
Finished running in 23.071866666666665ms
Generating and Compiling data/example_mats/hex/p4/gauss-legendre/m460.txt
Running data/example_mats/hex/p4/gauss-legendre/m460.txt
Finished running in 20.389166666666664ms
Generating and Compiling data/example_mats/hex/p5/gauss-legendre-lobatto/m0.txt
Running data/example_mats/hex/p5/gauss-legendre-lobatto/m0.txt
Finished running in 12.3438ms
Generating and Compiling data/example_mats/hex/p5/gauss-legendre-lobatto/m3.txt
Running data/example_mats/hex/p5/gauss-legendre-lobatto/m3.txt
Finished running in 18.679566666666666ms
Generating and Compiling data/example_mats/hex/p5/gauss-legendre-lobatto/m6.txt
Running data/example_mats/hex/p5/gauss-legendre-lobatto/m6.txt
Finished running in 33.62153333333333ms
Generating and Compiling data/example_mats/hex/p5/gauss-legendre-lobatto/m132.txt
Running data/example_mats/hex/p5/gauss-legendre-lobatto/m132.txt
Finished running in 44.33053333333333ms
Generating and Compiling data/example_mats/hex/p5/gauss-legendre-lobatto/m460.txt
Running data/example_mats/hex/p5/gauss-legendre-lobatto/m460.txt
Finished running in 40.95393333333333ms
Generating and Compiling data/example_mats/hex/p5/gauss-legendre/m0.txt
Running data/example_mats/hex/p5/gauss-legendre/m0.txt
Finished running in 17.796100000000003ms
Generating and Compiling data/example_mats/hex/p5/gauss-legendre/m3.txt
Running data/example_mats/hex/p5/gauss-legendre/m3.txt
Finished running in 18.2217ms
Generating and Compiling data/example_mats/hex/p5/gauss-legendre/m6.txt
Running data/example_mats/hex/p5/gauss-legendre/m6.txt
Finished running in 33.14523333333333ms
Generating and Compiling data/example_mats/hex/p5/gauss-legendre/m132.txt
Running data/example_mats/hex/p5/gauss-legendre/m132.txt
Finished running in 41.88766666666667ms
Generating and Compiling data/example_mats/hex/p5/gauss-legendre/m460.txt
Running data/example_mats/hex/p5/gauss-legendre/m460.txt
Finished running in 41.74163333333333ms
Generating and Compiling data/example_mats/hex/p6/gauss-legendre-lobatto/m0.txt
Running data/example_mats/hex/p6/gauss-legendre-lobatto/m0.txt
Finished running in 18.733666666666668ms
Generating and Compiling data/example_mats/hex/p6/gauss-legendre-lobatto/m3.txt
Running data/example_mats/hex/p6/gauss-legendre-lobatto/m3.txt
Finished running in 28.731366666666666ms
Generating and Compiling data/example_mats/hex/p6/gauss-legendre-lobatto/m6.txt
LIBXSMM_VERSION: RT-bct-B-from-vreg-hide-mlatency-1.16.1-1579 (25183787)
LIBXSMM_TARGET: clx
Registry and code: 13 MB
Uptime: 2.194973 s

LIBXSMM_VERSION: RT-bct-B-from-vreg-hide-mlatency-1.16.1-1579 (25183787)
LIBXSMM_TARGET: clx
Registry and code: 13 MB
Uptime: 2.000551 s

LIBXSMM_VERSION: RT-bct-B-from-vreg-hide-mlatency-1.16.1-1579 (25183787)
LIBXSMM_TARGET: clx
Registry and code: 13 MB
Uptime: 2.002434 s

LIBXSMM_VERSION: RT-bct-B-from-vreg-hide-mlatency-1.16.1-1579 (25183787)
LIBXSMM_TARGET: clx
Registry and code: 13 MB
Uptime: 2.841510 s

LIBXSMM_VERSION: RT-bct-B-from-vreg-hide-mlatency-1.16.1-1579 (25183787)
LIBXSMM_TARGET: clx
Registry and code: 13 MB
Uptime: 2.571242 s

LIBXSMM_VERSION: RT-bct-B-from-vreg-hide-mlatency-1.16.1-1579 (25183787)
LIBXSMM_TARGET: clx
Registry and code: 13 MB
Uptime: 2.629493 s

LIBXSMM_VERSION: RT-bct-B-from-vreg-hide-mlatency-1.16.1-1579 (25183787)
LIBXSMM_TARGET: clx
Registry and code: 13 MB
Uptime: 2.481267 s

LIBXSMM_VERSION: RT-bct-B-from-vreg-hide-mlatency-1.16.1-1579 (25183787)
LIBXSMM_TARGET: clx
Registry and code: 13 MB
Uptime: 2.377671 s

LIBXSMM_VERSION: RT-bct-B-from-vreg-hide-mlatency-1.16.1-1579 (25183787)
LIBXSMM_TARGET: clx
Registry and code: 13 MB
Uptime: 2.262978 s

LIBXSMM_VERSION: RT-bct-B-from-vreg-hide-mlatency-1.16.1-1579 (25183787)
LIBXSMM_TARGET: clx
Registry and code: 13 MB
Uptime: 0.957543 s

LIBXSMM_VERSION: RT-bct-B-from-vreg-hide-mlatency-1.16.1-1579 (25183787)
LIBXSMM_TARGET: clx
Registry and code: 13 MB
Uptime: 0.915687 s

LIBXSMM_VERSION: RT-bct-B-from-vreg-hide-mlatency-1.16.1-1579 (25183787)
LIBXSMM_TARGET: clx
Registry and code: 13 MB
Uptime: 0.913292 s

LIBXSMM_VERSION: RT-bct-B-from-vreg-hide-mlatency-1.16.1-1579 (25183787)
LIBXSMM_TARGET: clx
Registry and code: 13 MB
Uptime: 1.061624 s

LIBXSMM_VERSION: RT-bct-B-from-vreg-hide-mlatency-1.16.1-1579 (25183787)
LIBXSMM_TARGET: clx
Registry and code: 13 MB
Uptime: 1.000207 s

LIBXSMM_VERSION: RT-bct-B-from-vreg-hide-mlatency-1.16.1-1579 (25183787)
LIBXSMM_TARGET: clx
Registry and code: 13 MB
Uptime: 0.967679 s

LIBXSMM_VERSION: RT-bct-B-from-vreg-hide-mlatency-1.16.1-1579 (25183787)
LIBXSMM_TARGET: clx
Registry and code: 13 MB
Uptime: 2.240807 s

LIBXSMM_VERSION: RT-bct-B-from-vreg-hide-mlatency-1.16.1-1579 (25183787)
LIBXSMM_TARGET: clx
Registry and code: 13 MB
Uptime: 2.046831 s

LIBXSMM_VERSION: RT-bct-B-from-vreg-hide-mlatency-1.16.1-1579 (25183787)
LIBXSMM_TARGET: clx
Registry and code: 13 MB
Uptime: 2.000692 s

LIBXSMM_VERSION: RT-bct-B-from-vreg-hide-mlatency-1.16.1-1579 (25183787)
LIBXSMM_TARGET: clx
Registry and code: 13 MB
Uptime: 2.908094 s

LIBXSMM_VERSION: RT-bct-B-from-vreg-hide-mlatency-1.16.1-1579 (25183787)
LIBXSMM_TARGET: clx
Registry and code: 13 MB
Uptime: 2.706810 s

LIBXSMM_VERSION: RT-bct-B-from-vreg-hide-mlatency-1.16.1-1579 (25183787)
LIBXSMM_TARGET: clx
Registry and code: 13 MB
Uptime: 2.642457 s

LIBXSMM_VERSION: RT-bct-B-from-vreg-hide-mlatency-1.16.1-1579 (25183787)
LIBXSMM_TARGET: clx
Registry and code: 13 MB
Uptime: 2.449592 s

LIBXSMM_VERSION: RT-bct-B-from-vreg-hide-mlatency-1.16.1-1579 (25183787)
LIBXSMM_TARGET: clx
Registry and code: 13 MB
Uptime: 2.372731 s

LIBXSMM_VERSION: RT-bct-B-from-vreg-hide-mlatency-1.16.1-1579 (25183787)
LIBXSMM_TARGET: clx
Registry and code: 13 MB
Uptime: 2.262785 s

LIBXSMM_VERSION: RT-bct-B-from-vreg-hide-mlatency-1.16.1-1579 (25183787)
LIBXSMM_TARGET: clx
Registry and code: 13 MB
Uptime: 0.013841 s

LIBXSMM_VERSION: RT-bct-B-from-vreg-hide-mlatency-1.16.1-1579 (25183787)
LIBXSMM_TARGET: clx
Registry and code: 13 MB
Uptime: 0.013805 s

LIBXSMM_VERSION: RT-bct-B-from-vreg-hide-mlatency-1.16.1-1579 (25183787)
LIBXSMM_TARGET: clx
Registry and code: 13 MB
Uptime: 0.013943 s

LIBXSMM_VERSION: RT-bct-B-from-vreg-hide-mlatency-1.16.1-1579 (25183787)
LIBXSMM_TARGET: clx
Registry and code: 13 MB
Uptime: 0.009760 s

LIBXSMM_VERSION: RT-bct-B-from-vreg-hide-mlatency-1.16.1-1579 (25183787)
LIBXSMM_TARGET: clx
Registry and code: 13 MB
Uptime: 0.009794 s

LIBXSMM_VERSION: RT-bct-B-from-vreg-hide-mlatency-1.16.1-1579 (25183787)
LIBXSMM_TARGET: clx
Registry and code: 13 MB
Uptime: 0.010023 s

LIBXSMM_VERSION: RT-bct-B-from-vreg-hide-mlatency-1.16.1-1579 (25183787)
LIBXSMM_TARGET: clx
Registry and code: 13 MB
Uptime: 0.014773 s

LIBXSMM_VERSION: RT-bct-B-from-vreg-hide-mlatency-1.16.1-1579 (25183787)
LIBXSMM_TARGET: clx
Registry and code: 13 MB
Uptime: 0.014758 s

LIBXSMM_VERSION: RT-bct-B-from-vreg-hide-mlatency-1.16.1-1579 (25183787)
LIBXSMM_TARGET: clx
Registry and code: 13 MB
Uptime: 0.014828 s

LIBXSMM_VERSION: RT-bct-B-from-vreg-hide-mlatency-1.16.1-1579 (25183787)
LIBXSMM_TARGET: clx
Registry and code: 13 MB
Uptime: 0.009603 s

LIBXSMM_VERSION: RT-bct-B-from-vreg-hide-mlatency-1.16.1-1579 (25183787)
LIBXSMM_TARGET: clx
Registry and code: 13 MB
Uptime: 0.009690 s

LIBXSMM_VERSION: RT-bct-B-from-vreg-hide-mlatency-1.16.1-1579 (25183787)
LIBXSMM_TARGET: clx
Registry and code: 13 MB
Uptime: 0.010018 s

LIBXSMM_VERSION: RT-bct-B-from-vreg-hide-mlatency-1.16.1-1579 (25183787)
LIBXSMM_TARGET: clx
Registry and code: 13 MB
Uptime: 0.013733 s

LIBXSMM_VERSION: RT-bct-B-from-vreg-hide-mlatency-1.16.1-1579 (25183787)
LIBXSMM_TARGET: clx
Registry and code: 13 MB
Uptime: 0.013759 s

LIBXSMM_VERSION: RT-bct-B-from-vreg-hide-mlatency-1.16.1-1579 (25183787)
LIBXSMM_TARGET: clx
Registry and code: 13 MB
Uptime: 0.013901 s

LIBXSMM_VERSION: RT-bct-B-from-vreg-hide-mlatency-1.16.1-1579 (25183787)
LIBXSMM_TARGET: clx
Registry and code: 13 MB
Uptime: 0.020216 s

LIBXSMM_VERSION: RT-bct-B-from-vreg-hide-mlatency-1.16.1-1579 (25183787)
LIBXSMM_TARGET: clx
Registry and code: 13 MB
Uptime: 0.019958 s

LIBXSMM_VERSION: RT-bct-B-from-vreg-hide-mlatency-1.16.1-1579 (25183787)
LIBXSMM_TARGET: clx
Registry and code: 13 MB
Uptime: 0.020126 s

LIBXSMM_VERSION: RT-bct-B-from-vreg-hide-mlatency-1.16.1-1579 (25183787)
LIBXSMM_TARGET: clx
Registry and code: 13 MB
Uptime: 0.017209 s

LIBXSMM_VERSION: RT-bct-B-from-vreg-hide-mlatency-1.16.1-1579 (25183787)
LIBXSMM_TARGET: clx
Registry and code: 13 MB
Uptime: 0.017199 s

LIBXSMM_VERSION: RT-bct-B-from-vreg-hide-mlatency-1.16.1-1579 (25183787)
LIBXSMM_TARGET: clx
Registry and code: 13 MB
Uptime: 0.017431 s

LIBXSMM_VERSION: RT-bct-B-from-vreg-hide-mlatency-1.16.1-1579 (25183787)
LIBXSMM_TARGET: clx
Registry and code: 13 MB
Uptime: 0.029032 s

LIBXSMM_VERSION: RT-bct-B-from-vreg-hide-mlatency-1.16.1-1579 (25183787)
LIBXSMM_TARGET: clx
Registry and code: 13 MB
Uptime: 0.028997 s

LIBXSMM_VERSION: RT-bct-B-from-vreg-hide-mlatency-1.16.1-1579 (25183787)
LIBXSMM_TARGET: clx
Registry and code: 13 MB
Uptime: 0.029122 s

LIBXSMM_VERSION: RT-bct-B-from-vreg-hide-mlatency-1.16.1-1579 (25183787)
LIBXSMM_TARGET: clx
Registry and code: 13 MB
Uptime: 0.019026 s

LIBXSMM_VERSION: RT-bct-B-from-vreg-hide-mlatency-1.16.1-1579 (25183787)
LIBXSMM_TARGET: clx
Registry and code: 13 MB
Uptime: 0.019380 s

LIBXSMM_VERSION: RT-bct-B-from-vreg-hide-mlatency-1.16.1-1579 (25183787)
LIBXSMM_TARGET: clx
Registry and code: 13 MB
Uptime: 0.019504 s

LIBXSMM_VERSION: RT-bct-B-from-vreg-hide-mlatency-1.16.1-1579 (25183787)
LIBXSMM_TARGET: clx
Registry and code: 13 MB
Uptime: 0.028618 s

LIBXSMM_VERSION: RT-bct-B-from-vreg-hide-mlatency-1.16.1-1579 (25183787)
LIBXSMM_TARGET: clx
Registry and code: 13 MB
Uptime: 0.028397 s

LIBXSMM_VERSION: RT-bct-B-from-vreg-hide-mlatency-1.16.1-1579 (25183787)
LIBXSMM_TARGET: clx
Registry and code: 13 MB
Uptime: 0.028561 s

LIBXSMM_VERSION: RT-bct-B-from-vreg-hide-mlatency-1.16.1-1579 (25183787)
LIBXSMM_TARGET: clx
Registry and code: 13 MB
Uptime: 0.021585 s

LIBXSMM_VERSION: RT-bct-B-from-vreg-hide-mlatency-1.16.1-1579 (25183787)
LIBXSMM_TARGET: clx
Registry and code: 13 MB
Uptime: 0.020477 s

LIBXSMM_VERSION: RT-bct-B-from-vreg-hide-mlatency-1.16.1-1579 (25183787)
LIBXSMM_TARGET: clx
Registry and code: 13 MB
Uptime: 0.020632 s

LIBXSMM_VERSION: RT-bct-B-from-vreg-hide-mlatency-1.16.1-1579 (25183787)
LIBXSMM_TARGET: clx
Registry and code: 13 MB
Uptime: 0.017346 s

LIBXSMM_VERSION: RT-bct-B-from-vreg-hide-mlatency-1.16.1-1579 (25183787)
LIBXSMM_TARGET: clx
Registry and code: 13 MB
Uptime: 0.017291 s

LIBXSMM_VERSION: RT-bct-B-from-vreg-hide-mlatency-1.16.1-1579 (25183787)
LIBXSMM_TARGET: clx
Registry and code: 13 MB
Uptime: 0.017444 s

LIBXSMM_VERSION: RT-bct-B-from-vreg-hide-mlatency-1.16.1-1579 (25183787)
LIBXSMM_TARGET: clx
Registry and code: 13 MB
Uptime: 0.029058 s

LIBXSMM_VERSION: RT-bct-B-from-vreg-hide-mlatency-1.16.1-1579 (25183787)
LIBXSMM_TARGET: clx
Registry and code: 13 MB
Uptime: 0.028931 s

LIBXSMM_VERSION: RT-bct-B-from-vreg-hide-mlatency-1.16.1-1579 (25183787)
LIBXSMM_TARGET: clx
Registry and code: 13 MB
Uptime: 0.029153 s

LIBXSMM_VERSION: RT-bct-B-from-vreg-hide-mlatency-1.16.1-1579 (25183787)
LIBXSMM_TARGET: clx
Registry and code: 13 MB
Uptime: 0.018870 s

LIBXSMM_VERSION: RT-bct-B-from-vreg-hide-mlatency-1.16.1-1579 (25183787)
LIBXSMM_TARGET: clx
Registry and code: 13 MB
Uptime: 0.023174 s

LIBXSMM_VERSION: RT-bct-B-from-vreg-hide-mlatency-1.16.1-1579 (25183787)
LIBXSMM_TARGET: clx
Registry and code: 13 MB
Uptime: 0.019487 s

LIBXSMM_VERSION: RT-bct-B-from-vreg-hide-mlatency-1.16.1-1579 (25183787)
LIBXSMM_TARGET: clx
Registry and code: 13 MB
Uptime: 0.028398 s

LIBXSMM_VERSION: RT-bct-B-from-vreg-hide-mlatency-1.16.1-1579 (25183787)
LIBXSMM_TARGET: clx
Registry and code: 13 MB
Uptime: 0.028489 s

LIBXSMM_VERSION: RT-bct-B-from-vreg-hide-mlatency-1.16.1-1579 (25183787)
LIBXSMM_TARGET: clx
Registry and code: 13 MB
Uptime: 0.028504 s

LIBXSMM_VERSION: RT-bct-B-from-vreg-hide-mlatency-1.16.1-1579 (25183787)
LIBXSMM_TARGET: clx
Registry and code: 13 MB
Uptime: 0.026767 s

LIBXSMM_VERSION: RT-bct-B-from-vreg-hide-mlatency-1.16.1-1579 (25183787)
LIBXSMM_TARGET: clx
Registry and code: 13 MB
Uptime: 0.026657 s

LIBXSMM_VERSION: RT-bct-B-from-vreg-hide-mlatency-1.16.1-1579 (25183787)
LIBXSMM_TARGET: clx
Registry and code: 13 MB
Uptime: 0.026895 s

LIBXSMM_VERSION: RT-bct-B-from-vreg-hide-mlatency-1.16.1-1579 (25183787)
LIBXSMM_TARGET: clx
Registry and code: 13 MB
Uptime: 0.027778 s

LIBXSMM_VERSION: RT-bct-B-from-vreg-hide-mlatency-1.16.1-1579 (25183787)
LIBXSMM_TARGET: clx
Registry and code: 13 MB
Uptime: 0.027844 s

LIBXSMM_VERSION: RT-bct-B-from-vreg-hide-mlatency-1.16.1-1579 (25183787)
LIBXSMM_TARGET: clx
Registry and code: 13 MB
Uptime: 0.028497 s

LIBXSMM_VERSION: RT-bct-B-from-vreg-hide-mlatency-1.16.1-1579 (25183787)
LIBXSMM_TARGET: clx
Registry and code: 13 MB
Uptime: 0.048594 s

LIBXSMM_VERSION: RT-bct-B-from-vreg-hide-mlatency-1.16.1-1579 (25183787)
LIBXSMM_TARGET: clx
Registry and code: 13 MB
Uptime: 0.048507 s

LIBXSMM_VERSION: RT-bct-B-from-vreg-hide-mlatency-1.16.1-1579 (25183787)
LIBXSMM_TARGET: clx
Registry and code: 13 MB
Uptime: 0.049200 s

LIBXSMM_VERSION: RT-bct-B-from-vreg-hide-mlatency-1.16.1-1579 (25183787)
LIBXSMM_TARGET: clx
Registry and code: 13 MB
Uptime: 0.032985 s

LIBXSMM_VERSION: RT-bct-B-from-vreg-hide-mlatency-1.16.1-1579 (25183787)
LIBXSMM_TARGET: clx
Registry and code: 13 MB
Uptime: 0.038579 s

LIBXSMM_VERSION: RT-bct-B-from-vreg-hide-mlatency-1.16.1-1579 (25183787)
LIBXSMM_TARGET: clx
Registry and code: 13 MB
Uptime: 0.035985 s

LIBXSMM_VERSION: RT-bct-B-from-vreg-hide-mlatency-1.16.1-1579 (25183787)
LIBXSMM_TARGET: clx
Registry and code: 13 MB
Uptime: 0.048946 s

LIBXSMM_VERSION: RT-bct-B-from-vreg-hide-mlatency-1.16.1-1579 (25183787)
LIBXSMM_TARGET: clx
Registry and code: 13 MB
Uptime: 0.048977 s

LIBXSMM_VERSION: RT-bct-B-from-vreg-hide-mlatency-1.16.1-1579 (25183787)
LIBXSMM_TARGET: clx
Registry and code: 13 MB
Uptime: 0.049701 s

LIBXSMM_VERSION: RT-bct-B-from-vreg-hide-mlatency-1.16.1-1579 (25183787)
LIBXSMM_TARGET: clx
Registry and code: 13 MB
Uptime: 0.027790 s

LIBXSMM_VERSION: RT-bct-B-from-vreg-hide-mlatency-1.16.1-1579 (25183787)
LIBXSMM_TARGET: clx
Registry and code: 13 MB
Uptime: 0.028017 s

LIBXSMM_VERSION: RT-bct-B-from-vreg-hide-mlatency-1.16.1-1579 (25183787)
LIBXSMM_TARGET: clx
Registry and code: 13 MB
Uptime: 0.028293 s

LIBXSMM_VERSION: RT-bct-B-from-vreg-hide-mlatency-1.16.1-1579 (25183787)
LIBXSMM_TARGET: clx
Registry and code: 13 MB
Uptime: 0.027728 s

LIBXSMM_VERSION: RT-bct-B-from-vreg-hide-mlatency-1.16.1-1579 (25183787)
LIBXSMM_TARGET: clx
Registry and code: 13 MB
Uptime: 0.027749 s

LIBXSMM_VERSION: RT-bct-B-from-vreg-hide-mlatency-1.16.1-1579 (25183787)
LIBXSMM_TARGET: clx
Registry and code: 13 MB
Uptime: 0.028568 s

LIBXSMM_VERSION: RT-bct-B-from-vreg-hide-mlatency-1.16.1-1579 (25183787)
LIBXSMM_TARGET: clx
Registry and code: 13 MB
Uptime: 0.048878 s

LIBXSMM_VERSION: RT-bct-B-from-vreg-hide-mlatency-1.16.1-1579 (25183787)
LIBXSMM_TARGET: clx
Registry and code: 13 MB
Uptime: 0.048927 s

LIBXSMM_VERSION: RT-bct-B-from-vreg-hide-mlatency-1.16.1-1579 (25183787)
LIBXSMM_TARGET: clx
Registry and code: 13 MB
Uptime: 0.049127 s

LIBXSMM_VERSION: RT-bct-B-from-vreg-hide-mlatency-1.16.1-1579 (25183787)
LIBXSMM_TARGET: clx
Registry and code: 13 MB
Uptime: 0.033220 s

LIBXSMM_VERSION: RT-bct-B-from-vreg-hide-mlatency-1.16.1-1579 (25183787)
LIBXSMM_TARGET: clx
Registry and code: 13 MB
Uptime: 0.034208 s

LIBXSMM_VERSION: RT-bct-B-from-vreg-hide-mlatency-1.16.1-1579 (25183787)
LIBXSMM_TARGET: clx
Registry and code: 13 MB
Uptime: 0.036082 s

LIBXSMM_VERSION: RT-bct-B-from-vreg-hide-mlatency-1.16.1-1579 (25183787)
LIBXSMM_TARGET: clx
Registry and code: 13 MB
Uptime: 0.049096 s

LIBXSMM_VERSION: RT-bct-B-from-vreg-hide-mlatency-1.16.1-1579 (25183787)
LIBXSMM_TARGET: clx
Registry and code: 13 MB
Uptime: 0.049024 s

LIBXSMM_VERSION: RT-bct-B-from-vreg-hide-mlatency-1.16.1-1579 (25183787)
LIBXSMM_TARGET: clx
Registry and code: 13 MB
Uptime: 0.050444 s

LIBXSMM_VERSION: RT-bct-B-from-vreg-hide-mlatency-1.16.1-1579 (25183787)
LIBXSMM_TARGET: clx
Registry and code: 13 MB
Uptime: 0.033881 s

LIBXSMM_VERSION: RT-bct-B-from-vreg-hide-mlatency-1.16.1-1579 (25183787)
LIBXSMM_TARGET: clx
Registry and code: 13 MB
Uptime: 0.033903 s

LIBXSMM_VERSION: RT-bct-B-from-vreg-hide-mlatency-1.16.1-1579 (25183787)
LIBXSMM_TARGET: clx
Registry and code: 13 MB
Uptime: 0.034357 s

LIBXSMM_VERSION: RT-bct-B-from-vreg-hide-mlatency-1.16.1-1579 (25183787)
LIBXSMM_TARGET: clx
Registry and code: 13 MB
Uptime: 0.041354 s

LIBXSMM_VERSION: RT-bct-B-from-vreg-hide-mlatency-1.16.1-1579 (25183787)
LIBXSMM_TARGET: clx
Registry and code: 13 MB
Uptime: 0.041113 s

LIBXSMM_VERSION: RT-bct-B-from-vreg-hide-mlatency-1.16.1-1579 (25183787)
LIBXSMM_TARGET: clx
Registry and code: 13 MB
Uptime: 0.041433 s

LIBXSMM_VERSION: RT-bct-B-from-vreg-hide-mlatency-1.16.1-1579 (25183787)
LIBXSMM_TARGET: clx
Registry and code: 13 MB
Uptime: 0.073660 s

LIBXSMM_VERSION: RT-bct-B-from-vreg-hide-mlatency-1.16.1-1579 (25183787)
LIBXSMM_TARGET: clx
Registry and code: 13 MB
Uptime: 0.077239 s

LIBXSMM_VERSION: RT-bct-B-from-vreg-hide-mlatency-1.16.1-1579 (25183787)
LIBXSMM_TARGET: clx
Registry and code: 13 MB
Uptime: 0.074211 s

LIBXSMM_VERSION: RT-bct-B-from-vreg-hide-mlatency-1.16.1-1579 (25183787)
LIBXSMM_TARGET: clx
Registry and code: 13 MB
Uptime: 0.065831 s

LIBXSMM_VERSION: RT-bct-B-from-vreg-hide-mlatency-1.16.1-1579 (25183787)
LIBXSMM_TARGET: clx
Registry and code: 13 MB
Uptime: 0.068577 s

LIBXSMM_VERSION: RT-bct-B-from-vreg-hide-mlatency-1.16.1-1579 (25183787)
LIBXSMM_TARGET: clx
Registry and code: 13 MB
Uptime: 0.070298 s

LIBXSMM_VERSION: RT-bct-B-from-vreg-hide-mlatency-1.16.1-1579 (25183787)
LIBXSMM_TARGET: clx
Registry and code: 13 MB
Uptime: 0.075996 s

LIBXSMM_VERSION: RT-bct-B-from-vreg-hide-mlatency-1.16.1-1579 (25183787)
LIBXSMM_TARGET: clx
Registry and code: 13 MB
Uptime: 0.076739 s

LIBXSMM_VERSION: RT-bct-B-from-vreg-hide-mlatency-1.16.1-1579 (25183787)
LIBXSMM_TARGET: clx
Registry and code: 13 MB
Uptime: 0.078708 s

LIBXSMM_VERSION: RT-bct-B-from-vreg-hide-mlatency-1.16.1-1579 (25183787)
LIBXSMM_TARGET: clx
Registry and code: 13 MB
Uptime: 0.036232 s

LIBXSMM_VERSION: RT-bct-B-from-vreg-hide-mlatency-1.16.1-1579 (25183787)
LIBXSMM_TARGET: clx
Registry and code: 13 MB
Uptime: 0.036657 s

LIBXSMM_VERSION: RT-bct-B-from-vreg-hide-mlatency-1.16.1-1579 (25183787)
LIBXSMM_TARGET: clx
Registry and code: 13 MB
Uptime: 0.036840 s

LIBXSMM_VERSION: RT-bct-B-from-vreg-hide-mlatency-1.16.1-1579 (25183787)
LIBXSMM_TARGET: clx
Registry and code: 13 MB
Uptime: 0.041920 s

LIBXSMM_VERSION: RT-bct-B-from-vreg-hide-mlatency-1.16.1-1579 (25183787)
LIBXSMM_TARGET: clx
Registry and code: 13 MB
Uptime: 0.041530 s

LIBXSMM_VERSION: RT-bct-B-from-vreg-hide-mlatency-1.16.1-1579 (25183787)
LIBXSMM_TARGET: clx
Registry and code: 13 MB
Uptime: 0.042090 s

LIBXSMM_VERSION: RT-bct-B-from-vreg-hide-mlatency-1.16.1-1579 (25183787)
LIBXSMM_TARGET: clx
Registry and code: 13 MB
Uptime: 0.073951 s

LIBXSMM_VERSION: RT-bct-B-from-vreg-hide-mlatency-1.16.1-1579 (25183787)
LIBXSMM_TARGET: clx
Registry and code: 13 MB
Uptime: 0.074183 s

LIBXSMM_VERSION: RT-bct-B-from-vreg-hide-mlatency-1.16.1-1579 (25183787)
LIBXSMM_TARGET: clx
Registry and code: 13 MB
Uptime: 0.074368 s

LIBXSMM_VERSION: RT-bct-B-from-vreg-hide-mlatency-1.16.1-1579 (25183787)
LIBXSMM_TARGET: clx
Registry and code: 13 MB
Uptime: 0.067210 s

LIBXSMM_VERSION: RT-bct-B-from-vreg-hide-mlatency-1.16.1-1579 (25183787)
LIBXSMM_TARGET: clx
Registry and code: 13 MB
Uptime: 0.070779 s

LIBXSMM_VERSION: RT-bct-B-from-vreg-hide-mlatency-1.16.1-1579 (25183787)
LIBXSMM_TARGET: clx
Registry and code: 13 MB
Uptime: 0.070209 s

LIBXSMM_VERSION: RT-bct-B-from-vreg-hide-mlatency-1.16.1-1579 (25183787)
LIBXSMM_TARGET: clx
Registry and code: 13 MB
Uptime: 0.076069 s

LIBXSMM_VERSION: RT-bct-B-from-vreg-hide-mlatency-1.16.1-1579 (25183787)
LIBXSMM_TARGET: clx
Registry and code: 13 MB
Uptime: 0.081170 s

LIBXSMM_VERSION: RT-bct-B-from-vreg-hide-mlatency-1.16.1-1579 (25183787)
LIBXSMM_TARGET: clx
Registry and code: 13 MB
Uptime: 0.079028 s

LIBXSMM_VERSION: RT-bct-B-from-vreg-hide-mlatency-1.16.1-1579 (25183787)
LIBXSMM_TARGET: clx
Registry and code: 13 MB
Uptime: 0.041351 s

LIBXSMM_VERSION: RT-bct-B-from-vreg-hide-mlatency-1.16.1-1579 (25183787)
LIBXSMM_TARGET: clx
Registry and code: 13 MB
Uptime: 0.041466 s

LIBXSMM_VERSION: RT-bct-B-from-vreg-hide-mlatency-1.16.1-1579 (25183787)
LIBXSMM_TARGET: clx
Registry and code: 13 MB
Uptime: 0.041526 s

LIBXSMM_VERSION: RT-bct-B-from-vreg-hide-mlatency-1.16.1-1579 (25183787)
LIBXSMM_TARGET: clx
Registry and code: 13 MB
Uptime: 0.057102 s

LIBXSMM_VERSION: RT-bct-B-from-vreg-hide-mlatency-1.16.1-1579 (25183787)
LIBXSMM_TARGET: clx
Registry and code: 13 MB
Uptime: 0.058011 s

LIBXSMM_VERSION: RT-bct-B-from-vreg-hide-mlatency-1.16.1-1579 (25183787)
LIBXSMM_TARGET: clx
Registry and code: 13 MB
Uptime: 0.058003 s

LIBXSMM_VERSION: RT-bct-B-from-vreg-hide-mlatency-1.16.1-1579 (25183787)
LIBXSMM_TARGET: clx
Registry and code: 13 MB
Uptime: 0.104190 s

LIBXSMM_VERSION: RT-bct-B-from-vreg-hide-mlatency-1.16.1-1579 (25183787)
LIBXSMM_TARGET: clx
Registry and code: 13 MB
Uptime: 0.104278 s

LIBXSMM_VERSION: RT-bct-B-from-vreg-hide-mlatency-1.16.1-1579 (25183787)
LIBXSMM_TARGET: clx
Registry and code: 13 MB
Uptime: 0.105915 s

LIBXSMM_VERSION: RT-bct-B-from-vreg-hide-mlatency-1.16.1-1579 (25183787)
LIBXSMM_TARGET: clx
Registry and code: 13 MB
Uptime: 0.101970 s

LIBXSMM_VERSION: RT-bct-B-from-vreg-hide-mlatency-1.16.1-1579 (25183787)
LIBXSMM_TARGET: clx
Registry and code: 13 MB
Uptime: 0.108845 s

LIBXSMM_VERSION: RT-bct-B-from-vreg-hide-mlatency-1.16.1-1579 (25183787)
LIBXSMM_TARGET: clx
Registry and code: 13 MB
Uptime: 0.110500 s

Running data/example_mats/hex/p6/gauss-legendre-lobatto/m6.txt
Finished running in 56.66093333333333ms
Generating and Compiling data/example_mats/hex/p6/gauss-legendre-lobatto/m132.txt
Running data/example_mats/hex/p6/gauss-legendre-lobatto/m132.txt
Finished running in 72.37773333333332ms
Generating and Compiling data/example_mats/hex/p6/gauss-legendre-lobatto/m460.txt
Running data/example_mats/hex/p6/gauss-legendre-lobatto/m460.txt
Finished running in 70.59376666666667ms
Generating and Compiling data/example_mats/hex/p6/gauss-legendre/m0.txt
Running data/example_mats/hex/p6/gauss-legendre/m0.txt
Finished running in 28.5505ms
Generating and Compiling data/example_mats/hex/p6/gauss-legendre/m3.txt
Running data/example_mats/hex/p6/gauss-legendre/m3.txt
Finished running in 29.264466666666667ms
Generating and Compiling data/example_mats/hex/p6/gauss-legendre/m6.txt
Running data/example_mats/hex/p6/gauss-legendre/m6.txt
Finished running in 56.56873333333333ms
Generating and Compiling data/example_mats/hex/p6/gauss-legendre/m132.txt
Running data/example_mats/hex/p6/gauss-legendre/m132.txt
Finished running in 74.99116666666667ms
Generating and Compiling data/example_mats/hex/p6/gauss-legendre/m460.txt
Running data/example_mats/hex/p6/gauss-legendre/m460.txt
Finished running in 734.2246666666667ms
Generating and Compiling data/example_mats/quad/p1/gauss-legendre/m0.txt
Running data/example_mats/quad/p1/gauss-legendre/m0.txt
Finished running in 0.33340000000000003ms
Generating and Compiling data/example_mats/quad/p1/gauss-legendre/m3.txt
Running data/example_mats/quad/p1/gauss-legendre/m3.txt
Finished running in 0.20076666666666665ms
Generating and Compiling data/example_mats/quad/p1/gauss-legendre/m6.txt
Running data/example_mats/quad/p1/gauss-legendre/m6.txt
Finished running in 0.3537ms
Generating and Compiling data/example_mats/quad/p1/gauss-legendre/m132.txt
Running data/example_mats/quad/p1/gauss-legendre/m132.txt
Finished running in 0.19976666666666668ms
Generating and Compiling data/example_mats/quad/p1/gauss-legendre/m460.txt
Running data/example_mats/quad/p1/gauss-legendre/m460.txt
Finished running in 0.32743333333333335ms
Generating and Compiling data/example_mats/quad/p2/gauss-legendre-lobatto/m0.txt
Running data/example_mats/quad/p2/gauss-legendre-lobatto/m0.txt
Finished running in 0.5016666666666667ms
Generating and Compiling data/example_mats/quad/p2/gauss-legendre-lobatto/m3.txt
Running data/example_mats/quad/p2/gauss-legendre-lobatto/m3.txt
Finished running in 0.4287ms
Generating and Compiling data/example_mats/quad/p2/gauss-legendre-lobatto/m6.txt
Running data/example_mats/quad/p2/gauss-legendre-lobatto/m6.txt
Finished running in 0.7662666666666667ms
Generating and Compiling data/example_mats/quad/p2/gauss-legendre-lobatto/m132.txt
Running data/example_mats/quad/p2/gauss-legendre-lobatto/m132.txt
Finished running in 0.4822666666666667ms
Generating and Compiling data/example_mats/quad/p2/gauss-legendre-lobatto/m460.txt
Running data/example_mats/quad/p2/gauss-legendre-lobatto/m460.txt
Finished running in 0.7655ms
Generating and Compiling data/example_mats/quad/p2/gauss-legendre/m0.txt
Running data/example_mats/quad/p2/gauss-legendre/m0.txt
Finished running in 0.5360999999999999ms
Generating and Compiling data/example_mats/quad/p2/gauss-legendre/m3.txt
Running data/example_mats/quad/p2/gauss-legendre/m3.txt
Finished running in 0.42906666666666665ms
Generating and Compiling data/example_mats/quad/p2/gauss-legendre/m6.txt
Running data/example_mats/quad/p2/gauss-legendre/m6.txt
Finished running in 0.7641333333333333ms
Generating and Compiling data/example_mats/quad/p2/gauss-legendre/m132.txt
Running data/example_mats/quad/p2/gauss-legendre/m132.txt
Finished running in 0.48083333333333333ms
Generating and Compiling data/example_mats/quad/p2/gauss-legendre/m460.txt
Running data/example_mats/quad/p2/gauss-legendre/m460.txt
Finished running in 0.7641666666666667ms
Generating and Compiling data/example_mats/quad/p3/gauss-legendre-lobatto/m0.txt
Running data/example_mats/quad/p3/gauss-legendre-lobatto/m0.txt
Finished running in 0.6794666666666667ms
Generating and Compiling data/example_mats/quad/p3/gauss-legendre-lobatto/m3.txt
Running data/example_mats/quad/p3/gauss-legendre-lobatto/m3.txt
Finished running in 0.7520333333333333ms
Generating and Compiling data/example_mats/quad/p3/gauss-legendre-lobatto/m6.txt
Running data/example_mats/quad/p3/gauss-legendre-lobatto/m6.txt
Finished running in 1.3606ms
Generating and Compiling data/example_mats/quad/p3/gauss-legendre-lobatto/m132.txt
Running data/example_mats/quad/p3/gauss-legendre-lobatto/m132.txt
Finished running in 0.9776666666666666ms
Generating and Compiling data/example_mats/quad/p3/gauss-legendre-lobatto/m460.txt
Running data/example_mats/quad/p3/gauss-legendre-lobatto/m460.txt
Finished running in 1.4500333333333333ms
Generating and Compiling data/example_mats/quad/p3/gauss-legendre/m0.txt
Running data/example_mats/quad/p3/gauss-legendre/m0.txt
Finished running in 0.7639333333333334ms
Generating and Compiling data/example_mats/quad/p3/gauss-legendre/m3.txt
Running data/example_mats/quad/p3/gauss-legendre/m3.txt
Finished running in 0.7428666666666667ms
Generating and Compiling data/example_mats/quad/p3/gauss-legendre/m6.txt
Running data/example_mats/quad/p3/gauss-legendre/m6.txt
Finished running in 1.3619333333333332ms
Generating and Compiling data/example_mats/quad/p3/gauss-legendre/m132.txt
Running data/example_mats/quad/p3/gauss-legendre/m132.txt
Finished running in 0.9332333333333334ms
Generating and Compiling data/example_mats/quad/p3/gauss-legendre/m460.txt
Running data/example_mats/quad/p3/gauss-legendre/m460.txt
Finished running in 1.4075666666666666ms
Generating and Compiling data/example_mats/quad/p4/gauss-legendre-lobatto/m0.txt
Running data/example_mats/quad/p4/gauss-legendre-lobatto/m0.txt
Finished running in 0.8581333333333333ms
Generating and Compiling data/example_mats/quad/p4/gauss-legendre-lobatto/m3.txt
Running data/example_mats/quad/p4/gauss-legendre-lobatto/m3.txt
Finished running in 1.1528ms
Generating and Compiling data/example_mats/quad/p4/gauss-legendre-lobatto/m6.txt
Running data/example_mats/quad/p4/gauss-legendre-lobatto/m6.txt
Finished running in 2.0723ms
Generating and Compiling data/example_mats/quad/p4/gauss-legendre-lobatto/m132.txt
Running data/example_mats/quad/p4/gauss-legendre-lobatto/m132.txt
Finished running in 1.8873ms
Generating and Compiling data/example_mats/quad/p4/gauss-legendre-lobatto/m460.txt
Running data/example_mats/quad/p4/gauss-legendre-lobatto/m460.txt
Finished running in 2.3773ms
Generating and Compiling data/example_mats/quad/p4/gauss-legendre/m0.txt
Running data/example_mats/quad/p4/gauss-legendre/m0.txt
Finished running in 1.0184666666666666ms
Generating and Compiling data/example_mats/quad/p4/gauss-legendre/m3.txt
Running data/example_mats/quad/p4/gauss-legendre/m3.txt
Finished running in 1.1523ms
Generating and Compiling data/example_mats/quad/p4/gauss-legendre/m6.txt
Running data/example_mats/quad/p4/gauss-legendre/m6.txt
Finished running in 2.0765000000000002ms
Generating and Compiling data/example_mats/quad/p4/gauss-legendre/m132.txt
Running data/example_mats/quad/p4/gauss-legendre/m132.txt
Finished running in 1.9944ms
Generating and Compiling data/example_mats/quad/p4/gauss-legendre/m460.txt
Running data/example_mats/quad/p4/gauss-legendre/m460.txt
Finished running in 2.3108999999999997ms
Generating and Compiling data/example_mats/quad/p5/gauss-legendre-lobatto/m0.txt
Running data/example_mats/quad/p5/gauss-legendre-lobatto/m0.txt
Finished running in 1.0340333333333334ms
Generating and Compiling data/example_mats/quad/p5/gauss-legendre-lobatto/m3.txt
Running data/example_mats/quad/p5/gauss-legendre-lobatto/m3.txt
Finished running in 1.7241333333333348ms
Generating and Compiling data/example_mats/quad/p5/gauss-legendre-lobatto/m6.txt
Running data/example_mats/quad/p5/gauss-legendre-lobatto/m6.txt
Finished running in 3.0256333333333334ms
Generating and Compiling data/example_mats/quad/p5/gauss-legendre-lobatto/m132.txt
Running data/example_mats/quad/p5/gauss-legendre-lobatto/m132.txt
Finished running in 3.0574333333333334ms
Generating and Compiling
LIBXSMM_VERSION: RT-bct-B-from-vreg-hide-mlatency-1.16.1-1579 (25183787)
LIBXSMM_TARGET: clx
Registry and code: 13 MB
Uptime: 0.118707 s

LIBXSMM_VERSION: RT-bct-B-from-vreg-hide-mlatency-1.16.1-1579 (25183787)
LIBXSMM_TARGET: clx
Registry and code: 13 MB
Uptime: 0.128304 s

LIBXSMM_VERSION: RT-bct-B-from-vreg-hide-mlatency-1.16.1-1579 (25183787)
LIBXSMM_TARGET: clx
Registry and code: 13 MB
Uptime: 0.125872 s

LIBXSMM_VERSION: RT-bct-B-from-vreg-hide-mlatency-1.16.1-1579 (25183787)
LIBXSMM_TARGET: clx
Registry and code: 13 MB
Uptime: 0.058239 s

LIBXSMM_VERSION: RT-bct-B-from-vreg-hide-mlatency-1.16.1-1579 (25183787)
LIBXSMM_TARGET: clx
Registry and code: 13 MB
Uptime: 0.053354 s

LIBXSMM_VERSION: RT-bct-B-from-vreg-hide-mlatency-1.16.1-1579 (25183787)
LIBXSMM_TARGET: clx
Registry and code: 13 MB
Uptime: 0.053251 s

LIBXSMM_VERSION: RT-bct-B-from-vreg-hide-mlatency-1.16.1-1579 (25183787)
LIBXSMM_TARGET: clx
Registry and code: 13 MB
Uptime: 0.057283 s

LIBXSMM_VERSION: RT-bct-B-from-vreg-hide-mlatency-1.16.1-1579 (25183787)
LIBXSMM_TARGET: clx
Registry and code: 13 MB
Uptime: 0.058332 s

LIBXSMM_VERSION: RT-bct-B-from-vreg-hide-mlatency-1.16.1-1579 (25183787)
LIBXSMM_TARGET: clx
Registry and code: 13 MB
Uptime: 0.058256 s

LIBXSMM_VERSION: RT-bct-B-from-vreg-hide-mlatency-1.16.1-1579 (25183787)
LIBXSMM_TARGET: clx
Registry and code: 13 MB
Uptime: 0.103982 s

LIBXSMM_VERSION: RT-bct-B-from-vreg-hide-mlatency-1.16.1-1579 (25183787)
LIBXSMM_TARGET: clx
Registry and code: 13 MB
Uptime: 0.104728 s

LIBXSMM_VERSION: RT-bct-B-from-vreg-hide-mlatency-1.16.1-1579 (25183787)
LIBXSMM_TARGET: clx
Registry and code: 13 MB
Uptime: 0.105297 s

LIBXSMM_VERSION: RT-bct-B-from-vreg-hide-mlatency-1.16.1-1579 (25183787)
LIBXSMM_TARGET: clx
Registry and code: 13 MB
Uptime: 0.118644 s

LIBXSMM_VERSION: RT-bct-B-from-vreg-hide-mlatency-1.16.1-1579 (25183787)
LIBXSMM_TARGET: clx
Registry and code: 13 MB
Uptime: 0.113406 s

LIBXSMM_VERSION: RT-bct-B-from-vreg-hide-mlatency-1.16.1-1579 (25183787)
LIBXSMM_TARGET: clx
Registry and code: 13 MB
Uptime: 0.111009 s

LIBXSMM_VERSION: RT-bct-B-from-vreg-hide-mlatency-1.16.1-1579 (25183787)
LIBXSMM_TARGET: clx
Registry and code: 13 MB
Uptime: 0.119457 s

LIBXSMM_VERSION: RT-bct-B-from-vreg-hide-mlatency-1.16.1-1579 (25183787)
LIBXSMM_TARGET: clx
Registry and code: 13 MB
Uptime: 0.127678 s

LIBXSMM_VERSION: RT-bct-B-from-vreg-hide-mlatency-1.16.1-1579 (25183787)
LIBXSMM_TARGET: clx
Registry and code: 13 MB
Uptime: 0.127536 s

LIBXSMM_VERSION: RT-bct-B-from-vreg-hide-mlatency-1.16.1-1579 (25183787)
LIBXSMM_TARGET: clx
Registry and code: 13 MB
Uptime: 0.049054 s

LIBXSMM_VERSION: RT-bct-B-from-vreg-hide-mlatency-1.16.1-1579 (25183787)
LIBXSMM_TARGET: clx
Registry and code: 13 MB
Uptime: 0.049080 s

LIBXSMM_VERSION: RT-bct-B-from-vreg-hide-mlatency-1.16.1-1579 (25183787)
LIBXSMM_TARGET: clx
Registry and code: 13 MB
Uptime: 0.049330 s

LIBXSMM_VERSION: RT-bct-B-from-vreg-hide-mlatency-1.16.1-1579 (25183787)
LIBXSMM_TARGET: clx
Registry and code: 13 MB
Uptime: 0.076198 s

LIBXSMM_VERSION: RT-bct-B-from-vreg-hide-mlatency-1.16.1-1579 (25183787)
LIBXSMM_TARGET: clx
Registry and code: 13 MB
Uptime: 0.077299 s

LIBXSMM_VERSION: RT-bct-B-from-vreg-hide-mlatency-1.16.1-1579 (25183787)
LIBXSMM_TARGET: clx
Registry and code: 13 MB
Uptime: 0.077616 s

LIBXSMM_VERSION: RT-bct-B-from-vreg-hide-mlatency-1.16.1-1579 (25183787)
LIBXSMM_TARGET: clx
Registry and code: 13 MB
Uptime: 0.140014 s

LIBXSMM_VERSION: RT-bct-B-from-vreg-hide-mlatency-1.16.1-1579 (25183787)
LIBXSMM_TARGET: clx
Registry and code: 13 MB
Uptime: 0.140154 s

LIBXSMM_VERSION: RT-bct-B-from-vreg-hide-mlatency-1.16.1-1579 (25183787)
LIBXSMM_TARGET: clx
Registry and code: 13 MB
Uptime: 0.141771 s

LIBXSMM_VERSION: RT-bct-B-from-vreg-hide-mlatency-1.16.1-1579 (25183787)
LIBXSMM_TARGET: clx
Registry and code: 13 MB
Uptime: 0.177228 s

LIBXSMM_VERSION: RT-bct-B-from-vreg-hide-mlatency-1.16.1-1579 (25183787)
LIBXSMM_TARGET: clx
Registry and code: 13 MB
Uptime: 0.171689 s

LIBXSMM_VERSION: RT-bct-B-from-vreg-hide-mlatency-1.16.1-1579 (25183787)
LIBXSMM_TARGET: clx
Registry and code: 13 MB
Uptime: 0.164561 s

LIBXSMM_VERSION: RT-bct-B-from-vreg-hide-mlatency-1.16.1-1579 (25183787)
LIBXSMM_TARGET: clx
Registry and code: 13 MB
Uptime: 0.167855 s

LIBXSMM_VERSION: RT-bct-B-from-vreg-hide-mlatency-1.16.1-1579 (25183787)
LIBXSMM_TARGET: clx
Registry and code: 13 MB
Uptime: 0.177177 s

LIBXSMM_VERSION: RT-bct-B-from-vreg-hide-mlatency-1.16.1-1579 (25183787)
LIBXSMM_TARGET: clx
Registry and code: 13 MB
Uptime: 0.169444 s

LIBXSMM_VERSION: RT-bct-B-from-vreg-hide-mlatency-1.16.1-1579 (25183787)
LIBXSMM_TARGET: clx
Registry and code: 13 MB
Uptime: 0.066680 s

LIBXSMM_VERSION: RT-bct-B-from-vreg-hide-mlatency-1.16.1-1579 (25183787)
LIBXSMM_TARGET: clx
Registry and code: 13 MB
Uptime: 0.066316 s

LIBXSMM_VERSION: RT-bct-B-from-vreg-hide-mlatency-1.16.1-1579 (25183787)
LIBXSMM_TARGET: clx
Registry and code: 13 MB
Uptime: 0.066830 s

LIBXSMM_VERSION: RT-bct-B-from-vreg-hide-mlatency-1.16.1-1579 (25183787)
LIBXSMM_TARGET: clx
Registry and code: 13 MB
Uptime: 0.075557 s

LIBXSMM_VERSION: RT-bct-B-from-vreg-hide-mlatency-1.16.1-1579 (25183787)
LIBXSMM_TARGET: clx
Registry and code: 13 MB
Uptime: 0.076778 s

LIBXSMM_VERSION: RT-bct-B-from-vreg-hide-mlatency-1.16.1-1579 (25183787)
LIBXSMM_TARGET: clx
Registry and code: 13 MB
Uptime: 0.077218 s

LIBXSMM_VERSION: RT-bct-B-from-vreg-hide-mlatency-1.16.1-1579 (25183787)
LIBXSMM_TARGET: clx
Registry and code: 13 MB
Uptime: 0.139689 s

LIBXSMM_VERSION: RT-bct-B-from-vreg-hide-mlatency-1.16.1-1579 (25183787)
LIBXSMM_TARGET: clx
Registry and code: 13 MB
Uptime: 0.140546 s

LIBXSMM_VERSION: RT-bct-B-from-vreg-hide-mlatency-1.16.1-1579 (25183787)
LIBXSMM_TARGET: clx
Registry and code: 13 MB
Uptime: 0.141634 s

LIBXSMM_VERSION: RT-bct-B-from-vreg-hide-mlatency-1.16.1-1579 (25183787)
LIBXSMM_TARGET: clx
Registry and code: 13 MB
Uptime: 0.169436 s

LIBXSMM_VERSION: RT-bct-B-from-vreg-hide-mlatency-1.16.1-1579 (25183787)
LIBXSMM_TARGET: clx
Registry and code: 13 MB
Uptime: 0.174496 s

LIBXSMM_VERSION: RT-bct-B-from-vreg-hide-mlatency-1.16.1-1579 (25183787)
LIBXSMM_TARGET: clx
Registry and code: 13 MB
Uptime: 0.152325 s

LIBXSMM_VERSION: RT-bct-B-from-vreg-hide-mlatency-1.16.1-1579 (25183787)
LIBXSMM_TARGET: clx
Registry and code: 13 MB
Uptime: 0.168989 s

LIBXSMM_VERSION: RT-bct-B-from-vreg-hide-mlatency-1.16.1-1579 (25183787)
LIBXSMM_TARGET: clx
Registry and code: 13 MB
Uptime: 0.178979 s

LIBXSMM_VERSION: RT-bct-B-from-vreg-hide-mlatency-1.16.1-1579 (25183787)
LIBXSMM_TARGET: clx
Registry and code: 13 MB
Uptime: 0.167088 s

LIBXSMM_VERSION: RT-bct-B-from-vreg-hide-mlatency-1.16.1-1579 (25183787)
LIBXSMM_TARGET: clx
Registry and code: 13 MB
Uptime: 0.020364 s

LIBXSMM_VERSION: RT-bct-B-from-vreg-hide-mlatency-1.16.1-1579 (25183787)
LIBXSMM_TARGET: clx
Registry and code: 13 MB
Uptime: 0.019223 s

LIBXSMM_VERSION: RT-bct-B-from-vreg-hide-mlatency-1.16.1-1579 (25183787)
LIBXSMM_TARGET: clx
Registry and code: 13 MB
Uptime: 0.019405 s

LIBXSMM_VERSION: RT-bct-B-from-vreg-hide-mlatency-1.16.1-1579 (25183787)
LIBXSMM_TARGET: clx
Registry and code: 13 MB
Uptime: 0.011217 s

LIBXSMM_VERSION: RT-bct-B-from-vreg-hide-mlatency-1.16.1-1579 (25183787)
LIBXSMM_TARGET: clx
Registry and code: 13 MB
Uptime: 0.011297 s

LIBXSMM_VERSION: RT-bct-B-from-vreg-hide-mlatency-1.16.1-1579 (25183787)
LIBXSMM_TARGET: clx
Registry and code: 13 MB
Uptime: 0.011492 s

LIBXSMM_VERSION: RT-bct-B-from-vreg-hide-mlatency-1.16.1-1579 (25183787)
LIBXSMM_TARGET: clx
Registry and code: 13 MB
Uptime: 0.021763 s

LIBXSMM_VERSION: RT-bct-B-from-vreg-hide-mlatency-1.16.1-1579 (25183787)
LIBXSMM_TARGET: clx
Registry and code: 13 MB
Uptime: 0.021720 s

LIBXSMM_VERSION: RT-bct-B-from-vreg-hide-mlatency-1.16.1-1579 (25183787)
LIBXSMM_TARGET: clx
Registry and code: 13 MB
Uptime: 0.022827 s

LIBXSMM_VERSION: RT-bct-B-from-vreg-hide-mlatency-1.16.1-1579 (25183787)
LIBXSMM_TARGET: clx
Registry and code: 13 MB
Uptime: 0.010692 s

LIBXSMM_VERSION: RT-bct-B-from-vreg-hide-mlatency-1.16.1-1579 (25183787)
LIBXSMM_TARGET: clx
Registry and code: 13 MB
Uptime: 0.010834 s

LIBXSMM_VERSION: RT-bct-B-from-vreg-hide-mlatency-1.16.1-1579 (25183787)
LIBXSMM_TARGET: clx
Registry and code: 13 MB
Uptime: 0.011283 s

LIBXSMM_VERSION: RT-bct-B-from-vreg-hide-mlatency-1.16.1-1579 (25183787)
LIBXSMM_TARGET: clx
Registry and code: 13 MB
Uptime: 0.012247 s

LIBXSMM_VERSION: RT-bct-B-from-vreg-hide-mlatency-1.16.1-1579 (25183787)
LIBXSMM_TARGET: clx
Registry and code: 13 MB
Uptime: 0.012501 s

LIBXSMM_VERSION: RT-bct-B-from-vreg-hide-mlatency-1.16.1-1579 (25183787)
LIBXSMM_TARGET: clx
Registry and code: 13 MB
Uptime: 0.012030 s

LIBXSMM_VERSION: RT-bct-B-from-vreg-hide-mlatency-1.16.1-1579 (25183787)
LIBXSMM_TARGET: clx
Registry and code: 13 MB
Uptime: 0.038439 s

LIBXSMM_VERSION: RT-bct-B-from-vreg-hide-mlatency-1.16.1-1579 (25183787)
LIBXSMM_TARGET: clx
Registry and code: 13 MB
Uptime: 0.038794 s

LIBXSMM_VERSION: RT-bct-B-from-vreg-hide-mlatency-1.16.1-1579 (25183787)
LIBXSMM_TARGET: clx
Registry and code: 13 MB
Uptime: 0.038971 s

LIBXSMM_VERSION: RT-bct-B-from-vreg-hide-mlatency-1.16.1-1579 (25183787)
LIBXSMM_TARGET: clx
Registry and code: 13 MB
Uptime: 0.031419 s

LIBXSMM_VERSION: RT-bct-B-from-vreg-hide-mlatency-1.16.1-1579 (25183787)
LIBXSMM_TARGET: clx
Registry and code: 13 MB
Uptime: 0.031450 s

LIBXSMM_VERSION: RT-bct-B-from-vreg-hide-mlatency-1.16.1-1579 (25183787)
LIBXSMM_TARGET: clx
Registry and code: 13 MB
Uptime: 0.029741 s

LIBXSMM_VERSION: RT-bct-B-from-vreg-hide-mlatency-1.16.1-1579 (25183787)
LIBXSMM_TARGET: clx
Registry and code: 13 MB
Uptime: 0.053202 s

LIBXSMM_VERSION: RT-bct-B-from-vreg-hide-mlatency-1.16.1-1579 (25183787)
LIBXSMM_TARGET: clx
Registry and code: 13 MB
Uptime: 0.054905 s

LIBXSMM_VERSION: RT-bct-B-from-vreg-hide-mlatency-1.16.1-1579 (25183787)
LIBXSMM_TARGET: clx
Registry and code: 13 MB
Uptime: 0.055823 s

LIBXSMM_VERSION: RT-bct-B-from-vreg-hide-mlatency-1.16.1-1579 (25183787)
LIBXSMM_TARGET: clx
Registry and code: 13 MB
Uptime: 0.035680 s

LIBXSMM_VERSION: RT-bct-B-from-vreg-hide-mlatency-1.16.1-1579 (25183787)
LIBXSMM_TARGET: clx
Registry and code: 13 MB
Uptime: 0.034887 s

LIBXSMM_VERSION: RT-bct-B-from-vreg-hide-mlatency-1.16.1-1579 (25183787)
LIBXSMM_TARGET: clx
Registry and code: 13 MB
Uptime: 0.033847 s

LIBXSMM_VERSION: RT-bct-B-from-vreg-hide-mlatency-1.16.1-1579 (25183787)
LIBXSMM_TARGET: clx
Registry and code: 13 MB
Uptime: 0.045836 s

LIBXSMM_VERSION: RT-bct-B-from-vreg-hide-mlatency-1.16.1-1579 (25183787)
LIBXSMM_TARGET: clx
Registry and code: 13 MB
Uptime: 0.046378 s

LIBXSMM_VERSION: RT-bct-B-from-vreg-hide-mlatency-1.16.1-1579 (25183787)
LIBXSMM_TARGET: clx
Registry and code: 13 MB
Uptime: 0.046351 s

LIBXSMM_VERSION: RT-bct-B-from-vreg-hide-mlatency-1.16.1-1579 (25183787)
LIBXSMM_TARGET: clx
Registry and code: 13 MB
Uptime: 0.094791 s

LIBXSMM_VERSION: RT-bct-B-from-vreg-hide-mlatency-1.16.1-1579 (25183787)
LIBXSMM_TARGET: clx
Registry and code: 13 MB
Uptime: 0.083325 s

LIBXSMM_VERSION: RT-bct-B-from-vreg-hide-mlatency-1.16.1-1579 (25183787)
LIBXSMM_TARGET: clx
Registry and code: 13 MB
Uptime: 0.066746 s

LIBXSMM_VERSION: RT-bct-B-from-vreg-hide-mlatency-1.16.1-1579 (25183787)
LIBXSMM_TARGET: clx
Registry and code: 13 MB
Uptime: 0.117971 s

LIBXSMM_VERSION: RT-bct-B-from-vreg-hide-mlatency-1.16.1-1579 (25183787)
LIBXSMM_TARGET: clx
Registry and code: 13 MB
Uptime: 0.094534 s

LIBXSMM_VERSION: RT-bct-B-from-vreg-hide-mlatency-1.16.1-1579 (25183787)
LIBXSMM_TARGET: clx
Registry and code: 13 MB
Uptime: 0.076789 s

LIBXSMM_VERSION: RT-bct-B-from-vreg-hide-mlatency-1.16.1-1579 (25183787)
LIBXSMM_TARGET: clx
Registry and code: 13 MB
Uptime: 0.163255 s

LIBXSMM_VERSION: RT-bct-B-from-vreg-hide-mlatency-1.16.1-1579 (25183787)
LIBXSMM_TARGET: clx
Registry and code: 13 MB
Uptime: 0.138983 s

LIBXSMM_VERSION: RT-bct-B-from-vreg-hide-mlatency-1.16.1-1579 (25183787)
LIBXSMM_TARGET: clx
Registry and code: 13 MB
Uptime: 0.115267 s

LIBXSMM_VERSION: RT-bct-B-from-vreg-hide-mlatency-1.16.1-1579 (25183787)
LIBXSMM_TARGET: clx
Registry and code: 13 MB
Uptime: 0.171148 s

LIBXSMM_VERSION: RT-bct-B-from-vreg-hide-mlatency-1.16.1-1579 (25183787)
LIBXSMM_TARGET: clx
Registry and code: 13 MB
Uptime: 0.130882 s

LIBXSMM_VERSION: RT-bct-B-from-vreg-hide-mlatency-1.16.1-1579 (25183787)
LIBXSMM_TARGET: clx
Registry and code: 13 MB
Uptime: 0.108022 s

LIBXSMM_VERSION: RT-bct-B-from-vreg-hide-mlatency-1.16.1-1579 (25183787)
LIBXSMM_TARGET: clx
Registry and code: 13 MB
Uptime: 0.126861 s

LIBXSMM_VERSION: RT-bct-B-from-vreg-hide-mlatency-1.16.1-1579 (25183787)
LIBXSMM_TARGET: clx
Registry and code: 13 MB
Uptime: 0.104219 s

LIBXSMM_VERSION: RT-bct-B-from-vreg-hide-mlatency-1.16.1-1579 (25183787)
LIBXSMM_TARGET: clx
Registry and code: 13 MB
Uptime: 0.100341 s

LIBXSMM_VERSION: RT-bct-B-from-vreg-hide-mlatency-1.16.1-1579 (25183787)
LIBXSMM_TARGET: clx
Registry and code: 13 MB
Uptime: 0.260761 s

LIBXSMM_VERSION: RT-bct-B-from-vreg-hide-mlatency-1.16.1-1579 (25183787)
LIBXSMM_TARGET: clx
Registry and code: 13 MB
Uptime: 0.194283 s

LIBXSMM_VERSION: RT-bct-B-from-vreg-hide-mlatency-1.16.1-1579 (25183787)
LIBXSMM_TARGET: clx
Registry and code: 13 MB
Uptime: 0.167988 s

LIBXSMM_VERSION: RT-bct-B-from-vreg-hide-mlatency-1.16.1-1579 (25183787)
LIBXSMM_TARGET: clx
Registry and code: 13 MB
Uptime: 0.279438 s

LIBXSMM_VERSION: RT-bct-B-from-vreg-hide-mlatency-1.16.1-1579 (25183787)
LIBXSMM_TARGET: clx
Registry and code: 13 MB
Uptime: 0.227502 s

LIBXSMM_VERSION: RT-bct-B-from-vreg-hide-mlatency-1.16.1-1579 (25183787)
LIBXSMM_TARGET: clx
Registry and code: 13 MB
Uptime: 0.182834 s

LIBXSMM_VERSION: RT-bct-B-from-vreg-hide-mlatency-1.16.1-1579 (25183787)
LIBXSMM_TARGET: clx
Registry and code: 13 MB
Uptime: 0.368186 s

LIBXSMM_VERSION: RT-bct-B-from-vreg-hide-mlatency-1.16.1-1579 (25183787)
LIBXSMM_TARGET: clx
Registry and code: 13 MB
Uptime: 0.308218 s

LIBXSMM_VERSION: RT-bct-B-from-vreg-hide-mlatency-1.16.1-1579 (25183787)
LIBXSMM_TARGET: clx
Registry and code: 13 MB
Uptime: 0.260259 s

LIBXSMM_VERSION: RT-bct-B-from-vreg-hide-mlatency-1.16.1-1579 (25183787)
LIBXSMM_TARGET: clx
Registry and code: 13 MB
Uptime: 0.610995 s

LIBXSMM_VERSION: RT-bct-B-from-vreg-hide-mlatency-1.16.1-1579 (25183787)
LIBXSMM_TARGET: clx
Registry and code: 13 MB
Uptime: 0.459135 s

LIBXSMM_VERSION: RT-bct-B-from-vreg-hide-mlatency-1.16.1-1579 (25183787)
LIBXSMM_TARGET: clx
Registry and code: 13 MB
Uptime: 0.423491 s

LIBXSMM_VERSION: RT-bct-B-from-vreg-hide-mlatency-1.16.1-1579 (25183787)
LIBXSMM_TARGET: clx
Registry and code: 13 MB
Uptime: 0.402822 s

LIBXSMM_VERSION: RT-bct-B-from-vreg-hide-mlatency-1.16.1-1579 (25183787)
LIBXSMM_TARGET: clx
Registry and code: 13 MB
Uptime: 0.316056 s

LIBXSMM_VERSION: RT-bct-B-from-vreg-hide-mlatency-1.16.1-1579 (25183787)
LIBXSMM_TARGET: clx
Registry and code: 13 MB
Uptime: 0.275398 s

LIBXSMM_VERSION: RT-bct-B-from-vreg-hide-mlatency-1.16.1-1579 (25183787)
LIBXSMM_TARGET: clx
Registry and code: 13 MB
Uptime: 0.586612 s

LIBXSMM_VERSION: RT-bct-B-from-vreg-hide-mlatency-1.16.1-1579 (25183787)
LIBXSMM_TARGET: clx
Registry and code: 13 MB
Uptime: 0.471168 s

LIBXSMM_VERSION: RT-bct-B-from-vreg-hide-mlatency-1.16.1-1579 (25183787)
LIBXSMM_TARGET: clx
Registry and code: 13 MB
Uptime: 0.374331 s

LIBXSMM_VERSION: RT-bct-B-from-vreg-hide-mlatency-1.16.1-1579 (25183787)
LIBXSMM_TARGET: clx
Registry and code: 13 MB
Uptime: 0.738394 s

LIBXSMM_VERSION: RT-bct-B-from-vreg-hide-mlatency-1.16.1-1579 (25183787)
LIBXSMM_TARGET: clx
Registry and code: 13 MB
Uptime: 0.606791 s

LIBXSMM_VERSION: RT-bct-B-from-vreg-hide-mlatency-1.16.1-1579 (25183787)
LIBXSMM_TARGET: clx
Registry and code: 13 MB
Uptime: 0.558603 s

LIBXSMM_VERSION: RT-bct-B-from-vreg-hide-mlatency-1.16.1-1579 (25183787)
LIBXSMM_TARGET: clx
Registry and code: 13 MB
Uptime: 0.946292 s

LIBXSMM_VERSION: RT-bct-B-from-vreg-hide-mlatency-1.16.1-1579 (25183787)
LIBXSMM_TARGET: clx
Registry and code: 13 MB
Uptime: 0.714230 s

LIBXSMM_VERSION: RT-bct-B-from-vreg-hide-mlatency-1.16.1-1579 (25183787)
LIBXSMM_TARGET: clx
Registry and code: 13 MB
Uptime: 0.579562 s

LIBXSMM_VERSION: RT-bct-B-from-vreg-hide-mlatency-1.16.1-1579 (25183787)
LIBXSMM_TARGET: clx
Registry and code: 13 MB
Uptime: 1.681144 s

LIBXSMM_VERSION: RT-bct-B-from-vreg-hide-mlatency-1.16.1-1579 (25183787)
LIBXSMM_TARGET: clx
Registry and code: 13 MB
Uptime: 1.264704 s

LIBXSMM_VERSION: RT-bct-B-from-vreg-hide-mlatency-1.16.1-1579 (25183787)
LIBXSMM_TARGET: clx
Registry and code: 13 MB
Uptime: 1.156924 s

LIBXSMM_VERSION: RT-bct-B-from-vreg-hide-mlatency-1.16.1-1579 (25183787)
LIBXSMM_TARGET: clx
Registry and code: 13 MB
Uptime: 1.196079 s

LIBXSMM_VERSION: RT-bct-B-from-vreg-hide-mlatency-1.16.1-1579 (25183787)
LIBXSMM_TARGET: clx
Registry and code: 13 MB
Uptime: 0.925560 s

LIBXSMM_VERSION: RT-bct-B-from-vreg-hide-mlatency-1.16.1-1579 (25183787)
LIBXSMM_TARGET: clx
Registry and code: 13 MB
Uptime: 0.748052 s

LIBXSMM_VERSION: RT-bct-B-from-vreg-hide-mlatency-1.16.1-1579 (25183787)
LIBXSMM_TARGET: clx
Registry and code: 13 MB
Uptime: 1.470138 s

LIBXSMM_VERSION: RT-bct-B-from-vreg-hide-mlatency-1.16.1-1579 (25183787)
LIBXSMM_TARGET: clx
Registry and code: 13 MB
Uptime: 1.193907 s

LIBXSMM_VERSION: RT-bct-B-from-vreg-hide-mlatency-1.16.1-1579 (25183787)
LIBXSMM_TARGET: clx
Registry and code: 13 MB
Uptime: 1.137557 s

LIBXSMM_VERSION: RT-bct-B-from-vreg-hide-mlatency-1.16.1-1579 (25183787)
LIBXSMM_TARGET: clx
Registry and code: 13 MB
Uptime: 1.639165 s

LIBXSMM_VERSION: RT-bct-B-from-vreg-hide-mlatency-1.16.1-1579 (25183787)
LIBXSMM_TARGET: clx
Registry and code: 13 MB
Uptime: 1.256594 s

LIBXSMM_VERSION: RT-bct-B-from-vreg-hide-mlatency-1.16.1-1579 (25183787)
LIBXSMM_TARGET: clx
Registry and code: 13 MB
Uptime: 1.175516 s

LIBXSMM_VERSION: RT-bct-B-from-vreg-hide-mlatency-1.16.1-1579 (25183787)
LIBXSMM_TARGET: clx
Registry and code: 13 MB
Uptime: 1.916485 s

LIBXSMM_VERSION: RT-bct-B-from-vreg-hide-mlatency-1.16.1-1579 (25183787)
LIBXSMM_TARGET: clx
Registry and code: 13 MB
Uptime: 1.519454 s

LIBXSMM_VERSION: RT-bct-B-from-vreg-hide-mlatency-1.16.1-1579 (25183787)
LIBXSMM_TARGET: clx
Registry and code: 13 MB
Uptime: 1.202714 s

LIBXSMM_VERSION: RT-bct-B-from-vreg-hide-mlatency-1.16.1-1579 (25183787)
LIBXSMM_TARGET: clx
Registry and code: 13 MB
Uptime: 3.947977 s

LIBXSMM_VERSION: RT-bct-B-from-vreg-hide-mlatency-1.16.1-1579 (25183787)
LIBXSMM_TARGET: clx
Registry and code: 13 MB
Uptime: 3.026633 s

LIBXSMM_VERSION: RT-bct-B-from-vreg-hide-mlatency-1.16.1-1579 (25183787)
LIBXSMM_TARGET: clx
Registry and code: 13 MB
Uptime: 2.994387 s

LIBXSMM_VERSION: RT-bct-B-from-vreg-hide-mlatency-1.16.1-1579 (25183787)
LIBXSMM_TARGET: clx
Registry and code: 13 MB
Uptime: 3.380257 s

LIBXSMM_VERSION: RT-bct-B-from-vreg-hide-mlatency-1.16.1-1579 (25183787)
LIBXSMM_TARGET: clx
Registry and code: 13 MB
Uptime: 2.802447 s

LIBXSMM_VERSION: RT-bct-B-from-vreg-hide-mlatency-1.16.1-1579 (25183787)
LIBXSMM_TARGET: clx
Registry and code: 13 MB
Uptime: 2.805389 s

LIBXSMM_VERSION: RT-bct-B-from-vreg-hide-mlatency-1.16.1-1579 (25183787)
LIBXSMM_TARGET: clx
Registry and code: 13 MB
Uptime: 0.011299 s

LIBXSMM_VERSION: RT-bct-B-from-vreg-hide-mlatency-1.16.1-1579 (25183787)
LIBXSMM_TARGET: clx
Registry and code: 13 MB
Uptime: 0.011526 s

LIBXSMM_VERSION: RT-bct-B-from-vreg-hide-mlatency-1.16.1-1579 (25183787)
LIBXSMM_TARGET: clx
Registry and code: 13 MB
Uptime: 0.011024 s

LIBXSMM_VERSION: RT-bct-B-from-vreg-hide-mlatency-1.16.1-1579 (25183787)
LIBXSMM_TARGET: clx
Registry and code: 13 MB
Uptime: 0.008076 s

LIBXSMM_VERSION: RT-bct-B-from-vreg-hide-mlatency-1.16.1-1579 (25183787)
LIBXSMM_TARGET: clx
Registry and code: 13 MB
Uptime: 0.008322 s

LIBXSMM_VERSION: RT-bct-B-from-vreg-hide-mlatency-1.16.1-1579 (25183787)
LIBXSMM_TARGET: clx
Registry and code: 13 MB
Uptime: 0.008096 s

LIBXSMM_VERSION: RT-bct-B-from-vreg-hide-mlatency-1.16.1-1579 (25183787)
LIBXSMM_TARGET: clx
Registry and code: 13 MB
Uptime: 0.011945 s

LIBXSMM_VERSION: RT-bct-B-from-vreg-hide-mlatency-1.16.1-1579 (25183787)
LIBXSMM_TARGET: clx
Registry and code: 13 MB
Uptime: 0.012417 s

LIBXSMM_VERSION: RT-bct-B-from-vreg-hide-mlatency-1.16.1-1579 (25183787)
LIBXSMM_TARGET: clx
Registry and code: 13 MB
Uptime: 0.011842 s

LIBXSMM_VERSION: RT-bct-B-from-vreg-hide-mlatency-1.16.1-1579 (25183787)
LIBXSMM_TARGET: clx
Registry and code: 13 MB
Uptime: 0.007963 s

LIBXSMM_VERSION: RT-bct-B-from-vreg-hide-mlatency-1.16.1-1579 (25183787)
LIBXSMM_TARGET: clx
Registry and code: 13 MB
Uptime: 0.007850 s

LIBXSMM_VERSION: RT-bct-B-from-vreg-hide-mlatency-1.16.1-1579 (25183787)
LIBXSMM_TARGET: clx
Registry and code: 13 MB
Uptime: 0.007971 s
 data/example_mats/quad/p5/gauss-legendre-lobatto/m460.txt
Running data/example_mats/quad/p5/gauss-legendre-lobatto/m460.txt
Finished running in 3.4916666666666667ms
Generating and Compiling data/example_mats/quad/p5/gauss-legendre/m0.txt
Running data/example_mats/quad/p5/gauss-legendre/m0.txt
Finished running in 1.3179ms
Generating and Compiling data/example_mats/quad/p5/gauss-legendre/m3.txt
Running data/example_mats/quad/p5/gauss-legendre/m3.txt
Finished running in 1.7219333333333333ms
Generating and Compiling data/example_mats/quad/p5/gauss-legendre/m6.txt
Running data/example_mats/quad/p5/gauss-legendre/m6.txt
Finished running in 3.022466666666667ms
Generating and Compiling data/example_mats/quad/p5/gauss-legendre/m132.txt
Running data/example_mats/quad/p5/gauss-legendre/m132.txt
Finished running in 3.1833666666666667ms
Generating and Compiling data/example_mats/quad/p5/gauss-legendre/m460.txt
Running data/example_mats/quad/p5/gauss-legendre/m460.txt
Finished running in 3.5459ms
Generating and Compiling data/example_mats/quad/p6/gauss-legendre-lobatto/m0.txt
Running data/example_mats/quad/p6/gauss-legendre-lobatto/m0.txt
Finished running in 1.2108333333333334ms
Generating and Compiling data/example_mats/quad/p6/gauss-legendre-lobatto/m3.txt
Running data/example_mats/quad/p6/gauss-legendre-lobatto/m3.txt
Finished running in 2.3691666666666666ms
Generating and Compiling data/example_mats/quad/p6/gauss-legendre-lobatto/m6.txt
Running data/example_mats/quad/p6/gauss-legendre-lobatto/m6.txt
Finished running in 4.033133333333335ms
Generating and Compiling data/example_mats/quad/p6/gauss-legendre-lobatto/m132.txt
Running data/example_mats/quad/p6/gauss-legendre-lobatto/m132.txt
Finished running in 4.9421333333333335ms
Generating and Compiling data/example_mats/quad/p6/gauss-legendre-lobatto/m460.txt
Running data/example_mats/quad/p6/gauss-legendre-lobatto/m460.txt
Finished running in 4.9112ms
Generating and Compiling data/example_mats/quad/p6/gauss-legendre/m0.txt
Running data/example_mats/quad/p6/gauss-legendre/m0.txt
Finished running in 2.1048999999999998ms
Generating and Compiling data/example_mats/quad/p6/gauss-legendre/m3.txt
Running data/example_mats/quad/p6/gauss-legendre/m3.txt
Finished running in 2.2180666666666666ms
Generating and Compiling data/example_mats/quad/p6/gauss-legendre/m6.txt
Running data/example_mats/quad/p6/gauss-legendre/m6.txt
Finished running in 4.0412ms
Generating and Compiling data/example_mats/quad/p6/gauss-legendre/m132.txt
Running data/example_mats/quad/p6/gauss-legendre/m132.txt
Finished running in 4.930366666666667ms
Generating and Compiling data/example_mats/quad/p6/gauss-legendre/m460.txt
Running data/example_mats/quad/p6/gauss-legendre/m460.txt
Finished running in 5.496100000000001ms
Generating and Compiling data/example_mats/tet/p1/shunn-ham/m0.txt
Running data/example_mats/tet/p1/shunn-ham/m0.txt
Finished running in 0.5077666666666667ms
Generating and Compiling data/example_mats/tet/p1/shunn-ham/m3.txt
Running data/example_mats/tet/p1/shunn-ham/m3.txt
Finished running in 0.2626ms
Generating and Compiling data/example_mats/tet/p1/shunn-ham/m6.txt
Running data/example_mats/tet/p1/shunn-ham/m6.txt
Finished running in 0.5643333333333334ms
Generating and Compiling data/example_mats/tet/p1/shunn-ham/m132.txt
Running data/example_mats/tet/p1/shunn-ham/m132.txt
Finished running in 0.23583333333333334ms
Generating and Compiling data/example_mats/tet/p1/shunn-ham/m460.txt
Running data/example_mats/tet/p1/shunn-ham/m460.txt
Finished running in 0.27323333333333333ms
Generating and Compiling data/example_mats/tet/p2/shunn-ham/m0.txt
Running data/example_mats/tet/p2/shunn-ham/m0.txt
Finished running in 1.3456000000000001ms
Generating and Compiling data/example_mats/tet/p2/shunn-ham/m3.txt
Running data/example_mats/tet/p2/shunn-ham/m3.txt
Finished running in 0.5391999999999999ms
Generating and Compiling data/example_mats/tet/p2/shunn-ham/m6.txt
Running data/example_mats/tet/p2/shunn-ham/m6.txt
Finished running in 1.712ms
Generating and Compiling data/example_mats/tet/p2/shunn-ham/m132.txt
Running data/example_mats/tet/p2/shunn-ham/m132.txt
Finished running in 0.6305999999999999ms
Generating and Compiling data/example_mats/tet/p2/shunn-ham/m460.txt
Running data/example_mats/tet/p2/shunn-ham/m460.txt
Finished running in 1.5073ms
Generating and Compiling data/example_mats/tet/p3/shunn-ham/m0.txt
Running data/example_mats/tet/p3/shunn-ham/m0.txt
Finished running in 1.9325666666666665ms
Generating and Compiling data/example_mats/tet/p3/shunn-ham/m3.txt
Running data/example_mats/tet/p3/shunn-ham/m3.txt
Finished running in 2.2453ms
Generating and Compiling data/example_mats/tet/p3/shunn-ham/m6.txt
Running data/example_mats/tet/p3/shunn-ham/m6.txt
Finished running in 4.1368ms
Generating and Compiling data/example_mats/tet/p3/shunn-ham/m132.txt
Running data/example_mats/tet/p3/shunn-ham/m132.txt
Finished running in 3.325ms
Generating and Compiling data/example_mats/tet/p3/shunn-ham/m460.txt
Running data/example_mats/tet/p3/shunn-ham/m460.txt
Finished running in 3.7660666666666667ms
Generating and Compiling data/example_mats/tet/p4/shunn-ham/m0.txt
Running data/example_mats/tet/p4/shunn-ham/m0.txt
Finished running in 5.071233333333334ms
Generating and Compiling data/example_mats/tet/p4/shunn-ham/m3.txt
Running data/example_mats/tet/p4/shunn-ham/m3.txt
Finished running in 4.892566666666666ms
Generating and Compiling data/example_mats/tet/p4/shunn-ham/m6.txt
Running data/example_mats/tet/p4/shunn-ham/m6.txt
Finished running in 8.858066666666666ms
Generating and Compiling data/example_mats/tet/p4/shunn-ham/m132.txt
Running data/example_mats/tet/p4/shunn-ham/m132.txt
Finished running in 9.4915ms
Generating and Compiling data/example_mats/tet/p4/shunn-ham/m460.txt
Running data/example_mats/tet/p4/shunn-ham/m460.txt
Finished running in 7.942466666666666ms
Generating and Compiling data/example_mats/tet/p5/shunn-ham/m0.txt
Running data/example_mats/tet/p5/shunn-ham/m0.txt
Finished running in 9.648200000000001ms
Generating and Compiling data/example_mats/tet/p5/shunn-ham/m3.txt
Running data/example_mats/tet/p5/shunn-ham/m3.txt
Finished running in 10.5739ms
Generating and Compiling data/example_mats/tet/p5/shunn-ham/m6.txt
Running data/example_mats/tet/p5/shunn-ham/m6.txt
Finished running in 25.841600000000003ms
Generating and Compiling data/example_mats/tet/p5/shunn-ham/m132.txt
Running data/example_mats/tet/p5/shunn-ham/m132.txt
Finished running in 27.7422ms
Generating and Compiling data/example_mats/tet/p5/shunn-ham/m460.txt
Running data/example_mats/tet/p5/shunn-ham/m460.txt
Finished running in 18.3736ms
Generating and Compiling data/example_mats/tet/p6/shunn-ham/m0.txt
Running data/example_mats/tet/p6/shunn-ham/m0.txt
Finished running in 18.237166666666667ms
Generating and Compiling data/example_mats/tet/p6/shunn-ham/m3.txt
Running data/example_mats/tet/p6/shunn-ham/m3.txt
Finished running in 21.6919ms
Generating and Compiling data/example_mats/tet/p6/shunn-ham/m6.txt
Running data/example_mats/tet/p6/shunn-ham/m6.txt
Finished running in 51.053133333333335ms
Generating and Compiling data/example_mats/tet/p6/shunn-ham/m132.txt
Running data/example_mats/tet/p6/shunn-ham/m132.txt
Finished running in 54.062000000000005ms
Generating and Compiling data/example_mats/tet/p6/shunn-ham/m460.txt
Running data/example_mats/tet/p6/shunn-ham/m460.txt
Finished running in 38.61613333333333ms
Generating and Compiling data/example_mats/tri/p1/williams-shunn/m0.txt
Running data/example_mats/tri/p1/williams-shunn/m0.txt
Finished running in 0.2617333333333333ms
Generating and Compiling data/example_mats/tri/p1/williams-shunn/m3.txt
Running data/example_mats/tri/p1/williams-shunn/m3.txt
Finished running in 0.16126666666666667ms
Generating and Compiling data/example_mats/tri/p1/williams-shunn/m6.txt
Running data/example_mats/tri/p1/williams-shunn/m6.txt
Finished running in 0.289ms
Generating and Compiling data/example_mats/tri/p1/williams-shunn/m132.txt
Running data/example_mats/tri/p1/williams-shunn/m132.txt
Finished running in 0.14996666666666666ms
Generating and Compiling data/example_mats/tri/p1/williams-shunn/m460.txt
Running data/example_mats/tri/p1/williams-shunn/m460.txt
LIBXSMM_VERSION: RT-bct-B-from-vreg-hide-mlatency-1.16.1-1579 (25183787)
LIBXSMM_TARGET: clx
Registry and code: 13 MB
Uptime: 0.008709 s

LIBXSMM_VERSION: RT-bct-B-from-vreg-hide-mlatency-1.16.1-1579 (25183787)
LIBXSMM_TARGET: clx
Registry and code: 13 MB
Uptime: 0.008723 s

LIBXSMM_VERSION: RT-bct-B-from-vreg-hide-mlatency-1.16.1-1579 (25183787)
LIBXSMM_TARGET: clx
Registry and code: 13 MB
Uptime: 0.009044 s

LIBXSMM_VERSION: RT-bct-B-from-vreg-hide-mlatency-1.16.1-1579 (25183787)
LIBXSMM_TARGET: clx
Registry and code: 13 MB
Uptime: 0.016002 s

LIBXSMM_VERSION: RT-bct-B-from-vreg-hide-mlatency-1.16.1-1579 (25183787)
LIBXSMM_TARGET: clx
Registry and code: 13 MB
Uptime: 0.016006 s

LIBXSMM_VERSION: RT-bct-B-from-vreg-hide-mlatency-1.16.1-1579 (25183787)
LIBXSMM_TARGET: clx
Registry and code: 13 MB
Uptime: 0.016007 s

LIBXSMM_VERSION: RT-bct-B-from-vreg-hide-mlatency-1.16.1-1579 (25183787)
LIBXSMM_TARGET: clx
Registry and code: 13 MB
Uptime: 0.013231 s

LIBXSMM_VERSION: RT-bct-B-from-vreg-hide-mlatency-1.16.1-1579 (25183787)
LIBXSMM_TARGET: clx
Registry and code: 13 MB
Uptime: 0.013488 s

LIBXSMM_VERSION: RT-bct-B-from-vreg-hide-mlatency-1.16.1-1579 (25183787)
LIBXSMM_TARGET: clx
Registry and code: 13 MB
Uptime: 0.013217 s

LIBXSMM_VERSION: RT-bct-B-from-vreg-hide-mlatency-1.16.1-1579 (25183787)
LIBXSMM_TARGET: clx
Registry and code: 13 MB
Uptime: 0.021752 s

LIBXSMM_VERSION: RT-bct-B-from-vreg-hide-mlatency-1.16.1-1579 (25183787)
LIBXSMM_TARGET: clx
Registry and code: 13 MB
Uptime: 0.021445 s

LIBXSMM_VERSION: RT-bct-B-from-vreg-hide-mlatency-1.16.1-1579 (25183787)
LIBXSMM_TARGET: clx
Registry and code: 13 MB
Uptime: 0.021414 s

LIBXSMM_VERSION: RT-bct-B-from-vreg-hide-mlatency-1.16.1-1579 (25183787)
LIBXSMM_TARGET: clx
Registry and code: 13 MB
Uptime: 0.014110 s

LIBXSMM_VERSION: RT-bct-B-from-vreg-hide-mlatency-1.16.1-1579 (25183787)
LIBXSMM_TARGET: clx
Registry and code: 13 MB
Uptime: 0.014222 s

LIBXSMM_VERSION: RT-bct-B-from-vreg-hide-mlatency-1.16.1-1579 (25183787)
LIBXSMM_TARGET: clx
Registry and code: 13 MB
Uptime: 0.014120 s

LIBXSMM_VERSION: RT-bct-B-from-vreg-hide-mlatency-1.16.1-1579 (25183787)
LIBXSMM_TARGET: clx
Registry and code: 13 MB
Uptime: 0.020674 s

LIBXSMM_VERSION: RT-bct-B-from-vreg-hide-mlatency-1.16.1-1579 (25183787)
LIBXSMM_TARGET: clx
Registry and code: 13 MB
Uptime: 0.020227 s

LIBXSMM_VERSION: RT-bct-B-from-vreg-hide-mlatency-1.16.1-1579 (25183787)
LIBXSMM_TARGET: clx
Registry and code: 13 MB
Uptime: 0.019978 s

LIBXSMM_VERSION: RT-bct-B-from-vreg-hide-mlatency-1.16.1-1579 (25183787)
LIBXSMM_TARGET: clx
Registry and code: 13 MB
Uptime: 0.022418 s

LIBXSMM_VERSION: RT-bct-B-from-vreg-hide-mlatency-1.16.1-1579 (25183787)
LIBXSMM_TARGET: clx
Registry and code: 13 MB
Uptime: 0.022313 s

LIBXSMM_VERSION: RT-bct-B-from-vreg-hide-mlatency-1.16.1-1579 (25183787)
LIBXSMM_TARGET: clx
Registry and code: 13 MB
Uptime: 0.022803 s

LIBXSMM_VERSION: RT-bct-B-from-vreg-hide-mlatency-1.16.1-1579 (25183787)
LIBXSMM_TARGET: clx
Registry and code: 13 MB
Uptime: 0.019702 s

LIBXSMM_VERSION: RT-bct-B-from-vreg-hide-mlatency-1.16.1-1579 (25183787)
LIBXSMM_TARGET: clx
Registry and code: 13 MB
Uptime: 0.019703 s

LIBXSMM_VERSION: RT-bct-B-from-vreg-hide-mlatency-1.16.1-1579 (25183787)
LIBXSMM_TARGET: clx
Registry and code: 13 MB
Uptime: 0.020502 s

LIBXSMM_VERSION: RT-bct-B-from-vreg-hide-mlatency-1.16.1-1579 (25183787)
LIBXSMM_TARGET: clx
Registry and code: 13 MB
Uptime: 0.032851 s

LIBXSMM_VERSION: RT-bct-B-from-vreg-hide-mlatency-1.16.1-1579 (25183787)
LIBXSMM_TARGET: clx
Registry and code: 13 MB
Uptime: 0.033362 s

LIBXSMM_VERSION: RT-bct-B-from-vreg-hide-mlatency-1.16.1-1579 (25183787)
LIBXSMM_TARGET: clx
Registry and code: 13 MB
Uptime: 0.034027 s

LIBXSMM_VERSION: RT-bct-B-from-vreg-hide-mlatency-1.16.1-1579 (25183787)
LIBXSMM_TARGET: clx
Registry and code: 13 MB
Uptime: 0.027657 s

LIBXSMM_VERSION: RT-bct-B-from-vreg-hide-mlatency-1.16.1-1579 (25183787)
LIBXSMM_TARGET: clx
Registry and code: 13 MB
Uptime: 0.026386 s

LIBXSMM_VERSION: RT-bct-B-from-vreg-hide-mlatency-1.16.1-1579 (25183787)
LIBXSMM_TARGET: clx
Registry and code: 13 MB
Uptime: 0.025399 s

LIBXSMM_VERSION: RT-bct-B-from-vreg-hide-mlatency-1.16.1-1579 (25183787)
LIBXSMM_TARGET: clx
Registry and code: 13 MB
Uptime: 0.032675 s

LIBXSMM_VERSION: RT-bct-B-from-vreg-hide-mlatency-1.16.1-1579 (25183787)
LIBXSMM_TARGET: clx
Registry and code: 13 MB
Uptime: 0.032980 s

LIBXSMM_VERSION: RT-bct-B-from-vreg-hide-mlatency-1.16.1-1579 (25183787)
LIBXSMM_TARGET: clx
Registry and code: 13 MB
Uptime: 0.033261 s

LIBXSMM_VERSION: RT-bct-B-from-vreg-hide-mlatency-1.16.1-1579 (25183787)
LIBXSMM_TARGET: clx
Registry and code: 13 MB
Uptime: 0.029708 s

LIBXSMM_VERSION: RT-bct-B-from-vreg-hide-mlatency-1.16.1-1579 (25183787)
LIBXSMM_TARGET: clx
Registry and code: 13 MB
Uptime: 0.030101 s

LIBXSMM_VERSION: RT-bct-B-from-vreg-hide-mlatency-1.16.1-1579 (25183787)
LIBXSMM_TARGET: clx
Registry and code: 13 MB
Uptime: 0.030064 s

LIBXSMM_VERSION: RT-bct-B-from-vreg-hide-mlatency-1.16.1-1579 (25183787)
LIBXSMM_TARGET: clx
Registry and code: 13 MB
Uptime: 0.030506 s

LIBXSMM_VERSION: RT-bct-B-from-vreg-hide-mlatency-1.16.1-1579 (25183787)
LIBXSMM_TARGET: clx
Registry and code: 13 MB
Uptime: 0.030173 s

LIBXSMM_VERSION: RT-bct-B-from-vreg-hide-mlatency-1.16.1-1579 (25183787)
LIBXSMM_TARGET: clx
Registry and code: 13 MB
Uptime: 0.030232 s

LIBXSMM_VERSION: RT-bct-B-from-vreg-hide-mlatency-1.16.1-1579 (25183787)
LIBXSMM_TARGET: clx
Registry and code: 13 MB
Uptime: 0.049937 s

LIBXSMM_VERSION: RT-bct-B-from-vreg-hide-mlatency-1.16.1-1579 (25183787)
LIBXSMM_TARGET: clx
Registry and code: 13 MB
Uptime: 0.049349 s

LIBXSMM_VERSION: RT-bct-B-from-vreg-hide-mlatency-1.16.1-1579 (25183787)
LIBXSMM_TARGET: clx
Registry and code: 13 MB
Uptime: 0.049664 s

LIBXSMM_VERSION: RT-bct-B-from-vreg-hide-mlatency-1.16.1-1579 (25183787)
LIBXSMM_TARGET: clx
Registry and code: 13 MB
Uptime: 0.056768 s

LIBXSMM_VERSION: RT-bct-B-from-vreg-hide-mlatency-1.16.1-1579 (25183787)
LIBXSMM_TARGET: clx
Registry and code: 13 MB
Uptime: 0.051816 s

LIBXSMM_VERSION: RT-bct-B-from-vreg-hide-mlatency-1.16.1-1579 (25183787)
LIBXSMM_TARGET: clx
Registry and code: 13 MB
Uptime: 0.048595 s

LIBXSMM_VERSION: RT-bct-B-from-vreg-hide-mlatency-1.16.1-1579 (25183787)
LIBXSMM_TARGET: clx
Registry and code: 13 MB
Uptime: 0.053359 s

LIBXSMM_VERSION: RT-bct-B-from-vreg-hide-mlatency-1.16.1-1579 (25183787)
LIBXSMM_TARGET: clx
Registry and code: 13 MB
Uptime: 0.051524 s

LIBXSMM_VERSION: RT-bct-B-from-vreg-hide-mlatency-1.16.1-1579 (25183787)
LIBXSMM_TARGET: clx
Registry and code: 13 MB
Uptime: 0.051126 s

LIBXSMM_VERSION: RT-bct-B-from-vreg-hide-mlatency-1.16.1-1579 (25183787)
LIBXSMM_TARGET: clx
Registry and code: 13 MB
Uptime: 0.048843 s

LIBXSMM_VERSION: RT-bct-B-from-vreg-hide-mlatency-1.16.1-1579 (25183787)
LIBXSMM_TARGET: clx
Registry and code: 13 MB
Uptime: 0.043649 s

LIBXSMM_VERSION: RT-bct-B-from-vreg-hide-mlatency-1.16.1-1579 (25183787)
LIBXSMM_TARGET: clx
Registry and code: 13 MB
Uptime: 0.039826 s

LIBXSMM_VERSION: RT-bct-B-from-vreg-hide-mlatency-1.16.1-1579 (25183787)
LIBXSMM_TARGET: clx
Registry and code: 13 MB
Uptime: 0.049632 s

LIBXSMM_VERSION: RT-bct-B-from-vreg-hide-mlatency-1.16.1-1579 (25183787)
LIBXSMM_TARGET: clx
Registry and code: 13 MB
Uptime: 0.043912 s

LIBXSMM_VERSION: RT-bct-B-from-vreg-hide-mlatency-1.16.1-1579 (25183787)
LIBXSMM_TARGET: clx
Registry and code: 13 MB
Uptime: 0.041460 s

LIBXSMM_VERSION: RT-bct-B-from-vreg-hide-mlatency-1.16.1-1579 (25183787)
LIBXSMM_TARGET: clx
Registry and code: 13 MB
Uptime: 0.069157 s

LIBXSMM_VERSION: RT-bct-B-from-vreg-hide-mlatency-1.16.1-1579 (25183787)
LIBXSMM_TARGET: clx
Registry and code: 13 MB
Uptime: 0.068846 s

LIBXSMM_VERSION: RT-bct-B-from-vreg-hide-mlatency-1.16.1-1579 (25183787)
LIBXSMM_TARGET: clx
Registry and code: 13 MB
Uptime: 0.069695 s

LIBXSMM_VERSION: RT-bct-B-from-vreg-hide-mlatency-1.16.1-1579 (25183787)
LIBXSMM_TARGET: clx
Registry and code: 13 MB
Uptime: 0.128038 s

LIBXSMM_VERSION: RT-bct-B-from-vreg-hide-mlatency-1.16.1-1579 (25183787)
LIBXSMM_TARGET: clx
Registry and code: 13 MB
Uptime: 0.104676 s

LIBXSMM_VERSION: RT-bct-B-from-vreg-hide-mlatency-1.16.1-1579 (25183787)
LIBXSMM_TARGET: clx
Registry and code: 13 MB
Uptime: 0.083332 s

LIBXSMM_VERSION: RT-bct-B-from-vreg-hide-mlatency-1.16.1-1579 (25183787)
LIBXSMM_TARGET: clx
Registry and code: 13 MB
Uptime: 0.103480 s

LIBXSMM_VERSION: RT-bct-B-from-vreg-hide-mlatency-1.16.1-1579 (25183787)
LIBXSMM_TARGET: clx
Registry and code: 13 MB
Uptime: 0.089186 s

LIBXSMM_VERSION: RT-bct-B-from-vreg-hide-mlatency-1.16.1-1579 (25183787)
LIBXSMM_TARGET: clx
Registry and code: 13 MB
Uptime: 0.073982 s

LIBXSMM_VERSION: RT-bct-B-from-vreg-hide-mlatency-1.16.1-1579 (25183787)
LIBXSMM_TARGET: clx
Registry and code: 13 MB
Uptime: 0.070830 s

LIBXSMM_VERSION: RT-bct-B-from-vreg-hide-mlatency-1.16.1-1579 (25183787)
LIBXSMM_TARGET: clx
Registry and code: 13 MB
Uptime: 0.065116 s

LIBXSMM_VERSION: RT-bct-B-from-vreg-hide-mlatency-1.16.1-1579 (25183787)
LIBXSMM_TARGET: clx
Registry and code: 13 MB
Uptime: 0.058629 s

LIBXSMM_VERSION: RT-bct-B-from-vreg-hide-mlatency-1.16.1-1579 (25183787)
LIBXSMM_TARGET: clx
Registry and code: 13 MB
Uptime: 0.072472 s

LIBXSMM_VERSION: RT-bct-B-from-vreg-hide-mlatency-1.16.1-1579 (25183787)
LIBXSMM_TARGET: clx
Registry and code: 13 MB
Uptime: 0.062469 s

LIBXSMM_VERSION: RT-bct-B-from-vreg-hide-mlatency-1.16.1-1579 (25183787)
LIBXSMM_TARGET: clx
Registry and code: 13 MB
Uptime: 0.057155 s

LIBXSMM_VERSION: RT-bct-B-from-vreg-hide-mlatency-1.16.1-1579 (25183787)
LIBXSMM_TARGET: clx
Registry and code: 13 MB
Uptime: 0.096179 s

LIBXSMM_VERSION: RT-bct-B-from-vreg-hide-mlatency-1.16.1-1579 (25183787)
LIBXSMM_TARGET: clx
Registry and code: 13 MB
Uptime: 0.093846 s

LIBXSMM_VERSION: RT-bct-B-from-vreg-hide-mlatency-1.16.1-1579 (25183787)
LIBXSMM_TARGET: clx
Registry and code: 13 MB
Uptime: 0.087135 s

LIBXSMM_VERSION: RT-bct-B-from-vreg-hide-mlatency-1.16.1-1579 (25183787)
LIBXSMM_TARGET: clx
Registry and code: 13 MB
Uptime: 0.222603 s

LIBXSMM_VERSION: RT-bct-B-from-vreg-hide-mlatency-1.16.1-1579 (25183787)
LIBXSMM_TARGET: clx
Registry and code: 13 MB
Uptime: 0.173541 s

LIBXSMM_VERSION: RT-bct-B-from-vreg-hide-mlatency-1.16.1-1579 (25183787)
LIBXSMM_TARGET: clx
Registry and code: 13 MB
Uptime: 0.142092 s

LIBXSMM_VERSION: RT-bct-B-from-vreg-hide-mlatency-1.16.1-1579 (25183787)
LIBXSMM_TARGET: clx
Registry and code: 13 MB
Uptime: 0.171552 s

LIBXSMM_VERSION: RT-bct-B-from-vreg-hide-mlatency-1.16.1-1579 (25183787)
LIBXSMM_TARGET: clx
Registry and code: 13 MB
Uptime: 0.143817 s

LIBXSMM_VERSION: RT-bct-B-from-vreg-hide-mlatency-1.16.1-1579 (25183787)
LIBXSMM_TARGET: clx
Registry and code: 13 MB
Uptime: 0.128639 s

Finished running in 0.1689ms
Generating and Compiling data/example_mats/tri/p2/williams-shunn/m0.txt
Running data/example_mats/tri/p2/williams-shunn/m0.txt
Finished running in 0.4034333333333333ms
Generating and Compiling data/example_mats/tri/p2/williams-shunn/m3.txt
Running data/example_mats/tri/p2/williams-shunn/m3.txt
Finished running in 0.3418ms
Generating and Compiling data/example_mats/tri/p2/williams-shunn/m6.txt
Running data/example_mats/tri/p2/williams-shunn/m6.txt
Finished running in 0.5673333333333334ms
Generating and Compiling data/example_mats/tri/p2/williams-shunn/m132.txt
Running data/example_mats/tri/p2/williams-shunn/m132.txt
Finished running in 0.3794666666666667ms
Generating and Compiling data/example_mats/tri/p2/williams-shunn/m460.txt
Running data/example_mats/tri/p2/williams-shunn/m460.txt
Finished running in 0.5361666666666667ms
Generating and Compiling data/example_mats/tri/p3/williams-shunn/m0.txt
Running data/example_mats/tri/p3/williams-shunn/m0.txt
Finished running in 0.6316ms
Generating and Compiling data/example_mats/tri/p3/williams-shunn/m3.txt
Running data/example_mats/tri/p3/williams-shunn/m3.txt
Finished running in 0.5791000000000001ms
Generating and Compiling data/example_mats/tri/p3/williams-shunn/m6.txt
Running data/example_mats/tri/p3/williams-shunn/m6.txt
Finished running in 0.9428ms
Generating and Compiling data/example_mats/tri/p3/williams-shunn/m132.txt
Running data/example_mats/tri/p3/williams-shunn/m132.txt
Finished running in 0.5159666666666667ms
Generating and Compiling data/example_mats/tri/p3/williams-shunn/m460.txt
Running data/example_mats/tri/p3/williams-shunn/m460.txt
Finished running in 0.9901ms
Generating and Compiling data/example_mats/tri/p4/williams-shunn/m0.txt
Running data/example_mats/tri/p4/williams-shunn/m0.txt
Finished running in 0.9430666666666667ms
Generating and Compiling data/example_mats/tri/p4/williams-shunn/m3.txt
Running data/example_mats/tri/p4/williams-shunn/m3.txt
Finished running in 0.9474666666666667ms
Generating and Compiling data/example_mats/tri/p4/williams-shunn/m6.txt
Running data/example_mats/tri/p4/williams-shunn/m6.txt
Finished running in 1.5231ms
Generating and Compiling data/example_mats/tri/p4/williams-shunn/m132.txt
Running data/example_mats/tri/p4/williams-shunn/m132.txt
Finished running in 1.0878333333333332ms
Generating and Compiling data/example_mats/tri/p4/williams-shunn/m460.txt
Running data/example_mats/tri/p4/williams-shunn/m460.txt
Finished running in 1.7591666666666665ms
Generating and Compiling data/example_mats/tri/p5/williams-shunn/m0.txt
Running data/example_mats/tri/p5/williams-shunn/m0.txt
Finished running in 0.9750333333333334ms
Generating and Compiling data/example_mats/tri/p5/williams-shunn/m3.txt
Running data/example_mats/tri/p5/williams-shunn/m3.txt
Finished running in 1.0179ms
Generating and Compiling data/example_mats/tri/p5/williams-shunn/m6.txt
Running data/example_mats/tri/p5/williams-shunn/m6.txt
Finished running in 2.4586333333333332ms
Generating and Compiling data/example_mats/tri/p5/williams-shunn/m132.txt
Running data/example_mats/tri/p5/williams-shunn/m132.txt
Finished running in 2.467566666666667ms
Generating and Compiling data/example_mats/tri/p5/williams-shunn/m460.txt
Running data/example_mats/tri/p5/williams-shunn/m460.txt
Finished running in 2.059066666666667ms
Generating and Compiling data/example_mats/tri/p6/williams-shunn/m0.txt
Running data/example_mats/tri/p6/williams-shunn/m0.txt
Finished running in 1.3025666666666667ms
Generating and Compiling data/example_mats/tri/p6/williams-shunn/m3.txt
Running data/example_mats/tri/p6/williams-shunn/m3.txt
Finished running in 1.6074ms
Generating and Compiling data/example_mats/tri/p6/williams-shunn/m6.txt
Running data/example_mats/tri/p6/williams-shunn/m6.txt
Finished running in 3.1841333333333335ms
Generating and Compiling data/example_mats/tri/p6/williams-shunn/m132.txt
Running data/example_mats/tri/p6/williams-shunn/m132.txt
Finished running in 4.0414666666666665ms
Generating and Compiling data/example_mats/tri/p6/williams-shunn/m460.txt
Running data/example_mats/tri/p6/williams-shunn/m460.txt
Finished running in 3.4389ms
Traceback (most recent call last):
  File "src/benchmark/benchmark.py", line 162, in <module>
    print("Average speedup (best) of custom over reference {}".format(sum(speedups_best_over_ref)/len(speedups_best_over_ref)))
TypeError: unsupported operand type(s) for +: 'int' and 'NoneType'
