
LIBXSMM_VERSION: RT-bct-L1-NMBlocking-1.16.1-1576 (25183784)
LIBXSMM_TARGET: skx
Registry and code: 13 MB
Uptime: 0.269552 s

LIBXSMM_VERSION: RT-bct-L1-NMBlocking-1.16.1-1576 (25183784)
LIBXSMM_TARGET: skx
Registry and code: 13 MB
Uptime: 0.264484 s

LIBXSMM_VERSION: RT-bct-L1-NMBlocking-1.16.1-1576 (25183784)
LIBXSMM_TARGET: skx
Registry and code: 13 MB
Uptime: 0.265402 s

LIBXSMM_VERSION: RT-bct-L1-NMBlocking-1.16.1-1576 (25183784)
LIBXSMM_TARGET: skx
Registry and code: 13 MB
Uptime: 0.425850 s

LIBXSMM_VERSION: RT-bct-L1-NMBlocking-1.16.1-1576 (25183784)
LIBXSMM_TARGET: skx
Registry and code: 13 MB
Uptime: 0.374564 s

LIBXSMM_VERSION: RT-bct-L1-NMBlocking-1.16.1-1576 (25183784)
LIBXSMM_TARGET: skx
Registry and code: 13 MB
Uptime: 0.381214 s

LIBXSMM_VERSION: RT-bct-L1-NMBlocking-1.16.1-1576 (25183784)
LIBXSMM_TARGET: skx
Registry and code: 13 MB
Uptime: 0.655719 s

LIBXSMM_VERSION: RT-bct-L1-NMBlocking-1.16.1-1576 (25183784)
LIBXSMM_TARGET: skx
Registry and code: 13 MB
Uptime: 0.603666 s

LIBXSMM_VERSION: RT-bct-L1-NMBlocking-1.16.1-1576 (25183784)
LIBXSMM_TARGET: skx
Registry and code: 13 MB
Uptime: 0.567378 s

LIBXSMM_VERSION: RT-bct-L1-NMBlocking-1.16.1-1576 (25183784)
LIBXSMM_TARGET: skx
Registry and code: 13 MB
Uptime: 1.073475 s

LIBXSMM_VERSION: RT-bct-L1-NMBlocking-1.16.1-1576 (25183784)
LIBXSMM_TARGET: skx
Registry and code: 13 MB
Uptime: 1.131499 s

LIBXSMM_VERSION: RT-bct-L1-NMBlocking-1.16.1-1576 (25183784)
LIBXSMM_TARGET: skx
Registry and code: 13 MB
Uptime: 1.059556 s

LIBXSMM_VERSION: RT-bct-L1-NMBlocking-1.16.1-1576 (25183784)
LIBXSMM_TARGET: skx
Registry and code: 13 MB
Uptime: 2.760060 s

LIBXSMM_VERSION: RT-bct-L1-NMBlocking-1.16.1-1576 (25183784)
LIBXSMM_TARGET: skx
Registry and code: 13 MB
Uptime: 2.689362 s

LIBXSMM_VERSION: RT-bct-L1-NMBlocking-1.16.1-1576 (25183784)
LIBXSMM_TARGET: skx
Registry and code: 13 MB
Uptime: 2.563428 s

LIBXSMM_VERSION: RT-bct-L1-NMBlocking-1.16.1-1576 (25183784)
LIBXSMM_TARGET: skx
Registry and code: 13 MB
Uptime: 6.981234 s

LIBXSMM_VERSION: RT-bct-L1-NMBlocking-1.16.1-1576 (25183784)
LIBXSMM_TARGET: skx
Registry and code: 13 MB
Uptime: 7.291601 s

LIBXSMM_VERSION: RT-bct-L1-NMBlocking-1.16.1-1576 (25183784)
LIBXSMM_TARGET: skx
Registry and code: 13 MB
Uptime: 6.907471 s

LIBXSMM_VERSION: RT-bct-L1-NMBlocking-1.16.1-1576 (25183784)
LIBXSMM_TARGET: skx
Registry and code: 13 MB
Uptime: 0.274473 s

LIBXSMM_VERSION: RT-bct-L1-NMBlocking-1.16.1-1576 (25183784)
LIBXSMM_TARGET: skx
Registry and code: 13 MB
Uptime: 0.270536 s

LIBXSMM_VERSION: RT-bct-L1-NMBlocking-1.16.1-1576 (25183784)
LIBXSMM_TARGET: skx
Registry and code: 13 MB
Uptime: 0.271576 s

LIBXSMM_VERSION: RT-bct-L1-NMBlocking-1.16.1-1576 (25183784)
LIBXSMM_TARGET: skx
Registry and code: 13 MB
Uptime: 0.416640 s

LIBXSMM_VERSION: RT-bct-L1-NMBlocking-1.16.1-1576 (25183784)
LIBXSMM_TARGET: skx
Registry and code: 13 MB
Uptime: 0.359925 s

LIBXSMM_VERSION: RT-bct-L1-NMBlocking-1.16.1-1576 (25183784)
LIBXSMM_TARGET: skx
Registry and code: 13 MB
Uptime: 0.368141 s

LIBXSMM_VERSION: RT-bct-L1-NMBlocking-1.16.1-1576 (25183784)
LIBXSMM_TARGET: skx
Registry and code: 13 MB
Uptime: 0.699026 s

LIBXSMM_VERSION: RT-bct-L1-NMBlocking-1.16.1-1576 (25183784)
LIBXSMM_TARGET: skx
Registry and code: 13 MB
Uptime: 0.593416 s

LIBXSMM_VERSION: RT-bct-L1-NMBlocking-1.16.1-1576 (25183784)
LIBXSMM_TARGET: skx
Registry and code: 13 MB
Uptime: 0.573095 s

LIBXSMM_VERSION: RT-bct-L1-NMBlocking-1.16.1-1576 (25183784)
LIBXSMM_TARGET: skx
Registry and code: 13 MB
Uptime: 1.095699 s

LIBXSMM_VERSION: RT-bct-L1-NMBlocking-1.16.1-1576 (25183784)
LIBXSMM_TARGET: skx
Registry and code: 13 MB
Uptime: 1.178373 s

LIBXSMM_VERSION: RT-bct-L1-NMBlocking-1.16.1-1576 (25183784)
LIBXSMM_TARGET: skx
Registry and code: 13 MB
Uptime: 1.072004 s

LIBXSMM_VERSION: RT-bct-L1-NMBlocking-1.16.1-1576 (25183784)
LIBXSMM_TARGET: skx
Registry and code: 13 MB
Uptime: 2.733995 s

LIBXSMM_VERSION: RT-bct-L1-NMBlocking-1.16.1-1576 (25183784)
LIBXSMM_TARGET: skx
Registry and code: 13 MB
Uptime: 2.706516 s

LIBXSMM_VERSION: RT-bct-L1-NMBlocking-1.16.1-1576 (25183784)
LIBXSMM_TARGET: skx
Registry and code: 13 MB
Uptime: 2.585076 s

LIBXSMM_VERSION: RT-bct-L1-NMBlocking-1.16.1-1576 (25183784)
LIBXSMM_TARGET: skx
Registry and code: 13 MB
Uptime: 7.126874 s

LIBXSMM_VERSION: RT-bct-L1-NMBlocking-1.16.1-1576 (25183784)
LIBXSMM_TARGET: skx
Registry and code: 13 MB
Uptime: 7.319291 s

LIBXSMM_VERSION: RT-bct-L1-NMBlocking-1.16.1-1576 (25183784)
LIBXSMM_TARGET: skx
Registry and code: 13 MB
Uptime: 6.959730 s

LIBXSMM_VERSION: RT-bct-L1-NMBlocking-1.16.1-1576 (25183784)
LIBXSMM_TARGET: skx
Registry and code: 13 MB
Uptime: 0.417590 s

LIBXSMM_VERSION: RT-bct-L1-NMBlocking-1.16.1-1576 (25183784)
LIBXSMM_TARGET: skx
Registry and code: 13 MB
Uptime: 0.362812 s

LIBXSMM_VERSION: RT-bct-L1-NMBlocking-1.16.1-1576 (25183784)
LIBXSMM_TARGET: skx
Registry and code: 13 MB
Uptime: 0.368018 s

LIBXSMM_VERSION: RT-bct-L1-NMBlocking-1.16.1-1576 (25183784)
LIBXSMM_TARGET: skx
Registry and code: 13 MB
Uptime: 0.660963 s

LIBXSMM_VERSION: RT-bct-L1-NMBlocking-1.16.1-1576 (25183784)
LIBXSMM_TARGET: skx
Registry and code: 13 MB
Uptime: 0.584089 s

LIBXSMM_VERSION: RT-bct-L1-NMBlocking-1.16.1-1576 (25183784)
LIBXSMM_TARGET: skx
Registry and code: 13 MB
Uptime: 0.548007 s

LIBXSMM_VERSION: RT-bct-L1-NMBlocking-1.16.1-1576 (25183784)
LIBXSMM_TARGET: skx
Registry and code: 13 MB
Uptime: 1.098993 s

LIBXSMM_VERSION: RT-bct-L1-NMBlocking-1.16.1-1576 (25183784)
LIBXSMM_TARGET: skx
Registry and code: 13 MB
Uptime: 1.136758 s

LIBXSMM_VERSION: RT-bct-L1-NMBlocking-1.16.1-1576 (25183784)
LIBXSMM_TARGET: skx
Registry and code: 13 MB
Uptime: 1.069366 s

LIBXSMM_VERSION: RT-bct-L1-NMBlocking-1.16.1-1576 (25183784)
LIBXSMM_TARGET: skx
Registry and code: 13 MB
Uptime: 2.811181 s

LIBXSMM_VERSION: RT-bct-L1-NMBlocking-1.16.1-1576 (25183784)
LIBXSMM_TARGET: skx
Registry and code: 13 MB
Uptime: 2.717906 s

LIBXSMM_VERSION: RT-bct-L1-NMBlocking-1.16.1-1576 (25183784)
LIBXSMM_TARGET: skx
Registry and code: 13 MB
Uptime: 2.582392 s

LIBXSMM_VERSION: RT-bct-L1-NMBlocking-1.16.1-1576 (25183784)
LIBXSMM_TARGET: skx
Registry and code: 13 MB
Uptime: 6.977524 s

LIBXSMM_VERSION: RT-bct-L1-NMBlocking-1.16.1-1576 (25183784)
LIBXSMM_TARGET: skx
Registry and code: 13 MB
Uptime: 7.259323 s

LIBXSMM_VERSION: RT-bct-L1-NMBlocking-1.16.1-1576 (25183784)
LIBXSMM_TARGET: skx
Registry and code: 13 MB
Uptime: 7.007297 s

LIBXSMM_VERSION: RT-bct-L1-NMBlocking-1.16.1-1576 (25183784)
LIBXSMM_TARGET: skx
Registry and code: 13 MB
Uptime: 0.400750 s

LIBXSMM_VERSION: RT-bct-L1-NMBlocking-1.16.1-1576 (25183784)
LIBXSMM_TARGET: skx
Registry and code: 13 MB
Uptime: 0.435790 s

LIBXSMM_VERSION: RT-bct-L1-NMBlocking-1.16.1-1576 (25183784)
LIBXSMM_TARGET: skx
Registry and code: 13 MB
Uptime: 0.449238 s

LIBXSMM_VERSION: RT-bct-L1-NMBlocking-1.16.1-1576 (25183784)
LIBXSMM_TARGET: skx
Registry and code: 13 MB
Uptime: 0.773792 s

LIBXSMM_VERSION: RT-bct-L1-NMBlocking-1.16.1-1576 (25183784)
LIBXSMM_TARGET: skx
Registry and code: 13 MB
Uptime: 0.634539 s

LIBXSMM_VERSION: RT-bct-L1-NMBlocking-1.16.1-1576 (25183784)
LIBXSMM_TARGET: skx
Registry and code: 13 MB
Uptime: 0.662950 s

LIBXSMM_VERSION: RT-bct-L1-NMBlocking-1.16.1-1576 (25183784)
LIBXSMM_TARGET: skx
Registry and code: 13 MB
Uptime: 1.098186 s

LIBXSMM_VERSION: RT-bct-L1-NMBlocking-1.16.1-1576 (25183784)
LIBXSMM_TARGET: skx
Registry and code: 13 MB
Uptime: 0.880346 s

LIBXSMM_VERSION: RT-bct-L1-NMBlocking-1.16.1-1576 (25183784)
LIBXSMM_TARGET: skx
Registry and code: 13 MB
Uptime: 0.934112 s

LIBXSMM_VERSION: RT-bct-L1-NMBlocking-1.16.1-1576 (25183784)
LIBXSMM_TARGET: skx
Registry and code: 13 MB
Uptime: 1.506616 s

LIBXSMM_VERSION: RT-bct-L1-NMBlocking-1.16.1-1576 (25183784)
LIBXSMM_TARGET: skx
Registry and code: 13 MB
Uptime: 1.186632 s

LIBXSMM_VERSION: RT-bct-L1-NMBlocking-1.16.1-1576 (25183784)
LIBXSMM_TARGET: skx
Registry and code: 13 MB
Uptime: 1.269863 s

LIBXSMM_VERSION: RT-bct-L1-NMBlocking-1.16.1-1576 (25183784)
LIBXSMM_TARGET: skx
Registry and code: 13 MB
Uptime: 1.898448 s

LIBXSMM_VERSION: RT-bct-L1-NMBlocking-1.16.1-1576 (25183784)
LIBXSMM_TARGET: skx
Registry and code: 13 MB
Uptime: 1.511029 s

LIBXSMM_VERSION: RT-bct-L1-NMBlocking-1.16.1-1576 (25183784)
LIBXSMM_TARGET: skx
Registry and code: 13 MB
Uptime: 1.620602 s

LIBXSMM_VERSION: RT-bct-L1-NMBlocking-1.16.1-1576 (25183784)
LIBXSMM_TARGET: skx
Registry and code: 13 MB
Uptime: 2.279169 s

LIBXSMM_VERSION: RT-bct-L1-NMBlocking-1.16.1-1576 (25183784)
LIBXSMM_TARGET: skx
Registry and code: 13 MB
Uptime: 1.843049 s

LIBXSMM_VERSION: RT-bct-L1-NMBlocking-1.16.1-1576 (25183784)
LIBXSMM_TARGET: skx
Registry and code: 13 MB
Uptime: 1.993732 s

LIBXSMM_VERSION: RT-bct-L1-NMBlocking-1.16.1-1576 (25183784)
LIBXSMM_TARGET: skx
Registry and code: 13 MB
Uptime: 0.687527 s

LIBXSMM_VERSION: RT-bct-L1-NMBlocking-1.16.1-1576 (25183784)
LIBXSMM_TARGET: skx
Registry and code: 13 MB
Uptime: 0.619442 s

LIBXSMM_VERSION: RT-bct-L1-NMBlocking-1.16.1-1576 (25183784)
LIBXSMM_TARGET: skx
Registry and code: 13 MB
Uptime: 0.572100 s

LIBXSMM_VERSION: RT-bct-L1-NMBlocking-1.16.1-1576 (25183784)
LIBXSMM_TARGET: skx
Registry and code: 13 MB
Uptime: 2.691022 s

LIBXSMM_VERSION: RT-bct-L1-NMBlocking-1.16.1-1576 (25183784)
LIBXSMM_TARGET: skx
Registry and code: 13 MB
Uptime: 2.213960 s

LIBXSMM_VERSION: RT-bct-L1-NMBlocking-1.16.1-1576 (25183784)
LIBXSMM_TARGET: skx
Registry and code: 13 MB
Uptime: 2.373349 s

LIBXSMM_VERSION: RT-bct-L1-NMBlocking-1.16.1-1576 (25183784)
LIBXSMM_TARGET: skx
Registry and code: 13 MB
Uptime: 3.110324 s

LIBXSMM_VERSION: RT-bct-L1-NMBlocking-1.16.1-1576 (25183784)
LIBXSMM_TARGET: skx
Registry and code: 13 MB
Uptime: 2.617198 s

LIBXSMM_VERSION: RT-bct-L1-NMBlocking-1.16.1-1576 (25183784)
LIBXSMM_TARGET: skx
Registry and code: 13 MB
Uptime: 2.787934 s

LIBXSMM_VERSION: RT-bct-L1-NMBlocking-1.16.1-1576 (25183784)
LIBXSMM_TARGET: skx
Registry and code: 13 MB
Uptime: 3.527106 s

LIBXSMM_VERSION: RT-bct-L1-NMBlocking-1.16.1-1576 (25183784)
LIBXSMM_TARGET: skx
Registry and code: 13 MB
Uptime: 3.037030 s

LIBXSMM_VERSION: RT-bct-L1-NMBlocking-1.16.1-1576 (25183784)
LIBXSMM_TARGET: skx
Registry and code: 13 MB
Uptime: 3.156644 s

LIBXSMM_VERSION: RT-bct-L1-NMBlocking-1.16.1-1576 (25183784)
LIBXSMM_TARGET: skx
Registry and code: 13 MB
Uptime: 3.971874 s

LIBXSMM_VERSION: RT-bct-L1-NMBlocking-1.16.1-1576 (25183784)
LIBXSMM_TARGET: skx
Registry and code: 13 MB
Uptime: 3.378555 s

LIBXSMM_VERSION: RT-bct-L1-NMBlocking-1.16.1-1576 (25183784)
LIBXSMM_TARGET: skx
Registry and code: 13 MB
Uptime: 3.458539 s

LIBXSMM_VERSION: RT-bct-L1-NMBlocking-1.16.1-1576 (25183784)
LIBXSMM_TARGET: skx
Registry and code: 13 MB
Uptime: 0.930112 s

LIBXSMM_VERSION: RT-bct-L1-NMBlocking-1.16.1-1576 (25183784)
LIBXSMM_TARGET: skx
Registry and code: 13 MB
Uptime: 0.747926 s

LIBXSMM_VERSION: RT-bct-L1-NMBlocking-1.16.1-1576 (25183784)
LIBXSMM_TARGET: skx
Registry and code: 13 MB
Uptime: 0.777780 s

LIBXSMM_VERSION: RT-bct-L1-NMBlocking-1.16.1-1576 (25183784)
LIBXSMM_TARGET: skx
Registry and code: 13 MB
Uptime: 1.292781 s

LIBXSMM_VERSION: RT-bct-L1-NMBlocking-1.16.1-1576 (25183784)
LIBXSMM_TARGET: skx
Registry and code: 13 MB
Uptime: 1.032012 s

LIBXSMM_VERSION: RT-bct-L1-NMBlocking-1.16.1-1576 (25183784)
LIBXSMM_TARGET: skx
Registry and code: 13 MB
Uptime: 1.095902 s

LIBXSMM_VERSION: RT-bct-L1-NMBlocking-1.16.1-1576 (25183784)
LIBXSMM_TARGET: skx
Registry and code: 13 MB
Uptime: 0.562078 s

LIBXSMM_VERSION: RT-bct-L1-NMBlocking-1.16.1-1576 (25183784)
LIBXSMM_TARGET: skx
Registry and code: 13 MB
Uptime: 0.597373 s

LIBXSMM_VERSION: RT-bct-L1-NMBlocking-1.16.1-1576 (25183784)
LIBXSMM_TARGET: skx
Registry and code: 13 MB
Uptime: 0.598486 s

LIBXSMM_VERSION: RT-bct-L1-NMBlocking-1.16.1-1576 (25183784)
LIBXSMM_TARGET: skx
Registry and code: 13 MB
Uptime: 0.752044 s

LIBXSMM_VERSION: RT-bct-L1-NMBlocking-1.16.1-1576 (25183784)
LIBXSMM_TARGET: skx
Registry and code: 13 MB
Uptime: 0.563585 s

LIBXSMM_VERSION: RT-bct-L1-NMBlocking-1.16.1-1576 (25183784)
LIBXSMM_TARGET: skx
Registry and code: 13 MB
Uptime: 0.578095 s

LIBXSMM_VERSION: RT-bct-L1-NMBlocking-1.16.1-1576 (25183784)
LIBXSMM_TARGET: skx
Registry and code: 13 MB
Uptime: 0.877677 s

LIBXSMM_VERSION: RT-bct-L1-NMBlocking-1.16.1-1576 (25183784)
LIBXSMM_TARGET: skx
Registry and code: 13 MB
Uptime: 0.702669 s

LIBXSMM_VERSION: RT-bct-L1-NMBlocking-1.16.1-1576 (25183784)
LIBXSMM_TARGET: skx
Registry and code: 13 MB
Uptime: 0.708508 s

LIBXSMM_VERSION: RT-bct-L1-NMBlocking-1.16.1-1576 (25183784)
LIBXSMM_TARGET: skx
Registry and code: 13 MB
Uptime: 4.414056 s

LIBXSMM_VERSION: RT-bct-L1-NMBlocking-1.16.1-1576 (25183784)
LIBXSMM_TARGET: skx
Registry and code: 13 MB
Uptime: 3.776250 s

LIBXSMM_VERSION: RT-bct-L1-NMBlocking-1.16.1-1576 (25183784)
LIBXSMM_TARGET: skx
Registry and code: 13 MB
Uptime: 3.920960 s

LIBXSMM_VERSION: RT-bct-L1-NMBlocking-1.16.1-1576 (25183784)
LIBXSMM_TARGET: skx
Registry and code: 13 MB
Uptime: 0.421248 s

LIBXSMM_VERSION: RT-bct-L1-NMBlocking-1.16.1-1576 (25183784)
LIBXSMM_TARGET: skx
Registry and code: 13 MB
Uptime: 0.442649 s

LIBXSMM_VERSION: RT-bct-L1-NMBlocking-1.16.1-1576 (25183784)
LIBXSMM_TARGET: skx
Registry and code: 13 MB
Uptime: 0.450237 s

LIBXSMM_VERSION: RT-bct-L1-NMBlocking-1.16.1-1576 (25183784)
LIBXSMM_TARGET: skx
Registry and code: 13 MB
Uptime: 0.762597 s

LIBXSMM_VERSION: RT-bct-L1-NMBlocking-1.16.1-1576 (25183784)
LIBXSMM_TARGET: skx
Registry and code: 13 MB
Uptime: 0.629146 s

LIBXSMM_VERSION: RT-bct-L1-NMBlocking-1.16.1-1576 (25183784)
LIBXSMM_TARGET: skx
Registry and code: 13 MB
Uptime: 0.635951 s

LIBXSMM_VERSION: RT-bct-L1-NMBlocking-1.16.1-1576 (25183784)
LIBXSMM_TARGET: skx
Registry and code: 13 MB
Uptime: 1.107965 s

LIBXSMM_VERSION: RT-bct-L1-NMBlocking-1.16.1-1576 (25183784)
LIBXSMM_TARGET: skx
Registry and code: 13 MB
Uptime: 0.882042 s

LIBXSMM_VERSION: RT-bct-L1-NMBlocking-1.16.1-1576 (25183784)
LIBXSMM_TARGET: skx
Registry and code: 13 MB
Uptime: 0.932152 s

LIBXSMM_VERSION: RT-bct-L1-NMBlocking-1.16.1-1576 (25183784)
LIBXSMM_TARGET: skx
Registry and code: 13 MB
Uptime: 1.516637 s

LIBXSMM_VERSION: RT-bct-L1-NMBlocking-1.16.1-1576 (25183784)
LIBXSMM_TARGET: skx
Registry and code: 13 MB
Uptime: 1.193819 s

LIBXSMM_VERSION: RT-bct-L1-NMBlocking-1.16.1-1576 (25183784)
LIBXSMM_TARGET: skx
Registry and code: 13 MB
Uptime: 1.275750 s

LIBXSMM_VERSION: RT-bct-L1-NMBlocking-1.16.1-1576 (25183784)
LIBXSMM_TARGET: skx
Registry and code: 13 MB
Uptime: 1.895150 s

LIBXSMM_VERSION: RT-bct-L1-NMBlocking-1.16.1-1576 (25183784)
LIBXSMM_TARGET: skx
Registry and code: 13 MB
Uptime: 1.513826 s

LIBXSMM_VERSION: RT-bct-L1-NMBlocking-1.16.1-1576 (25183784)
LIBXSMM_TARGET: skx
Registry and code: 13 MB
Uptime: 1.614322 s
Generating and Compiling data/synth_mats_wider/vary_col/q_16/r_128_c_32_p_0.05_uniq_16.txt
Running data/synth_mats_wider/vary_col/q_16/r_128_c_32_p_0.05_uniq_16.txt
Finished running in 7.336233333333333ms
Generating and Compiling data/synth_mats_wider/vary_col/q_16/r_128_c_64_p_0.05_uniq_16.txt
Running data/synth_mats_wider/vary_col/q_16/r_128_c_64_p_0.05_uniq_16.txt
Finished running in 10.669066666666668ms
Generating and Compiling data/synth_mats_wider/vary_col/q_16/r_128_c_128_p_0.05_uniq_16.txt
Running data/synth_mats_wider/vary_col/q_16/r_128_c_128_p_0.05_uniq_16.txt
Finished running in 17.559966666666664ms
Generating and Compiling data/synth_mats_wider/vary_col/q_16/r_128_c_256_p_0.05_uniq_16.txt
Running data/synth_mats_wider/vary_col/q_16/r_128_c_256_p_0.05_uniq_16.txt
Finished running in 32.6212ms
Generating and Compiling data/synth_mats_wider/vary_col/q_16/r_128_c_512_p_0.05_uniq_16.txt
Running data/synth_mats_wider/vary_col/q_16/r_128_c_512_p_0.05_uniq_16.txt
Finished running in 75.0971ms
Generating and Compiling data/synth_mats_wider/vary_col/q_16/r_128_c_1024_p_0.05_uniq_16.txt
Running data/synth_mats_wider/vary_col/q_16/r_128_c_1024_p_0.05_uniq_16.txt
Finished running in 189.46456666666666ms
Generating and Compiling data/synth_mats_wider/vary_col/q_64/r_128_c_32_p_0.05_uniq_64.txt
Running data/synth_mats_wider/vary_col/q_64/r_128_c_32_p_0.05_uniq_64.txt
Finished running in 7.6431000000000004ms
Generating and Compiling data/synth_mats_wider/vary_col/q_64/r_128_c_64_p_0.05_uniq_64.txt
Running data/synth_mats_wider/vary_col/q_64/r_128_c_64_p_0.05_uniq_64.txt
Finished running in 10.1431ms
Generating and Compiling data/synth_mats_wider/vary_col/q_64/r_128_c_128_p_0.05_uniq_64.txt
Running data/synth_mats_wider/vary_col/q_64/r_128_c_128_p_0.05_uniq_64.txt
Finished running in 18.22533333333333ms
Generating and Compiling data/synth_mats_wider/vary_col/q_64/r_128_c_256_p_0.05_uniq_64.txt
Running data/synth_mats_wider/vary_col/q_64/r_128_c_256_p_0.05_uniq_64.txt
Finished running in 34.6178ms
Generating and Compiling data/synth_mats_wider/vary_col/q_64/r_128_c_512_p_0.05_uniq_64.txt
Running data/synth_mats_wider/vary_col/q_64/r_128_c_512_p_0.05_uniq_64.txt
Finished running in 79.46003333333333ms
Generating and Compiling data/synth_mats_wider/vary_col/q_64/r_128_c_1024_p_0.05_uniq_64.txt
Running data/synth_mats_wider/vary_col/q_64/r_128_c_1024_p_0.05_uniq_64.txt
Finished running in 918.5750666666667ms
Generating and Compiling data/synth_mats_wider/vary_col/q_256/r_128_c_64_p_0.05_uniq_256.txt
Running data/synth_mats_wider/vary_col/q_256/r_128_c_64_p_0.05_uniq_256.txt
Finished running in 32.185833333333335ms
Generating and Compiling data/synth_mats_wider/vary_col/q_256/r_128_c_128_p_0.05_uniq_256.txt
Running data/synth_mats_wider/vary_col/q_256/r_128_c_128_p_0.05_uniq_256.txt
Finished running in 60.72806666666667ms
Generating and Compiling data/synth_mats_wider/vary_col/q_256/r_128_c_256_p_0.05_uniq_256.txt
Running data/synth_mats_wider/vary_col/q_256/r_128_c_256_p_0.05_uniq_256.txt
Finished running in 136.88976666666667ms
Generating and Compiling data/synth_mats_wider/vary_col/q_256/r_128_c_512_p_0.05_uniq_256.txt
Running data/synth_mats_wider/vary_col/q_256/r_128_c_512_p_0.05_uniq_256.txt
Finished running in 387.90336666666667ms
Generating and Compiling data/synth_mats_wider/vary_col/q_256/r_128_c_1024_p_0.05_uniq_256.txt
Running data/synth_mats_wider/vary_col/q_256/r_128_c_1024_p_0.05_uniq_256.txt
Finished running in 919.2747666666667ms
Generating and Compiling data/synth_mats_wider/vary_density/q_16/r_128_c_128_p_0.01_uniq_16.txt
Running data/synth_mats_wider/vary_density/q_16/r_128_c_128_p_0.01_uniq_16.txt
Finished running in 11.220466666666665ms
Generating and Compiling data/synth_mats_wider/vary_density/q_16/r_128_c_128_p_0.1_uniq_16.txt
Running data/synth_mats_wider/vary_density/q_16/r_128_c_128_p_0.1_uniq_16.txt
Finished running in 18.241766666666667ms
Generating and Compiling data/synth_mats_wider/vary_density/q_16/r_128_c_128_p_0.2_uniq_16.txt
Running data/synth_mats_wider/vary_density/q_16/r_128_c_128_p_0.2_uniq_16.txt
Finished running in 28.135033333333332ms
Generating and Compiling data/synth_mats_wider/vary_density/q_16/r_128_c_128_p_0.3_uniq_16.txt
Running data/synth_mats_wider/vary_density/q_16/r_128_c_128_p_0.3_uniq_16.txt
Finished running in 61.617133333333335ms
Generating and Compiling data/synth_mats_wider/vary_density/q_16/r_128_c_128_p_0.4_uniq_16.txt
Running data/synth_mats_wider/vary_density/q_16/r_128_c_128_p_0.4_uniq_16.txt
Finished running in 60.37436666666667ms
Generating and Compiling data/synth_mats_wider/vary_density/q_16/r_128_c_128_p_0.5_uniq_16.txt
Running data/synth_mats_wider/vary_density/q_16/r_128_c_128_p_0.5_uniq_16.txt
Finished running in 59.26606666666667ms
Generating and Compiling data/synth_mats_wider/vary_density/q_16/r_128_c_128_p_0.05_uniq_16.txt
Running data/synth_mats_wider/vary_density/q_16/r_128_c_128_p_0.05_uniq_16.txt
Finished running in 17.6664ms
Generating and Compiling data/synth_mats_wider/vary_density/q_16/r_128_c_128_p_0.6_uniq_16.txt
Running data/synth_mats_wider/vary_density/q_16/r_128_c_128_p_0.6_uniq_16.txt
Finished running in 61.52173333333334ms
Generating and Compiling data/synth_mats_wider/vary_density/q_16/r_128_c_128_p_0.7_uniq_16.txt
Running data/synth_mats_wider/vary_density/q_16/r_128_c_128_p_0.7_uniq_16.txt
Finished running in 59.54436666666666ms
Generating and Compiling data/synth_mats_wider/vary_density/q_16/r_128_c_128_p_0.8_uniq_16.txt
Running data/synth_mats_wider/vary_density/q_16/r_128_c_128_p_0.8_uniq_16.txt
Finished running in 59.598600000000005ms
Generating and Compiling data/synth_mats_wider/vary_density/q_16/r_128_c_128_p_0.9_uniq_16.txt
Running data/synth_mats_wider/vary_density/q_16/r_128_c_128_p_0.9_uniq_16.txt
Finished running in 61.512299999999996ms
Generating and Compiling data/synth_mats_wider/vary_density/q_16/r_128_c_128_p_0.15_uniq_16.txt
Running data/synth_mats_wider/vary_density/q_16/r_128_c_128_p_0.15_uniq_16.txt
Finished running in 23.0143ms
Generating and Compiling data/synth_mats_wider/vary_density/q_16/r_128_c_128_p_0.25_uniq_16.txt
Running data/synth_mats_wider/vary_density/q_16/r_128_c_128_p_0.25_uniq_16.txt
Finished running in 39.77396666666667ms
Generating and Compiling data/synth_mats_wider/vary_density/q_16/r_128_c_128_p_0.025_uniq_16.txt
Running data/synth_mats_wider/vary_density/q_16/r_128_c_128_p_0.025_uniq_16.txt
Finished running in 17.008566666666667ms
Generating and Compiling data/synth_mats_wider/vary_density/q_16/r_128_c_128_p_0.075_uniq_16.txt
Running data/synth_mats_wider/vary_density/q_16/r_128_c_128_p_0.075_uniq_16.txt
Finished running in 16.1524ms
Generating and Compiling data/synth_mats_wider/vary_density/q_16/r_128_c_128_p_0.125_uniq_16.txt
Running data/synth_mats_wider/vary_density/q_16/r_128_c_128_p_0.125_uniq_16.txt
Finished running in 20.586599999999997ms
Generating and Compiling data/synth_mats_wider/vary_density/q_16/r_128_c_128_p_1.0_uniq_16.txt
Running data/synth_mats_wider/vary_density/q_16/r_128_c_128_p_1.0_uniq_16.txt
Finished running in 59.741366666666664ms
Generating and Compiling data/synth_mats_wider/vary_density/q_64/r_128_c_128_p_0.01_uniq_64.txt
Running data/synth_mats_wider/vary_density/q_64/r_128_c_128_p_0.01_uniq_64.txt
Finished running in 12.493799999999998ms
Generating and Compiling data/synth_mats_wider/vary_density/q_64/r_128_c_128_p_0.1_uniq_64.txt
Running data/synth_mats_wider/vary_density/q_64/r_128_c_128_p_0.1_uniq_64.txt
Finished running in 18.19793333333333ms
Generating and Compiling data/synth_mats_wider/vary_density/q_64/r_128_c_128_p_0.2_uniq_64.txt
Running data/synth_mats_wider/vary_density/q_64/r_128_c_128_p_0.2_uniq_64.txt
Finished running in 33.9984ms
Generating and Compiling data/synth_mats_wider/vary_density/q_64/r_128_c_128_p_0.3_uniq_64.txt
Running data/synth_mats_wider/vary_density/q_64/r_128_c_128_p_0.3_uniq_64.txt
Finished running in 60.653ms
Generating and Compiling data/synth_mats_wider/vary_density/q_64/r_128_c_128_p_0.4_uniq_64.txt
Running data/synth_mats_wider/vary_density/q_64/r_128_c_128_p_0.4_uniq_64.txt
Finished running in 60.78853333333333ms
Generating and Compiling
LIBXSMM_VERSION: RT-bct-L1-NMBlocking-1.16.1-1576 (25183784)
LIBXSMM_TARGET: skx
Registry and code: 13 MB
Uptime: 2.305028 s

LIBXSMM_VERSION: RT-bct-L1-NMBlocking-1.16.1-1576 (25183784)
LIBXSMM_TARGET: skx
Registry and code: 13 MB
Uptime: 1.858110 s

LIBXSMM_VERSION: RT-bct-L1-NMBlocking-1.16.1-1576 (25183784)
LIBXSMM_TARGET: skx
Registry and code: 13 MB
Uptime: 1.995011 s

LIBXSMM_VERSION: RT-bct-L1-NMBlocking-1.16.1-1576 (25183784)
LIBXSMM_TARGET: skx
Registry and code: 13 MB
Uptime: 0.684339 s

LIBXSMM_VERSION: RT-bct-L1-NMBlocking-1.16.1-1576 (25183784)
LIBXSMM_TARGET: skx
Registry and code: 13 MB
Uptime: 0.591523 s

LIBXSMM_VERSION: RT-bct-L1-NMBlocking-1.16.1-1576 (25183784)
LIBXSMM_TARGET: skx
Registry and code: 13 MB
Uptime: 0.549093 s

LIBXSMM_VERSION: RT-bct-L1-NMBlocking-1.16.1-1576 (25183784)
LIBXSMM_TARGET: skx
Registry and code: 13 MB
Uptime: 2.701783 s

LIBXSMM_VERSION: RT-bct-L1-NMBlocking-1.16.1-1576 (25183784)
LIBXSMM_TARGET: skx
Registry and code: 13 MB
Uptime: 2.232576 s

LIBXSMM_VERSION: RT-bct-L1-NMBlocking-1.16.1-1576 (25183784)
LIBXSMM_TARGET: skx
Registry and code: 13 MB
Uptime: 2.417645 s

LIBXSMM_VERSION: RT-bct-L1-NMBlocking-1.16.1-1576 (25183784)
LIBXSMM_TARGET: skx
Registry and code: 13 MB
Uptime: 3.131106 s

LIBXSMM_VERSION: RT-bct-L1-NMBlocking-1.16.1-1576 (25183784)
LIBXSMM_TARGET: skx
Registry and code: 13 MB
Uptime: 2.618193 s

LIBXSMM_VERSION: RT-bct-L1-NMBlocking-1.16.1-1576 (25183784)
LIBXSMM_TARGET: skx
Registry and code: 13 MB
Uptime: 2.758162 s

LIBXSMM_VERSION: RT-bct-L1-NMBlocking-1.16.1-1576 (25183784)
LIBXSMM_TARGET: skx
Registry and code: 13 MB
Uptime: 3.550305 s

LIBXSMM_VERSION: RT-bct-L1-NMBlocking-1.16.1-1576 (25183784)
LIBXSMM_TARGET: skx
Registry and code: 13 MB
Uptime: 3.006015 s

LIBXSMM_VERSION: RT-bct-L1-NMBlocking-1.16.1-1576 (25183784)
LIBXSMM_TARGET: skx
Registry and code: 13 MB
Uptime: 3.120434 s

LIBXSMM_VERSION: RT-bct-L1-NMBlocking-1.16.1-1576 (25183784)
LIBXSMM_TARGET: skx
Registry and code: 13 MB
Uptime: 3.976989 s

LIBXSMM_VERSION: RT-bct-L1-NMBlocking-1.16.1-1576 (25183784)
LIBXSMM_TARGET: skx
Registry and code: 13 MB
Uptime: 3.388399 s

LIBXSMM_VERSION: RT-bct-L1-NMBlocking-1.16.1-1576 (25183784)
LIBXSMM_TARGET: skx
Registry and code: 13 MB
Uptime: 3.511228 s

LIBXSMM_VERSION: RT-bct-L1-NMBlocking-1.16.1-1576 (25183784)
LIBXSMM_TARGET: skx
Registry and code: 13 MB
Uptime: 0.934322 s

LIBXSMM_VERSION: RT-bct-L1-NMBlocking-1.16.1-1576 (25183784)
LIBXSMM_TARGET: skx
Registry and code: 13 MB
Uptime: 0.749966 s

LIBXSMM_VERSION: RT-bct-L1-NMBlocking-1.16.1-1576 (25183784)
LIBXSMM_TARGET: skx
Registry and code: 13 MB
Uptime: 0.790193 s

LIBXSMM_VERSION: RT-bct-L1-NMBlocking-1.16.1-1576 (25183784)
LIBXSMM_TARGET: skx
Registry and code: 13 MB
Uptime: 1.298285 s

LIBXSMM_VERSION: RT-bct-L1-NMBlocking-1.16.1-1576 (25183784)
LIBXSMM_TARGET: skx
Registry and code: 13 MB
Uptime: 1.036799 s

LIBXSMM_VERSION: RT-bct-L1-NMBlocking-1.16.1-1576 (25183784)
LIBXSMM_TARGET: skx
Registry and code: 13 MB
Uptime: 1.105792 s

LIBXSMM_VERSION: RT-bct-L1-NMBlocking-1.16.1-1576 (25183784)
LIBXSMM_TARGET: skx
Registry and code: 13 MB
Uptime: 0.556015 s

LIBXSMM_VERSION: RT-bct-L1-NMBlocking-1.16.1-1576 (25183784)
LIBXSMM_TARGET: skx
Registry and code: 13 MB
Uptime: 0.594504 s

LIBXSMM_VERSION: RT-bct-L1-NMBlocking-1.16.1-1576 (25183784)
LIBXSMM_TARGET: skx
Registry and code: 13 MB
Uptime: 0.607469 s

LIBXSMM_VERSION: RT-bct-L1-NMBlocking-1.16.1-1576 (25183784)
LIBXSMM_TARGET: skx
Registry and code: 13 MB
Uptime: 0.738031 s

LIBXSMM_VERSION: RT-bct-L1-NMBlocking-1.16.1-1576 (25183784)
LIBXSMM_TARGET: skx
Registry and code: 13 MB
Uptime: 0.570564 s

LIBXSMM_VERSION: RT-bct-L1-NMBlocking-1.16.1-1576 (25183784)
LIBXSMM_TARGET: skx
Registry and code: 13 MB
Uptime: 0.587732 s

LIBXSMM_VERSION: RT-bct-L1-NMBlocking-1.16.1-1576 (25183784)
LIBXSMM_TARGET: skx
Registry and code: 13 MB
Uptime: 0.848396 s

LIBXSMM_VERSION: RT-bct-L1-NMBlocking-1.16.1-1576 (25183784)
LIBXSMM_TARGET: skx
Registry and code: 13 MB
Uptime: 0.688733 s

LIBXSMM_VERSION: RT-bct-L1-NMBlocking-1.16.1-1576 (25183784)
LIBXSMM_TARGET: skx
Registry and code: 13 MB
Uptime: 0.694660 s

LIBXSMM_VERSION: RT-bct-L1-NMBlocking-1.16.1-1576 (25183784)
LIBXSMM_TARGET: skx
Registry and code: 13 MB
Uptime: 4.417903 s

LIBXSMM_VERSION: RT-bct-L1-NMBlocking-1.16.1-1576 (25183784)
LIBXSMM_TARGET: skx
Registry and code: 13 MB
Uptime: 3.799944 s

LIBXSMM_VERSION: RT-bct-L1-NMBlocking-1.16.1-1576 (25183784)
LIBXSMM_TARGET: skx
Registry and code: 13 MB
Uptime: 3.892003 s

LIBXSMM_VERSION: RT-bct-L1-NMBlocking-1.16.1-1576 (25183784)
LIBXSMM_TARGET: skx
Registry and code: 13 MB
Uptime: 0.770098 s

LIBXSMM_VERSION: RT-bct-L1-NMBlocking-1.16.1-1576 (25183784)
LIBXSMM_TARGET: skx
Registry and code: 13 MB
Uptime: 0.634697 s

LIBXSMM_VERSION: RT-bct-L1-NMBlocking-1.16.1-1576 (25183784)
LIBXSMM_TARGET: skx
Registry and code: 13 MB
Uptime: 0.645406 s

LIBXSMM_VERSION: RT-bct-L1-NMBlocking-1.16.1-1576 (25183784)
LIBXSMM_TARGET: skx
Registry and code: 13 MB
Uptime: 1.129145 s

LIBXSMM_VERSION: RT-bct-L1-NMBlocking-1.16.1-1576 (25183784)
LIBXSMM_TARGET: skx
Registry and code: 13 MB
Uptime: 0.900293 s

LIBXSMM_VERSION: RT-bct-L1-NMBlocking-1.16.1-1576 (25183784)
LIBXSMM_TARGET: skx
Registry and code: 13 MB
Uptime: 0.942040 s

LIBXSMM_VERSION: RT-bct-L1-NMBlocking-1.16.1-1576 (25183784)
LIBXSMM_TARGET: skx
Registry and code: 13 MB
Uptime: 1.540538 s

LIBXSMM_VERSION: RT-bct-L1-NMBlocking-1.16.1-1576 (25183784)
LIBXSMM_TARGET: skx
Registry and code: 13 MB
Uptime: 1.217925 s

LIBXSMM_VERSION: RT-bct-L1-NMBlocking-1.16.1-1576 (25183784)
LIBXSMM_TARGET: skx
Registry and code: 13 MB
Uptime: 1.284827 s

LIBXSMM_VERSION: RT-bct-L1-NMBlocking-1.16.1-1576 (25183784)
LIBXSMM_TARGET: skx
Registry and code: 13 MB
Uptime: 1.908636 s

LIBXSMM_VERSION: RT-bct-L1-NMBlocking-1.16.1-1576 (25183784)
LIBXSMM_TARGET: skx
Registry and code: 13 MB
Uptime: 1.527337 s

LIBXSMM_VERSION: RT-bct-L1-NMBlocking-1.16.1-1576 (25183784)
LIBXSMM_TARGET: skx
Registry and code: 13 MB
Uptime: 1.637515 s

LIBXSMM_VERSION: RT-bct-L1-NMBlocking-1.16.1-1576 (25183784)
LIBXSMM_TARGET: skx
Registry and code: 13 MB
Uptime: 0.668324 s

LIBXSMM_VERSION: RT-bct-L1-NMBlocking-1.16.1-1576 (25183784)
LIBXSMM_TARGET: skx
Registry and code: 13 MB
Uptime: 0.623106 s

LIBXSMM_VERSION: RT-bct-L1-NMBlocking-1.16.1-1576 (25183784)
LIBXSMM_TARGET: skx
Registry and code: 13 MB
Uptime: 0.566510 s

LIBXSMM_VERSION: RT-bct-L1-NMBlocking-1.16.1-1576 (25183784)
LIBXSMM_TARGET: skx
Registry and code: 13 MB
Uptime: 2.317193 s

LIBXSMM_VERSION: RT-bct-L1-NMBlocking-1.16.1-1576 (25183784)
LIBXSMM_TARGET: skx
Registry and code: 13 MB
Uptime: 1.875859 s

LIBXSMM_VERSION: RT-bct-L1-NMBlocking-1.16.1-1576 (25183784)
LIBXSMM_TARGET: skx
Registry and code: 13 MB
Uptime: 2.013146 s

LIBXSMM_VERSION: RT-bct-L1-NMBlocking-1.16.1-1576 (25183784)
LIBXSMM_TARGET: skx
Registry and code: 13 MB
Uptime: 2.730131 s

LIBXSMM_VERSION: RT-bct-L1-NMBlocking-1.16.1-1576 (25183784)
LIBXSMM_TARGET: skx
Registry and code: 13 MB
Uptime: 2.267803 s

LIBXSMM_VERSION: RT-bct-L1-NMBlocking-1.16.1-1576 (25183784)
LIBXSMM_TARGET: skx
Registry and code: 13 MB
Uptime: 2.394005 s

LIBXSMM_VERSION: RT-bct-L1-NMBlocking-1.16.1-1576 (25183784)
LIBXSMM_TARGET: skx
Registry and code: 13 MB
Uptime: 3.150692 s

LIBXSMM_VERSION: RT-bct-L1-NMBlocking-1.16.1-1576 (25183784)
LIBXSMM_TARGET: skx
Registry and code: 13 MB
Uptime: 2.660703 s

LIBXSMM_VERSION: RT-bct-L1-NMBlocking-1.16.1-1576 (25183784)
LIBXSMM_TARGET: skx
Registry and code: 13 MB
Uptime: 2.824639 s

LIBXSMM_VERSION: RT-bct-L1-NMBlocking-1.16.1-1576 (25183784)
LIBXSMM_TARGET: skx
Registry and code: 13 MB
Uptime: 3.583497 s

LIBXSMM_VERSION: RT-bct-L1-NMBlocking-1.16.1-1576 (25183784)
LIBXSMM_TARGET: skx
Registry and code: 13 MB
Uptime: 3.048880 s

LIBXSMM_VERSION: RT-bct-L1-NMBlocking-1.16.1-1576 (25183784)
LIBXSMM_TARGET: skx
Registry and code: 13 MB
Uptime: 3.215802 s

LIBXSMM_VERSION: RT-bct-L1-NMBlocking-1.16.1-1576 (25183784)
LIBXSMM_TARGET: skx
Registry and code: 13 MB
Uptime: 4.023799 s

LIBXSMM_VERSION: RT-bct-L1-NMBlocking-1.16.1-1576 (25183784)
LIBXSMM_TARGET: skx
Registry and code: 13 MB
Uptime: 3.458661 s

LIBXSMM_VERSION: RT-bct-L1-NMBlocking-1.16.1-1576 (25183784)
LIBXSMM_TARGET: skx
Registry and code: 13 MB
Uptime: 3.587807 s

LIBXSMM_VERSION: RT-bct-L1-NMBlocking-1.16.1-1576 (25183784)
LIBXSMM_TARGET: skx
Registry and code: 13 MB
Uptime: 0.941918 s

LIBXSMM_VERSION: RT-bct-L1-NMBlocking-1.16.1-1576 (25183784)
LIBXSMM_TARGET: skx
Registry and code: 13 MB
Uptime: 0.757804 s

LIBXSMM_VERSION: RT-bct-L1-NMBlocking-1.16.1-1576 (25183784)
LIBXSMM_TARGET: skx
Registry and code: 13 MB
Uptime: 0.791752 s

LIBXSMM_VERSION: RT-bct-L1-NMBlocking-1.16.1-1576 (25183784)
LIBXSMM_TARGET: skx
Registry and code: 13 MB
Uptime: 0.593317 s

LIBXSMM_VERSION: RT-bct-L1-NMBlocking-1.16.1-1576 (25183784)
LIBXSMM_TARGET: skx
Registry and code: 13 MB
Uptime: 0.624851 s

LIBXSMM_VERSION: RT-bct-L1-NMBlocking-1.16.1-1576 (25183784)
LIBXSMM_TARGET: skx
Registry and code: 13 MB
Uptime: 0.597231 s

LIBXSMM_VERSION: RT-bct-L1-NMBlocking-1.16.1-1576 (25183784)
LIBXSMM_TARGET: skx
Registry and code: 13 MB
Uptime: 1.325899 s

LIBXSMM_VERSION: RT-bct-L1-NMBlocking-1.16.1-1576 (25183784)
LIBXSMM_TARGET: skx
Registry and code: 13 MB
Uptime: 1.049354 s

LIBXSMM_VERSION: RT-bct-L1-NMBlocking-1.16.1-1576 (25183784)
LIBXSMM_TARGET: skx
Registry and code: 13 MB
Uptime: 1.109708 s

LIBXSMM_VERSION: RT-bct-L1-NMBlocking-1.16.1-1576 (25183784)
LIBXSMM_TARGET: skx
Registry and code: 13 MB
Uptime: 0.708217 s

LIBXSMM_VERSION: RT-bct-L1-NMBlocking-1.16.1-1576 (25183784)
LIBXSMM_TARGET: skx
Registry and code: 13 MB
Uptime: 0.569362 s

LIBXSMM_VERSION: RT-bct-L1-NMBlocking-1.16.1-1576 (25183784)
LIBXSMM_TARGET: skx
Registry and code: 13 MB
Uptime: 0.584638 s

LIBXSMM_VERSION: RT-bct-L1-NMBlocking-1.16.1-1576 (25183784)
LIBXSMM_TARGET: skx
Registry and code: 13 MB
Uptime: 0.878278 s

LIBXSMM_VERSION: RT-bct-L1-NMBlocking-1.16.1-1576 (25183784)
LIBXSMM_TARGET: skx
Registry and code: 13 MB
Uptime: 0.709808 s

LIBXSMM_VERSION: RT-bct-L1-NMBlocking-1.16.1-1576 (25183784)
LIBXSMM_TARGET: skx
Registry and code: 13 MB
Uptime: 0.715145 s

LIBXSMM_VERSION: RT-bct-L1-NMBlocking-1.16.1-1576 (25183784)
LIBXSMM_TARGET: skx
Registry and code: 13 MB
Uptime: 4.458350 s

LIBXSMM_VERSION: RT-bct-L1-NMBlocking-1.16.1-1576 (25183784)
LIBXSMM_TARGET: skx
Registry and code: 13 MB
Uptime: 3.804746 s

LIBXSMM_VERSION: RT-bct-L1-NMBlocking-1.16.1-1576 (25183784)
LIBXSMM_TARGET: skx
Registry and code: 13 MB
Uptime: 3.873222 s

LIBXSMM_VERSION: RT-bct-L1-NMBlocking-1.16.1-1576 (25183784)
LIBXSMM_TARGET: skx
Registry and code: 13 MB
Uptime: 0.290832 s

LIBXSMM_VERSION: RT-bct-L1-NMBlocking-1.16.1-1576 (25183784)
LIBXSMM_TARGET: skx
Registry and code: 13 MB
Uptime: 0.300821 s

LIBXSMM_VERSION: RT-bct-L1-NMBlocking-1.16.1-1576 (25183784)
LIBXSMM_TARGET: skx
Registry and code: 13 MB
Uptime: 0.304639 s

LIBXSMM_VERSION: RT-bct-L1-NMBlocking-1.16.1-1576 (25183784)
LIBXSMM_TARGET: skx
Registry and code: 13 MB
Uptime: 0.439284 s

LIBXSMM_VERSION: RT-bct-L1-NMBlocking-1.16.1-1576 (25183784)
LIBXSMM_TARGET: skx
Registry and code: 13 MB
Uptime: 0.483286 s

LIBXSMM_VERSION: RT-bct-L1-NMBlocking-1.16.1-1576 (25183784)
LIBXSMM_TARGET: skx
Registry and code: 13 MB
Uptime: 0.448873 s

LIBXSMM_VERSION: RT-bct-L1-NMBlocking-1.16.1-1576 (25183784)
LIBXSMM_TARGET: skx
Registry and code: 13 MB
Uptime: 0.676357 s

LIBXSMM_VERSION: RT-bct-L1-NMBlocking-1.16.1-1576 (25183784)
LIBXSMM_TARGET: skx
Registry and code: 13 MB
Uptime: 0.608489 s

LIBXSMM_VERSION: RT-bct-L1-NMBlocking-1.16.1-1576 (25183784)
LIBXSMM_TARGET: skx
Registry and code: 13 MB
Uptime: 0.563437 s

LIBXSMM_VERSION: RT-bct-L1-NMBlocking-1.16.1-1576 (25183784)
LIBXSMM_TARGET: skx
Registry and code: 13 MB
Uptime: 1.062461 s

LIBXSMM_VERSION: RT-bct-L1-NMBlocking-1.16.1-1576 (25183784)
LIBXSMM_TARGET: skx
Registry and code: 13 MB
Uptime: 0.892176 s

LIBXSMM_VERSION: RT-bct-L1-NMBlocking-1.16.1-1576 (25183784)
LIBXSMM_TARGET: skx
Registry and code: 13 MB
Uptime: 0.926832 s

LIBXSMM_VERSION: RT-bct-L1-NMBlocking-1.16.1-1576 (25183784)
LIBXSMM_TARGET: skx
Registry and code: 13 MB
Uptime: 1.925616 s

LIBXSMM_VERSION: RT-bct-L1-NMBlocking-1.16.1-1576 (25183784)
LIBXSMM_TARGET: skx
Registry and code: 13 MB
Uptime: 1.686767 s

LIBXSMM_VERSION: RT-bct-L1-NMBlocking-1.16.1-1576 (25183784)
LIBXSMM_TARGET: skx
Registry and code: 13 MB
Uptime: 1.720319 s

LIBXSMM_VERSION: RT-bct-L1-NMBlocking-1.16.1-1576 (25183784)
LIBXSMM_TARGET: skx
Registry and code: 13 MB
Uptime: 3.657888 s

LIBXSMM_VERSION: RT-bct-L1-NMBlocking-1.16.1-1576 (25183784)
LIBXSMM_TARGET: skx
Registry and code: 13 MB
Uptime: 3.322354 s

LIBXSMM_VERSION: RT-bct-L1-NMBlocking-1.16.1-1576 (25183784)
LIBXSMM_TARGET: skx
Registry and code: 13 MB
Uptime: 3.315025 s

LIBXSMM_VERSION: RT-bct-L1-NMBlocking-1.16.1-1576 (25183784)
LIBXSMM_TARGET: skx
Registry and code: 13 MB
Uptime: 0.277330 s

LIBXSMM_VERSION: RT-bct-L1-NMBlocking-1.16.1-1576 (25183784)
LIBXSMM_TARGET: skx
Registry and code: 13 MB
Uptime: 0.292280 s

LIBXSMM_VERSION: RT-bct-L1-NMBlocking-1.16.1-1576 (25183784)
LIBXSMM_TARGET: skx
Registry and code: 13 MB
Uptime: 0.297964 s

LIBXSMM_VERSION: RT-bct-L1-NMBlocking-1.16.1-1576 (25183784)
LIBXSMM_TARGET: skx
Registry and code: 13 MB
Uptime: 0.420124 s

LIBXSMM_VERSION: RT-bct-L1-NMBlocking-1.16.1-1576 (25183784)
LIBXSMM_TARGET: skx
Registry and code: 13 MB
Uptime: 0.480401 s

LIBXSMM_VERSION: RT-bct-L1-NMBlocking-1.16.1-1576 (25183784)
LIBXSMM_TARGET: skx
Registry and code: 13 MB
Uptime: 0.461772 s

LIBXSMM_VERSION: RT-bct-L1-NMBlocking-1.16.1-1576 (25183784)
LIBXSMM_TARGET: skx
Registry and code: 13 MB
Uptime: 0.665570 s

LIBXSMM_VERSION: RT-bct-L1-NMBlocking-1.16.1-1576 (25183784)
LIBXSMM_TARGET: skx
Registry and code: 13 MB
Uptime: 0.593456 s

LIBXSMM_VERSION: RT-bct-L1-NMBlocking-1.16.1-1576 (25183784)
LIBXSMM_TARGET: skx
Registry and code: 13 MB
Uptime: 0.562704 s

LIBXSMM_VERSION: RT-bct-L1-NMBlocking-1.16.1-1576 (25183784)
LIBXSMM_TARGET: skx
Registry and code: 13 MB
Uptime: 1.057597 s

LIBXSMM_VERSION: RT-bct-L1-NMBlocking-1.16.1-1576 (25183784)
LIBXSMM_TARGET: skx
Registry and code: 13 MB
Uptime: 0.885110 s

LIBXSMM_VERSION: RT-bct-L1-NMBlocking-1.16.1-1576 (25183784)
LIBXSMM_TARGET: skx
Registry and code: 13 MB
Uptime: 0.914823 s
 data/synth_mats_wider/vary_density/q_64/r_128_c_128_p_0.5_uniq_64.txt
Running data/synth_mats_wider/vary_density/q_64/r_128_c_128_p_0.5_uniq_64.txt
Finished running in 59.98886666666667ms
Generating and Compiling data/synth_mats_wider/vary_density/q_64/r_128_c_128_p_0.05_uniq_64.txt
Running data/synth_mats_wider/vary_density/q_64/r_128_c_128_p_0.05_uniq_64.txt
Finished running in 17.243333333333332ms
Generating and Compiling data/synth_mats_wider/vary_density/q_64/r_128_c_128_p_0.6_uniq_64.txt
Running data/synth_mats_wider/vary_density/q_64/r_128_c_128_p_0.6_uniq_64.txt
Finished running in 59.55423333333333ms
Generating and Compiling data/synth_mats_wider/vary_density/q_64/r_128_c_128_p_0.7_uniq_64.txt
Running data/synth_mats_wider/vary_density/q_64/r_128_c_128_p_0.7_uniq_64.txt
Finished running in 61.060066666666664ms
Generating and Compiling data/synth_mats_wider/vary_density/q_64/r_128_c_128_p_0.8_uniq_64.txt
Running data/synth_mats_wider/vary_density/q_64/r_128_c_128_p_0.8_uniq_64.txt
Finished running in 60.17153333333333ms
Generating and Compiling data/synth_mats_wider/vary_density/q_64/r_128_c_128_p_0.9_uniq_64.txt
Running data/synth_mats_wider/vary_density/q_64/r_128_c_128_p_0.9_uniq_64.txt
Finished running in 59.74373333333333ms
Generating and Compiling data/synth_mats_wider/vary_density/q_64/r_128_c_128_p_0.15_uniq_64.txt
Running data/synth_mats_wider/vary_density/q_64/r_128_c_128_p_0.15_uniq_64.txt
Finished running in 22.826999999999998ms
Generating and Compiling data/synth_mats_wider/vary_density/q_64/r_128_c_128_p_0.25_uniq_64.txt
Running data/synth_mats_wider/vary_density/q_64/r_128_c_128_p_0.25_uniq_64.txt
Finished running in 40.3926ms
Generating and Compiling data/synth_mats_wider/vary_density/q_64/r_128_c_128_p_0.025_uniq_64.txt
Running data/synth_mats_wider/vary_density/q_64/r_128_c_128_p_0.025_uniq_64.txt
Finished running in 17.297333333333334ms
Generating and Compiling data/synth_mats_wider/vary_density/q_64/r_128_c_128_p_0.075_uniq_64.txt
Running data/synth_mats_wider/vary_density/q_64/r_128_c_128_p_0.075_uniq_64.txt
Finished running in 16.382966666666665ms
Generating and Compiling data/synth_mats_wider/vary_density/q_64/r_128_c_128_p_0.125_uniq_64.txt
Running data/synth_mats_wider/vary_density/q_64/r_128_c_128_p_0.125_uniq_64.txt
Finished running in 20.597733333333334ms
Generating and Compiling data/synth_mats_wider/vary_density/q_64/r_128_c_128_p_1.0_uniq_64.txt
Running data/synth_mats_wider/vary_density/q_64/r_128_c_128_p_1.0_uniq_64.txt
Finished running in 59.481ms
Generating and Compiling data/synth_mats_wider/vary_density/q_256/r_128_c_128_p_0.1_uniq_256.txt
Running data/synth_mats_wider/vary_density/q_256/r_128_c_128_p_0.1_uniq_256.txt
Finished running in 60.24163333333333ms
Generating and Compiling data/synth_mats_wider/vary_density/q_256/r_128_c_128_p_0.2_uniq_256.txt
Running data/synth_mats_wider/vary_density/q_256/r_128_c_128_p_0.2_uniq_256.txt
Finished running in 59.473499999999994ms
Generating and Compiling data/synth_mats_wider/vary_density/q_256/r_128_c_128_p_0.3_uniq_256.txt
Running data/synth_mats_wider/vary_density/q_256/r_128_c_128_p_0.3_uniq_256.txt
Finished running in 60.709799999999994ms
Generating and Compiling data/synth_mats_wider/vary_density/q_256/r_128_c_128_p_0.4_uniq_256.txt
Running data/synth_mats_wider/vary_density/q_256/r_128_c_128_p_0.4_uniq_256.txt
Finished running in 59.646499999999996ms
Generating and Compiling data/synth_mats_wider/vary_density/q_256/r_128_c_128_p_0.05_uniq_256.txt
Running data/synth_mats_wider/vary_density/q_256/r_128_c_128_p_0.05_uniq_256.txt
Finished running in 60.350233333333335ms
Generating and Compiling data/synth_mats_wider/vary_density/q_256/r_128_c_128_p_0.5_uniq_256.txt
Running data/synth_mats_wider/vary_density/q_256/r_128_c_128_p_0.5_uniq_256.txt
Finished running in 61.13773333333334ms
Generating and Compiling data/synth_mats_wider/vary_density/q_256/r_128_c_128_p_0.6_uniq_256.txt
Running data/synth_mats_wider/vary_density/q_256/r_128_c_128_p_0.6_uniq_256.txt
Finished running in 59.64416666666667ms
Generating and Compiling data/synth_mats_wider/vary_density/q_256/r_128_c_128_p_0.7_uniq_256.txt
Running data/synth_mats_wider/vary_density/q_256/r_128_c_128_p_0.7_uniq_256.txt
Finished running in 59.926233333333336ms
Generating and Compiling data/synth_mats_wider/vary_density/q_256/r_128_c_128_p_0.8_uniq_256.txt
Running data/synth_mats_wider/vary_density/q_256/r_128_c_128_p_0.8_uniq_256.txt
Finished running in 61.61076666666667ms
Generating and Compiling data/synth_mats_wider/vary_density/q_256/r_128_c_128_p_0.9_uniq_256.txt
Running data/synth_mats_wider/vary_density/q_256/r_128_c_128_p_0.9_uniq_256.txt
Finished running in 60.441966666666666ms
Generating and Compiling data/synth_mats_wider/vary_density/q_256/r_128_c_128_p_0.15_uniq_256.txt
Running data/synth_mats_wider/vary_density/q_256/r_128_c_128_p_0.15_uniq_256.txt
Finished running in 59.902233333333335ms
Generating and Compiling data/synth_mats_wider/vary_density/q_256/r_128_c_128_p_0.025_uniq_256.txt
Running data/synth_mats_wider/vary_density/q_256/r_128_c_128_p_0.025_uniq_256.txt
Finished running in 61.896033333333335ms
Generating and Compiling data/synth_mats_wider/vary_density/q_256/r_128_c_128_p_0.25_uniq_256.txt
Running data/synth_mats_wider/vary_density/q_256/r_128_c_128_p_0.25_uniq_256.txt
Finished running in 60.10863333333334ms
Generating and Compiling data/synth_mats_wider/vary_density/q_256/r_128_c_128_p_0.075_uniq_256.txt
Running data/synth_mats_wider/vary_density/q_256/r_128_c_128_p_0.075_uniq_256.txt
Finished running in 59.5379ms
Generating and Compiling data/synth_mats_wider/vary_density/q_256/r_128_c_128_p_0.125_uniq_256.txt
Running data/synth_mats_wider/vary_density/q_256/r_128_c_128_p_0.125_uniq_256.txt
Finished running in 59.9276ms
Generating and Compiling data/synth_mats_wider/vary_density/q_256/r_128_c_128_p_1.0_uniq_256.txt
Running data/synth_mats_wider/vary_density/q_256/r_128_c_128_p_1.0_uniq_256.txt
Finished running in 60.89576666666667ms
Generating and Compiling data/synth_mats_wider/vary_row/q_16/r_32_c_128_p_0.05_uniq_16.txt
Running data/synth_mats_wider/vary_row/q_16/r_32_c_128_p_0.05_uniq_16.txt
Finished running in 9.3272ms
Generating and Compiling data/synth_mats_wider/vary_row/q_16/r_64_c_128_p_0.05_uniq_16.txt
Running data/synth_mats_wider/vary_row/q_16/r_64_c_128_p_0.05_uniq_16.txt
Finished running in 13.734033333333334ms
Generating and Compiling data/synth_mats_wider/vary_row/q_16/r_128_c_128_p_0.05_uniq_16.txt
Running data/synth_mats_wider/vary_row/q_16/r_128_c_128_p_0.05_uniq_16.txt
Finished running in 17.545066666666667ms
Generating and Compiling data/synth_mats_wider/vary_row/q_16/r_256_c_128_p_0.05_uniq_16.txt
Running data/synth_mats_wider/vary_row/q_16/r_256_c_128_p_0.05_uniq_16.txt
Finished running in 25.77896666666667ms
Generating and Compiling data/synth_mats_wider/vary_row/q_16/r_512_c_128_p_0.05_uniq_16.txt
Running data/synth_mats_wider/vary_row/q_16/r_512_c_128_p_0.05_uniq_16.txt
Finished running in 49.58336666666666ms
Generating and Compiling data/synth_mats_wider/vary_row/q_16/r_1024_c_128_p_0.05_uniq_16.txt
Running data/synth_mats_wider/vary_row/q_16/r_1024_c_128_p_0.05_uniq_16.txt
Finished running in 109.5244ms
Generating and Compiling data/synth_mats_wider/vary_row/q_64/r_32_c_128_p_0.05_uniq_64.txt
Running data/synth_mats_wider/vary_row/q_64/r_32_c_128_p_0.05_uniq_64.txt
Finished running in 9.086366666666667ms
Generating and Compiling data/synth_mats_wider/vary_row/q_64/r_64_c_128_p_0.05_uniq_64.txt
Running data/synth_mats_wider/vary_row/q_64/r_64_c_128_p_0.05_uniq_64.txt
Finished running in 13.831233333333333ms
Generating and Compiling data/synth_mats_wider/vary_row/q_64/r_128_c_128_p_0.05_uniq_64.txt
Running data/synth_mats_wider/vary_row/q_64/r_128_c_128_p_0.05_uniq_64.txt
Finished running in 17.135299999999997ms
Generating and Compiling data/synth_mats_wider/vary_row/q_64/r_256_c_128_p_0.05_uniq_64.txt
Running data/synth_mats_wider/vary_row/q_64/r_256_c_128_p_0.05_uniq_64.txt
Finished running in 25.7797ms
Generating and Compiling data/synth_mats_wider/vary_row/q_64/r_512_c_128_p_0.05_uniq_64.txt
Running data/synth_mats_wider/vary_row/q_64/r_512_c_128_p_0.05_uniq_64.txt
LIBXSMM_VERSION: RT-bct-L1-NMBlocking-1.16.1-1576 (25183784)
LIBXSMM_TARGET: skx
Registry and code: 13 MB
Uptime: 1.937882 s

LIBXSMM_VERSION: RT-bct-L1-NMBlocking-1.16.1-1576 (25183784)
LIBXSMM_TARGET: skx
Registry and code: 13 MB
Uptime: 1.690609 s

LIBXSMM_VERSION: RT-bct-L1-NMBlocking-1.16.1-1576 (25183784)
LIBXSMM_TARGET: skx
Registry and code: 13 MB
Uptime: 1.711432 s

LIBXSMM_VERSION: RT-bct-L1-NMBlocking-1.16.1-1576 (25183784)
LIBXSMM_TARGET: skx
Registry and code: 13 MB
Uptime: 3.659957 s

LIBXSMM_VERSION: RT-bct-L1-NMBlocking-1.16.1-1576 (25183784)
LIBXSMM_TARGET: skx
Registry and code: 13 MB
Uptime: 3.330291 s

LIBXSMM_VERSION: RT-bct-L1-NMBlocking-1.16.1-1576 (25183784)
LIBXSMM_TARGET: skx
Registry and code: 13 MB
Uptime: 3.316507 s

LIBXSMM_VERSION: RT-bct-L1-NMBlocking-1.16.1-1576 (25183784)
LIBXSMM_TARGET: skx
Registry and code: 13 MB
Uptime: 0.432326 s

LIBXSMM_VERSION: RT-bct-L1-NMBlocking-1.16.1-1576 (25183784)
LIBXSMM_TARGET: skx
Registry and code: 13 MB
Uptime: 0.470173 s

LIBXSMM_VERSION: RT-bct-L1-NMBlocking-1.16.1-1576 (25183784)
LIBXSMM_TARGET: skx
Registry and code: 13 MB
Uptime: 0.452908 s

LIBXSMM_VERSION: RT-bct-L1-NMBlocking-1.16.1-1576 (25183784)
LIBXSMM_TARGET: skx
Registry and code: 13 MB
Uptime: 0.677833 s

LIBXSMM_VERSION: RT-bct-L1-NMBlocking-1.16.1-1576 (25183784)
LIBXSMM_TARGET: skx
Registry and code: 13 MB
Uptime: 0.624177 s

LIBXSMM_VERSION: RT-bct-L1-NMBlocking-1.16.1-1576 (25183784)
LIBXSMM_TARGET: skx
Registry and code: 13 MB
Uptime: 0.563028 s

LIBXSMM_VERSION: RT-bct-L1-NMBlocking-1.16.1-1576 (25183784)
LIBXSMM_TARGET: skx
Registry and code: 13 MB
Uptime: 1.048788 s

LIBXSMM_VERSION: RT-bct-L1-NMBlocking-1.16.1-1576 (25183784)
LIBXSMM_TARGET: skx
Registry and code: 13 MB
Uptime: 0.886241 s

LIBXSMM_VERSION: RT-bct-L1-NMBlocking-1.16.1-1576 (25183784)
LIBXSMM_TARGET: skx
Registry and code: 13 MB
Uptime: 0.919681 s

LIBXSMM_VERSION: RT-bct-L1-NMBlocking-1.16.1-1576 (25183784)
LIBXSMM_TARGET: skx
Registry and code: 13 MB
Uptime: 1.953978 s

LIBXSMM_VERSION: RT-bct-L1-NMBlocking-1.16.1-1576 (25183784)
LIBXSMM_TARGET: skx
Registry and code: 13 MB
Uptime: 1.703862 s

LIBXSMM_VERSION: RT-bct-L1-NMBlocking-1.16.1-1576 (25183784)
LIBXSMM_TARGET: skx
Registry and code: 13 MB
Uptime: 1.716274 s

LIBXSMM_VERSION: RT-bct-L1-NMBlocking-1.16.1-1576 (25183784)
LIBXSMM_TARGET: skx
Registry and code: 13 MB
Uptime: 3.684212 s

LIBXSMM_VERSION: RT-bct-L1-NMBlocking-1.16.1-1576 (25183784)
LIBXSMM_TARGET: skx
Registry and code: 13 MB
Uptime: 3.347503 s

LIBXSMM_VERSION: RT-bct-L1-NMBlocking-1.16.1-1576 (25183784)
LIBXSMM_TARGET: skx
Registry and code: 13 MB
Uptime: 3.340718 s

LIBXSMM_VERSION: RT-bct-L1-NMBlocking-1.16.1-1576 (25183784)
LIBXSMM_TARGET: skx
Registry and code: 13 MB
Uptime: 0.684972 s

LIBXSMM_VERSION: RT-bct-L1-NMBlocking-1.16.1-1576 (25183784)
LIBXSMM_TARGET: skx
Registry and code: 13 MB
Uptime: 0.629151 s

LIBXSMM_VERSION: RT-bct-L1-NMBlocking-1.16.1-1576 (25183784)
LIBXSMM_TARGET: skx
Registry and code: 13 MB
Uptime: 0.588004 s

LIBXSMM_VERSION: RT-bct-L1-NMBlocking-1.16.1-1576 (25183784)
LIBXSMM_TARGET: skx
Registry and code: 13 MB
Uptime: 0.664244 s

LIBXSMM_VERSION: RT-bct-L1-NMBlocking-1.16.1-1576 (25183784)
LIBXSMM_TARGET: skx
Registry and code: 13 MB
Uptime: 0.587584 s

LIBXSMM_VERSION: RT-bct-L1-NMBlocking-1.16.1-1576 (25183784)
LIBXSMM_TARGET: skx
Registry and code: 13 MB
Uptime: 0.555013 s

LIBXSMM_VERSION: RT-bct-L1-NMBlocking-1.16.1-1576 (25183784)
LIBXSMM_TARGET: skx
Registry and code: 13 MB
Uptime: 0.660513 s

LIBXSMM_VERSION: RT-bct-L1-NMBlocking-1.16.1-1576 (25183784)
LIBXSMM_TARGET: skx
Registry and code: 13 MB
Uptime: 0.589738 s

LIBXSMM_VERSION: RT-bct-L1-NMBlocking-1.16.1-1576 (25183784)
LIBXSMM_TARGET: skx
Registry and code: 13 MB
Uptime: 0.579243 s

LIBXSMM_VERSION: RT-bct-L1-NMBlocking-1.16.1-1576 (25183784)
LIBXSMM_TARGET: skx
Registry and code: 13 MB
Uptime: 0.688482 s

LIBXSMM_VERSION: RT-bct-L1-NMBlocking-1.16.1-1576 (25183784)
LIBXSMM_TARGET: skx
Registry and code: 13 MB
Uptime: 0.614117 s

LIBXSMM_VERSION: RT-bct-L1-NMBlocking-1.16.1-1576 (25183784)
LIBXSMM_TARGET: skx
Registry and code: 13 MB
Uptime: 0.574307 s

LIBXSMM_VERSION: RT-bct-L1-NMBlocking-1.16.1-1576 (25183784)
LIBXSMM_TARGET: skx
Registry and code: 13 MB
Uptime: 0.684549 s

LIBXSMM_VERSION: RT-bct-L1-NMBlocking-1.16.1-1576 (25183784)
LIBXSMM_TARGET: skx
Registry and code: 13 MB
Uptime: 0.589505 s

LIBXSMM_VERSION: RT-bct-L1-NMBlocking-1.16.1-1576 (25183784)
LIBXSMM_TARGET: skx
Registry and code: 13 MB
Uptime: 0.567050 s

LIBXSMM_VERSION: RT-bct-L1-NMBlocking-1.16.1-1576 (25183784)
LIBXSMM_TARGET: skx
Registry and code: 13 MB
Uptime: 0.670428 s

LIBXSMM_VERSION: RT-bct-L1-NMBlocking-1.16.1-1576 (25183784)
LIBXSMM_TARGET: skx
Registry and code: 13 MB
Uptime: 0.602384 s

LIBXSMM_VERSION: RT-bct-L1-NMBlocking-1.16.1-1576 (25183784)
LIBXSMM_TARGET: skx
Registry and code: 13 MB
Uptime: 0.563095 s

LIBXSMM_VERSION: RT-bct-L1-NMBlocking-1.16.1-1576 (25183784)
LIBXSMM_TARGET: skx
Registry and code: 13 MB
Uptime: 0.673470 s

LIBXSMM_VERSION: RT-bct-L1-NMBlocking-1.16.1-1576 (25183784)
LIBXSMM_TARGET: skx
Registry and code: 13 MB
Uptime: 0.578982 s

LIBXSMM_VERSION: RT-bct-L1-NMBlocking-1.16.1-1576 (25183784)
LIBXSMM_TARGET: skx
Registry and code: 13 MB
Uptime: 0.556013 s

LIBXSMM_VERSION: RT-bct-L1-NMBlocking-1.16.1-1576 (25183784)
LIBXSMM_TARGET: skx
Registry and code: 13 MB
Uptime: 0.687452 s

LIBXSMM_VERSION: RT-bct-L1-NMBlocking-1.16.1-1576 (25183784)
LIBXSMM_TARGET: skx
Registry and code: 13 MB
Uptime: 0.593163 s

LIBXSMM_VERSION: RT-bct-L1-NMBlocking-1.16.1-1576 (25183784)
LIBXSMM_TARGET: skx
Registry and code: 13 MB
Uptime: 0.555373 s

LIBXSMM_VERSION: RT-bct-L1-NMBlocking-1.16.1-1576 (25183784)
LIBXSMM_TARGET: skx
Registry and code: 13 MB
Uptime: 0.658197 s

LIBXSMM_VERSION: RT-bct-L1-NMBlocking-1.16.1-1576 (25183784)
LIBXSMM_TARGET: skx
Registry and code: 13 MB
Uptime: 0.591965 s

LIBXSMM_VERSION: RT-bct-L1-NMBlocking-1.16.1-1576 (25183784)
LIBXSMM_TARGET: skx
Registry and code: 13 MB
Uptime: 0.558053 s

LIBXSMM_VERSION: RT-bct-L1-NMBlocking-1.16.1-1576 (25183784)
LIBXSMM_TARGET: skx
Registry and code: 13 MB
Uptime: 0.663845 s

LIBXSMM_VERSION: RT-bct-L1-NMBlocking-1.16.1-1576 (25183784)
LIBXSMM_TARGET: skx
Registry and code: 13 MB
Uptime: 0.572204 s

LIBXSMM_VERSION: RT-bct-L1-NMBlocking-1.16.1-1576 (25183784)
LIBXSMM_TARGET: skx
Registry and code: 13 MB
Uptime: 0.550702 s

LIBXSMM_VERSION: RT-bct-L1-NMBlocking-1.16.1-1576 (25183784)
LIBXSMM_TARGET: skx
Registry and code: 13 MB
Uptime: 0.657349 s

LIBXSMM_VERSION: RT-bct-L1-NMBlocking-1.16.1-1576 (25183784)
LIBXSMM_TARGET: skx
Registry and code: 13 MB
Uptime: 0.608704 s

LIBXSMM_VERSION: RT-bct-L1-NMBlocking-1.16.1-1576 (25183784)
LIBXSMM_TARGET: skx
Registry and code: 13 MB
Uptime: 0.560036 s

LIBXSMM_VERSION: RT-bct-L1-NMBlocking-1.16.1-1576 (25183784)
LIBXSMM_TARGET: skx
Registry and code: 13 MB
Uptime: 0.661595 s

LIBXSMM_VERSION: RT-bct-L1-NMBlocking-1.16.1-1576 (25183784)
LIBXSMM_TARGET: skx
Registry and code: 13 MB
Uptime: 0.568859 s

LIBXSMM_VERSION: RT-bct-L1-NMBlocking-1.16.1-1576 (25183784)
LIBXSMM_TARGET: skx
Registry and code: 13 MB
Uptime: 0.556759 s

LIBXSMM_VERSION: RT-bct-L1-NMBlocking-1.16.1-1576 (25183784)
LIBXSMM_TARGET: skx
Registry and code: 13 MB
Uptime: 0.672158 s

LIBXSMM_VERSION: RT-bct-L1-NMBlocking-1.16.1-1576 (25183784)
LIBXSMM_TARGET: skx
Registry and code: 13 MB
Uptime: 0.593491 s

LIBXSMM_VERSION: RT-bct-L1-NMBlocking-1.16.1-1576 (25183784)
LIBXSMM_TARGET: skx
Registry and code: 13 MB
Uptime: 0.569936 s

LIBXSMM_VERSION: RT-bct-L1-NMBlocking-1.16.1-1576 (25183784)
LIBXSMM_TARGET: skx
Registry and code: 13 MB
Uptime: 0.684062 s

LIBXSMM_VERSION: RT-bct-L1-NMBlocking-1.16.1-1576 (25183784)
LIBXSMM_TARGET: skx
Registry and code: 13 MB
Uptime: 0.591009 s

LIBXSMM_VERSION: RT-bct-L1-NMBlocking-1.16.1-1576 (25183784)
LIBXSMM_TARGET: skx
Registry and code: 13 MB
Uptime: 0.569320 s

LIBXSMM_VERSION: RT-bct-L1-NMBlocking-1.16.1-1576 (25183784)
LIBXSMM_TARGET: skx
Registry and code: 13 MB
Uptime: 0.672838 s

LIBXSMM_VERSION: RT-bct-L1-NMBlocking-1.16.1-1576 (25183784)
LIBXSMM_TARGET: skx
Registry and code: 13 MB
Uptime: 0.591644 s

LIBXSMM_VERSION: RT-bct-L1-NMBlocking-1.16.1-1576 (25183784)
LIBXSMM_TARGET: skx
Registry and code: 13 MB
Uptime: 0.557557 s

LIBXSMM_VERSION: RT-bct-L1-NMBlocking-1.16.1-1576 (25183784)
LIBXSMM_TARGET: skx
Registry and code: 13 MB
Uptime: 0.654520 s

LIBXSMM_VERSION: RT-bct-L1-NMBlocking-1.16.1-1576 (25183784)
LIBXSMM_TARGET: skx
Registry and code: 13 MB
Uptime: 0.587375 s

LIBXSMM_VERSION: RT-bct-L1-NMBlocking-1.16.1-1576 (25183784)
LIBXSMM_TARGET: skx
Registry and code: 13 MB
Uptime: 0.559090 s

Finished running in 57.72043333333333ms
Generating and Compiling data/synth_mats_wider/vary_row/q_64/r_1024_c_128_p_0.05_uniq_64.txt
Running data/synth_mats_wider/vary_row/q_64/r_1024_c_128_p_0.05_uniq_64.txt
Finished running in 390.89046666666667ms
Generating and Compiling data/synth_mats_wider/vary_row/q_256/r_64_c_128_p_0.05_uniq_256.txt
Running data/synth_mats_wider/vary_row/q_256/r_64_c_128_p_0.05_uniq_256.txt
Finished running in 40.65383333333333ms
Generating and Compiling data/synth_mats_wider/vary_row/q_256/r_128_c_128_p_0.05_uniq_256.txt
Running data/synth_mats_wider/vary_row/q_256/r_128_c_128_p_0.05_uniq_256.txt
Finished running in 61.218266666666665ms
Generating and Compiling data/synth_mats_wider/vary_row/q_256/r_256_c_128_p_0.05_uniq_256.txt
Running data/synth_mats_wider/vary_row/q_256/r_256_c_128_p_0.05_uniq_256.txt
Finished running in 97.25036666666666ms
Generating and Compiling data/synth_mats_wider/vary_row/q_256/r_512_c_128_p_0.05_uniq_256.txt
Running data/synth_mats_wider/vary_row/q_256/r_512_c_128_p_0.05_uniq_256.txt
Finished running in 162.90983333333332ms
Generating and Compiling data/synth_mats_wider/vary_row/q_256/r_1024_c_128_p_0.05_uniq_256.txt
Running data/synth_mats_wider/vary_row/q_256/r_1024_c_128_p_0.05_uniq_256.txt
Finished running in 392.15336666666667ms
Generating and Compiling data/synth_mats_wider/vary_unique/r_128_c_128_p_0.05_uniq_16.txt
Running data/synth_mats_wider/vary_unique/r_128_c_128_p_0.05_uniq_16.txt
Finished running in 18.44883333333333ms
Generating and Compiling data/synth_mats_wider/vary_unique/r_128_c_128_p_0.05_uniq_32.txt
Running data/synth_mats_wider/vary_unique/r_128_c_128_p_0.05_uniq_32.txt
Finished running in 17.189533333333333ms
Generating and Compiling data/synth_mats_wider/vary_unique/r_128_c_128_p_0.05_uniq_48.txt
Running data/synth_mats_wider/vary_unique/r_128_c_128_p_0.05_uniq_48.txt
Finished running in 16.9858ms
Generating and Compiling data/synth_mats_wider/vary_unique/r_128_c_128_p_0.05_uniq_64.txt
Running data/synth_mats_wider/vary_unique/r_128_c_128_p_0.05_uniq_64.txt
Finished running in 17.698966666666667ms
Generating and Compiling data/synth_mats_wider/vary_unique/r_128_c_128_p_0.05_uniq_80.txt
Running data/synth_mats_wider/vary_unique/r_128_c_128_p_0.05_uniq_80.txt
Finished running in 16.89966666666667ms
Generating and Compiling data/synth_mats_wider/vary_unique/r_128_c_128_p_0.05_uniq_96.txt
Running data/synth_mats_wider/vary_unique/r_128_c_128_p_0.05_uniq_96.txt
Finished running in 18.050666666666665ms
Generating and Compiling data/synth_mats_wider/vary_unique/r_128_c_128_p_0.05_uniq_112.txt
Running data/synth_mats_wider/vary_unique/r_128_c_128_p_0.05_uniq_112.txt
Finished running in 16.664933333333334ms
Generating and Compiling data/synth_mats_wider/vary_unique/r_128_c_128_p_0.05_uniq_128.txt
Running data/synth_mats_wider/vary_unique/r_128_c_128_p_0.05_uniq_128.txt
Finished running in 17.0788ms
Generating and Compiling data/synth_mats_wider/vary_unique/r_128_c_128_p_0.05_uniq_144.txt
Running data/synth_mats_wider/vary_unique/r_128_c_128_p_0.05_uniq_144.txt
Finished running in 17.126533333333334ms
Generating and Compiling data/synth_mats_wider/vary_unique/r_128_c_128_p_0.05_uniq_160.txt
Running data/synth_mats_wider/vary_unique/r_128_c_128_p_0.05_uniq_160.txt
Finished running in 16.348033333333333ms
Generating and Compiling data/synth_mats_wider/vary_unique/r_128_c_128_p_0.05_uniq_176.txt
Running data/synth_mats_wider/vary_unique/r_128_c_128_p_0.05_uniq_176.txt
Finished running in 17.83066666666667ms
Generating and Compiling data/synth_mats_wider/vary_unique/r_128_c_128_p_0.05_uniq_192.txt
Running data/synth_mats_wider/vary_unique/r_128_c_128_p_0.05_uniq_192.txt
Finished running in 16.530433333333335ms
Generating and Compiling data/synth_mats_wider/vary_unique/r_128_c_128_p_0.05_uniq_208.txt
Running data/synth_mats_wider/vary_unique/r_128_c_128_p_0.05_uniq_208.txt
Finished running in 18.0917ms
Generating and Compiling data/synth_mats_wider/vary_unique/r_128_c_128_p_0.05_uniq_224.txt
Running data/synth_mats_wider/vary_unique/r_128_c_128_p_0.05_uniq_224.txt
Finished running in 17.888466666666666ms
Generating and Compiling data/synth_mats_wider/vary_unique/r_128_c_128_p_0.05_uniq_240.txt
Running data/synth_mats_wider/vary_unique/r_128_c_128_p_0.05_uniq_240.txt
Finished running in 20.034266666666667ms
Generating and Compiling data/synth_mats_wider/vary_unique/r_128_c_128_p_0.05_uniq_256.txt
Running data/synth_mats_wider/vary_unique/r_128_c_128_p_0.05_uniq_256.txt
Finished running in 59.69406666666667ms
Traceback (most recent call last):
  File "src/benchmark/benchmark.py", line 162, in <module>
    print("Average speedup (best) of custom over reference {}".format(sum(speedups_best_over_ref)/len(speedups_best_over_ref)))
TypeError: unsupported operand type(s) for +: 'int' and 'NoneType'
