
LIBXSMM_VERSION: RT-bst-B-from-vreg-1.16.1-1577 (25183785)
LIBXSMM_TARGET: skx
Registry and code: 13 MB
Uptime: 0.095183 s

LIBXSMM_VERSION: RT-bst-B-from-vreg-1.16.1-1577 (25183785)
LIBXSMM_TARGET: skx
Registry and code: 13 MB
Uptime: 0.085491 s

LIBXSMM_VERSION: RT-bst-B-from-vreg-1.16.1-1577 (25183785)
LIBXSMM_TARGET: skx
Registry and code: 13 MB
Uptime: 0.086277 s

LIBXSMM_VERSION: RT-bst-B-from-vreg-1.16.1-1577 (25183785)
LIBXSMM_TARGET: skx
Registry and code: 13 MB
Uptime: 0.045551 s

LIBXSMM_VERSION: RT-bst-B-from-vreg-1.16.1-1577 (25183785)
LIBXSMM_TARGET: skx
Registry and code: 13 MB
Uptime: 0.046734 s

LIBXSMM_VERSION: RT-bst-B-from-vreg-1.16.1-1577 (25183785)
LIBXSMM_TARGET: skx
Registry and code: 13 MB
Uptime: 0.049432 s

LIBXSMM_VERSION: RT-bst-B-from-vreg-1.16.1-1577 (25183785)
LIBXSMM_TARGET: skx
Registry and code: 13 MB
Uptime: 0.094411 s

LIBXSMM_VERSION: RT-bst-B-from-vreg-1.16.1-1577 (25183785)
LIBXSMM_TARGET: skx
Registry and code: 13 MB
Uptime: 0.093475 s

LIBXSMM_VERSION: RT-bst-B-from-vreg-1.16.1-1577 (25183785)
LIBXSMM_TARGET: skx
Registry and code: 13 MB
Uptime: 0.095196 s

LIBXSMM_VERSION: RT-bst-B-from-vreg-1.16.1-1577 (25183785)
LIBXSMM_TARGET: skx
Registry and code: 13 MB
Uptime: 0.043882 s

LIBXSMM_VERSION: RT-bst-B-from-vreg-1.16.1-1577 (25183785)
LIBXSMM_TARGET: skx
Registry and code: 13 MB
Uptime: 0.044722 s

LIBXSMM_VERSION: RT-bst-B-from-vreg-1.16.1-1577 (25183785)
LIBXSMM_TARGET: skx
Registry and code: 13 MB
Uptime: 0.047924 s

LIBXSMM_VERSION: RT-bst-B-from-vreg-1.16.1-1577 (25183785)
LIBXSMM_TARGET: skx
Registry and code: 13 MB
Uptime: 0.088663 s

LIBXSMM_VERSION: RT-bst-B-from-vreg-1.16.1-1577 (25183785)
LIBXSMM_TARGET: skx
Registry and code: 13 MB
Uptime: 0.083349 s

LIBXSMM_VERSION: RT-bst-B-from-vreg-1.16.1-1577 (25183785)
LIBXSMM_TARGET: skx
Registry and code: 13 MB
Uptime: 0.088849 s

LIBXSMM_VERSION: RT-bst-B-from-vreg-1.16.1-1577 (25183785)
LIBXSMM_TARGET: skx
Registry and code: 13 MB
Uptime: 0.193043 s

LIBXSMM_VERSION: RT-bst-B-from-vreg-1.16.1-1577 (25183785)
LIBXSMM_TARGET: skx
Registry and code: 13 MB
Uptime: 0.190778 s

LIBXSMM_VERSION: RT-bst-B-from-vreg-1.16.1-1577 (25183785)
LIBXSMM_TARGET: skx
Registry and code: 13 MB
Uptime: 0.190990 s

LIBXSMM_VERSION: RT-bst-B-from-vreg-1.16.1-1577 (25183785)
LIBXSMM_TARGET: skx
Registry and code: 13 MB
Uptime: 0.229250 s

LIBXSMM_VERSION: RT-bst-B-from-vreg-1.16.1-1577 (25183785)
LIBXSMM_TARGET: skx
Registry and code: 13 MB
Uptime: 0.221563 s

LIBXSMM_VERSION: RT-bst-B-from-vreg-1.16.1-1577 (25183785)
LIBXSMM_TARGET: skx
Registry and code: 13 MB
Uptime: 0.234545 s

LIBXSMM_VERSION: RT-bst-B-from-vreg-1.16.1-1577 (25183785)
LIBXSMM_TARGET: skx
Registry and code: 13 MB
Uptime: 0.388451 s

LIBXSMM_VERSION: RT-bst-B-from-vreg-1.16.1-1577 (25183785)
LIBXSMM_TARGET: skx
Registry and code: 13 MB
Uptime: 0.385708 s

LIBXSMM_VERSION: RT-bst-B-from-vreg-1.16.1-1577 (25183785)
LIBXSMM_TARGET: skx
Registry and code: 13 MB
Uptime: 0.392530 s

LIBXSMM_VERSION: RT-bst-B-from-vreg-1.16.1-1577 (25183785)
LIBXSMM_TARGET: skx
Registry and code: 13 MB
Uptime: 0.349141 s

LIBXSMM_VERSION: RT-bst-B-from-vreg-1.16.1-1577 (25183785)
LIBXSMM_TARGET: skx
Registry and code: 13 MB
Uptime: 0.337493 s

LIBXSMM_VERSION: RT-bst-B-from-vreg-1.16.1-1577 (25183785)
LIBXSMM_TARGET: skx
Registry and code: 13 MB
Uptime: 0.338413 s

LIBXSMM_VERSION: RT-bst-B-from-vreg-1.16.1-1577 (25183785)
LIBXSMM_TARGET: skx
Registry and code: 13 MB
Uptime: 0.278732 s

LIBXSMM_VERSION: RT-bst-B-from-vreg-1.16.1-1577 (25183785)
LIBXSMM_TARGET: skx
Registry and code: 13 MB
Uptime: 0.282495 s

LIBXSMM_VERSION: RT-bst-B-from-vreg-1.16.1-1577 (25183785)
LIBXSMM_TARGET: skx
Registry and code: 13 MB
Uptime: 0.277423 s

LIBXSMM_VERSION: RT-bst-B-from-vreg-1.16.1-1577 (25183785)
LIBXSMM_TARGET: skx
Registry and code: 13 MB
Uptime: 0.195228 s

LIBXSMM_VERSION: RT-bst-B-from-vreg-1.16.1-1577 (25183785)
LIBXSMM_TARGET: skx
Registry and code: 13 MB
Uptime: 0.197437 s

LIBXSMM_VERSION: RT-bst-B-from-vreg-1.16.1-1577 (25183785)
LIBXSMM_TARGET: skx
Registry and code: 13 MB
Uptime: 0.194479 s

LIBXSMM_VERSION: RT-bst-B-from-vreg-1.16.1-1577 (25183785)
LIBXSMM_TARGET: skx
Registry and code: 13 MB
Uptime: 0.225907 s

LIBXSMM_VERSION: RT-bst-B-from-vreg-1.16.1-1577 (25183785)
LIBXSMM_TARGET: skx
Registry and code: 13 MB
Uptime: 0.221023 s

LIBXSMM_VERSION: RT-bst-B-from-vreg-1.16.1-1577 (25183785)
LIBXSMM_TARGET: skx
Registry and code: 13 MB
Uptime: 0.234396 s

LIBXSMM_VERSION: RT-bst-B-from-vreg-1.16.1-1577 (25183785)
LIBXSMM_TARGET: skx
Registry and code: 13 MB
Uptime: 0.389517 s

LIBXSMM_VERSION: RT-bst-B-from-vreg-1.16.1-1577 (25183785)
LIBXSMM_TARGET: skx
Registry and code: 13 MB
Uptime: 0.386391 s

LIBXSMM_VERSION: RT-bst-B-from-vreg-1.16.1-1577 (25183785)
LIBXSMM_TARGET: skx
Registry and code: 13 MB
Uptime: 0.395700 s

LIBXSMM_VERSION: RT-bst-B-from-vreg-1.16.1-1577 (25183785)
LIBXSMM_TARGET: skx
Registry and code: 13 MB
Uptime: 0.342421 s

LIBXSMM_VERSION: RT-bst-B-from-vreg-1.16.1-1577 (25183785)
LIBXSMM_TARGET: skx
Registry and code: 13 MB
Uptime: 0.334723 s

LIBXSMM_VERSION: RT-bst-B-from-vreg-1.16.1-1577 (25183785)
LIBXSMM_TARGET: skx
Registry and code: 13 MB
Uptime: 0.342483 s

LIBXSMM_VERSION: RT-bst-B-from-vreg-1.16.1-1577 (25183785)
LIBXSMM_TARGET: skx
Registry and code: 13 MB
Uptime: 0.276286 s

LIBXSMM_VERSION: RT-bst-B-from-vreg-1.16.1-1577 (25183785)
LIBXSMM_TARGET: skx
Registry and code: 13 MB
Uptime: 0.277143 s

LIBXSMM_VERSION: RT-bst-B-from-vreg-1.16.1-1577 (25183785)
LIBXSMM_TARGET: skx
Registry and code: 13 MB
Uptime: 0.279499 s

LIBXSMM_VERSION: RT-bst-B-from-vreg-1.16.1-1577 (25183785)
LIBXSMM_TARGET: skx
Registry and code: 13 MB
Uptime: 0.428579 s

LIBXSMM_VERSION: RT-bst-B-from-vreg-1.16.1-1577 (25183785)
LIBXSMM_TARGET: skx
Registry and code: 13 MB
Uptime: 0.446900 s

LIBXSMM_VERSION: RT-bst-B-from-vreg-1.16.1-1577 (25183785)
LIBXSMM_TARGET: skx
Registry and code: 13 MB
Uptime: 0.455252 s

LIBXSMM_VERSION: RT-bst-B-from-vreg-1.16.1-1577 (25183785)
LIBXSMM_TARGET: skx
Registry and code: 13 MB
Uptime: 0.529389 s

LIBXSMM_VERSION: RT-bst-B-from-vreg-1.16.1-1577 (25183785)
LIBXSMM_TARGET: skx
Registry and code: 13 MB
Uptime: 0.530428 s

LIBXSMM_VERSION: RT-bst-B-from-vreg-1.16.1-1577 (25183785)
LIBXSMM_TARGET: skx
Registry and code: 13 MB
Uptime: 0.549116 s

LIBXSMM_VERSION: RT-bst-B-from-vreg-1.16.1-1577 (25183785)
LIBXSMM_TARGET: skx
Registry and code: 13 MB
Uptime: 0.910634 s

LIBXSMM_VERSION: RT-bst-B-from-vreg-1.16.1-1577 (25183785)
LIBXSMM_TARGET: skx
Registry and code: 13 MB
Uptime: 0.936853 s

LIBXSMM_VERSION: RT-bst-B-from-vreg-1.16.1-1577 (25183785)
LIBXSMM_TARGET: skx
Registry and code: 13 MB
Uptime: 0.932513 s

LIBXSMM_VERSION: RT-bst-B-from-vreg-1.16.1-1577 (25183785)
LIBXSMM_TARGET: skx
Registry and code: 13 MB
Uptime: 0.982783 s

LIBXSMM_VERSION: RT-bst-B-from-vreg-1.16.1-1577 (25183785)
LIBXSMM_TARGET: skx
Registry and code: 13 MB
Uptime: 0.970892 s

LIBXSMM_VERSION: RT-bst-B-from-vreg-1.16.1-1577 (25183785)
LIBXSMM_TARGET: skx
Registry and code: 13 MB
Uptime: 0.887372 s

LIBXSMM_VERSION: RT-bst-B-from-vreg-1.16.1-1577 (25183785)
LIBXSMM_TARGET: skx
Registry and code: 13 MB
Uptime: 0.816559 s

LIBXSMM_VERSION: RT-bst-B-from-vreg-1.16.1-1577 (25183785)
LIBXSMM_TARGET: skx
Registry and code: 13 MB
Uptime: 0.800805 s

LIBXSMM_VERSION: RT-bst-B-from-vreg-1.16.1-1577 (25183785)
LIBXSMM_TARGET: skx
Registry and code: 13 MB
Uptime: 0.844646 s

LIBXSMM_VERSION: RT-bst-B-from-vreg-1.16.1-1577 (25183785)
LIBXSMM_TARGET: skx
Registry and code: 13 MB
Uptime: 0.476475 s

LIBXSMM_VERSION: RT-bst-B-from-vreg-1.16.1-1577 (25183785)
LIBXSMM_TARGET: skx
Registry and code: 13 MB
Uptime: 0.462676 s

LIBXSMM_VERSION: RT-bst-B-from-vreg-1.16.1-1577 (25183785)
LIBXSMM_TARGET: skx
Registry and code: 13 MB
Uptime: 0.462991 s

LIBXSMM_VERSION: RT-bst-B-from-vreg-1.16.1-1577 (25183785)
LIBXSMM_TARGET: skx
Registry and code: 13 MB
Uptime: 0.554177 s

LIBXSMM_VERSION: RT-bst-B-from-vreg-1.16.1-1577 (25183785)
LIBXSMM_TARGET: skx
Registry and code: 13 MB
Uptime: 0.533139 s

LIBXSMM_VERSION: RT-bst-B-from-vreg-1.16.1-1577 (25183785)
LIBXSMM_TARGET: skx
Registry and code: 13 MB
Uptime: 0.548558 s

LIBXSMM_VERSION: RT-bst-B-from-vreg-1.16.1-1577 (25183785)
LIBXSMM_TARGET: skx
Registry and code: 13 MB
Uptime: 0.921121 s

LIBXSMM_VERSION: RT-bst-B-from-vreg-1.16.1-1577 (25183785)
LIBXSMM_TARGET: skx
Registry and code: 13 MB
Uptime: 0.926717 s

LIBXSMM_VERSION: RT-bst-B-from-vreg-1.16.1-1577 (25183785)
LIBXSMM_TARGET: skx
Registry and code: 13 MB
Uptime: 0.930026 s

LIBXSMM_VERSION: RT-bst-B-from-vreg-1.16.1-1577 (25183785)
LIBXSMM_TARGET: skx
Registry and code: 13 MB
Uptime: 1.008362 s

LIBXSMM_VERSION: RT-bst-B-from-vreg-1.16.1-1577 (25183785)
LIBXSMM_TARGET: skx
Registry and code: 13 MB
Uptime: 0.984549 s

LIBXSMM_VERSION: RT-bst-B-from-vreg-1.16.1-1577 (25183785)
LIBXSMM_TARGET: skx
Registry and code: 13 MB
Uptime: 0.895611 s

LIBXSMM_VERSION: RT-bst-B-from-vreg-1.16.1-1577 (25183785)
LIBXSMM_TARGET: skx
Registry and code: 13 MB
Uptime: 0.844449 s

LIBXSMM_VERSION: RT-bst-B-from-vreg-1.16.1-1577 (25183785)
LIBXSMM_TARGET: skx
Registry and code: 13 MB
Uptime: 0.804696 s

LIBXSMM_VERSION: RT-bst-B-from-vreg-1.16.1-1577 (25183785)
LIBXSMM_TARGET: skx
Registry and code: 13 MB
Uptime: 0.865834 s

LIBXSMM_VERSION: RT-bst-B-from-vreg-1.16.1-1577 (25183785)
LIBXSMM_TARGET: skx
Registry and code: 13 MB
Uptime: 0.749362 s

LIBXSMM_VERSION: RT-bst-B-from-vreg-1.16.1-1577 (25183785)
LIBXSMM_TARGET: skx
Registry and code: 13 MB
Uptime: 0.749808 s

LIBXSMM_VERSION: RT-bst-B-from-vreg-1.16.1-1577 (25183785)
LIBXSMM_TARGET: skx
Registry and code: 13 MB
Uptime: 0.764949 s

LIBXSMM_VERSION: RT-bst-B-from-vreg-1.16.1-1577 (25183785)
LIBXSMM_TARGET: skx
Registry and code: 13 MB
Uptime: 0.998210 s

LIBXSMM_VERSION: RT-bst-B-from-vreg-1.16.1-1577 (25183785)
LIBXSMM_TARGET: skx
Registry and code: 13 MB
Uptime: 1.014908 s

LIBXSMM_VERSION: RT-bst-B-from-vreg-1.16.1-1577 (25183785)
LIBXSMM_TARGET: skx
Registry and code: 13 MB
Uptime: 0.954568 s

LIBXSMM_VERSION: RT-bst-B-from-vreg-1.16.1-1577 (25183785)
LIBXSMM_TARGET: skx
Registry and code: 13 MB
Uptime: 1.803239 s

LIBXSMM_VERSION: RT-bst-B-from-vreg-1.16.1-1577 (25183785)
LIBXSMM_TARGET: skx
Registry and code: 13 MB
Uptime: 1.712094 s

LIBXSMM_VERSION: RT-bst-B-from-vreg-1.16.1-1577 (25183785)
LIBXSMM_TARGET: skx
Registry and code: 13 MB
Uptime: 1.678370 s

LIBXSMM_VERSION: RT-bst-B-from-vreg-1.16.1-1577 (25183785)
LIBXSMM_TARGET: skx
Registry and code: 13 MB
Uptime: 2.138805 s

LIBXSMM_VERSION: RT-bst-B-from-vreg-1.16.1-1577 (25183785)
LIBXSMM_TARGET: skx
Registry and code: 13 MB
Uptime: 1.879306 s

LIBXSMM_VERSION: RT-bst-B-from-vreg-1.16.1-1577 (25183785)
LIBXSMM_TARGET: skx
Registry and code: 13 MB
Uptime: 1.854032 s

LIBXSMM_VERSION: RT-bst-B-from-vreg-1.16.1-1577 (25183785)
LIBXSMM_TARGET: skx
Registry and code: 13 MB
Uptime: 1.794482 s

LIBXSMM_VERSION: RT-bst-B-from-vreg-1.16.1-1577 (25183785)
LIBXSMM_TARGET: skx
Registry and code: 13 MB
Uptime: 1.775227 s

LIBXSMM_VERSION: RT-bst-B-from-vreg-1.16.1-1577 (25183785)
LIBXSMM_TARGET: skx
Registry and code: 13 MB
Uptime: 1.682174 s

LIBXSMM_VERSION: RT-bst-B-from-vreg-1.16.1-1577 (25183785)
LIBXSMM_TARGET: skx
Registry and code: 13 MB
Uptime: 0.935165 s

LIBXSMM_VERSION: RT-bst-B-from-vreg-1.16.1-1577 (25183785)
LIBXSMM_TARGET: skx
Registry and code: 13 MB
Uptime: 0.891635 s

LIBXSMM_VERSION: RT-bst-B-from-vreg-1.16.1-1577 (25183785)
LIBXSMM_TARGET: skx
Registry and code: 13 MB
Uptime: 0.803998 s

LIBXSMM_VERSION: RT-bst-B-from-vreg-1.16.1-1577 (25183785)
LIBXSMM_TARGET: skx
Registry and code: 13 MB
Uptime: 0.993850 s

LIBXSMM_VERSION: RT-bst-B-from-vreg-1.16.1-1577 (25183785)
LIBXSMM_TARGET: skx
Registry and code: 13 MB
Uptime: 1.018406 s

LIBXSMM_VERSION: RT-bst-B-from-vreg-1.16.1-1577 (25183785)
LIBXSMM_TARGET: skx
Registry and code: 13 MB
Uptime: 0.976431 s

LIBXSMM_VERSION: RT-bst-B-from-vreg-1.16.1-1577 (25183785)
LIBXSMM_TARGET: skx
Registry and code: 13 MB
Uptime: 1.798999 s

LIBXSMM_VERSION: RT-bst-B-from-vreg-1.16.1-1577 (25183785)
LIBXSMM_TARGET: skx
Registry and code: 13 MB
Uptime: 1.737414 s

LIBXSMM_VERSION: RT-bst-B-from-vreg-1.16.1-1577 (25183785)
LIBXSMM_TARGET: skx
Registry and code: 13 MB
Uptime: 1.669180 s

LIBXSMM_VERSION: RT-bst-B-from-vreg-1.16.1-1577 (25183785)
LIBXSMM_TARGET: skx
Registry and code: 13 MB
Uptime: 2.195363 s

LIBXSMM_VERSION: RT-bst-B-from-vreg-1.16.1-1577 (25183785)
LIBXSMM_TARGET: skx
Registry and code: 13 MB
Uptime: 1.880693 s

LIBXSMM_VERSION: RT-bst-B-from-vreg-1.16.1-1577 (25183785)
LIBXSMM_TARGET: skx
Registry and code: 13 MB
Uptime: 1.924404 s

LIBXSMM_VERSION: RT-bst-B-from-vreg-1.16.1-1577 (25183785)
LIBXSMM_TARGET: skx
Registry and code: 13 MB
Uptime: 1.745358 s

LIBXSMM_VERSION: RT-bst-B-from-vreg-1.16.1-1577 (25183785)
LIBXSMM_TARGET: skx
Registry and code: 13 MB
Uptime: 1.748427 s

LIBXSMM_VERSION: RT-bst-B-from-vreg-1.16.1-1577 (25183785)
LIBXSMM_TARGET: skx
Registry and code: 13 MB
Uptime: 1.691310 s

LIBXSMM_VERSION: RT-bst-B-from-vreg-1.16.1-1577 (25183785)
LIBXSMM_TARGET: skx
Registry and code: 13 MB
Uptime: 1.158677 s

LIBXSMM_VERSION: RT-bst-B-from-vreg-1.16.1-1577 (25183785)
LIBXSMM_TARGET: skx
Registry and code: 13 MB
Uptime: 1.169617 s

LIBXSMM_VERSION: RT-bst-B-from-vreg-1.16.1-1577 (25183785)
LIBXSMM_TARGET: skx
Registry and code: 13 MB
Uptime: 1.171078 s

LIBXSMM_VERSION: RT-bst-B-from-vreg-1.16.1-1577 (25183785)
LIBXSMM_TARGET: skx
Registry and code: 13 MB
Uptime: 1.704230 s

LIBXSMM_VERSION: RT-bst-B-from-vreg-1.16.1-1577 (25183785)
LIBXSMM_TARGET: skx
Registry and code: 13 MB
Uptime: 1.616862 s

LIBXSMM_VERSION: RT-bst-B-from-vreg-1.16.1-1577 (25183785)
LIBXSMM_TARGET: skx
Registry and code: 13 MB
Uptime: 1.555071 s

LIBXSMM_VERSION: RT-bst-B-from-vreg-1.16.1-1577 (25183785)
LIBXSMM_TARGET: skx
Registry and code: 13 MB
Uptime: 3.007389 s

LIBXSMM_VERSION: RT-bst-B-from-vreg-1.16.1-1577 (25183785)
LIBXSMM_TARGET: skx
Registry and code: 13 MB
Uptime: 2.865499 s

LIBXSMM_VERSION: RT-bst-B-from-vreg-1.16.1-1577 (25183785)
LIBXSMM_TARGET: skx
Registry and code: 13 MB
Uptime: 2.824555 s

LIBXSMM_VERSION: RT-bst-B-from-vreg-1.16.1-1577 (25183785)
LIBXSMM_TARGET: skx
Registry and code: 13 MB
Uptime: 3.666710 s

LIBXSMM_VERSION: RT-bst-B-from-vreg-1.16.1-1577 (25183785)
LIBXSMM_TARGET: skx
Registry and code: 13 MB
Uptime: 3.415712 s

LIBXSMM_VERSION: RT-bst-B-from-vreg-1.16.1-1577 (25183785)
LIBXSMM_TARGET: skx
Registry and code: 13 MB
Uptime: 3.441580 s

LIBXSMM_VERSION: RT-bst-B-from-vreg-1.16.1-1577 (25183785)
LIBXSMM_TARGET: skx
Registry and code: 13 MB
Uptime: 3.050877 s

LIBXSMM_VERSION: RT-bst-B-from-vreg-1.16.1-1577 (25183785)
LIBXSMM_TARGET: skx
Registry and code: 13 MB
Uptime: 3.147493 s

LIBXSMM_VERSION: RT-bst-B-from-vreg-1.16.1-1577 (25183785)
LIBXSMM_TARGET: skx
Registry and code: 13 MB
Uptime: 3.046759 s

LIBXSMM_VERSION: RT-bst-B-from-vreg-1.16.1-1577 (25183785)
LIBXSMM_TARGET: skx
Registry and code: 13 MB
Uptime: 1.511593 s

LIBXSMM_VERSION: RT-bst-B-from-vreg-1.16.1-1577 (25183785)
LIBXSMM_TARGET: skx
Registry and code: 13 MB
Uptime: 1.379750 s

LIBXSMM_VERSION: RT-bst-B-from-vreg-1.16.1-1577 (25183785)
LIBXSMM_TARGET: skx
Registry and code: 13 MB
Uptime: 1.391714 s

LIBXSMM_VERSION: RT-bst-B-from-vreg-1.16.1-1577 (25183785)
LIBXSMM_TARGET: skx
Registry and code: 13 MB
Uptime: 1.700983 s

LIBXSMM_VERSION: RT-bst-B-from-vreg-1.16.1-1577 (25183785)
LIBXSMM_TARGET: skx
Registry and code: 13 MB
Uptime: 1.635669 s

LIBXSMM_VERSION: RT-bst-B-from-vreg-1.16.1-1577 (25183785)
LIBXSMM_TARGET: skx
Registry and code: 13 MB
Uptime: 1.536469 s

LIBXSMM_VERSION: RT-bst-B-from-vreg-1.16.1-1577 (25183785)
LIBXSMM_TARGET: skx
Registry and code: 13 MB
Uptime: 3.007538 s

LIBXSMM_VERSION: RT-bst-B-from-vreg-1.16.1-1577 (25183785)
LIBXSMM_TARGET: skx
Registry and code: 13 MB
Uptime: 2.858540 s

LIBXSMM_VERSION: RT-bst-B-from-vreg-1.16.1-1577 (25183785)
LIBXSMM_TARGET: skx
Registry and code: 13 MB
Uptime: 2.827515 s

LIBXSMM_VERSION: RT-bst-B-from-vreg-1.16.1-1577 (25183785)
LIBXSMM_TARGET: skx
Registry and code: 13 MB
Uptime: 3.778183 s

LIBXSMM_VERSION: RT-bst-B-from-vreg-1.16.1-1577 (25183785)
LIBXSMM_TARGET: skx
Registry and code: 13 MB
Uptime: 3.516933 s

LIBXSMM_VERSION: RT-bst-B-from-vreg-1.16.1-1577 (25183785)
LIBXSMM_TARGET: skx
Registry and code: 13 MB
Uptime: 3.522759 s

LIBXSMM_VERSION: RT-bst-B-from-vreg-1.16.1-1577 (25183785)
LIBXSMM_TARGET: skx
Registry and code: 13 MB
Uptime: 3.131945 s

LIBXSMM_VERSION: RT-bst-B-from-vreg-1.16.1-1577 (25183785)
LIBXSMM_TARGET: skx
Registry and code: 13 MB
Uptime: 3.154539 s

LIBXSMM_VERSION: RT-bst-B-from-vreg-1.16.1-1577 (25183785)
LIBXSMM_TARGET: skx
Registry and code: 13 MB
Uptime: 3.055830 s

LIBXSMM_VERSION: RT-bst-B-from-vreg-1.16.1-1577 (25183785)
LIBXSMM_TARGET: skx
Registry and code: 13 MB
Uptime: 1.671203 s

LIBXSMM_VERSION: RT-bst-B-from-vreg-1.16.1-1577 (25183785)
LIBXSMM_TARGET: skx
Registry and code: 13 MB
Uptime: 1.673709 s

LIBXSMM_VERSION: RT-bst-B-from-vreg-1.16.1-1577 (25183785)
LIBXSMM_TARGET: skx
Registry and code: 13 MB
Uptime: 1.707898 s

LIBXSMM_VERSION: RT-bst-B-from-vreg-1.16.1-1577 (25183785)
LIBXSMM_TARGET: skx
Registry and code: 13 MB
Uptime: 2.551958 s

LIBXSMM_VERSION: RT-bst-B-from-vreg-1.16.1-1577 (25183785)
LIBXSMM_TARGET: skx
Registry and code: 13 MB
Uptime: 2.429925 s

LIBXSMM_VERSION: RT-bst-B-from-vreg-1.16.1-1577 (25183785)
LIBXSMM_TARGET: skx
Registry and code: 13 MB
Uptime: 2.359733 s
Generating and Compiling data/example_mats/hex/p1/gauss-legendre/m0.txt
Running data/example_mats/hex/p1/gauss-legendre/m0.txt
Finished running in 2.4851666666666667ms
Generating and Compiling data/example_mats/hex/p1/gauss-legendre/m3.txt
Running data/example_mats/hex/p1/gauss-legendre/m3.txt
Finished running in 1.1541ms
Generating and Compiling data/example_mats/hex/p1/gauss-legendre/m6.txt
Running data/example_mats/hex/p1/gauss-legendre/m6.txt
Finished running in 2.5946333333333333ms
Generating and Compiling data/example_mats/hex/p1/gauss-legendre/m132.txt
Running data/example_mats/hex/p1/gauss-legendre/m132.txt
Finished running in 1.1354333333333335ms
Generating and Compiling data/example_mats/hex/p1/gauss-legendre/m460.txt
Running data/example_mats/hex/p1/gauss-legendre/m460.txt
Finished running in 2.4384ms
Generating and Compiling data/example_mats/hex/p2/gauss-legendre-lobatto/m0.txt
Running data/example_mats/hex/p2/gauss-legendre-lobatto/m0.txt
Finished running in 5.330533333333333ms
Generating and Compiling data/example_mats/hex/p2/gauss-legendre-lobatto/m3.txt
Running data/example_mats/hex/p2/gauss-legendre-lobatto/m3.txt
Finished running in 6.127166666666667ms
Generating and Compiling data/example_mats/hex/p2/gauss-legendre-lobatto/m6.txt
Running data/example_mats/hex/p2/gauss-legendre-lobatto/m6.txt
Finished running in 10.838366666666666ms
Generating and Compiling data/example_mats/hex/p2/gauss-legendre-lobatto/m132.txt
Running data/example_mats/hex/p2/gauss-legendre-lobatto/m132.txt
Finished running in 9.339233333333334ms
Generating and Compiling data/example_mats/hex/p2/gauss-legendre-lobatto/m460.txt
Running data/example_mats/hex/p2/gauss-legendre-lobatto/m460.txt
Finished running in 8.278233333333334ms
Generating and Compiling data/example_mats/hex/p2/gauss-legendre/m0.txt
Running data/example_mats/hex/p2/gauss-legendre/m0.txt
Finished running in 5.650033333333334ms
Generating and Compiling data/example_mats/hex/p2/gauss-legendre/m3.txt
Running data/example_mats/hex/p2/gauss-legendre/m3.txt
Finished running in 6.1547ms
Generating and Compiling data/example_mats/hex/p2/gauss-legendre/m6.txt
Running data/example_mats/hex/p2/gauss-legendre/m6.txt
Finished running in 10.921933333333333ms
Generating and Compiling data/example_mats/hex/p2/gauss-legendre/m132.txt
Running data/example_mats/hex/p2/gauss-legendre/m132.txt
Finished running in 9.329466666666667ms
Generating and Compiling data/example_mats/hex/p2/gauss-legendre/m460.txt
Running data/example_mats/hex/p2/gauss-legendre/m460.txt
Finished running in 8.074ms
Generating and Compiling data/example_mats/hex/p3/gauss-legendre-lobatto/m0.txt
Running data/example_mats/hex/p3/gauss-legendre-lobatto/m0.txt
Finished running in 12.027066666666666ms
Generating and Compiling data/example_mats/hex/p3/gauss-legendre-lobatto/m3.txt
Running data/example_mats/hex/p3/gauss-legendre-lobatto/m3.txt
Finished running in 13.598666666666666ms
Generating and Compiling data/example_mats/hex/p3/gauss-legendre-lobatto/m6.txt
Running data/example_mats/hex/p3/gauss-legendre-lobatto/m6.txt
Finished running in 27.075033333333334ms
Generating and Compiling data/example_mats/hex/p3/gauss-legendre-lobatto/m132.txt
Running data/example_mats/hex/p3/gauss-legendre-lobatto/m132.txt
Finished running in 28.264166666666664ms
Generating and Compiling data/example_mats/hex/p3/gauss-legendre-lobatto/m460.txt
Running data/example_mats/hex/p3/gauss-legendre-lobatto/m460.txt
Finished running in 24.007600000000004ms
Generating and Compiling data/example_mats/hex/p3/gauss-legendre/m0.txt
Running data/example_mats/hex/p3/gauss-legendre/m0.txt
Finished running in 13.702166666666667ms
Generating and Compiling data/example_mats/hex/p3/gauss-legendre/m3.txt
Running data/example_mats/hex/p3/gauss-legendre/m3.txt
Finished running in 13.899133333333333ms
Generating and Compiling data/example_mats/hex/p3/gauss-legendre/m6.txt
Running data/example_mats/hex/p3/gauss-legendre/m6.txt
Finished running in 26.5389ms
Generating and Compiling data/example_mats/hex/p3/gauss-legendre/m132.txt
Running data/example_mats/hex/p3/gauss-legendre/m132.txt
Finished running in 29.03166666666667ms
Generating and Compiling data/example_mats/hex/p3/gauss-legendre/m460.txt
Running data/example_mats/hex/p3/gauss-legendre/m460.txt
Finished running in 23.705ms
Generating and Compiling data/example_mats/hex/p4/gauss-legendre-lobatto/m0.txt
Running data/example_mats/hex/p4/gauss-legendre-lobatto/m0.txt
Finished running in 21.336166666666667ms
Generating and Compiling data/example_mats/hex/p4/gauss-legendre-lobatto/m3.txt
Running data/example_mats/hex/p4/gauss-legendre-lobatto/m3.txt
Finished running in 30.990066666666667ms
Generating and Compiling data/example_mats/hex/p4/gauss-legendre-lobatto/m6.txt
Running data/example_mats/hex/p4/gauss-legendre-lobatto/m6.txt
Finished running in 50.21476666666667ms
Generating and Compiling data/example_mats/hex/p4/gauss-legendre-lobatto/m132.txt
Running data/example_mats/hex/p4/gauss-legendre-lobatto/m132.txt
Finished running in 55.6872ms
Generating and Compiling data/example_mats/hex/p4/gauss-legendre-lobatto/m460.txt
Running data/example_mats/hex/p4/gauss-legendre-lobatto/m460.txt
Finished running in 48.8361ms
Generating and Compiling data/example_mats/hex/p4/gauss-legendre/m0.txt
Running data/example_mats/hex/p4/gauss-legendre/m0.txt
Finished running in 23.888700000000004ms
Generating and Compiling data/example_mats/hex/p4/gauss-legendre/m3.txt
Running data/example_mats/hex/p4/gauss-legendre/m3.txt
Finished running in 30.162466666666667ms
Generating and Compiling data/example_mats/hex/p4/gauss-legendre/m6.txt
Running data/example_mats/hex/p4/gauss-legendre/m6.txt
Finished running in 49.68216666666667ms
Generating and Compiling data/example_mats/hex/p4/gauss-legendre/m132.txt
Running data/example_mats/hex/p4/gauss-legendre/m132.txt
Finished running in 56.372499999999995ms
Generating and Compiling data/example_mats/hex/p4/gauss-legendre/m460.txt
Running data/example_mats/hex/p4/gauss-legendre/m460.txt
Finished running in 49.411566666666666ms
Generating and Compiling data/example_mats/hex/p5/gauss-legendre-lobatto/m0.txt
Running data/example_mats/hex/p5/gauss-legendre-lobatto/m0.txt
Finished running in 33.108066666666666ms
Generating and Compiling data/example_mats/hex/p5/gauss-legendre-lobatto/m3.txt
Running data/example_mats/hex/p5/gauss-legendre-lobatto/m3.txt
Finished running in 48.33356666666667ms
Generating and Compiling data/example_mats/hex/p5/gauss-legendre-lobatto/m6.txt
Running data/example_mats/hex/p5/gauss-legendre-lobatto/m6.txt
Finished running in 82.17596666666667ms
Generating and Compiling data/example_mats/hex/p5/gauss-legendre-lobatto/m132.txt
Running data/example_mats/hex/p5/gauss-legendre-lobatto/m132.txt
Finished running in 103.78396666666667ms
Generating and Compiling data/example_mats/hex/p5/gauss-legendre-lobatto/m460.txt
Running data/example_mats/hex/p5/gauss-legendre-lobatto/m460.txt
Finished running in 93.41266666666667ms
Generating and Compiling data/example_mats/hex/p5/gauss-legendre/m0.txt
Running data/example_mats/hex/p5/gauss-legendre/m0.txt
Finished running in 41.56713333333334ms
Generating and Compiling data/example_mats/hex/p5/gauss-legendre/m3.txt
Running data/example_mats/hex/p5/gauss-legendre/m3.txt
Finished running in 47.37896666666667ms
Generating and Compiling data/example_mats/hex/p5/gauss-legendre/m6.txt
Running data/example_mats/hex/p5/gauss-legendre/m6.txt
Finished running in 82.10466666666666ms
Generating and Compiling data/example_mats/hex/p5/gauss-legendre/m132.txt
Running data/example_mats/hex/p5/gauss-legendre/m132.txt
Finished running in 99.48679999999999ms
Generating and Compiling data/example_mats/hex/p5/gauss-legendre/m460.txt
Running data/example_mats/hex/p5/gauss-legendre/m460.txt
Finished running in 94.34110000000001ms
Generating and Compiling data/example_mats/hex/p6/gauss-legendre-lobatto/m0.txt
Running data/example_mats/hex/p6/gauss-legendre-lobatto/m0.txt
Finished running in 48.58383333333333ms
Generating and Compiling data/example_mats/hex/p6/gauss-legendre-lobatto/m3.txt
Running data/example_mats/hex/p6/gauss-legendre-lobatto/m3.txt
Finished running in 71.41823333333333ms
LIBXSMM_VERSION: RT-bst-B-from-vreg-1.16.1-1577 (25183785)
LIBXSMM_TARGET: skx
Registry and code: 13 MB
Uptime: 4.673580 s

LIBXSMM_VERSION: RT-bst-B-from-vreg-1.16.1-1577 (25183785)
LIBXSMM_TARGET: skx
Registry and code: 13 MB
Uptime: 4.484959 s

LIBXSMM_VERSION: RT-bst-B-from-vreg-1.16.1-1577 (25183785)
LIBXSMM_TARGET: skx
Registry and code: 13 MB
Uptime: 4.545420 s

LIBXSMM_VERSION: RT-bst-B-from-vreg-1.16.1-1577 (25183785)
LIBXSMM_TARGET: skx
Registry and code: 13 MB
Uptime: 6.450977 s

LIBXSMM_VERSION: RT-bst-B-from-vreg-1.16.1-1577 (25183785)
LIBXSMM_TARGET: skx
Registry and code: 13 MB
Uptime: 5.784323 s

LIBXSMM_VERSION: RT-bst-B-from-vreg-1.16.1-1577 (25183785)
LIBXSMM_TARGET: skx
Registry and code: 13 MB
Uptime: 5.883460 s

LIBXSMM_VERSION: RT-bst-B-from-vreg-1.16.1-1577 (25183785)
LIBXSMM_TARGET: skx
Registry and code: 13 MB
Uptime: 5.419017 s

LIBXSMM_VERSION: RT-bst-B-from-vreg-1.16.1-1577 (25183785)
LIBXSMM_TARGET: skx
Registry and code: 13 MB
Uptime: 5.348323 s

LIBXSMM_VERSION: RT-bst-B-from-vreg-1.16.1-1577 (25183785)
LIBXSMM_TARGET: skx
Registry and code: 13 MB
Uptime: 5.081149 s

LIBXSMM_VERSION: RT-bst-B-from-vreg-1.16.1-1577 (25183785)
LIBXSMM_TARGET: skx
Registry and code: 13 MB
Uptime: 2.239157 s

LIBXSMM_VERSION: RT-bst-B-from-vreg-1.16.1-1577 (25183785)
LIBXSMM_TARGET: skx
Registry and code: 13 MB
Uptime: 2.172177 s

LIBXSMM_VERSION: RT-bst-B-from-vreg-1.16.1-1577 (25183785)
LIBXSMM_TARGET: skx
Registry and code: 13 MB
Uptime: 2.148670 s

LIBXSMM_VERSION: RT-bst-B-from-vreg-1.16.1-1577 (25183785)
LIBXSMM_TARGET: skx
Registry and code: 13 MB
Uptime: 2.574422 s

LIBXSMM_VERSION: RT-bst-B-from-vreg-1.16.1-1577 (25183785)
LIBXSMM_TARGET: skx
Registry and code: 13 MB
Uptime: 2.427482 s

LIBXSMM_VERSION: RT-bst-B-from-vreg-1.16.1-1577 (25183785)
LIBXSMM_TARGET: skx
Registry and code: 13 MB
Uptime: 2.365581 s

LIBXSMM_VERSION: RT-bst-B-from-vreg-1.16.1-1577 (25183785)
LIBXSMM_TARGET: skx
Registry and code: 13 MB
Uptime: 4.656964 s

LIBXSMM_VERSION: RT-bst-B-from-vreg-1.16.1-1577 (25183785)
LIBXSMM_TARGET: skx
Registry and code: 13 MB
Uptime: 4.466657 s

LIBXSMM_VERSION: RT-bst-B-from-vreg-1.16.1-1577 (25183785)
LIBXSMM_TARGET: skx
Registry and code: 13 MB
Uptime: 4.543159 s

LIBXSMM_VERSION: RT-bst-B-from-vreg-1.16.1-1577 (25183785)
LIBXSMM_TARGET: skx
Registry and code: 13 MB
Uptime: 6.638243 s

LIBXSMM_VERSION: RT-bst-B-from-vreg-1.16.1-1577 (25183785)
LIBXSMM_TARGET: skx
Registry and code: 13 MB
Uptime: 6.061217 s

LIBXSMM_VERSION: RT-bst-B-from-vreg-1.16.1-1577 (25183785)
LIBXSMM_TARGET: skx
Registry and code: 13 MB
Uptime: 5.953688 s

LIBXSMM_VERSION: RT-bst-B-from-vreg-1.16.1-1577 (25183785)
LIBXSMM_TARGET: skx
Registry and code: 13 MB
Uptime: 5.451957 s

LIBXSMM_VERSION: RT-bst-B-from-vreg-1.16.1-1577 (25183785)
LIBXSMM_TARGET: skx
Registry and code: 13 MB
Uptime: 5.378191 s

LIBXSMM_VERSION: RT-bst-B-from-vreg-1.16.1-1577 (25183785)
LIBXSMM_TARGET: skx
Registry and code: 13 MB
Uptime: 5.107788 s

LIBXSMM_VERSION: RT-bst-B-from-vreg-1.16.1-1577 (25183785)
LIBXSMM_TARGET: skx
Registry and code: 13 MB
Uptime: 0.036833 s

LIBXSMM_VERSION: RT-bst-B-from-vreg-1.16.1-1577 (25183785)
LIBXSMM_TARGET: skx
Registry and code: 13 MB
Uptime: 0.037848 s

LIBXSMM_VERSION: RT-bst-B-from-vreg-1.16.1-1577 (25183785)
LIBXSMM_TARGET: skx
Registry and code: 13 MB
Uptime: 0.037340 s

LIBXSMM_VERSION: RT-bst-B-from-vreg-1.16.1-1577 (25183785)
LIBXSMM_TARGET: skx
Registry and code: 13 MB
Uptime: 0.023784 s

LIBXSMM_VERSION: RT-bst-B-from-vreg-1.16.1-1577 (25183785)
LIBXSMM_TARGET: skx
Registry and code: 13 MB
Uptime: 0.023650 s

LIBXSMM_VERSION: RT-bst-B-from-vreg-1.16.1-1577 (25183785)
LIBXSMM_TARGET: skx
Registry and code: 13 MB
Uptime: 0.024314 s

LIBXSMM_VERSION: RT-bst-B-from-vreg-1.16.1-1577 (25183785)
LIBXSMM_TARGET: skx
Registry and code: 13 MB
Uptime: 0.039519 s

LIBXSMM_VERSION: RT-bst-B-from-vreg-1.16.1-1577 (25183785)
LIBXSMM_TARGET: skx
Registry and code: 13 MB
Uptime: 0.037224 s

LIBXSMM_VERSION: RT-bst-B-from-vreg-1.16.1-1577 (25183785)
LIBXSMM_TARGET: skx
Registry and code: 13 MB
Uptime: 0.037874 s

LIBXSMM_VERSION: RT-bst-B-from-vreg-1.16.1-1577 (25183785)
LIBXSMM_TARGET: skx
Registry and code: 13 MB
Uptime: 0.022481 s

LIBXSMM_VERSION: RT-bst-B-from-vreg-1.16.1-1577 (25183785)
LIBXSMM_TARGET: skx
Registry and code: 13 MB
Uptime: 0.021942 s

LIBXSMM_VERSION: RT-bst-B-from-vreg-1.16.1-1577 (25183785)
LIBXSMM_TARGET: skx
Registry and code: 13 MB
Uptime: 0.029971 s

LIBXSMM_VERSION: RT-bst-B-from-vreg-1.16.1-1577 (25183785)
LIBXSMM_TARGET: skx
Registry and code: 13 MB
Uptime: 0.035367 s

LIBXSMM_VERSION: RT-bst-B-from-vreg-1.16.1-1577 (25183785)
LIBXSMM_TARGET: skx
Registry and code: 13 MB
Uptime: 0.036284 s

LIBXSMM_VERSION: RT-bst-B-from-vreg-1.16.1-1577 (25183785)
LIBXSMM_TARGET: skx
Registry and code: 13 MB
Uptime: 0.037900 s

LIBXSMM_VERSION: RT-bst-B-from-vreg-1.16.1-1577 (25183785)
LIBXSMM_TARGET: skx
Registry and code: 13 MB
Uptime: 0.051360 s

LIBXSMM_VERSION: RT-bst-B-from-vreg-1.16.1-1577 (25183785)
LIBXSMM_TARGET: skx
Registry and code: 13 MB
Uptime: 0.049198 s

LIBXSMM_VERSION: RT-bst-B-from-vreg-1.16.1-1577 (25183785)
LIBXSMM_TARGET: skx
Registry and code: 13 MB
Uptime: 0.051669 s

LIBXSMM_VERSION: RT-bst-B-from-vreg-1.16.1-1577 (25183785)
LIBXSMM_TARGET: skx
Registry and code: 13 MB
Uptime: 0.041191 s

LIBXSMM_VERSION: RT-bst-B-from-vreg-1.16.1-1577 (25183785)
LIBXSMM_TARGET: skx
Registry and code: 13 MB
Uptime: 0.043806 s

LIBXSMM_VERSION: RT-bst-B-from-vreg-1.16.1-1577 (25183785)
LIBXSMM_TARGET: skx
Registry and code: 13 MB
Uptime: 0.043723 s

LIBXSMM_VERSION: RT-bst-B-from-vreg-1.16.1-1577 (25183785)
LIBXSMM_TARGET: skx
Registry and code: 13 MB
Uptime: 0.068902 s

LIBXSMM_VERSION: RT-bst-B-from-vreg-1.16.1-1577 (25183785)
LIBXSMM_TARGET: skx
Registry and code: 13 MB
Uptime: 0.071550 s

LIBXSMM_VERSION: RT-bst-B-from-vreg-1.16.1-1577 (25183785)
LIBXSMM_TARGET: skx
Registry and code: 13 MB
Uptime: 0.068863 s

LIBXSMM_VERSION: RT-bst-B-from-vreg-1.16.1-1577 (25183785)
LIBXSMM_TARGET: skx
Registry and code: 13 MB
Uptime: 0.043082 s

LIBXSMM_VERSION: RT-bst-B-from-vreg-1.16.1-1577 (25183785)
LIBXSMM_TARGET: skx
Registry and code: 13 MB
Uptime: 0.043866 s

LIBXSMM_VERSION: RT-bst-B-from-vreg-1.16.1-1577 (25183785)
LIBXSMM_TARGET: skx
Registry and code: 13 MB
Uptime: 0.046428 s

LIBXSMM_VERSION: RT-bst-B-from-vreg-1.16.1-1577 (25183785)
LIBXSMM_TARGET: skx
Registry and code: 13 MB
Uptime: 0.070344 s

LIBXSMM_VERSION: RT-bst-B-from-vreg-1.16.1-1577 (25183785)
LIBXSMM_TARGET: skx
Registry and code: 13 MB
Uptime: 0.065389 s

LIBXSMM_VERSION: RT-bst-B-from-vreg-1.16.1-1577 (25183785)
LIBXSMM_TARGET: skx
Registry and code: 13 MB
Uptime: 0.065519 s

LIBXSMM_VERSION: RT-bst-B-from-vreg-1.16.1-1577 (25183785)
LIBXSMM_TARGET: skx
Registry and code: 13 MB
Uptime: 0.053633 s

LIBXSMM_VERSION: RT-bst-B-from-vreg-1.16.1-1577 (25183785)
LIBXSMM_TARGET: skx
Registry and code: 13 MB
Uptime: 0.051002 s

LIBXSMM_VERSION: RT-bst-B-from-vreg-1.16.1-1577 (25183785)
LIBXSMM_TARGET: skx
Registry and code: 13 MB
Uptime: 0.047581 s

LIBXSMM_VERSION: RT-bst-B-from-vreg-1.16.1-1577 (25183785)
LIBXSMM_TARGET: skx
Registry and code: 13 MB
Uptime: 0.040832 s

LIBXSMM_VERSION: RT-bst-B-from-vreg-1.16.1-1577 (25183785)
LIBXSMM_TARGET: skx
Registry and code: 13 MB
Uptime: 0.043017 s

LIBXSMM_VERSION: RT-bst-B-from-vreg-1.16.1-1577 (25183785)
LIBXSMM_TARGET: skx
Registry and code: 13 MB
Uptime: 0.041870 s

LIBXSMM_VERSION: RT-bst-B-from-vreg-1.16.1-1577 (25183785)
LIBXSMM_TARGET: skx
Registry and code: 13 MB
Uptime: 0.069917 s

LIBXSMM_VERSION: RT-bst-B-from-vreg-1.16.1-1577 (25183785)
LIBXSMM_TARGET: skx
Registry and code: 13 MB
Uptime: 0.071466 s

LIBXSMM_VERSION: RT-bst-B-from-vreg-1.16.1-1577 (25183785)
LIBXSMM_TARGET: skx
Registry and code: 13 MB
Uptime: 0.068758 s

LIBXSMM_VERSION: RT-bst-B-from-vreg-1.16.1-1577 (25183785)
LIBXSMM_TARGET: skx
Registry and code: 13 MB
Uptime: 0.044616 s

LIBXSMM_VERSION: RT-bst-B-from-vreg-1.16.1-1577 (25183785)
LIBXSMM_TARGET: skx
Registry and code: 13 MB
Uptime: 0.045579 s

LIBXSMM_VERSION: RT-bst-B-from-vreg-1.16.1-1577 (25183785)
LIBXSMM_TARGET: skx
Registry and code: 13 MB
Uptime: 0.045384 s

LIBXSMM_VERSION: RT-bst-B-from-vreg-1.16.1-1577 (25183785)
LIBXSMM_TARGET: skx
Registry and code: 13 MB
Uptime: 0.070100 s

LIBXSMM_VERSION: RT-bst-B-from-vreg-1.16.1-1577 (25183785)
LIBXSMM_TARGET: skx
Registry and code: 13 MB
Uptime: 0.067521 s

LIBXSMM_VERSION: RT-bst-B-from-vreg-1.16.1-1577 (25183785)
LIBXSMM_TARGET: skx
Registry and code: 13 MB
Uptime: 0.067219 s

LIBXSMM_VERSION: RT-bst-B-from-vreg-1.16.1-1577 (25183785)
LIBXSMM_TARGET: skx
Registry and code: 13 MB
Uptime: 0.061434 s

LIBXSMM_VERSION: RT-bst-B-from-vreg-1.16.1-1577 (25183785)
LIBXSMM_TARGET: skx
Registry and code: 13 MB
Uptime: 0.066214 s

LIBXSMM_VERSION: RT-bst-B-from-vreg-1.16.1-1577 (25183785)
LIBXSMM_TARGET: skx
Registry and code: 13 MB
Uptime: 0.066802 s

LIBXSMM_VERSION: RT-bst-B-from-vreg-1.16.1-1577 (25183785)
LIBXSMM_TARGET: skx
Registry and code: 13 MB
Uptime: 0.064299 s

LIBXSMM_VERSION: RT-bst-B-from-vreg-1.16.1-1577 (25183785)
LIBXSMM_TARGET: skx
Registry and code: 13 MB
Uptime: 0.068450 s

LIBXSMM_VERSION: RT-bst-B-from-vreg-1.16.1-1577 (25183785)
LIBXSMM_TARGET: skx
Registry and code: 13 MB
Uptime: 0.064574 s

LIBXSMM_VERSION: RT-bst-B-from-vreg-1.16.1-1577 (25183785)
LIBXSMM_TARGET: skx
Registry and code: 13 MB
Uptime: 0.118107 s

LIBXSMM_VERSION: RT-bst-B-from-vreg-1.16.1-1577 (25183785)
LIBXSMM_TARGET: skx
Registry and code: 13 MB
Uptime: 0.112810 s

LIBXSMM_VERSION: RT-bst-B-from-vreg-1.16.1-1577 (25183785)
LIBXSMM_TARGET: skx
Registry and code: 13 MB
Uptime: 0.118836 s

LIBXSMM_VERSION: RT-bst-B-from-vreg-1.16.1-1577 (25183785)
LIBXSMM_TARGET: skx
Registry and code: 13 MB
Uptime: 0.082109 s

LIBXSMM_VERSION: RT-bst-B-from-vreg-1.16.1-1577 (25183785)
LIBXSMM_TARGET: skx
Registry and code: 13 MB
Uptime: 0.080863 s

LIBXSMM_VERSION: RT-bst-B-from-vreg-1.16.1-1577 (25183785)
LIBXSMM_TARGET: skx
Registry and code: 13 MB
Uptime: 0.085073 s

LIBXSMM_VERSION: RT-bst-B-from-vreg-1.16.1-1577 (25183785)
LIBXSMM_TARGET: skx
Registry and code: 13 MB
Uptime: 0.127636 s

LIBXSMM_VERSION: RT-bst-B-from-vreg-1.16.1-1577 (25183785)
LIBXSMM_TARGET: skx
Registry and code: 13 MB
Uptime: 0.118822 s

LIBXSMM_VERSION: RT-bst-B-from-vreg-1.16.1-1577 (25183785)
LIBXSMM_TARGET: skx
Registry and code: 13 MB
Uptime: 0.114806 s

LIBXSMM_VERSION: RT-bst-B-from-vreg-1.16.1-1577 (25183785)
LIBXSMM_TARGET: skx
Registry and code: 13 MB
Uptime: 0.063788 s

LIBXSMM_VERSION: RT-bst-B-from-vreg-1.16.1-1577 (25183785)
LIBXSMM_TARGET: skx
Registry and code: 13 MB
Uptime: 0.064880 s

LIBXSMM_VERSION: RT-bst-B-from-vreg-1.16.1-1577 (25183785)
LIBXSMM_TARGET: skx
Registry and code: 13 MB
Uptime: 0.068396 s

LIBXSMM_VERSION: RT-bst-B-from-vreg-1.16.1-1577 (25183785)
LIBXSMM_TARGET: skx
Registry and code: 13 MB
Uptime: 0.066845 s

LIBXSMM_VERSION: RT-bst-B-from-vreg-1.16.1-1577 (25183785)
LIBXSMM_TARGET: skx
Registry and code: 13 MB
Uptime: 0.063304 s

LIBXSMM_VERSION: RT-bst-B-from-vreg-1.16.1-1577 (25183785)
LIBXSMM_TARGET: skx
Registry and code: 13 MB
Uptime: 0.069771 s

LIBXSMM_VERSION: RT-bst-B-from-vreg-1.16.1-1577 (25183785)
LIBXSMM_TARGET: skx
Registry and code: 13 MB
Uptime: 0.114295 s

LIBXSMM_VERSION: RT-bst-B-from-vreg-1.16.1-1577 (25183785)
LIBXSMM_TARGET: skx
Registry and code: 13 MB
Uptime: 0.112863 s

LIBXSMM_VERSION: RT-bst-B-from-vreg-1.16.1-1577 (25183785)
LIBXSMM_TARGET: skx
Registry and code: 13 MB
Uptime: 0.118533 s

LIBXSMM_VERSION: RT-bst-B-from-vreg-1.16.1-1577 (25183785)
LIBXSMM_TARGET: skx
Registry and code: 13 MB
Uptime: 0.082273 s

LIBXSMM_VERSION: RT-bst-B-from-vreg-1.16.1-1577 (25183785)
LIBXSMM_TARGET: skx
Registry and code: 13 MB
Uptime: 0.081149 s

LIBXSMM_VERSION: RT-bst-B-from-vreg-1.16.1-1577 (25183785)
LIBXSMM_TARGET: skx
Registry and code: 13 MB
Uptime: 0.084611 s

LIBXSMM_VERSION: RT-bst-B-from-vreg-1.16.1-1577 (25183785)
LIBXSMM_TARGET: skx
Registry and code: 13 MB
Uptime: 0.113922 s

LIBXSMM_VERSION: RT-bst-B-from-vreg-1.16.1-1577 (25183785)
LIBXSMM_TARGET: skx
Registry and code: 13 MB
Uptime: 0.119017 s

LIBXSMM_VERSION: RT-bst-B-from-vreg-1.16.1-1577 (25183785)
LIBXSMM_TARGET: skx
Registry and code: 13 MB
Uptime: 0.118164 s

LIBXSMM_VERSION: RT-bst-B-from-vreg-1.16.1-1577 (25183785)
LIBXSMM_TARGET: skx
Registry and code: 13 MB
Uptime: 0.083859 s

LIBXSMM_VERSION: RT-bst-B-from-vreg-1.16.1-1577 (25183785)
LIBXSMM_TARGET: skx
Registry and code: 13 MB
Uptime: 0.090693 s

LIBXSMM_VERSION: RT-bst-B-from-vreg-1.16.1-1577 (25183785)
LIBXSMM_TARGET: skx
Registry and code: 13 MB
Uptime: 0.080349 s

LIBXSMM_VERSION: RT-bst-B-from-vreg-1.16.1-1577 (25183785)
LIBXSMM_TARGET: skx
Registry and code: 13 MB
Uptime: 0.094258 s

LIBXSMM_VERSION: RT-bst-B-from-vreg-1.16.1-1577 (25183785)
LIBXSMM_TARGET: skx
Registry and code: 13 MB
Uptime: 0.097102 s

LIBXSMM_VERSION: RT-bst-B-from-vreg-1.16.1-1577 (25183785)
LIBXSMM_TARGET: skx
Registry and code: 13 MB
Uptime: 0.095426 s

LIBXSMM_VERSION: RT-bst-B-from-vreg-1.16.1-1577 (25183785)
LIBXSMM_TARGET: skx
Registry and code: 13 MB
Uptime: 0.176158 s

LIBXSMM_VERSION: RT-bst-B-from-vreg-1.16.1-1577 (25183785)
LIBXSMM_TARGET: skx
Registry and code: 13 MB
Uptime: 0.175958 s

LIBXSMM_VERSION: RT-bst-B-from-vreg-1.16.1-1577 (25183785)
LIBXSMM_TARGET: skx
Registry and code: 13 MB
Uptime: 0.175017 s

LIBXSMM_VERSION: RT-bst-B-from-vreg-1.16.1-1577 (25183785)
LIBXSMM_TARGET: skx
Registry and code: 13 MB
Uptime: 0.217954 s

LIBXSMM_VERSION: RT-bst-B-from-vreg-1.16.1-1577 (25183785)
LIBXSMM_TARGET: skx
Registry and code: 13 MB
Uptime: 0.224520 s

LIBXSMM_VERSION: RT-bst-B-from-vreg-1.16.1-1577 (25183785)
LIBXSMM_TARGET: skx
Registry and code: 13 MB
Uptime: 0.213187 s

LIBXSMM_VERSION: RT-bst-B-from-vreg-1.16.1-1577 (25183785)
LIBXSMM_TARGET: skx
Registry and code: 13 MB
Uptime: 0.180988 s

LIBXSMM_VERSION: RT-bst-B-from-vreg-1.16.1-1577 (25183785)
LIBXSMM_TARGET: skx
Registry and code: 13 MB
Uptime: 0.178611 s

LIBXSMM_VERSION: RT-bst-B-from-vreg-1.16.1-1577 (25183785)
LIBXSMM_TARGET: skx
Registry and code: 13 MB
Uptime: 0.183924 s

LIBXSMM_VERSION: RT-bst-B-from-vreg-1.16.1-1577 (25183785)
LIBXSMM_TARGET: skx
Registry and code: 13 MB
Uptime: 0.084274 s

LIBXSMM_VERSION: RT-bst-B-from-vreg-1.16.1-1577 (25183785)
LIBXSMM_TARGET: skx
Registry and code: 13 MB
Uptime: 0.085397 s

LIBXSMM_VERSION: RT-bst-B-from-vreg-1.16.1-1577 (25183785)
LIBXSMM_TARGET: skx
Registry and code: 13 MB
Uptime: 0.086461 s

LIBXSMM_VERSION: RT-bst-B-from-vreg-1.16.1-1577 (25183785)
LIBXSMM_TARGET: skx
Registry and code: 13 MB
Uptime: 0.096534 s

LIBXSMM_VERSION: RT-bst-B-from-vreg-1.16.1-1577 (25183785)
LIBXSMM_TARGET: skx
Registry and code: 13 MB
Uptime: 0.105510 s

LIBXSMM_VERSION: RT-bst-B-from-vreg-1.16.1-1577 (25183785)
LIBXSMM_TARGET: skx
Registry and code: 13 MB
Uptime: 0.100322 s

LIBXSMM_VERSION: RT-bst-B-from-vreg-1.16.1-1577 (25183785)
LIBXSMM_TARGET: skx
Registry and code: 13 MB
Uptime: 0.172686 s

LIBXSMM_VERSION: RT-bst-B-from-vreg-1.16.1-1577 (25183785)
LIBXSMM_TARGET: skx
Registry and code: 13 MB
Uptime: 0.177074 s

LIBXSMM_VERSION: RT-bst-B-from-vreg-1.16.1-1577 (25183785)
LIBXSMM_TARGET: skx
Registry and code: 13 MB
Uptime: 0.177329 s

LIBXSMM_VERSION: RT-bst-B-from-vreg-1.16.1-1577 (25183785)
LIBXSMM_TARGET: skx
Registry and code: 13 MB
Uptime: 0.223803 s

LIBXSMM_VERSION: RT-bst-B-from-vreg-1.16.1-1577 (25183785)
LIBXSMM_TARGET: skx
Registry and code: 13 MB
Uptime: 0.224625 s

LIBXSMM_VERSION: RT-bst-B-from-vreg-1.16.1-1577 (25183785)
LIBXSMM_TARGET: skx
Registry and code: 13 MB
Uptime: 0.216264 s

LIBXSMM_VERSION: RT-bst-B-from-vreg-1.16.1-1577 (25183785)
LIBXSMM_TARGET: skx
Registry and code: 13 MB
Uptime: 0.176321 s

LIBXSMM_VERSION: RT-bst-B-from-vreg-1.16.1-1577 (25183785)
LIBXSMM_TARGET: skx
Registry and code: 13 MB
Uptime: 0.179247 s

LIBXSMM_VERSION: RT-bst-B-from-vreg-1.16.1-1577 (25183785)
LIBXSMM_TARGET: skx
Registry and code: 13 MB
Uptime: 0.185638 s

LIBXSMM_VERSION: RT-bst-B-from-vreg-1.16.1-1577 (25183785)
LIBXSMM_TARGET: skx
Registry and code: 13 MB
Uptime: 0.100946 s

LIBXSMM_VERSION: RT-bst-B-from-vreg-1.16.1-1577 (25183785)
LIBXSMM_TARGET: skx
Registry and code: 13 MB
Uptime: 0.097309 s

LIBXSMM_VERSION: RT-bst-B-from-vreg-1.16.1-1577 (25183785)
LIBXSMM_TARGET: skx
Registry and code: 13 MB
Uptime: 0.098834 s

LIBXSMM_VERSION: RT-bst-B-from-vreg-1.16.1-1577 (25183785)
LIBXSMM_TARGET: skx
Registry and code: 13 MB
Uptime: 0.131914 s

LIBXSMM_VERSION: RT-bst-B-from-vreg-1.16.1-1577 (25183785)
LIBXSMM_TARGET: skx
Registry and code: 13 MB
Uptime: 0.137920 s

LIBXSMM_VERSION: RT-bst-B-from-vreg-1.16.1-1577 (25183785)
LIBXSMM_TARGET: skx
Registry and code: 13 MB
Uptime: 0.133086 s

LIBXSMM_VERSION: RT-bst-B-from-vreg-1.16.1-1577 (25183785)
LIBXSMM_TARGET: skx
Registry and code: 13 MB
Uptime: 0.243751 s

LIBXSMM_VERSION: RT-bst-B-from-vreg-1.16.1-1577 (25183785)
LIBXSMM_TARGET: skx
Registry and code: 13 MB
Uptime: 0.245880 s

LIBXSMM_VERSION: RT-bst-B-from-vreg-1.16.1-1577 (25183785)
LIBXSMM_TARGET: skx
Registry and code: 13 MB
Uptime: 0.249666 s

Generating and Compiling data/example_mats/hex/p6/gauss-legendre-lobatto/m6.txt
Running data/example_mats/hex/p6/gauss-legendre-lobatto/m6.txt
Finished running in 129.96743333333333ms
Generating and Compiling data/example_mats/hex/p6/gauss-legendre-lobatto/m132.txt
Running data/example_mats/hex/p6/gauss-legendre-lobatto/m132.txt
Finished running in 169.3226ms
Generating and Compiling data/example_mats/hex/p6/gauss-legendre-lobatto/m460.txt
Running data/example_mats/hex/p6/gauss-legendre-lobatto/m460.txt
Finished running in 156.01126666666667ms
Generating and Compiling data/example_mats/hex/p6/gauss-legendre/m0.txt
Running data/example_mats/hex/p6/gauss-legendre/m0.txt
Finished running in 66.4592ms
Generating and Compiling data/example_mats/hex/p6/gauss-legendre/m3.txt
Running data/example_mats/hex/p6/gauss-legendre/m3.txt
Finished running in 71.32146666666668ms
Generating and Compiling data/example_mats/hex/p6/gauss-legendre/m6.txt
Running data/example_mats/hex/p6/gauss-legendre/m6.txt
Finished running in 129.95163333333332ms
Generating and Compiling data/example_mats/hex/p6/gauss-legendre/m132.txt
Running data/example_mats/hex/p6/gauss-legendre/m132.txt
Finished running in 173.12506666666667ms
Generating and Compiling data/example_mats/hex/p6/gauss-legendre/m460.txt
Running data/example_mats/hex/p6/gauss-legendre/m460.txt
Finished running in 1482.0170666666668ms
Generating and Compiling data/example_mats/quad/p1/gauss-legendre/m0.txt
Running data/example_mats/quad/p1/gauss-legendre/m0.txt
Finished running in 0.9189666666666666ms
Generating and Compiling data/example_mats/quad/p1/gauss-legendre/m3.txt
Running data/example_mats/quad/p1/gauss-legendre/m3.txt
Finished running in 0.5656666666666667ms
Generating and Compiling data/example_mats/quad/p1/gauss-legendre/m6.txt
Running data/example_mats/quad/p1/gauss-legendre/m6.txt
Finished running in 0.9340666666666666ms
Generating and Compiling data/example_mats/quad/p1/gauss-legendre/m132.txt
Running data/example_mats/quad/p1/gauss-legendre/m132.txt
Finished running in 0.5367666666666667ms
Generating and Compiling data/example_mats/quad/p1/gauss-legendre/m460.txt
Running data/example_mats/quad/p1/gauss-legendre/m460.txt
Finished running in 0.8955ms
Generating and Compiling data/example_mats/quad/p2/gauss-legendre-lobatto/m0.txt
Running data/example_mats/quad/p2/gauss-legendre-lobatto/m0.txt
Finished running in 1.3116666666666668ms
Generating and Compiling data/example_mats/quad/p2/gauss-legendre-lobatto/m3.txt
Running data/example_mats/quad/p2/gauss-legendre-lobatto/m3.txt
Finished running in 1.1309ms
Generating and Compiling data/example_mats/quad/p2/gauss-legendre-lobatto/m6.txt
Running data/example_mats/quad/p2/gauss-legendre-lobatto/m6.txt
Finished running in 1.9230333333333334ms
Generating and Compiling data/example_mats/quad/p2/gauss-legendre-lobatto/m132.txt
Running data/example_mats/quad/p2/gauss-legendre-lobatto/m132.txt
Finished running in 1.1372666666666666ms
Generating and Compiling data/example_mats/quad/p2/gauss-legendre-lobatto/m460.txt
Running data/example_mats/quad/p2/gauss-legendre-lobatto/m460.txt
Finished running in 1.9107666666666667ms
Generating and Compiling data/example_mats/quad/p2/gauss-legendre/m0.txt
Running data/example_mats/quad/p2/gauss-legendre/m0.txt
Finished running in 1.3604333333333334ms
Generating and Compiling data/example_mats/quad/p2/gauss-legendre/m3.txt
Running data/example_mats/quad/p2/gauss-legendre/m3.txt
Finished running in 1.0870666666666666ms
Generating and Compiling data/example_mats/quad/p2/gauss-legendre/m6.txt
Running data/example_mats/quad/p2/gauss-legendre/m6.txt
Finished running in 1.971ms
Generating and Compiling data/example_mats/quad/p2/gauss-legendre/m132.txt
Running data/example_mats/quad/p2/gauss-legendre/m132.txt
Finished running in 1.1713ms
Generating and Compiling data/example_mats/quad/p2/gauss-legendre/m460.txt
Running data/example_mats/quad/p2/gauss-legendre/m460.txt
Finished running in 1.9082333333333332ms
Generating and Compiling data/example_mats/quad/p3/gauss-legendre-lobatto/m0.txt
Running data/example_mats/quad/p3/gauss-legendre-lobatto/m0.txt
Finished running in 1.7213ms
Generating and Compiling data/example_mats/quad/p3/gauss-legendre-lobatto/m3.txt
Running data/example_mats/quad/p3/gauss-legendre-lobatto/m3.txt
Finished running in 1.843ms
Generating and Compiling data/example_mats/quad/p3/gauss-legendre-lobatto/m6.txt
Running data/example_mats/quad/p3/gauss-legendre-lobatto/m6.txt
Finished running in 3.2718333333333334ms
Generating and Compiling data/example_mats/quad/p3/gauss-legendre-lobatto/m132.txt
Running data/example_mats/quad/p3/gauss-legendre-lobatto/m132.txt
Finished running in 2.1106666666666665ms
Generating and Compiling data/example_mats/quad/p3/gauss-legendre-lobatto/m460.txt
Running data/example_mats/quad/p3/gauss-legendre-lobatto/m460.txt
Finished running in 3.4095333333333313ms
Generating and Compiling data/example_mats/quad/p3/gauss-legendre/m0.txt
Running data/example_mats/quad/p3/gauss-legendre/m0.txt
Finished running in 1.8805666666666667ms
Generating and Compiling data/example_mats/quad/p3/gauss-legendre/m3.txt
Running data/example_mats/quad/p3/gauss-legendre/m3.txt
Finished running in 1.8099999999999998ms
Generating and Compiling data/example_mats/quad/p3/gauss-legendre/m6.txt
Running data/example_mats/quad/p3/gauss-legendre/m6.txt
Finished running in 3.2982ms
Generating and Compiling data/example_mats/quad/p3/gauss-legendre/m132.txt
Running data/example_mats/quad/p3/gauss-legendre/m132.txt
Finished running in 2.1584999999999996ms
Generating and Compiling data/example_mats/quad/p3/gauss-legendre/m460.txt
Running data/example_mats/quad/p3/gauss-legendre/m460.txt
Finished running in 3.3190333333333344ms
Generating and Compiling data/example_mats/quad/p4/gauss-legendre-lobatto/m0.txt
Running data/example_mats/quad/p4/gauss-legendre-lobatto/m0.txt
Finished running in 2.1079666666666665ms
Generating and Compiling data/example_mats/quad/p4/gauss-legendre-lobatto/m3.txt
Running data/example_mats/quad/p4/gauss-legendre-lobatto/m3.txt
Finished running in 2.7102999999999997ms
Generating and Compiling data/example_mats/quad/p4/gauss-legendre-lobatto/m6.txt
Running data/example_mats/quad/p4/gauss-legendre-lobatto/m6.txt
Finished running in 4.921633333333333ms
Generating and Compiling data/example_mats/quad/p4/gauss-legendre-lobatto/m132.txt
Running data/example_mats/quad/p4/gauss-legendre-lobatto/m132.txt
Finished running in 5.203466666666667ms
Generating and Compiling data/example_mats/quad/p4/gauss-legendre-lobatto/m460.txt
Running data/example_mats/quad/p4/gauss-legendre-lobatto/m460.txt
Finished running in 5.2505ms
Generating and Compiling data/example_mats/quad/p4/gauss-legendre/m0.txt
Running data/example_mats/quad/p4/gauss-legendre/m0.txt
Finished running in 2.3792ms
Generating and Compiling data/example_mats/quad/p4/gauss-legendre/m3.txt
Running data/example_mats/quad/p4/gauss-legendre/m3.txt
Finished running in 2.706866666666667ms
Generating and Compiling data/example_mats/quad/p4/gauss-legendre/m6.txt
Running data/example_mats/quad/p4/gauss-legendre/m6.txt
Finished running in 4.9812ms
Generating and Compiling data/example_mats/quad/p4/gauss-legendre/m132.txt
Running data/example_mats/quad/p4/gauss-legendre/m132.txt
Finished running in 5.2835ms
Generating and Compiling data/example_mats/quad/p4/gauss-legendre/m460.txt
Running data/example_mats/quad/p4/gauss-legendre/m460.txt
Finished running in 5.268033333333333ms
Generating and Compiling data/example_mats/quad/p5/gauss-legendre-lobatto/m0.txt
Running data/example_mats/quad/p5/gauss-legendre-lobatto/m0.txt
Finished running in 2.483366666666667ms
Generating and Compiling data/example_mats/quad/p5/gauss-legendre-lobatto/m3.txt
Running data/example_mats/quad/p5/gauss-legendre-lobatto/m3.txt
Finished running in 3.8574333333333333ms
Generating and Compiling data/example_mats/quad/p5/gauss-legendre-lobatto/m6.txt
Running data/example_mats/quad/p5/gauss-legendre-lobatto/m6.txt
Finished running in 7.040333333333334ms
Generating and Compiling data/example_mats/quad/p5/gauss-legendre-lobatto/m132.txt
Running data/example_mats/quad/p5/gauss-legendre-lobatto/m132.txt
LIBXSMM_VERSION: RT-bst-B-from-vreg-1.16.1-1577 (25183785)
LIBXSMM_TARGET: skx
Registry and code: 13 MB
Uptime: 0.354093 s

LIBXSMM_VERSION: RT-bst-B-from-vreg-1.16.1-1577 (25183785)
LIBXSMM_TARGET: skx
Registry and code: 13 MB
Uptime: 0.358299 s

LIBXSMM_VERSION: RT-bst-B-from-vreg-1.16.1-1577 (25183785)
LIBXSMM_TARGET: skx
Registry and code: 13 MB
Uptime: 0.348236 s

LIBXSMM_VERSION: RT-bst-B-from-vreg-1.16.1-1577 (25183785)
LIBXSMM_TARGET: skx
Registry and code: 13 MB
Uptime: 0.304708 s

LIBXSMM_VERSION: RT-bst-B-from-vreg-1.16.1-1577 (25183785)
LIBXSMM_TARGET: skx
Registry and code: 13 MB
Uptime: 0.331151 s

LIBXSMM_VERSION: RT-bst-B-from-vreg-1.16.1-1577 (25183785)
LIBXSMM_TARGET: skx
Registry and code: 13 MB
Uptime: 0.321292 s

LIBXSMM_VERSION: RT-bst-B-from-vreg-1.16.1-1577 (25183785)
LIBXSMM_TARGET: skx
Registry and code: 13 MB
Uptime: 0.145926 s

LIBXSMM_VERSION: RT-bst-B-from-vreg-1.16.1-1577 (25183785)
LIBXSMM_TARGET: skx
Registry and code: 13 MB
Uptime: 0.143422 s

LIBXSMM_VERSION: RT-bst-B-from-vreg-1.16.1-1577 (25183785)
LIBXSMM_TARGET: skx
Registry and code: 13 MB
Uptime: 0.143281 s

LIBXSMM_VERSION: RT-bst-B-from-vreg-1.16.1-1577 (25183785)
LIBXSMM_TARGET: skx
Registry and code: 13 MB
Uptime: 0.132766 s

LIBXSMM_VERSION: RT-bst-B-from-vreg-1.16.1-1577 (25183785)
LIBXSMM_TARGET: skx
Registry and code: 13 MB
Uptime: 0.138587 s

LIBXSMM_VERSION: RT-bst-B-from-vreg-1.16.1-1577 (25183785)
LIBXSMM_TARGET: skx
Registry and code: 13 MB
Uptime: 0.132828 s

LIBXSMM_VERSION: RT-bst-B-from-vreg-1.16.1-1577 (25183785)
LIBXSMM_TARGET: skx
Registry and code: 13 MB
Uptime: 0.244433 s

LIBXSMM_VERSION: RT-bst-B-from-vreg-1.16.1-1577 (25183785)
LIBXSMM_TARGET: skx
Registry and code: 13 MB
Uptime: 0.248132 s

LIBXSMM_VERSION: RT-bst-B-from-vreg-1.16.1-1577 (25183785)
LIBXSMM_TARGET: skx
Registry and code: 13 MB
Uptime: 0.245219 s

LIBXSMM_VERSION: RT-bst-B-from-vreg-1.16.1-1577 (25183785)
LIBXSMM_TARGET: skx
Registry and code: 13 MB
Uptime: 0.361999 s

LIBXSMM_VERSION: RT-bst-B-from-vreg-1.16.1-1577 (25183785)
LIBXSMM_TARGET: skx
Registry and code: 13 MB
Uptime: 0.368579 s

LIBXSMM_VERSION: RT-bst-B-from-vreg-1.16.1-1577 (25183785)
LIBXSMM_TARGET: skx
Registry and code: 13 MB
Uptime: 0.352743 s

LIBXSMM_VERSION: RT-bst-B-from-vreg-1.16.1-1577 (25183785)
LIBXSMM_TARGET: skx
Registry and code: 13 MB
Uptime: 0.305913 s

LIBXSMM_VERSION: RT-bst-B-from-vreg-1.16.1-1577 (25183785)
LIBXSMM_TARGET: skx
Registry and code: 13 MB
Uptime: 0.327877 s

LIBXSMM_VERSION: RT-bst-B-from-vreg-1.16.1-1577 (25183785)
LIBXSMM_TARGET: skx
Registry and code: 13 MB
Uptime: 0.321639 s

LIBXSMM_VERSION: RT-bst-B-from-vreg-1.16.1-1577 (25183785)
LIBXSMM_TARGET: skx
Registry and code: 13 MB
Uptime: 0.113890 s

LIBXSMM_VERSION: RT-bst-B-from-vreg-1.16.1-1577 (25183785)
LIBXSMM_TARGET: skx
Registry and code: 13 MB
Uptime: 0.118535 s

LIBXSMM_VERSION: RT-bst-B-from-vreg-1.16.1-1577 (25183785)
LIBXSMM_TARGET: skx
Registry and code: 13 MB
Uptime: 0.115337 s

LIBXSMM_VERSION: RT-bst-B-from-vreg-1.16.1-1577 (25183785)
LIBXSMM_TARGET: skx
Registry and code: 13 MB
Uptime: 0.178127 s

LIBXSMM_VERSION: RT-bst-B-from-vreg-1.16.1-1577 (25183785)
LIBXSMM_TARGET: skx
Registry and code: 13 MB
Uptime: 0.182662 s

LIBXSMM_VERSION: RT-bst-B-from-vreg-1.16.1-1577 (25183785)
LIBXSMM_TARGET: skx
Registry and code: 13 MB
Uptime: 0.179575 s

LIBXSMM_VERSION: RT-bst-B-from-vreg-1.16.1-1577 (25183785)
LIBXSMM_TARGET: skx
Registry and code: 13 MB
Uptime: 0.332779 s

LIBXSMM_VERSION: RT-bst-B-from-vreg-1.16.1-1577 (25183785)
LIBXSMM_TARGET: skx
Registry and code: 13 MB
Uptime: 0.333240 s

LIBXSMM_VERSION: RT-bst-B-from-vreg-1.16.1-1577 (25183785)
LIBXSMM_TARGET: skx
Registry and code: 13 MB
Uptime: 0.333915 s

LIBXSMM_VERSION: RT-bst-B-from-vreg-1.16.1-1577 (25183785)
LIBXSMM_TARGET: skx
Registry and code: 13 MB
Uptime: 0.533951 s

LIBXSMM_VERSION: RT-bst-B-from-vreg-1.16.1-1577 (25183785)
LIBXSMM_TARGET: skx
Registry and code: 13 MB
Uptime: 0.535612 s

LIBXSMM_VERSION: RT-bst-B-from-vreg-1.16.1-1577 (25183785)
LIBXSMM_TARGET: skx
Registry and code: 13 MB
Uptime: 0.509107 s

LIBXSMM_VERSION: RT-bst-B-from-vreg-1.16.1-1577 (25183785)
LIBXSMM_TARGET: skx
Registry and code: 13 MB
Uptime: 0.467273 s

LIBXSMM_VERSION: RT-bst-B-from-vreg-1.16.1-1577 (25183785)
LIBXSMM_TARGET: skx
Registry and code: 13 MB
Uptime: 0.482497 s

LIBXSMM_VERSION: RT-bst-B-from-vreg-1.16.1-1577 (25183785)
LIBXSMM_TARGET: skx
Registry and code: 13 MB
Uptime: 0.461509 s

LIBXSMM_VERSION: RT-bst-B-from-vreg-1.16.1-1577 (25183785)
LIBXSMM_TARGET: skx
Registry and code: 13 MB
Uptime: 0.193085 s

LIBXSMM_VERSION: RT-bst-B-from-vreg-1.16.1-1577 (25183785)
LIBXSMM_TARGET: skx
Registry and code: 13 MB
Uptime: 0.195244 s

LIBXSMM_VERSION: RT-bst-B-from-vreg-1.16.1-1577 (25183785)
LIBXSMM_TARGET: skx
Registry and code: 13 MB
Uptime: 0.195601 s

LIBXSMM_VERSION: RT-bst-B-from-vreg-1.16.1-1577 (25183785)
LIBXSMM_TARGET: skx
Registry and code: 13 MB
Uptime: 0.179110 s

LIBXSMM_VERSION: RT-bst-B-from-vreg-1.16.1-1577 (25183785)
LIBXSMM_TARGET: skx
Registry and code: 13 MB
Uptime: 0.182597 s

LIBXSMM_VERSION: RT-bst-B-from-vreg-1.16.1-1577 (25183785)
LIBXSMM_TARGET: skx
Registry and code: 13 MB
Uptime: 0.181974 s

LIBXSMM_VERSION: RT-bst-B-from-vreg-1.16.1-1577 (25183785)
LIBXSMM_TARGET: skx
Registry and code: 13 MB
Uptime: 0.331716 s

LIBXSMM_VERSION: RT-bst-B-from-vreg-1.16.1-1577 (25183785)
LIBXSMM_TARGET: skx
Registry and code: 13 MB
Uptime: 0.336474 s

LIBXSMM_VERSION: RT-bst-B-from-vreg-1.16.1-1577 (25183785)
LIBXSMM_TARGET: skx
Registry and code: 13 MB
Uptime: 0.337847 s

LIBXSMM_VERSION: RT-bst-B-from-vreg-1.16.1-1577 (25183785)
LIBXSMM_TARGET: skx
Registry and code: 13 MB
Uptime: 0.532269 s

LIBXSMM_VERSION: RT-bst-B-from-vreg-1.16.1-1577 (25183785)
LIBXSMM_TARGET: skx
Registry and code: 13 MB
Uptime: 0.533730 s

LIBXSMM_VERSION: RT-bst-B-from-vreg-1.16.1-1577 (25183785)
LIBXSMM_TARGET: skx
Registry and code: 13 MB
Uptime: 0.488223 s

LIBXSMM_VERSION: RT-bst-B-from-vreg-1.16.1-1577 (25183785)
LIBXSMM_TARGET: skx
Registry and code: 13 MB
Uptime: 0.472580 s

LIBXSMM_VERSION: RT-bst-B-from-vreg-1.16.1-1577 (25183785)
LIBXSMM_TARGET: skx
Registry and code: 13 MB
Uptime: 0.486691 s

LIBXSMM_VERSION: RT-bst-B-from-vreg-1.16.1-1577 (25183785)
LIBXSMM_TARGET: skx
Registry and code: 13 MB
Uptime: 0.453073 s

LIBXSMM_VERSION: RT-bst-B-from-vreg-1.16.1-1577 (25183785)
LIBXSMM_TARGET: skx
Registry and code: 13 MB
Uptime: 0.044793 s

LIBXSMM_VERSION: RT-bst-B-from-vreg-1.16.1-1577 (25183785)
LIBXSMM_TARGET: skx
Registry and code: 13 MB
Uptime: 0.043907 s

LIBXSMM_VERSION: RT-bst-B-from-vreg-1.16.1-1577 (25183785)
LIBXSMM_TARGET: skx
Registry and code: 13 MB
Uptime: 0.044105 s

LIBXSMM_VERSION: RT-bst-B-from-vreg-1.16.1-1577 (25183785)
LIBXSMM_TARGET: skx
Registry and code: 13 MB
Uptime: 0.023656 s

LIBXSMM_VERSION: RT-bst-B-from-vreg-1.16.1-1577 (25183785)
LIBXSMM_TARGET: skx
Registry and code: 13 MB
Uptime: 0.023523 s

LIBXSMM_VERSION: RT-bst-B-from-vreg-1.16.1-1577 (25183785)
LIBXSMM_TARGET: skx
Registry and code: 13 MB
Uptime: 0.027288 s

LIBXSMM_VERSION: RT-bst-B-from-vreg-1.16.1-1577 (25183785)
LIBXSMM_TARGET: skx
Registry and code: 13 MB
Uptime: 0.051787 s

LIBXSMM_VERSION: RT-bst-B-from-vreg-1.16.1-1577 (25183785)
LIBXSMM_TARGET: skx
Registry and code: 13 MB
Uptime: 0.049814 s

LIBXSMM_VERSION: RT-bst-B-from-vreg-1.16.1-1577 (25183785)
LIBXSMM_TARGET: skx
Registry and code: 13 MB
Uptime: 0.052370 s

LIBXSMM_VERSION: RT-bst-B-from-vreg-1.16.1-1577 (25183785)
LIBXSMM_TARGET: skx
Registry and code: 13 MB
Uptime: 0.026671 s

LIBXSMM_VERSION: RT-bst-B-from-vreg-1.16.1-1577 (25183785)
LIBXSMM_TARGET: skx
Registry and code: 13 MB
Uptime: 0.027645 s

LIBXSMM_VERSION: RT-bst-B-from-vreg-1.16.1-1577 (25183785)
LIBXSMM_TARGET: skx
Registry and code: 13 MB
Uptime: 0.026243 s

LIBXSMM_VERSION: RT-bst-B-from-vreg-1.16.1-1577 (25183785)
LIBXSMM_TARGET: skx
Registry and code: 13 MB
Uptime: 0.032142 s

LIBXSMM_VERSION: RT-bst-B-from-vreg-1.16.1-1577 (25183785)
LIBXSMM_TARGET: skx
Registry and code: 13 MB
Uptime: 0.031962 s

LIBXSMM_VERSION: RT-bst-B-from-vreg-1.16.1-1577 (25183785)
LIBXSMM_TARGET: skx
Registry and code: 13 MB
Uptime: 0.033402 s

LIBXSMM_VERSION: RT-bst-B-from-vreg-1.16.1-1577 (25183785)
LIBXSMM_TARGET: skx
Registry and code: 13 MB
Uptime: 0.087420 s

LIBXSMM_VERSION: RT-bst-B-from-vreg-1.16.1-1577 (25183785)
LIBXSMM_TARGET: skx
Registry and code: 13 MB
Uptime: 0.089567 s

LIBXSMM_VERSION: RT-bst-B-from-vreg-1.16.1-1577 (25183785)
LIBXSMM_TARGET: skx
Registry and code: 13 MB
Uptime: 0.093389 s

LIBXSMM_VERSION: RT-bst-B-from-vreg-1.16.1-1577 (25183785)
LIBXSMM_TARGET: skx
Registry and code: 13 MB
Uptime: 0.067048 s

LIBXSMM_VERSION: RT-bst-B-from-vreg-1.16.1-1577 (25183785)
LIBXSMM_TARGET: skx
Registry and code: 13 MB
Uptime: 0.062758 s

LIBXSMM_VERSION: RT-bst-B-from-vreg-1.16.1-1577 (25183785)
LIBXSMM_TARGET: skx
Registry and code: 13 MB
Uptime: 0.067728 s

LIBXSMM_VERSION: RT-bst-B-from-vreg-1.16.1-1577 (25183785)
LIBXSMM_TARGET: skx
Registry and code: 13 MB
Uptime: 0.121766 s

LIBXSMM_VERSION: RT-bst-B-from-vreg-1.16.1-1577 (25183785)
LIBXSMM_TARGET: skx
Registry and code: 13 MB
Uptime: 0.121981 s

LIBXSMM_VERSION: RT-bst-B-from-vreg-1.16.1-1577 (25183785)
LIBXSMM_TARGET: skx
Registry and code: 13 MB
Uptime: 0.123451 s

LIBXSMM_VERSION: RT-bst-B-from-vreg-1.16.1-1577 (25183785)
LIBXSMM_TARGET: skx
Registry and code: 13 MB
Uptime: 0.075507 s

LIBXSMM_VERSION: RT-bst-B-from-vreg-1.16.1-1577 (25183785)
LIBXSMM_TARGET: skx
Registry and code: 13 MB
Uptime: 0.075890 s

LIBXSMM_VERSION: RT-bst-B-from-vreg-1.16.1-1577 (25183785)
LIBXSMM_TARGET: skx
Registry and code: 13 MB
Uptime: 0.077799 s

LIBXSMM_VERSION: RT-bst-B-from-vreg-1.16.1-1577 (25183785)
LIBXSMM_TARGET: skx
Registry and code: 13 MB
Uptime: 0.107381 s

LIBXSMM_VERSION: RT-bst-B-from-vreg-1.16.1-1577 (25183785)
LIBXSMM_TARGET: skx
Registry and code: 13 MB
Uptime: 0.105083 s

LIBXSMM_VERSION: RT-bst-B-from-vreg-1.16.1-1577 (25183785)
LIBXSMM_TARGET: skx
Registry and code: 13 MB
Uptime: 0.105903 s

LIBXSMM_VERSION: RT-bst-B-from-vreg-1.16.1-1577 (25183785)
LIBXSMM_TARGET: skx
Registry and code: 13 MB
Uptime: 0.172194 s

LIBXSMM_VERSION: RT-bst-B-from-vreg-1.16.1-1577 (25183785)
LIBXSMM_TARGET: skx
Registry and code: 13 MB
Uptime: 0.158756 s

LIBXSMM_VERSION: RT-bst-B-from-vreg-1.16.1-1577 (25183785)
LIBXSMM_TARGET: skx
Registry and code: 13 MB
Uptime: 0.150188 s

LIBXSMM_VERSION: RT-bst-B-from-vreg-1.16.1-1577 (25183785)
LIBXSMM_TARGET: skx
Registry and code: 13 MB
Uptime: 0.267293 s

LIBXSMM_VERSION: RT-bst-B-from-vreg-1.16.1-1577 (25183785)
LIBXSMM_TARGET: skx
Registry and code: 13 MB
Uptime: 0.205887 s

LIBXSMM_VERSION: RT-bst-B-from-vreg-1.16.1-1577 (25183785)
LIBXSMM_TARGET: skx
Registry and code: 13 MB
Uptime: 0.169989 s

LIBXSMM_VERSION: RT-bst-B-from-vreg-1.16.1-1577 (25183785)
LIBXSMM_TARGET: skx
Registry and code: 13 MB
Uptime: 0.393538 s

LIBXSMM_VERSION: RT-bst-B-from-vreg-1.16.1-1577 (25183785)
LIBXSMM_TARGET: skx
Registry and code: 13 MB
Uptime: 0.315549 s

LIBXSMM_VERSION: RT-bst-B-from-vreg-1.16.1-1577 (25183785)
LIBXSMM_TARGET: skx
Registry and code: 13 MB
Uptime: 0.289704 s

LIBXSMM_VERSION: RT-bst-B-from-vreg-1.16.1-1577 (25183785)
LIBXSMM_TARGET: skx
Registry and code: 13 MB
Uptime: 0.429632 s

LIBXSMM_VERSION: RT-bst-B-from-vreg-1.16.1-1577 (25183785)
LIBXSMM_TARGET: skx
Registry and code: 13 MB
Uptime: 0.342245 s

LIBXSMM_VERSION: RT-bst-B-from-vreg-1.16.1-1577 (25183785)
LIBXSMM_TARGET: skx
Registry and code: 13 MB
Uptime: 0.290276 s

LIBXSMM_VERSION: RT-bst-B-from-vreg-1.16.1-1577 (25183785)
LIBXSMM_TARGET: skx
Registry and code: 13 MB
Uptime: 0.237340 s

LIBXSMM_VERSION: RT-bst-B-from-vreg-1.16.1-1577 (25183785)
LIBXSMM_TARGET: skx
Registry and code: 13 MB
Uptime: 0.213198 s

LIBXSMM_VERSION: RT-bst-B-from-vreg-1.16.1-1577 (25183785)
LIBXSMM_TARGET: skx
Registry and code: 13 MB
Uptime: 0.216952 s

LIBXSMM_VERSION: RT-bst-B-from-vreg-1.16.1-1577 (25183785)
LIBXSMM_TARGET: skx
Registry and code: 13 MB
Uptime: 0.548487 s

LIBXSMM_VERSION: RT-bst-B-from-vreg-1.16.1-1577 (25183785)
LIBXSMM_TARGET: skx
Registry and code: 13 MB
Uptime: 0.373425 s

LIBXSMM_VERSION: RT-bst-B-from-vreg-1.16.1-1577 (25183785)
LIBXSMM_TARGET: skx
Registry and code: 13 MB
Uptime: 0.321873 s

LIBXSMM_VERSION: RT-bst-B-from-vreg-1.16.1-1577 (25183785)
LIBXSMM_TARGET: skx
Registry and code: 13 MB
Uptime: 0.617047 s

LIBXSMM_VERSION: RT-bst-B-from-vreg-1.16.1-1577 (25183785)
LIBXSMM_TARGET: skx
Registry and code: 13 MB
Uptime: 0.470682 s

LIBXSMM_VERSION: RT-bst-B-from-vreg-1.16.1-1577 (25183785)
LIBXSMM_TARGET: skx
Registry and code: 13 MB
Uptime: 0.428062 s

LIBXSMM_VERSION: RT-bst-B-from-vreg-1.16.1-1577 (25183785)
LIBXSMM_TARGET: skx
Registry and code: 13 MB
Uptime: 0.856757 s

LIBXSMM_VERSION: RT-bst-B-from-vreg-1.16.1-1577 (25183785)
LIBXSMM_TARGET: skx
Registry and code: 13 MB
Uptime: 0.630221 s

LIBXSMM_VERSION: RT-bst-B-from-vreg-1.16.1-1577 (25183785)
LIBXSMM_TARGET: skx
Registry and code: 13 MB
Uptime: 0.549781 s

LIBXSMM_VERSION: RT-bst-B-from-vreg-1.16.1-1577 (25183785)
LIBXSMM_TARGET: skx
Registry and code: 13 MB
Uptime: 1.333957 s

LIBXSMM_VERSION: RT-bst-B-from-vreg-1.16.1-1577 (25183785)
LIBXSMM_TARGET: skx
Registry and code: 13 MB
Uptime: 0.861847 s

LIBXSMM_VERSION: RT-bst-B-from-vreg-1.16.1-1577 (25183785)
LIBXSMM_TARGET: skx
Registry and code: 13 MB
Uptime: 0.787191 s

LIBXSMM_VERSION: RT-bst-B-from-vreg-1.16.1-1577 (25183785)
LIBXSMM_TARGET: skx
Registry and code: 13 MB
Uptime: 0.851761 s

LIBXSMM_VERSION: RT-bst-B-from-vreg-1.16.1-1577 (25183785)
LIBXSMM_TARGET: skx
Registry and code: 13 MB
Uptime: 0.591971 s

LIBXSMM_VERSION: RT-bst-B-from-vreg-1.16.1-1577 (25183785)
LIBXSMM_TARGET: skx
Registry and code: 13 MB
Uptime: 0.510141 s

LIBXSMM_VERSION: RT-bst-B-from-vreg-1.16.1-1577 (25183785)
LIBXSMM_TARGET: skx
Registry and code: 13 MB
Uptime: 1.238063 s

LIBXSMM_VERSION: RT-bst-B-from-vreg-1.16.1-1577 (25183785)
LIBXSMM_TARGET: skx
Registry and code: 13 MB
Uptime: 0.885178 s

LIBXSMM_VERSION: RT-bst-B-from-vreg-1.16.1-1577 (25183785)
LIBXSMM_TARGET: skx
Registry and code: 13 MB
Uptime: 0.708137 s

LIBXSMM_VERSION: RT-bst-B-from-vreg-1.16.1-1577 (25183785)
LIBXSMM_TARGET: skx
Registry and code: 13 MB
Uptime: 1.540728 s

LIBXSMM_VERSION: RT-bst-B-from-vreg-1.16.1-1577 (25183785)
LIBXSMM_TARGET: skx
Registry and code: 13 MB
Uptime: 1.064710 s

LIBXSMM_VERSION: RT-bst-B-from-vreg-1.16.1-1577 (25183785)
LIBXSMM_TARGET: skx
Registry and code: 13 MB
Uptime: 0.989622 s

LIBXSMM_VERSION: RT-bst-B-from-vreg-1.16.1-1577 (25183785)
LIBXSMM_TARGET: skx
Registry and code: 13 MB
Uptime: 1.935672 s

LIBXSMM_VERSION: RT-bst-B-from-vreg-1.16.1-1577 (25183785)
LIBXSMM_TARGET: skx
Registry and code: 13 MB
Uptime: 1.308771 s

LIBXSMM_VERSION: RT-bst-B-from-vreg-1.16.1-1577 (25183785)
LIBXSMM_TARGET: skx
Registry and code: 13 MB
Uptime: 1.111687 s

LIBXSMM_VERSION: RT-bst-B-from-vreg-1.16.1-1577 (25183785)
LIBXSMM_TARGET: skx
Registry and code: 13 MB
Uptime: 3.388500 s

LIBXSMM_VERSION: RT-bst-B-from-vreg-1.16.1-1577 (25183785)
LIBXSMM_TARGET: skx
Registry and code: 13 MB
Uptime: 2.272642 s

LIBXSMM_VERSION: RT-bst-B-from-vreg-1.16.1-1577 (25183785)
LIBXSMM_TARGET: skx
Registry and code: 13 MB
Uptime: 2.155935 s

LIBXSMM_VERSION: RT-bst-B-from-vreg-1.16.1-1577 (25183785)
LIBXSMM_TARGET: skx
Registry and code: 13 MB
Uptime: 2.277443 s

LIBXSMM_VERSION: RT-bst-B-from-vreg-1.16.1-1577 (25183785)
LIBXSMM_TARGET: skx
Registry and code: 13 MB
Uptime: 1.653912 s

LIBXSMM_VERSION: RT-bst-B-from-vreg-1.16.1-1577 (25183785)
LIBXSMM_TARGET: skx
Registry and code: 13 MB
Uptime: 1.300053 s

LIBXSMM_VERSION: RT-bst-B-from-vreg-1.16.1-1577 (25183785)
LIBXSMM_TARGET: skx
Registry and code: 13 MB
Uptime: 2.937951 s

LIBXSMM_VERSION: RT-bst-B-from-vreg-1.16.1-1577 (25183785)
LIBXSMM_TARGET: skx
Registry and code: 13 MB
Uptime: 1.999086 s

LIBXSMM_VERSION: RT-bst-B-from-vreg-1.16.1-1577 (25183785)
LIBXSMM_TARGET: skx
Registry and code: 13 MB
Uptime: 1.915689 s

LIBXSMM_VERSION: RT-bst-B-from-vreg-1.16.1-1577 (25183785)
LIBXSMM_TARGET: skx
Registry and code: 13 MB
Uptime: 3.152676 s

LIBXSMM_VERSION: RT-bst-B-from-vreg-1.16.1-1577 (25183785)
LIBXSMM_TARGET: skx
Registry and code: 13 MB
Uptime: 2.144366 s

LIBXSMM_VERSION: RT-bst-B-from-vreg-1.16.1-1577 (25183785)
LIBXSMM_TARGET: skx
Registry and code: 13 MB
Uptime: 2.034877 s

LIBXSMM_VERSION: RT-bst-B-from-vreg-1.16.1-1577 (25183785)
LIBXSMM_TARGET: skx
Registry and code: 13 MB
Uptime: 3.603509 s

LIBXSMM_VERSION: RT-bst-B-from-vreg-1.16.1-1577 (25183785)
LIBXSMM_TARGET: skx
Registry and code: 13 MB
Uptime: 2.669913 s

LIBXSMM_VERSION: RT-bst-B-from-vreg-1.16.1-1577 (25183785)
LIBXSMM_TARGET: skx
Registry and code: 13 MB
Uptime: 2.124744 s

LIBXSMM_VERSION: RT-bst-B-from-vreg-1.16.1-1577 (25183785)
LIBXSMM_TARGET: skx
Registry and code: 13 MB
Uptime: 7.553319 s

LIBXSMM_VERSION: RT-bst-B-from-vreg-1.16.1-1577 (25183785)
LIBXSMM_TARGET: skx
Registry and code: 13 MB
Uptime: 5.152334 s

LIBXSMM_VERSION: RT-bst-B-from-vreg-1.16.1-1577 (25183785)
LIBXSMM_TARGET: skx
Registry and code: 13 MB
Uptime: 5.397248 s

LIBXSMM_VERSION: RT-bst-B-from-vreg-1.16.1-1577 (25183785)
LIBXSMM_TARGET: skx
Registry and code: 13 MB
Uptime: 6.020040 s

LIBXSMM_VERSION: RT-bst-B-from-vreg-1.16.1-1577 (25183785)
LIBXSMM_TARGET: skx
Registry and code: 13 MB
Uptime: 4.490973 s

LIBXSMM_VERSION: RT-bst-B-from-vreg-1.16.1-1577 (25183785)
LIBXSMM_TARGET: skx
Registry and code: 13 MB
Uptime: 4.877698 s

LIBXSMM_VERSION: RT-bst-B-from-vreg-1.16.1-1577 (25183785)
LIBXSMM_TARGET: skx
Registry and code: 13 MB
Uptime: 0.027508 s

LIBXSMM_VERSION: RT-bst-B-from-vreg-1.16.1-1577 (25183785)
LIBXSMM_TARGET: skx
Registry and code: 13 MB
Uptime: 0.030676 s

LIBXSMM_VERSION: RT-bst-B-from-vreg-1.16.1-1577 (25183785)
LIBXSMM_TARGET: skx
Registry and code: 13 MB
Uptime: 0.030141 s

LIBXSMM_VERSION: RT-bst-B-from-vreg-1.16.1-1577 (25183785)
LIBXSMM_TARGET: skx
Registry and code: 13 MB
Uptime: 0.019381 s

LIBXSMM_VERSION: RT-bst-B-from-vreg-1.16.1-1577 (25183785)
LIBXSMM_TARGET: skx
Registry and code: 13 MB
Uptime: 0.021064 s

LIBXSMM_VERSION: RT-bst-B-from-vreg-1.16.1-1577 (25183785)
LIBXSMM_TARGET: skx
Registry and code: 13 MB
Uptime: 0.019198 s

LIBXSMM_VERSION: RT-bst-B-from-vreg-1.16.1-1577 (25183785)
LIBXSMM_TARGET: skx
Registry and code: 13 MB
Uptime: 0.029767 s

LIBXSMM_VERSION: RT-bst-B-from-vreg-1.16.1-1577 (25183785)
LIBXSMM_TARGET: skx
Registry and code: 13 MB
Uptime: 0.031106 s

LIBXSMM_VERSION: RT-bst-B-from-vreg-1.16.1-1577 (25183785)
LIBXSMM_TARGET: skx
Registry and code: 13 MB
Uptime: 0.029949 s

LIBXSMM_VERSION: RT-bst-B-from-vreg-1.16.1-1577 (25183785)
LIBXSMM_TARGET: skx
Registry and code: 13 MB
Uptime: 0.020781 s

LIBXSMM_VERSION: RT-bst-B-from-vreg-1.16.1-1577 (25183785)
LIBXSMM_TARGET: skx
Registry and code: 13 MB
Uptime: 0.017897 s

LIBXSMM_VERSION: RT-bst-B-from-vreg-1.16.1-1577 (25183785)
LIBXSMM_TARGET: skx
Registry and code: 13 MB
Uptime: 0.019010 s

Finished running in 10.1968ms
Generating and Compiling data/example_mats/quad/p5/gauss-legendre-lobatto/m460.txt
Running data/example_mats/quad/p5/gauss-legendre-lobatto/m460.txt
Finished running in 7.9441999999999995ms
Generating and Compiling data/example_mats/quad/p5/gauss-legendre/m0.txt
Running data/example_mats/quad/p5/gauss-legendre/m0.txt
Finished running in 3.0151666666666666ms
Generating and Compiling data/example_mats/quad/p5/gauss-legendre/m3.txt
Running data/example_mats/quad/p5/gauss-legendre/m3.txt
Finished running in 3.9699999999999998ms
Generating and Compiling data/example_mats/quad/p5/gauss-legendre/m6.txt
Running data/example_mats/quad/p5/gauss-legendre/m6.txt
Finished running in 7.036266666666666ms
Generating and Compiling data/example_mats/quad/p5/gauss-legendre/m132.txt
Running data/example_mats/quad/p5/gauss-legendre/m132.txt
Finished running in 9.007900000000001ms
Generating and Compiling data/example_mats/quad/p5/gauss-legendre/m460.txt
Running data/example_mats/quad/p5/gauss-legendre/m460.txt
Finished running in 7.988366666666667ms
Generating and Compiling data/example_mats/quad/p6/gauss-legendre-lobatto/m0.txt
Running data/example_mats/quad/p6/gauss-legendre-lobatto/m0.txt
Finished running in 2.8563666666666667ms
Generating and Compiling data/example_mats/quad/p6/gauss-legendre-lobatto/m3.txt
Running data/example_mats/quad/p6/gauss-legendre-lobatto/m3.txt
Finished running in 5.319366666666666ms
Generating and Compiling data/example_mats/quad/p6/gauss-legendre-lobatto/m6.txt
Running data/example_mats/quad/p6/gauss-legendre-lobatto/m6.txt
Finished running in 9.6447ms
Generating and Compiling data/example_mats/quad/p6/gauss-legendre-lobatto/m132.txt
Running data/example_mats/quad/p6/gauss-legendre-lobatto/m132.txt
Finished running in 15.168499999999998ms
Generating and Compiling data/example_mats/quad/p6/gauss-legendre-lobatto/m460.txt
Running data/example_mats/quad/p6/gauss-legendre-lobatto/m460.txt
Finished running in 11.168166666666668ms
Generating and Compiling data/example_mats/quad/p6/gauss-legendre/m0.txt
Running data/example_mats/quad/p6/gauss-legendre/m0.txt
Finished running in 4.148166666666667ms
Generating and Compiling data/example_mats/quad/p6/gauss-legendre/m3.txt
Running data/example_mats/quad/p6/gauss-legendre/m3.txt
Finished running in 5.305466666666666ms
Generating and Compiling data/example_mats/quad/p6/gauss-legendre/m6.txt
Running data/example_mats/quad/p6/gauss-legendre/m6.txt
Finished running in 9.556700000000001ms
Generating and Compiling data/example_mats/quad/p6/gauss-legendre/m132.txt
Running data/example_mats/quad/p6/gauss-legendre/m132.txt
Finished running in 15.2218ms
Generating and Compiling data/example_mats/quad/p6/gauss-legendre/m460.txt
Running data/example_mats/quad/p6/gauss-legendre/m460.txt
Finished running in 11.287633333333334ms
Generating and Compiling data/example_mats/tet/p1/shunn-ham/m0.txt
Running data/example_mats/tet/p1/shunn-ham/m0.txt
Finished running in 1.3444666666666667ms
Generating and Compiling data/example_mats/tet/p1/shunn-ham/m3.txt
Running data/example_mats/tet/p1/shunn-ham/m3.txt
Finished running in 0.6498ms
Generating and Compiling data/example_mats/tet/p1/shunn-ham/m6.txt
Running data/example_mats/tet/p1/shunn-ham/m6.txt
Finished running in 1.4296ms
Generating and Compiling data/example_mats/tet/p1/shunn-ham/m132.txt
Running data/example_mats/tet/p1/shunn-ham/m132.txt
Finished running in 0.6253ms
Generating and Compiling data/example_mats/tet/p1/shunn-ham/m460.txt
Running data/example_mats/tet/p1/shunn-ham/m460.txt
Finished running in 0.7467666666666666ms
Generating and Compiling data/example_mats/tet/p2/shunn-ham/m0.txt
Running data/example_mats/tet/p2/shunn-ham/m0.txt
Finished running in 2.826066666666668ms
Generating and Compiling data/example_mats/tet/p2/shunn-ham/m3.txt
Running data/example_mats/tet/p2/shunn-ham/m3.txt
Finished running in 1.2657666666666667ms
Generating and Compiling data/example_mats/tet/p2/shunn-ham/m6.txt
Running data/example_mats/tet/p2/shunn-ham/m6.txt
Finished running in 3.7047666666666665ms
Generating and Compiling data/example_mats/tet/p2/shunn-ham/m132.txt
Running data/example_mats/tet/p2/shunn-ham/m132.txt
Finished running in 2.0169ms
Generating and Compiling data/example_mats/tet/p2/shunn-ham/m460.txt
Running data/example_mats/tet/p2/shunn-ham/m460.txt
Finished running in 3.3793333333333333ms
Generating and Compiling data/example_mats/tet/p3/shunn-ham/m0.txt
Running data/example_mats/tet/p3/shunn-ham/m0.txt
Finished running in 4.274666666666667ms
Generating and Compiling data/example_mats/tet/p3/shunn-ham/m3.txt
Running data/example_mats/tet/p3/shunn-ham/m3.txt
Finished running in 8.106833333333334ms
Generating and Compiling data/example_mats/tet/p3/shunn-ham/m6.txt
Running data/example_mats/tet/p3/shunn-ham/m6.txt
Finished running in 8.590033333333334ms
Generating and Compiling data/example_mats/tet/p3/shunn-ham/m132.txt
Running data/example_mats/tet/p3/shunn-ham/m132.txt
Finished running in 15.343766666666665ms
Generating and Compiling data/example_mats/tet/p3/shunn-ham/m460.txt
Running data/example_mats/tet/p3/shunn-ham/m460.txt
Finished running in 6.8066ms
Generating and Compiling data/example_mats/tet/p4/shunn-ham/m0.txt
Running data/example_mats/tet/p4/shunn-ham/m0.txt
Finished running in 12.724633333333333ms
Generating and Compiling data/example_mats/tet/p4/shunn-ham/m3.txt
Running data/example_mats/tet/p4/shunn-ham/m3.txt
Finished running in 18.369733333333333ms
Generating and Compiling data/example_mats/tet/p4/shunn-ham/m6.txt
Running data/example_mats/tet/p4/shunn-ham/m6.txt
Finished running in 18.00433333333333ms
Generating and Compiling data/example_mats/tet/p4/shunn-ham/m132.txt
Running data/example_mats/tet/p4/shunn-ham/m132.txt
Finished running in 34.7693ms
Generating and Compiling data/example_mats/tet/p4/shunn-ham/m460.txt
Running data/example_mats/tet/p4/shunn-ham/m460.txt
Finished running in 15.907833333333334ms
Generating and Compiling data/example_mats/tet/p5/shunn-ham/m0.txt
Running data/example_mats/tet/p5/shunn-ham/m0.txt
Finished running in 27.396ms
Generating and Compiling data/example_mats/tet/p5/shunn-ham/m3.txt
Running data/example_mats/tet/p5/shunn-ham/m3.txt
Finished running in 34.09843333333333ms
Generating and Compiling data/example_mats/tet/p5/shunn-ham/m6.txt
Running data/example_mats/tet/p5/shunn-ham/m6.txt
Finished running in 62.267500000000005ms
Generating and Compiling data/example_mats/tet/p5/shunn-ham/m132.txt
Running data/example_mats/tet/p5/shunn-ham/m132.txt
Finished running in 69.90159999999999ms
Generating and Compiling data/example_mats/tet/p5/shunn-ham/m460.txt
Running data/example_mats/tet/p5/shunn-ham/m460.txt
Finished running in 43.65006666666667ms
Generating and Compiling data/example_mats/tet/p6/shunn-ham/m0.txt
Running data/example_mats/tet/p6/shunn-ham/m0.txt
Finished running in 49.022933333333334ms
Generating and Compiling data/example_mats/tet/p6/shunn-ham/m3.txt
Running data/example_mats/tet/p6/shunn-ham/m3.txt
Finished running in 54.84273333333333ms
Generating and Compiling data/example_mats/tet/p6/shunn-ham/m6.txt
Running data/example_mats/tet/p6/shunn-ham/m6.txt
Finished running in 106.09123333333334ms
Generating and Compiling data/example_mats/tet/p6/shunn-ham/m132.txt
Running data/example_mats/tet/p6/shunn-ham/m132.txt
Finished running in 120.99706666666667ms
Generating and Compiling data/example_mats/tet/p6/shunn-ham/m460.txt
Running data/example_mats/tet/p6/shunn-ham/m460.txt
Finished running in 81.47443333333334ms
Generating and Compiling data/example_mats/tri/p1/williams-shunn/m0.txt
Running data/example_mats/tri/p1/williams-shunn/m0.txt
Finished running in 0.7374666666666666ms
Generating and Compiling data/example_mats/tri/p1/williams-shunn/m3.txt
Running data/example_mats/tri/p1/williams-shunn/m3.txt
Finished running in 0.4886666666666667ms
Generating and Compiling data/example_mats/tri/p1/williams-shunn/m6.txt
Running data/example_mats/tri/p1/williams-shunn/m6.txt
Finished running in 0.7491666666666668ms
Generating and Compiling data/example_mats/tri/p1/williams-shunn/m132.txt
Running data/example_mats/tri/p1/williams-shunn/m132.txt
Finished running in
LIBXSMM_VERSION: RT-bst-B-from-vreg-1.16.1-1577 (25183785)
LIBXSMM_TARGET: skx
Registry and code: 13 MB
Uptime: 0.022255 s

LIBXSMM_VERSION: RT-bst-B-from-vreg-1.16.1-1577 (25183785)
LIBXSMM_TARGET: skx
Registry and code: 13 MB
Uptime: 0.021279 s

LIBXSMM_VERSION: RT-bst-B-from-vreg-1.16.1-1577 (25183785)
LIBXSMM_TARGET: skx
Registry and code: 13 MB
Uptime: 0.023978 s

LIBXSMM_VERSION: RT-bst-B-from-vreg-1.16.1-1577 (25183785)
LIBXSMM_TARGET: skx
Registry and code: 13 MB
Uptime: 0.040779 s

LIBXSMM_VERSION: RT-bst-B-from-vreg-1.16.1-1577 (25183785)
LIBXSMM_TARGET: skx
Registry and code: 13 MB
Uptime: 0.040690 s

LIBXSMM_VERSION: RT-bst-B-from-vreg-1.16.1-1577 (25183785)
LIBXSMM_TARGET: skx
Registry and code: 13 MB
Uptime: 0.039827 s

LIBXSMM_VERSION: RT-bst-B-from-vreg-1.16.1-1577 (25183785)
LIBXSMM_TARGET: skx
Registry and code: 13 MB
Uptime: 0.032535 s

LIBXSMM_VERSION: RT-bst-B-from-vreg-1.16.1-1577 (25183785)
LIBXSMM_TARGET: skx
Registry and code: 13 MB
Uptime: 0.033577 s

LIBXSMM_VERSION: RT-bst-B-from-vreg-1.16.1-1577 (25183785)
LIBXSMM_TARGET: skx
Registry and code: 13 MB
Uptime: 0.031537 s

LIBXSMM_VERSION: RT-bst-B-from-vreg-1.16.1-1577 (25183785)
LIBXSMM_TARGET: skx
Registry and code: 13 MB
Uptime: 0.049263 s

LIBXSMM_VERSION: RT-bst-B-from-vreg-1.16.1-1577 (25183785)
LIBXSMM_TARGET: skx
Registry and code: 13 MB
Uptime: 0.049410 s

LIBXSMM_VERSION: RT-bst-B-from-vreg-1.16.1-1577 (25183785)
LIBXSMM_TARGET: skx
Registry and code: 13 MB
Uptime: 0.052038 s

LIBXSMM_VERSION: RT-bst-B-from-vreg-1.16.1-1577 (25183785)
LIBXSMM_TARGET: skx
Registry and code: 13 MB
Uptime: 0.033902 s

LIBXSMM_VERSION: RT-bst-B-from-vreg-1.16.1-1577 (25183785)
LIBXSMM_TARGET: skx
Registry and code: 13 MB
Uptime: 0.032874 s

LIBXSMM_VERSION: RT-bst-B-from-vreg-1.16.1-1577 (25183785)
LIBXSMM_TARGET: skx
Registry and code: 13 MB
Uptime: 0.031315 s

LIBXSMM_VERSION: RT-bst-B-from-vreg-1.16.1-1577 (25183785)
LIBXSMM_TARGET: skx
Registry and code: 13 MB
Uptime: 0.047937 s

LIBXSMM_VERSION: RT-bst-B-from-vreg-1.16.1-1577 (25183785)
LIBXSMM_TARGET: skx
Registry and code: 13 MB
Uptime: 0.046383 s

LIBXSMM_VERSION: RT-bst-B-from-vreg-1.16.1-1577 (25183785)
LIBXSMM_TARGET: skx
Registry and code: 13 MB
Uptime: 0.046500 s

LIBXSMM_VERSION: RT-bst-B-from-vreg-1.16.1-1577 (25183785)
LIBXSMM_TARGET: skx
Registry and code: 13 MB
Uptime: 0.055481 s

LIBXSMM_VERSION: RT-bst-B-from-vreg-1.16.1-1577 (25183785)
LIBXSMM_TARGET: skx
Registry and code: 13 MB
Uptime: 0.054686 s

LIBXSMM_VERSION: RT-bst-B-from-vreg-1.16.1-1577 (25183785)
LIBXSMM_TARGET: skx
Registry and code: 13 MB
Uptime: 0.055703 s

LIBXSMM_VERSION: RT-bst-B-from-vreg-1.16.1-1577 (25183785)
LIBXSMM_TARGET: skx
Registry and code: 13 MB
Uptime: 0.048138 s

LIBXSMM_VERSION: RT-bst-B-from-vreg-1.16.1-1577 (25183785)
LIBXSMM_TARGET: skx
Registry and code: 13 MB
Uptime: 0.049888 s

LIBXSMM_VERSION: RT-bst-B-from-vreg-1.16.1-1577 (25183785)
LIBXSMM_TARGET: skx
Registry and code: 13 MB
Uptime: 0.048603 s

LIBXSMM_VERSION: RT-bst-B-from-vreg-1.16.1-1577 (25183785)
LIBXSMM_TARGET: skx
Registry and code: 13 MB
Uptime: 0.079369 s

LIBXSMM_VERSION: RT-bst-B-from-vreg-1.16.1-1577 (25183785)
LIBXSMM_TARGET: skx
Registry and code: 13 MB
Uptime: 0.074995 s

LIBXSMM_VERSION: RT-bst-B-from-vreg-1.16.1-1577 (25183785)
LIBXSMM_TARGET: skx
Registry and code: 13 MB
Uptime: 0.075899 s

LIBXSMM_VERSION: RT-bst-B-from-vreg-1.16.1-1577 (25183785)
LIBXSMM_TARGET: skx
Registry and code: 13 MB
Uptime: 0.054511 s

LIBXSMM_VERSION: RT-bst-B-from-vreg-1.16.1-1577 (25183785)
LIBXSMM_TARGET: skx
Registry and code: 13 MB
Uptime: 0.055476 s

LIBXSMM_VERSION: RT-bst-B-from-vreg-1.16.1-1577 (25183785)
LIBXSMM_TARGET: skx
Registry and code: 13 MB
Uptime: 0.055917 s

LIBXSMM_VERSION: RT-bst-B-from-vreg-1.16.1-1577 (25183785)
LIBXSMM_TARGET: skx
Registry and code: 13 MB
Uptime: 0.075946 s

LIBXSMM_VERSION: RT-bst-B-from-vreg-1.16.1-1577 (25183785)
LIBXSMM_TARGET: skx
Registry and code: 13 MB
Uptime: 0.076177 s

LIBXSMM_VERSION: RT-bst-B-from-vreg-1.16.1-1577 (25183785)
LIBXSMM_TARGET: skx
Registry and code: 13 MB
Uptime: 0.077771 s

LIBXSMM_VERSION: RT-bst-B-from-vreg-1.16.1-1577 (25183785)
LIBXSMM_TARGET: skx
Registry and code: 13 MB
Uptime: 0.064550 s

LIBXSMM_VERSION: RT-bst-B-from-vreg-1.16.1-1577 (25183785)
LIBXSMM_TARGET: skx
Registry and code: 13 MB
Uptime: 0.065175 s

LIBXSMM_VERSION: RT-bst-B-from-vreg-1.16.1-1577 (25183785)
LIBXSMM_TARGET: skx
Registry and code: 13 MB
Uptime: 0.066514 s

LIBXSMM_VERSION: RT-bst-B-from-vreg-1.16.1-1577 (25183785)
LIBXSMM_TARGET: skx
Registry and code: 13 MB
Uptime: 0.067053 s

LIBXSMM_VERSION: RT-bst-B-from-vreg-1.16.1-1577 (25183785)
LIBXSMM_TARGET: skx
Registry and code: 13 MB
Uptime: 0.067534 s

LIBXSMM_VERSION: RT-bst-B-from-vreg-1.16.1-1577 (25183785)
LIBXSMM_TARGET: skx
Registry and code: 13 MB
Uptime: 0.070293 s

LIBXSMM_VERSION: RT-bst-B-from-vreg-1.16.1-1577 (25183785)
LIBXSMM_TARGET: skx
Registry and code: 13 MB
Uptime: 0.111336 s

LIBXSMM_VERSION: RT-bst-B-from-vreg-1.16.1-1577 (25183785)
LIBXSMM_TARGET: skx
Registry and code: 13 MB
Uptime: 0.115319 s

LIBXSMM_VERSION: RT-bst-B-from-vreg-1.16.1-1577 (25183785)
LIBXSMM_TARGET: skx
Registry and code: 13 MB
Uptime: 0.116021 s

LIBXSMM_VERSION: RT-bst-B-from-vreg-1.16.1-1577 (25183785)
LIBXSMM_TARGET: skx
Registry and code: 13 MB
Uptime: 0.116102 s

LIBXSMM_VERSION: RT-bst-B-from-vreg-1.16.1-1577 (25183785)
LIBXSMM_TARGET: skx
Registry and code: 13 MB
Uptime: 0.100737 s

LIBXSMM_VERSION: RT-bst-B-from-vreg-1.16.1-1577 (25183785)
LIBXSMM_TARGET: skx
Registry and code: 13 MB
Uptime: 0.100014 s

LIBXSMM_VERSION: RT-bst-B-from-vreg-1.16.1-1577 (25183785)
LIBXSMM_TARGET: skx
Registry and code: 13 MB
Uptime: 0.127407 s

LIBXSMM_VERSION: RT-bst-B-from-vreg-1.16.1-1577 (25183785)
LIBXSMM_TARGET: skx
Registry and code: 13 MB
Uptime: 0.119493 s

LIBXSMM_VERSION: RT-bst-B-from-vreg-1.16.1-1577 (25183785)
LIBXSMM_TARGET: skx
Registry and code: 13 MB
Uptime: 0.114554 s

LIBXSMM_VERSION: RT-bst-B-from-vreg-1.16.1-1577 (25183785)
LIBXSMM_TARGET: skx
Registry and code: 13 MB
Uptime: 0.090729 s

LIBXSMM_VERSION: RT-bst-B-from-vreg-1.16.1-1577 (25183785)
LIBXSMM_TARGET: skx
Registry and code: 13 MB
Uptime: 0.091295 s

LIBXSMM_VERSION: RT-bst-B-from-vreg-1.16.1-1577 (25183785)
LIBXSMM_TARGET: skx
Registry and code: 13 MB
Uptime: 0.087617 s

LIBXSMM_VERSION: RT-bst-B-from-vreg-1.16.1-1577 (25183785)
LIBXSMM_TARGET: skx
Registry and code: 13 MB
Uptime: 0.099359 s

LIBXSMM_VERSION: RT-bst-B-from-vreg-1.16.1-1577 (25183785)
LIBXSMM_TARGET: skx
Registry and code: 13 MB
Uptime: 0.090850 s

LIBXSMM_VERSION: RT-bst-B-from-vreg-1.16.1-1577 (25183785)
LIBXSMM_TARGET: skx
Registry and code: 13 MB
Uptime: 0.094948 s

LIBXSMM_VERSION: RT-bst-B-from-vreg-1.16.1-1577 (25183785)
LIBXSMM_TARGET: skx
Registry and code: 13 MB
Uptime: 0.153681 s

LIBXSMM_VERSION: RT-bst-B-from-vreg-1.16.1-1577 (25183785)
LIBXSMM_TARGET: skx
Registry and code: 13 MB
Uptime: 0.162886 s

LIBXSMM_VERSION: RT-bst-B-from-vreg-1.16.1-1577 (25183785)
LIBXSMM_TARGET: skx
Registry and code: 13 MB
Uptime: 0.159996 s

LIBXSMM_VERSION: RT-bst-B-from-vreg-1.16.1-1577 (25183785)
LIBXSMM_TARGET: skx
Registry and code: 13 MB
Uptime: 0.303205 s

LIBXSMM_VERSION: RT-bst-B-from-vreg-1.16.1-1577 (25183785)
LIBXSMM_TARGET: skx
Registry and code: 13 MB
Uptime: 0.244796 s

LIBXSMM_VERSION: RT-bst-B-from-vreg-1.16.1-1577 (25183785)
LIBXSMM_TARGET: skx
Registry and code: 13 MB
Uptime: 0.204332 s

LIBXSMM_VERSION: RT-bst-B-from-vreg-1.16.1-1577 (25183785)
LIBXSMM_TARGET: skx
Registry and code: 13 MB
Uptime: 0.185312 s

LIBXSMM_VERSION: RT-bst-B-from-vreg-1.16.1-1577 (25183785)
LIBXSMM_TARGET: skx
Registry and code: 13 MB
Uptime: 0.169300 s

LIBXSMM_VERSION: RT-bst-B-from-vreg-1.16.1-1577 (25183785)
LIBXSMM_TARGET: skx
Registry and code: 13 MB
Uptime: 0.163515 s

LIBXSMM_VERSION: RT-bst-B-from-vreg-1.16.1-1577 (25183785)
LIBXSMM_TARGET: skx
Registry and code: 13 MB
Uptime: 0.150687 s

LIBXSMM_VERSION: RT-bst-B-from-vreg-1.16.1-1577 (25183785)
LIBXSMM_TARGET: skx
Registry and code: 13 MB
Uptime: 0.124205 s

LIBXSMM_VERSION: RT-bst-B-from-vreg-1.16.1-1577 (25183785)
LIBXSMM_TARGET: skx
Registry and code: 13 MB
Uptime: 0.117706 s

LIBXSMM_VERSION: RT-bst-B-from-vreg-1.16.1-1577 (25183785)
LIBXSMM_TARGET: skx
Registry and code: 13 MB
Uptime: 0.134252 s

LIBXSMM_VERSION: RT-bst-B-from-vreg-1.16.1-1577 (25183785)
LIBXSMM_TARGET: skx
Registry and code: 13 MB
Uptime: 0.125957 s

LIBXSMM_VERSION: RT-bst-B-from-vreg-1.16.1-1577 (25183785)
LIBXSMM_TARGET: skx
Registry and code: 13 MB
Uptime: 0.124626 s

LIBXSMM_VERSION: RT-bst-B-from-vreg-1.16.1-1577 (25183785)
LIBXSMM_TARGET: skx
Registry and code: 13 MB
Uptime: 0.214150 s

LIBXSMM_VERSION: RT-bst-B-from-vreg-1.16.1-1577 (25183785)
LIBXSMM_TARGET: skx
Registry and code: 13 MB
Uptime: 0.209229 s

LIBXSMM_VERSION: RT-bst-B-from-vreg-1.16.1-1577 (25183785)
LIBXSMM_TARGET: skx
Registry and code: 13 MB
Uptime: 0.204005 s

LIBXSMM_VERSION: RT-bst-B-from-vreg-1.16.1-1577 (25183785)
LIBXSMM_TARGET: skx
Registry and code: 13 MB
Uptime: 0.518760 s

LIBXSMM_VERSION: RT-bst-B-from-vreg-1.16.1-1577 (25183785)
LIBXSMM_TARGET: skx
Registry and code: 13 MB
Uptime: 0.405531 s

LIBXSMM_VERSION: RT-bst-B-from-vreg-1.16.1-1577 (25183785)
LIBXSMM_TARGET: skx
Registry and code: 13 MB
Uptime: 0.349238 s

LIBXSMM_VERSION: RT-bst-B-from-vreg-1.16.1-1577 (25183785)
LIBXSMM_TARGET: skx
Registry and code: 13 MB
Uptime: 0.343548 s

LIBXSMM_VERSION: RT-bst-B-from-vreg-1.16.1-1577 (25183785)
LIBXSMM_TARGET: skx
Registry and code: 13 MB
Uptime: 0.256977 s

LIBXSMM_VERSION: RT-bst-B-from-vreg-1.16.1-1577 (25183785)
LIBXSMM_TARGET: skx
Registry and code: 13 MB
Uptime: 0.231779 s
 0.4341333333333333ms
Generating and Compiling data/example_mats/tri/p1/williams-shunn/m460.txt
Running data/example_mats/tri/p1/williams-shunn/m460.txt
Finished running in 0.5077ms
Generating and Compiling data/example_mats/tri/p2/williams-shunn/m0.txt
Running data/example_mats/tri/p2/williams-shunn/m0.txt
Finished running in 1.1143333333333334ms
Generating and Compiling data/example_mats/tri/p2/williams-shunn/m3.txt
Running data/example_mats/tri/p2/williams-shunn/m3.txt
Finished running in 0.8965666666666666ms
Generating and Compiling data/example_mats/tri/p2/williams-shunn/m6.txt
Running data/example_mats/tri/p2/williams-shunn/m6.txt
Finished running in 1.4166333333333334ms
Generating and Compiling data/example_mats/tri/p2/williams-shunn/m132.txt
Running data/example_mats/tri/p2/williams-shunn/m132.txt
Finished running in 0.9084ms
Generating and Compiling data/example_mats/tri/p2/williams-shunn/m460.txt
Running data/example_mats/tri/p2/williams-shunn/m460.txt
Finished running in 1.3754666666666668ms
Generating and Compiling data/example_mats/tri/p3/williams-shunn/m0.txt
Running data/example_mats/tri/p3/williams-shunn/m0.txt
Finished running in 1.5255333333333332ms
Generating and Compiling data/example_mats/tri/p3/williams-shunn/m3.txt
Running data/example_mats/tri/p3/williams-shunn/m3.txt
Finished running in 1.3573666666666666ms
Generating and Compiling data/example_mats/tri/p3/williams-shunn/m6.txt
Running data/example_mats/tri/p3/williams-shunn/m6.txt
Finished running in 2.2681333333333327ms
Generating and Compiling data/example_mats/tri/p3/williams-shunn/m132.txt
Running data/example_mats/tri/p3/williams-shunn/m132.txt
Finished running in 1.6910666666666667ms
Generating and Compiling data/example_mats/tri/p3/williams-shunn/m460.txt
Running data/example_mats/tri/p3/williams-shunn/m460.txt
Finished running in 2.311366666666667ms
Generating and Compiling data/example_mats/tri/p4/williams-shunn/m0.txt
Running data/example_mats/tri/p4/williams-shunn/m0.txt
Finished running in 2.0744ms
Generating and Compiling data/example_mats/tri/p4/williams-shunn/m3.txt
Running data/example_mats/tri/p4/williams-shunn/m3.txt
Finished running in 2.076733333333334ms
Generating and Compiling data/example_mats/tri/p4/williams-shunn/m6.txt
Running data/example_mats/tri/p4/williams-shunn/m6.txt
Finished running in 3.4204999999999997ms
Generating and Compiling data/example_mats/tri/p4/williams-shunn/m132.txt
Running data/example_mats/tri/p4/williams-shunn/m132.txt
Finished running in 2.4017ms
Generating and Compiling data/example_mats/tri/p4/williams-shunn/m460.txt
Running data/example_mats/tri/p4/williams-shunn/m460.txt
Finished running in 3.779333333333333ms
Generating and Compiling data/example_mats/tri/p5/williams-shunn/m0.txt
Running data/example_mats/tri/p5/williams-shunn/m0.txt
Finished running in 2.843366666666667ms
Generating and Compiling data/example_mats/tri/p5/williams-shunn/m3.txt
Running data/example_mats/tri/p5/williams-shunn/m3.txt
Finished running in 3.0822ms
Generating and Compiling data/example_mats/tri/p5/williams-shunn/m6.txt
Running data/example_mats/tri/p5/williams-shunn/m6.txt
Finished running in 4.944166666666666ms
Generating and Compiling data/example_mats/tri/p5/williams-shunn/m132.txt
Running data/example_mats/tri/p5/williams-shunn/m132.txt
Finished running in 9.2762ms
Generating and Compiling data/example_mats/tri/p5/williams-shunn/m460.txt
Running data/example_mats/tri/p5/williams-shunn/m460.txt
Finished running in 4.441800000000001ms
Generating and Compiling data/example_mats/tri/p6/williams-shunn/m0.txt
Running data/example_mats/tri/p6/williams-shunn/m0.txt
Finished running in 2.8901ms
Generating and Compiling data/example_mats/tri/p6/williams-shunn/m3.txt
Running data/example_mats/tri/p6/williams-shunn/m3.txt
Finished running in 3.4169666666666667ms
Generating and Compiling data/example_mats/tri/p6/williams-shunn/m6.txt
Running data/example_mats/tri/p6/williams-shunn/m6.txt
Finished running in 7.577366666666666ms
Generating and Compiling data/example_mats/tri/p6/williams-shunn/m132.txt
Running data/example_mats/tri/p6/williams-shunn/m132.txt
Finished running in 16.793366666666667ms
Generating and Compiling data/example_mats/tri/p6/williams-shunn/m460.txt
Running data/example_mats/tri/p6/williams-shunn/m460.txt
Finished running in 7.4681999999999995ms
Traceback (most recent call last):
  File "src/benchmark/benchmark.py", line 162, in <module>
    print("Average speedup (best) of custom over reference {}".format(sum(speedups_best_over_ref)/len(speedups_best_over_ref)))
TypeError: unsupported operand type(s) for +: 'int' and 'NoneType'
