
LIBXSMM_VERSION: RT-bct-B-from-vreg-hide-mlatency-1.16.1-1579 (25183787)
LIBXSMM_TARGET: skx
Registry and code: 13 MB
Uptime: 0.058866 s

LIBXSMM_VERSION: RT-bct-B-from-vreg-hide-mlatency-1.16.1-1579 (25183787)
LIBXSMM_TARGET: skx
Registry and code: 13 MB
Uptime: 0.030403 s

LIBXSMM_VERSION: RT-bct-B-from-vreg-hide-mlatency-1.16.1-1579 (25183787)
LIBXSMM_TARGET: skx
Registry and code: 13 MB
Uptime: 0.065834 s

LIBXSMM_VERSION: RT-bct-B-from-vreg-hide-mlatency-1.16.1-1579 (25183787)
LIBXSMM_TARGET: skx
Registry and code: 13 MB
Uptime: 0.030893 s

LIBXSMM_VERSION: RT-bct-B-from-vreg-hide-mlatency-1.16.1-1579 (25183787)
LIBXSMM_TARGET: skx
Registry and code: 13 MB
Uptime: 0.058938 s

LIBXSMM_VERSION: RT-bct-B-from-vreg-hide-mlatency-1.16.1-1579 (25183787)
LIBXSMM_TARGET: skx
Registry and code: 13 MB
Uptime: 0.132759 s

LIBXSMM_VERSION: RT-bct-B-from-vreg-hide-mlatency-1.16.1-1579 (25183787)
LIBXSMM_TARGET: skx
Registry and code: 13 MB
Uptime: 0.172731 s

LIBXSMM_VERSION: RT-bct-B-from-vreg-hide-mlatency-1.16.1-1579 (25183787)
LIBXSMM_TARGET: skx
Registry and code: 13 MB
Uptime: 0.258462 s

LIBXSMM_VERSION: RT-bct-B-from-vreg-hide-mlatency-1.16.1-1579 (25183787)
LIBXSMM_TARGET: skx
Registry and code: 13 MB
Uptime: 0.237562 s

LIBXSMM_VERSION: RT-bct-B-from-vreg-hide-mlatency-1.16.1-1579 (25183787)
LIBXSMM_TARGET: skx
Registry and code: 13 MB
Uptime: 0.198343 s

LIBXSMM_VERSION: RT-bct-B-from-vreg-hide-mlatency-1.16.1-1579 (25183787)
LIBXSMM_TARGET: skx
Registry and code: 13 MB
Uptime: 0.137743 s

LIBXSMM_VERSION: RT-bct-B-from-vreg-hide-mlatency-1.16.1-1579 (25183787)
LIBXSMM_TARGET: skx
Registry and code: 13 MB
Uptime: 0.147355 s

LIBXSMM_VERSION: RT-bct-B-from-vreg-hide-mlatency-1.16.1-1579 (25183787)
LIBXSMM_TARGET: skx
Registry and code: 13 MB
Uptime: 0.274917 s

LIBXSMM_VERSION: RT-bct-B-from-vreg-hide-mlatency-1.16.1-1579 (25183787)
LIBXSMM_TARGET: skx
Registry and code: 13 MB
Uptime: 0.243482 s

LIBXSMM_VERSION: RT-bct-B-from-vreg-hide-mlatency-1.16.1-1579 (25183787)
LIBXSMM_TARGET: skx
Registry and code: 13 MB
Uptime: 0.198748 s

LIBXSMM_VERSION: RT-bct-B-from-vreg-hide-mlatency-1.16.1-1579 (25183787)
LIBXSMM_TARGET: skx
Registry and code: 13 MB
Uptime: 0.305578 s

LIBXSMM_VERSION: RT-bct-B-from-vreg-hide-mlatency-1.16.1-1579 (25183787)
LIBXSMM_TARGET: skx
Registry and code: 13 MB
Uptime: 0.379144 s

LIBXSMM_VERSION: RT-bct-B-from-vreg-hide-mlatency-1.16.1-1579 (25183787)
LIBXSMM_TARGET: skx
Registry and code: 13 MB
Uptime: 0.673742 s

LIBXSMM_VERSION: RT-bct-B-from-vreg-hide-mlatency-1.16.1-1579 (25183787)
LIBXSMM_TARGET: skx
Registry and code: 13 MB
Uptime: 0.729164 s

LIBXSMM_VERSION: RT-bct-B-from-vreg-hide-mlatency-1.16.1-1579 (25183787)
LIBXSMM_TARGET: skx
Registry and code: 13 MB
Uptime: 0.623488 s

LIBXSMM_VERSION: RT-bct-B-from-vreg-hide-mlatency-1.16.1-1579 (25183787)
LIBXSMM_TARGET: skx
Registry and code: 13 MB
Uptime: 0.363781 s

LIBXSMM_VERSION: RT-bct-B-from-vreg-hide-mlatency-1.16.1-1579 (25183787)
LIBXSMM_TARGET: skx
Registry and code: 13 MB
Uptime: 0.395201 s

LIBXSMM_VERSION: RT-bct-B-from-vreg-hide-mlatency-1.16.1-1579 (25183787)
LIBXSMM_TARGET: skx
Registry and code: 13 MB
Uptime: 0.673308 s

LIBXSMM_VERSION: RT-bct-B-from-vreg-hide-mlatency-1.16.1-1579 (25183787)
LIBXSMM_TARGET: skx
Registry and code: 13 MB
Uptime: 0.782266 s

LIBXSMM_VERSION: RT-bct-B-from-vreg-hide-mlatency-1.16.1-1579 (25183787)
LIBXSMM_TARGET: skx
Registry and code: 13 MB
Uptime: 0.633177 s

LIBXSMM_VERSION: RT-bct-B-from-vreg-hide-mlatency-1.16.1-1579 (25183787)
LIBXSMM_TARGET: skx
Registry and code: 13 MB
Uptime: 0.550730 s

LIBXSMM_VERSION: RT-bct-B-from-vreg-hide-mlatency-1.16.1-1579 (25183787)
LIBXSMM_TARGET: skx
Registry and code: 13 MB
Uptime: 0.755978 s

LIBXSMM_VERSION: RT-bct-B-from-vreg-hide-mlatency-1.16.1-1579 (25183787)
LIBXSMM_TARGET: skx
Registry and code: 13 MB
Uptime: 1.318576 s

LIBXSMM_VERSION: RT-bct-B-from-vreg-hide-mlatency-1.16.1-1579 (25183787)
LIBXSMM_TARGET: skx
Registry and code: 13 MB
Uptime: 1.613536 s

LIBXSMM_VERSION: RT-bct-B-from-vreg-hide-mlatency-1.16.1-1579 (25183787)
LIBXSMM_TARGET: skx
Registry and code: 13 MB
Uptime: 1.343595 s

LIBXSMM_VERSION: RT-bct-B-from-vreg-hide-mlatency-1.16.1-1579 (25183787)
LIBXSMM_TARGET: skx
Registry and code: 13 MB
Uptime: 0.677977 s

LIBXSMM_VERSION: RT-bct-B-from-vreg-hide-mlatency-1.16.1-1579 (25183787)
LIBXSMM_TARGET: skx
Registry and code: 13 MB
Uptime: 0.741914 s

LIBXSMM_VERSION: RT-bct-B-from-vreg-hide-mlatency-1.16.1-1579 (25183787)
LIBXSMM_TARGET: skx
Registry and code: 13 MB
Uptime: 1.335344 s

LIBXSMM_VERSION: RT-bct-B-from-vreg-hide-mlatency-1.16.1-1579 (25183787)
LIBXSMM_TARGET: skx
Registry and code: 13 MB
Uptime: 1.629355 s

LIBXSMM_VERSION: RT-bct-B-from-vreg-hide-mlatency-1.16.1-1579 (25183787)
LIBXSMM_TARGET: skx
Registry and code: 13 MB
Uptime: 1.307138 s

LIBXSMM_VERSION: RT-bct-B-from-vreg-hide-mlatency-1.16.1-1579 (25183787)
LIBXSMM_TARGET: skx
Registry and code: 13 MB
Uptime: 0.846034 s

LIBXSMM_VERSION: RT-bct-B-from-vreg-hide-mlatency-1.16.1-1579 (25183787)
LIBXSMM_TARGET: skx
Registry and code: 13 MB
Uptime: 1.271016 s

LIBXSMM_VERSION: RT-bct-B-from-vreg-hide-mlatency-1.16.1-1579 (25183787)
LIBXSMM_TARGET: skx
Registry and code: 13 MB
Uptime: 2.220507 s

LIBXSMM_VERSION: RT-bct-B-from-vreg-hide-mlatency-1.16.1-1579 (25183787)
LIBXSMM_TARGET: skx
Registry and code: 13 MB
Uptime: 2.944106 s

LIBXSMM_VERSION: RT-bct-B-from-vreg-hide-mlatency-1.16.1-1579 (25183787)
LIBXSMM_TARGET: skx
Registry and code: 13 MB
Uptime: 2.289438 s

LIBXSMM_VERSION: RT-bct-B-from-vreg-hide-mlatency-1.16.1-1579 (25183787)
LIBXSMM_TARGET: skx
Registry and code: 13 MB
Uptime: 1.154611 s

LIBXSMM_VERSION: RT-bct-B-from-vreg-hide-mlatency-1.16.1-1579 (25183787)
LIBXSMM_TARGET: skx
Registry and code: 13 MB
Uptime: 1.300763 s

LIBXSMM_VERSION: RT-bct-B-from-vreg-hide-mlatency-1.16.1-1579 (25183787)
LIBXSMM_TARGET: skx
Registry and code: 13 MB
Uptime: 2.230514 s

LIBXSMM_VERSION: RT-bct-B-from-vreg-hide-mlatency-1.16.1-1579 (25183787)
LIBXSMM_TARGET: skx
Registry and code: 13 MB
Uptime: 2.982084 s

LIBXSMM_VERSION: RT-bct-B-from-vreg-hide-mlatency-1.16.1-1579 (25183787)
LIBXSMM_TARGET: skx
Registry and code: 13 MB
Uptime: 2.359182 s

LIBXSMM_VERSION: RT-bct-B-from-vreg-hide-mlatency-1.16.1-1579 (25183787)
LIBXSMM_TARGET: skx
Registry and code: 13 MB
Uptime: 1.241311 s

LIBXSMM_VERSION: RT-bct-B-from-vreg-hide-mlatency-1.16.1-1579 (25183787)
LIBXSMM_TARGET: skx
Registry and code: 13 MB
Uptime: 1.913144 s
Generating and Compiling data/example_mats/hex/p1/gauss-legendre/m0.txt
Running data/example_mats/hex/p1/gauss-legendre/m0.txt
Finished running in 1.6310666666666667ms
Generating and Compiling data/example_mats/hex/p1/gauss-legendre/m3.txt
Running data/example_mats/hex/p1/gauss-legendre/m3.txt
Finished running in 0.7142666666666667ms
Generating and Compiling data/example_mats/hex/p1/gauss-legendre/m6.txt
Running data/example_mats/hex/p1/gauss-legendre/m6.txt
Finished running in 1.7437333333333334ms
Generating and Compiling data/example_mats/hex/p1/gauss-legendre/m132.txt
Running data/example_mats/hex/p1/gauss-legendre/m132.txt
Finished running in 0.7186ms
Generating and Compiling data/example_mats/hex/p1/gauss-legendre/m460.txt
Running data/example_mats/hex/p1/gauss-legendre/m460.txt
Finished running in 1.6304ms
Generating and Compiling data/example_mats/hex/p2/gauss-legendre-lobatto/m0.txt
Running data/example_mats/hex/p2/gauss-legendre-lobatto/m0.txt
Finished running in 3.6835999999999998ms
Generating and Compiling data/example_mats/hex/p2/gauss-legendre-lobatto/m3.txt
Running data/example_mats/hex/p2/gauss-legendre-lobatto/m3.txt
Finished running in 4.1951ms
Generating and Compiling data/example_mats/hex/p2/gauss-legendre-lobatto/m6.txt
Running data/example_mats/hex/p2/gauss-legendre-lobatto/m6.txt
Finished running in 6.927366666666667ms
Generating and Compiling data/example_mats/hex/p2/gauss-legendre-lobatto/m132.txt
Running data/example_mats/hex/p2/gauss-legendre-lobatto/m132.txt
Finished running in 6.5653999999999995ms
Generating and Compiling data/example_mats/hex/p2/gauss-legendre-lobatto/m460.txt
Running data/example_mats/hex/p2/gauss-legendre-lobatto/m460.txt
Finished running in 5.5969999999999995ms
Generating and Compiling data/example_mats/hex/p2/gauss-legendre/m0.txt
Running data/example_mats/hex/p2/gauss-legendre/m0.txt
Finished running in 3.8463ms
Generating and Compiling data/example_mats/hex/p2/gauss-legendre/m3.txt
Running data/example_mats/hex/p2/gauss-legendre/m3.txt
Finished running in 4.142233333333333ms
Generating and Compiling data/example_mats/hex/p2/gauss-legendre/m6.txt
Running data/example_mats/hex/p2/gauss-legendre/m6.txt
Finished running in 7.2357ms
Generating and Compiling data/example_mats/hex/p2/gauss-legendre/m132.txt
Running data/example_mats/hex/p2/gauss-legendre/m132.txt
Finished running in 6.9203ms
Generating and Compiling data/example_mats/hex/p2/gauss-legendre/m460.txt
Running data/example_mats/hex/p2/gauss-legendre/m460.txt
Finished running in 5.616666666666666ms
Generating and Compiling data/example_mats/hex/p3/gauss-legendre-lobatto/m0.txt
Running data/example_mats/hex/p3/gauss-legendre-lobatto/m0.txt
Finished running in 8.721033333333333ms
Generating and Compiling data/example_mats/hex/p3/gauss-legendre-lobatto/m3.txt
Running data/example_mats/hex/p3/gauss-legendre-lobatto/m3.txt
Finished running in 10.770566666666667ms
Generating and Compiling data/example_mats/hex/p3/gauss-legendre-lobatto/m6.txt
Running data/example_mats/hex/p3/gauss-legendre-lobatto/m6.txt
Finished running in 18.5567ms
Generating and Compiling data/example_mats/hex/p3/gauss-legendre-lobatto/m132.txt
Running data/example_mats/hex/p3/gauss-legendre-lobatto/m132.txt
Finished running in 20.615833333333335ms
Generating and Compiling data/example_mats/hex/p3/gauss-legendre-lobatto/m460.txt
Running data/example_mats/hex/p3/gauss-legendre-lobatto/m460.txt
Finished running in 15.8812ms
Generating and Compiling data/example_mats/hex/p3/gauss-legendre/m0.txt
Running data/example_mats/hex/p3/gauss-legendre/m0.txt
Finished running in 9.053533333333332ms
Generating and Compiling data/example_mats/hex/p3/gauss-legendre/m3.txt
Running data/example_mats/hex/p3/gauss-legendre/m3.txt
Finished running in 11.317766666666667ms
Generating and Compiling data/example_mats/hex/p3/gauss-legendre/m6.txt
Running data/example_mats/hex/p3/gauss-legendre/m6.txt
Finished running in 18.107233333333333ms
Generating and Compiling data/example_mats/hex/p3/gauss-legendre/m132.txt
Running data/example_mats/hex/p3/gauss-legendre/m132.txt
Finished running in 20.858366666666665ms
Generating and Compiling data/example_mats/hex/p3/gauss-legendre/m460.txt
Running data/example_mats/hex/p3/gauss-legendre/m460.txt
Finished running in 16.0254ms
Generating and Compiling data/example_mats/hex/p4/gauss-legendre-lobatto/m0.txt
Running data/example_mats/hex/p4/gauss-legendre-lobatto/m0.txt
Finished running in 15.80263333333333ms
Generating and Compiling data/example_mats/hex/p4/gauss-legendre-lobatto/m3.txt
Running data/example_mats/hex/p4/gauss-legendre-lobatto/m3.txt
Finished running in 21.634933333333333ms
Generating and Compiling data/example_mats/hex/p4/gauss-legendre-lobatto/m6.txt
Running data/example_mats/hex/p4/gauss-legendre-lobatto/m6.txt
Finished running in 34.010266666666666ms
Generating and Compiling data/example_mats/hex/p4/gauss-legendre-lobatto/m132.txt
Running data/example_mats/hex/p4/gauss-legendre-lobatto/m132.txt
Finished running in 42.24693333333333ms
Generating and Compiling data/example_mats/hex/p4/gauss-legendre-lobatto/m460.txt
Running data/example_mats/hex/p4/gauss-legendre-lobatto/m460.txt
Finished running in 35.32106666666667ms
Generating and Compiling data/example_mats/hex/p4/gauss-legendre/m0.txt
Running data/example_mats/hex/p4/gauss-legendre/m0.txt
Finished running in 17.653000000000002ms
Generating and Compiling data/example_mats/hex/p4/gauss-legendre/m3.txt
Running data/example_mats/hex/p4/gauss-legendre/m3.txt
Finished running in 21.3239ms
Generating and Compiling data/example_mats/hex/p4/gauss-legendre/m6.txt
Running data/example_mats/hex/p4/gauss-legendre/m6.txt
Finished running in 35.339166666666664ms
Generating and Compiling data/example_mats/hex/p4/gauss-legendre/m132.txt
Running data/example_mats/hex/p4/gauss-legendre/m132.txt
Finished running in 41.89463333333333ms
Generating and Compiling data/example_mats/hex/p4/gauss-legendre/m460.txt
Running data/example_mats/hex/p4/gauss-legendre/m460.txt
Finished running in 35.96656666666667ms
Generating and Compiling data/example_mats/hex/p5/gauss-legendre-lobatto/m0.txt
Running data/example_mats/hex/p5/gauss-legendre-lobatto/m0.txt
Finished running in 24.06546666666667ms
Generating and Compiling data/example_mats/hex/p5/gauss-legendre-lobatto/m3.txt
Running data/example_mats/hex/p5/gauss-legendre-lobatto/m3.txt
Finished running in 33.647933333333334ms
Generating and Compiling data/example_mats/hex/p5/gauss-legendre-lobatto/m6.txt
Running data/example_mats/hex/p5/gauss-legendre-lobatto/m6.txt
Finished running in 59.8506ms
Generating and Compiling data/example_mats/hex/p5/gauss-legendre-lobatto/m132.txt
Running data/example_mats/hex/p5/gauss-legendre-lobatto/m132.txt
Finished running in 81.20003333333334ms
Generating and Compiling data/example_mats/hex/p5/gauss-legendre-lobatto/m460.txt
Running data/example_mats/hex/p5/gauss-legendre-lobatto/m460.txt
Finished running in 67.90303333333333ms
Generating and Compiling data/example_mats/hex/p5/gauss-legendre/m0.txt
Running data/example_mats/hex/p5/gauss-legendre/m0.txt
Finished running in 31.15236666666667ms
Generating and Compiling data/example_mats/hex/p5/gauss-legendre/m3.txt
Running data/example_mats/hex/p5/gauss-legendre/m3.txt
Finished running in 33.93046666666667ms
Generating and Compiling data/example_mats/hex/p5/gauss-legendre/m6.txt
Running data/example_mats/hex/p5/gauss-legendre/m6.txt
Finished running in 59.88316666666666ms
Generating and Compiling data/example_mats/hex/p5/gauss-legendre/m132.txt
Running data/example_mats/hex/p5/gauss-legendre/m132.txt
Finished running in 85.46423333333334ms
Generating and Compiling data/example_mats/hex/p5/gauss-legendre/m460.txt
Running data/example_mats/hex/p5/gauss-legendre/m460.txt
Finished running in 70.00923333333334ms
Generating and Compiling data/example_mats/hex/p6/gauss-legendre-lobatto/m0.txt
Running data/example_mats/hex/p6/gauss-legendre-lobatto/m0.txt
Finished running in 35.1875ms
Generating and Compiling data/example_mats/hex/p6/gauss-legendre-lobatto/m3.txt
Running data/example_mats/hex/p6/gauss-legendre-lobatto/m3.txt
Finished running in 46.27936666666666ms
Generating and Compiling data/example_mats/hex/p6/gauss-legendre-lobatto/m6.txt
LIBXSMM_VERSION: RT-bct-B-from-vreg-hide-mlatency-1.16.1-1579 (25183787)
LIBXSMM_TARGET: skx
Registry and code: 13 MB
Uptime: 3.395312 s

LIBXSMM_VERSION: RT-bct-B-from-vreg-hide-mlatency-1.16.1-1579 (25183787)
LIBXSMM_TARGET: skx
Registry and code: 13 MB
Uptime: 5.441721 s

LIBXSMM_VERSION: RT-bct-B-from-vreg-hide-mlatency-1.16.1-1579 (25183787)
LIBXSMM_TARGET: skx
Registry and code: 13 MB
Uptime: 4.232880 s

LIBXSMM_VERSION: RT-bct-B-from-vreg-hide-mlatency-1.16.1-1579 (25183787)
LIBXSMM_TARGET: skx
Registry and code: 13 MB
Uptime: 1.725664 s

LIBXSMM_VERSION: RT-bct-B-from-vreg-hide-mlatency-1.16.1-1579 (25183787)
LIBXSMM_TARGET: skx
Registry and code: 13 MB
Uptime: 1.910966 s

LIBXSMM_VERSION: RT-bct-B-from-vreg-hide-mlatency-1.16.1-1579 (25183787)
LIBXSMM_TARGET: skx
Registry and code: 13 MB
Uptime: 3.390976 s

LIBXSMM_VERSION: RT-bct-B-from-vreg-hide-mlatency-1.16.1-1579 (25183787)
LIBXSMM_TARGET: skx
Registry and code: 13 MB
Uptime: 5.603693 s

LIBXSMM_VERSION: RT-bct-B-from-vreg-hide-mlatency-1.16.1-1579 (25183787)
LIBXSMM_TARGET: skx
Registry and code: 13 MB
Uptime: 4.234329 s

LIBXSMM_VERSION: RT-bct-B-from-vreg-hide-mlatency-1.16.1-1579 (25183787)
LIBXSMM_TARGET: skx
Registry and code: 13 MB
Uptime: 0.021624 s

LIBXSMM_VERSION: RT-bct-B-from-vreg-hide-mlatency-1.16.1-1579 (25183787)
LIBXSMM_TARGET: skx
Registry and code: 13 MB
Uptime: 0.014309 s

LIBXSMM_VERSION: RT-bct-B-from-vreg-hide-mlatency-1.16.1-1579 (25183787)
LIBXSMM_TARGET: skx
Registry and code: 13 MB
Uptime: 0.023198 s

LIBXSMM_VERSION: RT-bct-B-from-vreg-hide-mlatency-1.16.1-1579 (25183787)
LIBXSMM_TARGET: skx
Registry and code: 13 MB
Uptime: 0.014235 s

LIBXSMM_VERSION: RT-bct-B-from-vreg-hide-mlatency-1.16.1-1579 (25183787)
LIBXSMM_TARGET: skx
Registry and code: 13 MB
Uptime: 0.021920 s

LIBXSMM_VERSION: RT-bct-B-from-vreg-hide-mlatency-1.16.1-1579 (25183787)
LIBXSMM_TARGET: skx
Registry and code: 13 MB
Uptime: 0.032435 s

LIBXSMM_VERSION: RT-bct-B-from-vreg-hide-mlatency-1.16.1-1579 (25183787)
LIBXSMM_TARGET: skx
Registry and code: 13 MB
Uptime: 0.027583 s

LIBXSMM_VERSION: RT-bct-B-from-vreg-hide-mlatency-1.16.1-1579 (25183787)
LIBXSMM_TARGET: skx
Registry and code: 13 MB
Uptime: 0.047521 s

LIBXSMM_VERSION: RT-bct-B-from-vreg-hide-mlatency-1.16.1-1579 (25183787)
LIBXSMM_TARGET: skx
Registry and code: 13 MB
Uptime: 0.030877 s

LIBXSMM_VERSION: RT-bct-B-from-vreg-hide-mlatency-1.16.1-1579 (25183787)
LIBXSMM_TARGET: skx
Registry and code: 13 MB
Uptime: 0.046836 s

LIBXSMM_VERSION: RT-bct-B-from-vreg-hide-mlatency-1.16.1-1579 (25183787)
LIBXSMM_TARGET: skx
Registry and code: 13 MB
Uptime: 0.034315 s

LIBXSMM_VERSION: RT-bct-B-from-vreg-hide-mlatency-1.16.1-1579 (25183787)
LIBXSMM_TARGET: skx
Registry and code: 13 MB
Uptime: 0.027483 s

LIBXSMM_VERSION: RT-bct-B-from-vreg-hide-mlatency-1.16.1-1579 (25183787)
LIBXSMM_TARGET: skx
Registry and code: 13 MB
Uptime: 0.047151 s

LIBXSMM_VERSION: RT-bct-B-from-vreg-hide-mlatency-1.16.1-1579 (25183787)
LIBXSMM_TARGET: skx
Registry and code: 13 MB
Uptime: 0.030743 s

LIBXSMM_VERSION: RT-bct-B-from-vreg-hide-mlatency-1.16.1-1579 (25183787)
LIBXSMM_TARGET: skx
Registry and code: 13 MB
Uptime: 0.046534 s

LIBXSMM_VERSION: RT-bct-B-from-vreg-hide-mlatency-1.16.1-1579 (25183787)
LIBXSMM_TARGET: skx
Registry and code: 13 MB
Uptime: 0.043941 s

LIBXSMM_VERSION: RT-bct-B-from-vreg-hide-mlatency-1.16.1-1579 (25183787)
LIBXSMM_TARGET: skx
Registry and code: 13 MB
Uptime: 0.044580 s

LIBXSMM_VERSION: RT-bct-B-from-vreg-hide-mlatency-1.16.1-1579 (25183787)
LIBXSMM_TARGET: skx
Registry and code: 13 MB
Uptime: 0.080790 s

LIBXSMM_VERSION: RT-bct-B-from-vreg-hide-mlatency-1.16.1-1579 (25183787)
LIBXSMM_TARGET: skx
Registry and code: 13 MB
Uptime: 0.055143 s

LIBXSMM_VERSION: RT-bct-B-from-vreg-hide-mlatency-1.16.1-1579 (25183787)
LIBXSMM_TARGET: skx
Registry and code: 13 MB
Uptime: 0.081307 s

LIBXSMM_VERSION: RT-bct-B-from-vreg-hide-mlatency-1.16.1-1579 (25183787)
LIBXSMM_TARGET: skx
Registry and code: 13 MB
Uptime: 0.044333 s

LIBXSMM_VERSION: RT-bct-B-from-vreg-hide-mlatency-1.16.1-1579 (25183787)
LIBXSMM_TARGET: skx
Registry and code: 13 MB
Uptime: 0.043825 s

LIBXSMM_VERSION: RT-bct-B-from-vreg-hide-mlatency-1.16.1-1579 (25183787)
LIBXSMM_TARGET: skx
Registry and code: 13 MB
Uptime: 0.079058 s

LIBXSMM_VERSION: RT-bct-B-from-vreg-hide-mlatency-1.16.1-1579 (25183787)
LIBXSMM_TARGET: skx
Registry and code: 13 MB
Uptime: 0.057501 s

LIBXSMM_VERSION: RT-bct-B-from-vreg-hide-mlatency-1.16.1-1579 (25183787)
LIBXSMM_TARGET: skx
Registry and code: 13 MB
Uptime: 0.081169 s

LIBXSMM_VERSION: RT-bct-B-from-vreg-hide-mlatency-1.16.1-1579 (25183787)
LIBXSMM_TARGET: skx
Registry and code: 13 MB
Uptime: 0.054536 s

LIBXSMM_VERSION: RT-bct-B-from-vreg-hide-mlatency-1.16.1-1579 (25183787)
LIBXSMM_TARGET: skx
Registry and code: 13 MB
Uptime: 0.067860 s

LIBXSMM_VERSION: RT-bct-B-from-vreg-hide-mlatency-1.16.1-1579 (25183787)
LIBXSMM_TARGET: skx
Registry and code: 13 MB
Uptime: 0.122745 s

LIBXSMM_VERSION: RT-bct-B-from-vreg-hide-mlatency-1.16.1-1579 (25183787)
LIBXSMM_TARGET: skx
Registry and code: 13 MB
Uptime: 0.152568 s

LIBXSMM_VERSION: RT-bct-B-from-vreg-hide-mlatency-1.16.1-1579 (25183787)
LIBXSMM_TARGET: skx
Registry and code: 13 MB
Uptime: 0.128351 s

LIBXSMM_VERSION: RT-bct-B-from-vreg-hide-mlatency-1.16.1-1579 (25183787)
LIBXSMM_TARGET: skx
Registry and code: 13 MB
Uptime: 0.060596 s

LIBXSMM_VERSION: RT-bct-B-from-vreg-hide-mlatency-1.16.1-1579 (25183787)
LIBXSMM_TARGET: skx
Registry and code: 13 MB
Uptime: 0.067797 s

LIBXSMM_VERSION: RT-bct-B-from-vreg-hide-mlatency-1.16.1-1579 (25183787)
LIBXSMM_TARGET: skx
Registry and code: 13 MB
Uptime: 0.123244 s

LIBXSMM_VERSION: RT-bct-B-from-vreg-hide-mlatency-1.16.1-1579 (25183787)
LIBXSMM_TARGET: skx
Registry and code: 13 MB
Uptime: 0.159327 s

LIBXSMM_VERSION: RT-bct-B-from-vreg-hide-mlatency-1.16.1-1579 (25183787)
LIBXSMM_TARGET: skx
Registry and code: 13 MB
Uptime: 0.129725 s

LIBXSMM_VERSION: RT-bct-B-from-vreg-hide-mlatency-1.16.1-1579 (25183787)
LIBXSMM_TARGET: skx
Registry and code: 13 MB
Uptime: 0.068611 s

LIBXSMM_VERSION: RT-bct-B-from-vreg-hide-mlatency-1.16.1-1579 (25183787)
LIBXSMM_TARGET: skx
Registry and code: 13 MB
Uptime: 0.094923 s

LIBXSMM_VERSION: RT-bct-B-from-vreg-hide-mlatency-1.16.1-1579 (25183787)
LIBXSMM_TARGET: skx
Registry and code: 13 MB
Uptime: 0.174447 s

LIBXSMM_VERSION: RT-bct-B-from-vreg-hide-mlatency-1.16.1-1579 (25183787)
LIBXSMM_TARGET: skx
Registry and code: 13 MB
Uptime: 0.247692 s

Running data/example_mats/hex/p6/gauss-legendre-lobatto/m6.txt
Finished running in 96.01263333333333ms
Generating and Compiling data/example_mats/hex/p6/gauss-legendre-lobatto/m132.txt
Running data/example_mats/hex/p6/gauss-legendre-lobatto/m132.txt
Finished running in 151.26666666666668ms
Generating and Compiling data/example_mats/hex/p6/gauss-legendre-lobatto/m460.txt
Running data/example_mats/hex/p6/gauss-legendre-lobatto/m460.txt
Finished running in 120.6871ms
Generating and Compiling data/example_mats/hex/p6/gauss-legendre/m0.txt
Running data/example_mats/hex/p6/gauss-legendre/m0.txt
Finished running in 51.10523333333334ms
Generating and Compiling data/example_mats/hex/p6/gauss-legendre/m3.txt
Running data/example_mats/hex/p6/gauss-legendre/m3.txt
Finished running in 46.2958ms
Generating and Compiling data/example_mats/hex/p6/gauss-legendre/m6.txt
Running data/example_mats/hex/p6/gauss-legendre/m6.txt
Finished running in 95.37436666666666ms
Generating and Compiling data/example_mats/hex/p6/gauss-legendre/m132.txt
Running data/example_mats/hex/p6/gauss-legendre/m132.txt
Finished running in 157.8544ms
Generating and Compiling data/example_mats/hex/p6/gauss-legendre/m460.txt
Running data/example_mats/hex/p6/gauss-legendre/m460.txt
Finished running in 126.72526666666666ms
Generating and Compiling data/example_mats/quad/p1/gauss-legendre/m0.txt
Running data/example_mats/quad/p1/gauss-legendre/m0.txt
Finished running in 0.5495333333333333ms
Generating and Compiling data/example_mats/quad/p1/gauss-legendre/m3.txt
Running data/example_mats/quad/p1/gauss-legendre/m3.txt
Finished running in 0.3189ms
Generating and Compiling data/example_mats/quad/p1/gauss-legendre/m6.txt
Running data/example_mats/quad/p1/gauss-legendre/m6.txt
Finished running in 0.5760000000000001ms
Generating and Compiling data/example_mats/quad/p1/gauss-legendre/m132.txt
Running data/example_mats/quad/p1/gauss-legendre/m132.txt
Finished running in 0.3136333333333334ms
Generating and Compiling data/example_mats/quad/p1/gauss-legendre/m460.txt
Running data/example_mats/quad/p1/gauss-legendre/m460.txt
Finished running in 0.5515333333333333ms
Generating and Compiling data/example_mats/quad/p2/gauss-legendre-lobatto/m0.txt
Running data/example_mats/quad/p2/gauss-legendre-lobatto/m0.txt
Finished running in 0.838ms
Generating and Compiling data/example_mats/quad/p2/gauss-legendre-lobatto/m3.txt
Running data/example_mats/quad/p2/gauss-legendre-lobatto/m3.txt
Finished running in 0.6742333333333334ms
Generating and Compiling data/example_mats/quad/p2/gauss-legendre-lobatto/m6.txt
Running data/example_mats/quad/p2/gauss-legendre-lobatto/m6.txt
Finished running in 1.2618333333333331ms
Generating and Compiling data/example_mats/quad/p2/gauss-legendre-lobatto/m132.txt
Running data/example_mats/quad/p2/gauss-legendre-lobatto/m132.txt
Finished running in 0.7289666666666667ms
Generating and Compiling data/example_mats/quad/p2/gauss-legendre-lobatto/m460.txt
Running data/example_mats/quad/p2/gauss-legendre-lobatto/m460.txt
Finished running in 1.2480666666666667ms
Generating and Compiling data/example_mats/quad/p2/gauss-legendre/m0.txt
Running data/example_mats/quad/p2/gauss-legendre/m0.txt
Finished running in 0.8928999999999999ms
Generating and Compiling data/example_mats/quad/p2/gauss-legendre/m3.txt
Running data/example_mats/quad/p2/gauss-legendre/m3.txt
Finished running in 0.6752666666666667ms
Generating and Compiling data/example_mats/quad/p2/gauss-legendre/m6.txt
Running data/example_mats/quad/p2/gauss-legendre/m6.txt
Finished running in 1.2534999999999998ms
Generating and Compiling data/example_mats/quad/p2/gauss-legendre/m132.txt
Running data/example_mats/quad/p2/gauss-legendre/m132.txt
Finished running in 0.7295ms
Generating and Compiling data/example_mats/quad/p2/gauss-legendre/m460.txt
Running data/example_mats/quad/p2/gauss-legendre/m460.txt
Finished running in 1.245ms
Generating and Compiling data/example_mats/quad/p3/gauss-legendre-lobatto/m0.txt
Running data/example_mats/quad/p3/gauss-legendre-lobatto/m0.txt
Finished running in 1.1211666666666666ms
Generating and Compiling data/example_mats/quad/p3/gauss-legendre-lobatto/m3.txt
Running data/example_mats/quad/p3/gauss-legendre-lobatto/m3.txt
Finished running in 1.149ms
Generating and Compiling data/example_mats/quad/p3/gauss-legendre-lobatto/m6.txt
Running data/example_mats/quad/p3/gauss-legendre-lobatto/m6.txt
Finished running in 2.2053333333333334ms
Generating and Compiling data/example_mats/quad/p3/gauss-legendre-lobatto/m132.txt
Running data/example_mats/quad/p3/gauss-legendre-lobatto/m132.txt
Finished running in 1.3871ms
Generating and Compiling data/example_mats/quad/p3/gauss-legendre-lobatto/m460.txt
Running data/example_mats/quad/p3/gauss-legendre-lobatto/m460.txt
Finished running in 2.234766666666667ms
Generating and Compiling data/example_mats/quad/p3/gauss-legendre/m0.txt
Running data/example_mats/quad/p3/gauss-legendre/m0.txt
Finished running in 1.1539666666666666ms
Generating and Compiling data/example_mats/quad/p3/gauss-legendre/m3.txt
Running data/example_mats/quad/p3/gauss-legendre/m3.txt
Finished running in 1.1448666666666665ms
Generating and Compiling data/example_mats/quad/p3/gauss-legendre/m6.txt
Running data/example_mats/quad/p3/gauss-legendre/m6.txt
Finished running in 2.1713333333333336ms
Generating and Compiling data/example_mats/quad/p3/gauss-legendre/m132.txt
Running data/example_mats/quad/p3/gauss-legendre/m132.txt
Finished running in 1.4251ms
Generating and Compiling data/example_mats/quad/p3/gauss-legendre/m460.txt
Running data/example_mats/quad/p3/gauss-legendre/m460.txt
Finished running in 2.2243333333333335ms
Generating and Compiling data/example_mats/quad/p4/gauss-legendre-lobatto/m0.txt
Running data/example_mats/quad/p4/gauss-legendre-lobatto/m0.txt
Finished running in 1.3841333333333334ms
Generating and Compiling data/example_mats/quad/p4/gauss-legendre-lobatto/m3.txt
Running data/example_mats/quad/p4/gauss-legendre-lobatto/m3.txt
Finished running in 1.8081ms
Generating and Compiling data/example_mats/quad/p4/gauss-legendre-lobatto/m6.txt
Running data/example_mats/quad/p4/gauss-legendre-lobatto/m6.txt
Finished running in 3.4260333333333337ms
Generating and Compiling data/example_mats/quad/p4/gauss-legendre-lobatto/m132.txt
Running data/example_mats/quad/p4/gauss-legendre-lobatto/m132.txt
Finished running in 2.8761333333333337ms
Generating and Compiling data/example_mats/quad/p4/gauss-legendre-lobatto/m460.txt
Running data/example_mats/quad/p4/gauss-legendre-lobatto/m460.txt
Finished running in 3.5799000000000003ms
Generating and Compiling data/example_mats/quad/p4/gauss-legendre/m0.txt
Running data/example_mats/quad/p4/gauss-legendre/m0.txt
Finished running in 1.5853666666666666ms
Generating and Compiling data/example_mats/quad/p4/gauss-legendre/m3.txt
Running data/example_mats/quad/p4/gauss-legendre/m3.txt
Finished running in 1.8226333333333333ms
Generating and Compiling data/example_mats/quad/p4/gauss-legendre/m6.txt
Running data/example_mats/quad/p4/gauss-legendre/m6.txt
Finished running in 3.4305666666666665ms
Generating and Compiling data/example_mats/quad/p4/gauss-legendre/m132.txt
Running data/example_mats/quad/p4/gauss-legendre/m132.txt
Finished running in 3.0886ms
Generating and Compiling data/example_mats/quad/p4/gauss-legendre/m460.txt
Running data/example_mats/quad/p4/gauss-legendre/m460.txt
Finished running in 3.620766666666667ms
Generating and Compiling data/example_mats/quad/p5/gauss-legendre-lobatto/m0.txt
Running data/example_mats/quad/p5/gauss-legendre-lobatto/m0.txt
Finished running in 1.7030666666666667ms
Generating and Compiling data/example_mats/quad/p5/gauss-legendre-lobatto/m3.txt
Running data/example_mats/quad/p5/gauss-legendre-lobatto/m3.txt
Finished running in 2.5893333333333337ms
Generating and Compiling data/example_mats/quad/p5/gauss-legendre-lobatto/m6.txt
Running data/example_mats/quad/p5/gauss-legendre-lobatto/m6.txt
Finished running in 4.916666666666667ms
Generating and Compiling data/example_mats/quad/p5/gauss-legendre-lobatto/m132.txt
Running data/example_mats/quad/p5/gauss-legendre-lobatto/m132.txt
Finished running in 5.1711ms
Generating and Compiling data/example_mats/quad/p5/gauss-legendre-lobatto/m460.txt
LIBXSMM_VERSION: RT-bct-B-from-vreg-hide-mlatency-1.16.1-1579 (25183787)
LIBXSMM_TARGET: skx
Registry and code: 13 MB
Uptime: 0.197113 s

LIBXSMM_VERSION: RT-bct-B-from-vreg-hide-mlatency-1.16.1-1579 (25183787)
LIBXSMM_TARGET: skx
Registry and code: 13 MB
Uptime: 0.083234 s

LIBXSMM_VERSION: RT-bct-B-from-vreg-hide-mlatency-1.16.1-1579 (25183787)
LIBXSMM_TARGET: skx
Registry and code: 13 MB
Uptime: 0.095016 s

LIBXSMM_VERSION: RT-bct-B-from-vreg-hide-mlatency-1.16.1-1579 (25183787)
LIBXSMM_TARGET: skx
Registry and code: 13 MB
Uptime: 0.177825 s

LIBXSMM_VERSION: RT-bct-B-from-vreg-hide-mlatency-1.16.1-1579 (25183787)
LIBXSMM_TARGET: skx
Registry and code: 13 MB
Uptime: 0.255745 s

LIBXSMM_VERSION: RT-bct-B-from-vreg-hide-mlatency-1.16.1-1579 (25183787)
LIBXSMM_TARGET: skx
Registry and code: 13 MB
Uptime: 0.198456 s

LIBXSMM_VERSION: RT-bct-B-from-vreg-hide-mlatency-1.16.1-1579 (25183787)
LIBXSMM_TARGET: skx
Registry and code: 13 MB
Uptime: 0.080595 s

LIBXSMM_VERSION: RT-bct-B-from-vreg-hide-mlatency-1.16.1-1579 (25183787)
LIBXSMM_TARGET: skx
Registry and code: 13 MB
Uptime: 0.125987 s

LIBXSMM_VERSION: RT-bct-B-from-vreg-hide-mlatency-1.16.1-1579 (25183787)
LIBXSMM_TARGET: skx
Registry and code: 13 MB
Uptime: 0.235643 s

LIBXSMM_VERSION: RT-bct-B-from-vreg-hide-mlatency-1.16.1-1579 (25183787)
LIBXSMM_TARGET: skx
Registry and code: 13 MB
Uptime: 0.423041 s

LIBXSMM_VERSION: RT-bct-B-from-vreg-hide-mlatency-1.16.1-1579 (25183787)
LIBXSMM_TARGET: skx
Registry and code: 13 MB
Uptime: 0.294498 s

LIBXSMM_VERSION: RT-bct-B-from-vreg-hide-mlatency-1.16.1-1579 (25183787)
LIBXSMM_TARGET: skx
Registry and code: 13 MB
Uptime: 0.173256 s

LIBXSMM_VERSION: RT-bct-B-from-vreg-hide-mlatency-1.16.1-1579 (25183787)
LIBXSMM_TARGET: skx
Registry and code: 13 MB
Uptime: 0.129589 s

LIBXSMM_VERSION: RT-bct-B-from-vreg-hide-mlatency-1.16.1-1579 (25183787)
LIBXSMM_TARGET: skx
Registry and code: 13 MB
Uptime: 0.236179 s

LIBXSMM_VERSION: RT-bct-B-from-vreg-hide-mlatency-1.16.1-1579 (25183787)
LIBXSMM_TARGET: skx
Registry and code: 13 MB
Uptime: 0.425726 s

LIBXSMM_VERSION: RT-bct-B-from-vreg-hide-mlatency-1.16.1-1579 (25183787)
LIBXSMM_TARGET: skx
Registry and code: 13 MB
Uptime: 0.294581 s

LIBXSMM_VERSION: RT-bct-B-from-vreg-hide-mlatency-1.16.1-1579 (25183787)
LIBXSMM_TARGET: skx
Registry and code: 13 MB
Uptime: 0.032084 s

LIBXSMM_VERSION: RT-bct-B-from-vreg-hide-mlatency-1.16.1-1579 (25183787)
LIBXSMM_TARGET: skx
Registry and code: 13 MB
Uptime: 0.016652 s

LIBXSMM_VERSION: RT-bct-B-from-vreg-hide-mlatency-1.16.1-1579 (25183787)
LIBXSMM_TARGET: skx
Registry and code: 13 MB
Uptime: 0.034928 s

LIBXSMM_VERSION: RT-bct-B-from-vreg-hide-mlatency-1.16.1-1579 (25183787)
LIBXSMM_TARGET: skx
Registry and code: 13 MB
Uptime: 0.015964 s

LIBXSMM_VERSION: RT-bct-B-from-vreg-hide-mlatency-1.16.1-1579 (25183787)
LIBXSMM_TARGET: skx
Registry and code: 13 MB
Uptime: 0.018844 s

LIBXSMM_VERSION: RT-bct-B-from-vreg-hide-mlatency-1.16.1-1579 (25183787)
LIBXSMM_TARGET: skx
Registry and code: 13 MB
Uptime: 0.062125 s

LIBXSMM_VERSION: RT-bct-B-from-vreg-hide-mlatency-1.16.1-1579 (25183787)
LIBXSMM_TARGET: skx
Registry and code: 13 MB
Uptime: 0.049429 s

LIBXSMM_VERSION: RT-bct-B-from-vreg-hide-mlatency-1.16.1-1579 (25183787)
LIBXSMM_TARGET: skx
Registry and code: 13 MB
Uptime: 0.084302 s

LIBXSMM_VERSION: RT-bct-B-from-vreg-hide-mlatency-1.16.1-1579 (25183787)
LIBXSMM_TARGET: skx
Registry and code: 13 MB
Uptime: 0.056428 s

LIBXSMM_VERSION: RT-bct-B-from-vreg-hide-mlatency-1.16.1-1579 (25183787)
LIBXSMM_TARGET: skx
Registry and code: 13 MB
Uptime: 0.074259 s

LIBXSMM_VERSION: RT-bct-B-from-vreg-hide-mlatency-1.16.1-1579 (25183787)
LIBXSMM_TARGET: skx
Registry and code: 13 MB
Uptime: 0.140815 s

LIBXSMM_VERSION: RT-bct-B-from-vreg-hide-mlatency-1.16.1-1579 (25183787)
LIBXSMM_TARGET: skx
Registry and code: 13 MB
Uptime: 0.179075 s

LIBXSMM_VERSION: RT-bct-B-from-vreg-hide-mlatency-1.16.1-1579 (25183787)
LIBXSMM_TARGET: skx
Registry and code: 13 MB
Uptime: 0.228573 s

LIBXSMM_VERSION: RT-bct-B-from-vreg-hide-mlatency-1.16.1-1579 (25183787)
LIBXSMM_TARGET: skx
Registry and code: 13 MB
Uptime: 0.264289 s

LIBXSMM_VERSION: RT-bct-B-from-vreg-hide-mlatency-1.16.1-1579 (25183787)
LIBXSMM_TARGET: skx
Registry and code: 13 MB
Uptime: 0.191345 s

LIBXSMM_VERSION: RT-bct-B-from-vreg-hide-mlatency-1.16.1-1579 (25183787)
LIBXSMM_TARGET: skx
Registry and code: 13 MB
Uptime: 0.411662 s

LIBXSMM_VERSION: RT-bct-B-from-vreg-hide-mlatency-1.16.1-1579 (25183787)
LIBXSMM_TARGET: skx
Registry and code: 13 MB
Uptime: 0.452789 s

LIBXSMM_VERSION: RT-bct-B-from-vreg-hide-mlatency-1.16.1-1579 (25183787)
LIBXSMM_TARGET: skx
Registry and code: 13 MB
Uptime: 0.584851 s

LIBXSMM_VERSION: RT-bct-B-from-vreg-hide-mlatency-1.16.1-1579 (25183787)
LIBXSMM_TARGET: skx
Registry and code: 13 MB
Uptime: 1.001646 s

LIBXSMM_VERSION: RT-bct-B-from-vreg-hide-mlatency-1.16.1-1579 (25183787)
LIBXSMM_TARGET: skx
Registry and code: 13 MB
Uptime: 0.663736 s

LIBXSMM_VERSION: RT-bct-B-from-vreg-hide-mlatency-1.16.1-1579 (25183787)
LIBXSMM_TARGET: skx
Registry and code: 13 MB
Uptime: 0.975931 s

LIBXSMM_VERSION: RT-bct-B-from-vreg-hide-mlatency-1.16.1-1579 (25183787)
LIBXSMM_TARGET: skx
Registry and code: 13 MB
Uptime: 1.177568 s

LIBXSMM_VERSION: RT-bct-B-from-vreg-hide-mlatency-1.16.1-1579 (25183787)
LIBXSMM_TARGET: skx
Registry and code: 13 MB
Uptime: 1.461362 s

LIBXSMM_VERSION: RT-bct-B-from-vreg-hide-mlatency-1.16.1-1579 (25183787)
LIBXSMM_TARGET: skx
Registry and code: 13 MB
Uptime: 2.551797 s

LIBXSMM_VERSION: RT-bct-B-from-vreg-hide-mlatency-1.16.1-1579 (25183787)
LIBXSMM_TARGET: skx
Registry and code: 13 MB
Uptime: 1.871825 s

LIBXSMM_VERSION: RT-bct-B-from-vreg-hide-mlatency-1.16.1-1579 (25183787)
LIBXSMM_TARGET: skx
Registry and code: 13 MB
Uptime: 2.217768 s

LIBXSMM_VERSION: RT-bct-B-from-vreg-hide-mlatency-1.16.1-1579 (25183787)
LIBXSMM_TARGET: skx
Registry and code: 13 MB
Uptime: 2.409402 s

LIBXSMM_VERSION: RT-bct-B-from-vreg-hide-mlatency-1.16.1-1579 (25183787)
LIBXSMM_TARGET: skx
Registry and code: 13 MB
Uptime: 3.046179 s

LIBXSMM_VERSION: RT-bct-B-from-vreg-hide-mlatency-1.16.1-1579 (25183787)
LIBXSMM_TARGET: skx
Registry and code: 13 MB
Uptime: 5.797697 s

LIBXSMM_VERSION: RT-bct-B-from-vreg-hide-mlatency-1.16.1-1579 (25183787)
LIBXSMM_TARGET: skx
Registry and code: 13 MB
Uptime: 4.819549 s

LIBXSMM_VERSION: RT-bct-B-from-vreg-hide-mlatency-1.16.1-1579 (25183787)
LIBXSMM_TARGET: skx
Registry and code: 13 MB
Uptime: 0.016706 s

LIBXSMM_VERSION: RT-bct-B-from-vreg-hide-mlatency-1.16.1-1579 (25183787)
LIBXSMM_TARGET: skx
Registry and code: 13 MB
Uptime: 0.011893 s

LIBXSMM_VERSION: RT-bct-B-from-vreg-hide-mlatency-1.16.1-1579 (25183787)
LIBXSMM_TARGET: skx
Registry and code: 13 MB
Uptime: 0.018420 s

LIBXSMM_VERSION: RT-bct-B-from-vreg-hide-mlatency-1.16.1-1579 (25183787)
LIBXSMM_TARGET: skx
Registry and code: 13 MB
Uptime: 0.011364 s

Running data/example_mats/quad/p5/gauss-legendre-lobatto/m460.txt
Finished running in 5.5771ms
Generating and Compiling data/example_mats/quad/p5/gauss-legendre/m0.txt
Running data/example_mats/quad/p5/gauss-legendre/m0.txt
Finished running in 2.1889333333333334ms
Generating and Compiling data/example_mats/quad/p5/gauss-legendre/m3.txt
Running data/example_mats/quad/p5/gauss-legendre/m3.txt
Finished running in 2.5949999999999998ms
Generating and Compiling data/example_mats/quad/p5/gauss-legendre/m6.txt
Running data/example_mats/quad/p5/gauss-legendre/m6.txt
Finished running in 5.0103333333333335ms
Generating and Compiling data/example_mats/quad/p5/gauss-legendre/m132.txt
Running data/example_mats/quad/p5/gauss-legendre/m132.txt
Finished running in 5.215366666666667ms
Generating and Compiling data/example_mats/quad/p5/gauss-legendre/m460.txt
Running data/example_mats/quad/p5/gauss-legendre/m460.txt
Finished running in 5.6223ms
Generating and Compiling data/example_mats/quad/p6/gauss-legendre-lobatto/m0.txt
Running data/example_mats/quad/p6/gauss-legendre-lobatto/m0.txt
Finished running in 1.9854333333333334ms
Generating and Compiling data/example_mats/quad/p6/gauss-legendre-lobatto/m3.txt
Running data/example_mats/quad/p6/gauss-legendre-lobatto/m3.txt
Finished running in 3.4830666666666668ms
Generating and Compiling data/example_mats/quad/p6/gauss-legendre-lobatto/m6.txt
Running data/example_mats/quad/p6/gauss-legendre-lobatto/m6.txt
Finished running in 6.688533333333334ms
Generating and Compiling data/example_mats/quad/p6/gauss-legendre-lobatto/m132.txt
Running data/example_mats/quad/p6/gauss-legendre-lobatto/m132.txt
Finished running in 8.520266666666666ms
Generating and Compiling data/example_mats/quad/p6/gauss-legendre-lobatto/m460.txt
Running data/example_mats/quad/p6/gauss-legendre-lobatto/m460.txt
Finished running in 8.450966666666666ms
Generating and Compiling data/example_mats/quad/p6/gauss-legendre/m0.txt
Running data/example_mats/quad/p6/gauss-legendre/m0.txt
Finished running in 3.3708666666666667ms
Generating and Compiling data/example_mats/quad/p6/gauss-legendre/m3.txt
Running data/example_mats/quad/p6/gauss-legendre/m3.txt
Finished running in 3.5708333333333333ms
Generating and Compiling data/example_mats/quad/p6/gauss-legendre/m6.txt
Running data/example_mats/quad/p6/gauss-legendre/m6.txt
Finished running in 6.6939ms
Generating and Compiling data/example_mats/quad/p6/gauss-legendre/m132.txt
Running data/example_mats/quad/p6/gauss-legendre/m132.txt
Finished running in 8.3258ms
Generating and Compiling data/example_mats/quad/p6/gauss-legendre/m460.txt
Running data/example_mats/quad/p6/gauss-legendre/m460.txt
Finished running in 8.465666666666667ms
Generating and Compiling data/example_mats/tet/p1/shunn-ham/m0.txt
Running data/example_mats/tet/p1/shunn-ham/m0.txt
Finished running in 0.8368333333333333ms
Generating and Compiling data/example_mats/tet/p1/shunn-ham/m3.txt
Running data/example_mats/tet/p1/shunn-ham/m3.txt
Finished running in 0.36946666666666667ms
Generating and Compiling data/example_mats/tet/p1/shunn-ham/m6.txt
Running data/example_mats/tet/p1/shunn-ham/m6.txt
Finished running in 0.8958333333333334ms
Generating and Compiling data/example_mats/tet/p1/shunn-ham/m132.txt
Running data/example_mats/tet/p1/shunn-ham/m132.txt
Finished running in 0.34873333333333334ms
Generating and Compiling data/example_mats/tet/p1/shunn-ham/m460.txt
Running data/example_mats/tet/p1/shunn-ham/m460.txt
Finished running in 0.4310333333333333ms
Generating and Compiling data/example_mats/tet/p2/shunn-ham/m0.txt
Running data/example_mats/tet/p2/shunn-ham/m0.txt
Finished running in 1.7174666666666667ms
Generating and Compiling data/example_mats/tet/p2/shunn-ham/m3.txt
Running data/example_mats/tet/p2/shunn-ham/m3.txt
Finished running in 0.8835999999999999ms
Generating and Compiling data/example_mats/tet/p2/shunn-ham/m6.txt
Running data/example_mats/tet/p2/shunn-ham/m6.txt
Finished running in 2.281066666666667ms
Generating and Compiling data/example_mats/tet/p2/shunn-ham/m132.txt
Running data/example_mats/tet/p2/shunn-ham/m132.txt
Finished running in 1.0642333333333334ms
Generating and Compiling data/example_mats/tet/p2/shunn-ham/m460.txt
Running data/example_mats/tet/p2/shunn-ham/m460.txt
Finished running in 2.0645333333333333ms
Generating and Compiling data/example_mats/tet/p3/shunn-ham/m0.txt
Running data/example_mats/tet/p3/shunn-ham/m0.txt
Finished running in 3.1768666666666667ms
Generating and Compiling data/example_mats/tet/p3/shunn-ham/m3.txt
Running data/example_mats/tet/p3/shunn-ham/m3.txt
Finished running in 5.384433333333334ms
Generating and Compiling data/example_mats/tet/p3/shunn-ham/m6.txt
Running data/example_mats/tet/p3/shunn-ham/m6.txt
Finished running in 6.676233333333333ms
Generating and Compiling data/example_mats/tet/p3/shunn-ham/m132.txt
Running data/example_mats/tet/p3/shunn-ham/m132.txt
Finished running in 8.036566666666667ms
Generating and Compiling data/example_mats/tet/p3/shunn-ham/m460.txt
Running data/example_mats/tet/p3/shunn-ham/m460.txt
Finished running in 5.0828999999999995ms
Generating and Compiling data/example_mats/tet/p4/shunn-ham/m0.txt
Running data/example_mats/tet/p4/shunn-ham/m0.txt
Finished running in 9.4826ms
Generating and Compiling data/example_mats/tet/p4/shunn-ham/m3.txt
Running data/example_mats/tet/p4/shunn-ham/m3.txt
Finished running in 13.589266666666667ms
Generating and Compiling data/example_mats/tet/p4/shunn-ham/m6.txt
Running data/example_mats/tet/p4/shunn-ham/m6.txt
Finished running in 17.882633333333334ms
Generating and Compiling data/example_mats/tet/p4/shunn-ham/m132.txt
Running data/example_mats/tet/p4/shunn-ham/m132.txt
Finished running in 26.52106666666667ms
Generating and Compiling data/example_mats/tet/p4/shunn-ham/m460.txt
Running data/example_mats/tet/p4/shunn-ham/m460.txt
Finished running in 12.059266666666668ms
Generating and Compiling data/example_mats/tet/p5/shunn-ham/m0.txt
Running data/example_mats/tet/p5/shunn-ham/m0.txt
Finished running in 22.43273333333333ms
Generating and Compiling data/example_mats/tet/p5/shunn-ham/m3.txt
Running data/example_mats/tet/p5/shunn-ham/m3.txt
Finished running in 28.57893333333333ms
Generating and Compiling data/example_mats/tet/p5/shunn-ham/m6.txt
Running data/example_mats/tet/p5/shunn-ham/m6.txt
Finished running in 46.034400000000005ms
Generating and Compiling data/example_mats/tet/p5/shunn-ham/m132.txt
Running data/example_mats/tet/p5/shunn-ham/m132.txt
Finished running in 53.29516666666667ms
Generating and Compiling data/example_mats/tet/p5/shunn-ham/m460.txt
Running data/example_mats/tet/p5/shunn-ham/m460.txt
Finished running in 35.27726666666667ms
Generating and Compiling data/example_mats/tet/p6/shunn-ham/m0.txt
Running data/example_mats/tet/p6/shunn-ham/m0.txt
Finished running in 39.427566666666664ms
Generating and Compiling data/example_mats/tet/p6/shunn-ham/m3.txt
Running data/example_mats/tet/p6/shunn-ham/m3.txt
Finished running in 43.694366666666674ms
Generating and Compiling data/example_mats/tet/p6/shunn-ham/m6.txt
Running data/example_mats/tet/p6/shunn-ham/m6.txt
Finished running in 83.3181ms
Generating and Compiling data/example_mats/tet/p6/shunn-ham/m132.txt
Running data/example_mats/tet/p6/shunn-ham/m132.txt
Finished running in 98.41823333333333ms
Generating and Compiling data/example_mats/tet/p6/shunn-ham/m460.txt
Running data/example_mats/tet/p6/shunn-ham/m460.txt
Finished running in 65.14713333333333ms
Generating and Compiling data/example_mats/tri/p1/williams-shunn/m0.txt
Running data/example_mats/tri/p1/williams-shunn/m0.txt
Finished running in 0.41163333333333335ms
Generating and Compiling data/example_mats/tri/p1/williams-shunn/m3.txt
Running data/example_mats/tri/p1/williams-shunn/m3.txt
Finished running in 0.24123333333333333ms
Generating and Compiling data/example_mats/tri/p1/williams-shunn/m6.txt
Running data/example_mats/tri/p1/williams-shunn/m6.txt
Finished running in 0.43696666666666667ms
Generating and Compiling data/example_mats/tri/p1/williams-shunn/m132.txt
Running data/example_mats/tri/p1/williams-shunn/m132.txt
Finished running in 0.23543333333333333ms
Generating and Compiling data/example_mats/tri/p1/williams-shunn/m460.txt
LIBXSMM_VERSION: RT-bct-B-from-vreg-hide-mlatency-1.16.1-1579 (25183787)
LIBXSMM_TARGET: skx
Registry and code: 13 MB
Uptime: 0.012684 s

LIBXSMM_VERSION: RT-bct-B-from-vreg-hide-mlatency-1.16.1-1579 (25183787)
LIBXSMM_TARGET: skx
Registry and code: 13 MB
Uptime: 0.025139 s

LIBXSMM_VERSION: RT-bct-B-from-vreg-hide-mlatency-1.16.1-1579 (25183787)
LIBXSMM_TARGET: skx
Registry and code: 13 MB
Uptime: 0.020952 s

LIBXSMM_VERSION: RT-bct-B-from-vreg-hide-mlatency-1.16.1-1579 (25183787)
LIBXSMM_TARGET: skx
Registry and code: 13 MB
Uptime: 0.034809 s

LIBXSMM_VERSION: RT-bct-B-from-vreg-hide-mlatency-1.16.1-1579 (25183787)
LIBXSMM_TARGET: skx
Registry and code: 13 MB
Uptime: 0.021990 s

LIBXSMM_VERSION: RT-bct-B-from-vreg-hide-mlatency-1.16.1-1579 (25183787)
LIBXSMM_TARGET: skx
Registry and code: 13 MB
Uptime: 0.032785 s

LIBXSMM_VERSION: RT-bct-B-from-vreg-hide-mlatency-1.16.1-1579 (25183787)
LIBXSMM_TARGET: skx
Registry and code: 13 MB
Uptime: 0.035800 s

LIBXSMM_VERSION: RT-bct-B-from-vreg-hide-mlatency-1.16.1-1579 (25183787)
LIBXSMM_TARGET: skx
Registry and code: 13 MB
Uptime: 0.030925 s

LIBXSMM_VERSION: RT-bct-B-from-vreg-hide-mlatency-1.16.1-1579 (25183787)
LIBXSMM_TARGET: skx
Registry and code: 13 MB
Uptime: 0.052125 s

LIBXSMM_VERSION: RT-bct-B-from-vreg-hide-mlatency-1.16.1-1579 (25183787)
LIBXSMM_TARGET: skx
Registry and code: 13 MB
Uptime: 0.040790 s

LIBXSMM_VERSION: RT-bct-B-from-vreg-hide-mlatency-1.16.1-1579 (25183787)
LIBXSMM_TARGET: skx
Registry and code: 13 MB
Uptime: 0.051644 s

LIBXSMM_VERSION: RT-bct-B-from-vreg-hide-mlatency-1.16.1-1579 (25183787)
LIBXSMM_TARGET: skx
Registry and code: 13 MB
Uptime: 0.046903 s

LIBXSMM_VERSION: RT-bct-B-from-vreg-hide-mlatency-1.16.1-1579 (25183787)
LIBXSMM_TARGET: skx
Registry and code: 13 MB
Uptime: 0.047543 s

LIBXSMM_VERSION: RT-bct-B-from-vreg-hide-mlatency-1.16.1-1579 (25183787)
LIBXSMM_TARGET: skx
Registry and code: 13 MB
Uptime: 0.079053 s

LIBXSMM_VERSION: RT-bct-B-from-vreg-hide-mlatency-1.16.1-1579 (25183787)
LIBXSMM_TARGET: skx
Registry and code: 13 MB
Uptime: 0.089961 s

LIBXSMM_VERSION: RT-bct-B-from-vreg-hide-mlatency-1.16.1-1579 (25183787)
LIBXSMM_TARGET: skx
Registry and code: 13 MB
Uptime: 0.084497 s

LIBXSMM_VERSION: RT-bct-B-from-vreg-hide-mlatency-1.16.1-1579 (25183787)
LIBXSMM_TARGET: skx
Registry and code: 13 MB
Uptime: 0.074097 s

LIBXSMM_VERSION: RT-bct-B-from-vreg-hide-mlatency-1.16.1-1579 (25183787)
LIBXSMM_TARGET: skx
Registry and code: 13 MB
Uptime: 0.072340 s

LIBXSMM_VERSION: RT-bct-B-from-vreg-hide-mlatency-1.16.1-1579 (25183787)
LIBXSMM_TARGET: skx
Registry and code: 13 MB
Uptime: 0.110269 s

LIBXSMM_VERSION: RT-bct-B-from-vreg-hide-mlatency-1.16.1-1579 (25183787)
LIBXSMM_TARGET: skx
Registry and code: 13 MB
Uptime: 0.195061 s

LIBXSMM_VERSION: RT-bct-B-from-vreg-hide-mlatency-1.16.1-1579 (25183787)
LIBXSMM_TARGET: skx
Registry and code: 13 MB
Uptime: 0.154536 s

LIBXSMM_VERSION: RT-bct-B-from-vreg-hide-mlatency-1.16.1-1579 (25183787)
LIBXSMM_TARGET: skx
Registry and code: 13 MB
Uptime: 0.111909 s

LIBXSMM_VERSION: RT-bct-B-from-vreg-hide-mlatency-1.16.1-1579 (25183787)
LIBXSMM_TARGET: skx
Registry and code: 13 MB
Uptime: 0.108402 s

LIBXSMM_VERSION: RT-bct-B-from-vreg-hide-mlatency-1.16.1-1579 (25183787)
LIBXSMM_TARGET: skx
Registry and code: 13 MB
Uptime: 0.152575 s

LIBXSMM_VERSION: RT-bct-B-from-vreg-hide-mlatency-1.16.1-1579 (25183787)
LIBXSMM_TARGET: skx
Registry and code: 13 MB
Uptime: 0.350889 s

LIBXSMM_VERSION: RT-bct-B-from-vreg-hide-mlatency-1.16.1-1579 (25183787)
LIBXSMM_TARGET: skx
Registry and code: 13 MB
Uptime: 0.269948 s

Running data/example_mats/tri/p1/williams-shunn/m460.txt
Finished running in 0.2817ms
Generating and Compiling data/example_mats/tri/p2/williams-shunn/m0.txt
Running data/example_mats/tri/p2/williams-shunn/m0.txt
Finished running in 0.6444ms
Generating and Compiling data/example_mats/tri/p2/williams-shunn/m3.txt
Running data/example_mats/tri/p2/williams-shunn/m3.txt
Finished running in 0.4871666666666667ms
Generating and Compiling data/example_mats/tri/p2/williams-shunn/m6.txt
Running data/example_mats/tri/p2/williams-shunn/m6.txt
Finished running in 0.9019333333333334ms
Generating and Compiling data/example_mats/tri/p2/williams-shunn/m132.txt
Running data/example_mats/tri/p2/williams-shunn/m132.txt
Finished running in 0.5069666666666667ms
Generating and Compiling data/example_mats/tri/p2/williams-shunn/m460.txt
Running data/example_mats/tri/p2/williams-shunn/m460.txt
Finished running in 0.8585999999999999ms
Generating and Compiling data/example_mats/tri/p3/williams-shunn/m0.txt
Running data/example_mats/tri/p3/williams-shunn/m0.txt
Finished running in 0.9226333333333333ms
Generating and Compiling data/example_mats/tri/p3/williams-shunn/m3.txt
Running data/example_mats/tri/p3/williams-shunn/m3.txt
Finished running in 0.7637333333333333ms
Generating and Compiling data/example_mats/tri/p3/williams-shunn/m6.txt
Running data/example_mats/tri/p3/williams-shunn/m6.txt
Finished running in 1.3973ms
Generating and Compiling data/example_mats/tri/p3/williams-shunn/m132.txt
Running data/example_mats/tri/p3/williams-shunn/m132.txt
Finished running in 0.8497ms
Generating and Compiling data/example_mats/tri/p3/williams-shunn/m460.txt
Running data/example_mats/tri/p3/williams-shunn/m460.txt
Finished running in 1.406ms
Generating and Compiling data/example_mats/tri/p4/williams-shunn/m0.txt
Running data/example_mats/tri/p4/williams-shunn/m0.txt
Finished running in 1.2429ms
Generating and Compiling data/example_mats/tri/p4/williams-shunn/m3.txt
Running data/example_mats/tri/p4/williams-shunn/m3.txt
Finished running in 1.2777ms
Generating and Compiling data/example_mats/tri/p4/williams-shunn/m6.txt
Running data/example_mats/tri/p4/williams-shunn/m6.txt
Finished running in 2.1948999999999996ms
Generating and Compiling data/example_mats/tri/p4/williams-shunn/m132.txt
Running data/example_mats/tri/p4/williams-shunn/m132.txt
Finished running in 1.7895333333333334ms
Generating and Compiling data/example_mats/tri/p4/williams-shunn/m460.txt
Running data/example_mats/tri/p4/williams-shunn/m460.txt
Finished running in 2.3482ms
Generating and Compiling data/example_mats/tri/p5/williams-shunn/m0.txt
Running data/example_mats/tri/p5/williams-shunn/m0.txt
Finished running in 1.5708ms
Generating and Compiling data/example_mats/tri/p5/williams-shunn/m3.txt
Running data/example_mats/tri/p5/williams-shunn/m3.txt
Finished running in 1.6528333333333334ms
Generating and Compiling data/example_mats/tri/p5/williams-shunn/m6.txt
Running data/example_mats/tri/p5/williams-shunn/m6.txt
Finished running in 3.094466666666667ms
Generating and Compiling data/example_mats/tri/p5/williams-shunn/m132.txt
Running data/example_mats/tri/p5/williams-shunn/m132.txt
Finished running in 5.878300000000001ms
Generating and Compiling data/example_mats/tri/p5/williams-shunn/m460.txt
Running data/example_mats/tri/p5/williams-shunn/m460.txt
Finished running in 3.302833333333333ms
Generating and Compiling data/example_mats/tri/p6/williams-shunn/m0.txt
Running data/example_mats/tri/p6/williams-shunn/m0.txt
Finished running in 1.9247666666666667ms
Generating and Compiling data/example_mats/tri/p6/williams-shunn/m3.txt
Running data/example_mats/tri/p6/williams-shunn/m3.txt
Finished running in 2.553166666666667ms
Generating and Compiling data/example_mats/tri/p6/williams-shunn/m6.txt
Running data/example_mats/tri/p6/williams-shunn/m6.txt
Finished running in 4.3529ms
Generating and Compiling data/example_mats/tri/p6/williams-shunn/m132.txt
Running data/example_mats/tri/p6/williams-shunn/m132.txt
Finished running in 10.802766666666667ms
Generating and Compiling data/example_mats/tri/p6/williams-shunn/m460.txt
Running data/example_mats/tri/p6/williams-shunn/m460.txt
Finished running in 5.618166666666666ms
