LIBXSMM WARNING: timer is maybe not cycle-accurate!

LIBXSMM_VERSION: m1_amx-1.8.2-7555 (21011843)
APPL_M1/DP    TRY    JIT    STA    COL
   0..13      1      1      0      0 
  14..23      0      0      0      0 
  24..64      0      0      0      0 
Registry and code: 13 MB (gemm=1 nleaks=1)
Uptime: 0.007382 s
LIBXSMM WARNING: timer is maybe not cycle-accurate!
LIBXSMM ERROR (libxsmm_generator_gemm_kernel): ldb needs to be greater than or equal to n (error #90040)!

LIBXSMM_VERSION: m1_amx-1.8.2-7555 (21011843)
APPL_M1/DP    TRY    JIT    STA    COL
   0..13      1      0      0      0 
  14..23      0      0      0      0 
  24..64      0      0      0      0 
Registry and code: 13 MB
Uptime: 0.010065 s
LIBXSMM WARNING: timer is maybe not cycle-accurate!

LIBXSMM_VERSION: m1_amx-1.8.2-7555 (21011843)
APPL_M1/DP    TRY    JIT    STA    COL
   0..13      0      0      0      0 
  14..23      1      1      0      0 
  24..64      0      0      0      0 
Registry and code: 13 MB (gemm=1 nleaks=1)
Uptime: 0.010780 s
LIBXSMM WARNING: timer is maybe not cycle-accurate!
LIBXSMM ERROR (libxsmm_generator_gemm_kernel): ldb needs to be greater than or equal to n (error #90040)!

LIBXSMM_VERSION: m1_amx-1.8.2-7555 (21011843)
APPL_M1/DP    TRY    JIT    STA    COL
   0..13      1      0      0      0 
  14..23      0      0      0      0 
  24..64      0      0      0      0 
Registry and code: 13 MB
Uptime: 0.009953 s
LIBXSMM WARNING: timer is maybe not cycle-accurate!

LIBXSMM_VERSION: m1_amx-1.8.2-7555 (21011843)
APPL_M1/DP    TRY    JIT    STA    COL
   0..13      1      1      0      0 
  14..23      0      0      0      0 
  24..64      0      0      0      0 
Registry and code: 13 MB (gemm=1 nleaks=1)
Uptime: 0.007332 s
LIBXSMM WARNING: timer is maybe not cycle-accurate!

LIBXSMM_VERSION: m1_amx-1.8.2-7555 (21011843)
APPL_M1/DP    TRY    JIT    STA    COL
   0..13      0      0      0      0 
  14..23      1      1      0      0 
  24..64      0      0      0      0 
Registry and code: 13 MB (gemm=1 nleaks=1)
Uptime: 0.024183 s
LIBXSMM WARNING: timer is maybe not cycle-accurate!
LIBXSMM ERROR (libxsmm_generator_gemm_kernel): ldb needs to be greater than or equal to n (error #90040)!

LIBXSMM_VERSION: m1_amx-1.8.2-7555 (21011843)
APPL_M1/DP    TRY    JIT    STA    COL
   0..13      0      0      0      0 
  14..23      1      0      0      0 
  24..64      0      0      0      0 
Registry and code: 13 MB
Uptime: 0.027898 s
LIBXSMM WARNING: timer is maybe not cycle-accurate!

LIBXSMM_VERSION: m1_amx-1.8.2-7555 (21011843)
APPL_M1/DP    TRY    JIT    STA    COL
   0..13      0      0      0      0 
  14..23      0      0      0      0 
  24..64      1      1      0      0 
Registry and code: 13 MB (gemm=1 nleaks=1)
Uptime: 0.042975 s
LIBXSMM WARNING: timer is maybe not cycle-accurate!
LIBXSMM ERROR (libxsmm_generator_gemm_kernel): ldb needs to be greater than or equal to n (error #90040)!

LIBXSMM_VERSION: m1_amx-1.8.2-7555 (21011843)
APPL_M1/DP    TRY    JIT    STA    COL
   0..13      0      0      0      0 
  14..23      0      0      0      0 
  24..64      1      0      0      0 
Registry and code: 13 MB
Uptime: 0.051607 s
LIBXSMM WARNING: timer is maybe not cycle-accurate!

LIBXSMM_VERSION: m1_amx-1.8.2-7555 (21011843)
APPL_M1/DP    TRY    JIT    STA    COL
   0..13      0      0      0      0 
  14..23      0      0      0      0 
  24..64      1      1      0      0 
Registry and code: 13 MB (gemm=1 nleaks=1)
Uptime: 0.023948 s
LIBXSMM WARNING: timer is maybe not cycle-accurate!

LIBXSMM_VERSION: m1_amx-1.8.2-7555 (21011843)
APPL_M1/DP    TRY    JIT    STA    COL
   0..13      0      0      0      0 
  14..23      1      1      0      0 
  24..64      0      0      0      0 
Registry and code: 13 MB (gemm=1 nleaks=1)
Uptime: 0.016662 s
LIBXSMM WARNING: timer is maybe not cycle-accurate!
LIBXSMM ERROR (libxsmm_generator_gemm_kernel): ldb needs to be greater than or equal to n (error #90040)!

LIBXSMM_VERSION: m1_amx-1.8.2-7555 (21011843)
APPL_M1/DP    TRY    JIT    STA    COL
   0..13      0      0      0      0 
  14..23      1      0      0      0 
  24..64      0      0      0      0 
Registry and code: 13 MB
Uptime: 0.028029 s
LIBXSMM WARNING: timer is maybe not cycle-accurate!

LIBXSMM_VERSION: m1_amx-1.8.2-7555 (21011843)
APPL_M1/DP    TRY    JIT    STA    COL
   0..13      0      0      0      0 
  14..23      0      0      0      0 
  24..64      1      1      0      0 
Registry and code: 13 MB (gemm=1 nleaks=1)
Uptime: 0.042843 s
LIBXSMM WARNING: timer is maybe not cycle-accurate!
LIBXSMM ERROR (libxsmm_generator_gemm_kernel): ldb needs to be greater than or equal to n (error #90040)!

LIBXSMM_VERSION: m1_amx-1.8.2-7555 (21011843)
APPL_M1/DP    TRY    JIT    STA    COL
   0..13      0      0      0      0 
  14..23      0      0      0      0 
  24..64      1      0      0      0 
Registry and code: 13 MB
Uptime: 0.051378 s
LIBXSMM WARNING: timer is maybe not cycle-accurate!

LIBXSMM_VERSION: m1_amx-1.8.2-7555 (21011843)
APPL_M1/DP    TRY    JIT    STA    COL
   0..13      0      0      0      0 
  14..23      0      0      0      0 
  24..64      1      1      0      0 
Registry and code: 13 MB (gemm=1 nleaks=1)
Uptime: 0.024149 s
LIBXSMM WARNING: timer is maybe not cycle-accurate!

LIBXSMM_VERSION: m1_amx-1.8.2-7555 (21011843)
APPL_M1/DP    TRY    JIT    STA    COL
   0..13      0      0      0      0 
  14..23      0      0      0      0 
  24..64      1      1      0      0 
Registry and code: 13 MB (gemm=1 nleaks=1)
Uptime: 0.050539 s
LIBXSMM WARNING: timer is maybe not cycle-accurate!
LIBXSMM ERROR (libxsmm_generator_gemm_kernel): ldb needs to be greater than or equal to n (error #90040)!

LIBXSMM_VERSION: m1_amx-1.8.2-7555 (21011843)
APPL_M1/DP    TRY    JIT    STA    COL
   0..13      0      0      0      0 
  14..23      0      0      0      0 
  24..64      1      0      0      0 
Registry and code: 13 MB
Uptime: 0.076821 s
LIBXSMM WARNING: timer is maybe not cycle-accurate!
./scripts/bin_benchmark.sh: line 28: 52878 Segmentation fault: 11  sudo nice -n -20 bin/benchmark_xsmm_custom $1 $2 $4
Generating and Compiling data/example_mats/hex/p1/gauss-legendre/m0.txt
Running data/example_mats/hex/p1/gauss-legendre/m0.txt
Finished running in 0.12906666666666666ms
Generating and Compiling data/example_mats/hex/p1/gauss-legendre/m3.txt
Running data/example_mats/hex/p1/gauss-legendre/m3.txt
Finished running in 0.1713333333333333ms
Generating and Compiling data/example_mats/hex/p1/gauss-legendre/m6.txt
Running data/example_mats/hex/p1/gauss-legendre/m6.txt
Finished running in 0.17043333333333335ms
Generating and Compiling data/example_mats/hex/p1/gauss-legendre/m132.txt
Running data/example_mats/hex/p1/gauss-legendre/m132.txt
Finished running in 0.16956666666666667ms
Generating and Compiling data/example_mats/hex/p1/gauss-legendre/m460.txt
Running data/example_mats/hex/p1/gauss-legendre/m460.txt
Finished running in 0.12843333333333334ms
Generating and Compiling data/example_mats/hex/p2/gauss-legendre-lobatto/m0.txt
Running data/example_mats/hex/p2/gauss-legendre-lobatto/m0.txt
Finished running in 0.5975666666666667ms
Generating and Compiling data/example_mats/hex/p2/gauss-legendre-lobatto/m3.txt
Running data/example_mats/hex/p2/gauss-legendre-lobatto/m3.txt
Finished running in 0.6311666666666667ms
Generating and Compiling data/example_mats/hex/p2/gauss-legendre-lobatto/m6.txt
Running data/example_mats/hex/p2/gauss-legendre-lobatto/m6.txt
Finished running in 1.0505666666666666ms
Generating and Compiling data/example_mats/hex/p2/gauss-legendre-lobatto/m132.txt
Running data/example_mats/hex/p2/gauss-legendre-lobatto/m132.txt
Finished running in 1.2882333333333333ms
Generating and Compiling data/example_mats/hex/p2/gauss-legendre-lobatto/m460.txt
Running data/example_mats/hex/p2/gauss-legendre-lobatto/m460.txt
Finished running in 0.5460333333333334ms
Generating and Compiling data/example_mats/hex/p2/gauss-legendre/m0.txt
Running data/example_mats/hex/p2/gauss-legendre/m0.txt
Finished running in 0.3317333333333333ms
Generating and Compiling data/example_mats/hex/p2/gauss-legendre/m3.txt
Running data/example_mats/hex/p2/gauss-legendre/m3.txt
Finished running in 0.6364333333333333ms
Generating and Compiling data/example_mats/hex/p2/gauss-legendre/m6.txt
Running data/example_mats/hex/p2/gauss-legendre/m6.txt
Finished running in 1.0372333333333335ms
Generating and Compiling data/example_mats/hex/p2/gauss-legendre/m132.txt
Running data/example_mats/hex/p2/gauss-legendre/m132.txt
Finished running in 1.2834666666666665ms
Generating and Compiling data/example_mats/hex/p2/gauss-legendre/m460.txt
Running data/example_mats/hex/p2/gauss-legendre/m460.txt
Finished running in 0.5398666666666667ms
Generating and Compiling data/example_mats/hex/p3/gauss-legendre-lobatto/m0.txt
Running data/example_mats/hex/p3/gauss-legendre-lobatto/m0.txt
Finished running in 1.2104ms
Generating and Compiling data/example_mats/hex/p3/gauss-legendre-lobatto/m3.txt
Running data/example_mats/hex/p3/gauss-legendre-lobatto/m3.txt
Finished running in 1.9994ms
Generating and Compiling data/example_mats/hex/p3/gauss-legendre-lobatto/m6.txt
Running data/example_mats/hex/p3/gauss-legendre-lobatto/m6.txt
Traceback (most recent call last):
  File "src/benchmark/benchmark.py", line 151, in <module>
    best, avg = benchmark_matrix(mat_path, N_WIDTH, test_gimmik)
  File "src/benchmark/benchmark.py", line 106, in benchmark_matrix
    result["speedup_best_over_ref"] = result["xsmm_reference_best"] / result["xsmm_custom_best"]
KeyError: 'xsmm_custom_best'
