LIBXSMM WARNING: timer is maybe not cycle-accurate!

LIBXSMM_VERSION: m1_amx-1.8.2-7555 (21011843)
APPL_M1/DP    TRY    JIT    STA    COL
   0..13      1      1      0      0 
  14..23      0      0      0      0 
  24..64      0      0      0      0 
Registry and code: 13 MB (gemm=1 nleaks=1)
Uptime: 0.014188 s
LIBXSMM WARNING: timer is maybe not cycle-accurate!

LIBXSMM_VERSION: m1_amx-1.8.2-7555 (21011843)
APPL_M1/DP    TRY    JIT    STA    COL
   0..13      1      1      0      0 
  14..23      0      0      0      0 
  24..64      0      0      0      0 
Registry and code: 13 MB (gemm=1 nleaks=1)
Uptime: 0.022872 s
LIBXSMM WARNING: timer is maybe not cycle-accurate!

LIBXSMM_VERSION: m1_amx-1.8.2-7555 (21011843)
APPL_M1/DP    TRY    JIT    STA    COL
   0..13      0      0      0      0 
  14..23      1      1      0      0 
  24..64      0      0      0      0 
Registry and code: 13 MB (gemm=1 nleaks=1)
Uptime: 0.036240 s
LIBXSMM WARNING: timer is maybe not cycle-accurate!

LIBXSMM_VERSION: m1_amx-1.8.2-7555 (21011843)
APPL_M1/DP    TRY    JIT    STA    COL
   0..13      1      1      0      0 
  14..23      0      0      0      0 
  24..64      0      0      0      0 
Registry and code: 13 MB (gemm=1 nleaks=1)
Uptime: 0.022634 s
LIBXSMM WARNING: timer is maybe not cycle-accurate!

LIBXSMM_VERSION: m1_amx-1.8.2-7555 (21011843)
APPL_M1/DP    TRY    JIT    STA    COL
   0..13      1      1      0      0 
  14..23      0      0      0      0 
  24..64      0      0      0      0 
Registry and code: 13 MB (gemm=1 nleaks=1)
Uptime: 0.014133 s
LIBXSMM WARNING: timer is maybe not cycle-accurate!

LIBXSMM_VERSION: m1_amx-1.8.2-7555 (21011843)
APPL_M1/DP    TRY    JIT    STA    COL
   0..13      0      0      0      0 
  14..23      1      1      0      0 
  24..64      0      0      0      0 
Registry and code: 13 MB (gemm=1 nleaks=1)
Uptime: 0.067343 s
LIBXSMM WARNING: timer is maybe not cycle-accurate!

LIBXSMM_VERSION: m1_amx-1.8.2-7555 (21011843)
APPL_M1/DP    TRY    JIT    STA    COL
   0..13      0      0      0      0 
  14..23      1      1      0      0 
  24..64      0      0      0      0 
Registry and code: 13 MB (gemm=1 nleaks=1)
Uptime: 0.088452 s
LIBXSMM WARNING: timer is maybe not cycle-accurate!

LIBXSMM_VERSION: m1_amx-1.8.2-7555 (21011843)
APPL_M1/DP    TRY    JIT    STA    COL
   0..13      0      0      0      0 
  14..23      0      0      0      0 
  24..64      1      1      0      0 
Registry and code: 13 MB (gemm=1 nleaks=1)
Uptime: 0.114639 s
LIBXSMM WARNING: timer is maybe not cycle-accurate!

LIBXSMM_VERSION: m1_amx-1.8.2-7555 (21011843)
APPL_M1/DP    TRY    JIT    STA    COL
   0..13      0      0      0      0 
  14..23      0      0      0      0 
  24..64      1      1      0      0 
Registry and code: 13 MB (gemm=1 nleaks=1)
Uptime: 0.123816 s
LIBXSMM WARNING: timer is maybe not cycle-accurate!

LIBXSMM_VERSION: m1_amx-1.8.2-7555 (21011843)
APPL_M1/DP    TRY    JIT    STA    COL
   0..13      0      0      0      0 
  14..23      0      0      0      0 
  24..64      1      1      0      0 
Registry and code: 13 MB (gemm=1 nleaks=1)
Uptime: 0.083792 s
LIBXSMM WARNING: timer is maybe not cycle-accurate!

LIBXSMM_VERSION: m1_amx-1.8.2-7555 (21011843)
APPL_M1/DP    TRY    JIT    STA    COL
   0..13      0      0      0      0 
  14..23      1      1      0      0 
  24..64      0      0      0      0 
Registry and code: 13 MB (gemm=1 nleaks=1)
Uptime: 0.055370 s
LIBXSMM WARNING: timer is maybe not cycle-accurate!

LIBXSMM_VERSION: m1_amx-1.8.2-7555 (21011843)
APPL_M1/DP    TRY    JIT    STA    COL
   0..13      0      0      0      0 
  14..23      1      1      0      0 
  24..64      0      0      0      0 
Registry and code: 13 MB (gemm=1 nleaks=1)
Uptime: 0.091557 s
LIBXSMM WARNING: timer is maybe not cycle-accurate!

LIBXSMM_VERSION: m1_amx-1.8.2-7555 (21011843)
APPL_M1/DP    TRY    JIT    STA    COL
   0..13      0      0      0      0 
  14..23      0      0      0      0 
  24..64      1      1      0      0 
Registry and code: 13 MB (gemm=1 nleaks=1)
Uptime: 0.117447 s
LIBXSMM WARNING: timer is maybe not cycle-accurate!

LIBXSMM_VERSION: m1_amx-1.8.2-7555 (21011843)
APPL_M1/DP    TRY    JIT    STA    COL
   0..13      0      0      0      0 
  14..23      0      0      0      0 
  24..64      1      1      0      0 
Registry and code: 13 MB (gemm=1 nleaks=1)
Uptime: 0.123960 s
LIBXSMM WARNING: timer is maybe not cycle-accurate!

LIBXSMM_VERSION: m1_amx-1.8.2-7555 (21011843)
APPL_M1/DP    TRY    JIT    STA    COL
   0..13      0      0      0      0 
  14..23      0      0      0      0 
  24..64      1      1      0      0 
Registry and code: 13 MB (gemm=1 nleaks=1)
Uptime: 0.083818 s
LIBXSMM WARNING: timer is maybe not cycle-accurate!

LIBXSMM_VERSION: m1_amx-1.8.2-7555 (21011843)
APPL_M1/DP    TRY    JIT    STA    COL
   0..13      0      0      0      0 
  14..23      0      0      0      0 
  24..64      1      1      0      0 
Registry and code: 13 MB (gemm=1 nleaks=1)
Uptime: 0.125466 s
LIBXSMM WARNING: timer is maybe not cycle-accurate!

LIBXSMM_VERSION: m1_amx-1.8.2-7555 (21011843)
APPL_M1/DP    TRY    JIT    STA    COL
   0..13      0      0      0      0 
  14..23      0      0      0      0 
  24..64      1      1      0      0 
Registry and code: 13 MB (gemm=1 nleaks=1)
Uptime: 0.183076 s
LIBXSMM WARNING: timer is maybe not cycle-accurate!

LIBXSMM_VERSION: m1_amx-1.8.2-7555 (21011843)
APPL_M1/DP    TRY    JIT    STA    COL
   0..13      0      0      0      0 
  14..23      0      0      0      0 
  24..64      1      1      0      0 
Registry and code: 13 MB (gemm=1 nleaks=1)
Uptime: 0.234241 s
LIBXSMM WARNING: timer is maybe not cycle-accurate!

LIBXSMM_VERSION: m1_amx-1.8.2-7555 (21011843)
APPL_M1/DP    TRY    JIT    STA    COL
   0..13      0      0      0      0 
  14..23      0      0      0      0 
  24..64      1      1      0      0 
Registry and code: 13 MB (gemm=1 nleaks=1)
Uptime: 0.361051 s
LIBXSMM WARNING: timer is maybe not cycle-accurate!

LIBXSMM_VERSION: m1_amx-1.8.2-7555 (21011843)
APPL_M1/DP    TRY    JIT    STA    COL
   0..13      0      0      0      0 
  14..23      0      0      0      0 
  24..64      1      1      0      0 
Registry and code: 13 MB (gemm=1 nleaks=1)
Uptime: 0.190264 s
LIBXSMM WARNING: timer is maybe not cycle-accurate!

LIBXSMM_VERSION: m1_amx-1.8.2-7555 (21011843)
APPL_M1/DP    TRY    JIT    STA    COL
   0..13      0      0      0      0 
  14..23      0      0      0      0 
  24..64      1      1      0      0 
Registry and code: 13 MB (gemm=1 nleaks=1)
Uptime: 0.130096 s
LIBXSMM WARNING: timer is maybe not cycle-accurate!

LIBXSMM_VERSION: m1_amx-1.8.2-7555 (21011843)
APPL_M1/DP    TRY    JIT    STA    COL
   0..13      0      0      0      0 
  14..23      0      0      0      0 
  24..64      1      1      0      0 
Registry and code: 13 MB (gemm=1 nleaks=1)
Uptime: 0.179595 s
LIBXSMM WARNING: timer is maybe not cycle-accurate!

LIBXSMM_VERSION: m1_amx-1.8.2-7555 (21011843)
APPL_M1/DP    TRY    JIT    STA    COL
   0..13      0      0      0      0 
  14..23      0      0      0      0 
  24..64      1      1      0      0 
Registry and code: 13 MB (gemm=1 nleaks=1)
Uptime: 0.234902 s
LIBXSMM WARNING: timer is maybe not cycle-accurate!

LIBXSMM_VERSION: m1_amx-1.8.2-7555 (21011843)
APPL_M1/DP    TRY    JIT    STA    COL
   0..13      0      0      0      0 
  14..23      0      0      0      0 
  24..64      1      1      0      0 
Registry and code: 13 MB (gemm=1 nleaks=1)
Uptime: 0.373505 s
LIBXSMM WARNING: timer is maybe not cycle-accurate!

LIBXSMM_VERSION: m1_amx-1.8.2-7555 (21011843)
APPL_M1/DP    TRY    JIT    STA    COL
   0..13      0      0      0      0 
  14..23      0      0      0      0 
  24..64      1      1      0      0 
Registry and code: 13 MB (gemm=1 nleaks=1)
Uptime: 0.196994 s
LIBXSMM WARNING: timer is maybe not cycle-accurate!

LIBXSMM_VERSION: m1_amx-1.8.2-7555 (21011843)
APPL_M1/DP    TRY    JIT    STA    COL
   0..13      0      0      0      0 
  14..23      0      0      0      0 
  24..64      1      1      0      0 
Registry and code: 13 MB (gemm=1 nleaks=1)
Uptime: 0.211758 s
LIBXSMM WARNING: timer is maybe not cycle-accurate!

LIBXSMM_VERSION: m1_amx-1.8.2-7555 (21011843)
APPL_M1/DP    TRY    JIT    STA    COL
   0..13      0      0      0      0 
  14..23      0      0      0      0 
  24..64      1      1      0      0 
Registry and code: 13 MB (gemm=1 nleaks=1)
Uptime: 0.307853 s
LIBXSMM WARNING: timer is maybe not cycle-accurate!

LIBXSMM_VERSION: m1_amx-1.8.2-7555 (21011843)
APPL_M1/DP    TRY    JIT    STA    COL
   0..13      0      0      0      0 
  14..23      0      0      0      0 
  24..64      0      0      0      0 
    > 64      1      1      0      0 
Registry and code: 13 MB (gemm=1 nleaks=1)
Uptime: 0.407634 s
LIBXSMM WARNING: timer is maybe not cycle-accurate!

LIBXSMM_VERSION: m1_amx-1.8.2-7555 (21011843)
APPL_M1/DP    TRY    JIT    STA    COL
   0..13      0      0      0      0 
  14..23      0      0      0      0 
  24..64      0      0      0      0 
    > 64      1      1      0      0 
Registry and code: 13 MB (gemm=1 nleaks=1)
Uptime: 0.773688 s
LIBXSMM WARNING: timer is maybe not cycle-accurate!

LIBXSMM_VERSION: m1_amx-1.8.2-7555 (21011843)
APPL_M1/DP    TRY    JIT    STA    COL
   0..13      0      0      0      0 
  14..23      0      0      0      0 
  24..64      0      0      0      0 
    > 64      1      1      0      0 
Registry and code: 13 MB (gemm=1 nleaks=1)
Uptime: 0.474882 s
LIBXSMM WARNING: timer is maybe not cycle-accurate!

LIBXSMM_VERSION: m1_amx-1.8.2-7555 (21011843)
APPL_M1/DP    TRY    JIT    STA    COL
   0..13      0      0      0      0 
  14..23      0      0      0      0 
  24..64      1      1      0      0 
Registry and code: 13 MB (gemm=1 nleaks=1)
Uptime: 0.241976 s
LIBXSMM WARNING: timer is maybe not cycle-accurate!

LIBXSMM_VERSION: m1_amx-1.8.2-7555 (21011843)
APPL_M1/DP    TRY    JIT    STA    COL
   0..13      0      0      0      0 
  14..23      0      0      0      0 
  24..64      1      1      0      0 
Registry and code: 13 MB (gemm=1 nleaks=1)
Uptime: 0.310951 s
LIBXSMM WARNING: timer is maybe not cycle-accurate!

LIBXSMM_VERSION: m1_amx-1.8.2-7555 (21011843)
APPL_M1/DP    TRY    JIT    STA    COL
   0..13      0      0      0      0 
  14..23      0      0      0      0 
  24..64      0      0      0      0 
    > 64      1      1      0      0 
Registry and code: 13 MB (gemm=1 nleaks=1)
Uptime: 0.408993 s
LIBXSMM WARNING: timer is maybe not cycle-accurate!

LIBXSMM_VERSION: m1_amx-1.8.2-7555 (21011843)
APPL_M1/DP    TRY    JIT    STA    COL
   0..13      0      0      0      0 
  14..23      0      0      0      0 
  24..64      0      0      0      0 
    > 64      1      1      0      0 
Registry and code: 13 MB (gemm=1 nleaks=1)
Uptime: 0.801044 s
LIBXSMM WARNING: timer is maybe not cycle-accurate!

LIBXSMM_VERSION: m1_amx-1.8.2-7555 (21011843)
APPL_M1/DP    TRY    JIT    STA    COL
   0..13      0      0      0      0 
  14..23      0      0      0      0 
  24..64      0      0      0      0 
    > 64      1      1      0      0 
Registry and code: 13 MB (gemm=1 nleaks=1)
Uptime: 0.427513 s
LIBXSMM WARNING: timer is maybe not cycle-accurate!

LIBXSMM_VERSION: m1_amx-1.8.2-7555 (21011843)
APPL_M1/DP    TRY    JIT    STA    COL
   0..13      0      0      0      0 
  14..23      0      0      0      0 
  24..64      0      0      0      0 
    > 64      1      1      0      0 
Registry and code: 13 MB (gemm=1 nleaks=1)
Uptime: 0.336720 s
LIBXSMM WARNING: timer is maybe not cycle-accurate!

LIBXSMM_VERSION: m1_amx-1.8.2-7555 (21011843)
APPL_M1/DP    TRY    JIT    STA    COL
   0..13      0      0      0      0 
  14..23      0      0      0      0 
  24..64      0      0      0      0 
    > 64      1      1      0      0 
Registry and code: 13 MB (gemm=1 nleaks=1)
Uptime: 0.530439 s
LIBXSMM WARNING: timer is maybe not cycle-accurate!

LIBXSMM_VERSION: m1_amx-1.8.2-7555 (21011843)
APPL_M1/DP    TRY    JIT    STA    COL
   0..13      0      0      0      0 
  14..23      0      0      0      0 
  24..64      0      0      0      0 
    > 64      1      1      0      0 
Registry and code: 13 MB (gemm=1 nleaks=1)
Uptime: 0.714163 s
LIBXSMM WARNING: timer is maybe not cycle-accurate!

LIBXSMM_VERSION: m1_amx-1.8.2-7555 (21011843)
APPL_M1/DP    TRY    JIT    STA    COL
   0..13      0      0      0      0 
  14..23      0      0      0      0 
  24..64      0      0      0      0 
    > 64      1      1      0      0 
Registry and code: 13 MB (gemm=1 nleaks=1)
Uptime: 1.722074 s
LIBXSMM WARNING: timer is maybe not cycle-accurate!

LIBXSMM_VERSION: m1_amx-1.8.2-7555 (21011843)
APPL_M1/DP    TRY    JIT    STA    COL
   0..13      0      0      0      0 
  14..23      0      0      0      0 
  24..64      0      0      0      0 
    > 64      1      1      0      0 
Registry and code: 13 MB (gemm=1 nleaks=1)
Uptime: 1.054648 s
LIBXSMM WARNING: timer is maybe not cycle-accurate!

LIBXSMM_VERSION: m1_amx-1.8.2-7555 (21011843)
APPL_M1/DP    TRY    JIT    STA    COL
   0..13      0      0      0      0 
  14..23      0      0      0      0 
  24..64      0      0      0      0 
    > 64      1      1      0      0 
Registry and code: 13 MB (gemm=1 nleaks=1)
Uptime: 0.457306 s
LIBXSMM WARNING: timer is maybe not cycle-accurate!

LIBXSMM_VERSION: m1_amx-1.8.2-7555 (21011843)
APPL_M1/DP    TRY    JIT    STA    COL
   0..13      0      0      0      0 
  14..23      0      0      0      0 
  24..64      0      0      0      0 
    > 64      1      1      0      0 
Registry and code: 13 MB (gemm=1 nleaks=1)
Uptime: 0.535654 s
LIBXSMM WARNING: timer is maybe not cycle-accurate!

LIBXSMM_VERSION: m1_amx-1.8.2-7555 (21011843)
APPL_M1/DP    TRY    JIT    STA    COL
   0..13      0      0      0      0 
  14..23      0      0      0      0 
  24..64      0      0      0      0 
    > 64      1      1      0      0 
Registry and code: 13 MB (gemm=1 nleaks=1)
Uptime: 0.716128 s
LIBXSMM WARNING: timer is maybe not cycle-accurate!

LIBXSMM_VERSION: m1_amx-1.8.2-7555 (21011843)
APPL_M1/DP    TRY    JIT    STA    COL
   0..13      0      0      0      0 
  14..23      0      0      0      0 
  24..64      0      0      0      0 
    > 64      1      1      0      0 
Registry and code: 13 MB (gemm=1 nleaks=1)
Uptime: 1.877535 s
LIBXSMM WARNING: timer is maybe not cycle-accurate!

LIBXSMM_VERSION: m1_amx-1.8.2-7555 (21011843)
APPL_M1/DP    TRY    JIT    STA    COL
   0..13      0      0      0      0 
  14..23      0      0      0      0 
  24..64      0      0      0      0 
    > 64      1      1      0      0 
Registry and code: 13 MB (gemm=1 nleaks=1)
Uptime: 0.874606 s
LIBXSMM WARNING: timer is maybe not cycle-accurate!

LIBXSMM_VERSION: m1_amx-1.8.2-7555 (21011843)
APPL_M1/DP    TRY    JIT    STA    COL
   0..13      0      0      0      0 
  14..23      0      0      0      0 
  24..64      0      0      0      0 
    > 64      1      1      0      0 
Registry and code: 13 MB (gemm=1 nleaks=1)
Uptime: 0.506174 s
LIBXSMM WARNING: timer is maybe not cycle-accurate!

LIBXSMM_VERSION: m1_amx-1.8.2-7555 (21011843)
APPL_M1/DP    TRY    JIT    STA    COL
   0..13      0      0      0      0 
  14..23      0      0      0      0 
  24..64      0      0      0      0 
    > 64      1      1      0      0 
Registry and code: 13 MB (gemm=1 nleaks=1)
Uptime: 0.881755 s
Generating and Compiling data/example_mats/hex/p1/gauss-legendre/m0.txt
Running data/example_mats/hex/p1/gauss-legendre/m0.txt
Finished running in 0.31043333333333334ms
Generating and Compiling data/example_mats/hex/p1/gauss-legendre/m3.txt
Running data/example_mats/hex/p1/gauss-legendre/m3.txt
Finished running in 0.48836666666666667ms
Generating and Compiling data/example_mats/hex/p1/gauss-legendre/m6.txt
Running data/example_mats/hex/p1/gauss-legendre/m6.txt
Finished running in 0.8481333333333333ms
Generating and Compiling data/example_mats/hex/p1/gauss-legendre/m132.txt
Running data/example_mats/hex/p1/gauss-legendre/m132.txt
Finished running in 0.47253333333333336ms
Generating and Compiling data/example_mats/hex/p1/gauss-legendre/m460.txt
Running data/example_mats/hex/p1/gauss-legendre/m460.txt
Finished running in 0.30996666666666667ms
Generating and Compiling data/example_mats/hex/p2/gauss-legendre-lobatto/m0.txt
Running data/example_mats/hex/p2/gauss-legendre-lobatto/m0.txt
Finished running in 1.8911666666666667ms
Generating and Compiling data/example_mats/hex/p2/gauss-legendre-lobatto/m3.txt
Running data/example_mats/hex/p2/gauss-legendre-lobatto/m3.txt
Finished running in 2.384066666666667ms
Generating and Compiling data/example_mats/hex/p2/gauss-legendre-lobatto/m6.txt
Running data/example_mats/hex/p2/gauss-legendre-lobatto/m6.txt
Finished running in 3.1567ms
Generating and Compiling data/example_mats/hex/p2/gauss-legendre-lobatto/m132.txt
Running data/example_mats/hex/p2/gauss-legendre-lobatto/m132.txt
Finished running in 3.3249333333333335ms
Generating and Compiling data/example_mats/hex/p2/gauss-legendre-lobatto/m460.txt
Running data/example_mats/hex/p2/gauss-legendre-lobatto/m460.txt
Finished running in 2.4016ms
Generating and Compiling data/example_mats/hex/p2/gauss-legendre/m0.txt
Running data/example_mats/hex/p2/gauss-legendre/m0.txt
Finished running in 1.4555666666666667ms
Generating and Compiling data/example_mats/hex/p2/gauss-legendre/m3.txt
Running data/example_mats/hex/p2/gauss-legendre/m3.txt
Finished running in 2.4616666666666664ms
Generating and Compiling data/example_mats/hex/p2/gauss-legendre/m6.txt
Running data/example_mats/hex/p2/gauss-legendre/m6.txt
Finished running in 3.2356666666666665ms
Generating and Compiling data/example_mats/hex/p2/gauss-legendre/m132.txt
Running data/example_mats/hex/p2/gauss-legendre/m132.txt
Finished running in 3.3222999999999994ms
Generating and Compiling data/example_mats/hex/p2/gauss-legendre/m460.txt
Running data/example_mats/hex/p2/gauss-legendre/m460.txt
Finished running in 2.3819333333333335ms
Generating and Compiling data/example_mats/hex/p3/gauss-legendre-lobatto/m0.txt
Running data/example_mats/hex/p3/gauss-legendre-lobatto/m0.txt
Finished running in 3.3978333333333333ms
Generating and Compiling data/example_mats/hex/p3/gauss-legendre-lobatto/m3.txt
Running data/example_mats/hex/p3/gauss-legendre-lobatto/m3.txt
Finished running in 4.885433333333333ms
Generating and Compiling data/example_mats/hex/p3/gauss-legendre-lobatto/m6.txt
Running data/example_mats/hex/p3/gauss-legendre-lobatto/m6.txt
Finished running in 6.420466666666668ms
Generating and Compiling data/example_mats/hex/p3/gauss-legendre-lobatto/m132.txt
Running data/example_mats/hex/p3/gauss-legendre-lobatto/m132.txt
Finished running in 10.048366666666668ms
Generating and Compiling data/example_mats/hex/p3/gauss-legendre-lobatto/m460.txt
Running data/example_mats/hex/p3/gauss-legendre-lobatto/m460.txt
Finished running in 5.307366666666667ms
Generating and Compiling data/example_mats/hex/p3/gauss-legendre/m0.txt
Running data/example_mats/hex/p3/gauss-legendre/m0.txt
Finished running in 3.5476ms
Generating and Compiling data/example_mats/hex/p3/gauss-legendre/m3.txt
Running data/example_mats/hex/p3/gauss-legendre/m3.txt
Finished running in 4.869933333333334ms
Generating and Compiling data/example_mats/hex/p3/gauss-legendre/m6.txt
Running data/example_mats/hex/p3/gauss-legendre/m6.txt
Finished running in 6.4178ms
Generating and Compiling data/example_mats/hex/p3/gauss-legendre/m132.txt
Running data/example_mats/hex/p3/gauss-legendre/m132.txt
Finished running in 10.399333333333335ms
Generating and Compiling data/example_mats/hex/p3/gauss-legendre/m460.txt
Running data/example_mats/hex/p3/gauss-legendre/m460.txt
Finished running in 5.5294ms
Generating and Compiling data/example_mats/hex/p4/gauss-legendre-lobatto/m0.txt
Running data/example_mats/hex/p4/gauss-legendre-lobatto/m0.txt
Finished running in 5.447566666666666ms
Generating and Compiling data/example_mats/hex/p4/gauss-legendre-lobatto/m3.txt
Running data/example_mats/hex/p4/gauss-legendre-lobatto/m3.txt
Finished running in 8.432066666666666ms
Generating and Compiling data/example_mats/hex/p4/gauss-legendre-lobatto/m6.txt
Running data/example_mats/hex/p4/gauss-legendre-lobatto/m6.txt
Finished running in 10.7648ms
Generating and Compiling data/example_mats/hex/p4/gauss-legendre-lobatto/m132.txt
Running data/example_mats/hex/p4/gauss-legendre-lobatto/m132.txt
Finished running in 21.337766666666667ms
Generating and Compiling data/example_mats/hex/p4/gauss-legendre-lobatto/m460.txt
Running data/example_mats/hex/p4/gauss-legendre-lobatto/m460.txt
Finished running in 13.154766666666667ms
Generating and Compiling data/example_mats/hex/p4/gauss-legendre/m0.txt
Running data/example_mats/hex/p4/gauss-legendre/m0.txt
Finished running in 6.419333333333333ms
Generating and Compiling data/example_mats/hex/p4/gauss-legendre/m3.txt
Running data/example_mats/hex/p4/gauss-legendre/m3.txt
Finished running in 8.434633333333332ms
Generating and Compiling data/example_mats/hex/p4/gauss-legendre/m6.txt
Running data/example_mats/hex/p4/gauss-legendre/m6.txt
Finished running in 10.758766666666666ms
Generating and Compiling data/example_mats/hex/p4/gauss-legendre/m132.txt
Running data/example_mats/hex/p4/gauss-legendre/m132.txt
Finished running in 22.253733333333336ms
Generating and Compiling data/example_mats/hex/p4/gauss-legendre/m460.txt
Running data/example_mats/hex/p4/gauss-legendre/m460.txt
Finished running in 11.7907ms
Generating and Compiling data/example_mats/hex/p5/gauss-legendre-lobatto/m0.txt
Running data/example_mats/hex/p5/gauss-legendre-lobatto/m0.txt
Finished running in 8.126ms
Generating and Compiling data/example_mats/hex/p5/gauss-legendre-lobatto/m3.txt
Running data/example_mats/hex/p5/gauss-legendre-lobatto/m3.txt
Finished running in 14.5465ms
Generating and Compiling data/example_mats/hex/p5/gauss-legendre-lobatto/m6.txt
Running data/example_mats/hex/p5/gauss-legendre-lobatto/m6.txt
Finished running in 18.099466666666668ms
Generating and Compiling data/example_mats/hex/p5/gauss-legendre-lobatto/m132.txt
Running data/example_mats/hex/p5/gauss-legendre-lobatto/m132.txt
Finished running in 47.509499999999996ms
Generating and Compiling data/example_mats/hex/p5/gauss-legendre-lobatto/m460.txt
Running data/example_mats/hex/p5/gauss-legendre-lobatto/m460.txt
Finished running in 28.973533333333332ms
Generating and Compiling data/example_mats/hex/p5/gauss-legendre/m0.txt
Running data/example_mats/hex/p5/gauss-legendre/m0.txt
Finished running in 12.018033333333335ms
Generating and Compiling data/example_mats/hex/p5/gauss-legendre/m3.txt
Running data/example_mats/hex/p5/gauss-legendre/m3.txt
Finished running in 14.577533333333333ms
Generating and Compiling data/example_mats/hex/p5/gauss-legendre/m6.txt
Running data/example_mats/hex/p5/gauss-legendre/m6.txt
Finished running in 18.1087ms
Generating and Compiling data/example_mats/hex/p5/gauss-legendre/m132.txt
Running data/example_mats/hex/p5/gauss-legendre/m132.txt
Finished running in 53.242066666666666ms
Generating and Compiling data/example_mats/hex/p5/gauss-legendre/m460.txt
Running data/example_mats/hex/p5/gauss-legendre/m460.txt
Finished running in 23.28373333333333ms
Generating and Compiling data/example_mats/hex/p6/gauss-legendre-lobatto/m0.txt
Running data/example_mats/hex/p6/gauss-legendre-lobatto/m0.txt
Finished running in 11.294766666666666ms
Generating and Compiling data/example_mats/hex/p6/gauss-legendre-lobatto/m3.txt
Running data/example_mats/hex/p6/gauss-legendre-lobatto/m3.txt
Finished running in LIBXSMM WARNING: timer is maybe not cycle-accurate!

LIBXSMM_VERSION: m1_amx-1.8.2-7555 (21011843)
APPL_M1/DP    TRY    JIT    STA    COL
   0..13      0      0      0      0 
  14..23      0      0      0      0 
  24..64      0      0      0      0 
    > 64      1      1      0      0 
Registry and code: 13 MB (gemm=1 nleaks=1)
Uptime: 1.147230 s
LIBXSMM WARNING: timer is maybe not cycle-accurate!

LIBXSMM_VERSION: m1_amx-1.8.2-7555 (21011843)
APPL_M1/DP    TRY    JIT    STA    COL
   0..13      0      0      0      0 
  14..23      0      0      0      0 
  24..64      0      0      0      0 
    > 64      1      1      0      0 
Registry and code: 13 MB (gemm=1 nleaks=1)
Uptime: 3.587886 s
LIBXSMM WARNING: timer is maybe not cycle-accurate!

LIBXSMM_VERSION: m1_amx-1.8.2-7555 (21011843)
APPL_M1/DP    TRY    JIT    STA    COL
   0..13      0      0      0      0 
  14..23      0      0      0      0 
  24..64      0      0      0      0 
    > 64      1      1      0      0 
Registry and code: 13 MB (gemm=1 nleaks=1)
Uptime: 3.116050 s
LIBXSMM WARNING: timer is maybe not cycle-accurate!

LIBXSMM_VERSION: m1_amx-1.8.2-7555 (21011843)
APPL_M1/DP    TRY    JIT    STA    COL
   0..13      0      0      0      0 
  14..23      0      0      0      0 
  24..64      0      0      0      0 
    > 64      1      1      0      0 
Registry and code: 13 MB (gemm=1 nleaks=1)
Uptime: 0.756231 s
LIBXSMM WARNING: timer is maybe not cycle-accurate!

LIBXSMM_VERSION: m1_amx-1.8.2-7555 (21011843)
APPL_M1/DP    TRY    JIT    STA    COL
   0..13      0      0      0      0 
  14..23      0      0      0      0 
  24..64      0      0      0      0 
    > 64      1      1      0      0 
Registry and code: 13 MB (gemm=1 nleaks=1)
Uptime: 0.851143 s
LIBXSMM WARNING: timer is maybe not cycle-accurate!

LIBXSMM_VERSION: m1_amx-1.8.2-7555 (21011843)
APPL_M1/DP    TRY    JIT    STA    COL
   0..13      0      0      0      0 
  14..23      0      0      0      0 
  24..64      0      0      0      0 
    > 64      1      1      0      0 
Registry and code: 13 MB (gemm=1 nleaks=1)
Uptime: 1.147173 s
LIBXSMM WARNING: timer is maybe not cycle-accurate!

LIBXSMM_VERSION: m1_amx-1.8.2-7555 (21011843)
APPL_M1/DP    TRY    JIT    STA    COL
   0..13      0      0      0      0 
  14..23      0      0      0      0 
  24..64      0      0      0      0 
    > 64      1      1      0      0 
Registry and code: 13 MB (gemm=1 nleaks=1)
Uptime: 3.906163 s
LIBXSMM WARNING: timer is maybe not cycle-accurate!

LIBXSMM_VERSION: m1_amx-1.8.2-7555 (21011843)
APPL_M1/DP    TRY    JIT    STA    COL
   0..13      0      0      0      0 
  14..23      0      0      0      0 
  24..64      0      0      0      0 
    > 64      1      1      0      0 
Registry and code: 13 MB (gemm=1 nleaks=1)
Uptime: 1.954644 s
LIBXSMM WARNING: timer is maybe not cycle-accurate!

LIBXSMM_VERSION: m1_amx-1.8.2-7555 (21011843)
APPL_M1/DP    TRY    JIT    STA    COL
   0..13      1      1      0      0 
  14..23      0      0      0      0 
  24..64      0      0      0      0 
Registry and code: 13 MB (gemm=1 nleaks=1)
Uptime: 0.008286 s
LIBXSMM WARNING: timer is maybe not cycle-accurate!

LIBXSMM_VERSION: m1_amx-1.8.2-7555 (21011843)
APPL_M1/DP    TRY    JIT    STA    COL
   0..13      1      1      0      0 
  14..23      0      0      0      0 
  24..64      0      0      0      0 
Registry and code: 13 MB (gemm=1 nleaks=1)
Uptime: 0.009100 s
LIBXSMM WARNING: timer is maybe not cycle-accurate!

LIBXSMM_VERSION: m1_amx-1.8.2-7555 (21011843)
APPL_M1/DP    TRY    JIT    STA    COL
   0..13      1      1      0      0 
  14..23      0      0      0      0 
  24..64      0      0      0      0 
Registry and code: 13 MB (gemm=1 nleaks=1)
Uptime: 0.008878 s
LIBXSMM WARNING: timer is maybe not cycle-accurate!

LIBXSMM_VERSION: m1_amx-1.8.2-7555 (21011843)
APPL_M1/DP    TRY    JIT    STA    COL
   0..13      1      1      0      0 
  14..23      0      0      0      0 
  24..64      0      0      0      0 
Registry and code: 13 MB (gemm=1 nleaks=1)
Uptime: 0.008887 s
LIBXSMM WARNING: timer is maybe not cycle-accurate!

LIBXSMM_VERSION: m1_amx-1.8.2-7555 (21011843)
APPL_M1/DP    TRY    JIT    STA    COL
   0..13      1      1      0      0 
  14..23      0      0      0      0 
  24..64      0      0      0      0 
Registry and code: 13 MB (gemm=1 nleaks=1)
Uptime: 0.007665 s
LIBXSMM WARNING: timer is maybe not cycle-accurate!

LIBXSMM_VERSION: m1_amx-1.8.2-7555 (21011843)
APPL_M1/DP    TRY    JIT    STA    COL
   0..13      1      1      0      0 
  14..23      0      0      0      0 
  24..64      0      0      0      0 
Registry and code: 13 MB (gemm=1 nleaks=1)
Uptime: 0.025987 s
LIBXSMM WARNING: timer is maybe not cycle-accurate!

LIBXSMM_VERSION: m1_amx-1.8.2-7555 (21011843)
APPL_M1/DP    TRY    JIT    STA    COL
   0..13      1      1      0      0 
  14..23      0      0      0      0 
  24..64      0      0      0      0 
Registry and code: 13 MB (gemm=1 nleaks=1)
Uptime: 0.014519 s
LIBXSMM WARNING: timer is maybe not cycle-accurate!

LIBXSMM_VERSION: m1_amx-1.8.2-7555 (21011843)
APPL_M1/DP    TRY    JIT    STA    COL
   0..13      1      1      0      0 
  14..23      0      0      0      0 
  24..64      0      0      0      0 
Registry and code: 13 MB (gemm=1 nleaks=1)
Uptime: 0.014489 s
LIBXSMM WARNING: timer is maybe not cycle-accurate!

LIBXSMM_VERSION: m1_amx-1.8.2-7555 (21011843)
APPL_M1/DP    TRY    JIT    STA    COL
   0..13      1      1      0      0 
  14..23      0      0      0      0 
  24..64      0      0      0      0 
Registry and code: 13 MB (gemm=1 nleaks=1)
Uptime: 0.019379 s
LIBXSMM WARNING: timer is maybe not cycle-accurate!

LIBXSMM_VERSION: m1_amx-1.8.2-7555 (21011843)
APPL_M1/DP    TRY    JIT    STA    COL
   0..13      1      1      0      0 
  14..23      0      0      0      0 
  24..64      0      0      0      0 
Registry and code: 13 MB (gemm=1 nleaks=1)
Uptime: 0.014282 s
LIBXSMM WARNING: timer is maybe not cycle-accurate!

LIBXSMM_VERSION: m1_amx-1.8.2-7555 (21011843)
APPL_M1/DP    TRY    JIT    STA    COL
   0..13      1      1      0      0 
  14..23      0      0      0      0 
  24..64      0      0      0      0 
Registry and code: 13 MB (gemm=1 nleaks=1)
Uptime: 0.011445 s
LIBXSMM WARNING: timer is maybe not cycle-accurate!

LIBXSMM_VERSION: m1_amx-1.8.2-7555 (21011843)
APPL_M1/DP    TRY    JIT    STA    COL
   0..13      1      1      0      0 
  14..23      0      0      0      0 
  24..64      0      0      0      0 
Registry and code: 13 MB (gemm=1 nleaks=1)
Uptime: 0.014463 s
LIBXSMM WARNING: timer is maybe not cycle-accurate!

LIBXSMM_VERSION: m1_amx-1.8.2-7555 (21011843)
APPL_M1/DP    TRY    JIT    STA    COL
   0..13      1      1      0      0 
  14..23      0      0      0      0 
  24..64      0      0      0      0 
Registry and code: 13 MB (gemm=1 nleaks=1)
Uptime: 0.014259 s
LIBXSMM WARNING: timer is maybe not cycle-accurate!

LIBXSMM_VERSION: m1_amx-1.8.2-7555 (21011843)
APPL_M1/DP    TRY    JIT    STA    COL
   0..13      1      1      0      0 
  14..23      0      0      0      0 
  24..64      0      0      0      0 
Registry and code: 13 MB (gemm=1 nleaks=1)
Uptime: 0.018902 s
LIBXSMM WARNING: timer is maybe not cycle-accurate!

LIBXSMM_VERSION: m1_amx-1.8.2-7555 (21011843)
APPL_M1/DP    TRY    JIT    STA    COL
   0..13      1      1      0      0 
  14..23      0      0      0      0 
  24..64      0      0      0      0 
Registry and code: 13 MB (gemm=1 nleaks=1)
Uptime: 0.014406 s
LIBXSMM WARNING: timer is maybe not cycle-accurate!

LIBXSMM_VERSION: m1_amx-1.8.2-7555 (21011843)
APPL_M1/DP    TRY    JIT    STA    COL
   0..13      1      1      0      0 
  14..23      0      0      0      0 
  24..64      0      0      0      0 
Registry and code: 13 MB (gemm=1 nleaks=1)
Uptime: 0.037474 s
LIBXSMM WARNING: timer is maybe not cycle-accurate!

LIBXSMM_VERSION: m1_amx-1.8.2-7555 (21011843)
APPL_M1/DP    TRY    JIT    STA    COL
   0..13      1      1      0      0 
  14..23      0      0      0      0 
  24..64      0      0      0      0 
Registry and code: 13 MB (gemm=1 nleaks=1)
Uptime: 0.021099 s
LIBXSMM WARNING: timer is maybe not cycle-accurate!

LIBXSMM_VERSION: m1_amx-1.8.2-7555 (21011843)
APPL_M1/DP    TRY    JIT    STA    COL
   0..13      0      0      0      0 
  14..23      1      1      0      0 
  24..64      0      0      0      0 
Registry and code: 13 MB (gemm=1 nleaks=1)
Uptime: 0.021831 s
LIBXSMM WARNING: timer is maybe not cycle-accurate!

LIBXSMM_VERSION: m1_amx-1.8.2-7555 (21011843)
APPL_M1/DP    TRY    JIT    STA    COL
   0..13      0      0      0      0 
  14..23      1      1      0      0 
  24..64      0      0      0      0 
Registry and code: 13 MB (gemm=1 nleaks=1)
Uptime: 0.053978 s
LIBXSMM WARNING: timer is maybe not cycle-accurate!

LIBXSMM_VERSION: m1_amx-1.8.2-7555 (21011843)
APPL_M1/DP    TRY    JIT    STA    COL
   0..13      0      0      0      0 
  14..23      1      1      0      0 
  24..64      0      0      0      0 
Registry and code: 13 MB (gemm=1 nleaks=1)
Uptime: 0.026481 s
LIBXSMM WARNING: timer is maybe not cycle-accurate!

LIBXSMM_VERSION: m1_amx-1.8.2-7555 (21011843)
APPL_M1/DP    TRY    JIT    STA    COL
   0..13      1      1      0      0 
  14..23      0      0      0      0 
  24..64      0      0      0      0 
Registry and code: 13 MB (gemm=1 nleaks=1)
Uptime: 0.017397 s
LIBXSMM WARNING: timer is maybe not cycle-accurate!

LIBXSMM_VERSION: m1_amx-1.8.2-7555 (21011843)
APPL_M1/DP    TRY    JIT    STA    COL
   0..13      1      1      0      0 
  14..23      0      0      0      0 
  24..64      0      0      0      0 
Registry and code: 13 MB (gemm=1 nleaks=1)
Uptime: 0.021036 s
LIBXSMM WARNING: timer is maybe not cycle-accurate!

LIBXSMM_VERSION: m1_amx-1.8.2-7555 (21011843)
APPL_M1/DP    TRY    JIT    STA    COL
   0..13      0      0      0      0 
  14..23      1      1      0      0 
  24..64      0      0      0      0 
Registry and code: 13 MB (gemm=1 nleaks=1)
Uptime: 0.021718 s
LIBXSMM WARNING: timer is maybe not cycle-accurate!

LIBXSMM_VERSION: m1_amx-1.8.2-7555 (21011843)
APPL_M1/DP    TRY    JIT    STA    COL
   0..13      0      0      0      0 
  14..23      1      1      0      0 
  24..64      0      0      0      0 
Registry and code: 13 MB (gemm=1 nleaks=1)
Uptime: 0.055415 s
LIBXSMM WARNING: timer is maybe not cycle-accurate!

LIBXSMM_VERSION: m1_amx-1.8.2-7555 (21011843)
APPL_M1/DP    TRY    JIT    STA    COL
   0..13      0      0      0      0 
  14..23      1      1      0      0 
  24..64      0      0      0      0 
Registry and code: 13 MB (gemm=1 nleaks=1)
Uptime: 0.024789 s
LIBXSMM WARNING: timer is maybe not cycle-accurate!

LIBXSMM_VERSION: m1_amx-1.8.2-7555 (21011843)
APPL_M1/DP    TRY    JIT    STA    COL
   0..13      0      0      0      0 
  14..23      1      1      0      0 
  24..64      0      0      0      0 
Registry and code: 13 MB (gemm=1 nleaks=1)
Uptime: 0.042516 s
LIBXSMM WARNING: timer is maybe not cycle-accurate!

LIBXSMM_VERSION: m1_amx-1.8.2-7555 (21011843)
APPL_M1/DP    TRY    JIT    STA    COL
   0..13      0      0      0      0 
  14..23      1      1      0      0 
  24..64      0      0      0      0 
Registry and code: 13 MB (gemm=1 nleaks=1)
Uptime: 0.029533 s
LIBXSMM WARNING: timer is maybe not cycle-accurate!

LIBXSMM_VERSION: m1_amx-1.8.2-7555 (21011843)
APPL_M1/DP    TRY    JIT    STA    COL
   0..13      0      0      0      0 
  14..23      1      1      0      0 
  24..64      0      0      0      0 
Registry and code: 13 MB (gemm=1 nleaks=1)
Uptime: 0.032944 s
LIBXSMM WARNING: timer is maybe not cycle-accurate!

LIBXSMM_VERSION: m1_amx-1.8.2-7555 (21011843)
APPL_M1/DP    TRY    JIT    STA    COL
   0..13      0      0      0      0 
  14..23      1      1      0      0 
  24..64      0      0      0      0 
Registry and code: 13 MB (gemm=1 nleaks=1)
Uptime: 0.088587 s
LIBXSMM WARNING: timer is maybe not cycle-accurate!

LIBXSMM_VERSION: m1_amx-1.8.2-7555 (21011843)
APPL_M1/DP    TRY    JIT    STA    COL
   0..13      0      0      0      0 
  14..23      1      1      0      0 
  24..64      0      0      0      0 
Registry and code: 13 MB (gemm=1 nleaks=1)
Uptime: 0.055136 s
LIBXSMM WARNING: timer is maybe not cycle-accurate!

LIBXSMM_VERSION: m1_amx-1.8.2-7555 (21011843)
APPL_M1/DP    TRY    JIT    STA    COL
   0..13      0      0      0      0 
  14..23      1      1      0      0 
  24..64      0      0      0      0 
Registry and code: 13 MB (gemm=1 nleaks=1)
Uptime: 0.030857 s
LIBXSMM WARNING: timer is maybe not cycle-accurate!

LIBXSMM_VERSION: m1_amx-1.8.2-7555 (21011843)
APPL_M1/DP    TRY    JIT    STA    COL
   0..13      0      0      0      0 
  14..23      1      1      0      0 
  24..64      0      0      0      0 
Registry and code: 13 MB (gemm=1 nleaks=1)
Uptime: 0.029566 s
LIBXSMM WARNING: timer is maybe not cycle-accurate!

LIBXSMM_VERSION: m1_amx-1.8.2-7555 (21011843)
APPL_M1/DP    TRY    JIT    STA    COL
   0..13      0      0      0      0 
  14..23      1      1      0      0 
  24..64      0      0      0      0 
Registry and code: 13 MB (gemm=1 nleaks=1)
Uptime: 0.033863 s
LIBXSMM WARNING: timer is maybe not cycle-accurate!

LIBXSMM_VERSION: m1_amx-1.8.2-7555 (21011843)
APPL_M1/DP    TRY    JIT    STA    COL
   0..13      0      0      0      0 
  14..23      1      1      0      0 
  24..64      0      0      0      0 
Registry and code: 13 MB (gemm=1 nleaks=1)
Uptime: 0.091632 s
LIBXSMM WARNING: timer is maybe not cycle-accurate!

LIBXSMM_VERSION: m1_amx-1.8.2-7555 (21011843)
APPL_M1/DP    TRY    JIT    STA    COL
   0..13      0      0      0      0 
  14..23      1      1      0      0 
  24..64      0      0      0      0 
Registry and code: 13 MB (gemm=1 nleaks=1)
Uptime: 0.054171 s
LIBXSMM WARNING: timer is maybe not cycle-accurate!

LIBXSMM_VERSION: m1_amx-1.8.2-7555 (21011843)
APPL_M1/DP    TRY    JIT    STA    COL
   0..13      0      0      0      0 
  14..23      1      1      0      0 
  24..64      0      0      0      0 
Registry and code: 13 MB (gemm=1 nleaks=1)
Uptime: 0.048967 s
LIBXSMM WARNING: timer is maybe not cycle-accurate!

LIBXSMM_VERSION: m1_amx-1.8.2-7555 (21011843)
APPL_M1/DP    TRY    JIT    STA    COL
   0..13      0      0      0      0 
  14..23      1      1      0      0 
  24..64      0      0      0      0 
Registry and code: 13 MB (gemm=1 nleaks=1)
Uptime: 0.042942 s
LIBXSMM WARNING: timer is maybe not cycle-accurate!

LIBXSMM_VERSION: m1_amx-1.8.2-7555 (21011843)
APPL_M1/DP    TRY    JIT    STA    COL
   0..13      0      0      0      0 
  14..23      0      0      0      0 
  24..64      1      1      0      0 
Registry and code: 13 MB (gemm=1 nleaks=1)
Uptime: 0.064020 s
24.052999999999997ms
Generating and Compiling data/example_mats/hex/p6/gauss-legendre-lobatto/m6.txt
Running data/example_mats/hex/p6/gauss-legendre-lobatto/m6.txt
Finished running in 26.99226666666667ms
Generating and Compiling data/example_mats/hex/p6/gauss-legendre-lobatto/m132.txt
Running data/example_mats/hex/p6/gauss-legendre-lobatto/m132.txt
Finished running in 100.5822ms
Generating and Compiling data/example_mats/hex/p6/gauss-legendre-lobatto/m460.txt
Running data/example_mats/hex/p6/gauss-legendre-lobatto/m460.txt
Finished running in 89.92793333333334ms
Generating and Compiling data/example_mats/hex/p6/gauss-legendre/m0.txt
Running data/example_mats/hex/p6/gauss-legendre/m0.txt
Finished running in 19.541099999999997ms
Generating and Compiling data/example_mats/hex/p6/gauss-legendre/m3.txt
Running data/example_mats/hex/p6/gauss-legendre/m3.txt
Finished running in 23.036166666666666ms
Generating and Compiling data/example_mats/hex/p6/gauss-legendre/m6.txt
Running data/example_mats/hex/p6/gauss-legendre/m6.txt
Finished running in 26.967133333333333ms
Generating and Compiling data/example_mats/hex/p6/gauss-legendre/m132.txt
Running data/example_mats/hex/p6/gauss-legendre/m132.txt
Finished running in 110.98556666666667ms
Generating and Compiling data/example_mats/hex/p6/gauss-legendre/m460.txt
Running data/example_mats/hex/p6/gauss-legendre/m460.txt
Finished running in 51.374500000000005ms
Generating and Compiling data/example_mats/quad/p1/gauss-legendre/m0.txt
Running data/example_mats/quad/p1/gauss-legendre/m0.txt
Finished running in 0.1292ms
Generating and Compiling data/example_mats/quad/p1/gauss-legendre/m3.txt
Running data/example_mats/quad/p1/gauss-legendre/m3.txt
Finished running in 0.15296666666666667ms
Generating and Compiling data/example_mats/quad/p1/gauss-legendre/m6.txt
Running data/example_mats/quad/p1/gauss-legendre/m6.txt
Finished running in 0.14853333333333335ms
Generating and Compiling data/example_mats/quad/p1/gauss-legendre/m132.txt
Running data/example_mats/quad/p1/gauss-legendre/m132.txt
Finished running in 0.14983333333333335ms
Generating and Compiling data/example_mats/quad/p1/gauss-legendre/m460.txt
Running data/example_mats/quad/p1/gauss-legendre/m460.txt
Finished running in 0.12876666666666667ms
Generating and Compiling data/example_mats/quad/p2/gauss-legendre-lobatto/m0.txt
Running data/example_mats/quad/p2/gauss-legendre-lobatto/m0.txt
Finished running in 0.6988333333333333ms
Generating and Compiling data/example_mats/quad/p2/gauss-legendre-lobatto/m3.txt
Running data/example_mats/quad/p2/gauss-legendre-lobatto/m3.txt
Finished running in 0.29140000000000005ms
Generating and Compiling data/example_mats/quad/p2/gauss-legendre-lobatto/m6.txt
Running data/example_mats/quad/p2/gauss-legendre-lobatto/m6.txt
Finished running in 0.2884333333333334ms
Generating and Compiling data/example_mats/quad/p2/gauss-legendre-lobatto/m132.txt
Running data/example_mats/quad/p2/gauss-legendre-lobatto/m132.txt
Finished running in 0.40246666666666664ms
Generating and Compiling data/example_mats/quad/p2/gauss-legendre-lobatto/m460.txt
Running data/example_mats/quad/p2/gauss-legendre-lobatto/m460.txt
Finished running in 0.31396666666666667ms
Generating and Compiling data/example_mats/quad/p2/gauss-legendre/m0.txt
Running data/example_mats/quad/p2/gauss-legendre/m0.txt
Finished running in 0.21403333333333335ms
Generating and Compiling data/example_mats/quad/p2/gauss-legendre/m3.txt
Running data/example_mats/quad/p2/gauss-legendre/m3.txt
Finished running in 0.28933333333333333ms
Generating and Compiling data/example_mats/quad/p2/gauss-legendre/m6.txt
Running data/example_mats/quad/p2/gauss-legendre/m6.txt
Finished running in 0.2861ms
Generating and Compiling data/example_mats/quad/p2/gauss-legendre/m132.txt
Running data/example_mats/quad/p2/gauss-legendre/m132.txt
Finished running in 0.3955666666666667ms
Generating and Compiling data/example_mats/quad/p2/gauss-legendre/m460.txt
Running data/example_mats/quad/p2/gauss-legendre/m460.txt
Finished running in 0.3128ms
Generating and Compiling data/example_mats/quad/p3/gauss-legendre-lobatto/m0.txt
Running data/example_mats/quad/p3/gauss-legendre-lobatto/m0.txt
Finished running in 1.0321ms
Generating and Compiling data/example_mats/quad/p3/gauss-legendre-lobatto/m3.txt
Running data/example_mats/quad/p3/gauss-legendre-lobatto/m3.txt
Finished running in 0.47536666666666666ms
Generating and Compiling data/example_mats/quad/p3/gauss-legendre-lobatto/m6.txt
Running data/example_mats/quad/p3/gauss-legendre-lobatto/m6.txt
Finished running in 0.4864ms
Generating and Compiling data/example_mats/quad/p3/gauss-legendre-lobatto/m132.txt
Running data/example_mats/quad/p3/gauss-legendre-lobatto/m132.txt
Finished running in 1.4246333333333332ms
Generating and Compiling data/example_mats/quad/p3/gauss-legendre-lobatto/m460.txt
Running data/example_mats/quad/p3/gauss-legendre-lobatto/m460.txt
Finished running in 0.6245999999999999ms
Generating and Compiling data/example_mats/quad/p3/gauss-legendre/m0.txt
Running data/example_mats/quad/p3/gauss-legendre/m0.txt
Finished running in 0.3431666666666667ms
Generating and Compiling data/example_mats/quad/p3/gauss-legendre/m3.txt
Running data/example_mats/quad/p3/gauss-legendre/m3.txt
Finished running in 0.47200000000000003ms
Generating and Compiling data/example_mats/quad/p3/gauss-legendre/m6.txt
Running data/example_mats/quad/p3/gauss-legendre/m6.txt
Finished running in 0.4836ms
Generating and Compiling data/example_mats/quad/p3/gauss-legendre/m132.txt
Running data/example_mats/quad/p3/gauss-legendre/m132.txt
Finished running in 1.4692ms
Generating and Compiling data/example_mats/quad/p3/gauss-legendre/m460.txt
Running data/example_mats/quad/p3/gauss-legendre/m460.txt
Finished running in 0.5812333333333334ms
Generating and Compiling data/example_mats/quad/p4/gauss-legendre-lobatto/m0.txt
Running data/example_mats/quad/p4/gauss-legendre-lobatto/m0.txt
Finished running in 0.34873333333333334ms
Generating and Compiling data/example_mats/quad/p4/gauss-legendre-lobatto/m3.txt
Running data/example_mats/quad/p4/gauss-legendre-lobatto/m3.txt
Finished running in 0.7020333333333333ms
Generating and Compiling data/example_mats/quad/p4/gauss-legendre-lobatto/m6.txt
Running data/example_mats/quad/p4/gauss-legendre-lobatto/m6.txt
Finished running in 0.8001333333333334ms
Generating and Compiling data/example_mats/quad/p4/gauss-legendre-lobatto/m132.txt
Running data/example_mats/quad/p4/gauss-legendre-lobatto/m132.txt
Finished running in 2.4099333333333335ms
Generating and Compiling data/example_mats/quad/p4/gauss-legendre-lobatto/m460.txt
Running data/example_mats/quad/p4/gauss-legendre-lobatto/m460.txt
Finished running in 1.483ms
Generating and Compiling data/example_mats/quad/p4/gauss-legendre/m0.txt
Running data/example_mats/quad/p4/gauss-legendre/m0.txt
Finished running in 0.7188333333333333ms
Generating and Compiling data/example_mats/quad/p4/gauss-legendre/m3.txt
Running data/example_mats/quad/p4/gauss-legendre/m3.txt
Finished running in 0.7035666666666667ms
Generating and Compiling data/example_mats/quad/p4/gauss-legendre/m6.txt
Running data/example_mats/quad/p4/gauss-legendre/m6.txt
Finished running in 0.7887333333333333ms
Generating and Compiling data/example_mats/quad/p4/gauss-legendre/m132.txt
Running data/example_mats/quad/p4/gauss-legendre/m132.txt
Finished running in 2.5067ms
Generating and Compiling data/example_mats/quad/p4/gauss-legendre/m460.txt
Running data/example_mats/quad/p4/gauss-legendre/m460.txt
Finished running in 1.4291666666666667ms
Generating and Compiling data/example_mats/quad/p5/gauss-legendre-lobatto/m0.txt
Running data/example_mats/quad/p5/gauss-legendre-lobatto/m0.txt
Finished running in 1.2275333333333334ms
Generating and Compiling data/example_mats/quad/p5/gauss-legendre-lobatto/m3.txt
Running data/example_mats/quad/p5/gauss-legendre-lobatto/m3.txt
Finished running in 1.1082333333333334ms
Generating and Compiling data/example_mats/quad/p5/gauss-legendre-lobatto/m6.txt
Running data/example_mats/quad/p5/gauss-legendre-lobatto/m6.txt
Finished running in 1.7631333333333332ms
Generating and Compiling LIBXSMM WARNING: timer is maybe not cycle-accurate!

LIBXSMM_VERSION: m1_amx-1.8.2-7555 (21011843)
APPL_M1/DP    TRY    JIT    STA    COL
   0..13      0      0      0      0 
  14..23      0      0      0      0 
  24..64      1      1      0      0 
Registry and code: 13 MB (gemm=1 nleaks=1)
Uptime: 0.136465 s
LIBXSMM WARNING: timer is maybe not cycle-accurate!

LIBXSMM_VERSION: m1_amx-1.8.2-7555 (21011843)
APPL_M1/DP    TRY    JIT    STA    COL
   0..13      0      0      0      0 
  14..23      0      0      0      0 
  24..64      1      1      0      0 
Registry and code: 13 MB (gemm=1 nleaks=1)
Uptime: 0.092734 s
LIBXSMM WARNING: timer is maybe not cycle-accurate!

LIBXSMM_VERSION: m1_amx-1.8.2-7555 (21011843)
APPL_M1/DP    TRY    JIT    STA    COL
   0..13      0      0      0      0 
  14..23      1      1      0      0 
  24..64      0      0      0      0 
Registry and code: 13 MB (gemm=1 nleaks=1)
Uptime: 0.062077 s
LIBXSMM WARNING: timer is maybe not cycle-accurate!

LIBXSMM_VERSION: m1_amx-1.8.2-7555 (21011843)
APPL_M1/DP    TRY    JIT    STA    COL
   0..13      0      0      0      0 
  14..23      1      1      0      0 
  24..64      0      0      0      0 
Registry and code: 13 MB (gemm=1 nleaks=1)
Uptime: 0.043056 s
LIBXSMM WARNING: timer is maybe not cycle-accurate!

LIBXSMM_VERSION: m1_amx-1.8.2-7555 (21011843)
APPL_M1/DP    TRY    JIT    STA    COL
   0..13      0      0      0      0 
  14..23      0      0      0      0 
  24..64      1      1      0      0 
Registry and code: 13 MB (gemm=1 nleaks=1)
Uptime: 0.063093 s
LIBXSMM WARNING: timer is maybe not cycle-accurate!

LIBXSMM_VERSION: m1_amx-1.8.2-7555 (21011843)
APPL_M1/DP    TRY    JIT    STA    COL
   0..13      0      0      0      0 
  14..23      0      0      0      0 
  24..64      1      1      0      0 
Registry and code: 13 MB (gemm=1 nleaks=1)
Uptime: 0.144114 s
LIBXSMM WARNING: timer is maybe not cycle-accurate!

LIBXSMM_VERSION: m1_amx-1.8.2-7555 (21011843)
APPL_M1/DP    TRY    JIT    STA    COL
   0..13      0      0      0      0 
  14..23      0      0      0      0 
  24..64      1      1      0      0 
Registry and code: 13 MB (gemm=1 nleaks=1)
Uptime: 0.087659 s
LIBXSMM WARNING: timer is maybe not cycle-accurate!

LIBXSMM_VERSION: m1_amx-1.8.2-7555 (21011843)
APPL_M1/DP    TRY    JIT    STA    COL
   0..13      0      0      0      0 
  14..23      1      1      0      0 
  24..64      0      0      0      0 
Registry and code: 13 MB (gemm=1 nleaks=1)
Uptime: 0.047696 s
LIBXSMM WARNING: timer is maybe not cycle-accurate!

LIBXSMM_VERSION: m1_amx-1.8.2-7555 (21011843)
APPL_M1/DP    TRY    JIT    STA    COL
   0..13      0      0      0      0 
  14..23      1      1      0      0 
  24..64      0      0      0      0 
Registry and code: 13 MB (gemm=1 nleaks=1)
Uptime: 0.059129 s
LIBXSMM WARNING: timer is maybe not cycle-accurate!

LIBXSMM_VERSION: m1_amx-1.8.2-7555 (21011843)
APPL_M1/DP    TRY    JIT    STA    COL
   0..13      0      0      0      0 
  14..23      0      0      0      0 
  24..64      1      1      0      0 
Registry and code: 13 MB (gemm=1 nleaks=1)
Uptime: 0.089267 s
LIBXSMM WARNING: timer is maybe not cycle-accurate!

LIBXSMM_VERSION: m1_amx-1.8.2-7555 (21011843)
APPL_M1/DP    TRY    JIT    STA    COL
   0..13      0      0      0      0 
  14..23      0      0      0      0 
  24..64      1      1      0      0 
Registry and code: 13 MB (gemm=1 nleaks=1)
Uptime: 0.206335 s
LIBXSMM WARNING: timer is maybe not cycle-accurate!

LIBXSMM_VERSION: m1_amx-1.8.2-7555 (21011843)
APPL_M1/DP    TRY    JIT    STA    COL
   0..13      0      0      0      0 
  14..23      0      0      0      0 
  24..64      1      1      0      0 
Registry and code: 13 MB (gemm=1 nleaks=1)
Uptime: 0.138608 s
LIBXSMM WARNING: timer is maybe not cycle-accurate!

LIBXSMM_VERSION: m1_amx-1.8.2-7555 (21011843)
APPL_M1/DP    TRY    JIT    STA    COL
   0..13      0      0      0      0 
  14..23      1      1      0      0 
  24..64      0      0      0      0 
Registry and code: 13 MB (gemm=1 nleaks=1)
Uptime: 0.075149 s
LIBXSMM WARNING: timer is maybe not cycle-accurate!

LIBXSMM_VERSION: m1_amx-1.8.2-7555 (21011843)
APPL_M1/DP    TRY    JIT    STA    COL
   0..13      0      0      0      0 
  14..23      1      1      0      0 
  24..64      0      0      0      0 
Registry and code: 13 MB (gemm=1 nleaks=1)
Uptime: 0.059076 s
LIBXSMM WARNING: timer is maybe not cycle-accurate!

LIBXSMM_VERSION: m1_amx-1.8.2-7555 (21011843)
APPL_M1/DP    TRY    JIT    STA    COL
   0..13      0      0      0      0 
  14..23      0      0      0      0 
  24..64      1      1      0      0 
Registry and code: 13 MB (gemm=1 nleaks=1)
Uptime: 0.089889 s
LIBXSMM WARNING: timer is maybe not cycle-accurate!

LIBXSMM_VERSION: m1_amx-1.8.2-7555 (21011843)
APPL_M1/DP    TRY    JIT    STA    COL
   0..13      0      0      0      0 
  14..23      0      0      0      0 
  24..64      1      1      0      0 
Registry and code: 13 MB (gemm=1 nleaks=1)
Uptime: 0.215758 s
LIBXSMM WARNING: timer is maybe not cycle-accurate!

LIBXSMM_VERSION: m1_amx-1.8.2-7555 (21011843)
APPL_M1/DP    TRY    JIT    STA    COL
   0..13      0      0      0      0 
  14..23      0      0      0      0 
  24..64      1      1      0      0 
Registry and code: 13 MB (gemm=1 nleaks=1)
Uptime: 0.123264 s
LIBXSMM WARNING: timer is maybe not cycle-accurate!

LIBXSMM_VERSION: m1_amx-1.8.2-7555 (21011843)
APPL_M1/DP    TRY    JIT    STA    COL
   0..13      1      1      0      0 
  14..23      0      0      0      0 
  24..64      0      0      0      0 
Registry and code: 13 MB (gemm=1 nleaks=1)
Uptime: 0.025722 s
LIBXSMM WARNING: timer is maybe not cycle-accurate!

LIBXSMM_VERSION: m1_amx-1.8.2-7555 (21011843)
APPL_M1/DP    TRY    JIT    STA    COL
   0..13      1      1      0      0 
  14..23      0      0      0      0 
  24..64      0      0      0      0 
Registry and code: 13 MB (gemm=1 nleaks=1)
Uptime: 0.011870 s
LIBXSMM WARNING: timer is maybe not cycle-accurate!

LIBXSMM_VERSION: m1_amx-1.8.2-7555 (21011843)
APPL_M1/DP    TRY    JIT    STA    COL
   0..13      1      1      0      0 
  14..23      0      0      0      0 
  24..64      0      0      0      0 
Registry and code: 13 MB (gemm=1 nleaks=1)
Uptime: 0.015483 s
LIBXSMM WARNING: timer is maybe not cycle-accurate!

LIBXSMM_VERSION: m1_amx-1.8.2-7555 (21011843)
APPL_M1/DP    TRY    JIT    STA    COL
   0..13      1      1      0      0 
  14..23      0      0      0      0 
  24..64      0      0      0      0 
Registry and code: 13 MB (gemm=1 nleaks=1)
Uptime: 0.012055 s
LIBXSMM WARNING: timer is maybe not cycle-accurate!

LIBXSMM_VERSION: m1_amx-1.8.2-7555 (21011843)
APPL_M1/DP    TRY    JIT    STA    COL
   0..13      1      1      0      0 
  14..23      0      0      0      0 
  24..64      0      0      0      0 
Registry and code: 13 MB (gemm=1 nleaks=1)
Uptime: 0.007449 s
LIBXSMM WARNING: timer is maybe not cycle-accurate!

LIBXSMM_VERSION: m1_amx-1.8.2-7555 (21011843)
APPL_M1/DP    TRY    JIT    STA    COL
   0..13      1      1      0      0 
  14..23      0      0      0      0 
  24..64      0      0      0      0 
Registry and code: 13 MB (gemm=1 nleaks=1)
Uptime: 0.032182 s
LIBXSMM WARNING: timer is maybe not cycle-accurate!

LIBXSMM_VERSION: m1_amx-1.8.2-7555 (21011843)
APPL_M1/DP    TRY    JIT    STA    COL
   0..13      1      1      0      0 
  14..23      0      0      0      0 
  24..64      0      0      0      0 
Registry and code: 13 MB (gemm=1 nleaks=1)
Uptime: 0.052480 s
LIBXSMM WARNING: timer is maybe not cycle-accurate!

LIBXSMM_VERSION: m1_amx-1.8.2-7555 (21011843)
APPL_M1/DP    TRY    JIT    STA    COL
   0..13      0      0      0      0 
  14..23      1      1      0      0 
  24..64      0      0      0      0 
Registry and code: 13 MB (gemm=1 nleaks=1)
Uptime: 0.055531 s
LIBXSMM WARNING: timer is maybe not cycle-accurate!

LIBXSMM_VERSION: m1_amx-1.8.2-7555 (21011843)
APPL_M1/DP    TRY    JIT    STA    COL
   0..13      0      0      0      0 
  14..23      1      1      0      0 
  24..64      0      0      0      0 
Registry and code: 13 MB (gemm=1 nleaks=1)
Uptime: 0.072186 s
LIBXSMM WARNING: timer is maybe not cycle-accurate!

LIBXSMM_VERSION: m1_amx-1.8.2-7555 (21011843)
APPL_M1/DP    TRY    JIT    STA    COL
   0..13      0      0      0      0 
  14..23      1      1      0      0 
  24..64      0      0      0      0 
Registry and code: 13 MB (gemm=1 nleaks=1)
Uptime: 0.034615 s
LIBXSMM WARNING: timer is maybe not cycle-accurate!

LIBXSMM_VERSION: m1_amx-1.8.2-7555 (21011843)
APPL_M1/DP    TRY    JIT    STA    COL
   0..13      0      0      0      0 
  14..23      1      1      0      0 
  24..64      0      0      0      0 
Registry and code: 13 MB (gemm=1 nleaks=1)
Uptime: 0.144107 s
LIBXSMM WARNING: timer is maybe not cycle-accurate!

LIBXSMM_VERSION: m1_amx-1.8.2-7555 (21011843)
APPL_M1/DP    TRY    JIT    STA    COL
   0..13      0      0      0      0 
  14..23      1      1      0      0 
  24..64      0      0      0      0 
Registry and code: 13 MB (gemm=1 nleaks=1)
Uptime: 0.142258 s
LIBXSMM WARNING: timer is maybe not cycle-accurate!

LIBXSMM_VERSION: m1_amx-1.8.2-7555 (21011843)
APPL_M1/DP    TRY    JIT    STA    COL
   0..13      0      0      0      0 
  14..23      0      0      0      0 
  24..64      1      1      0      0 
Registry and code: 13 MB (gemm=1 nleaks=1)
Uptime: 0.228900 s
LIBXSMM WARNING: timer is maybe not cycle-accurate!

LIBXSMM_VERSION: m1_amx-1.8.2-7555 (21011843)
APPL_M1/DP    TRY    JIT    STA    COL
   0..13      0      0      0      0 
  14..23      1      1      0      0 
  24..64      0      0      0      0 
Registry and code: 13 MB (gemm=1 nleaks=1)
Uptime: 0.216529 s
LIBXSMM WARNING: timer is maybe not cycle-accurate!

LIBXSMM_VERSION: m1_amx-1.8.2-7555 (21011843)
APPL_M1/DP    TRY    JIT    STA    COL
   0..13      0      0      0      0 
  14..23      1      1      0      0 
  24..64      0      0      0      0 
Registry and code: 13 MB (gemm=1 nleaks=1)
Uptime: 0.219988 s
LIBXSMM WARNING: timer is maybe not cycle-accurate!

LIBXSMM_VERSION: m1_amx-1.8.2-7555 (21011843)
APPL_M1/DP    TRY    JIT    STA    COL
   0..13      0      0      0      0 
  14..23      0      0      0      0 
  24..64      1      1      0      0 
Registry and code: 13 MB (gemm=1 nleaks=1)
Uptime: 0.310693 s
LIBXSMM WARNING: timer is maybe not cycle-accurate!

LIBXSMM_VERSION: m1_amx-1.8.2-7555 (21011843)
APPL_M1/DP    TRY    JIT    STA    COL
   0..13      0      0      0      0 
  14..23      0      0      0      0 
  24..64      1      1      0      0 
Registry and code: 13 MB (gemm=1 nleaks=1)
Uptime: 0.323208 s
LIBXSMM WARNING: timer is maybe not cycle-accurate!

LIBXSMM_VERSION: m1_amx-1.8.2-7555 (21011843)
APPL_M1/DP    TRY    JIT    STA    COL
   0..13      0      0      0      0 
  14..23      0      0      0      0 
  24..64      1      1      0      0 
Registry and code: 13 MB (gemm=1 nleaks=1)
Uptime: 0.427020 s
LIBXSMM WARNING: timer is maybe not cycle-accurate!

LIBXSMM_VERSION: m1_amx-1.8.2-7555 (21011843)
APPL_M1/DP    TRY    JIT    STA    COL
   0..13      0      0      0      0 
  14..23      0      0      0      0 
  24..64      1      1      0      0 
Registry and code: 13 MB (gemm=1 nleaks=1)
Uptime: 0.558644 s
LIBXSMM WARNING: timer is maybe not cycle-accurate!

LIBXSMM_VERSION: m1_amx-1.8.2-7555 (21011843)
APPL_M1/DP    TRY    JIT    STA    COL
   0..13      0      0      0      0 
  14..23      0      0      0      0 
  24..64      1      1      0      0 
Registry and code: 13 MB (gemm=1 nleaks=1)
Uptime: 0.600850 s
LIBXSMM WARNING: timer is maybe not cycle-accurate!

LIBXSMM_VERSION: m1_amx-1.8.2-7555 (21011843)
APPL_M1/DP    TRY    JIT    STA    COL
   0..13      0      0      0      0 
  14..23      0      0      0      0 
  24..64      1      1      0      0 
Registry and code: 13 MB (gemm=1 nleaks=1)
Uptime: 0.720949 s
LIBXSMM WARNING: timer is maybe not cycle-accurate!

LIBXSMM_VERSION: m1_amx-1.8.2-7555 (21011843)
APPL_M1/DP    TRY    JIT    STA    COL
   0..13      0      0      0      0 
  14..23      0      0      0      0 
  24..64      1      1      0      0 
Registry and code: 13 MB (gemm=1 nleaks=1)
Uptime: 0.696605 s
LIBXSMM WARNING: timer is maybe not cycle-accurate!

LIBXSMM_VERSION: m1_amx-1.8.2-7555 (21011843)
APPL_M1/DP    TRY    JIT    STA    COL
   0..13      0      0      0      0 
  14..23      0      0      0      0 
  24..64      1      1      0      0 
Registry and code: 13 MB (gemm=1 nleaks=1)
Uptime: 1.055005 s
LIBXSMM WARNING: timer is maybe not cycle-accurate!
LIBXSMM ERROR (libxsmm_aarch64_instruction_add_data): code generation ran out of buffer capacity (error #90002)!

LIBXSMM_VERSION: m1_amx-1.8.2-7555 (21011843)
APPL_M1/DP    TRY    JIT    STA    COL
   0..13      0      0      0      0 
  14..23      0      0      0      0 
  24..64      1      1      0      0 
Registry and code: 13 MB (gemm=1 nleaks=1)
Uptime: 1.411255 s
LIBXSMM WARNING: timer is maybe not cycle-accurate!
LIBXSMM ERROR (libxsmm_aarch64_instruction_add_data): code generation ran out of buffer capacity (error #90002)!

LIBXSMM_VERSION: m1_amx-1.8.2-7555 (21011843)
APPL_M1/DP    TRY    JIT    STA    COL
   0..13      0      0      0      0 
  14..23      0      0      0      0 
  24..64      1      1      0      0 
Registry and code: 13 MB (gemm=1 nleaks=1)
Uptime: 1.554423 s
LIBXSMM WARNING: timer is maybe not cycle-accurate!
LIBXSMM ERROR (libxsmm_aarch64_instruction_add_data): code generation ran out of buffer capacity (error #90002)!

LIBXSMM_VERSION: m1_amx-1.8.2-7555 (21011843)
APPL_M1/DP    TRY    JIT    STA    COL
   0..13      0      0      0      0 
  14..23      0      0      0      0 
  24..64      1      1      0      0 
Registry and code: 13 MB (gemm=1 nleaks=1)
Uptime: 1.658250 s
LIBXSMM WARNING: timer is maybe not cycle-accurate!
LIBXSMM ERROR (libxsmm_aarch64_instruction_add_data): code generation ran out of buffer capacity (error #90002)!

LIBXSMM_VERSION: m1_amx-1.8.2-7555 (21011843)
APPL_M1/DP    TRY    JIT    STA    COL
   0..13      0      0      0      0 
  14..23      0      0      0      0 
  24..64      1      1      0      0 
Registry and code: 13 MB (gemm=1 nleaks=1)
Uptime: 1.314752 s
LIBXSMM WARNING: timer is maybe not cycle-accurate!
LIBXSMM ERROR (libxsmm_aarch64_instruction_add_data): code generation ran out of buffer capacity (error #90002)!

LIBXSMM_VERSION: m1_amx-1.8.2-7555 (21011843)
APPL_M1/DP    TRY    JIT    STA    COL
   0..13      0      0      0      0 
  14..23      0      0      0      0 
  24..64      1      1      0      0 
Registry and code: 13 MB (gemm=1 nleaks=1)
Uptime: 3.796833 s
LIBXSMM WARNING: timer is maybe not cycle-accurate!
LIBXSMM ERROR (libxsmm_generator_spgemm_csr_asparse_reg_aarch64_neon): for sparse-A in reg: too many values in A (error #90036)!

LIBXSMM_VERSION: m1_amx-1.8.2-7555 (21011843)
APPL_M1/DP    TRY    JIT    STA    COL
   0..13      0      0      0      0 
  14..23      0      0      0      0 
  24..64      1      1      0      0 
Registry and code: 13 MB (gemm=1 nleaks=1)
Uptime: 3.541503 s
LIBXSMM WARNING: timer is maybe not cycle-accurate!
LIBXSMM ERROR (libxsmm_generator_spgemm_csr_asparse_reg_aarch64_neon): for sparse-A in reg: too many values in A (error #90036)!

LIBXSMM_VERSION: m1_amx-1.8.2-7555 (21011843)
APPL_M1/DP    TRY    JIT    STA    COL
   0..13      0      0      0      0 
  14..23      0      0      0      0 
  24..64      1      1      0      0 
Registry and code: 13 MB (gemm=1 nleaks=1)
Uptime: 2.787493 s
LIBXSMM WARNING: timer is maybe not cycle-accurate!

LIBXSMM_VERSION: m1_amx-1.8.2-7555 (21011843)
APPL_M1/DP    TRY    JIT    STA    COL
   0..13      1      1      0      0 
  14..23      0      0      0      0 
  24..64      0      0      0      0 
Registry and code: 13 MB (gemm=1 nleaks=1)
Uptime: 0.006727 s
LIBXSMM WARNING: timer is maybe not cycle-accurate!

LIBXSMM_VERSION: m1_amx-1.8.2-7555 (21011843)
APPL_M1/DP    TRY    JIT    STA    COL
   0..13      1      1      0      0 
  14..23      0      0      0      0 
  24..64      0      0      0      0 
Registry and code: 13 MB (gemm=1 nleaks=1)
Uptime: 0.007192 s
LIBXSMM WARNING: timer is maybe not cycle-accurate!

LIBXSMM_VERSION: m1_amx-1.8.2-7555 (21011843)
APPL_M1/DP    TRY    JIT    STA    COL
   0..13      1      1      0      0 
  14..23      0      0      0      0 
  24..64      0      0      0      0 
Registry and code: 13 MB (gemm=1 nleaks=1)
Uptime: 0.008538 s
data/example_mats/quad/p5/gauss-legendre-lobatto/m132.txt
Running data/example_mats/quad/p5/gauss-legendre-lobatto/m132.txt
Finished running in 3.7679666666666667ms
Generating and Compiling data/example_mats/quad/p5/gauss-legendre-lobatto/m460.txt
Running data/example_mats/quad/p5/gauss-legendre-lobatto/m460.txt
Finished running in 2.5880333333333336ms
Generating and Compiling data/example_mats/quad/p5/gauss-legendre/m0.txt
Running data/example_mats/quad/p5/gauss-legendre/m0.txt
Finished running in 1.6578000000000013ms
Generating and Compiling data/example_mats/quad/p5/gauss-legendre/m3.txt
Running data/example_mats/quad/p5/gauss-legendre/m3.txt
Finished running in 1.1161333333333334ms
Generating and Compiling data/example_mats/quad/p5/gauss-legendre/m6.txt
Running data/example_mats/quad/p5/gauss-legendre/m6.txt
Finished running in 1.7425ms
Generating and Compiling data/example_mats/quad/p5/gauss-legendre/m132.txt
Running data/example_mats/quad/p5/gauss-legendre/m132.txt
Finished running in 4.028566666666666ms
Generating and Compiling data/example_mats/quad/p5/gauss-legendre/m460.txt
Running data/example_mats/quad/p5/gauss-legendre/m460.txt
Finished running in 2.4366666666666665ms
Generating and Compiling data/example_mats/quad/p6/gauss-legendre-lobatto/m0.txt
Running data/example_mats/quad/p6/gauss-legendre-lobatto/m0.txt
Finished running in 1.0742333333333332ms
Generating and Compiling data/example_mats/quad/p6/gauss-legendre-lobatto/m3.txt
Running data/example_mats/quad/p6/gauss-legendre-lobatto/m3.txt
Finished running in 1.5952333333333333ms
Generating and Compiling data/example_mats/quad/p6/gauss-legendre-lobatto/m6.txt
Running data/example_mats/quad/p6/gauss-legendre-lobatto/m6.txt
Finished running in 2.5533ms
Generating and Compiling data/example_mats/quad/p6/gauss-legendre-lobatto/m132.txt
Running data/example_mats/quad/p6/gauss-legendre-lobatto/m132.txt
Finished running in 5.827733333333333ms
Generating and Compiling data/example_mats/quad/p6/gauss-legendre-lobatto/m460.txt
Running data/example_mats/quad/p6/gauss-legendre-lobatto/m460.txt
Finished running in 3.9252333333333334ms
Generating and Compiling data/example_mats/quad/p6/gauss-legendre/m0.txt
Running data/example_mats/quad/p6/gauss-legendre/m0.txt
Finished running in 1.9803ms
Generating and Compiling data/example_mats/quad/p6/gauss-legendre/m3.txt
Running data/example_mats/quad/p6/gauss-legendre/m3.txt
Finished running in 1.5894000000000001ms
Generating and Compiling data/example_mats/quad/p6/gauss-legendre/m6.txt
Running data/example_mats/quad/p6/gauss-legendre/m6.txt
Finished running in 2.5726333333333335ms
Generating and Compiling data/example_mats/quad/p6/gauss-legendre/m132.txt
Running data/example_mats/quad/p6/gauss-legendre/m132.txt
Finished running in 6.1041ms
Generating and Compiling data/example_mats/quad/p6/gauss-legendre/m460.txt
Running data/example_mats/quad/p6/gauss-legendre/m460.txt
Finished running in 3.4450333333333334ms
Generating and Compiling data/example_mats/tet/p1/shunn-ham/m0.txt
Running data/example_mats/tet/p1/shunn-ham/m0.txt
Finished running in 0.7389ms
Generating and Compiling data/example_mats/tet/p1/shunn-ham/m3.txt
Running data/example_mats/tet/p1/shunn-ham/m3.txt
Finished running in 0.19873333333333332ms
Generating and Compiling data/example_mats/tet/p1/shunn-ham/m6.txt
Running data/example_mats/tet/p1/shunn-ham/m6.txt
Finished running in 0.3202333333333333ms
Generating and Compiling data/example_mats/tet/p1/shunn-ham/m132.txt
Running data/example_mats/tet/p1/shunn-ham/m132.txt
Finished running in 0.2227ms
Generating and Compiling data/example_mats/tet/p1/shunn-ham/m460.txt
Running data/example_mats/tet/p1/shunn-ham/m460.txt
Finished running in 0.12940000000000002ms
Generating and Compiling data/example_mats/tet/p2/shunn-ham/m0.txt
Running data/example_mats/tet/p2/shunn-ham/m0.txt
Finished running in 0.8826ms
Generating and Compiling data/example_mats/tet/p2/shunn-ham/m3.txt
Running data/example_mats/tet/p2/shunn-ham/m3.txt
Finished running in 1.3857666666666666ms
Generating and Compiling data/example_mats/tet/p2/shunn-ham/m6.txt
Running data/example_mats/tet/p2/shunn-ham/m6.txt
Finished running in 1.5382666666666667ms
Generating and Compiling data/example_mats/tet/p2/shunn-ham/m132.txt
Running data/example_mats/tet/p2/shunn-ham/m132.txt
Finished running in 1.9524666666666666ms
Generating and Compiling data/example_mats/tet/p2/shunn-ham/m460.txt
Running data/example_mats/tet/p2/shunn-ham/m460.txt
Finished running in 0.9608666666666666ms
Generating and Compiling data/example_mats/tet/p3/shunn-ham/m0.txt
Running data/example_mats/tet/p3/shunn-ham/m0.txt
Finished running in 4.0225ms
Generating and Compiling data/example_mats/tet/p3/shunn-ham/m3.txt
Running data/example_mats/tet/p3/shunn-ham/m3.txt
Finished running in 4.095899999999999ms
Generating and Compiling data/example_mats/tet/p3/shunn-ham/m6.txt
Running data/example_mats/tet/p3/shunn-ham/m6.txt
Finished running in 7.074733333333333ms
Generating and Compiling data/example_mats/tet/p3/shunn-ham/m132.txt
Running data/example_mats/tet/p3/shunn-ham/m132.txt
Finished running in 6.3361ms
Generating and Compiling data/example_mats/tet/p3/shunn-ham/m460.txt
Running data/example_mats/tet/p3/shunn-ham/m460.txt
Finished running in 5.9768ms
Generating and Compiling data/example_mats/tet/p4/shunn-ham/m0.txt
Running data/example_mats/tet/p4/shunn-ham/m0.txt
Finished running in 9.283999999999999ms
Generating and Compiling data/example_mats/tet/p4/shunn-ham/m3.txt
Running data/example_mats/tet/p4/shunn-ham/m3.txt
Finished running in 9.647033333333333ms
Generating and Compiling data/example_mats/tet/p4/shunn-ham/m6.txt
Running data/example_mats/tet/p4/shunn-ham/m6.txt
Finished running in 12.705433333333334ms
Generating and Compiling data/example_mats/tet/p4/shunn-ham/m132.txt
Running data/example_mats/tet/p4/shunn-ham/m132.txt
Finished running in 15.928033333333333ms
Generating and Compiling data/example_mats/tet/p4/shunn-ham/m460.txt
Running data/example_mats/tet/p4/shunn-ham/m460.txt
Finished running in 16.324933333333334ms
Generating and Compiling data/example_mats/tet/p5/shunn-ham/m0.txt
Running data/example_mats/tet/p5/shunn-ham/m0.txt
Finished running in 20.513433333333335ms
Generating and Compiling data/example_mats/tet/p5/shunn-ham/m3.txt
Running data/example_mats/tet/p5/shunn-ham/m3.txt
Finished running in 20.263133333333332ms
Generating and Compiling data/example_mats/tet/p5/shunn-ham/m6.txt
Running data/example_mats/tet/p5/shunn-ham/m6.txt
Finished running in 28.713833333333334ms
Generating and Compiling data/example_mats/tet/p5/shunn-ham/m132.txt
Running data/example_mats/tet/p5/shunn-ham/m132.txt
Finished running in 41.915499999999994ms
Generating and Compiling data/example_mats/tet/p5/shunn-ham/m460.txt
Running data/example_mats/tet/p5/shunn-ham/m460.txt
Finished running in 42.06163333333333ms
Generating and Compiling data/example_mats/tet/p6/shunn-ham/m0.txt
Running data/example_mats/tet/p6/shunn-ham/m0.txt
Finished running in 40.5779ms
Generating and Compiling data/example_mats/tet/p6/shunn-ham/m3.txt
Running data/example_mats/tet/p6/shunn-ham/m3.txt
Finished running in 39.04156666666667ms
Generating and Compiling data/example_mats/tet/p6/shunn-ham/m6.txt
Running data/example_mats/tet/p6/shunn-ham/m6.txt
Finished running in 114.65073333333333ms
Generating and Compiling data/example_mats/tet/p6/shunn-ham/m132.txt
Running data/example_mats/tet/p6/shunn-ham/m132.txt
Finished running in 101.6803ms
Generating and Compiling data/example_mats/tet/p6/shunn-ham/m460.txt
Running data/example_mats/tet/p6/shunn-ham/m460.txt
Finished running in 87.48436666666666ms
Generating and Compiling data/example_mats/tri/p1/williams-shunn/m0.txt
Running data/example_mats/tri/p1/williams-shunn/m0.txt
Finished running in 0.11443333333333333ms
Generating and Compiling data/example_mats/tri/p1/williams-shunn/m3.txt
Running data/example_mats/tri/p1/williams-shunn/m3.txt
Finished running in 0.09736666666666666ms
Generating and Compiling data/example_mats/tri/p1/williams-shunn/m6.txt
Running data/example_mats/tri/p1/williams-shunn/m6.txt
Finished running in 0.13946666666666668ms
Generating and Compiling LIBXSMM WARNING: timer is maybe not cycle-accurate!

LIBXSMM_VERSION: m1_amx-1.8.2-7555 (21011843)
APPL_M1/DP    TRY    JIT    STA    COL
   0..13      1      1      0      0 
  14..23      0      0      0      0 
  24..64      0      0      0      0 
Registry and code: 13 MB (gemm=1 nleaks=1)
Uptime: 0.007700 s
LIBXSMM WARNING: timer is maybe not cycle-accurate!

LIBXSMM_VERSION: m1_amx-1.8.2-7555 (21011843)
APPL_M1/DP    TRY    JIT    STA    COL
   0..13      1      1      0      0 
  14..23      0      0      0      0 
  24..64      0      0      0      0 
Registry and code: 13 MB (gemm=1 nleaks=1)
Uptime: 0.006097 s
LIBXSMM WARNING: timer is maybe not cycle-accurate!

LIBXSMM_VERSION: m1_amx-1.8.2-7555 (21011843)
APPL_M1/DP    TRY    JIT    STA    COL
   0..13      1      1      0      0 
  14..23      0      0      0      0 
  24..64      0      0      0      0 
Registry and code: 13 MB (gemm=1 nleaks=1)
Uptime: 0.011134 s
LIBXSMM WARNING: timer is maybe not cycle-accurate!

LIBXSMM_VERSION: m1_amx-1.8.2-7555 (21011843)
APPL_M1/DP    TRY    JIT    STA    COL
   0..13      1      1      0      0 
  14..23      0      0      0      0 
  24..64      0      0      0      0 
Registry and code: 13 MB (gemm=1 nleaks=1)
Uptime: 0.011645 s
LIBXSMM WARNING: timer is maybe not cycle-accurate!

LIBXSMM_VERSION: m1_amx-1.8.2-7555 (21011843)
APPL_M1/DP    TRY    JIT    STA    COL
   0..13      1      1      0      0 
  14..23      0      0      0      0 
  24..64      0      0      0      0 
Registry and code: 13 MB (gemm=1 nleaks=1)
Uptime: 0.014185 s
LIBXSMM WARNING: timer is maybe not cycle-accurate!

LIBXSMM_VERSION: m1_amx-1.8.2-7555 (21011843)
APPL_M1/DP    TRY    JIT    STA    COL
   0..13      1      1      0      0 
  14..23      0      0      0      0 
  24..64      0      0      0      0 
Registry and code: 13 MB (gemm=1 nleaks=1)
Uptime: 0.014149 s
LIBXSMM WARNING: timer is maybe not cycle-accurate!

LIBXSMM_VERSION: m1_amx-1.8.2-7555 (21011843)
APPL_M1/DP    TRY    JIT    STA    COL
   0..13      1      1      0      0 
  14..23      0      0      0      0 
  24..64      0      0      0      0 
Registry and code: 13 MB (gemm=1 nleaks=1)
Uptime: 0.012864 s
LIBXSMM WARNING: timer is maybe not cycle-accurate!

LIBXSMM_VERSION: m1_amx-1.8.2-7555 (21011843)
APPL_M1/DP    TRY    JIT    STA    COL
   0..13      1      1      0      0 
  14..23      0      0      0      0 
  24..64      0      0      0      0 
Registry and code: 13 MB (gemm=1 nleaks=1)
Uptime: 0.022236 s
LIBXSMM WARNING: timer is maybe not cycle-accurate!

LIBXSMM_VERSION: m1_amx-1.8.2-7555 (21011843)
APPL_M1/DP    TRY    JIT    STA    COL
   0..13      1      1      0      0 
  14..23      0      0      0      0 
  24..64      0      0      0      0 
Registry and code: 13 MB (gemm=1 nleaks=1)
Uptime: 0.022712 s
LIBXSMM WARNING: timer is maybe not cycle-accurate!

LIBXSMM_VERSION: m1_amx-1.8.2-7555 (21011843)
APPL_M1/DP    TRY    JIT    STA    COL
   0..13      1      1      0      0 
  14..23      0      0      0      0 
  24..64      0      0      0      0 
Registry and code: 13 MB (gemm=1 nleaks=1)
Uptime: 0.024621 s
LIBXSMM WARNING: timer is maybe not cycle-accurate!

LIBXSMM_VERSION: m1_amx-1.8.2-7555 (21011843)
APPL_M1/DP    TRY    JIT    STA    COL
   0..13      1      1      0      0 
  14..23      0      0      0      0 
  24..64      0      0      0      0 
Registry and code: 13 MB (gemm=1 nleaks=1)
Uptime: 0.039242 s
LIBXSMM WARNING: timer is maybe not cycle-accurate!

LIBXSMM_VERSION: m1_amx-1.8.2-7555 (21011843)
APPL_M1/DP    TRY    JIT    STA    COL
   0..13      1      1      0      0 
  14..23      0      0      0      0 
  24..64      0      0      0      0 
Registry and code: 13 MB (gemm=1 nleaks=1)
Uptime: 0.036190 s
LIBXSMM WARNING: timer is maybe not cycle-accurate!

LIBXSMM_VERSION: m1_amx-1.8.2-7555 (21011843)
APPL_M1/DP    TRY    JIT    STA    COL
   0..13      1      1      0      0 
  14..23      0      0      0      0 
  24..64      0      0      0      0 
Registry and code: 13 MB (gemm=1 nleaks=1)
Uptime: 0.038526 s
LIBXSMM WARNING: timer is maybe not cycle-accurate!

LIBXSMM_VERSION: m1_amx-1.8.2-7555 (21011843)
APPL_M1/DP    TRY    JIT    STA    COL
   0..13      1      1      0      0 
  14..23      0      0      0      0 
  24..64      0      0      0      0 
Registry and code: 13 MB (gemm=1 nleaks=1)
Uptime: 0.039095 s
LIBXSMM WARNING: timer is maybe not cycle-accurate!

LIBXSMM_VERSION: m1_amx-1.8.2-7555 (21011843)
APPL_M1/DP    TRY    JIT    STA    COL
   0..13      0      0      0      0 
  14..23      1      1      0      0 
  24..64      0      0      0      0 
Registry and code: 13 MB (gemm=1 nleaks=1)
Uptime: 0.051875 s
LIBXSMM WARNING: timer is maybe not cycle-accurate!

LIBXSMM_VERSION: m1_amx-1.8.2-7555 (21011843)
APPL_M1/DP    TRY    JIT    STA    COL
   0..13      0      0      0      0 
  14..23      1      1      0      0 
  24..64      0      0      0      0 
Registry and code: 13 MB (gemm=1 nleaks=1)
Uptime: 0.095771 s
LIBXSMM WARNING: timer is maybe not cycle-accurate!

LIBXSMM_VERSION: m1_amx-1.8.2-7555 (21011843)
APPL_M1/DP    TRY    JIT    STA    COL
   0..13      0      0      0      0 
  14..23      1      1      0      0 
  24..64      0      0      0      0 
Registry and code: 13 MB (gemm=1 nleaks=1)
Uptime: 0.092326 s
LIBXSMM WARNING: timer is maybe not cycle-accurate!

LIBXSMM_VERSION: m1_amx-1.8.2-7555 (21011843)
APPL_M1/DP    TRY    JIT    STA    COL
   0..13      0      0      0      0 
  14..23      1      1      0      0 
  24..64      0      0      0      0 
Registry and code: 13 MB (gemm=1 nleaks=1)
Uptime: 0.075691 s
LIBXSMM WARNING: timer is maybe not cycle-accurate!

LIBXSMM_VERSION: m1_amx-1.8.2-7555 (21011843)
APPL_M1/DP    TRY    JIT    STA    COL
   0..13      0      0      0      0 
  14..23      1      1      0      0 
  24..64      0      0      0      0 
Registry and code: 13 MB (gemm=1 nleaks=1)
Uptime: 0.075803 s
LIBXSMM WARNING: timer is maybe not cycle-accurate!

LIBXSMM_VERSION: m1_amx-1.8.2-7555 (21011843)
APPL_M1/DP    TRY    JIT    STA    COL
   0..13      0      0      0      0 
  14..23      1      1      0      0 
  24..64      0      0      0      0 
Registry and code: 13 MB (gemm=1 nleaks=1)
Uptime: 0.069552 s
LIBXSMM WARNING: timer is maybe not cycle-accurate!

LIBXSMM_VERSION: m1_amx-1.8.2-7555 (21011843)
APPL_M1/DP    TRY    JIT    STA    COL
   0..13      0      0      0      0 
  14..23      1      1      0      0 
  24..64      0      0      0      0 
Registry and code: 13 MB (gemm=1 nleaks=1)
Uptime: 0.160725 s
LIBXSMM WARNING: timer is maybe not cycle-accurate!

LIBXSMM_VERSION: m1_amx-1.8.2-7555 (21011843)
APPL_M1/DP    TRY    JIT    STA    COL
   0..13      0      0      0      0 
  14..23      1      1      0      0 
  24..64      0      0      0      0 
Registry and code: 13 MB (gemm=1 nleaks=1)
Uptime: 0.160418 s
LIBXSMM WARNING: timer is maybe not cycle-accurate!

LIBXSMM_VERSION: m1_amx-1.8.2-7555 (21011843)
APPL_M1/DP    TRY    JIT    STA    COL
   0..13      0      0      0      0 
  14..23      1      1      0      0 
  24..64      0      0      0      0 
Registry and code: 13 MB (gemm=1 nleaks=1)
Uptime: 0.118375 s
LIBXSMM WARNING: timer is maybe not cycle-accurate!

LIBXSMM_VERSION: m1_amx-1.8.2-7555 (21011843)
APPL_M1/DP    TRY    JIT    STA    COL
   0..13      0      0      0      0 
  14..23      1      1      0      0 
  24..64      0      0      0      0 
Registry and code: 13 MB (gemm=1 nleaks=1)
Uptime: 0.109233 s
LIBXSMM WARNING: timer is maybe not cycle-accurate!

LIBXSMM_VERSION: m1_amx-1.8.2-7555 (21011843)
APPL_M1/DP    TRY    JIT    STA    COL
   0..13      0      0      0      0 
  14..23      1      1      0      0 
  24..64      0      0      0      0 
Registry and code: 13 MB (gemm=1 nleaks=1)
Uptime: 0.107057 s
LIBXSMM WARNING: timer is maybe not cycle-accurate!

LIBXSMM_VERSION: m1_amx-1.8.2-7555 (21011843)
APPL_M1/DP    TRY    JIT    STA    COL
   0..13      0      0      0      0 
  14..23      0      0      0      0 
  24..64      1      1      0      0 
Registry and code: 13 MB (gemm=1 nleaks=1)
Uptime: 0.269722 s
LIBXSMM WARNING: timer is maybe not cycle-accurate!

LIBXSMM_VERSION: m1_amx-1.8.2-7555 (21011843)
APPL_M1/DP    TRY    JIT    STA    COL
   0..13      0      0      0      0 
  14..23      0      0      0      0 
  24..64      1      1      0      0 
Registry and code: 13 MB (gemm=1 nleaks=1)
Uptime: 0.297955 s
data/example_mats/tri/p1/williams-shunn/m132.txt
Running data/example_mats/tri/p1/williams-shunn/m132.txt
Finished running in 0.12146666666666667ms
Generating and Compiling data/example_mats/tri/p1/williams-shunn/m460.txt
Running data/example_mats/tri/p1/williams-shunn/m460.txt
Finished running in 0.09136666666666667ms
Generating and Compiling data/example_mats/tri/p2/williams-shunn/m0.txt
Running data/example_mats/tri/p2/williams-shunn/m0.txt
Finished running in 0.24273333333333333ms
Generating and Compiling data/example_mats/tri/p2/williams-shunn/m3.txt
Running data/example_mats/tri/p2/williams-shunn/m3.txt
Finished running in 0.23406666666666667ms
Generating and Compiling data/example_mats/tri/p2/williams-shunn/m6.txt
Running data/example_mats/tri/p2/williams-shunn/m6.txt
Finished running in 0.3058666666666667ms
Generating and Compiling data/example_mats/tri/p2/williams-shunn/m132.txt
Running data/example_mats/tri/p2/williams-shunn/m132.txt
Finished running in 0.28559999999999997ms
Generating and Compiling data/example_mats/tri/p2/williams-shunn/m460.txt
Running data/example_mats/tri/p2/williams-shunn/m460.txt
Finished running in 0.2843333333333333ms
Generating and Compiling data/example_mats/tri/p3/williams-shunn/m0.txt
Running data/example_mats/tri/p3/williams-shunn/m0.txt
Finished running in 0.5219ms
Generating and Compiling data/example_mats/tri/p3/williams-shunn/m3.txt
Running data/example_mats/tri/p3/williams-shunn/m3.txt
Finished running in 0.5124666666666667ms
Generating and Compiling data/example_mats/tri/p3/williams-shunn/m6.txt
Running data/example_mats/tri/p3/williams-shunn/m6.txt
Finished running in 0.6213ms
Generating and Compiling data/example_mats/tri/p3/williams-shunn/m132.txt
Running data/example_mats/tri/p3/williams-shunn/m132.txt
Finished running in 1.0020666666666667ms
Generating and Compiling data/example_mats/tri/p3/williams-shunn/m460.txt
Running data/example_mats/tri/p3/williams-shunn/m460.txt
Finished running in 0.9742333333333334ms
Generating and Compiling data/example_mats/tri/p4/williams-shunn/m0.txt
Running data/example_mats/tri/p4/williams-shunn/m0.txt
Finished running in 0.9953666666666667ms
Generating and Compiling data/example_mats/tri/p4/williams-shunn/m3.txt
Running data/example_mats/tri/p4/williams-shunn/m3.txt
Finished running in 1.0087333333333333ms
Generating and Compiling data/example_mats/tri/p4/williams-shunn/m6.txt
Running data/example_mats/tri/p4/williams-shunn/m6.txt
Finished running in 1.4824666666666666ms
Generating and Compiling data/example_mats/tri/p4/williams-shunn/m132.txt
Running data/example_mats/tri/p4/williams-shunn/m132.txt
Finished running in 2.665966666666667ms
Generating and Compiling data/example_mats/tri/p4/williams-shunn/m460.txt
Running data/example_mats/tri/p4/williams-shunn/m460.txt
Finished running in 2.648233333333333ms
Generating and Compiling data/example_mats/tri/p5/williams-shunn/m0.txt
Running data/example_mats/tri/p5/williams-shunn/m0.txt
Finished running in 2.0789ms
Generating and Compiling data/example_mats/tri/p5/williams-shunn/m3.txt
Running data/example_mats/tri/p5/williams-shunn/m3.txt
Finished running in 2.1546666666666665ms
Generating and Compiling data/example_mats/tri/p5/williams-shunn/m6.txt
Running data/example_mats/tri/p5/williams-shunn/m6.txt
Finished running in 1.9795333333333334ms
Generating and Compiling data/example_mats/tri/p5/williams-shunn/m132.txt
Running data/example_mats/tri/p5/williams-shunn/m132.txt
Finished running in 4.4663666666666675ms
Generating and Compiling data/example_mats/tri/p5/williams-shunn/m460.txt
Running data/example_mats/tri/p5/williams-shunn/m460.txt
Finished running in 4.452833333333333ms
Generating and Compiling data/example_mats/tri/p6/williams-shunn/m0.txt
Running data/example_mats/tri/p6/williams-shunn/m0.txt
Finished running in 3.208466666666667ms
Generating and Compiling data/example_mats/tri/p6/williams-shunn/m3.txt
Running data/example_mats/tri/p6/williams-shunn/m3.txt
Finished running in 3.1910999999999983ms
Generating and Compiling data/example_mats/tri/p6/williams-shunn/m6.txt
Running data/example_mats/tri/p6/williams-shunn/m6.txt
Finished running in 3.065366666666667ms
Generating and Compiling data/example_mats/tri/p6/williams-shunn/m132.txt
Running data/example_mats/tri/p6/williams-shunn/m132.txt
Finished running in 7.5522ms
Generating and Compiling data/example_mats/tri/p6/williams-shunn/m460.txt
Running data/example_mats/tri/p6/williams-shunn/m460.txt
Finished running in 7.510633333333333ms
