Generating and Compiling data/synth_mats_wider/vary_col/q_16/r_128_c_32_p_0.05_uniq_16.txt
Running data/synth_mats_wider/vary_col/q_16/r_128_c_32_p_0.05_uniq_16.txt
Finished running in 10.3126ms
Generating and Compiling data/synth_mats_wider/vary_col/q_16/r_128_c_64_p_0.05_uniq_16.txt
Running data/synth_mats_wider/vary_col/q_16/r_128_c_64_p_0.05_uniq_16.txt
Finished running in 18.965500000000002ms
Generating and Compiling data/synth_mats_wider/vary_col/q_16/r_128_c_128_p_0.05_uniq_16.txt
Running data/synth_mats_wider/vary_col/q_16/r_128_c_128_p_0.05_uniq_16.txt
Finished running in 27.840899999999998ms
Generating and Compiling data/synth_mats_wider/vary_col/q_16/r_128_c_256_p_0.05_uniq_16.txt
Running data/synth_mats_wider/vary_col/q_16/r_128_c_256_p_0.05_uniq_16.txt
Finished running in 46.3043ms
Generating and Compiling data/synth_mats_wider/vary_col/q_16/r_128_c_512_p_0.05_uniq_16.txt
Running data/synth_mats_wider/vary_col/q_16/r_128_c_512_p_0.05_uniq_16.txt
Finished running in 90.58243333333333ms
Generating and Compiling data/synth_mats_wider/vary_col/q_16/r_128_c_1024_p_0.05_uniq_16.txt
Running data/synth_mats_wider/vary_col/q_16/r_128_c_1024_p_0.05_uniq_16.txt
Finished running in 160.0195ms
Generating and Compiling data/synth_mats_wider/vary_col/q_64/r_128_c_32_p_0.05_uniq_64.txt
Running data/synth_mats_wider/vary_col/q_64/r_128_c_32_p_0.05_uniq_64.txt
Finished running in 10.697733333333334ms
Generating and Compiling data/synth_mats_wider/vary_col/q_64/r_128_c_64_p_0.05_uniq_64.txt
Running data/synth_mats_wider/vary_col/q_64/r_128_c_64_p_0.05_uniq_64.txt
Finished running in 18.247700000000002ms
Generating and Compiling data/synth_mats_wider/vary_col/q_64/r_128_c_128_p_0.05_uniq_64.txt
Running data/synth_mats_wider/vary_col/q_64/r_128_c_128_p_0.05_uniq_64.txt
Finished running in 27.14606666666667ms
Generating and Compiling data/synth_mats_wider/vary_col/q_64/r_128_c_256_p_0.05_uniq_64.txt
Running data/synth_mats_wider/vary_col/q_64/r_128_c_256_p_0.05_uniq_64.txt
Finished running in 48.17613333333334ms
Generating and Compiling data/synth_mats_wider/vary_col/q_64/r_128_c_512_p_0.05_uniq_64.txt
Running data/synth_mats_wider/vary_col/q_64/r_128_c_512_p_0.05_uniq_64.txt
Finished running in 80.73216666666667ms
Generating and Compiling data/synth_mats_wider/vary_col/q_64/r_128_c_1024_p_0.05_uniq_64.txt
Running data/synth_mats_wider/vary_col/q_64/r_128_c_1024_p_0.05_uniq_64.txt
Finished running in 1196.2024666666666ms
Generating and Compiling data/synth_mats_wider/vary_col/q_256/r_128_c_64_p_0.05_uniq_256.txt
Running data/synth_mats_wider/vary_col/q_256/r_128_c_64_p_0.05_uniq_256.txt
Finished running in 49.026466666666664ms
Generating and Compiling data/synth_mats_wider/vary_col/q_256/r_128_c_128_p_0.05_uniq_256.txt
Running data/synth_mats_wider/vary_col/q_256/r_128_c_128_p_0.05_uniq_256.txt
Finished running in 81.71673333333334ms
Generating and Compiling data/synth_mats_wider/vary_col/q_256/r_128_c_256_p_0.05_uniq_256.txt
Running data/synth_mats_wider/vary_col/q_256/r_128_c_256_p_0.05_uniq_256.txt
Finished running in 197.2180666666667ms
Generating and Compiling data/synth_mats_wider/vary_col/q_256/r_128_c_512_p_0.05_uniq_256.txt
Running data/synth_mats_wider/vary_col/q_256/r_128_c_512_p_0.05_uniq_256.txt
Finished running in 514.4893ms
Generating and Compiling data/synth_mats_wider/vary_col/q_256/r_128_c_1024_p_0.05_uniq_256.txt
Running data/synth_mats_wider/vary_col/q_256/r_128_c_1024_p_0.05_uniq_256.txt
Finished running in 1195.2755ms
Generating and Compiling data/synth_mats_wider/vary_density/q_16/r_128_c_128_p_0.01_uniq_16.txt
Running data/synth_mats_wider/vary_density/q_16/r_128_c_128_p_0.01_uniq_16.txt
Finished running in 17.934266666666666ms
Generating and Compiling data/synth_mats_wider/vary_density/q_16/r_128_c_128_p_0.1_uniq_16.txt
Running data/synth_mats_wider/vary_density/q_16/r_128_c_128_p_0.1_uniq_16.txt
Finished running in 23.7187ms
Generating and Compiling data/synth_mats_wider/vary_density/q_16/r_128_c_128_p_0.2_uniq_16.txt
Running data/synth_mats_wider/vary_density/q_16/r_128_c_128_p_0.2_uniq_16.txt
Finished running in 33.173033333333336ms
Generating and Compiling data/synth_mats_wider/vary_density/q_16/r_128_c_128_p_0.3_uniq_16.txt
Running data/synth_mats_wider/vary_density/q_16/r_128_c_128_p_0.3_uniq_16.txt
Finished running in 58.02676666666666ms
Generating and Compiling data/synth_mats_wider/vary_density/q_16/r_128_c_128_p_0.4_uniq_16.txt
Running data/synth_mats_wider/vary_density/q_16/r_128_c_128_p_0.4_uniq_16.txt
Finished running in 80.76386666666667ms
Generating and Compiling data/synth_mats_wider/vary_density/q_16/r_128_c_128_p_0.5_uniq_16.txt
Running data/synth_mats_wider/vary_density/q_16/r_128_c_128_p_0.5_uniq_16.txt
Finished running in 83.93983333333334ms
Generating and Compiling data/synth_mats_wider/vary_density/q_16/r_128_c_128_p_0.05_uniq_16.txt
Running data/synth_mats_wider/vary_density/q_16/r_128_c_128_p_0.05_uniq_16.txt
Finished running in 28.669133333333335ms
Generating and Compiling data/synth_mats_wider/vary_density/q_16/r_128_c_128_p_0.6_uniq_16.txt
Running data/synth_mats_wider/vary_density/q_16/r_128_c_128_p_0.6_uniq_16.txt
Finished running in 81.77756666666667ms
Generating and Compiling data/synth_mats_wider/vary_density/q_16/r_128_c_128_p_0.7_uniq_16.txt
Running data/synth_mats_wider/vary_density/q_16/r_128_c_128_p_0.7_uniq_16.txt
Finished running in 81.35693333333333ms
Generating and Compiling data/synth_mats_wider/vary_density/q_16/r_128_c_128_p_0.8_uniq_16.txt
Running data/synth_mats_wider/vary_density/q_16/r_128_c_128_p_0.8_uniq_16.txt
Finished running in 81.32906666666666ms
Generating and Compiling data/synth_mats_wider/vary_density/q_16/r_128_c_128_p_0.9_uniq_16.txt
Running data/synth_mats_wider/vary_density/q_16/r_128_c_128_p_0.9_uniq_16.txt
Finished running in 81.35ms
Generating and Compiling data/synth_mats_wider/vary_density/q_16/r_128_c_128_p_0.15_uniq_16.txt
Running data/synth_mats_wider/vary_density/q_16/r_128_c_128_p_0.15_uniq_16.txt
Finished running in 28.221666666666668ms
Generating and Compiling data/synth_mats_wider/vary_density/q_16/r_128_c_128_p_0.25_uniq_16.txt
Running data/synth_mats_wider/vary_density/q_16/r_128_c_128_p_0.25_uniq_16.txt
Finished running in 50.802433333333326ms
Generating and Compiling data/synth_mats_wider/vary_density/q_16/r_128_c_128_p_0.025_uniq_16.txt
Running data/synth_mats_wider/vary_density/q_16/r_128_c_128_p_0.025_uniq_16.txt
Finished running in 26.1481ms
Generating and Compiling data/synth_mats_wider/vary_density/q_16/r_128_c_128_p_0.075_uniq_16.txt
Running data/synth_mats_wider/vary_density/q_16/r_128_c_128_p_0.075_uniq_16.txt
Finished running in 25.424ms
Generating and Compiling data/synth_mats_wider/vary_density/q_16/r_128_c_128_p_0.125_uniq_16.txt
Running data/synth_mats_wider/vary_density/q_16/r_128_c_128_p_0.125_uniq_16.txt
Finished running in 25.8169ms
Generating and Compiling data/synth_mats_wider/vary_density/q_16/r_128_c_128_p_1.0_uniq_16.txt
Running data/synth_mats_wider/vary_density/q_16/r_128_c_128_p_1.0_uniq_16.txt
Finished running in 81.4695ms
Generating and Compiling data/synth_mats_wider/vary_density/q_64/r_128_c_128_p_0.01_uniq_64.txt
Running data/synth_mats_wider/vary_density/q_64/r_128_c_128_p_0.01_uniq_64.txt
Finished running in 18.861566666666665ms
Generating and Compiling data/synth_mats_wider/vary_density/q_64/r_128_c_128_p_0.1_uniq_64.txt
Running data/synth_mats_wider/vary_density/q_64/r_128_c_128_p_0.1_uniq_64.txt
Finished running in 23.67343333333333ms
Generating and Compiling data/synth_mats_wider/vary_density/q_64/r_128_c_128_p_0.2_uniq_64.txt
Running data/synth_mats_wider/vary_density/q_64/r_128_c_128_p_0.2_uniq_64.txt
Finished running in 44.713499999999996ms
Generating and Compiling data/synth_mats_wider/vary_density/q_64/r_128_c_128_p_0.3_uniq_64.txt
Running data/synth_mats_wider/vary_density/q_64/r_128_c_128_p_0.3_uniq_64.txt
Finished running in 58.62486666666667ms
Generating and Compiling data/synth_mats_wider/vary_density/q_64/r_128_c_128_p_0.4_uniq_64.txt
Running data/synth_mats_wider/vary_density/q_64/r_128_c_128_p_0.4_uniq_64.txt
Finished running in 81.45576666666666ms
Generating and Compiling data/synth_mats_wider/vary_density/q_64/r_128_c_128_p_0.5_uniq_64.txt
Running data/synth_mats_wider/vary_density/q_64/r_128_c_128_p_0.5_uniq_64.txt
Finished running in 81.57986666666667ms
Generating and Compiling data/synth_mats_wider/vary_density/q_64/r_128_c_128_p_0.05_uniq_64.txt
Running data/synth_mats_wider/vary_density/q_64/r_128_c_128_p_0.05_uniq_64.txt
Finished running in 27.431500000000003ms
Generating and Compiling data/synth_mats_wider/vary_density/q_64/r_128_c_128_p_0.6_uniq_64.txt
Running data/synth_mats_wider/vary_density/q_64/r_128_c_128_p_0.6_uniq_64.txt
Finished running in 81.3622ms
Generating and Compiling data/synth_mats_wider/vary_density/q_64/r_128_c_128_p_0.7_uniq_64.txt
Running data/synth_mats_wider/vary_density/q_64/r_128_c_128_p_0.7_uniq_64.txt
Finished running in 81.38483333333333ms
Generating and Compiling data/synth_mats_wider/vary_density/q_64/r_128_c_128_p_0.8_uniq_64.txt
Running data/synth_mats_wider/vary_density/q_64/r_128_c_128_p_0.8_uniq_64.txt
Finished running in 81.66816666666666ms
Generating and Compiling data/synth_mats_wider/vary_density/q_64/r_128_c_128_p_0.9_uniq_64.txt
Running data/synth_mats_wider/vary_density/q_64/r_128_c_128_p_0.9_uniq_64.txt
Finished running in 87.18533333333333ms
Generating and Compiling data/synth_mats_wider/vary_density/q_64/r_128_c_128_p_0.15_uniq_64.txt
Running data/synth_mats_wider/vary_density/q_64/r_128_c_128_p_0.15_uniq_64.txt
Finished running in 28.5018ms
Generating and Compiling data/synth_mats_wider/vary_density/q_64/r_128_c_128_p_0.25_uniq_64.txt
Running data/synth_mats_wider/vary_density/q_64/r_128_c_128_p_0.25_uniq_64.txt
Finished running in 51.4985ms
Generating and Compiling data/synth_mats_wider/vary_density/q_64/r_128_c_128_p_0.025_uniq_64.txt
Running data/synth_mats_wider/vary_density/q_64/r_128_c_128_p_0.025_uniq_64.txt
Finished running in 26.490333333333336ms
Generating and Compiling data/synth_mats_wider/vary_density/q_64/r_128_c_128_p_0.075_uniq_64.txt
Running data/synth_mats_wider/vary_density/q_64/r_128_c_128_p_0.075_uniq_64.txt
Finished running in 25.189866666666667ms
Generating and Compiling data/synth_mats_wider/vary_density/q_64/r_128_c_128_p_0.125_uniq_64.txt
Running data/synth_mats_wider/vary_density/q_64/r_128_c_128_p_0.125_uniq_64.txt
Finished running in 25.78643333333333ms
Generating and Compiling data/synth_mats_wider/vary_density/q_64/r_128_c_128_p_1.0_uniq_64.txt
Running data/synth_mats_wider/vary_density/q_64/r_128_c_128_p_1.0_uniq_64.txt
Finished running in 81.19409999999999ms
Generating and Compiling data/synth_mats_wider/vary_density/q_256/r_128_c_128_p_0.1_uniq_256.txt
Running data/synth_mats_wider/vary_density/q_256/r_128_c_128_p_0.1_uniq_256.txt
Finished running in 81.46963333333333ms
Generating and Compiling data/synth_mats_wider/vary_density/q_256/r_128_c_128_p_0.2_uniq_256.txt
Running data/synth_mats_wider/vary_density/q_256/r_128_c_128_p_0.2_uniq_256.txt
Finished running in 81.11993333333334ms
Generating and Compiling data/synth_mats_wider/vary_density/q_256/r_128_c_128_p_0.3_uniq_256.txt
Running data/synth_mats_wider/vary_density/q_256/r_128_c_128_p_0.3_uniq_256.txt
Finished running in 81.55463333333334ms
Generating and Compiling data/synth_mats_wider/vary_density/q_256/r_128_c_128_p_0.4_uniq_256.txt
Running data/synth_mats_wider/vary_density/q_256/r_128_c_128_p_0.4_uniq_256.txt
Finished running in 80.86846666666666ms
Generating and Compiling data/synth_mats_wider/vary_density/q_256/r_128_c_128_p_0.05_uniq_256.txt
Running data/synth_mats_wider/vary_density/q_256/r_128_c_128_p_0.05_uniq_256.txt
Finished running in 81.2494ms
Generating and Compiling data/synth_mats_wider/vary_density/q_256/r_128_c_128_p_0.5_uniq_256.txt
Running data/synth_mats_wider/vary_density/q_256/r_128_c_128_p_0.5_uniq_256.txt
Finished running in 81.38143333333333ms
Generating and Compiling data/synth_mats_wider/vary_density/q_256/r_128_c_128_p_0.6_uniq_256.txt
Running data/synth_mats_wider/vary_density/q_256/r_128_c_128_p_0.6_uniq_256.txt
Finished running in 81.34796666666666ms
Generating and Compiling data/synth_mats_wider/vary_density/q_256/r_128_c_128_p_0.7_uniq_256.txt
Running data/synth_mats_wider/vary_density/q_256/r_128_c_128_p_0.7_uniq_256.txt
Finished running in 81.62953333333333ms
Generating and Compiling data/synth_mats_wider/vary_density/q_256/r_128_c_128_p_0.8_uniq_256.txt
Running data/synth_mats_wider/vary_density/q_256/r_128_c_128_p_0.8_uniq_256.txt
Finished running in 81.29729999999999ms
Generating and Compiling data/synth_mats_wider/vary_density/q_256/r_128_c_128_p_0.9_uniq_256.txt
Running data/synth_mats_wider/vary_density/q_256/r_128_c_128_p_0.9_uniq_256.txt
Finished running in 81.29493333333333ms
Generating and Compiling data/synth_mats_wider/vary_density/q_256/r_128_c_128_p_0.15_uniq_256.txt
Running data/synth_mats_wider/vary_density/q_256/r_128_c_128_p_0.15_uniq_256.txt
Finished running in 81.6119ms
Generating and Compiling data/synth_mats_wider/vary_density/q_256/r_128_c_128_p_0.025_uniq_256.txt
Running data/synth_mats_wider/vary_density/q_256/r_128_c_128_p_0.025_uniq_256.txt
Finished running in 81.47466666666666ms
Generating and Compiling data/synth_mats_wider/vary_density/q_256/r_128_c_128_p_0.25_uniq_256.txt
Running data/synth_mats_wider/vary_density/q_256/r_128_c_128_p_0.25_uniq_256.txt
Finished running in 81.28099999999999ms
Generating and Compiling data/synth_mats_wider/vary_density/q_256/r_128_c_128_p_0.075_uniq_256.txt
Running data/synth_mats_wider/vary_density/q_256/r_128_c_128_p_0.075_uniq_256.txt
Finished running in 81.64586666666668ms
Generating and Compiling data/synth_mats_wider/vary_density/q_256/r_128_c_128_p_0.125_uniq_256.txt
Running data/synth_mats_wider/vary_density/q_256/r_128_c_128_p_0.125_uniq_256.txt
Finished running in 81.39496666666668ms
Generating and Compiling data/synth_mats_wider/vary_density/q_256/r_128_c_128_p_1.0_uniq_256.txt
Running data/synth_mats_wider/vary_density/q_256/r_128_c_128_p_1.0_uniq_256.txt
Finished running in 85.6755ms
Generating and Compiling data/synth_mats_wider/vary_row/q_16/r_32_c_128_p_0.05_uniq_16.txt
Running data/synth_mats_wider/vary_row/q_16/r_32_c_128_p_0.05_uniq_16.txt
Finished running in 13.013200000000001ms
Generating and Compiling data/synth_mats_wider/vary_row/q_16/r_64_c_128_p_0.05_uniq_16.txt
Running data/synth_mats_wider/vary_row/q_16/r_64_c_128_p_0.05_uniq_16.txt
Finished running in 20.436500000000002ms
Generating and Compiling data/synth_mats_wider/vary_row/q_16/r_128_c_128_p_0.05_uniq_16.txt
Running data/synth_mats_wider/vary_row/q_16/r_128_c_128_p_0.05_uniq_16.txt
Finished running in 28.696633333333335ms
Generating and Compiling data/synth_mats_wider/vary_row/q_16/r_256_c_128_p_0.05_uniq_16.txt
Running data/synth_mats_wider/vary_row/q_16/r_256_c_128_p_0.05_uniq_16.txt
Finished running in 35.17006666666667ms
Generating and Compiling data/synth_mats_wider/vary_row/q_16/r_512_c_128_p_0.05_uniq_16.txt
Running data/synth_mats_wider/vary_row/q_16/r_512_c_128_p_0.05_uniq_16.txt
Finished running in 66.60553333333333ms
Generating and Compiling data/synth_mats_wider/vary_row/q_16/r_1024_c_128_p_0.05_uniq_16.txt
Running data/synth_mats_wider/vary_row/q_16/r_1024_c_128_p_0.05_uniq_16.txt
Finished running in 150.42533333333333ms
Generating and Compiling data/synth_mats_wider/vary_row/q_64/r_32_c_128_p_0.05_uniq_64.txt
Running data/synth_mats_wider/vary_row/q_64/r_32_c_128_p_0.05_uniq_64.txt
Finished running in 12.7193ms
Generating and Compiling data/synth_mats_wider/vary_row/q_64/r_64_c_128_p_0.05_uniq_64.txt
Running data/synth_mats_wider/vary_row/q_64/r_64_c_128_p_0.05_uniq_64.txt
Finished running in 21.469866666666668ms
Generating and Compiling data/synth_mats_wider/vary_row/q_64/r_128_c_128_p_0.05_uniq_64.txt
Running data/synth_mats_wider/vary_row/q_64/r_128_c_128_p_0.05_uniq_64.txt
Finished running in 27.5114ms
Generating and Compiling data/synth_mats_wider/vary_row/q_64/r_256_c_128_p_0.05_uniq_64.txt
Running data/synth_mats_wider/vary_row/q_64/r_256_c_128_p_0.05_uniq_64.txt
Finished running in 34.88023333333333ms
Generating and Compiling data/synth_mats_wider/vary_row/q_64/r_512_c_128_p_0.05_uniq_64.txt
Running data/synth_mats_wider/vary_row/q_64/r_512_c_128_p_0.05_uniq_64.txt
Finished running in 79.9327ms
Generating and Compiling data/synth_mats_wider/vary_row/q_64/r_1024_c_128_p_0.05_uniq_64.txt
Running data/synth_mats_wider/vary_row/q_64/r_1024_c_128_p_0.05_uniq_64.txt
Finished running in 558.4509666666667ms
Generating and Compiling data/synth_mats_wider/vary_row/q_256/r_64_c_128_p_0.05_uniq_256.txt
Running data/synth_mats_wider/vary_row/q_256/r_64_c_128_p_0.05_uniq_256.txt
Finished running in 60.24516666666667ms
Generating and Compiling data/synth_mats_wider/vary_row/q_256/r_128_c_128_p_0.05_uniq_256.txt
Running data/synth_mats_wider/vary_row/q_256/r_128_c_128_p_0.05_uniq_256.txt
Finished running in 81.26713333333333ms
Generating and Compiling data/synth_mats_wider/vary_row/q_256/r_256_c_128_p_0.05_uniq_256.txt
Running data/synth_mats_wider/vary_row/q_256/r_256_c_128_p_0.05_uniq_256.txt
Finished running in 143.41836666666669ms
Generating and Compiling data/synth_mats_wider/vary_row/q_256/r_512_c_128_p_0.05_uniq_256.txt
Running data/synth_mats_wider/vary_row/q_256/r_512_c_128_p_0.05_uniq_256.txt
Finished running in 239.85923333333332ms
Generating and Compiling data/synth_mats_wider/vary_row/q_256/r_1024_c_128_p_0.05_uniq_256.txt
Running data/synth_mats_wider/vary_row/q_256/r_1024_c_128_p_0.05_uniq_256.txt
Finished running in 559.1545ms
Generating and Compiling data/synth_mats_wider/vary_unique/r_128_c_128_p_0.05_uniq_16.txt
Running data/synth_mats_wider/vary_unique/r_128_c_128_p_0.05_uniq_16.txt
Finished running in 27.950933333333335ms
Generating and Compiling data/synth_mats_wider/vary_unique/r_128_c_128_p_0.05_uniq_32.txt
Running data/synth_mats_wider/vary_unique/r_128_c_128_p_0.05_uniq_32.txt
Finished running in 27.220166666666668ms
Generating and Compiling data/synth_mats_wider/vary_unique/r_128_c_128_p_0.05_uniq_48.txt
Running data/synth_mats_wider/vary_unique/r_128_c_128_p_0.05_uniq_48.txt
Finished running in 27.5484ms
Generating and Compiling data/synth_mats_wider/vary_unique/r_128_c_128_p_0.05_uniq_64.txt
Running data/synth_mats_wider/vary_unique/r_128_c_128_p_0.05_uniq_64.txt
Finished running in 28.97893333333333ms
Generating and Compiling data/synth_mats_wider/vary_unique/r_128_c_128_p_0.05_uniq_80.txt
Running data/synth_mats_wider/vary_unique/r_128_c_128_p_0.05_uniq_80.txt
Finished running in 26.530233333333335ms
Generating and Compiling data/synth_mats_wider/vary_unique/r_128_c_128_p_0.05_uniq_96.txt
Running data/synth_mats_wider/vary_unique/r_128_c_128_p_0.05_uniq_96.txt
Finished running in 27.7164ms
Generating and Compiling data/synth_mats_wider/vary_unique/r_128_c_128_p_0.05_uniq_112.txt
Running data/synth_mats_wider/vary_unique/r_128_c_128_p_0.05_uniq_112.txt
Finished running in 27.201533333333334ms
Generating and Compiling data/synth_mats_wider/vary_unique/r_128_c_128_p_0.05_uniq_128.txt
Running data/synth_mats_wider/vary_unique/r_128_c_128_p_0.05_uniq_128.txt
Finished running in 27.499900000000004ms
Generating and Compiling data/synth_mats_wider/vary_unique/r_128_c_128_p_0.05_uniq_144.txt
Running data/synth_mats_wider/vary_unique/r_128_c_128_p_0.05_uniq_144.txt
Finished running in 27.596600000000002ms
Generating and Compiling data/synth_mats_wider/vary_unique/r_128_c_128_p_0.05_uniq_160.txt
Running data/synth_mats_wider/vary_unique/r_128_c_128_p_0.05_uniq_160.txt
Finished running in 27.519433333333332ms
Generating and Compiling data/synth_mats_wider/vary_unique/r_128_c_128_p_0.05_uniq_176.txt
Running data/synth_mats_wider/vary_unique/r_128_c_128_p_0.05_uniq_176.txt
Finished running in 28.682833333333335ms
Generating and Compiling data/synth_mats_wider/vary_unique/r_128_c_128_p_0.05_uniq_192.txt
Running data/synth_mats_wider/vary_unique/r_128_c_128_p_0.05_uniq_192.txt
Finished running in 26.994266666666665ms
Generating and Compiling data/synth_mats_wider/vary_unique/r_128_c_128_p_0.05_uniq_208.txt
Running data/synth_mats_wider/vary_unique/r_128_c_128_p_0.05_uniq_208.txt
Finished running in 28.3343ms
Generating and Compiling data/synth_mats_wider/vary_unique/r_128_c_128_p_0.05_uniq_224.txt
Running data/synth_mats_wider/vary_unique/r_128_c_128_p_0.05_uniq_224.txt
Finished running in 28.487666666666666ms
Generating and Compiling data/synth_mats_wider/vary_unique/r_128_c_128_p_0.05_uniq_240.txt
Running data/synth_mats_wider/vary_unique/r_128_c_128_p_0.05_uniq_240.txt
Finished running in 29.288666666666664ms
Generating and Compiling data/synth_mats_wider/vary_unique/r_128_c_128_p_0.05_uniq_256.txt
Running data/synth_mats_wider/vary_unique/r_128_c_128_p_0.05_uniq_256.txt
Finished running in 81.28096666666667ms
