
LIBXSMM_VERSION: RT-bct-B-from-vreg-hide-mlatency-1.16.1-1579 (25183787)
LIBXSMM_TARGET: skx
Registry and code: 13 MB
Uptime: 0.471411 s

LIBXSMM_VERSION: RT-bct-B-from-vreg-hide-mlatency-1.16.1-1579 (25183787)
LIBXSMM_TARGET: skx
Registry and code: 13 MB
Uptime: 0.471225 s

LIBXSMM_VERSION: RT-bct-B-from-vreg-hide-mlatency-1.16.1-1579 (25183787)
LIBXSMM_TARGET: skx
Registry and code: 13 MB
Uptime: 0.485101 s

LIBXSMM_VERSION: RT-bct-B-from-vreg-hide-mlatency-1.16.1-1579 (25183787)
LIBXSMM_TARGET: skx
Registry and code: 13 MB
Uptime: 0.873761 s

LIBXSMM_VERSION: RT-bct-B-from-vreg-hide-mlatency-1.16.1-1579 (25183787)
LIBXSMM_TARGET: skx
Registry and code: 13 MB
Uptime: 0.853636 s

LIBXSMM_VERSION: RT-bct-B-from-vreg-hide-mlatency-1.16.1-1579 (25183787)
LIBXSMM_TARGET: skx
Registry and code: 13 MB
Uptime: 0.838634 s

LIBXSMM_VERSION: RT-bct-B-from-vreg-hide-mlatency-1.16.1-1579 (25183787)
LIBXSMM_TARGET: skx
Registry and code: 13 MB
Uptime: 1.324289 s

LIBXSMM_VERSION: RT-bct-B-from-vreg-hide-mlatency-1.16.1-1579 (25183787)
LIBXSMM_TARGET: skx
Registry and code: 13 MB
Uptime: 1.287188 s

LIBXSMM_VERSION: RT-bct-B-from-vreg-hide-mlatency-1.16.1-1579 (25183787)
LIBXSMM_TARGET: skx
Registry and code: 13 MB
Uptime: 1.182165 s

LIBXSMM_VERSION: RT-bct-B-from-vreg-hide-mlatency-1.16.1-1579 (25183787)
LIBXSMM_TARGET: skx
Registry and code: 13 MB
Uptime: 2.336092 s

LIBXSMM_VERSION: RT-bct-B-from-vreg-hide-mlatency-1.16.1-1579 (25183787)
LIBXSMM_TARGET: skx
Registry and code: 13 MB
Uptime: 1.997821 s

LIBXSMM_VERSION: RT-bct-B-from-vreg-hide-mlatency-1.16.1-1579 (25183787)
LIBXSMM_TARGET: skx
Registry and code: 13 MB
Uptime: 1.962660 s

LIBXSMM_VERSION: RT-bct-B-from-vreg-hide-mlatency-1.16.1-1579 (25183787)
LIBXSMM_TARGET: skx
Registry and code: 13 MB
Uptime: 4.216421 s

LIBXSMM_VERSION: RT-bct-B-from-vreg-hide-mlatency-1.16.1-1579 (25183787)
LIBXSMM_TARGET: skx
Registry and code: 13 MB
Uptime: 3.788911 s

LIBXSMM_VERSION: RT-bct-B-from-vreg-hide-mlatency-1.16.1-1579 (25183787)
LIBXSMM_TARGET: skx
Registry and code: 13 MB
Uptime: 3.711758 s

LIBXSMM_VERSION: RT-bct-B-from-vreg-hide-mlatency-1.16.1-1579 (25183787)
LIBXSMM_TARGET: skx
Registry and code: 13 MB
Uptime: 9.288833 s

LIBXSMM_VERSION: RT-bct-B-from-vreg-hide-mlatency-1.16.1-1579 (25183787)
LIBXSMM_TARGET: skx
Registry and code: 13 MB
Uptime: 8.476999 s

LIBXSMM_VERSION: RT-bct-B-from-vreg-hide-mlatency-1.16.1-1579 (25183787)
LIBXSMM_TARGET: skx
Registry and code: 13 MB
Uptime: 8.335419 s

LIBXSMM_VERSION: RT-bct-B-from-vreg-hide-mlatency-1.16.1-1579 (25183787)
LIBXSMM_TARGET: skx
Registry and code: 13 MB
Uptime: 0.477628 s

LIBXSMM_VERSION: RT-bct-B-from-vreg-hide-mlatency-1.16.1-1579 (25183787)
LIBXSMM_TARGET: skx
Registry and code: 13 MB
Uptime: 0.484930 s

LIBXSMM_VERSION: RT-bct-B-from-vreg-hide-mlatency-1.16.1-1579 (25183787)
LIBXSMM_TARGET: skx
Registry and code: 13 MB
Uptime: 0.486908 s

LIBXSMM_VERSION: RT-bct-B-from-vreg-hide-mlatency-1.16.1-1579 (25183787)
LIBXSMM_TARGET: skx
Registry and code: 13 MB
Uptime: 0.879051 s

LIBXSMM_VERSION: RT-bct-B-from-vreg-hide-mlatency-1.16.1-1579 (25183787)
LIBXSMM_TARGET: skx
Registry and code: 13 MB
Uptime: 0.872224 s

LIBXSMM_VERSION: RT-bct-B-from-vreg-hide-mlatency-1.16.1-1579 (25183787)
LIBXSMM_TARGET: skx
Registry and code: 13 MB
Uptime: 0.859810 s

LIBXSMM_VERSION: RT-bct-B-from-vreg-hide-mlatency-1.16.1-1579 (25183787)
LIBXSMM_TARGET: skx
Registry and code: 13 MB
Uptime: 1.296971 s

LIBXSMM_VERSION: RT-bct-B-from-vreg-hide-mlatency-1.16.1-1579 (25183787)
LIBXSMM_TARGET: skx
Registry and code: 13 MB
Uptime: 1.283699 s

LIBXSMM_VERSION: RT-bct-B-from-vreg-hide-mlatency-1.16.1-1579 (25183787)
LIBXSMM_TARGET: skx
Registry and code: 13 MB
Uptime: 1.161851 s

LIBXSMM_VERSION: RT-bct-B-from-vreg-hide-mlatency-1.16.1-1579 (25183787)
LIBXSMM_TARGET: skx
Registry and code: 13 MB
Uptime: 2.345050 s

LIBXSMM_VERSION: RT-bct-B-from-vreg-hide-mlatency-1.16.1-1579 (25183787)
LIBXSMM_TARGET: skx
Registry and code: 13 MB
Uptime: 2.025154 s

LIBXSMM_VERSION: RT-bct-B-from-vreg-hide-mlatency-1.16.1-1579 (25183787)
LIBXSMM_TARGET: skx
Registry and code: 13 MB
Uptime: 2.001082 s

LIBXSMM_VERSION: RT-bct-B-from-vreg-hide-mlatency-1.16.1-1579 (25183787)
LIBXSMM_TARGET: skx
Registry and code: 13 MB
Uptime: 4.195062 s

LIBXSMM_VERSION: RT-bct-B-from-vreg-hide-mlatency-1.16.1-1579 (25183787)
LIBXSMM_TARGET: skx
Registry and code: 13 MB
Uptime: 3.824941 s

LIBXSMM_VERSION: RT-bct-B-from-vreg-hide-mlatency-1.16.1-1579 (25183787)
LIBXSMM_TARGET: skx
Registry and code: 13 MB
Uptime: 3.735118 s

LIBXSMM_VERSION: RT-bct-B-from-vreg-hide-mlatency-1.16.1-1579 (25183787)
LIBXSMM_TARGET: skx
Registry and code: 13 MB
Uptime: 9.457190 s

LIBXSMM_VERSION: RT-bct-B-from-vreg-hide-mlatency-1.16.1-1579 (25183787)
LIBXSMM_TARGET: skx
Registry and code: 13 MB
Uptime: 8.517138 s

LIBXSMM_VERSION: RT-bct-B-from-vreg-hide-mlatency-1.16.1-1579 (25183787)
LIBXSMM_TARGET: skx
Registry and code: 13 MB
Uptime: 8.393206 s

LIBXSMM_VERSION: RT-bct-B-from-vreg-hide-mlatency-1.16.1-1579 (25183787)
LIBXSMM_TARGET: skx
Registry and code: 13 MB
Uptime: 0.884192 s

LIBXSMM_VERSION: RT-bct-B-from-vreg-hide-mlatency-1.16.1-1579 (25183787)
LIBXSMM_TARGET: skx
Registry and code: 13 MB
Uptime: 0.871139 s

LIBXSMM_VERSION: RT-bct-B-from-vreg-hide-mlatency-1.16.1-1579 (25183787)
LIBXSMM_TARGET: skx
Registry and code: 13 MB
Uptime: 0.842898 s

LIBXSMM_VERSION: RT-bct-B-from-vreg-hide-mlatency-1.16.1-1579 (25183787)
LIBXSMM_TARGET: skx
Registry and code: 13 MB
Uptime: 1.354438 s

LIBXSMM_VERSION: RT-bct-B-from-vreg-hide-mlatency-1.16.1-1579 (25183787)
LIBXSMM_TARGET: skx
Registry and code: 13 MB
Uptime: 1.288449 s

LIBXSMM_VERSION: RT-bct-B-from-vreg-hide-mlatency-1.16.1-1579 (25183787)
LIBXSMM_TARGET: skx
Registry and code: 13 MB
Uptime: 1.185089 s

LIBXSMM_VERSION: RT-bct-B-from-vreg-hide-mlatency-1.16.1-1579 (25183787)
LIBXSMM_TARGET: skx
Registry and code: 13 MB
Uptime: 2.372332 s

LIBXSMM_VERSION: RT-bct-B-from-vreg-hide-mlatency-1.16.1-1579 (25183787)
LIBXSMM_TARGET: skx
Registry and code: 13 MB
Uptime: 2.040326 s

LIBXSMM_VERSION: RT-bct-B-from-vreg-hide-mlatency-1.16.1-1579 (25183787)
LIBXSMM_TARGET: skx
Registry and code: 13 MB
Uptime: 1.988489 s

LIBXSMM_VERSION: RT-bct-B-from-vreg-hide-mlatency-1.16.1-1579 (25183787)
LIBXSMM_TARGET: skx
Registry and code: 13 MB
Uptime: 4.157134 s

LIBXSMM_VERSION: RT-bct-B-from-vreg-hide-mlatency-1.16.1-1579 (25183787)
LIBXSMM_TARGET: skx
Registry and code: 13 MB
Uptime: 3.806282 s

LIBXSMM_VERSION: RT-bct-B-from-vreg-hide-mlatency-1.16.1-1579 (25183787)
LIBXSMM_TARGET: skx
Registry and code: 13 MB
Uptime: 3.744570 s

LIBXSMM_VERSION: RT-bct-B-from-vreg-hide-mlatency-1.16.1-1579 (25183787)
LIBXSMM_TARGET: skx
Registry and code: 13 MB
Uptime: 9.282922 s

LIBXSMM_VERSION: RT-bct-B-from-vreg-hide-mlatency-1.16.1-1579 (25183787)
LIBXSMM_TARGET: skx
Registry and code: 13 MB
Uptime: 8.508780 s

LIBXSMM_VERSION: RT-bct-B-from-vreg-hide-mlatency-1.16.1-1579 (25183787)
LIBXSMM_TARGET: skx
Registry and code: 13 MB
Uptime: 8.397415 s

LIBXSMM_VERSION: RT-bct-B-from-vreg-hide-mlatency-1.16.1-1579 (25183787)
LIBXSMM_TARGET: skx
Registry and code: 13 MB
Uptime: 0.843906 s

LIBXSMM_VERSION: RT-bct-B-from-vreg-hide-mlatency-1.16.1-1579 (25183787)
LIBXSMM_TARGET: skx
Registry and code: 13 MB
Uptime: 0.830066 s

LIBXSMM_VERSION: RT-bct-B-from-vreg-hide-mlatency-1.16.1-1579 (25183787)
LIBXSMM_TARGET: skx
Registry and code: 13 MB
Uptime: 0.847477 s

LIBXSMM_VERSION: RT-bct-B-from-vreg-hide-mlatency-1.16.1-1579 (25183787)
LIBXSMM_TARGET: skx
Registry and code: 13 MB
Uptime: 1.530759 s

LIBXSMM_VERSION: RT-bct-B-from-vreg-hide-mlatency-1.16.1-1579 (25183787)
LIBXSMM_TARGET: skx
Registry and code: 13 MB
Uptime: 1.170711 s

LIBXSMM_VERSION: RT-bct-B-from-vreg-hide-mlatency-1.16.1-1579 (25183787)
LIBXSMM_TARGET: skx
Registry and code: 13 MB
Uptime: 1.147801 s

LIBXSMM_VERSION: RT-bct-B-from-vreg-hide-mlatency-1.16.1-1579 (25183787)
LIBXSMM_TARGET: skx
Registry and code: 13 MB
Uptime: 1.894903 s

LIBXSMM_VERSION: RT-bct-B-from-vreg-hide-mlatency-1.16.1-1579 (25183787)
LIBXSMM_TARGET: skx
Registry and code: 13 MB
Uptime: 1.324804 s

LIBXSMM_VERSION: RT-bct-B-from-vreg-hide-mlatency-1.16.1-1579 (25183787)
LIBXSMM_TARGET: skx
Registry and code: 13 MB
Uptime: 1.445010 s

LIBXSMM_VERSION: RT-bct-B-from-vreg-hide-mlatency-1.16.1-1579 (25183787)
LIBXSMM_TARGET: skx
Registry and code: 13 MB
Uptime: 2.420285 s

LIBXSMM_VERSION: RT-bct-B-from-vreg-hide-mlatency-1.16.1-1579 (25183787)
LIBXSMM_TARGET: skx
Registry and code: 13 MB
Uptime: 1.779592 s

LIBXSMM_VERSION: RT-bct-B-from-vreg-hide-mlatency-1.16.1-1579 (25183787)
LIBXSMM_TARGET: skx
Registry and code: 13 MB
Uptime: 1.844039 s

LIBXSMM_VERSION: RT-bct-B-from-vreg-hide-mlatency-1.16.1-1579 (25183787)
LIBXSMM_TARGET: skx
Registry and code: 13 MB
Uptime: 3.010068 s

LIBXSMM_VERSION: RT-bct-B-from-vreg-hide-mlatency-1.16.1-1579 (25183787)
LIBXSMM_TARGET: skx
Registry and code: 13 MB
Uptime: 2.345349 s

LIBXSMM_VERSION: RT-bct-B-from-vreg-hide-mlatency-1.16.1-1579 (25183787)
LIBXSMM_TARGET: skx
Registry and code: 13 MB
Uptime: 2.281187 s

LIBXSMM_VERSION: RT-bct-B-from-vreg-hide-mlatency-1.16.1-1579 (25183787)
LIBXSMM_TARGET: skx
Registry and code: 13 MB
Uptime: 3.631096 s

LIBXSMM_VERSION: RT-bct-B-from-vreg-hide-mlatency-1.16.1-1579 (25183787)
LIBXSMM_TARGET: skx
Registry and code: 13 MB
Uptime: 2.865336 s

LIBXSMM_VERSION: RT-bct-B-from-vreg-hide-mlatency-1.16.1-1579 (25183787)
LIBXSMM_TARGET: skx
Registry and code: 13 MB
Uptime: 2.751249 s

LIBXSMM_VERSION: RT-bct-B-from-vreg-hide-mlatency-1.16.1-1579 (25183787)
LIBXSMM_TARGET: skx
Registry and code: 13 MB
Uptime: 1.332487 s

LIBXSMM_VERSION: RT-bct-B-from-vreg-hide-mlatency-1.16.1-1579 (25183787)
LIBXSMM_TARGET: skx
Registry and code: 13 MB
Uptime: 1.289161 s

LIBXSMM_VERSION: RT-bct-B-from-vreg-hide-mlatency-1.16.1-1579 (25183787)
LIBXSMM_TARGET: skx
Registry and code: 13 MB
Uptime: 1.194034 s

LIBXSMM_VERSION: RT-bct-B-from-vreg-hide-mlatency-1.16.1-1579 (25183787)
LIBXSMM_TARGET: skx
Registry and code: 13 MB
Uptime: 4.397505 s

LIBXSMM_VERSION: RT-bct-B-from-vreg-hide-mlatency-1.16.1-1579 (25183787)
LIBXSMM_TARGET: skx
Registry and code: 13 MB
Uptime: 3.441969 s

LIBXSMM_VERSION: RT-bct-B-from-vreg-hide-mlatency-1.16.1-1579 (25183787)
LIBXSMM_TARGET: skx
Registry and code: 13 MB
Uptime: 3.199431 s

LIBXSMM_VERSION: RT-bct-B-from-vreg-hide-mlatency-1.16.1-1579 (25183787)
LIBXSMM_TARGET: skx
Registry and code: 13 MB
Uptime: 5.118965 s

LIBXSMM_VERSION: RT-bct-B-from-vreg-hide-mlatency-1.16.1-1579 (25183787)
LIBXSMM_TARGET: skx
Registry and code: 13 MB
Uptime: 3.982074 s

LIBXSMM_VERSION: RT-bct-B-from-vreg-hide-mlatency-1.16.1-1579 (25183787)
LIBXSMM_TARGET: skx
Registry and code: 13 MB
Uptime: 3.656476 s

LIBXSMM_VERSION: RT-bct-B-from-vreg-hide-mlatency-1.16.1-1579 (25183787)
LIBXSMM_TARGET: skx
Registry and code: 13 MB
Uptime: 5.835763 s

LIBXSMM_VERSION: RT-bct-B-from-vreg-hide-mlatency-1.16.1-1579 (25183787)
LIBXSMM_TARGET: skx
Registry and code: 13 MB
Uptime: 4.509919 s

LIBXSMM_VERSION: RT-bct-B-from-vreg-hide-mlatency-1.16.1-1579 (25183787)
LIBXSMM_TARGET: skx
Registry and code: 13 MB
Uptime: 4.124672 s

LIBXSMM_VERSION: RT-bct-B-from-vreg-hide-mlatency-1.16.1-1579 (25183787)
LIBXSMM_TARGET: skx
Registry and code: 13 MB
Uptime: 6.505321 s

LIBXSMM_VERSION: RT-bct-B-from-vreg-hide-mlatency-1.16.1-1579 (25183787)
LIBXSMM_TARGET: skx
Registry and code: 13 MB
Uptime: 5.031328 s

LIBXSMM_VERSION: RT-bct-B-from-vreg-hide-mlatency-1.16.1-1579 (25183787)
LIBXSMM_TARGET: skx
Registry and code: 13 MB
Uptime: 4.582026 s

LIBXSMM_VERSION: RT-bct-B-from-vreg-hide-mlatency-1.16.1-1579 (25183787)
LIBXSMM_TARGET: skx
Registry and code: 13 MB
Uptime: 1.746793 s

LIBXSMM_VERSION: RT-bct-B-from-vreg-hide-mlatency-1.16.1-1579 (25183787)
LIBXSMM_TARGET: skx
Registry and code: 13 MB
Uptime: 1.230119 s

LIBXSMM_VERSION: RT-bct-B-from-vreg-hide-mlatency-1.16.1-1579 (25183787)
LIBXSMM_TARGET: skx
Registry and code: 13 MB
Uptime: 1.294812 s

LIBXSMM_VERSION: RT-bct-B-from-vreg-hide-mlatency-1.16.1-1579 (25183787)
LIBXSMM_TARGET: skx
Registry and code: 13 MB
Uptime: 2.131182 s

LIBXSMM_VERSION: RT-bct-B-from-vreg-hide-mlatency-1.16.1-1579 (25183787)
LIBXSMM_TARGET: skx
Registry and code: 13 MB
Uptime: 1.541291 s

LIBXSMM_VERSION: RT-bct-B-from-vreg-hide-mlatency-1.16.1-1579 (25183787)
LIBXSMM_TARGET: skx
Registry and code: 13 MB
Uptime: 1.632145 s

LIBXSMM_VERSION: RT-bct-B-from-vreg-hide-mlatency-1.16.1-1579 (25183787)
LIBXSMM_TARGET: skx
Registry and code: 13 MB
Uptime: 1.186652 s

LIBXSMM_VERSION: RT-bct-B-from-vreg-hide-mlatency-1.16.1-1579 (25183787)
LIBXSMM_TARGET: skx
Registry and code: 13 MB
Uptime: 1.161334 s

LIBXSMM_VERSION: RT-bct-B-from-vreg-hide-mlatency-1.16.1-1579 (25183787)
LIBXSMM_TARGET: skx
Registry and code: 13 MB
Uptime: 1.184361 s

LIBXSMM_VERSION: RT-bct-B-from-vreg-hide-mlatency-1.16.1-1579 (25183787)
LIBXSMM_TARGET: skx
Registry and code: 13 MB
Uptime: 1.433718 s

LIBXSMM_VERSION: RT-bct-B-from-vreg-hide-mlatency-1.16.1-1579 (25183787)
LIBXSMM_TARGET: skx
Registry and code: 13 MB
Uptime: 1.243840 s

LIBXSMM_VERSION: RT-bct-B-from-vreg-hide-mlatency-1.16.1-1579 (25183787)
LIBXSMM_TARGET: skx
Registry and code: 13 MB
Uptime: 1.118018 s

LIBXSMM_VERSION: RT-bct-B-from-vreg-hide-mlatency-1.16.1-1579 (25183787)
LIBXSMM_TARGET: skx
Registry and code: 13 MB
Uptime: 1.605951 s

LIBXSMM_VERSION: RT-bct-B-from-vreg-hide-mlatency-1.16.1-1579 (25183787)
LIBXSMM_TARGET: skx
Registry and code: 13 MB
Uptime: 1.199394 s

LIBXSMM_VERSION: RT-bct-B-from-vreg-hide-mlatency-1.16.1-1579 (25183787)
LIBXSMM_TARGET: skx
Registry and code: 13 MB
Uptime: 1.213902 s

LIBXSMM_VERSION: RT-bct-B-from-vreg-hide-mlatency-1.16.1-1579 (25183787)
LIBXSMM_TARGET: skx
Registry and code: 13 MB
Uptime: 7.189838 s

LIBXSMM_VERSION: RT-bct-B-from-vreg-hide-mlatency-1.16.1-1579 (25183787)
LIBXSMM_TARGET: skx
Registry and code: 13 MB
Uptime: 5.511086 s

LIBXSMM_VERSION: RT-bct-B-from-vreg-hide-mlatency-1.16.1-1579 (25183787)
LIBXSMM_TARGET: skx
Registry and code: 13 MB
Uptime: 5.046728 s

LIBXSMM_VERSION: RT-bct-B-from-vreg-hide-mlatency-1.16.1-1579 (25183787)
LIBXSMM_TARGET: skx
Registry and code: 13 MB
Uptime: 0.863036 s

LIBXSMM_VERSION: RT-bct-B-from-vreg-hide-mlatency-1.16.1-1579 (25183787)
LIBXSMM_TARGET: skx
Registry and code: 13 MB
Uptime: 0.860012 s

LIBXSMM_VERSION: RT-bct-B-from-vreg-hide-mlatency-1.16.1-1579 (25183787)
LIBXSMM_TARGET: skx
Registry and code: 13 MB
Uptime: 0.861656 s

LIBXSMM_VERSION: RT-bct-B-from-vreg-hide-mlatency-1.16.1-1579 (25183787)
LIBXSMM_TARGET: skx
Registry and code: 13 MB
Uptime: 1.525814 s

LIBXSMM_VERSION: RT-bct-B-from-vreg-hide-mlatency-1.16.1-1579 (25183787)
LIBXSMM_TARGET: skx
Registry and code: 13 MB
Uptime: 1.178820 s

LIBXSMM_VERSION: RT-bct-B-from-vreg-hide-mlatency-1.16.1-1579 (25183787)
LIBXSMM_TARGET: skx
Registry and code: 13 MB
Uptime: 1.151793 s

LIBXSMM_VERSION: RT-bct-B-from-vreg-hide-mlatency-1.16.1-1579 (25183787)
LIBXSMM_TARGET: skx
Registry and code: 13 MB
Uptime: 1.847510 s

LIBXSMM_VERSION: RT-bct-B-from-vreg-hide-mlatency-1.16.1-1579 (25183787)
LIBXSMM_TARGET: skx
Registry and code: 13 MB
Uptime: 1.343035 s

LIBXSMM_VERSION: RT-bct-B-from-vreg-hide-mlatency-1.16.1-1579 (25183787)
LIBXSMM_TARGET: skx
Registry and code: 13 MB
Uptime: 1.462994 s

LIBXSMM_VERSION: RT-bct-B-from-vreg-hide-mlatency-1.16.1-1579 (25183787)
LIBXSMM_TARGET: skx
Registry and code: 13 MB
Uptime: 2.415040 s

LIBXSMM_VERSION: RT-bct-B-from-vreg-hide-mlatency-1.16.1-1579 (25183787)
LIBXSMM_TARGET: skx
Registry and code: 13 MB
Uptime: 1.778273 s

LIBXSMM_VERSION: RT-bct-B-from-vreg-hide-mlatency-1.16.1-1579 (25183787)
LIBXSMM_TARGET: skx
Registry and code: 13 MB
Uptime: 1.847152 s

LIBXSMM_VERSION: RT-bct-B-from-vreg-hide-mlatency-1.16.1-1579 (25183787)
LIBXSMM_TARGET: skx
Registry and code: 13 MB
Uptime: 3.065835 s

LIBXSMM_VERSION: RT-bct-B-from-vreg-hide-mlatency-1.16.1-1579 (25183787)
LIBXSMM_TARGET: skx
Registry and code: 13 MB
Uptime: 2.325338 s

LIBXSMM_VERSION: RT-bct-B-from-vreg-hide-mlatency-1.16.1-1579 (25183787)
LIBXSMM_TARGET: skx
Registry and code: 13 MB
Uptime: 2.306279 s
Generating and Compiling data/synth_mats_wider/vary_col/q_16/r_128_c_32_p_0.05_uniq_16.txt
Running data/synth_mats_wider/vary_col/q_16/r_128_c_32_p_0.05_uniq_16.txt
Finished running in 13.6548ms
Generating and Compiling data/synth_mats_wider/vary_col/q_16/r_128_c_64_p_0.05_uniq_16.txt
Running data/synth_mats_wider/vary_col/q_16/r_128_c_64_p_0.05_uniq_16.txt
Finished running in 19.8636ms
Generating and Compiling data/synth_mats_wider/vary_col/q_16/r_128_c_128_p_0.05_uniq_16.txt
Running data/synth_mats_wider/vary_col/q_16/r_128_c_128_p_0.05_uniq_16.txt
Finished running in 35.76596666666667ms
Generating and Compiling data/synth_mats_wider/vary_col/q_16/r_128_c_256_p_0.05_uniq_16.txt
Running data/synth_mats_wider/vary_col/q_16/r_128_c_256_p_0.05_uniq_16.txt
Finished running in 61.38123333333333ms
Generating and Compiling data/synth_mats_wider/vary_col/q_16/r_128_c_512_p_0.05_uniq_16.txt
Running data/synth_mats_wider/vary_col/q_16/r_128_c_512_p_0.05_uniq_16.txt
Finished running in 119.72433333333333ms
Generating and Compiling data/synth_mats_wider/vary_col/q_16/r_128_c_1024_p_0.05_uniq_16.txt
Running data/synth_mats_wider/vary_col/q_16/r_128_c_1024_p_0.05_uniq_16.txt
Finished running in 234.38863333333333ms
Generating and Compiling data/synth_mats_wider/vary_col/q_64/r_128_c_32_p_0.05_uniq_64.txt
Running data/synth_mats_wider/vary_col/q_64/r_128_c_32_p_0.05_uniq_64.txt
Finished running in 13.902033333333332ms
Generating and Compiling data/synth_mats_wider/vary_col/q_64/r_128_c_64_p_0.05_uniq_64.txt
Running data/synth_mats_wider/vary_col/q_64/r_128_c_64_p_0.05_uniq_64.txt
Finished running in 18.91753333333333ms
Generating and Compiling data/synth_mats_wider/vary_col/q_64/r_128_c_128_p_0.05_uniq_64.txt
Running data/synth_mats_wider/vary_col/q_64/r_128_c_128_p_0.05_uniq_64.txt
Finished running in 34.50953333333334ms
Generating and Compiling data/synth_mats_wider/vary_col/q_64/r_128_c_256_p_0.05_uniq_64.txt
Running data/synth_mats_wider/vary_col/q_64/r_128_c_256_p_0.05_uniq_64.txt
Finished running in 63.134933333333336ms
Generating and Compiling data/synth_mats_wider/vary_col/q_64/r_128_c_512_p_0.05_uniq_64.txt
Running data/synth_mats_wider/vary_col/q_64/r_128_c_512_p_0.05_uniq_64.txt
Finished running in 109.23883333333333ms
Generating and Compiling data/synth_mats_wider/vary_col/q_64/r_128_c_1024_p_0.05_uniq_64.txt
Running data/synth_mats_wider/vary_col/q_64/r_128_c_1024_p_0.05_uniq_64.txt
Finished running in 1631.368ms
Generating and Compiling data/synth_mats_wider/vary_col/q_256/r_128_c_64_p_0.05_uniq_256.txt
Running data/synth_mats_wider/vary_col/q_256/r_128_c_64_p_0.05_uniq_256.txt
Finished running in 64.52786666666667ms
Generating and Compiling data/synth_mats_wider/vary_col/q_256/r_128_c_128_p_0.05_uniq_256.txt
Running data/synth_mats_wider/vary_col/q_256/r_128_c_128_p_0.05_uniq_256.txt
Finished running in 115.8768ms
Generating and Compiling data/synth_mats_wider/vary_col/q_256/r_128_c_256_p_0.05_uniq_256.txt
Running data/synth_mats_wider/vary_col/q_256/r_128_c_256_p_0.05_uniq_256.txt
Finished running in 256.9522ms
Generating and Compiling data/synth_mats_wider/vary_col/q_256/r_128_c_512_p_0.05_uniq_256.txt
Running data/synth_mats_wider/vary_col/q_256/r_128_c_512_p_0.05_uniq_256.txt
Finished running in 669.3924000000001ms
Generating and Compiling data/synth_mats_wider/vary_col/q_256/r_128_c_1024_p_0.05_uniq_256.txt
Running data/synth_mats_wider/vary_col/q_256/r_128_c_1024_p_0.05_uniq_256.txt
Finished running in 1621.4788333333333ms
Generating and Compiling data/synth_mats_wider/vary_density/q_16/r_128_c_128_p_0.01_uniq_16.txt
Running data/synth_mats_wider/vary_density/q_16/r_128_c_128_p_0.01_uniq_16.txt
Finished running in 24.018466666666665ms
Generating and Compiling data/synth_mats_wider/vary_density/q_16/r_128_c_128_p_0.1_uniq_16.txt
Running data/synth_mats_wider/vary_density/q_16/r_128_c_128_p_0.1_uniq_16.txt
Finished running in 32.785333333333334ms
Generating and Compiling data/synth_mats_wider/vary_density/q_16/r_128_c_128_p_0.2_uniq_16.txt
Running data/synth_mats_wider/vary_density/q_16/r_128_c_128_p_0.2_uniq_16.txt
Finished running in 48.536366666666666ms
Generating and Compiling data/synth_mats_wider/vary_density/q_16/r_128_c_128_p_0.3_uniq_16.txt
Running data/synth_mats_wider/vary_density/q_16/r_128_c_128_p_0.3_uniq_16.txt
Finished running in 81.07736666666666ms
Generating and Compiling data/synth_mats_wider/vary_density/q_16/r_128_c_128_p_0.4_uniq_16.txt
Running data/synth_mats_wider/vary_density/q_16/r_128_c_128_p_0.4_uniq_16.txt
Finished running in 115.30330000000001ms
Generating and Compiling data/synth_mats_wider/vary_density/q_16/r_128_c_128_p_0.5_uniq_16.txt
Running data/synth_mats_wider/vary_density/q_16/r_128_c_128_p_0.5_uniq_16.txt
Finished running in 115.93906666666666ms
Generating and Compiling data/synth_mats_wider/vary_density/q_16/r_128_c_128_p_0.05_uniq_16.txt
Running data/synth_mats_wider/vary_density/q_16/r_128_c_128_p_0.05_uniq_16.txt
Finished running in 35.03776666666667ms
Generating and Compiling data/synth_mats_wider/vary_density/q_16/r_128_c_128_p_0.6_uniq_16.txt
Running data/synth_mats_wider/vary_density/q_16/r_128_c_128_p_0.6_uniq_16.txt
Finished running in 116.15816666666666ms
Generating and Compiling data/synth_mats_wider/vary_density/q_16/r_128_c_128_p_0.7_uniq_16.txt
Running data/synth_mats_wider/vary_density/q_16/r_128_c_128_p_0.7_uniq_16.txt
Finished running in 115.99246666666666ms
Generating and Compiling data/synth_mats_wider/vary_density/q_16/r_128_c_128_p_0.8_uniq_16.txt
Running data/synth_mats_wider/vary_density/q_16/r_128_c_128_p_0.8_uniq_16.txt
Finished running in 115.73496666666666ms
Generating and Compiling data/synth_mats_wider/vary_density/q_16/r_128_c_128_p_0.9_uniq_16.txt
Running data/synth_mats_wider/vary_density/q_16/r_128_c_128_p_0.9_uniq_16.txt
Finished running in 115.60393333333333ms
Generating and Compiling data/synth_mats_wider/vary_density/q_16/r_128_c_128_p_0.15_uniq_16.txt
Running data/synth_mats_wider/vary_density/q_16/r_128_c_128_p_0.15_uniq_16.txt
Finished running in 40.557199999999995ms
Generating and Compiling data/synth_mats_wider/vary_density/q_16/r_128_c_128_p_0.25_uniq_16.txt
Running data/synth_mats_wider/vary_density/q_16/r_128_c_128_p_0.25_uniq_16.txt
Finished running in 70.8258ms
Generating and Compiling data/synth_mats_wider/vary_density/q_16/r_128_c_128_p_0.025_uniq_16.txt
Running data/synth_mats_wider/vary_density/q_16/r_128_c_128_p_0.025_uniq_16.txt
Finished running in 34.07136666666666ms
Generating and Compiling data/synth_mats_wider/vary_density/q_16/r_128_c_128_p_0.075_uniq_16.txt
Running data/synth_mats_wider/vary_density/q_16/r_128_c_128_p_0.075_uniq_16.txt
Finished running in 29.168466666666667ms
Generating and Compiling data/synth_mats_wider/vary_density/q_16/r_128_c_128_p_0.125_uniq_16.txt
Running data/synth_mats_wider/vary_density/q_16/r_128_c_128_p_0.125_uniq_16.txt
Finished running in 36.25063333333333ms
Generating and Compiling data/synth_mats_wider/vary_density/q_16/r_128_c_128_p_1.0_uniq_16.txt
Running data/synth_mats_wider/vary_density/q_16/r_128_c_128_p_1.0_uniq_16.txt
Finished running in 116.1288ms
Generating and Compiling data/synth_mats_wider/vary_density/q_64/r_128_c_128_p_0.01_uniq_64.txt
Running data/synth_mats_wider/vary_density/q_64/r_128_c_128_p_0.01_uniq_64.txt
Finished running in 25.029333333333334ms
Generating and Compiling data/synth_mats_wider/vary_density/q_64/r_128_c_128_p_0.1_uniq_64.txt
Running data/synth_mats_wider/vary_density/q_64/r_128_c_128_p_0.1_uniq_64.txt
Finished running in 32.85583333333333ms
Generating and Compiling data/synth_mats_wider/vary_density/q_64/r_128_c_128_p_0.2_uniq_64.txt
Running data/synth_mats_wider/vary_density/q_64/r_128_c_128_p_0.2_uniq_64.txt
Finished running in 62.071866666666665ms
Generating and Compiling data/synth_mats_wider/vary_density/q_64/r_128_c_128_p_0.3_uniq_64.txt
Running data/synth_mats_wider/vary_density/q_64/r_128_c_128_p_0.3_uniq_64.txt
Finished running in 82.07826666666666ms
Generating and Compiling data/synth_mats_wider/vary_density/q_64/r_128_c_128_p_0.4_uniq_64.txt
Running data/synth_mats_wider/vary_density/q_64/r_128_c_128_p_0.4_uniq_64.txt
Finished running in 116.36396666666666ms
LIBXSMM_VERSION: RT-bct-B-from-vreg-hide-mlatency-1.16.1-1579 (25183787)
LIBXSMM_TARGET: skx
Registry and code: 13 MB
Uptime: 3.662549 s

LIBXSMM_VERSION: RT-bct-B-from-vreg-hide-mlatency-1.16.1-1579 (25183787)
LIBXSMM_TARGET: skx
Registry and code: 13 MB
Uptime: 2.927114 s

LIBXSMM_VERSION: RT-bct-B-from-vreg-hide-mlatency-1.16.1-1579 (25183787)
LIBXSMM_TARGET: skx
Registry and code: 13 MB
Uptime: 2.753486 s

LIBXSMM_VERSION: RT-bct-B-from-vreg-hide-mlatency-1.16.1-1579 (25183787)
LIBXSMM_TARGET: skx
Registry and code: 13 MB
Uptime: 1.323097 s

LIBXSMM_VERSION: RT-bct-B-from-vreg-hide-mlatency-1.16.1-1579 (25183787)
LIBXSMM_TARGET: skx
Registry and code: 13 MB
Uptime: 1.284448 s

LIBXSMM_VERSION: RT-bct-B-from-vreg-hide-mlatency-1.16.1-1579 (25183787)
LIBXSMM_TARGET: skx
Registry and code: 13 MB
Uptime: 1.164015 s

LIBXSMM_VERSION: RT-bct-B-from-vreg-hide-mlatency-1.16.1-1579 (25183787)
LIBXSMM_TARGET: skx
Registry and code: 13 MB
Uptime: 4.398442 s

LIBXSMM_VERSION: RT-bct-B-from-vreg-hide-mlatency-1.16.1-1579 (25183787)
LIBXSMM_TARGET: skx
Registry and code: 13 MB
Uptime: 3.455123 s

LIBXSMM_VERSION: RT-bct-B-from-vreg-hide-mlatency-1.16.1-1579 (25183787)
LIBXSMM_TARGET: skx
Registry and code: 13 MB
Uptime: 3.200534 s

LIBXSMM_VERSION: RT-bct-B-from-vreg-hide-mlatency-1.16.1-1579 (25183787)
LIBXSMM_TARGET: skx
Registry and code: 13 MB
Uptime: 5.136002 s

LIBXSMM_VERSION: RT-bct-B-from-vreg-hide-mlatency-1.16.1-1579 (25183787)
LIBXSMM_TARGET: skx
Registry and code: 13 MB
Uptime: 3.988955 s

LIBXSMM_VERSION: RT-bct-B-from-vreg-hide-mlatency-1.16.1-1579 (25183787)
LIBXSMM_TARGET: skx
Registry and code: 13 MB
Uptime: 3.670985 s

LIBXSMM_VERSION: RT-bct-B-from-vreg-hide-mlatency-1.16.1-1579 (25183787)
LIBXSMM_TARGET: skx
Registry and code: 13 MB
Uptime: 5.878988 s

LIBXSMM_VERSION: RT-bct-B-from-vreg-hide-mlatency-1.16.1-1579 (25183787)
LIBXSMM_TARGET: skx
Registry and code: 13 MB
Uptime: 4.519872 s

LIBXSMM_VERSION: RT-bct-B-from-vreg-hide-mlatency-1.16.1-1579 (25183787)
LIBXSMM_TARGET: skx
Registry and code: 13 MB
Uptime: 4.138360 s

LIBXSMM_VERSION: RT-bct-B-from-vreg-hide-mlatency-1.16.1-1579 (25183787)
LIBXSMM_TARGET: skx
Registry and code: 13 MB
Uptime: 6.542362 s

LIBXSMM_VERSION: RT-bct-B-from-vreg-hide-mlatency-1.16.1-1579 (25183787)
LIBXSMM_TARGET: skx
Registry and code: 13 MB
Uptime: 5.053779 s

LIBXSMM_VERSION: RT-bct-B-from-vreg-hide-mlatency-1.16.1-1579 (25183787)
LIBXSMM_TARGET: skx
Registry and code: 13 MB
Uptime: 4.602163 s

LIBXSMM_VERSION: RT-bct-B-from-vreg-hide-mlatency-1.16.1-1579 (25183787)
LIBXSMM_TARGET: skx
Registry and code: 13 MB
Uptime: 1.700482 s

LIBXSMM_VERSION: RT-bct-B-from-vreg-hide-mlatency-1.16.1-1579 (25183787)
LIBXSMM_TARGET: skx
Registry and code: 13 MB
Uptime: 1.221971 s

LIBXSMM_VERSION: RT-bct-B-from-vreg-hide-mlatency-1.16.1-1579 (25183787)
LIBXSMM_TARGET: skx
Registry and code: 13 MB
Uptime: 1.286545 s

LIBXSMM_VERSION: RT-bct-B-from-vreg-hide-mlatency-1.16.1-1579 (25183787)
LIBXSMM_TARGET: skx
Registry and code: 13 MB
Uptime: 2.137445 s

LIBXSMM_VERSION: RT-bct-B-from-vreg-hide-mlatency-1.16.1-1579 (25183787)
LIBXSMM_TARGET: skx
Registry and code: 13 MB
Uptime: 1.546951 s

LIBXSMM_VERSION: RT-bct-B-from-vreg-hide-mlatency-1.16.1-1579 (25183787)
LIBXSMM_TARGET: skx
Registry and code: 13 MB
Uptime: 1.646148 s

LIBXSMM_VERSION: RT-bct-B-from-vreg-hide-mlatency-1.16.1-1579 (25183787)
LIBXSMM_TARGET: skx
Registry and code: 13 MB
Uptime: 1.233972 s

LIBXSMM_VERSION: RT-bct-B-from-vreg-hide-mlatency-1.16.1-1579 (25183787)
LIBXSMM_TARGET: skx
Registry and code: 13 MB
Uptime: 1.179569 s

LIBXSMM_VERSION: RT-bct-B-from-vreg-hide-mlatency-1.16.1-1579 (25183787)
LIBXSMM_TARGET: skx
Registry and code: 13 MB
Uptime: 1.192579 s

LIBXSMM_VERSION: RT-bct-B-from-vreg-hide-mlatency-1.16.1-1579 (25183787)
LIBXSMM_TARGET: skx
Registry and code: 13 MB
Uptime: 1.454353 s

LIBXSMM_VERSION: RT-bct-B-from-vreg-hide-mlatency-1.16.1-1579 (25183787)
LIBXSMM_TARGET: skx
Registry and code: 13 MB
Uptime: 1.222222 s

LIBXSMM_VERSION: RT-bct-B-from-vreg-hide-mlatency-1.16.1-1579 (25183787)
LIBXSMM_TARGET: skx
Registry and code: 13 MB
Uptime: 1.126951 s

LIBXSMM_VERSION: RT-bct-B-from-vreg-hide-mlatency-1.16.1-1579 (25183787)
LIBXSMM_TARGET: skx
Registry and code: 13 MB
Uptime: 1.657403 s

LIBXSMM_VERSION: RT-bct-B-from-vreg-hide-mlatency-1.16.1-1579 (25183787)
LIBXSMM_TARGET: skx
Registry and code: 13 MB
Uptime: 1.233461 s

LIBXSMM_VERSION: RT-bct-B-from-vreg-hide-mlatency-1.16.1-1579 (25183787)
LIBXSMM_TARGET: skx
Registry and code: 13 MB
Uptime: 1.218641 s

LIBXSMM_VERSION: RT-bct-B-from-vreg-hide-mlatency-1.16.1-1579 (25183787)
LIBXSMM_TARGET: skx
Registry and code: 13 MB
Uptime: 7.199132 s

LIBXSMM_VERSION: RT-bct-B-from-vreg-hide-mlatency-1.16.1-1579 (25183787)
LIBXSMM_TARGET: skx
Registry and code: 13 MB
Uptime: 5.521787 s

LIBXSMM_VERSION: RT-bct-B-from-vreg-hide-mlatency-1.16.1-1579 (25183787)
LIBXSMM_TARGET: skx
Registry and code: 13 MB
Uptime: 5.062231 s

LIBXSMM_VERSION: RT-bct-B-from-vreg-hide-mlatency-1.16.1-1579 (25183787)
LIBXSMM_TARGET: skx
Registry and code: 13 MB
Uptime: 1.601007 s

LIBXSMM_VERSION: RT-bct-B-from-vreg-hide-mlatency-1.16.1-1579 (25183787)
LIBXSMM_TARGET: skx
Registry and code: 13 MB
Uptime: 1.208411 s

LIBXSMM_VERSION: RT-bct-B-from-vreg-hide-mlatency-1.16.1-1579 (25183787)
LIBXSMM_TARGET: skx
Registry and code: 13 MB
Uptime: 1.162864 s

LIBXSMM_VERSION: RT-bct-B-from-vreg-hide-mlatency-1.16.1-1579 (25183787)
LIBXSMM_TARGET: skx
Registry and code: 13 MB
Uptime: 1.931761 s

LIBXSMM_VERSION: RT-bct-B-from-vreg-hide-mlatency-1.16.1-1579 (25183787)
LIBXSMM_TARGET: skx
Registry and code: 13 MB
Uptime: 1.359011 s

LIBXSMM_VERSION: RT-bct-B-from-vreg-hide-mlatency-1.16.1-1579 (25183787)
LIBXSMM_TARGET: skx
Registry and code: 13 MB
Uptime: 1.483650 s

LIBXSMM_VERSION: RT-bct-B-from-vreg-hide-mlatency-1.16.1-1579 (25183787)
LIBXSMM_TARGET: skx
Registry and code: 13 MB
Uptime: 2.437784 s

LIBXSMM_VERSION: RT-bct-B-from-vreg-hide-mlatency-1.16.1-1579 (25183787)
LIBXSMM_TARGET: skx
Registry and code: 13 MB
Uptime: 1.845739 s

LIBXSMM_VERSION: RT-bct-B-from-vreg-hide-mlatency-1.16.1-1579 (25183787)
LIBXSMM_TARGET: skx
Registry and code: 13 MB
Uptime: 1.892012 s

LIBXSMM_VERSION: RT-bct-B-from-vreg-hide-mlatency-1.16.1-1579 (25183787)
LIBXSMM_TARGET: skx
Registry and code: 13 MB
Uptime: 3.140527 s

LIBXSMM_VERSION: RT-bct-B-from-vreg-hide-mlatency-1.16.1-1579 (25183787)
LIBXSMM_TARGET: skx
Registry and code: 13 MB
Uptime: 2.384152 s

LIBXSMM_VERSION: RT-bct-B-from-vreg-hide-mlatency-1.16.1-1579 (25183787)
LIBXSMM_TARGET: skx
Registry and code: 13 MB
Uptime: 2.379480 s

LIBXSMM_VERSION: RT-bct-B-from-vreg-hide-mlatency-1.16.1-1579 (25183787)
LIBXSMM_TARGET: skx
Registry and code: 13 MB
Uptime: 1.312229 s

LIBXSMM_VERSION: RT-bct-B-from-vreg-hide-mlatency-1.16.1-1579 (25183787)
LIBXSMM_TARGET: skx
Registry and code: 13 MB
Uptime: 1.286973 s

LIBXSMM_VERSION: RT-bct-B-from-vreg-hide-mlatency-1.16.1-1579 (25183787)
LIBXSMM_TARGET: skx
Registry and code: 13 MB
Uptime: 1.171906 s

LIBXSMM_VERSION: RT-bct-B-from-vreg-hide-mlatency-1.16.1-1579 (25183787)
LIBXSMM_TARGET: skx
Registry and code: 13 MB
Uptime: 3.711783 s

LIBXSMM_VERSION: RT-bct-B-from-vreg-hide-mlatency-1.16.1-1579 (25183787)
LIBXSMM_TARGET: skx
Registry and code: 13 MB
Uptime: 2.989970 s

LIBXSMM_VERSION: RT-bct-B-from-vreg-hide-mlatency-1.16.1-1579 (25183787)
LIBXSMM_TARGET: skx
Registry and code: 13 MB
Uptime: 2.854143 s

LIBXSMM_VERSION: RT-bct-B-from-vreg-hide-mlatency-1.16.1-1579 (25183787)
LIBXSMM_TARGET: skx
Registry and code: 13 MB
Uptime: 4.424112 s

LIBXSMM_VERSION: RT-bct-B-from-vreg-hide-mlatency-1.16.1-1579 (25183787)
LIBXSMM_TARGET: skx
Registry and code: 13 MB
Uptime: 3.541738 s

LIBXSMM_VERSION: RT-bct-B-from-vreg-hide-mlatency-1.16.1-1579 (25183787)
LIBXSMM_TARGET: skx
Registry and code: 13 MB
Uptime: 3.314219 s

LIBXSMM_VERSION: RT-bct-B-from-vreg-hide-mlatency-1.16.1-1579 (25183787)
LIBXSMM_TARGET: skx
Registry and code: 13 MB
Uptime: 5.201068 s

LIBXSMM_VERSION: RT-bct-B-from-vreg-hide-mlatency-1.16.1-1579 (25183787)
LIBXSMM_TARGET: skx
Registry and code: 13 MB
Uptime: 4.091430 s

LIBXSMM_VERSION: RT-bct-B-from-vreg-hide-mlatency-1.16.1-1579 (25183787)
LIBXSMM_TARGET: skx
Registry and code: 13 MB
Uptime: 3.801314 s

LIBXSMM_VERSION: RT-bct-B-from-vreg-hide-mlatency-1.16.1-1579 (25183787)
LIBXSMM_TARGET: skx
Registry and code: 13 MB
Uptime: 5.944949 s

LIBXSMM_VERSION: RT-bct-B-from-vreg-hide-mlatency-1.16.1-1579 (25183787)
LIBXSMM_TARGET: skx
Registry and code: 13 MB
Uptime: 4.632043 s

LIBXSMM_VERSION: RT-bct-B-from-vreg-hide-mlatency-1.16.1-1579 (25183787)
LIBXSMM_TARGET: skx
Registry and code: 13 MB
Uptime: 4.282401 s

LIBXSMM_VERSION: RT-bct-B-from-vreg-hide-mlatency-1.16.1-1579 (25183787)
LIBXSMM_TARGET: skx
Registry and code: 13 MB
Uptime: 6.579561 s

LIBXSMM_VERSION: RT-bct-B-from-vreg-hide-mlatency-1.16.1-1579 (25183787)
LIBXSMM_TARGET: skx
Registry and code: 13 MB
Uptime: 5.171765 s

LIBXSMM_VERSION: RT-bct-B-from-vreg-hide-mlatency-1.16.1-1579 (25183787)
LIBXSMM_TARGET: skx
Registry and code: 13 MB
Uptime: 4.781981 s

LIBXSMM_VERSION: RT-bct-B-from-vreg-hide-mlatency-1.16.1-1579 (25183787)
LIBXSMM_TARGET: skx
Registry and code: 13 MB
Uptime: 1.648044 s

LIBXSMM_VERSION: RT-bct-B-from-vreg-hide-mlatency-1.16.1-1579 (25183787)
LIBXSMM_TARGET: skx
Registry and code: 13 MB
Uptime: 1.274695 s

LIBXSMM_VERSION: RT-bct-B-from-vreg-hide-mlatency-1.16.1-1579 (25183787)
LIBXSMM_TARGET: skx
Registry and code: 13 MB
Uptime: 1.301596 s

LIBXSMM_VERSION: RT-bct-B-from-vreg-hide-mlatency-1.16.1-1579 (25183787)
LIBXSMM_TARGET: skx
Registry and code: 13 MB
Uptime: 1.216415 s

LIBXSMM_VERSION: RT-bct-B-from-vreg-hide-mlatency-1.16.1-1579 (25183787)
LIBXSMM_TARGET: skx
Registry and code: 13 MB
Uptime: 1.181660 s

LIBXSMM_VERSION: RT-bct-B-from-vreg-hide-mlatency-1.16.1-1579 (25183787)
LIBXSMM_TARGET: skx
Registry and code: 13 MB
Uptime: 1.168709 s

LIBXSMM_VERSION: RT-bct-B-from-vreg-hide-mlatency-1.16.1-1579 (25183787)
LIBXSMM_TARGET: skx
Registry and code: 13 MB
Uptime: 2.085140 s

LIBXSMM_VERSION: RT-bct-B-from-vreg-hide-mlatency-1.16.1-1579 (25183787)
LIBXSMM_TARGET: skx
Registry and code: 13 MB
Uptime: 1.578642 s

LIBXSMM_VERSION: RT-bct-B-from-vreg-hide-mlatency-1.16.1-1579 (25183787)
LIBXSMM_TARGET: skx
Registry and code: 13 MB
Uptime: 1.686364 s

LIBXSMM_VERSION: RT-bct-B-from-vreg-hide-mlatency-1.16.1-1579 (25183787)
LIBXSMM_TARGET: skx
Registry and code: 13 MB
Uptime: 1.470903 s

LIBXSMM_VERSION: RT-bct-B-from-vreg-hide-mlatency-1.16.1-1579 (25183787)
LIBXSMM_TARGET: skx
Registry and code: 13 MB
Uptime: 1.288488 s

LIBXSMM_VERSION: RT-bct-B-from-vreg-hide-mlatency-1.16.1-1579 (25183787)
LIBXSMM_TARGET: skx
Registry and code: 13 MB
Uptime: 1.148745 s

LIBXSMM_VERSION: RT-bct-B-from-vreg-hide-mlatency-1.16.1-1579 (25183787)
LIBXSMM_TARGET: skx
Registry and code: 13 MB
Uptime: 1.626080 s

LIBXSMM_VERSION: RT-bct-B-from-vreg-hide-mlatency-1.16.1-1579 (25183787)
LIBXSMM_TARGET: skx
Registry and code: 13 MB
Uptime: 1.219300 s

LIBXSMM_VERSION: RT-bct-B-from-vreg-hide-mlatency-1.16.1-1579 (25183787)
LIBXSMM_TARGET: skx
Registry and code: 13 MB
Uptime: 1.230209 s

LIBXSMM_VERSION: RT-bct-B-from-vreg-hide-mlatency-1.16.1-1579 (25183787)
LIBXSMM_TARGET: skx
Registry and code: 13 MB
Uptime: 7.251190 s

LIBXSMM_VERSION: RT-bct-B-from-vreg-hide-mlatency-1.16.1-1579 (25183787)
LIBXSMM_TARGET: skx
Registry and code: 13 MB
Uptime: 5.659920 s

LIBXSMM_VERSION: RT-bct-B-from-vreg-hide-mlatency-1.16.1-1579 (25183787)
LIBXSMM_TARGET: skx
Registry and code: 13 MB
Uptime: 5.307479 s

LIBXSMM_VERSION: RT-bct-B-from-vreg-hide-mlatency-1.16.1-1579 (25183787)
LIBXSMM_TARGET: skx
Registry and code: 13 MB
Uptime: 0.645361 s

LIBXSMM_VERSION: RT-bct-B-from-vreg-hide-mlatency-1.16.1-1579 (25183787)
LIBXSMM_TARGET: skx
Registry and code: 13 MB
Uptime: 0.616360 s

LIBXSMM_VERSION: RT-bct-B-from-vreg-hide-mlatency-1.16.1-1579 (25183787)
LIBXSMM_TARGET: skx
Registry and code: 13 MB
Uptime: 0.635980 s

LIBXSMM_VERSION: RT-bct-B-from-vreg-hide-mlatency-1.16.1-1579 (25183787)
LIBXSMM_TARGET: skx
Registry and code: 13 MB
Uptime: 0.960750 s

LIBXSMM_VERSION: RT-bct-B-from-vreg-hide-mlatency-1.16.1-1579 (25183787)
LIBXSMM_TARGET: skx
Registry and code: 13 MB
Uptime: 0.913698 s

LIBXSMM_VERSION: RT-bct-B-from-vreg-hide-mlatency-1.16.1-1579 (25183787)
LIBXSMM_TARGET: skx
Registry and code: 13 MB
Uptime: 0.938122 s

LIBXSMM_VERSION: RT-bct-B-from-vreg-hide-mlatency-1.16.1-1579 (25183787)
LIBXSMM_TARGET: skx
Registry and code: 13 MB
Uptime: 1.378366 s

LIBXSMM_VERSION: RT-bct-B-from-vreg-hide-mlatency-1.16.1-1579 (25183787)
LIBXSMM_TARGET: skx
Registry and code: 13 MB
Uptime: 1.287797 s

LIBXSMM_VERSION: RT-bct-B-from-vreg-hide-mlatency-1.16.1-1579 (25183787)
LIBXSMM_TARGET: skx
Registry and code: 13 MB
Uptime: 1.176947 s

LIBXSMM_VERSION: RT-bct-B-from-vreg-hide-mlatency-1.16.1-1579 (25183787)
LIBXSMM_TARGET: skx
Registry and code: 13 MB
Uptime: 1.996641 s

LIBXSMM_VERSION: RT-bct-B-from-vreg-hide-mlatency-1.16.1-1579 (25183787)
LIBXSMM_TARGET: skx
Registry and code: 13 MB
Uptime: 1.671082 s

LIBXSMM_VERSION: RT-bct-B-from-vreg-hide-mlatency-1.16.1-1579 (25183787)
LIBXSMM_TARGET: skx
Registry and code: 13 MB
Uptime: 1.654220 s

LIBXSMM_VERSION: RT-bct-B-from-vreg-hide-mlatency-1.16.1-1579 (25183787)
LIBXSMM_TARGET: skx
Registry and code: 13 MB
Uptime: 3.230776 s

LIBXSMM_VERSION: RT-bct-B-from-vreg-hide-mlatency-1.16.1-1579 (25183787)
LIBXSMM_TARGET: skx
Registry and code: 13 MB
Uptime: 2.888594 s

LIBXSMM_VERSION: RT-bct-B-from-vreg-hide-mlatency-1.16.1-1579 (25183787)
LIBXSMM_TARGET: skx
Registry and code: 13 MB
Uptime: 2.916802 s

LIBXSMM_VERSION: RT-bct-B-from-vreg-hide-mlatency-1.16.1-1579 (25183787)
LIBXSMM_TARGET: skx
Registry and code: 13 MB
Uptime: 5.803486 s

LIBXSMM_VERSION: RT-bct-B-from-vreg-hide-mlatency-1.16.1-1579 (25183787)
LIBXSMM_TARGET: skx
Registry and code: 13 MB
Uptime: 5.435574 s

LIBXSMM_VERSION: RT-bct-B-from-vreg-hide-mlatency-1.16.1-1579 (25183787)
LIBXSMM_TARGET: skx
Registry and code: 13 MB
Uptime: 5.500458 s

LIBXSMM_VERSION: RT-bct-B-from-vreg-hide-mlatency-1.16.1-1579 (25183787)
LIBXSMM_TARGET: skx
Registry and code: 13 MB
Uptime: 0.633496 s

LIBXSMM_VERSION: RT-bct-B-from-vreg-hide-mlatency-1.16.1-1579 (25183787)
LIBXSMM_TARGET: skx
Registry and code: 13 MB
Uptime: 0.613144 s

LIBXSMM_VERSION: RT-bct-B-from-vreg-hide-mlatency-1.16.1-1579 (25183787)
LIBXSMM_TARGET: skx
Registry and code: 13 MB
Uptime: 0.622824 s

LIBXSMM_VERSION: RT-bct-B-from-vreg-hide-mlatency-1.16.1-1579 (25183787)
LIBXSMM_TARGET: skx
Registry and code: 13 MB
Uptime: 0.969309 s

LIBXSMM_VERSION: RT-bct-B-from-vreg-hide-mlatency-1.16.1-1579 (25183787)
LIBXSMM_TARGET: skx
Registry and code: 13 MB
Uptime: 0.921828 s

LIBXSMM_VERSION: RT-bct-B-from-vreg-hide-mlatency-1.16.1-1579 (25183787)
LIBXSMM_TARGET: skx
Registry and code: 13 MB
Uptime: 0.955335 s

LIBXSMM_VERSION: RT-bct-B-from-vreg-hide-mlatency-1.16.1-1579 (25183787)
LIBXSMM_TARGET: skx
Registry and code: 13 MB
Uptime: 1.331853 s

LIBXSMM_VERSION: RT-bct-B-from-vreg-hide-mlatency-1.16.1-1579 (25183787)
LIBXSMM_TARGET: skx
Registry and code: 13 MB
Uptime: 1.287095 s

LIBXSMM_VERSION: RT-bct-B-from-vreg-hide-mlatency-1.16.1-1579 (25183787)
LIBXSMM_TARGET: skx
Registry and code: 13 MB
Uptime: 1.162194 s

LIBXSMM_VERSION: RT-bct-B-from-vreg-hide-mlatency-1.16.1-1579 (25183787)
LIBXSMM_TARGET: skx
Registry and code: 13 MB
Uptime: 1.987113 s

LIBXSMM_VERSION: RT-bct-B-from-vreg-hide-mlatency-1.16.1-1579 (25183787)
LIBXSMM_TARGET: skx
Registry and code: 13 MB
Uptime: 1.646920 s

LIBXSMM_VERSION: RT-bct-B-from-vreg-hide-mlatency-1.16.1-1579 (25183787)
LIBXSMM_TARGET: skx
Registry and code: 13 MB
Uptime: 1.644025 s

Generating and Compiling data/synth_mats_wider/vary_density/q_64/r_128_c_128_p_0.5_uniq_64.txt
Running data/synth_mats_wider/vary_density/q_64/r_128_c_128_p_0.5_uniq_64.txt
Finished running in 115.93253333333334ms
Generating and Compiling data/synth_mats_wider/vary_density/q_64/r_128_c_128_p_0.05_uniq_64.txt
Running data/synth_mats_wider/vary_density/q_64/r_128_c_128_p_0.05_uniq_64.txt
Finished running in 34.79476666666667ms
Generating and Compiling data/synth_mats_wider/vary_density/q_64/r_128_c_128_p_0.6_uniq_64.txt
Running data/synth_mats_wider/vary_density/q_64/r_128_c_128_p_0.6_uniq_64.txt
Finished running in 115.70946666666667ms
Generating and Compiling data/synth_mats_wider/vary_density/q_64/r_128_c_128_p_0.7_uniq_64.txt
Running data/synth_mats_wider/vary_density/q_64/r_128_c_128_p_0.7_uniq_64.txt
Finished running in 115.97446666666666ms
Generating and Compiling data/synth_mats_wider/vary_density/q_64/r_128_c_128_p_0.8_uniq_64.txt
Running data/synth_mats_wider/vary_density/q_64/r_128_c_128_p_0.8_uniq_64.txt
Finished running in 115.45116666666667ms
Generating and Compiling data/synth_mats_wider/vary_density/q_64/r_128_c_128_p_0.9_uniq_64.txt
Running data/synth_mats_wider/vary_density/q_64/r_128_c_128_p_0.9_uniq_64.txt
Finished running in 116.22323333333334ms
Generating and Compiling data/synth_mats_wider/vary_density/q_64/r_128_c_128_p_0.15_uniq_64.txt
Running data/synth_mats_wider/vary_density/q_64/r_128_c_128_p_0.15_uniq_64.txt
Finished running in 40.68576666666666ms
Generating and Compiling data/synth_mats_wider/vary_density/q_64/r_128_c_128_p_0.25_uniq_64.txt
Running data/synth_mats_wider/vary_density/q_64/r_128_c_128_p_0.25_uniq_64.txt
Finished running in 71.9448ms
Generating and Compiling data/synth_mats_wider/vary_density/q_64/r_128_c_128_p_0.025_uniq_64.txt
Running data/synth_mats_wider/vary_density/q_64/r_128_c_128_p_0.025_uniq_64.txt
Finished running in 35.2967ms
Generating and Compiling data/synth_mats_wider/vary_density/q_64/r_128_c_128_p_0.075_uniq_64.txt
Running data/synth_mats_wider/vary_density/q_64/r_128_c_128_p_0.075_uniq_64.txt
Finished running in 29.702233333333332ms
Generating and Compiling data/synth_mats_wider/vary_density/q_64/r_128_c_128_p_0.125_uniq_64.txt
Running data/synth_mats_wider/vary_density/q_64/r_128_c_128_p_0.125_uniq_64.txt
Finished running in 36.62063333333333ms
Generating and Compiling data/synth_mats_wider/vary_density/q_64/r_128_c_128_p_1.0_uniq_64.txt
Running data/synth_mats_wider/vary_density/q_64/r_128_c_128_p_1.0_uniq_64.txt
Finished running in 116.07186666666666ms
Generating and Compiling data/synth_mats_wider/vary_density/q_256/r_128_c_128_p_0.1_uniq_256.txt
Running data/synth_mats_wider/vary_density/q_256/r_128_c_128_p_0.1_uniq_256.txt
Finished running in 116.11996666666667ms
Generating and Compiling data/synth_mats_wider/vary_density/q_256/r_128_c_128_p_0.2_uniq_256.txt
Running data/synth_mats_wider/vary_density/q_256/r_128_c_128_p_0.2_uniq_256.txt
Finished running in 116.2457ms
Generating and Compiling data/synth_mats_wider/vary_density/q_256/r_128_c_128_p_0.3_uniq_256.txt
Running data/synth_mats_wider/vary_density/q_256/r_128_c_128_p_0.3_uniq_256.txt
Finished running in 116.18053333333334ms
Generating and Compiling data/synth_mats_wider/vary_density/q_256/r_128_c_128_p_0.4_uniq_256.txt
Running data/synth_mats_wider/vary_density/q_256/r_128_c_128_p_0.4_uniq_256.txt
Finished running in 115.81863333333334ms
Generating and Compiling data/synth_mats_wider/vary_density/q_256/r_128_c_128_p_0.05_uniq_256.txt
Running data/synth_mats_wider/vary_density/q_256/r_128_c_128_p_0.05_uniq_256.txt
Finished running in 116.09006666666667ms
Generating and Compiling data/synth_mats_wider/vary_density/q_256/r_128_c_128_p_0.5_uniq_256.txt
Running data/synth_mats_wider/vary_density/q_256/r_128_c_128_p_0.5_uniq_256.txt
Finished running in 115.78866666666666ms
Generating and Compiling data/synth_mats_wider/vary_density/q_256/r_128_c_128_p_0.6_uniq_256.txt
Running data/synth_mats_wider/vary_density/q_256/r_128_c_128_p_0.6_uniq_256.txt
Finished running in 115.82289999999999ms
Generating and Compiling data/synth_mats_wider/vary_density/q_256/r_128_c_128_p_0.7_uniq_256.txt
Running data/synth_mats_wider/vary_density/q_256/r_128_c_128_p_0.7_uniq_256.txt
Finished running in 116.2805ms
Generating and Compiling data/synth_mats_wider/vary_density/q_256/r_128_c_128_p_0.8_uniq_256.txt
Running data/synth_mats_wider/vary_density/q_256/r_128_c_128_p_0.8_uniq_256.txt
Finished running in 115.88973333333334ms
Generating and Compiling data/synth_mats_wider/vary_density/q_256/r_128_c_128_p_0.9_uniq_256.txt
Running data/synth_mats_wider/vary_density/q_256/r_128_c_128_p_0.9_uniq_256.txt
Finished running in 116.0698ms
Generating and Compiling data/synth_mats_wider/vary_density/q_256/r_128_c_128_p_0.15_uniq_256.txt
Running data/synth_mats_wider/vary_density/q_256/r_128_c_128_p_0.15_uniq_256.txt
Finished running in 116.25573333333334ms
Generating and Compiling data/synth_mats_wider/vary_density/q_256/r_128_c_128_p_0.025_uniq_256.txt
Running data/synth_mats_wider/vary_density/q_256/r_128_c_128_p_0.025_uniq_256.txt
Finished running in 116.01453333333333ms
Generating and Compiling data/synth_mats_wider/vary_density/q_256/r_128_c_128_p_0.25_uniq_256.txt
Running data/synth_mats_wider/vary_density/q_256/r_128_c_128_p_0.25_uniq_256.txt
Finished running in 116.09766666666665ms
Generating and Compiling data/synth_mats_wider/vary_density/q_256/r_128_c_128_p_0.075_uniq_256.txt
Running data/synth_mats_wider/vary_density/q_256/r_128_c_128_p_0.075_uniq_256.txt
Finished running in 115.974ms
Generating and Compiling data/synth_mats_wider/vary_density/q_256/r_128_c_128_p_0.125_uniq_256.txt
Running data/synth_mats_wider/vary_density/q_256/r_128_c_128_p_0.125_uniq_256.txt
Finished running in 116.1013ms
Generating and Compiling data/synth_mats_wider/vary_density/q_256/r_128_c_128_p_1.0_uniq_256.txt
Running data/synth_mats_wider/vary_density/q_256/r_128_c_128_p_1.0_uniq_256.txt
Finished running in 116.3031ms
Generating and Compiling data/synth_mats_wider/vary_row/q_16/r_32_c_128_p_0.05_uniq_16.txt
Running data/synth_mats_wider/vary_row/q_16/r_32_c_128_p_0.05_uniq_16.txt
Finished running in 18.509633333333333ms
Generating and Compiling data/synth_mats_wider/vary_row/q_16/r_64_c_128_p_0.05_uniq_16.txt
Running data/synth_mats_wider/vary_row/q_16/r_64_c_128_p_0.05_uniq_16.txt
Finished running in 27.4394ms
Generating and Compiling data/synth_mats_wider/vary_row/q_16/r_128_c_128_p_0.05_uniq_16.txt
Running data/synth_mats_wider/vary_row/q_16/r_128_c_128_p_0.05_uniq_16.txt
Finished running in 36.05713333333333ms
Generating and Compiling data/synth_mats_wider/vary_row/q_16/r_256_c_128_p_0.05_uniq_16.txt
Running data/synth_mats_wider/vary_row/q_16/r_256_c_128_p_0.05_uniq_16.txt
Finished running in 47.388333333333335ms
Generating and Compiling data/synth_mats_wider/vary_row/q_16/r_512_c_128_p_0.05_uniq_16.txt
Running data/synth_mats_wider/vary_row/q_16/r_512_c_128_p_0.05_uniq_16.txt
Finished running in 90.7972ms
Generating and Compiling data/synth_mats_wider/vary_row/q_16/r_1024_c_128_p_0.05_uniq_16.txt
Running data/synth_mats_wider/vary_row/q_16/r_1024_c_128_p_0.05_uniq_16.txt
Finished running in 200.23793333333333ms
Generating and Compiling data/synth_mats_wider/vary_row/q_64/r_32_c_128_p_0.05_uniq_64.txt
Running data/synth_mats_wider/vary_row/q_64/r_32_c_128_p_0.05_uniq_64.txt
Finished running in 18.008866666666666ms
Generating and Compiling data/synth_mats_wider/vary_row/q_64/r_64_c_128_p_0.05_uniq_64.txt
Running data/synth_mats_wider/vary_row/q_64/r_64_c_128_p_0.05_uniq_64.txt
Finished running in 28.529466666666668ms
Generating and Compiling data/synth_mats_wider/vary_row/q_64/r_128_c_128_p_0.05_uniq_64.txt
Running data/synth_mats_wider/vary_row/q_64/r_128_c_128_p_0.05_uniq_64.txt
Finished running in 34.47806666666667ms
Generating and Compiling data/synth_mats_wider/vary_row/q_64/r_256_c_128_p_0.05_uniq_64.txt
Running data/synth_mats_wider/vary_row/q_64/r_256_c_128_p_0.05_uniq_64.txt
Finished running in 47.140499999999996ms
Generating and Compiling data/synth_mats_wider/vary_row/q_64/r_512_c_128_p_0.05_uniq_64.txt
Running data/synth_mats_wider/vary_row/q_64/r_512_c_128_p_0.05_uniq_64.txt
LIBXSMM_VERSION: RT-bct-B-from-vreg-hide-mlatency-1.16.1-1579 (25183787)
LIBXSMM_TARGET: skx
Registry and code: 13 MB
Uptime: 3.141041 s

LIBXSMM_VERSION: RT-bct-B-from-vreg-hide-mlatency-1.16.1-1579 (25183787)
LIBXSMM_TARGET: skx
Registry and code: 13 MB
Uptime: 2.861710 s

LIBXSMM_VERSION: RT-bct-B-from-vreg-hide-mlatency-1.16.1-1579 (25183787)
LIBXSMM_TARGET: skx
Registry and code: 13 MB
Uptime: 2.906081 s

LIBXSMM_VERSION: RT-bct-B-from-vreg-hide-mlatency-1.16.1-1579 (25183787)
LIBXSMM_TARGET: skx
Registry and code: 13 MB
Uptime: 5.792607 s

LIBXSMM_VERSION: RT-bct-B-from-vreg-hide-mlatency-1.16.1-1579 (25183787)
LIBXSMM_TARGET: skx
Registry and code: 13 MB
Uptime: 5.440395 s

LIBXSMM_VERSION: RT-bct-B-from-vreg-hide-mlatency-1.16.1-1579 (25183787)
LIBXSMM_TARGET: skx
Registry and code: 13 MB
Uptime: 5.502014 s

LIBXSMM_VERSION: RT-bct-B-from-vreg-hide-mlatency-1.16.1-1579 (25183787)
LIBXSMM_TARGET: skx
Registry and code: 13 MB
Uptime: 0.934772 s

LIBXSMM_VERSION: RT-bct-B-from-vreg-hide-mlatency-1.16.1-1579 (25183787)
LIBXSMM_TARGET: skx
Registry and code: 13 MB
Uptime: 0.914013 s

LIBXSMM_VERSION: RT-bct-B-from-vreg-hide-mlatency-1.16.1-1579 (25183787)
LIBXSMM_TARGET: skx
Registry and code: 13 MB
Uptime: 0.926764 s

LIBXSMM_VERSION: RT-bct-B-from-vreg-hide-mlatency-1.16.1-1579 (25183787)
LIBXSMM_TARGET: skx
Registry and code: 13 MB
Uptime: 1.340545 s

LIBXSMM_VERSION: RT-bct-B-from-vreg-hide-mlatency-1.16.1-1579 (25183787)
LIBXSMM_TARGET: skx
Registry and code: 13 MB
Uptime: 1.287463 s

LIBXSMM_VERSION: RT-bct-B-from-vreg-hide-mlatency-1.16.1-1579 (25183787)
LIBXSMM_TARGET: skx
Registry and code: 13 MB
Uptime: 1.203904 s

LIBXSMM_VERSION: RT-bct-B-from-vreg-hide-mlatency-1.16.1-1579 (25183787)
LIBXSMM_TARGET: skx
Registry and code: 13 MB
Uptime: 2.000490 s

LIBXSMM_VERSION: RT-bct-B-from-vreg-hide-mlatency-1.16.1-1579 (25183787)
LIBXSMM_TARGET: skx
Registry and code: 13 MB
Uptime: 1.660974 s

LIBXSMM_VERSION: RT-bct-B-from-vreg-hide-mlatency-1.16.1-1579 (25183787)
LIBXSMM_TARGET: skx
Registry and code: 13 MB
Uptime: 1.646051 s

LIBXSMM_VERSION: RT-bct-B-from-vreg-hide-mlatency-1.16.1-1579 (25183787)
LIBXSMM_TARGET: skx
Registry and code: 13 MB
Uptime: 3.205165 s

LIBXSMM_VERSION: RT-bct-B-from-vreg-hide-mlatency-1.16.1-1579 (25183787)
LIBXSMM_TARGET: skx
Registry and code: 13 MB
Uptime: 2.873650 s

LIBXSMM_VERSION: RT-bct-B-from-vreg-hide-mlatency-1.16.1-1579 (25183787)
LIBXSMM_TARGET: skx
Registry and code: 13 MB
Uptime: 2.934109 s

LIBXSMM_VERSION: RT-bct-B-from-vreg-hide-mlatency-1.16.1-1579 (25183787)
LIBXSMM_TARGET: skx
Registry and code: 13 MB
Uptime: 5.853885 s

LIBXSMM_VERSION: RT-bct-B-from-vreg-hide-mlatency-1.16.1-1579 (25183787)
LIBXSMM_TARGET: skx
Registry and code: 13 MB
Uptime: 5.484802 s

LIBXSMM_VERSION: RT-bct-B-from-vreg-hide-mlatency-1.16.1-1579 (25183787)
LIBXSMM_TARGET: skx
Registry and code: 13 MB
Uptime: 5.556223 s

LIBXSMM_VERSION: RT-bct-B-from-vreg-hide-mlatency-1.16.1-1579 (25183787)
LIBXSMM_TARGET: skx
Registry and code: 13 MB
Uptime: 1.355558 s

LIBXSMM_VERSION: RT-bct-B-from-vreg-hide-mlatency-1.16.1-1579 (25183787)
LIBXSMM_TARGET: skx
Registry and code: 13 MB
Uptime: 1.286535 s

LIBXSMM_VERSION: RT-bct-B-from-vreg-hide-mlatency-1.16.1-1579 (25183787)
LIBXSMM_TARGET: skx
Registry and code: 13 MB
Uptime: 1.176260 s

LIBXSMM_VERSION: RT-bct-B-from-vreg-hide-mlatency-1.16.1-1579 (25183787)
LIBXSMM_TARGET: skx
Registry and code: 13 MB
Uptime: 1.324835 s

LIBXSMM_VERSION: RT-bct-B-from-vreg-hide-mlatency-1.16.1-1579 (25183787)
LIBXSMM_TARGET: skx
Registry and code: 13 MB
Uptime: 1.286693 s

LIBXSMM_VERSION: RT-bct-B-from-vreg-hide-mlatency-1.16.1-1579 (25183787)
LIBXSMM_TARGET: skx
Registry and code: 13 MB
Uptime: 1.164826 s

LIBXSMM_VERSION: RT-bct-B-from-vreg-hide-mlatency-1.16.1-1579 (25183787)
LIBXSMM_TARGET: skx
Registry and code: 13 MB
Uptime: 1.322769 s

LIBXSMM_VERSION: RT-bct-B-from-vreg-hide-mlatency-1.16.1-1579 (25183787)
LIBXSMM_TARGET: skx
Registry and code: 13 MB
Uptime: 1.287506 s

LIBXSMM_VERSION: RT-bct-B-from-vreg-hide-mlatency-1.16.1-1579 (25183787)
LIBXSMM_TARGET: skx
Registry and code: 13 MB
Uptime: 1.164234 s

LIBXSMM_VERSION: RT-bct-B-from-vreg-hide-mlatency-1.16.1-1579 (25183787)
LIBXSMM_TARGET: skx
Registry and code: 13 MB
Uptime: 1.342167 s

LIBXSMM_VERSION: RT-bct-B-from-vreg-hide-mlatency-1.16.1-1579 (25183787)
LIBXSMM_TARGET: skx
Registry and code: 13 MB
Uptime: 1.288332 s

LIBXSMM_VERSION: RT-bct-B-from-vreg-hide-mlatency-1.16.1-1579 (25183787)
LIBXSMM_TARGET: skx
Registry and code: 13 MB
Uptime: 1.183438 s

LIBXSMM_VERSION: RT-bct-B-from-vreg-hide-mlatency-1.16.1-1579 (25183787)
LIBXSMM_TARGET: skx
Registry and code: 13 MB
Uptime: 1.329140 s

LIBXSMM_VERSION: RT-bct-B-from-vreg-hide-mlatency-1.16.1-1579 (25183787)
LIBXSMM_TARGET: skx
Registry and code: 13 MB
Uptime: 1.285300 s

LIBXSMM_VERSION: RT-bct-B-from-vreg-hide-mlatency-1.16.1-1579 (25183787)
LIBXSMM_TARGET: skx
Registry and code: 13 MB
Uptime: 1.132829 s

LIBXSMM_VERSION: RT-bct-B-from-vreg-hide-mlatency-1.16.1-1579 (25183787)
LIBXSMM_TARGET: skx
Registry and code: 13 MB
Uptime: 1.332151 s

LIBXSMM_VERSION: RT-bct-B-from-vreg-hide-mlatency-1.16.1-1579 (25183787)
LIBXSMM_TARGET: skx
Registry and code: 13 MB
Uptime: 1.286534 s

LIBXSMM_VERSION: RT-bct-B-from-vreg-hide-mlatency-1.16.1-1579 (25183787)
LIBXSMM_TARGET: skx
Registry and code: 13 MB
Uptime: 1.173010 s

LIBXSMM_VERSION: RT-bct-B-from-vreg-hide-mlatency-1.16.1-1579 (25183787)
LIBXSMM_TARGET: skx
Registry and code: 13 MB
Uptime: 1.323207 s

LIBXSMM_VERSION: RT-bct-B-from-vreg-hide-mlatency-1.16.1-1579 (25183787)
LIBXSMM_TARGET: skx
Registry and code: 13 MB
Uptime: 1.285952 s

LIBXSMM_VERSION: RT-bct-B-from-vreg-hide-mlatency-1.16.1-1579 (25183787)
LIBXSMM_TARGET: skx
Registry and code: 13 MB
Uptime: 1.158540 s

LIBXSMM_VERSION: RT-bct-B-from-vreg-hide-mlatency-1.16.1-1579 (25183787)
LIBXSMM_TARGET: skx
Registry and code: 13 MB
Uptime: 1.369603 s

LIBXSMM_VERSION: RT-bct-B-from-vreg-hide-mlatency-1.16.1-1579 (25183787)
LIBXSMM_TARGET: skx
Registry and code: 13 MB
Uptime: 1.287474 s

LIBXSMM_VERSION: RT-bct-B-from-vreg-hide-mlatency-1.16.1-1579 (25183787)
LIBXSMM_TARGET: skx
Registry and code: 13 MB
Uptime: 1.191199 s

LIBXSMM_VERSION: RT-bct-B-from-vreg-hide-mlatency-1.16.1-1579 (25183787)
LIBXSMM_TARGET: skx
Registry and code: 13 MB
Uptime: 1.386390 s

LIBXSMM_VERSION: RT-bct-B-from-vreg-hide-mlatency-1.16.1-1579 (25183787)
LIBXSMM_TARGET: skx
Registry and code: 13 MB
Uptime: 1.289692 s

LIBXSMM_VERSION: RT-bct-B-from-vreg-hide-mlatency-1.16.1-1579 (25183787)
LIBXSMM_TARGET: skx
Registry and code: 13 MB
Uptime: 1.188379 s

LIBXSMM_VERSION: RT-bct-B-from-vreg-hide-mlatency-1.16.1-1579 (25183787)
LIBXSMM_TARGET: skx
Registry and code: 13 MB
Uptime: 1.365932 s

LIBXSMM_VERSION: RT-bct-B-from-vreg-hide-mlatency-1.16.1-1579 (25183787)
LIBXSMM_TARGET: skx
Registry and code: 13 MB
Uptime: 1.288248 s

LIBXSMM_VERSION: RT-bct-B-from-vreg-hide-mlatency-1.16.1-1579 (25183787)
LIBXSMM_TARGET: skx
Registry and code: 13 MB
Uptime: 1.160129 s

LIBXSMM_VERSION: RT-bct-B-from-vreg-hide-mlatency-1.16.1-1579 (25183787)
LIBXSMM_TARGET: skx
Registry and code: 13 MB
Uptime: 1.314756 s

LIBXSMM_VERSION: RT-bct-B-from-vreg-hide-mlatency-1.16.1-1579 (25183787)
LIBXSMM_TARGET: skx
Registry and code: 13 MB
Uptime: 1.289313 s

LIBXSMM_VERSION: RT-bct-B-from-vreg-hide-mlatency-1.16.1-1579 (25183787)
LIBXSMM_TARGET: skx
Registry and code: 13 MB
Uptime: 1.205078 s

LIBXSMM_VERSION: RT-bct-B-from-vreg-hide-mlatency-1.16.1-1579 (25183787)
LIBXSMM_TARGET: skx
Registry and code: 13 MB
Uptime: 1.305926 s

LIBXSMM_VERSION: RT-bct-B-from-vreg-hide-mlatency-1.16.1-1579 (25183787)
LIBXSMM_TARGET: skx
Registry and code: 13 MB
Uptime: 1.284816 s

LIBXSMM_VERSION: RT-bct-B-from-vreg-hide-mlatency-1.16.1-1579 (25183787)
LIBXSMM_TARGET: skx
Registry and code: 13 MB
Uptime: 1.154495 s

LIBXSMM_VERSION: RT-bct-B-from-vreg-hide-mlatency-1.16.1-1579 (25183787)
LIBXSMM_TARGET: skx
Registry and code: 13 MB
Uptime: 1.370612 s

LIBXSMM_VERSION: RT-bct-B-from-vreg-hide-mlatency-1.16.1-1579 (25183787)
LIBXSMM_TARGET: skx
Registry and code: 13 MB
Uptime: 1.288650 s

LIBXSMM_VERSION: RT-bct-B-from-vreg-hide-mlatency-1.16.1-1579 (25183787)
LIBXSMM_TARGET: skx
Registry and code: 13 MB
Uptime: 1.201329 s

LIBXSMM_VERSION: RT-bct-B-from-vreg-hide-mlatency-1.16.1-1579 (25183787)
LIBXSMM_TARGET: skx
Registry and code: 13 MB
Uptime: 1.362684 s

LIBXSMM_VERSION: RT-bct-B-from-vreg-hide-mlatency-1.16.1-1579 (25183787)
LIBXSMM_TARGET: skx
Registry and code: 13 MB
Uptime: 1.289834 s

LIBXSMM_VERSION: RT-bct-B-from-vreg-hide-mlatency-1.16.1-1579 (25183787)
LIBXSMM_TARGET: skx
Registry and code: 13 MB
Uptime: 1.190409 s

LIBXSMM_VERSION: RT-bct-B-from-vreg-hide-mlatency-1.16.1-1579 (25183787)
LIBXSMM_TARGET: skx
Registry and code: 13 MB
Uptime: 1.351854 s

LIBXSMM_VERSION: RT-bct-B-from-vreg-hide-mlatency-1.16.1-1579 (25183787)
LIBXSMM_TARGET: skx
Registry and code: 13 MB
Uptime: 1.287709 s

LIBXSMM_VERSION: RT-bct-B-from-vreg-hide-mlatency-1.16.1-1579 (25183787)
LIBXSMM_TARGET: skx
Registry and code: 13 MB
Uptime: 1.169307 s

LIBXSMM_VERSION: RT-bct-B-from-vreg-hide-mlatency-1.16.1-1579 (25183787)
LIBXSMM_TARGET: skx
Registry and code: 13 MB
Uptime: 1.297261 s

LIBXSMM_VERSION: RT-bct-B-from-vreg-hide-mlatency-1.16.1-1579 (25183787)
LIBXSMM_TARGET: skx
Registry and code: 13 MB
Uptime: 1.285953 s

LIBXSMM_VERSION: RT-bct-B-from-vreg-hide-mlatency-1.16.1-1579 (25183787)
LIBXSMM_TARGET: skx
Registry and code: 13 MB
Uptime: 1.156806 s

Finished running in 106.17263333333334ms
Generating and Compiling data/synth_mats_wider/vary_row/q_64/r_1024_c_128_p_0.05_uniq_64.txt
Running data/synth_mats_wider/vary_row/q_64/r_1024_c_128_p_0.05_uniq_64.txt
Finished running in 706.4657000000001ms
Generating and Compiling data/synth_mats_wider/vary_row/q_256/r_64_c_128_p_0.05_uniq_256.txt
Running data/synth_mats_wider/vary_row/q_256/r_64_c_128_p_0.05_uniq_256.txt
Finished running in 79.43056666666666ms
Generating and Compiling data/synth_mats_wider/vary_row/q_256/r_128_c_128_p_0.05_uniq_256.txt
Running data/synth_mats_wider/vary_row/q_256/r_128_c_128_p_0.05_uniq_256.txt
Finished running in 116.28569999999999ms
Generating and Compiling data/synth_mats_wider/vary_row/q_256/r_256_c_128_p_0.05_uniq_256.txt
Running data/synth_mats_wider/vary_row/q_256/r_256_c_128_p_0.05_uniq_256.txt
Finished running in 183.53546666666668ms
Generating and Compiling data/synth_mats_wider/vary_row/q_256/r_512_c_128_p_0.05_uniq_256.txt
Running data/synth_mats_wider/vary_row/q_256/r_512_c_128_p_0.05_uniq_256.txt
Finished running in 304.9660333333333ms
Generating and Compiling data/synth_mats_wider/vary_row/q_256/r_1024_c_128_p_0.05_uniq_256.txt
Running data/synth_mats_wider/vary_row/q_256/r_1024_c_128_p_0.05_uniq_256.txt
Finished running in 708.0106666666667ms
Generating and Compiling data/synth_mats_wider/vary_unique/r_128_c_128_p_0.05_uniq_16.txt
Running data/synth_mats_wider/vary_unique/r_128_c_128_p_0.05_uniq_16.txt
Finished running in 35.193ms
Generating and Compiling data/synth_mats_wider/vary_unique/r_128_c_128_p_0.05_uniq_32.txt
Running data/synth_mats_wider/vary_unique/r_128_c_128_p_0.05_uniq_32.txt
Finished running in 33.828633333333336ms
Generating and Compiling data/synth_mats_wider/vary_unique/r_128_c_128_p_0.05_uniq_48.txt
Running data/synth_mats_wider/vary_unique/r_128_c_128_p_0.05_uniq_48.txt
Finished running in 34.2156ms
Generating and Compiling data/synth_mats_wider/vary_unique/r_128_c_128_p_0.05_uniq_64.txt
Running data/synth_mats_wider/vary_unique/r_128_c_128_p_0.05_uniq_64.txt
Finished running in 34.9007ms
Generating and Compiling data/synth_mats_wider/vary_unique/r_128_c_128_p_0.05_uniq_80.txt
Running data/synth_mats_wider/vary_unique/r_128_c_128_p_0.05_uniq_80.txt
Finished running in 33.0542ms
Generating and Compiling data/synth_mats_wider/vary_unique/r_128_c_128_p_0.05_uniq_96.txt
Running data/synth_mats_wider/vary_unique/r_128_c_128_p_0.05_uniq_96.txt
Finished running in 35.260133333333336ms
Generating and Compiling data/synth_mats_wider/vary_unique/r_128_c_128_p_0.05_uniq_112.txt
Running data/synth_mats_wider/vary_unique/r_128_c_128_p_0.05_uniq_112.txt
Finished running in 34.021699999999996ms
Generating and Compiling data/synth_mats_wider/vary_unique/r_128_c_128_p_0.05_uniq_128.txt
Running data/synth_mats_wider/vary_unique/r_128_c_128_p_0.05_uniq_128.txt
Finished running in 34.1136ms
Generating and Compiling data/synth_mats_wider/vary_unique/r_128_c_128_p_0.05_uniq_144.txt
Running data/synth_mats_wider/vary_unique/r_128_c_128_p_0.05_uniq_144.txt
Finished running in 35.3406ms
Generating and Compiling data/synth_mats_wider/vary_unique/r_128_c_128_p_0.05_uniq_160.txt
Running data/synth_mats_wider/vary_unique/r_128_c_128_p_0.05_uniq_160.txt
Finished running in 34.05283333333333ms
Generating and Compiling data/synth_mats_wider/vary_unique/r_128_c_128_p_0.05_uniq_176.txt
Running data/synth_mats_wider/vary_unique/r_128_c_128_p_0.05_uniq_176.txt
Finished running in 36.697199999999995ms
Generating and Compiling data/synth_mats_wider/vary_unique/r_128_c_128_p_0.05_uniq_192.txt
Running data/synth_mats_wider/vary_unique/r_128_c_128_p_0.05_uniq_192.txt
Finished running in 33.8674ms
Generating and Compiling data/synth_mats_wider/vary_unique/r_128_c_128_p_0.05_uniq_208.txt
Running data/synth_mats_wider/vary_unique/r_128_c_128_p_0.05_uniq_208.txt
Finished running in 35.987766666666666ms
Generating and Compiling data/synth_mats_wider/vary_unique/r_128_c_128_p_0.05_uniq_224.txt
Running data/synth_mats_wider/vary_unique/r_128_c_128_p_0.05_uniq_224.txt
Finished running in 34.969699999999996ms
Generating and Compiling data/synth_mats_wider/vary_unique/r_128_c_128_p_0.05_uniq_240.txt
Running data/synth_mats_wider/vary_unique/r_128_c_128_p_0.05_uniq_240.txt
Finished running in 39.1877ms
Generating and Compiling data/synth_mats_wider/vary_unique/r_128_c_128_p_0.05_uniq_256.txt
Running data/synth_mats_wider/vary_unique/r_128_c_128_p_0.05_uniq_256.txt
Finished running in 115.78203333333335ms
Traceback (most recent call last):
  File "src/benchmark/benchmark.py", line 162, in <module>
    print("Average speedup (best) of custom over reference {}".format(sum(speedups_best_over_ref)/len(speedups_best_over_ref)))
TypeError: unsupported operand type(s) for +: 'int' and 'NoneType'
