
LIBXSMM_VERSION: RT-bst-B-from-vreg-1.16.1-1577 (25183785)
LIBXSMM_TARGET: skx
Registry and code: 13 MB
Uptime: 0.062813 s

LIBXSMM_VERSION: RT-bst-B-from-vreg-1.16.1-1577 (25183785)
LIBXSMM_TARGET: skx
Registry and code: 13 MB
Uptime: 0.062504 s

LIBXSMM_VERSION: RT-bst-B-from-vreg-1.16.1-1577 (25183785)
LIBXSMM_TARGET: skx
Registry and code: 13 MB
Uptime: 0.062721 s

LIBXSMM_VERSION: RT-bst-B-from-vreg-1.16.1-1577 (25183785)
LIBXSMM_TARGET: skx
Registry and code: 13 MB
Uptime: 0.029979 s

LIBXSMM_VERSION: RT-bst-B-from-vreg-1.16.1-1577 (25183785)
LIBXSMM_TARGET: skx
Registry and code: 13 MB
Uptime: 0.030792 s

LIBXSMM_VERSION: RT-bst-B-from-vreg-1.16.1-1577 (25183785)
LIBXSMM_TARGET: skx
Registry and code: 13 MB
Uptime: 0.031946 s

LIBXSMM_VERSION: RT-bst-B-from-vreg-1.16.1-1577 (25183785)
LIBXSMM_TARGET: skx
Registry and code: 13 MB
Uptime: 0.068092 s

LIBXSMM_VERSION: RT-bst-B-from-vreg-1.16.1-1577 (25183785)
LIBXSMM_TARGET: skx
Registry and code: 13 MB
Uptime: 0.068222 s

LIBXSMM_VERSION: RT-bst-B-from-vreg-1.16.1-1577 (25183785)
LIBXSMM_TARGET: skx
Registry and code: 13 MB
Uptime: 0.068833 s

LIBXSMM_VERSION: RT-bst-B-from-vreg-1.16.1-1577 (25183785)
LIBXSMM_TARGET: skx
Registry and code: 13 MB
Uptime: 0.029992 s

LIBXSMM_VERSION: RT-bst-B-from-vreg-1.16.1-1577 (25183785)
LIBXSMM_TARGET: skx
Registry and code: 13 MB
Uptime: 0.030851 s

LIBXSMM_VERSION: RT-bst-B-from-vreg-1.16.1-1577 (25183785)
LIBXSMM_TARGET: skx
Registry and code: 13 MB
Uptime: 0.032457 s

LIBXSMM_VERSION: RT-bst-B-from-vreg-1.16.1-1577 (25183785)
LIBXSMM_TARGET: skx
Registry and code: 13 MB
Uptime: 0.062843 s

LIBXSMM_VERSION: RT-bst-B-from-vreg-1.16.1-1577 (25183785)
LIBXSMM_TARGET: skx
Registry and code: 13 MB
Uptime: 0.062837 s

LIBXSMM_VERSION: RT-bst-B-from-vreg-1.16.1-1577 (25183785)
LIBXSMM_TARGET: skx
Registry and code: 13 MB
Uptime: 0.063143 s

LIBXSMM_VERSION: RT-bst-B-from-vreg-1.16.1-1577 (25183785)
LIBXSMM_TARGET: skx
Registry and code: 13 MB
Uptime: 0.140440 s

LIBXSMM_VERSION: RT-bst-B-from-vreg-1.16.1-1577 (25183785)
LIBXSMM_TARGET: skx
Registry and code: 13 MB
Uptime: 0.140456 s

LIBXSMM_VERSION: RT-bst-B-from-vreg-1.16.1-1577 (25183785)
LIBXSMM_TARGET: skx
Registry and code: 13 MB
Uptime: 0.141017 s

LIBXSMM_VERSION: RT-bst-B-from-vreg-1.16.1-1577 (25183785)
LIBXSMM_TARGET: skx
Registry and code: 13 MB
Uptime: 0.118941 s

LIBXSMM_VERSION: RT-bst-B-from-vreg-1.16.1-1577 (25183785)
LIBXSMM_TARGET: skx
Registry and code: 13 MB
Uptime: 0.117378 s

LIBXSMM_VERSION: RT-bst-B-from-vreg-1.16.1-1577 (25183785)
LIBXSMM_TARGET: skx
Registry and code: 13 MB
Uptime: 0.120661 s

LIBXSMM_VERSION: RT-bst-B-from-vreg-1.16.1-1577 (25183785)
LIBXSMM_TARGET: skx
Registry and code: 13 MB
Uptime: 0.249410 s

LIBXSMM_VERSION: RT-bst-B-from-vreg-1.16.1-1577 (25183785)
LIBXSMM_TARGET: skx
Registry and code: 13 MB
Uptime: 0.245447 s

LIBXSMM_VERSION: RT-bst-B-from-vreg-1.16.1-1577 (25183785)
LIBXSMM_TARGET: skx
Registry and code: 13 MB
Uptime: 0.250228 s

LIBXSMM_VERSION: RT-bst-B-from-vreg-1.16.1-1577 (25183785)
LIBXSMM_TARGET: skx
Registry and code: 13 MB
Uptime: 0.185441 s

LIBXSMM_VERSION: RT-bst-B-from-vreg-1.16.1-1577 (25183785)
LIBXSMM_TARGET: skx
Registry and code: 13 MB
Uptime: 0.185307 s

LIBXSMM_VERSION: RT-bst-B-from-vreg-1.16.1-1577 (25183785)
LIBXSMM_TARGET: skx
Registry and code: 13 MB
Uptime: 0.185970 s

LIBXSMM_VERSION: RT-bst-B-from-vreg-1.16.1-1577 (25183785)
LIBXSMM_TARGET: skx
Registry and code: 13 MB
Uptime: 0.206926 s

LIBXSMM_VERSION: RT-bst-B-from-vreg-1.16.1-1577 (25183785)
LIBXSMM_TARGET: skx
Registry and code: 13 MB
Uptime: 0.207600 s

LIBXSMM_VERSION: RT-bst-B-from-vreg-1.16.1-1577 (25183785)
LIBXSMM_TARGET: skx
Registry and code: 13 MB
Uptime: 0.209164 s

LIBXSMM_VERSION: RT-bst-B-from-vreg-1.16.1-1577 (25183785)
LIBXSMM_TARGET: skx
Registry and code: 13 MB
Uptime: 0.142034 s

LIBXSMM_VERSION: RT-bst-B-from-vreg-1.16.1-1577 (25183785)
LIBXSMM_TARGET: skx
Registry and code: 13 MB
Uptime: 0.143224 s

LIBXSMM_VERSION: RT-bst-B-from-vreg-1.16.1-1577 (25183785)
LIBXSMM_TARGET: skx
Registry and code: 13 MB
Uptime: 0.144364 s

LIBXSMM_VERSION: RT-bst-B-from-vreg-1.16.1-1577 (25183785)
LIBXSMM_TARGET: skx
Registry and code: 13 MB
Uptime: 0.115183 s

LIBXSMM_VERSION: RT-bst-B-from-vreg-1.16.1-1577 (25183785)
LIBXSMM_TARGET: skx
Registry and code: 13 MB
Uptime: 0.118470 s

LIBXSMM_VERSION: RT-bst-B-from-vreg-1.16.1-1577 (25183785)
LIBXSMM_TARGET: skx
Registry and code: 13 MB
Uptime: 0.119925 s

LIBXSMM_VERSION: RT-bst-B-from-vreg-1.16.1-1577 (25183785)
LIBXSMM_TARGET: skx
Registry and code: 13 MB
Uptime: 0.244201 s

LIBXSMM_VERSION: RT-bst-B-from-vreg-1.16.1-1577 (25183785)
LIBXSMM_TARGET: skx
Registry and code: 13 MB
Uptime: 0.250519 s

LIBXSMM_VERSION: RT-bst-B-from-vreg-1.16.1-1577 (25183785)
LIBXSMM_TARGET: skx
Registry and code: 13 MB
Uptime: 0.249287 s

LIBXSMM_VERSION: RT-bst-B-from-vreg-1.16.1-1577 (25183785)
LIBXSMM_TARGET: skx
Registry and code: 13 MB
Uptime: 0.179152 s

LIBXSMM_VERSION: RT-bst-B-from-vreg-1.16.1-1577 (25183785)
LIBXSMM_TARGET: skx
Registry and code: 13 MB
Uptime: 0.185195 s

LIBXSMM_VERSION: RT-bst-B-from-vreg-1.16.1-1577 (25183785)
LIBXSMM_TARGET: skx
Registry and code: 13 MB
Uptime: 0.186422 s

LIBXSMM_VERSION: RT-bst-B-from-vreg-1.16.1-1577 (25183785)
LIBXSMM_TARGET: skx
Registry and code: 13 MB
Uptime: 0.206144 s

LIBXSMM_VERSION: RT-bst-B-from-vreg-1.16.1-1577 (25183785)
LIBXSMM_TARGET: skx
Registry and code: 13 MB
Uptime: 0.207957 s

LIBXSMM_VERSION: RT-bst-B-from-vreg-1.16.1-1577 (25183785)
LIBXSMM_TARGET: skx
Registry and code: 13 MB
Uptime: 0.209999 s

LIBXSMM_VERSION: RT-bst-B-from-vreg-1.16.1-1577 (25183785)
LIBXSMM_TARGET: skx
Registry and code: 13 MB
Uptime: 0.282500 s

LIBXSMM_VERSION: RT-bst-B-from-vreg-1.16.1-1577 (25183785)
LIBXSMM_TARGET: skx
Registry and code: 13 MB
Uptime: 0.282331 s

LIBXSMM_VERSION: RT-bst-B-from-vreg-1.16.1-1577 (25183785)
LIBXSMM_TARGET: skx
Registry and code: 13 MB
Uptime: 0.286931 s

LIBXSMM_VERSION: RT-bst-B-from-vreg-1.16.1-1577 (25183785)
LIBXSMM_TARGET: skx
Registry and code: 13 MB
Uptime: 0.342758 s

LIBXSMM_VERSION: RT-bst-B-from-vreg-1.16.1-1577 (25183785)
LIBXSMM_TARGET: skx
Registry and code: 13 MB
Uptime: 0.331871 s

LIBXSMM_VERSION: RT-bst-B-from-vreg-1.16.1-1577 (25183785)
LIBXSMM_TARGET: skx
Registry and code: 13 MB
Uptime: 0.355742 s

LIBXSMM_VERSION: RT-bst-B-from-vreg-1.16.1-1577 (25183785)
LIBXSMM_TARGET: skx
Registry and code: 13 MB
Uptime: 0.649195 s

LIBXSMM_VERSION: RT-bst-B-from-vreg-1.16.1-1577 (25183785)
LIBXSMM_TARGET: skx
Registry and code: 13 MB
Uptime: 0.639647 s

LIBXSMM_VERSION: RT-bst-B-from-vreg-1.16.1-1577 (25183785)
LIBXSMM_TARGET: skx
Registry and code: 13 MB
Uptime: 0.654028 s

LIBXSMM_VERSION: RT-bst-B-from-vreg-1.16.1-1577 (25183785)
LIBXSMM_TARGET: skx
Registry and code: 13 MB
Uptime: 0.718736 s

LIBXSMM_VERSION: RT-bst-B-from-vreg-1.16.1-1577 (25183785)
LIBXSMM_TARGET: skx
Registry and code: 13 MB
Uptime: 0.747873 s

LIBXSMM_VERSION: RT-bst-B-from-vreg-1.16.1-1577 (25183785)
LIBXSMM_TARGET: skx
Registry and code: 13 MB
Uptime: 0.636842 s

LIBXSMM_VERSION: RT-bst-B-from-vreg-1.16.1-1577 (25183785)
LIBXSMM_TARGET: skx
Registry and code: 13 MB
Uptime: 0.599541 s

LIBXSMM_VERSION: RT-bst-B-from-vreg-1.16.1-1577 (25183785)
LIBXSMM_TARGET: skx
Registry and code: 13 MB
Uptime: 0.578301 s

LIBXSMM_VERSION: RT-bst-B-from-vreg-1.16.1-1577 (25183785)
LIBXSMM_TARGET: skx
Registry and code: 13 MB
Uptime: 0.582602 s

LIBXSMM_VERSION: RT-bst-B-from-vreg-1.16.1-1577 (25183785)
LIBXSMM_TARGET: skx
Registry and code: 13 MB
Uptime: 0.338861 s

LIBXSMM_VERSION: RT-bst-B-from-vreg-1.16.1-1577 (25183785)
LIBXSMM_TARGET: skx
Registry and code: 13 MB
Uptime: 0.322396 s

LIBXSMM_VERSION: RT-bst-B-from-vreg-1.16.1-1577 (25183785)
LIBXSMM_TARGET: skx
Registry and code: 13 MB
Uptime: 0.334176 s

LIBXSMM_VERSION: RT-bst-B-from-vreg-1.16.1-1577 (25183785)
LIBXSMM_TARGET: skx
Registry and code: 13 MB
Uptime: 0.353037 s

LIBXSMM_VERSION: RT-bst-B-from-vreg-1.16.1-1577 (25183785)
LIBXSMM_TARGET: skx
Registry and code: 13 MB
Uptime: 0.342579 s

LIBXSMM_VERSION: RT-bst-B-from-vreg-1.16.1-1577 (25183785)
LIBXSMM_TARGET: skx
Registry and code: 13 MB
Uptime: 0.399865 s

LIBXSMM_VERSION: RT-bst-B-from-vreg-1.16.1-1577 (25183785)
LIBXSMM_TARGET: skx
Registry and code: 13 MB
Uptime: 0.681138 s

LIBXSMM_VERSION: RT-bst-B-from-vreg-1.16.1-1577 (25183785)
LIBXSMM_TARGET: skx
Registry and code: 13 MB
Uptime: 0.642962 s

LIBXSMM_VERSION: RT-bst-B-from-vreg-1.16.1-1577 (25183785)
LIBXSMM_TARGET: skx
Registry and code: 13 MB
Uptime: 0.690311 s

LIBXSMM_VERSION: RT-bst-B-from-vreg-1.16.1-1577 (25183785)
LIBXSMM_TARGET: skx
Registry and code: 13 MB
Uptime: 0.774751 s

LIBXSMM_VERSION: RT-bst-B-from-vreg-1.16.1-1577 (25183785)
LIBXSMM_TARGET: skx
Registry and code: 13 MB
Uptime: 0.776971 s

LIBXSMM_VERSION: RT-bst-B-from-vreg-1.16.1-1577 (25183785)
LIBXSMM_TARGET: skx
Registry and code: 13 MB
Uptime: 0.708509 s

LIBXSMM_VERSION: RT-bst-B-from-vreg-1.16.1-1577 (25183785)
LIBXSMM_TARGET: skx
Registry and code: 13 MB
Uptime: 0.602259 s

LIBXSMM_VERSION: RT-bst-B-from-vreg-1.16.1-1577 (25183785)
LIBXSMM_TARGET: skx
Registry and code: 13 MB
Uptime: 0.587525 s

LIBXSMM_VERSION: RT-bst-B-from-vreg-1.16.1-1577 (25183785)
LIBXSMM_TARGET: skx
Registry and code: 13 MB
Uptime: 0.581690 s

LIBXSMM_VERSION: RT-bst-B-from-vreg-1.16.1-1577 (25183785)
LIBXSMM_TARGET: skx
Registry and code: 13 MB
Uptime: 0.511804 s

LIBXSMM_VERSION: RT-bst-B-from-vreg-1.16.1-1577 (25183785)
LIBXSMM_TARGET: skx
Registry and code: 13 MB
Uptime: 0.520303 s

LIBXSMM_VERSION: RT-bst-B-from-vreg-1.16.1-1577 (25183785)
LIBXSMM_TARGET: skx
Registry and code: 13 MB
Uptime: 0.514527 s

LIBXSMM_VERSION: RT-bst-B-from-vreg-1.16.1-1577 (25183785)
LIBXSMM_TARGET: skx
Registry and code: 13 MB
Uptime: 0.730501 s

LIBXSMM_VERSION: RT-bst-B-from-vreg-1.16.1-1577 (25183785)
LIBXSMM_TARGET: skx
Registry and code: 13 MB
Uptime: 0.742199 s

LIBXSMM_VERSION: RT-bst-B-from-vreg-1.16.1-1577 (25183785)
LIBXSMM_TARGET: skx
Registry and code: 13 MB
Uptime: 0.701677 s

LIBXSMM_VERSION: RT-bst-B-from-vreg-1.16.1-1577 (25183785)
LIBXSMM_TARGET: skx
Registry and code: 13 MB
Uptime: 1.370497 s

LIBXSMM_VERSION: RT-bst-B-from-vreg-1.16.1-1577 (25183785)
LIBXSMM_TARGET: skx
Registry and code: 13 MB
Uptime: 1.297816 s

LIBXSMM_VERSION: RT-bst-B-from-vreg-1.16.1-1577 (25183785)
LIBXSMM_TARGET: skx
Registry and code: 13 MB
Uptime: 1.255046 s

LIBXSMM_VERSION: RT-bst-B-from-vreg-1.16.1-1577 (25183785)
LIBXSMM_TARGET: skx
Registry and code: 13 MB
Uptime: 1.743271 s

LIBXSMM_VERSION: RT-bst-B-from-vreg-1.16.1-1577 (25183785)
LIBXSMM_TARGET: skx
Registry and code: 13 MB
Uptime: 1.461187 s

LIBXSMM_VERSION: RT-bst-B-from-vreg-1.16.1-1577 (25183785)
LIBXSMM_TARGET: skx
Registry and code: 13 MB
Uptime: 1.469628 s

LIBXSMM_VERSION: RT-bst-B-from-vreg-1.16.1-1577 (25183785)
LIBXSMM_TARGET: skx
Registry and code: 13 MB
Uptime: 1.361599 s

LIBXSMM_VERSION: RT-bst-B-from-vreg-1.16.1-1577 (25183785)
LIBXSMM_TARGET: skx
Registry and code: 13 MB
Uptime: 1.353083 s

LIBXSMM_VERSION: RT-bst-B-from-vreg-1.16.1-1577 (25183785)
LIBXSMM_TARGET: skx
Registry and code: 13 MB
Uptime: 1.317937 s

LIBXSMM_VERSION: RT-bst-B-from-vreg-1.16.1-1577 (25183785)
LIBXSMM_TARGET: skx
Registry and code: 13 MB
Uptime: 0.666779 s

LIBXSMM_VERSION: RT-bst-B-from-vreg-1.16.1-1577 (25183785)
LIBXSMM_TARGET: skx
Registry and code: 13 MB
Uptime: 0.654493 s

LIBXSMM_VERSION: RT-bst-B-from-vreg-1.16.1-1577 (25183785)
LIBXSMM_TARGET: skx
Registry and code: 13 MB
Uptime: 0.592701 s

LIBXSMM_VERSION: RT-bst-B-from-vreg-1.16.1-1577 (25183785)
LIBXSMM_TARGET: skx
Registry and code: 13 MB
Uptime: 0.724437 s

LIBXSMM_VERSION: RT-bst-B-from-vreg-1.16.1-1577 (25183785)
LIBXSMM_TARGET: skx
Registry and code: 13 MB
Uptime: 0.755375 s

LIBXSMM_VERSION: RT-bst-B-from-vreg-1.16.1-1577 (25183785)
LIBXSMM_TARGET: skx
Registry and code: 13 MB
Uptime: 0.692343 s

LIBXSMM_VERSION: RT-bst-B-from-vreg-1.16.1-1577 (25183785)
LIBXSMM_TARGET: skx
Registry and code: 13 MB
Uptime: 1.362870 s

LIBXSMM_VERSION: RT-bst-B-from-vreg-1.16.1-1577 (25183785)
LIBXSMM_TARGET: skx
Registry and code: 13 MB
Uptime: 1.273678 s

LIBXSMM_VERSION: RT-bst-B-from-vreg-1.16.1-1577 (25183785)
LIBXSMM_TARGET: skx
Registry and code: 13 MB
Uptime: 1.246652 s

LIBXSMM_VERSION: RT-bst-B-from-vreg-1.16.1-1577 (25183785)
LIBXSMM_TARGET: skx
Registry and code: 13 MB
Uptime: 1.796696 s

LIBXSMM_VERSION: RT-bst-B-from-vreg-1.16.1-1577 (25183785)
LIBXSMM_TARGET: skx
Registry and code: 13 MB
Uptime: 1.471837 s

LIBXSMM_VERSION: RT-bst-B-from-vreg-1.16.1-1577 (25183785)
LIBXSMM_TARGET: skx
Registry and code: 13 MB
Uptime: 1.528512 s

LIBXSMM_VERSION: RT-bst-B-from-vreg-1.16.1-1577 (25183785)
LIBXSMM_TARGET: skx
Registry and code: 13 MB
Uptime: 1.318445 s

LIBXSMM_VERSION: RT-bst-B-from-vreg-1.16.1-1577 (25183785)
LIBXSMM_TARGET: skx
Registry and code: 13 MB
Uptime: 1.338636 s

LIBXSMM_VERSION: RT-bst-B-from-vreg-1.16.1-1577 (25183785)
LIBXSMM_TARGET: skx
Registry and code: 13 MB
Uptime: 1.287992 s

LIBXSMM_VERSION: RT-bst-B-from-vreg-1.16.1-1577 (25183785)
LIBXSMM_TARGET: skx
Registry and code: 13 MB
Uptime: 0.861587 s

LIBXSMM_VERSION: RT-bst-B-from-vreg-1.16.1-1577 (25183785)
LIBXSMM_TARGET: skx
Registry and code: 13 MB
Uptime: 0.848278 s

LIBXSMM_VERSION: RT-bst-B-from-vreg-1.16.1-1577 (25183785)
LIBXSMM_TARGET: skx
Registry and code: 13 MB
Uptime: 0.852409 s

LIBXSMM_VERSION: RT-bst-B-from-vreg-1.16.1-1577 (25183785)
LIBXSMM_TARGET: skx
Registry and code: 13 MB
Uptime: 1.324714 s

LIBXSMM_VERSION: RT-bst-B-from-vreg-1.16.1-1577 (25183785)
LIBXSMM_TARGET: skx
Registry and code: 13 MB
Uptime: 1.229591 s

LIBXSMM_VERSION: RT-bst-B-from-vreg-1.16.1-1577 (25183785)
LIBXSMM_TARGET: skx
Registry and code: 13 MB
Uptime: 1.169659 s

LIBXSMM_VERSION: RT-bst-B-from-vreg-1.16.1-1577 (25183785)
LIBXSMM_TARGET: skx
Registry and code: 13 MB
Uptime: 2.341608 s

LIBXSMM_VERSION: RT-bst-B-from-vreg-1.16.1-1577 (25183785)
LIBXSMM_TARGET: skx
Registry and code: 13 MB
Uptime: 2.257510 s

LIBXSMM_VERSION: RT-bst-B-from-vreg-1.16.1-1577 (25183785)
LIBXSMM_TARGET: skx
Registry and code: 13 MB
Uptime: 2.177296 s

LIBXSMM_VERSION: RT-bst-B-from-vreg-1.16.1-1577 (25183785)
LIBXSMM_TARGET: skx
Registry and code: 13 MB
Uptime: 2.950725 s

LIBXSMM_VERSION: RT-bst-B-from-vreg-1.16.1-1577 (25183785)
LIBXSMM_TARGET: skx
Registry and code: 13 MB
Uptime: 2.744977 s

LIBXSMM_VERSION: RT-bst-B-from-vreg-1.16.1-1577 (25183785)
LIBXSMM_TARGET: skx
Registry and code: 13 MB
Uptime: 2.804676 s

LIBXSMM_VERSION: RT-bst-B-from-vreg-1.16.1-1577 (25183785)
LIBXSMM_TARGET: skx
Registry and code: 13 MB
Uptime: 2.401858 s

LIBXSMM_VERSION: RT-bst-B-from-vreg-1.16.1-1577 (25183785)
LIBXSMM_TARGET: skx
Registry and code: 13 MB
Uptime: 2.491555 s

LIBXSMM_VERSION: RT-bst-B-from-vreg-1.16.1-1577 (25183785)
LIBXSMM_TARGET: skx
Registry and code: 13 MB
Uptime: 2.393901 s

LIBXSMM_VERSION: RT-bst-B-from-vreg-1.16.1-1577 (25183785)
LIBXSMM_TARGET: skx
Registry and code: 13 MB
Uptime: 1.171889 s

LIBXSMM_VERSION: RT-bst-B-from-vreg-1.16.1-1577 (25183785)
LIBXSMM_TARGET: skx
Registry and code: 13 MB
Uptime: 1.065519 s

LIBXSMM_VERSION: RT-bst-B-from-vreg-1.16.1-1577 (25183785)
LIBXSMM_TARGET: skx
Registry and code: 13 MB
Uptime: 1.044579 s

LIBXSMM_VERSION: RT-bst-B-from-vreg-1.16.1-1577 (25183785)
LIBXSMM_TARGET: skx
Registry and code: 13 MB
Uptime: 1.325866 s

LIBXSMM_VERSION: RT-bst-B-from-vreg-1.16.1-1577 (25183785)
LIBXSMM_TARGET: skx
Registry and code: 13 MB
Uptime: 1.262329 s

LIBXSMM_VERSION: RT-bst-B-from-vreg-1.16.1-1577 (25183785)
LIBXSMM_TARGET: skx
Registry and code: 13 MB
Uptime: 1.190259 s

LIBXSMM_VERSION: RT-bst-B-from-vreg-1.16.1-1577 (25183785)
LIBXSMM_TARGET: skx
Registry and code: 13 MB
Uptime: 2.357475 s

LIBXSMM_VERSION: RT-bst-B-from-vreg-1.16.1-1577 (25183785)
LIBXSMM_TARGET: skx
Registry and code: 13 MB
Uptime: 2.231122 s

LIBXSMM_VERSION: RT-bst-B-from-vreg-1.16.1-1577 (25183785)
LIBXSMM_TARGET: skx
Registry and code: 13 MB
Uptime: 2.160880 s

LIBXSMM_VERSION: RT-bst-B-from-vreg-1.16.1-1577 (25183785)
LIBXSMM_TARGET: skx
Registry and code: 13 MB
Uptime: 2.981147 s

LIBXSMM_VERSION: RT-bst-B-from-vreg-1.16.1-1577 (25183785)
LIBXSMM_TARGET: skx
Registry and code: 13 MB
Uptime: 2.834892 s

LIBXSMM_VERSION: RT-bst-B-from-vreg-1.16.1-1577 (25183785)
LIBXSMM_TARGET: skx
Registry and code: 13 MB
Uptime: 2.878804 s

LIBXSMM_VERSION: RT-bst-B-from-vreg-1.16.1-1577 (25183785)
LIBXSMM_TARGET: skx
Registry and code: 13 MB
Uptime: 2.488467 s

LIBXSMM_VERSION: RT-bst-B-from-vreg-1.16.1-1577 (25183785)
LIBXSMM_TARGET: skx
Registry and code: 13 MB
Uptime: 2.494702 s

LIBXSMM_VERSION: RT-bst-B-from-vreg-1.16.1-1577 (25183785)
LIBXSMM_TARGET: skx
Registry and code: 13 MB
Uptime: 2.439900 s

LIBXSMM_VERSION: RT-bst-B-from-vreg-1.16.1-1577 (25183785)
LIBXSMM_TARGET: skx
Registry and code: 13 MB
Uptime: 1.259843 s

LIBXSMM_VERSION: RT-bst-B-from-vreg-1.16.1-1577 (25183785)
LIBXSMM_TARGET: skx
Registry and code: 13 MB
Uptime: 1.261134 s

LIBXSMM_VERSION: RT-bst-B-from-vreg-1.16.1-1577 (25183785)
LIBXSMM_TARGET: skx
Registry and code: 13 MB
Uptime: 1.275754 s

LIBXSMM_VERSION: RT-bst-B-from-vreg-1.16.1-1577 (25183785)
LIBXSMM_TARGET: skx
Registry and code: 13 MB
Uptime: 1.978724 s

LIBXSMM_VERSION: RT-bst-B-from-vreg-1.16.1-1577 (25183785)
LIBXSMM_TARGET: skx
Registry and code: 13 MB
Uptime: 1.889262 s

LIBXSMM_VERSION: RT-bst-B-from-vreg-1.16.1-1577 (25183785)
LIBXSMM_TARGET: skx
Registry and code: 13 MB
Uptime: 1.850291 s
Generating and Compiling data/example_mats/hex/p1/gauss-legendre/m0.txt
Running data/example_mats/hex/p1/gauss-legendre/m0.txt
Finished running in 0.95385ms
Generating and Compiling data/example_mats/hex/p1/gauss-legendre/m3.txt
Running data/example_mats/hex/p1/gauss-legendre/m3.txt
Finished running in 0.43993333333333334ms
Generating and Compiling data/example_mats/hex/p1/gauss-legendre/m6.txt
Running data/example_mats/hex/p1/gauss-legendre/m6.txt
Finished running in 1.02265ms
Generating and Compiling data/example_mats/hex/p1/gauss-legendre/m132.txt
Running data/example_mats/hex/p1/gauss-legendre/m132.txt
Finished running in 0.44131666666666663ms
Generating and Compiling data/example_mats/hex/p1/gauss-legendre/m460.txt
Running data/example_mats/hex/p1/gauss-legendre/m460.txt
Finished running in 0.9510500000000001ms
Generating and Compiling data/example_mats/hex/p2/gauss-legendre-lobatto/m0.txt
Running data/example_mats/hex/p2/gauss-legendre-lobatto/m0.txt
Finished running in 2.16035ms
Generating and Compiling data/example_mats/hex/p2/gauss-legendre-lobatto/m3.txt
Running data/example_mats/hex/p2/gauss-legendre-lobatto/m3.txt
Finished running in 1.8053333333333332ms
Generating and Compiling data/example_mats/hex/p2/gauss-legendre-lobatto/m6.txt
Running data/example_mats/hex/p2/gauss-legendre-lobatto/m6.txt
Finished running in 3.7871ms
Generating and Compiling data/example_mats/hex/p2/gauss-legendre-lobatto/m132.txt
Running data/example_mats/hex/p2/gauss-legendre-lobatto/m132.txt
Finished running in 2.7080166666666665ms
Generating and Compiling data/example_mats/hex/p2/gauss-legendre-lobatto/m460.txt
Running data/example_mats/hex/p2/gauss-legendre-lobatto/m460.txt
Finished running in 3.412216666666666ms
Generating and Compiling data/example_mats/hex/p2/gauss-legendre/m0.txt
Running data/example_mats/hex/p2/gauss-legendre/m0.txt
Finished running in 2.4254333333333324ms
Generating and Compiling data/example_mats/hex/p2/gauss-legendre/m3.txt
Running data/example_mats/hex/p2/gauss-legendre/m3.txt
Finished running in 1.7762333333333333ms
Generating and Compiling data/example_mats/hex/p2/gauss-legendre/m6.txt
Running data/example_mats/hex/p2/gauss-legendre/m6.txt
Finished running in 3.7464333333333335ms
Generating and Compiling data/example_mats/hex/p2/gauss-legendre/m132.txt
Running data/example_mats/hex/p2/gauss-legendre/m132.txt
Finished running in 2.5768166666666668ms
Generating and Compiling data/example_mats/hex/p2/gauss-legendre/m460.txt
Running data/example_mats/hex/p2/gauss-legendre/m460.txt
Finished running in 3.4122ms
Generating and Compiling data/example_mats/hex/p3/gauss-legendre-lobatto/m0.txt
Running data/example_mats/hex/p3/gauss-legendre-lobatto/m0.txt
Finished running in 4.3204166666666675ms
Generating and Compiling data/example_mats/hex/p3/gauss-legendre-lobatto/m3.txt
Running data/example_mats/hex/p3/gauss-legendre-lobatto/m3.txt
Finished running in 4.4705ms
Generating and Compiling data/example_mats/hex/p3/gauss-legendre-lobatto/m6.txt
Running data/example_mats/hex/p3/gauss-legendre-lobatto/m6.txt
Finished running in 9.86035ms
Generating and Compiling data/example_mats/hex/p3/gauss-legendre-lobatto/m132.txt
Running data/example_mats/hex/p3/gauss-legendre-lobatto/m132.txt
Finished running in 11.092883333333333ms
Generating and Compiling data/example_mats/hex/p3/gauss-legendre-lobatto/m460.txt
Running data/example_mats/hex/p3/gauss-legendre-lobatto/m460.txt
Finished running in 9.2362ms
Generating and Compiling data/example_mats/hex/p3/gauss-legendre/m0.txt
Running data/example_mats/hex/p3/gauss-legendre/m0.txt
Finished running in 5.079483333333333ms
Generating and Compiling data/example_mats/hex/p3/gauss-legendre/m3.txt
Running data/example_mats/hex/p3/gauss-legendre/m3.txt
Finished running in 5.268616666666667ms
Generating and Compiling data/example_mats/hex/p3/gauss-legendre/m6.txt
Running data/example_mats/hex/p3/gauss-legendre/m6.txt
Finished running in 9.884433333333334ms
Generating and Compiling data/example_mats/hex/p3/gauss-legendre/m132.txt
Running data/example_mats/hex/p3/gauss-legendre/m132.txt
Finished running in 11.769316666666667ms
Generating and Compiling data/example_mats/hex/p3/gauss-legendre/m460.txt
Running data/example_mats/hex/p3/gauss-legendre/m460.txt
Finished running in 8.37175ms
Generating and Compiling data/example_mats/hex/p4/gauss-legendre-lobatto/m0.txt
Running data/example_mats/hex/p4/gauss-legendre-lobatto/m0.txt
Finished running in 7.774983333333334ms
Generating and Compiling data/example_mats/hex/p4/gauss-legendre-lobatto/m3.txt
Running data/example_mats/hex/p4/gauss-legendre-lobatto/m3.txt
Finished running in 11.979366666666666ms
Generating and Compiling data/example_mats/hex/p4/gauss-legendre-lobatto/m6.txt
Running data/example_mats/hex/p4/gauss-legendre-lobatto/m6.txt
Finished running in 20.914266666666666ms
Generating and Compiling data/example_mats/hex/p4/gauss-legendre-lobatto/m132.txt
Running data/example_mats/hex/p4/gauss-legendre-lobatto/m132.txt
Finished running in 23.895416666666666ms
Generating and Compiling data/example_mats/hex/p4/gauss-legendre-lobatto/m460.txt
Running data/example_mats/hex/p4/gauss-legendre-lobatto/m460.txt
Finished running in 19.7325ms
Generating and Compiling data/example_mats/hex/p4/gauss-legendre/m0.txt
Running data/example_mats/hex/p4/gauss-legendre/m0.txt
Finished running in 9.860816666666667ms
Generating and Compiling data/example_mats/hex/p4/gauss-legendre/m3.txt
Running data/example_mats/hex/p4/gauss-legendre/m3.txt
Finished running in 11.4807ms
Generating and Compiling data/example_mats/hex/p4/gauss-legendre/m6.txt
Running data/example_mats/hex/p4/gauss-legendre/m6.txt
Finished running in 19.69606666666667ms
Generating and Compiling data/example_mats/hex/p4/gauss-legendre/m132.txt
Running data/example_mats/hex/p4/gauss-legendre/m132.txt
Finished running in 23.30681666666667ms
Generating and Compiling data/example_mats/hex/p4/gauss-legendre/m460.txt
Running data/example_mats/hex/p4/gauss-legendre/m460.txt
Finished running in 19.98595ms
Generating and Compiling data/example_mats/hex/p5/gauss-legendre-lobatto/m0.txt
Running data/example_mats/hex/p5/gauss-legendre-lobatto/m0.txt
Finished running in 12.669450000000001ms
Generating and Compiling data/example_mats/hex/p5/gauss-legendre-lobatto/m3.txt
Running data/example_mats/hex/p5/gauss-legendre-lobatto/m3.txt
Finished running in 18.895583333333335ms
Generating and Compiling data/example_mats/hex/p5/gauss-legendre-lobatto/m6.txt
Running data/example_mats/hex/p5/gauss-legendre-lobatto/m6.txt
Finished running in 33.34375ms
Generating and Compiling data/example_mats/hex/p5/gauss-legendre-lobatto/m132.txt
Running data/example_mats/hex/p5/gauss-legendre-lobatto/m132.txt
Finished running in 44.5026ms
Generating and Compiling data/example_mats/hex/p5/gauss-legendre-lobatto/m460.txt
Running data/example_mats/hex/p5/gauss-legendre-lobatto/m460.txt
Finished running in 38.66775ms
Generating and Compiling data/example_mats/hex/p5/gauss-legendre/m0.txt
Running data/example_mats/hex/p5/gauss-legendre/m0.txt
Finished running in 17.058516666666666ms
Generating and Compiling data/example_mats/hex/p5/gauss-legendre/m3.txt
Running data/example_mats/hex/p5/gauss-legendre/m3.txt
Finished running in 18.80735ms
Generating and Compiling data/example_mats/hex/p5/gauss-legendre/m6.txt
Running data/example_mats/hex/p5/gauss-legendre/m6.txt
Finished running in 33.15881666666667ms
Generating and Compiling data/example_mats/hex/p5/gauss-legendre/m132.txt
Running data/example_mats/hex/p5/gauss-legendre/m132.txt
Finished running in 39.93576666666666ms
Generating and Compiling data/example_mats/hex/p5/gauss-legendre/m460.txt
Running data/example_mats/hex/p5/gauss-legendre/m460.txt
Finished running in 39.3809ms
Generating and Compiling data/example_mats/hex/p6/gauss-legendre-lobatto/m0.txt
Running data/example_mats/hex/p6/gauss-legendre-lobatto/m0.txt
Finished running in 18.875216666666667ms
Generating and Compiling data/example_mats/hex/p6/gauss-legendre-lobatto/m3.txt
Running data/example_mats/hex/p6/gauss-legendre-lobatto/m3.txt
Finished running in 29.61685ms
Generating and Compiling data/example_mats/hex/p6/gauss-legendre-lobatto/m6.txt
LIBXSMM_VERSION: RT-bst-B-from-vreg-1.16.1-1577 (25183785)
LIBXSMM_TARGET: skx
Registry and code: 13 MB
Uptime: 4.005450 s

LIBXSMM_VERSION: RT-bst-B-from-vreg-1.16.1-1577 (25183785)
LIBXSMM_TARGET: skx
Registry and code: 13 MB
Uptime: 3.662062 s

LIBXSMM_VERSION: RT-bst-B-from-vreg-1.16.1-1577 (25183785)
LIBXSMM_TARGET: skx
Registry and code: 13 MB
Uptime: 3.649134 s

LIBXSMM_VERSION: RT-bst-B-from-vreg-1.16.1-1577 (25183785)
LIBXSMM_TARGET: skx
Registry and code: 13 MB
Uptime: 5.216116 s

LIBXSMM_VERSION: RT-bst-B-from-vreg-1.16.1-1577 (25183785)
LIBXSMM_TARGET: skx
Registry and code: 13 MB
Uptime: 4.680187 s

LIBXSMM_VERSION: RT-bst-B-from-vreg-1.16.1-1577 (25183785)
LIBXSMM_TARGET: skx
Registry and code: 13 MB
Uptime: 4.741420 s

LIBXSMM_VERSION: RT-bst-B-from-vreg-1.16.1-1577 (25183785)
LIBXSMM_TARGET: skx
Registry and code: 13 MB
Uptime: 4.496017 s

LIBXSMM_VERSION: RT-bst-B-from-vreg-1.16.1-1577 (25183785)
LIBXSMM_TARGET: skx
Registry and code: 13 MB
Uptime: 4.271959 s

LIBXSMM_VERSION: RT-bst-B-from-vreg-1.16.1-1577 (25183785)
LIBXSMM_TARGET: skx
Registry and code: 13 MB
Uptime: 4.036059 s

LIBXSMM_VERSION: RT-bst-B-from-vreg-1.16.1-1577 (25183785)
LIBXSMM_TARGET: skx
Registry and code: 13 MB
Uptime: 1.775534 s

LIBXSMM_VERSION: RT-bst-B-from-vreg-1.16.1-1577 (25183785)
LIBXSMM_TARGET: skx
Registry and code: 13 MB
Uptime: 1.697075 s

LIBXSMM_VERSION: RT-bst-B-from-vreg-1.16.1-1577 (25183785)
LIBXSMM_TARGET: skx
Registry and code: 13 MB
Uptime: 1.669101 s

LIBXSMM_VERSION: RT-bst-B-from-vreg-1.16.1-1577 (25183785)
LIBXSMM_TARGET: skx
Registry and code: 13 MB
Uptime: 1.989711 s

LIBXSMM_VERSION: RT-bst-B-from-vreg-1.16.1-1577 (25183785)
LIBXSMM_TARGET: skx
Registry and code: 13 MB
Uptime: 1.906592 s

LIBXSMM_VERSION: RT-bst-B-from-vreg-1.16.1-1577 (25183785)
LIBXSMM_TARGET: skx
Registry and code: 13 MB
Uptime: 1.852607 s

LIBXSMM_VERSION: RT-bst-B-from-vreg-1.16.1-1577 (25183785)
LIBXSMM_TARGET: skx
Registry and code: 13 MB
Uptime: 4.017176 s

LIBXSMM_VERSION: RT-bst-B-from-vreg-1.16.1-1577 (25183785)
LIBXSMM_TARGET: skx
Registry and code: 13 MB
Uptime: 3.667085 s

LIBXSMM_VERSION: RT-bst-B-from-vreg-1.16.1-1577 (25183785)
LIBXSMM_TARGET: skx
Registry and code: 13 MB
Uptime: 3.652433 s

LIBXSMM_VERSION: RT-bst-B-from-vreg-1.16.1-1577 (25183785)
LIBXSMM_TARGET: skx
Registry and code: 13 MB
Uptime: 5.353738 s

LIBXSMM_VERSION: RT-bst-B-from-vreg-1.16.1-1577 (25183785)
LIBXSMM_TARGET: skx
Registry and code: 13 MB
Uptime: 4.953952 s

LIBXSMM_VERSION: RT-bst-B-from-vreg-1.16.1-1577 (25183785)
LIBXSMM_TARGET: skx
Registry and code: 13 MB
Uptime: 4.840898 s

LIBXSMM_VERSION: RT-bst-B-from-vreg-1.16.1-1577 (25183785)
LIBXSMM_TARGET: skx
Registry and code: 13 MB
Uptime: 4.433457 s

LIBXSMM_VERSION: RT-bst-B-from-vreg-1.16.1-1577 (25183785)
LIBXSMM_TARGET: skx
Registry and code: 13 MB
Uptime: 4.309680 s

LIBXSMM_VERSION: RT-bst-B-from-vreg-1.16.1-1577 (25183785)
LIBXSMM_TARGET: skx
Registry and code: 13 MB
Uptime: 4.065045 s

LIBXSMM_VERSION: RT-bst-B-from-vreg-1.16.1-1577 (25183785)
LIBXSMM_TARGET: skx
Registry and code: 13 MB
Uptime: 0.022534 s

LIBXSMM_VERSION: RT-bst-B-from-vreg-1.16.1-1577 (25183785)
LIBXSMM_TARGET: skx
Registry and code: 13 MB
Uptime: 0.022678 s

LIBXSMM_VERSION: RT-bst-B-from-vreg-1.16.1-1577 (25183785)
LIBXSMM_TARGET: skx
Registry and code: 13 MB
Uptime: 0.022592 s

LIBXSMM_VERSION: RT-bst-B-from-vreg-1.16.1-1577 (25183785)
LIBXSMM_TARGET: skx
Registry and code: 13 MB
Uptime: 0.014783 s

LIBXSMM_VERSION: RT-bst-B-from-vreg-1.16.1-1577 (25183785)
LIBXSMM_TARGET: skx
Registry and code: 13 MB
Uptime: 0.014705 s

LIBXSMM_VERSION: RT-bst-B-from-vreg-1.16.1-1577 (25183785)
LIBXSMM_TARGET: skx
Registry and code: 13 MB
Uptime: 0.015119 s

LIBXSMM_VERSION: RT-bst-B-from-vreg-1.16.1-1577 (25183785)
LIBXSMM_TARGET: skx
Registry and code: 13 MB
Uptime: 0.023818 s

LIBXSMM_VERSION: RT-bst-B-from-vreg-1.16.1-1577 (25183785)
LIBXSMM_TARGET: skx
Registry and code: 13 MB
Uptime: 0.023945 s

LIBXSMM_VERSION: RT-bst-B-from-vreg-1.16.1-1577 (25183785)
LIBXSMM_TARGET: skx
Registry and code: 13 MB
Uptime: 0.024335 s

LIBXSMM_VERSION: RT-bst-B-from-vreg-1.16.1-1577 (25183785)
LIBXSMM_TARGET: skx
Registry and code: 13 MB
Uptime: 0.014505 s

LIBXSMM_VERSION: RT-bst-B-from-vreg-1.16.1-1577 (25183785)
LIBXSMM_TARGET: skx
Registry and code: 13 MB
Uptime: 0.014459 s

LIBXSMM_VERSION: RT-bst-B-from-vreg-1.16.1-1577 (25183785)
LIBXSMM_TARGET: skx
Registry and code: 13 MB
Uptime: 0.015169 s

LIBXSMM_VERSION: RT-bst-B-from-vreg-1.16.1-1577 (25183785)
LIBXSMM_TARGET: skx
Registry and code: 13 MB
Uptime: 0.022377 s

LIBXSMM_VERSION: RT-bst-B-from-vreg-1.16.1-1577 (25183785)
LIBXSMM_TARGET: skx
Registry and code: 13 MB
Uptime: 0.022421 s

LIBXSMM_VERSION: RT-bst-B-from-vreg-1.16.1-1577 (25183785)
LIBXSMM_TARGET: skx
Registry and code: 13 MB
Uptime: 0.022554 s

LIBXSMM_VERSION: RT-bst-B-from-vreg-1.16.1-1577 (25183785)
LIBXSMM_TARGET: skx
Registry and code: 13 MB
Uptime: 0.033465 s

LIBXSMM_VERSION: RT-bst-B-from-vreg-1.16.1-1577 (25183785)
LIBXSMM_TARGET: skx
Registry and code: 13 MB
Uptime: 0.033162 s

LIBXSMM_VERSION: RT-bst-B-from-vreg-1.16.1-1577 (25183785)
LIBXSMM_TARGET: skx
Registry and code: 13 MB
Uptime: 0.033308 s

LIBXSMM_VERSION: RT-bst-B-from-vreg-1.16.1-1577 (25183785)
LIBXSMM_TARGET: skx
Registry and code: 13 MB
Uptime: 0.027746 s

LIBXSMM_VERSION: RT-bst-B-from-vreg-1.16.1-1577 (25183785)
LIBXSMM_TARGET: skx
Registry and code: 13 MB
Uptime: 0.028036 s

LIBXSMM_VERSION: RT-bst-B-from-vreg-1.16.1-1577 (25183785)
LIBXSMM_TARGET: skx
Registry and code: 13 MB
Uptime: 0.028657 s

LIBXSMM_VERSION: RT-bst-B-from-vreg-1.16.1-1577 (25183785)
LIBXSMM_TARGET: skx
Registry and code: 13 MB
Uptime: 0.049371 s

LIBXSMM_VERSION: RT-bst-B-from-vreg-1.16.1-1577 (25183785)
LIBXSMM_TARGET: skx
Registry and code: 13 MB
Uptime: 0.049465 s

LIBXSMM_VERSION: RT-bst-B-from-vreg-1.16.1-1577 (25183785)
LIBXSMM_TARGET: skx
Registry and code: 13 MB
Uptime: 0.049474 s

LIBXSMM_VERSION: RT-bst-B-from-vreg-1.16.1-1577 (25183785)
LIBXSMM_TARGET: skx
Registry and code: 13 MB
Uptime: 0.030176 s

LIBXSMM_VERSION: RT-bst-B-from-vreg-1.16.1-1577 (25183785)
LIBXSMM_TARGET: skx
Registry and code: 13 MB
Uptime: 0.031177 s

LIBXSMM_VERSION: RT-bst-B-from-vreg-1.16.1-1577 (25183785)
LIBXSMM_TARGET: skx
Registry and code: 13 MB
Uptime: 0.031075 s

LIBXSMM_VERSION: RT-bst-B-from-vreg-1.16.1-1577 (25183785)
LIBXSMM_TARGET: skx
Registry and code: 13 MB
Uptime: 0.048427 s

LIBXSMM_VERSION: RT-bst-B-from-vreg-1.16.1-1577 (25183785)
LIBXSMM_TARGET: skx
Registry and code: 13 MB
Uptime: 0.048620 s

LIBXSMM_VERSION: RT-bst-B-from-vreg-1.16.1-1577 (25183785)
LIBXSMM_TARGET: skx
Registry and code: 13 MB
Uptime: 0.048670 s

LIBXSMM_VERSION: RT-bst-B-from-vreg-1.16.1-1577 (25183785)
LIBXSMM_TARGET: skx
Registry and code: 13 MB
Uptime: 0.036523 s

LIBXSMM_VERSION: RT-bst-B-from-vreg-1.16.1-1577 (25183785)
LIBXSMM_TARGET: skx
Registry and code: 13 MB
Uptime: 0.034304 s

LIBXSMM_VERSION: RT-bst-B-from-vreg-1.16.1-1577 (25183785)
LIBXSMM_TARGET: skx
Registry and code: 13 MB
Uptime: 0.034329 s

LIBXSMM_VERSION: RT-bst-B-from-vreg-1.16.1-1577 (25183785)
LIBXSMM_TARGET: skx
Registry and code: 13 MB
Uptime: 0.027820 s

LIBXSMM_VERSION: RT-bst-B-from-vreg-1.16.1-1577 (25183785)
LIBXSMM_TARGET: skx
Registry and code: 13 MB
Uptime: 0.027898 s

LIBXSMM_VERSION: RT-bst-B-from-vreg-1.16.1-1577 (25183785)
LIBXSMM_TARGET: skx
Registry and code: 13 MB
Uptime: 0.028127 s

LIBXSMM_VERSION: RT-bst-B-from-vreg-1.16.1-1577 (25183785)
LIBXSMM_TARGET: skx
Registry and code: 13 MB
Uptime: 0.049226 s

LIBXSMM_VERSION: RT-bst-B-from-vreg-1.16.1-1577 (25183785)
LIBXSMM_TARGET: skx
Registry and code: 13 MB
Uptime: 0.049374 s

LIBXSMM_VERSION: RT-bst-B-from-vreg-1.16.1-1577 (25183785)
LIBXSMM_TARGET: skx
Registry and code: 13 MB
Uptime: 0.049261 s

LIBXSMM_VERSION: RT-bst-B-from-vreg-1.16.1-1577 (25183785)
LIBXSMM_TARGET: skx
Registry and code: 13 MB
Uptime: 0.030156 s

LIBXSMM_VERSION: RT-bst-B-from-vreg-1.16.1-1577 (25183785)
LIBXSMM_TARGET: skx
Registry and code: 13 MB
Uptime: 0.031579 s

LIBXSMM_VERSION: RT-bst-B-from-vreg-1.16.1-1577 (25183785)
LIBXSMM_TARGET: skx
Registry and code: 13 MB
Uptime: 0.031274 s

LIBXSMM_VERSION: RT-bst-B-from-vreg-1.16.1-1577 (25183785)
LIBXSMM_TARGET: skx
Registry and code: 13 MB
Uptime: 0.048390 s

LIBXSMM_VERSION: RT-bst-B-from-vreg-1.16.1-1577 (25183785)
LIBXSMM_TARGET: skx
Registry and code: 13 MB
Uptime: 0.048332 s

LIBXSMM_VERSION: RT-bst-B-from-vreg-1.16.1-1577 (25183785)
LIBXSMM_TARGET: skx
Registry and code: 13 MB
Uptime: 0.048853 s

LIBXSMM_VERSION: RT-bst-B-from-vreg-1.16.1-1577 (25183785)
LIBXSMM_TARGET: skx
Registry and code: 13 MB
Uptime: 0.044768 s

LIBXSMM_VERSION: RT-bst-B-from-vreg-1.16.1-1577 (25183785)
LIBXSMM_TARGET: skx
Registry and code: 13 MB
Uptime: 0.044723 s

LIBXSMM_VERSION: RT-bst-B-from-vreg-1.16.1-1577 (25183785)
LIBXSMM_TARGET: skx
Registry and code: 13 MB
Uptime: 0.045117 s

LIBXSMM_VERSION: RT-bst-B-from-vreg-1.16.1-1577 (25183785)
LIBXSMM_TARGET: skx
Registry and code: 13 MB
Uptime: 0.046309 s

LIBXSMM_VERSION: RT-bst-B-from-vreg-1.16.1-1577 (25183785)
LIBXSMM_TARGET: skx
Registry and code: 13 MB
Uptime: 0.046744 s

LIBXSMM_VERSION: RT-bst-B-from-vreg-1.16.1-1577 (25183785)
LIBXSMM_TARGET: skx
Registry and code: 13 MB
Uptime: 0.047763 s

LIBXSMM_VERSION: RT-bst-B-from-vreg-1.16.1-1577 (25183785)
LIBXSMM_TARGET: skx
Registry and code: 13 MB
Uptime: 0.084099 s

LIBXSMM_VERSION: RT-bst-B-from-vreg-1.16.1-1577 (25183785)
LIBXSMM_TARGET: skx
Registry and code: 13 MB
Uptime: 0.084353 s

LIBXSMM_VERSION: RT-bst-B-from-vreg-1.16.1-1577 (25183785)
LIBXSMM_TARGET: skx
Registry and code: 13 MB
Uptime: 0.084856 s

LIBXSMM_VERSION: RT-bst-B-from-vreg-1.16.1-1577 (25183785)
LIBXSMM_TARGET: skx
Registry and code: 13 MB
Uptime: 0.054338 s

LIBXSMM_VERSION: RT-bst-B-from-vreg-1.16.1-1577 (25183785)
LIBXSMM_TARGET: skx
Registry and code: 13 MB
Uptime: 0.056652 s

LIBXSMM_VERSION: RT-bst-B-from-vreg-1.16.1-1577 (25183785)
LIBXSMM_TARGET: skx
Registry and code: 13 MB
Uptime: 0.058995 s

LIBXSMM_VERSION: RT-bst-B-from-vreg-1.16.1-1577 (25183785)
LIBXSMM_TARGET: skx
Registry and code: 13 MB
Uptime: 0.085024 s

LIBXSMM_VERSION: RT-bst-B-from-vreg-1.16.1-1577 (25183785)
LIBXSMM_TARGET: skx
Registry and code: 13 MB
Uptime: 0.084782 s

LIBXSMM_VERSION: RT-bst-B-from-vreg-1.16.1-1577 (25183785)
LIBXSMM_TARGET: skx
Registry and code: 13 MB
Uptime: 0.088542 s

LIBXSMM_VERSION: RT-bst-B-from-vreg-1.16.1-1577 (25183785)
LIBXSMM_TARGET: skx
Registry and code: 13 MB
Uptime: 0.046273 s

LIBXSMM_VERSION: RT-bst-B-from-vreg-1.16.1-1577 (25183785)
LIBXSMM_TARGET: skx
Registry and code: 13 MB
Uptime: 0.046755 s

LIBXSMM_VERSION: RT-bst-B-from-vreg-1.16.1-1577 (25183785)
LIBXSMM_TARGET: skx
Registry and code: 13 MB
Uptime: 0.047408 s

LIBXSMM_VERSION: RT-bst-B-from-vreg-1.16.1-1577 (25183785)
LIBXSMM_TARGET: skx
Registry and code: 13 MB
Uptime: 0.046171 s

LIBXSMM_VERSION: RT-bst-B-from-vreg-1.16.1-1577 (25183785)
LIBXSMM_TARGET: skx
Registry and code: 13 MB
Uptime: 0.046366 s

LIBXSMM_VERSION: RT-bst-B-from-vreg-1.16.1-1577 (25183785)
LIBXSMM_TARGET: skx
Registry and code: 13 MB
Uptime: 0.047879 s

LIBXSMM_VERSION: RT-bst-B-from-vreg-1.16.1-1577 (25183785)
LIBXSMM_TARGET: skx
Registry and code: 13 MB
Uptime: 0.084442 s

LIBXSMM_VERSION: RT-bst-B-from-vreg-1.16.1-1577 (25183785)
LIBXSMM_TARGET: skx
Registry and code: 13 MB
Uptime: 0.084131 s

LIBXSMM_VERSION: RT-bst-B-from-vreg-1.16.1-1577 (25183785)
LIBXSMM_TARGET: skx
Registry and code: 13 MB
Uptime: 0.084971 s

LIBXSMM_VERSION: RT-bst-B-from-vreg-1.16.1-1577 (25183785)
LIBXSMM_TARGET: skx
Registry and code: 13 MB
Uptime: 0.054566 s

LIBXSMM_VERSION: RT-bst-B-from-vreg-1.16.1-1577 (25183785)
LIBXSMM_TARGET: skx
Registry and code: 13 MB
Uptime: 0.056060 s

LIBXSMM_VERSION: RT-bst-B-from-vreg-1.16.1-1577 (25183785)
LIBXSMM_TARGET: skx
Registry and code: 13 MB
Uptime: 0.059415 s

LIBXSMM_VERSION: RT-bst-B-from-vreg-1.16.1-1577 (25183785)
LIBXSMM_TARGET: skx
Registry and code: 13 MB
Uptime: 0.085059 s

LIBXSMM_VERSION: RT-bst-B-from-vreg-1.16.1-1577 (25183785)
LIBXSMM_TARGET: skx
Registry and code: 13 MB
Uptime: 0.085450 s

LIBXSMM_VERSION: RT-bst-B-from-vreg-1.16.1-1577 (25183785)
LIBXSMM_TARGET: skx
Registry and code: 13 MB
Uptime: 0.087035 s

LIBXSMM_VERSION: RT-bst-B-from-vreg-1.16.1-1577 (25183785)
LIBXSMM_TARGET: skx
Registry and code: 13 MB
Uptime: 0.056318 s

LIBXSMM_VERSION: RT-bst-B-from-vreg-1.16.1-1577 (25183785)
LIBXSMM_TARGET: skx
Registry and code: 13 MB
Uptime: 0.056438 s

LIBXSMM_VERSION: RT-bst-B-from-vreg-1.16.1-1577 (25183785)
LIBXSMM_TARGET: skx
Registry and code: 13 MB
Uptime: 0.057042 s

LIBXSMM_VERSION: RT-bst-B-from-vreg-1.16.1-1577 (25183785)
LIBXSMM_TARGET: skx
Registry and code: 13 MB
Uptime: 0.069753 s

LIBXSMM_VERSION: RT-bst-B-from-vreg-1.16.1-1577 (25183785)
LIBXSMM_TARGET: skx
Registry and code: 13 MB
Uptime: 0.069582 s

LIBXSMM_VERSION: RT-bst-B-from-vreg-1.16.1-1577 (25183785)
LIBXSMM_TARGET: skx
Registry and code: 13 MB
Uptime: 0.070627 s

LIBXSMM_VERSION: RT-bst-B-from-vreg-1.16.1-1577 (25183785)
LIBXSMM_TARGET: skx
Registry and code: 13 MB
Uptime: 0.128966 s

LIBXSMM_VERSION: RT-bst-B-from-vreg-1.16.1-1577 (25183785)
LIBXSMM_TARGET: skx
Registry and code: 13 MB
Uptime: 0.129479 s

LIBXSMM_VERSION: RT-bst-B-from-vreg-1.16.1-1577 (25183785)
LIBXSMM_TARGET: skx
Registry and code: 13 MB
Uptime: 0.130092 s

LIBXSMM_VERSION: RT-bst-B-from-vreg-1.16.1-1577 (25183785)
LIBXSMM_TARGET: skx
Registry and code: 13 MB
Uptime: 0.112864 s

LIBXSMM_VERSION: RT-bst-B-from-vreg-1.16.1-1577 (25183785)
LIBXSMM_TARGET: skx
Registry and code: 13 MB
Uptime: 0.115782 s

LIBXSMM_VERSION: RT-bst-B-from-vreg-1.16.1-1577 (25183785)
LIBXSMM_TARGET: skx
Registry and code: 13 MB
Uptime: 0.117490 s

LIBXSMM_VERSION: RT-bst-B-from-vreg-1.16.1-1577 (25183785)
LIBXSMM_TARGET: skx
Registry and code: 13 MB
Uptime: 0.131998 s

LIBXSMM_VERSION: RT-bst-B-from-vreg-1.16.1-1577 (25183785)
LIBXSMM_TARGET: skx
Registry and code: 13 MB
Uptime: 0.133474 s

LIBXSMM_VERSION: RT-bst-B-from-vreg-1.16.1-1577 (25183785)
LIBXSMM_TARGET: skx
Registry and code: 13 MB
Uptime: 0.136699 s

LIBXSMM_VERSION: RT-bst-B-from-vreg-1.16.1-1577 (25183785)
LIBXSMM_TARGET: skx
Registry and code: 13 MB
Uptime: 0.060368 s

LIBXSMM_VERSION: RT-bst-B-from-vreg-1.16.1-1577 (25183785)
LIBXSMM_TARGET: skx
Registry and code: 13 MB
Uptime: 0.061809 s

LIBXSMM_VERSION: RT-bst-B-from-vreg-1.16.1-1577 (25183785)
LIBXSMM_TARGET: skx
Registry and code: 13 MB
Uptime: 0.062600 s

LIBXSMM_VERSION: RT-bst-B-from-vreg-1.16.1-1577 (25183785)
LIBXSMM_TARGET: skx
Registry and code: 13 MB
Uptime: 0.071050 s

LIBXSMM_VERSION: RT-bst-B-from-vreg-1.16.1-1577 (25183785)
LIBXSMM_TARGET: skx
Registry and code: 13 MB
Uptime: 0.071072 s

LIBXSMM_VERSION: RT-bst-B-from-vreg-1.16.1-1577 (25183785)
LIBXSMM_TARGET: skx
Registry and code: 13 MB
Uptime: 0.071548 s

LIBXSMM_VERSION: RT-bst-B-from-vreg-1.16.1-1577 (25183785)
LIBXSMM_TARGET: skx
Registry and code: 13 MB
Uptime: 0.129206 s

LIBXSMM_VERSION: RT-bst-B-from-vreg-1.16.1-1577 (25183785)
LIBXSMM_TARGET: skx
Registry and code: 13 MB
Uptime: 0.129515 s

LIBXSMM_VERSION: RT-bst-B-from-vreg-1.16.1-1577 (25183785)
LIBXSMM_TARGET: skx
Registry and code: 13 MB
Uptime: 0.129873 s

LIBXSMM_VERSION: RT-bst-B-from-vreg-1.16.1-1577 (25183785)
LIBXSMM_TARGET: skx
Registry and code: 13 MB
Uptime: 0.113729 s

LIBXSMM_VERSION: RT-bst-B-from-vreg-1.16.1-1577 (25183785)
LIBXSMM_TARGET: skx
Registry and code: 13 MB
Uptime: 0.117169 s

LIBXSMM_VERSION: RT-bst-B-from-vreg-1.16.1-1577 (25183785)
LIBXSMM_TARGET: skx
Registry and code: 13 MB
Uptime: 0.117984 s

LIBXSMM_VERSION: RT-bst-B-from-vreg-1.16.1-1577 (25183785)
LIBXSMM_TARGET: skx
Registry and code: 13 MB
Uptime: 0.133056 s

LIBXSMM_VERSION: RT-bst-B-from-vreg-1.16.1-1577 (25183785)
LIBXSMM_TARGET: skx
Registry and code: 13 MB
Uptime: 0.134352 s

LIBXSMM_VERSION: RT-bst-B-from-vreg-1.16.1-1577 (25183785)
LIBXSMM_TARGET: skx
Registry and code: 13 MB
Uptime: 0.135743 s

LIBXSMM_VERSION: RT-bst-B-from-vreg-1.16.1-1577 (25183785)
LIBXSMM_TARGET: skx
Registry and code: 13 MB
Uptime: 0.068178 s

LIBXSMM_VERSION: RT-bst-B-from-vreg-1.16.1-1577 (25183785)
LIBXSMM_TARGET: skx
Registry and code: 13 MB
Uptime: 0.068624 s

LIBXSMM_VERSION: RT-bst-B-from-vreg-1.16.1-1577 (25183785)
LIBXSMM_TARGET: skx
Registry and code: 13 MB
Uptime: 0.068936 s

LIBXSMM_VERSION: RT-bst-B-from-vreg-1.16.1-1577 (25183785)
LIBXSMM_TARGET: skx
Registry and code: 13 MB
Uptime: 0.097922 s

LIBXSMM_VERSION: RT-bst-B-from-vreg-1.16.1-1577 (25183785)
LIBXSMM_TARGET: skx
Registry and code: 13 MB
Uptime: 0.099402 s

LIBXSMM_VERSION: RT-bst-B-from-vreg-1.16.1-1577 (25183785)
LIBXSMM_TARGET: skx
Registry and code: 13 MB
Uptime: 0.099866 s

LIBXSMM_VERSION: RT-bst-B-from-vreg-1.16.1-1577 (25183785)
LIBXSMM_TARGET: skx
Registry and code: 13 MB
Uptime: 0.183083 s

LIBXSMM_VERSION: RT-bst-B-from-vreg-1.16.1-1577 (25183785)
LIBXSMM_TARGET: skx
Registry and code: 13 MB
Uptime: 0.184408 s

LIBXSMM_VERSION: RT-bst-B-from-vreg-1.16.1-1577 (25183785)
LIBXSMM_TARGET: skx
Registry and code: 13 MB
Uptime: 0.185034 s

Running data/example_mats/hex/p6/gauss-legendre-lobatto/m6.txt
Finished running in 55.63983333333333ms
Generating and Compiling data/example_mats/hex/p6/gauss-legendre-lobatto/m132.txt
Running data/example_mats/hex/p6/gauss-legendre-lobatto/m132.txt
Finished running in 68.85693333333333ms
Generating and Compiling data/example_mats/hex/p6/gauss-legendre-lobatto/m460.txt
Running data/example_mats/hex/p6/gauss-legendre-lobatto/m460.txt
Finished running in 65.86331666666666ms
Generating and Compiling data/example_mats/hex/p6/gauss-legendre/m0.txt
Running data/example_mats/hex/p6/gauss-legendre/m0.txt
Finished running in 27.533099999999997ms
Generating and Compiling data/example_mats/hex/p6/gauss-legendre/m3.txt
Running data/example_mats/hex/p6/gauss-legendre/m3.txt
Finished running in 28.985816666666665ms
Generating and Compiling data/example_mats/hex/p6/gauss-legendre/m6.txt
Running data/example_mats/hex/p6/gauss-legendre/m6.txt
Finished running in 55.35783333333334ms
Generating and Compiling data/example_mats/hex/p6/gauss-legendre/m132.txt
Running data/example_mats/hex/p6/gauss-legendre/m132.txt
Finished running in 70.53591666666667ms
Generating and Compiling data/example_mats/hex/p6/gauss-legendre/m460.txt
Running data/example_mats/hex/p6/gauss-legendre/m460.txt
Finished running in 633.0465833333333ms
Generating and Compiling data/example_mats/quad/p1/gauss-legendre/m0.txt
Running data/example_mats/quad/p1/gauss-legendre/m0.txt
Finished running in 0.31616666666666665ms
Generating and Compiling data/example_mats/quad/p1/gauss-legendre/m3.txt
Running data/example_mats/quad/p1/gauss-legendre/m3.txt
Finished running in 0.19123333333333334ms
Generating and Compiling data/example_mats/quad/p1/gauss-legendre/m6.txt
Running data/example_mats/quad/p1/gauss-legendre/m6.txt
Finished running in 0.3343166666666667ms
Generating and Compiling data/example_mats/quad/p1/gauss-legendre/m132.txt
Running data/example_mats/quad/p1/gauss-legendre/m132.txt
Finished running in 0.18858333333333333ms
Generating and Compiling data/example_mats/quad/p1/gauss-legendre/m460.txt
Running data/example_mats/quad/p1/gauss-legendre/m460.txt
Finished running in 0.3194166666666666ms
Generating and Compiling data/example_mats/quad/p2/gauss-legendre-lobatto/m0.txt
Running data/example_mats/quad/p2/gauss-legendre-lobatto/m0.txt
Finished running in 0.48696666666666666ms
Generating and Compiling data/example_mats/quad/p2/gauss-legendre-lobatto/m3.txt
Running data/example_mats/quad/p2/gauss-legendre-lobatto/m3.txt
Finished running in 0.4047ms
Generating and Compiling data/example_mats/quad/p2/gauss-legendre-lobatto/m6.txt
Running data/example_mats/quad/p2/gauss-legendre-lobatto/m6.txt
Finished running in 0.7339ms
Generating and Compiling data/example_mats/quad/p2/gauss-legendre-lobatto/m132.txt
Running data/example_mats/quad/p2/gauss-legendre-lobatto/m132.txt
Finished running in 0.45213333333333333ms
Generating and Compiling data/example_mats/quad/p2/gauss-legendre-lobatto/m460.txt
Running data/example_mats/quad/p2/gauss-legendre-lobatto/m460.txt
Finished running in 0.7322166666666666ms
Generating and Compiling data/example_mats/quad/p2/gauss-legendre/m0.txt
Running data/example_mats/quad/p2/gauss-legendre/m0.txt
Finished running in 0.5048833333333334ms
Generating and Compiling data/example_mats/quad/p2/gauss-legendre/m3.txt
Running data/example_mats/quad/p2/gauss-legendre/m3.txt
Finished running in 0.40404999999999996ms
Generating and Compiling data/example_mats/quad/p2/gauss-legendre/m6.txt
Running data/example_mats/quad/p2/gauss-legendre/m6.txt
Finished running in 0.7339333333333333ms
Generating and Compiling data/example_mats/quad/p2/gauss-legendre/m132.txt
Running data/example_mats/quad/p2/gauss-legendre/m132.txt
Finished running in 0.45011666666666666ms
Generating and Compiling data/example_mats/quad/p2/gauss-legendre/m460.txt
Running data/example_mats/quad/p2/gauss-legendre/m460.txt
Finished running in 0.7337666666666667ms
Generating and Compiling data/example_mats/quad/p3/gauss-legendre-lobatto/m0.txt
Running data/example_mats/quad/p3/gauss-legendre-lobatto/m0.txt
Finished running in 0.6555666666666667ms
Generating and Compiling data/example_mats/quad/p3/gauss-legendre-lobatto/m3.txt
Running data/example_mats/quad/p3/gauss-legendre-lobatto/m3.txt
Finished running in 0.7041833333333333ms
Generating and Compiling data/example_mats/quad/p3/gauss-legendre-lobatto/m6.txt
Running data/example_mats/quad/p3/gauss-legendre-lobatto/m6.txt
Finished running in 1.2882666666666676ms
Generating and Compiling data/example_mats/quad/p3/gauss-legendre-lobatto/m132.txt
Running data/example_mats/quad/p3/gauss-legendre-lobatto/m132.txt
Finished running in 0.8473333333333334ms
Generating and Compiling data/example_mats/quad/p3/gauss-legendre-lobatto/m460.txt
Running data/example_mats/quad/p3/gauss-legendre-lobatto/m460.txt
Finished running in 1.3236666666666668ms
Generating and Compiling data/example_mats/quad/p3/gauss-legendre/m0.txt
Running data/example_mats/quad/p3/gauss-legendre/m0.txt
Finished running in 0.7191833333333334ms
Generating and Compiling data/example_mats/quad/p3/gauss-legendre/m3.txt
Running data/example_mats/quad/p3/gauss-legendre/m3.txt
Finished running in 0.7036ms
Generating and Compiling data/example_mats/quad/p3/gauss-legendre/m6.txt
Running data/example_mats/quad/p3/gauss-legendre/m6.txt
Finished running in 1.3024333333333333ms
Generating and Compiling data/example_mats/quad/p3/gauss-legendre/m132.txt
Running data/example_mats/quad/p3/gauss-legendre/m132.txt
Finished running in 0.8567ms
Generating and Compiling data/example_mats/quad/p3/gauss-legendre/m460.txt
Running data/example_mats/quad/p3/gauss-legendre/m460.txt
Finished running in 1.3404500000000004ms
Generating and Compiling data/example_mats/quad/p4/gauss-legendre-lobatto/m0.txt
Running data/example_mats/quad/p4/gauss-legendre-lobatto/m0.txt
Finished running in 0.8216333333333333ms
Generating and Compiling data/example_mats/quad/p4/gauss-legendre-lobatto/m3.txt
Running data/example_mats/quad/p4/gauss-legendre-lobatto/m3.txt
Finished running in 1.0882333333333334ms
Generating and Compiling data/example_mats/quad/p4/gauss-legendre-lobatto/m6.txt
Running data/example_mats/quad/p4/gauss-legendre-lobatto/m6.txt
Finished running in 1.99635ms
Generating and Compiling data/example_mats/quad/p4/gauss-legendre-lobatto/m132.txt
Running data/example_mats/quad/p4/gauss-legendre-lobatto/m132.txt
Finished running in 1.764699999999999ms
Generating and Compiling data/example_mats/quad/p4/gauss-legendre-lobatto/m460.txt
Running data/example_mats/quad/p4/gauss-legendre-lobatto/m460.txt
Finished running in 2.2443ms
Generating and Compiling data/example_mats/quad/p4/gauss-legendre/m0.txt
Running data/example_mats/quad/p4/gauss-legendre/m0.txt
Finished running in 0.9558333333333333ms
Generating and Compiling data/example_mats/quad/p4/gauss-legendre/m3.txt
Running data/example_mats/quad/p4/gauss-legendre/m3.txt
Finished running in 1.0917333333333334ms
Generating and Compiling data/example_mats/quad/p4/gauss-legendre/m6.txt
Running data/example_mats/quad/p4/gauss-legendre/m6.txt
Finished running in 1.9984333333333335ms
Generating and Compiling data/example_mats/quad/p4/gauss-legendre/m132.txt
Running data/example_mats/quad/p4/gauss-legendre/m132.txt
Finished running in 1.808ms
Generating and Compiling data/example_mats/quad/p4/gauss-legendre/m460.txt
Running data/example_mats/quad/p4/gauss-legendre/m460.txt
Finished running in 2.1834333333333333ms
Generating and Compiling data/example_mats/quad/p5/gauss-legendre-lobatto/m0.txt
Running data/example_mats/quad/p5/gauss-legendre-lobatto/m0.txt
Finished running in 0.9934999999999999ms
Generating and Compiling data/example_mats/quad/p5/gauss-legendre-lobatto/m3.txt
Running data/example_mats/quad/p5/gauss-legendre-lobatto/m3.txt
Finished running in 1.5639666666666665ms
Generating and Compiling data/example_mats/quad/p5/gauss-legendre-lobatto/m6.txt
Running data/example_mats/quad/p5/gauss-legendre-lobatto/m6.txt
Finished running in 2.9029666666666665ms
Generating and Compiling data/example_mats/quad/p5/gauss-legendre-lobatto/m132.txt
Running data/example_mats/quad/p5/gauss-legendre-lobatto/m132.txt
LIBXSMM_VERSION: RT-bst-B-from-vreg-1.16.1-1577 (25183785)
LIBXSMM_TARGET: skx
Registry and code: 13 MB
Uptime: 0.194846 s

LIBXSMM_VERSION: RT-bst-B-from-vreg-1.16.1-1577 (25183785)
LIBXSMM_TARGET: skx
Registry and code: 13 MB
Uptime: 0.247582 s

LIBXSMM_VERSION: RT-bst-B-from-vreg-1.16.1-1577 (25183785)
LIBXSMM_TARGET: skx
Registry and code: 13 MB
Uptime: 0.237624 s

LIBXSMM_VERSION: RT-bst-B-from-vreg-1.16.1-1577 (25183785)
LIBXSMM_TARGET: skx
Registry and code: 13 MB
Uptime: 0.212029 s

LIBXSMM_VERSION: RT-bst-B-from-vreg-1.16.1-1577 (25183785)
LIBXSMM_TARGET: skx
Registry and code: 13 MB
Uptime: 0.234452 s

LIBXSMM_VERSION: RT-bst-B-from-vreg-1.16.1-1577 (25183785)
LIBXSMM_TARGET: skx
Registry and code: 13 MB
Uptime: 0.220257 s

LIBXSMM_VERSION: RT-bst-B-from-vreg-1.16.1-1577 (25183785)
LIBXSMM_TARGET: skx
Registry and code: 13 MB
Uptime: 0.090417 s

LIBXSMM_VERSION: RT-bst-B-from-vreg-1.16.1-1577 (25183785)
LIBXSMM_TARGET: skx
Registry and code: 13 MB
Uptime: 0.088862 s

LIBXSMM_VERSION: RT-bst-B-from-vreg-1.16.1-1577 (25183785)
LIBXSMM_TARGET: skx
Registry and code: 13 MB
Uptime: 0.089789 s

LIBXSMM_VERSION: RT-bst-B-from-vreg-1.16.1-1577 (25183785)
LIBXSMM_TARGET: skx
Registry and code: 13 MB
Uptime: 0.098136 s

LIBXSMM_VERSION: RT-bst-B-from-vreg-1.16.1-1577 (25183785)
LIBXSMM_TARGET: skx
Registry and code: 13 MB
Uptime: 0.099512 s

LIBXSMM_VERSION: RT-bst-B-from-vreg-1.16.1-1577 (25183785)
LIBXSMM_TARGET: skx
Registry and code: 13 MB
Uptime: 0.099373 s

LIBXSMM_VERSION: RT-bst-B-from-vreg-1.16.1-1577 (25183785)
LIBXSMM_TARGET: skx
Registry and code: 13 MB
Uptime: 0.183339 s

LIBXSMM_VERSION: RT-bst-B-from-vreg-1.16.1-1577 (25183785)
LIBXSMM_TARGET: skx
Registry and code: 13 MB
Uptime: 0.184055 s

LIBXSMM_VERSION: RT-bst-B-from-vreg-1.16.1-1577 (25183785)
LIBXSMM_TARGET: skx
Registry and code: 13 MB
Uptime: 0.185475 s

LIBXSMM_VERSION: RT-bst-B-from-vreg-1.16.1-1577 (25183785)
LIBXSMM_TARGET: skx
Registry and code: 13 MB
Uptime: 0.201505 s

LIBXSMM_VERSION: RT-bst-B-from-vreg-1.16.1-1577 (25183785)
LIBXSMM_TARGET: skx
Registry and code: 13 MB
Uptime: 0.220448 s

LIBXSMM_VERSION: RT-bst-B-from-vreg-1.16.1-1577 (25183785)
LIBXSMM_TARGET: skx
Registry and code: 13 MB
Uptime: 0.202938 s

LIBXSMM_VERSION: RT-bst-B-from-vreg-1.16.1-1577 (25183785)
LIBXSMM_TARGET: skx
Registry and code: 13 MB
Uptime: 0.210443 s

LIBXSMM_VERSION: RT-bst-B-from-vreg-1.16.1-1577 (25183785)
LIBXSMM_TARGET: skx
Registry and code: 13 MB
Uptime: 0.225957 s

LIBXSMM_VERSION: RT-bst-B-from-vreg-1.16.1-1577 (25183785)
LIBXSMM_TARGET: skx
Registry and code: 13 MB
Uptime: 0.221603 s

LIBXSMM_VERSION: RT-bst-B-from-vreg-1.16.1-1577 (25183785)
LIBXSMM_TARGET: skx
Registry and code: 13 MB
Uptime: 0.080526 s

LIBXSMM_VERSION: RT-bst-B-from-vreg-1.16.1-1577 (25183785)
LIBXSMM_TARGET: skx
Registry and code: 13 MB
Uptime: 0.081052 s

LIBXSMM_VERSION: RT-bst-B-from-vreg-1.16.1-1577 (25183785)
LIBXSMM_TARGET: skx
Registry and code: 13 MB
Uptime: 0.081044 s

LIBXSMM_VERSION: RT-bst-B-from-vreg-1.16.1-1577 (25183785)
LIBXSMM_TARGET: skx
Registry and code: 13 MB
Uptime: 0.130933 s

LIBXSMM_VERSION: RT-bst-B-from-vreg-1.16.1-1577 (25183785)
LIBXSMM_TARGET: skx
Registry and code: 13 MB
Uptime: 0.132865 s

LIBXSMM_VERSION: RT-bst-B-from-vreg-1.16.1-1577 (25183785)
LIBXSMM_TARGET: skx
Registry and code: 13 MB
Uptime: 0.133210 s

LIBXSMM_VERSION: RT-bst-B-from-vreg-1.16.1-1577 (25183785)
LIBXSMM_TARGET: skx
Registry and code: 13 MB
Uptime: 0.248207 s

LIBXSMM_VERSION: RT-bst-B-from-vreg-1.16.1-1577 (25183785)
LIBXSMM_TARGET: skx
Registry and code: 13 MB
Uptime: 0.248435 s

LIBXSMM_VERSION: RT-bst-B-from-vreg-1.16.1-1577 (25183785)
LIBXSMM_TARGET: skx
Registry and code: 13 MB
Uptime: 0.251236 s

LIBXSMM_VERSION: RT-bst-B-from-vreg-1.16.1-1577 (25183785)
LIBXSMM_TARGET: skx
Registry and code: 13 MB
Uptime: 0.329702 s

LIBXSMM_VERSION: RT-bst-B-from-vreg-1.16.1-1577 (25183785)
LIBXSMM_TARGET: skx
Registry and code: 13 MB
Uptime: 0.334127 s

LIBXSMM_VERSION: RT-bst-B-from-vreg-1.16.1-1577 (25183785)
LIBXSMM_TARGET: skx
Registry and code: 13 MB
Uptime: 0.349005 s

LIBXSMM_VERSION: RT-bst-B-from-vreg-1.16.1-1577 (25183785)
LIBXSMM_TARGET: skx
Registry and code: 13 MB
Uptime: 0.300159 s

LIBXSMM_VERSION: RT-bst-B-from-vreg-1.16.1-1577 (25183785)
LIBXSMM_TARGET: skx
Registry and code: 13 MB
Uptime: 0.315601 s

LIBXSMM_VERSION: RT-bst-B-from-vreg-1.16.1-1577 (25183785)
LIBXSMM_TARGET: skx
Registry and code: 13 MB
Uptime: 0.300530 s

LIBXSMM_VERSION: RT-bst-B-from-vreg-1.16.1-1577 (25183785)
LIBXSMM_TARGET: skx
Registry and code: 13 MB
Uptime: 0.119962 s

LIBXSMM_VERSION: RT-bst-B-from-vreg-1.16.1-1577 (25183785)
LIBXSMM_TARGET: skx
Registry and code: 13 MB
Uptime: 0.118562 s

LIBXSMM_VERSION: RT-bst-B-from-vreg-1.16.1-1577 (25183785)
LIBXSMM_TARGET: skx
Registry and code: 13 MB
Uptime: 0.115959 s

LIBXSMM_VERSION: RT-bst-B-from-vreg-1.16.1-1577 (25183785)
LIBXSMM_TARGET: skx
Registry and code: 13 MB
Uptime: 0.131171 s

LIBXSMM_VERSION: RT-bst-B-from-vreg-1.16.1-1577 (25183785)
LIBXSMM_TARGET: skx
Registry and code: 13 MB
Uptime: 0.132531 s

LIBXSMM_VERSION: RT-bst-B-from-vreg-1.16.1-1577 (25183785)
LIBXSMM_TARGET: skx
Registry and code: 13 MB
Uptime: 0.133293 s

LIBXSMM_VERSION: RT-bst-B-from-vreg-1.16.1-1577 (25183785)
LIBXSMM_TARGET: skx
Registry and code: 13 MB
Uptime: 0.247459 s

LIBXSMM_VERSION: RT-bst-B-from-vreg-1.16.1-1577 (25183785)
LIBXSMM_TARGET: skx
Registry and code: 13 MB
Uptime: 0.248366 s

LIBXSMM_VERSION: RT-bst-B-from-vreg-1.16.1-1577 (25183785)
LIBXSMM_TARGET: skx
Registry and code: 13 MB
Uptime: 0.250854 s

LIBXSMM_VERSION: RT-bst-B-from-vreg-1.16.1-1577 (25183785)
LIBXSMM_TARGET: skx
Registry and code: 13 MB
Uptime: 0.339125 s

LIBXSMM_VERSION: RT-bst-B-from-vreg-1.16.1-1577 (25183785)
LIBXSMM_TARGET: skx
Registry and code: 13 MB
Uptime: 0.354224 s

LIBXSMM_VERSION: RT-bst-B-from-vreg-1.16.1-1577 (25183785)
LIBXSMM_TARGET: skx
Registry and code: 13 MB
Uptime: 0.316045 s

LIBXSMM_VERSION: RT-bst-B-from-vreg-1.16.1-1577 (25183785)
LIBXSMM_TARGET: skx
Registry and code: 13 MB
Uptime: 0.301344 s

LIBXSMM_VERSION: RT-bst-B-from-vreg-1.16.1-1577 (25183785)
LIBXSMM_TARGET: skx
Registry and code: 13 MB
Uptime: 0.315962 s

LIBXSMM_VERSION: RT-bst-B-from-vreg-1.16.1-1577 (25183785)
LIBXSMM_TARGET: skx
Registry and code: 13 MB
Uptime: 0.298834 s

LIBXSMM_VERSION: RT-bst-B-from-vreg-1.16.1-1577 (25183785)
LIBXSMM_TARGET: skx
Registry and code: 13 MB
Uptime: 0.033792 s

LIBXSMM_VERSION: RT-bst-B-from-vreg-1.16.1-1577 (25183785)
LIBXSMM_TARGET: skx
Registry and code: 13 MB
Uptime: 0.032453 s

LIBXSMM_VERSION: RT-bst-B-from-vreg-1.16.1-1577 (25183785)
LIBXSMM_TARGET: skx
Registry and code: 13 MB
Uptime: 0.032593 s

LIBXSMM_VERSION: RT-bst-B-from-vreg-1.16.1-1577 (25183785)
LIBXSMM_TARGET: skx
Registry and code: 13 MB
Uptime: 0.016508 s

LIBXSMM_VERSION: RT-bst-B-from-vreg-1.16.1-1577 (25183785)
LIBXSMM_TARGET: skx
Registry and code: 13 MB
Uptime: 0.016604 s

LIBXSMM_VERSION: RT-bst-B-from-vreg-1.16.1-1577 (25183785)
LIBXSMM_TARGET: skx
Registry and code: 13 MB
Uptime: 0.017506 s

LIBXSMM_VERSION: RT-bst-B-from-vreg-1.16.1-1577 (25183785)
LIBXSMM_TARGET: skx
Registry and code: 13 MB
Uptime: 0.036160 s

LIBXSMM_VERSION: RT-bst-B-from-vreg-1.16.1-1577 (25183785)
LIBXSMM_TARGET: skx
Registry and code: 13 MB
Uptime: 0.035908 s

LIBXSMM_VERSION: RT-bst-B-from-vreg-1.16.1-1577 (25183785)
LIBXSMM_TARGET: skx
Registry and code: 13 MB
Uptime: 0.037411 s

LIBXSMM_VERSION: RT-bst-B-from-vreg-1.16.1-1577 (25183785)
LIBXSMM_TARGET: skx
Registry and code: 13 MB
Uptime: 0.016216 s

LIBXSMM_VERSION: RT-bst-B-from-vreg-1.16.1-1577 (25183785)
LIBXSMM_TARGET: skx
Registry and code: 13 MB
Uptime: 0.016394 s

LIBXSMM_VERSION: RT-bst-B-from-vreg-1.16.1-1577 (25183785)
LIBXSMM_TARGET: skx
Registry and code: 13 MB
Uptime: 0.016891 s

LIBXSMM_VERSION: RT-bst-B-from-vreg-1.16.1-1577 (25183785)
LIBXSMM_TARGET: skx
Registry and code: 13 MB
Uptime: 0.018929 s

LIBXSMM_VERSION: RT-bst-B-from-vreg-1.16.1-1577 (25183785)
LIBXSMM_TARGET: skx
Registry and code: 13 MB
Uptime: 0.019202 s

LIBXSMM_VERSION: RT-bst-B-from-vreg-1.16.1-1577 (25183785)
LIBXSMM_TARGET: skx
Registry and code: 13 MB
Uptime: 0.018756 s

LIBXSMM_VERSION: RT-bst-B-from-vreg-1.16.1-1577 (25183785)
LIBXSMM_TARGET: skx
Registry and code: 13 MB
Uptime: 0.065920 s

LIBXSMM_VERSION: RT-bst-B-from-vreg-1.16.1-1577 (25183785)
LIBXSMM_TARGET: skx
Registry and code: 13 MB
Uptime: 0.066562 s

LIBXSMM_VERSION: RT-bst-B-from-vreg-1.16.1-1577 (25183785)
LIBXSMM_TARGET: skx
Registry and code: 13 MB
Uptime: 0.066937 s

LIBXSMM_VERSION: RT-bst-B-from-vreg-1.16.1-1577 (25183785)
LIBXSMM_TARGET: skx
Registry and code: 13 MB
Uptime: 0.046764 s

LIBXSMM_VERSION: RT-bst-B-from-vreg-1.16.1-1577 (25183785)
LIBXSMM_TARGET: skx
Registry and code: 13 MB
Uptime: 0.048825 s

LIBXSMM_VERSION: RT-bst-B-from-vreg-1.16.1-1577 (25183785)
LIBXSMM_TARGET: skx
Registry and code: 13 MB
Uptime: 0.046522 s

LIBXSMM_VERSION: RT-bst-B-from-vreg-1.16.1-1577 (25183785)
LIBXSMM_TARGET: skx
Registry and code: 13 MB
Uptime: 0.088805 s

LIBXSMM_VERSION: RT-bst-B-from-vreg-1.16.1-1577 (25183785)
LIBXSMM_TARGET: skx
Registry and code: 13 MB
Uptime: 0.091476 s

LIBXSMM_VERSION: RT-bst-B-from-vreg-1.16.1-1577 (25183785)
LIBXSMM_TARGET: skx
Registry and code: 13 MB
Uptime: 0.093606 s

LIBXSMM_VERSION: RT-bst-B-from-vreg-1.16.1-1577 (25183785)
LIBXSMM_TARGET: skx
Registry and code: 13 MB
Uptime: 0.052231 s

LIBXSMM_VERSION: RT-bst-B-from-vreg-1.16.1-1577 (25183785)
LIBXSMM_TARGET: skx
Registry and code: 13 MB
Uptime: 0.053627 s

LIBXSMM_VERSION: RT-bst-B-from-vreg-1.16.1-1577 (25183785)
LIBXSMM_TARGET: skx
Registry and code: 13 MB
Uptime: 0.052511 s

LIBXSMM_VERSION: RT-bst-B-from-vreg-1.16.1-1577 (25183785)
LIBXSMM_TARGET: skx
Registry and code: 13 MB
Uptime: 0.079502 s

LIBXSMM_VERSION: RT-bst-B-from-vreg-1.16.1-1577 (25183785)
LIBXSMM_TARGET: skx
Registry and code: 13 MB
Uptime: 0.080324 s

LIBXSMM_VERSION: RT-bst-B-from-vreg-1.16.1-1577 (25183785)
LIBXSMM_TARGET: skx
Registry and code: 13 MB
Uptime: 0.080380 s

LIBXSMM_VERSION: RT-bst-B-from-vreg-1.16.1-1577 (25183785)
LIBXSMM_TARGET: skx
Registry and code: 13 MB
Uptime: 0.149805 s

LIBXSMM_VERSION: RT-bst-B-from-vreg-1.16.1-1577 (25183785)
LIBXSMM_TARGET: skx
Registry and code: 13 MB
Uptime: 0.131625 s

LIBXSMM_VERSION: RT-bst-B-from-vreg-1.16.1-1577 (25183785)
LIBXSMM_TARGET: skx
Registry and code: 13 MB
Uptime: 0.113304 s

LIBXSMM_VERSION: RT-bst-B-from-vreg-1.16.1-1577 (25183785)
LIBXSMM_TARGET: skx
Registry and code: 13 MB
Uptime: 0.190945 s

LIBXSMM_VERSION: RT-bst-B-from-vreg-1.16.1-1577 (25183785)
LIBXSMM_TARGET: skx
Registry and code: 13 MB
Uptime: 0.155871 s

LIBXSMM_VERSION: RT-bst-B-from-vreg-1.16.1-1577 (25183785)
LIBXSMM_TARGET: skx
Registry and code: 13 MB
Uptime: 0.125236 s

LIBXSMM_VERSION: RT-bst-B-from-vreg-1.16.1-1577 (25183785)
LIBXSMM_TARGET: skx
Registry and code: 13 MB
Uptime: 0.269870 s

LIBXSMM_VERSION: RT-bst-B-from-vreg-1.16.1-1577 (25183785)
LIBXSMM_TARGET: skx
Registry and code: 13 MB
Uptime: 0.218611 s

LIBXSMM_VERSION: RT-bst-B-from-vreg-1.16.1-1577 (25183785)
LIBXSMM_TARGET: skx
Registry and code: 13 MB
Uptime: 0.196109 s

LIBXSMM_VERSION: RT-bst-B-from-vreg-1.16.1-1577 (25183785)
LIBXSMM_TARGET: skx
Registry and code: 13 MB
Uptime: 0.283944 s

LIBXSMM_VERSION: RT-bst-B-from-vreg-1.16.1-1577 (25183785)
LIBXSMM_TARGET: skx
Registry and code: 13 MB
Uptime: 0.225558 s

LIBXSMM_VERSION: RT-bst-B-from-vreg-1.16.1-1577 (25183785)
LIBXSMM_TARGET: skx
Registry and code: 13 MB
Uptime: 0.185413 s

LIBXSMM_VERSION: RT-bst-B-from-vreg-1.16.1-1577 (25183785)
LIBXSMM_TARGET: skx
Registry and code: 13 MB
Uptime: 0.199551 s

LIBXSMM_VERSION: RT-bst-B-from-vreg-1.16.1-1577 (25183785)
LIBXSMM_TARGET: skx
Registry and code: 13 MB
Uptime: 0.166773 s

LIBXSMM_VERSION: RT-bst-B-from-vreg-1.16.1-1577 (25183785)
LIBXSMM_TARGET: skx
Registry and code: 13 MB
Uptime: 0.161954 s

LIBXSMM_VERSION: RT-bst-B-from-vreg-1.16.1-1577 (25183785)
LIBXSMM_TARGET: skx
Registry and code: 13 MB
Uptime: 0.419763 s

LIBXSMM_VERSION: RT-bst-B-from-vreg-1.16.1-1577 (25183785)
LIBXSMM_TARGET: skx
Registry and code: 13 MB
Uptime: 0.323129 s

LIBXSMM_VERSION: RT-bst-B-from-vreg-1.16.1-1577 (25183785)
LIBXSMM_TARGET: skx
Registry and code: 13 MB
Uptime: 0.272576 s

LIBXSMM_VERSION: RT-bst-B-from-vreg-1.16.1-1577 (25183785)
LIBXSMM_TARGET: skx
Registry and code: 13 MB
Uptime: 0.444030 s

LIBXSMM_VERSION: RT-bst-B-from-vreg-1.16.1-1577 (25183785)
LIBXSMM_TARGET: skx
Registry and code: 13 MB
Uptime: 0.381774 s

LIBXSMM_VERSION: RT-bst-B-from-vreg-1.16.1-1577 (25183785)
LIBXSMM_TARGET: skx
Registry and code: 13 MB
Uptime: 0.309185 s

LIBXSMM_VERSION: RT-bst-B-from-vreg-1.16.1-1577 (25183785)
LIBXSMM_TARGET: skx
Registry and code: 13 MB
Uptime: 0.615368 s

LIBXSMM_VERSION: RT-bst-B-from-vreg-1.16.1-1577 (25183785)
LIBXSMM_TARGET: skx
Registry and code: 13 MB
Uptime: 0.495353 s

LIBXSMM_VERSION: RT-bst-B-from-vreg-1.16.1-1577 (25183785)
LIBXSMM_TARGET: skx
Registry and code: 13 MB
Uptime: 0.441072 s

LIBXSMM_VERSION: RT-bst-B-from-vreg-1.16.1-1577 (25183785)
LIBXSMM_TARGET: skx
Registry and code: 13 MB
Uptime: 1.071895 s

LIBXSMM_VERSION: RT-bst-B-from-vreg-1.16.1-1577 (25183785)
LIBXSMM_TARGET: skx
Registry and code: 13 MB
Uptime: 0.767195 s

LIBXSMM_VERSION: RT-bst-B-from-vreg-1.16.1-1577 (25183785)
LIBXSMM_TARGET: skx
Registry and code: 13 MB
Uptime: 0.702474 s

LIBXSMM_VERSION: RT-bst-B-from-vreg-1.16.1-1577 (25183785)
LIBXSMM_TARGET: skx
Registry and code: 13 MB
Uptime: 0.629800 s

LIBXSMM_VERSION: RT-bst-B-from-vreg-1.16.1-1577 (25183785)
LIBXSMM_TARGET: skx
Registry and code: 13 MB
Uptime: 0.510256 s

LIBXSMM_VERSION: RT-bst-B-from-vreg-1.16.1-1577 (25183785)
LIBXSMM_TARGET: skx
Registry and code: 13 MB
Uptime: 0.434391 s

LIBXSMM_VERSION: RT-bst-B-from-vreg-1.16.1-1577 (25183785)
LIBXSMM_TARGET: skx
Registry and code: 13 MB
Uptime: 0.950038 s

LIBXSMM_VERSION: RT-bst-B-from-vreg-1.16.1-1577 (25183785)
LIBXSMM_TARGET: skx
Registry and code: 13 MB
Uptime: 0.789340 s

LIBXSMM_VERSION: RT-bst-B-from-vreg-1.16.1-1577 (25183785)
LIBXSMM_TARGET: skx
Registry and code: 13 MB
Uptime: 0.613310 s

LIBXSMM_VERSION: RT-bst-B-from-vreg-1.16.1-1577 (25183785)
LIBXSMM_TARGET: skx
Registry and code: 13 MB
Uptime: 1.209328 s

LIBXSMM_VERSION: RT-bst-B-from-vreg-1.16.1-1577 (25183785)
LIBXSMM_TARGET: skx
Registry and code: 13 MB
Uptime: 0.992933 s

LIBXSMM_VERSION: RT-bst-B-from-vreg-1.16.1-1577 (25183785)
LIBXSMM_TARGET: skx
Registry and code: 13 MB
Uptime: 0.920079 s

LIBXSMM_VERSION: RT-bst-B-from-vreg-1.16.1-1577 (25183785)
LIBXSMM_TARGET: skx
Registry and code: 13 MB
Uptime: 1.559411 s

LIBXSMM_VERSION: RT-bst-B-from-vreg-1.16.1-1577 (25183785)
LIBXSMM_TARGET: skx
Registry and code: 13 MB
Uptime: 1.199735 s

LIBXSMM_VERSION: RT-bst-B-from-vreg-1.16.1-1577 (25183785)
LIBXSMM_TARGET: skx
Registry and code: 13 MB
Uptime: 0.991642 s

LIBXSMM_VERSION: RT-bst-B-from-vreg-1.16.1-1577 (25183785)
LIBXSMM_TARGET: skx
Registry and code: 13 MB
Uptime: 2.863739 s

LIBXSMM_VERSION: RT-bst-B-from-vreg-1.16.1-1577 (25183785)
LIBXSMM_TARGET: skx
Registry and code: 13 MB
Uptime: 2.137875 s

LIBXSMM_VERSION: RT-bst-B-from-vreg-1.16.1-1577 (25183785)
LIBXSMM_TARGET: skx
Registry and code: 13 MB
Uptime: 1.996432 s

LIBXSMM_VERSION: RT-bst-B-from-vreg-1.16.1-1577 (25183785)
LIBXSMM_TARGET: skx
Registry and code: 13 MB
Uptime: 1.946731 s

LIBXSMM_VERSION: RT-bst-B-from-vreg-1.16.1-1577 (25183785)
LIBXSMM_TARGET: skx
Registry and code: 13 MB
Uptime: 1.570393 s

LIBXSMM_VERSION: RT-bst-B-from-vreg-1.16.1-1577 (25183785)
LIBXSMM_TARGET: skx
Registry and code: 13 MB
Uptime: 1.244244 s

LIBXSMM_VERSION: RT-bst-B-from-vreg-1.16.1-1577 (25183785)
LIBXSMM_TARGET: skx
Registry and code: 13 MB
Uptime: 2.385844 s

LIBXSMM_VERSION: RT-bst-B-from-vreg-1.16.1-1577 (25183785)
LIBXSMM_TARGET: skx
Registry and code: 13 MB
Uptime: 1.944658 s

LIBXSMM_VERSION: RT-bst-B-from-vreg-1.16.1-1577 (25183785)
LIBXSMM_TARGET: skx
Registry and code: 13 MB
Uptime: 1.811252 s

LIBXSMM_VERSION: RT-bst-B-from-vreg-1.16.1-1577 (25183785)
LIBXSMM_TARGET: skx
Registry and code: 13 MB
Uptime: 2.661009 s

LIBXSMM_VERSION: RT-bst-B-from-vreg-1.16.1-1577 (25183785)
LIBXSMM_TARGET: skx
Registry and code: 13 MB
Uptime: 2.040446 s

LIBXSMM_VERSION: RT-bst-B-from-vreg-1.16.1-1577 (25183785)
LIBXSMM_TARGET: skx
Registry and code: 13 MB
Uptime: 1.918518 s

LIBXSMM_VERSION: RT-bst-B-from-vreg-1.16.1-1577 (25183785)
LIBXSMM_TARGET: skx
Registry and code: 13 MB
Uptime: 3.119894 s

LIBXSMM_VERSION: RT-bst-B-from-vreg-1.16.1-1577 (25183785)
LIBXSMM_TARGET: skx
Registry and code: 13 MB
Uptime: 2.504557 s

LIBXSMM_VERSION: RT-bst-B-from-vreg-1.16.1-1577 (25183785)
LIBXSMM_TARGET: skx
Registry and code: 13 MB
Uptime: 2.015249 s

LIBXSMM_VERSION: RT-bst-B-from-vreg-1.16.1-1577 (25183785)
LIBXSMM_TARGET: skx
Registry and code: 13 MB
Uptime: 6.356857 s

LIBXSMM_VERSION: RT-bst-B-from-vreg-1.16.1-1577 (25183785)
LIBXSMM_TARGET: skx
Registry and code: 13 MB
Uptime: 4.890875 s

LIBXSMM_VERSION: RT-bst-B-from-vreg-1.16.1-1577 (25183785)
LIBXSMM_TARGET: skx
Registry and code: 13 MB
Uptime: 4.872899 s

LIBXSMM_VERSION: RT-bst-B-from-vreg-1.16.1-1577 (25183785)
LIBXSMM_TARGET: skx
Registry and code: 13 MB
Uptime: 5.330115 s

LIBXSMM_VERSION: RT-bst-B-from-vreg-1.16.1-1577 (25183785)
LIBXSMM_TARGET: skx
Registry and code: 13 MB
Uptime: 4.469654 s

LIBXSMM_VERSION: RT-bst-B-from-vreg-1.16.1-1577 (25183785)
LIBXSMM_TARGET: skx
Registry and code: 13 MB
Uptime: 4.460293 s

LIBXSMM_VERSION: RT-bst-B-from-vreg-1.16.1-1577 (25183785)
LIBXSMM_TARGET: skx
Registry and code: 13 MB
Uptime: 0.017749 s

LIBXSMM_VERSION: RT-bst-B-from-vreg-1.16.1-1577 (25183785)
LIBXSMM_TARGET: skx
Registry and code: 13 MB
Uptime: 0.018329 s

LIBXSMM_VERSION: RT-bst-B-from-vreg-1.16.1-1577 (25183785)
LIBXSMM_TARGET: skx
Registry and code: 13 MB
Uptime: 0.017542 s

LIBXSMM_VERSION: RT-bst-B-from-vreg-1.16.1-1577 (25183785)
LIBXSMM_TARGET: skx
Registry and code: 13 MB
Uptime: 0.011525 s

LIBXSMM_VERSION: RT-bst-B-from-vreg-1.16.1-1577 (25183785)
LIBXSMM_TARGET: skx
Registry and code: 13 MB
Uptime: 0.011969 s

LIBXSMM_VERSION: RT-bst-B-from-vreg-1.16.1-1577 (25183785)
LIBXSMM_TARGET: skx
Registry and code: 13 MB
Uptime: 0.011737 s

LIBXSMM_VERSION: RT-bst-B-from-vreg-1.16.1-1577 (25183785)
LIBXSMM_TARGET: skx
Registry and code: 13 MB
Uptime: 0.018830 s

LIBXSMM_VERSION: RT-bst-B-from-vreg-1.16.1-1577 (25183785)
LIBXSMM_TARGET: skx
Registry and code: 13 MB
Uptime: 0.019462 s

LIBXSMM_VERSION: RT-bst-B-from-vreg-1.16.1-1577 (25183785)
LIBXSMM_TARGET: skx
Registry and code: 13 MB
Uptime: 0.018847 s

LIBXSMM_VERSION: RT-bst-B-from-vreg-1.16.1-1577 (25183785)
LIBXSMM_TARGET: skx
Registry and code: 13 MB
Uptime: 0.011765 s

LIBXSMM_VERSION: RT-bst-B-from-vreg-1.16.1-1577 (25183785)
LIBXSMM_TARGET: skx
Registry and code: 13 MB
Uptime: 0.011571 s

LIBXSMM_VERSION: RT-bst-B-from-vreg-1.16.1-1577 (25183785)
LIBXSMM_TARGET: skx
Registry and code: 13 MB
Uptime: 0.012028 s

Finished running in 2.8989166666666666ms
Generating and Compiling data/example_mats/quad/p5/gauss-legendre-lobatto/m460.txt
Running data/example_mats/quad/p5/gauss-legendre-lobatto/m460.txt
Finished running in 3.4033ms
Generating and Compiling data/example_mats/quad/p5/gauss-legendre/m0.txt
Running data/example_mats/quad/p5/gauss-legendre/m0.txt
Finished running in 1.2192166666666668ms
Generating and Compiling data/example_mats/quad/p5/gauss-legendre/m3.txt
Running data/example_mats/quad/p5/gauss-legendre/m3.txt
Finished running in 1.5677333333333332ms
Generating and Compiling data/example_mats/quad/p5/gauss-legendre/m6.txt
Running data/example_mats/quad/p5/gauss-legendre/m6.txt
Finished running in 2.8641666666666667ms
Generating and Compiling data/example_mats/quad/p5/gauss-legendre/m132.txt
Running data/example_mats/quad/p5/gauss-legendre/m132.txt
Finished running in 2.96055ms
Generating and Compiling data/example_mats/quad/p5/gauss-legendre/m460.txt
Running data/example_mats/quad/p5/gauss-legendre/m460.txt
Finished running in 3.3198833333333337ms
Generating and Compiling data/example_mats/quad/p6/gauss-legendre-lobatto/m0.txt
Running data/example_mats/quad/p6/gauss-legendre-lobatto/m0.txt
Finished running in 1.1572833333333332ms
Generating and Compiling data/example_mats/quad/p6/gauss-legendre-lobatto/m3.txt
Running data/example_mats/quad/p6/gauss-legendre-lobatto/m3.txt
Finished running in 2.19565ms
Generating and Compiling data/example_mats/quad/p6/gauss-legendre-lobatto/m6.txt
Running data/example_mats/quad/p6/gauss-legendre-lobatto/m6.txt
Finished running in 3.9375833333333334ms
Generating and Compiling data/example_mats/quad/p6/gauss-legendre-lobatto/m132.txt
Running data/example_mats/quad/p6/gauss-legendre-lobatto/m132.txt
Finished running in 5.219033333333333ms
Generating and Compiling data/example_mats/quad/p6/gauss-legendre-lobatto/m460.txt
Running data/example_mats/quad/p6/gauss-legendre-lobatto/m460.txt
Finished running in 4.5678ms
Generating and Compiling data/example_mats/quad/p6/gauss-legendre/m0.txt
Running data/example_mats/quad/p6/gauss-legendre/m0.txt
Finished running in 1.6571666666666667ms
Generating and Compiling data/example_mats/quad/p6/gauss-legendre/m3.txt
Running data/example_mats/quad/p6/gauss-legendre/m3.txt
Finished running in 2.1096333333333335ms
Generating and Compiling data/example_mats/quad/p6/gauss-legendre/m6.txt
Running data/example_mats/quad/p6/gauss-legendre/m6.txt
Finished running in 3.8865499999999997ms
Generating and Compiling data/example_mats/quad/p6/gauss-legendre/m132.txt
Running data/example_mats/quad/p6/gauss-legendre/m132.txt
Finished running in 4.831683333333333ms
Generating and Compiling data/example_mats/quad/p6/gauss-legendre/m460.txt
Running data/example_mats/quad/p6/gauss-legendre/m460.txt
Finished running in 5.1309ms
Generating and Compiling data/example_mats/tet/p1/shunn-ham/m0.txt
Running data/example_mats/tet/p1/shunn-ham/m0.txt
Finished running in 0.48085ms
Generating and Compiling data/example_mats/tet/p1/shunn-ham/m3.txt
Running data/example_mats/tet/p1/shunn-ham/m3.txt
Finished running in 0.2418ms
Generating and Compiling data/example_mats/tet/p1/shunn-ham/m6.txt
Running data/example_mats/tet/p1/shunn-ham/m6.txt
Finished running in 0.5518166666666667ms
Generating and Compiling data/example_mats/tet/p1/shunn-ham/m132.txt
Running data/example_mats/tet/p1/shunn-ham/m132.txt
Finished running in 0.21456666666666668ms
Generating and Compiling data/example_mats/tet/p1/shunn-ham/m460.txt
Running data/example_mats/tet/p1/shunn-ham/m460.txt
Finished running in 0.25671666666666665ms
Generating and Compiling data/example_mats/tet/p2/shunn-ham/m0.txt
Running data/example_mats/tet/p2/shunn-ham/m0.txt
Finished running in 1.1149ms
Generating and Compiling data/example_mats/tet/p2/shunn-ham/m3.txt
Running data/example_mats/tet/p2/shunn-ham/m3.txt
Finished running in 0.4965333333333334ms
Generating and Compiling data/example_mats/tet/p2/shunn-ham/m6.txt
Running data/example_mats/tet/p2/shunn-ham/m6.txt
Finished running in 1.5606666666666664ms
Generating and Compiling data/example_mats/tet/p2/shunn-ham/m132.txt
Running data/example_mats/tet/p2/shunn-ham/m132.txt
Finished running in 0.5662166666666667ms
Generating and Compiling data/example_mats/tet/p2/shunn-ham/m460.txt
Running data/example_mats/tet/p2/shunn-ham/m460.txt
Finished running in 1.3450333333333333ms
Generating and Compiling data/example_mats/tet/p3/shunn-ham/m0.txt
Running data/example_mats/tet/p3/shunn-ham/m0.txt
Finished running in 1.7968666666666666ms
Generating and Compiling data/example_mats/tet/p3/shunn-ham/m3.txt
Running data/example_mats/tet/p3/shunn-ham/m3.txt
Finished running in 2.1349ms
Generating and Compiling data/example_mats/tet/p3/shunn-ham/m6.txt
Running data/example_mats/tet/p3/shunn-ham/m6.txt
Finished running in 3.703116666666667ms
Generating and Compiling data/example_mats/tet/p3/shunn-ham/m132.txt
Running data/example_mats/tet/p3/shunn-ham/m132.txt
Finished running in 3.488183333333334ms
Generating and Compiling data/example_mats/tet/p3/shunn-ham/m460.txt
Running data/example_mats/tet/p3/shunn-ham/m460.txt
Finished running in 3.4111000000000007ms
Generating and Compiling data/example_mats/tet/p4/shunn-ham/m0.txt
Running data/example_mats/tet/p4/shunn-ham/m0.txt
Finished running in 4.666550000000001ms
Generating and Compiling data/example_mats/tet/p4/shunn-ham/m3.txt
Running data/example_mats/tet/p4/shunn-ham/m3.txt
Finished running in 4.883366666666666ms
Generating and Compiling data/example_mats/tet/p4/shunn-ham/m6.txt
Running data/example_mats/tet/p4/shunn-ham/m6.txt
Finished running in 7.7359ms
Generating and Compiling data/example_mats/tet/p4/shunn-ham/m132.txt
Running data/example_mats/tet/p4/shunn-ham/m132.txt
Finished running in 12.29225ms
Generating and Compiling data/example_mats/tet/p4/shunn-ham/m460.txt
Running data/example_mats/tet/p4/shunn-ham/m460.txt
Finished running in 7.100999999999999ms
Generating and Compiling data/example_mats/tet/p5/shunn-ham/m0.txt
Running data/example_mats/tet/p5/shunn-ham/m0.txt
Finished running in 9.140099999999999ms
Generating and Compiling data/example_mats/tet/p5/shunn-ham/m3.txt
Running data/example_mats/tet/p5/shunn-ham/m3.txt
Finished running in 13.2049ms
Generating and Compiling data/example_mats/tet/p5/shunn-ham/m6.txt
Running data/example_mats/tet/p5/shunn-ham/m6.txt
Finished running in 25.99883333333333ms
Generating and Compiling data/example_mats/tet/p5/shunn-ham/m132.txt
Running data/example_mats/tet/p5/shunn-ham/m132.txt
Finished running in 29.465116666666667ms
Generating and Compiling data/example_mats/tet/p5/shunn-ham/m460.txt
Running data/example_mats/tet/p5/shunn-ham/m460.txt
Finished running in 19.77755ms
Generating and Compiling data/example_mats/tet/p6/shunn-ham/m0.txt
Running data/example_mats/tet/p6/shunn-ham/m0.txt
Finished running in 19.171ms
Generating and Compiling data/example_mats/tet/p6/shunn-ham/m3.txt
Running data/example_mats/tet/p6/shunn-ham/m3.txt
Finished running in 23.19478333333333ms
Generating and Compiling data/example_mats/tet/p6/shunn-ham/m6.txt
Running data/example_mats/tet/p6/shunn-ham/m6.txt
Finished running in 47.64885ms
Generating and Compiling data/example_mats/tet/p6/shunn-ham/m132.txt
Running data/example_mats/tet/p6/shunn-ham/m132.txt
Finished running in 52.8141ms
Generating and Compiling data/example_mats/tet/p6/shunn-ham/m460.txt
Running data/example_mats/tet/p6/shunn-ham/m460.txt
Finished running in 37.04956666666667ms
Generating and Compiling data/example_mats/tri/p1/williams-shunn/m0.txt
Running data/example_mats/tri/p1/williams-shunn/m0.txt
Finished running in 0.25316666666666665ms
Generating and Compiling data/example_mats/tri/p1/williams-shunn/m3.txt
Running data/example_mats/tri/p1/williams-shunn/m3.txt
Finished running in 0.14826666666666669ms
Generating and Compiling data/example_mats/tri/p1/williams-shunn/m6.txt
Running data/example_mats/tri/p1/williams-shunn/m6.txt
Finished running in 0.26363333333333333ms
Generating and Compiling data/example_mats/tri/p1/williams-shunn/m132.txt
Running data/example_mats/tri/p1/williams-shunn/m132.txt
Finished running in 0.1398ms
Generating and Compiling data/example_mats/tri/p1/williams-shunn/m460.txt
LIBXSMM_VERSION: RT-bst-B-from-vreg-1.16.1-1577 (25183785)
LIBXSMM_TARGET: skx
Registry and code: 13 MB
Uptime: 0.013094 s

LIBXSMM_VERSION: RT-bst-B-from-vreg-1.16.1-1577 (25183785)
LIBXSMM_TARGET: skx
Registry and code: 13 MB
Uptime: 0.012923 s

LIBXSMM_VERSION: RT-bst-B-from-vreg-1.16.1-1577 (25183785)
LIBXSMM_TARGET: skx
Registry and code: 13 MB
Uptime: 0.013569 s

LIBXSMM_VERSION: RT-bst-B-from-vreg-1.16.1-1577 (25183785)
LIBXSMM_TARGET: skx
Registry and code: 13 MB
Uptime: 0.026245 s

LIBXSMM_VERSION: RT-bst-B-from-vreg-1.16.1-1577 (25183785)
LIBXSMM_TARGET: skx
Registry and code: 13 MB
Uptime: 0.026399 s

LIBXSMM_VERSION: RT-bst-B-from-vreg-1.16.1-1577 (25183785)
LIBXSMM_TARGET: skx
Registry and code: 13 MB
Uptime: 0.026422 s

LIBXSMM_VERSION: RT-bst-B-from-vreg-1.16.1-1577 (25183785)
LIBXSMM_TARGET: skx
Registry and code: 13 MB
Uptime: 0.020456 s

LIBXSMM_VERSION: RT-bst-B-from-vreg-1.16.1-1577 (25183785)
LIBXSMM_TARGET: skx
Registry and code: 13 MB
Uptime: 0.020854 s

LIBXSMM_VERSION: RT-bst-B-from-vreg-1.16.1-1577 (25183785)
LIBXSMM_TARGET: skx
Registry and code: 13 MB
Uptime: 0.020548 s

LIBXSMM_VERSION: RT-bst-B-from-vreg-1.16.1-1577 (25183785)
LIBXSMM_TARGET: skx
Registry and code: 13 MB
Uptime: 0.035891 s

LIBXSMM_VERSION: RT-bst-B-from-vreg-1.16.1-1577 (25183785)
LIBXSMM_TARGET: skx
Registry and code: 13 MB
Uptime: 0.035793 s

LIBXSMM_VERSION: RT-bst-B-from-vreg-1.16.1-1577 (25183785)
LIBXSMM_TARGET: skx
Registry and code: 13 MB
Uptime: 0.035137 s

LIBXSMM_VERSION: RT-bst-B-from-vreg-1.16.1-1577 (25183785)
LIBXSMM_TARGET: skx
Registry and code: 13 MB
Uptime: 0.021768 s

LIBXSMM_VERSION: RT-bst-B-from-vreg-1.16.1-1577 (25183785)
LIBXSMM_TARGET: skx
Registry and code: 13 MB
Uptime: 0.021877 s

LIBXSMM_VERSION: RT-bst-B-from-vreg-1.16.1-1577 (25183785)
LIBXSMM_TARGET: skx
Registry and code: 13 MB
Uptime: 0.021774 s

LIBXSMM_VERSION: RT-bst-B-from-vreg-1.16.1-1577 (25183785)
LIBXSMM_TARGET: skx
Registry and code: 13 MB
Uptime: 0.034564 s

LIBXSMM_VERSION: RT-bst-B-from-vreg-1.16.1-1577 (25183785)
LIBXSMM_TARGET: skx
Registry and code: 13 MB
Uptime: 0.033598 s

LIBXSMM_VERSION: RT-bst-B-from-vreg-1.16.1-1577 (25183785)
LIBXSMM_TARGET: skx
Registry and code: 13 MB
Uptime: 0.033462 s

LIBXSMM_VERSION: RT-bst-B-from-vreg-1.16.1-1577 (25183785)
LIBXSMM_TARGET: skx
Registry and code: 13 MB
Uptime: 0.036488 s

LIBXSMM_VERSION: RT-bst-B-from-vreg-1.16.1-1577 (25183785)
LIBXSMM_TARGET: skx
Registry and code: 13 MB
Uptime: 0.035992 s

LIBXSMM_VERSION: RT-bst-B-from-vreg-1.16.1-1577 (25183785)
LIBXSMM_TARGET: skx
Registry and code: 13 MB
Uptime: 0.037054 s

LIBXSMM_VERSION: RT-bst-B-from-vreg-1.16.1-1577 (25183785)
LIBXSMM_TARGET: skx
Registry and code: 13 MB
Uptime: 0.031470 s

LIBXSMM_VERSION: RT-bst-B-from-vreg-1.16.1-1577 (25183785)
LIBXSMM_TARGET: skx
Registry and code: 13 MB
Uptime: 0.032306 s

LIBXSMM_VERSION: RT-bst-B-from-vreg-1.16.1-1577 (25183785)
LIBXSMM_TARGET: skx
Registry and code: 13 MB
Uptime: 0.033794 s

LIBXSMM_VERSION: RT-bst-B-from-vreg-1.16.1-1577 (25183785)
LIBXSMM_TARGET: skx
Registry and code: 13 MB
Uptime: 0.055719 s

LIBXSMM_VERSION: RT-bst-B-from-vreg-1.16.1-1577 (25183785)
LIBXSMM_TARGET: skx
Registry and code: 13 MB
Uptime: 0.056502 s

LIBXSMM_VERSION: RT-bst-B-from-vreg-1.16.1-1577 (25183785)
LIBXSMM_TARGET: skx
Registry and code: 13 MB
Uptime: 0.056980 s

LIBXSMM_VERSION: RT-bst-B-from-vreg-1.16.1-1577 (25183785)
LIBXSMM_TARGET: skx
Registry and code: 13 MB
Uptime: 0.041540 s

LIBXSMM_VERSION: RT-bst-B-from-vreg-1.16.1-1577 (25183785)
LIBXSMM_TARGET: skx
Registry and code: 13 MB
Uptime: 0.040978 s

LIBXSMM_VERSION: RT-bst-B-from-vreg-1.16.1-1577 (25183785)
LIBXSMM_TARGET: skx
Registry and code: 13 MB
Uptime: 0.040408 s

LIBXSMM_VERSION: RT-bst-B-from-vreg-1.16.1-1577 (25183785)
LIBXSMM_TARGET: skx
Registry and code: 13 MB
Uptime: 0.055026 s

LIBXSMM_VERSION: RT-bst-B-from-vreg-1.16.1-1577 (25183785)
LIBXSMM_TARGET: skx
Registry and code: 13 MB
Uptime: 0.055640 s

LIBXSMM_VERSION: RT-bst-B-from-vreg-1.16.1-1577 (25183785)
LIBXSMM_TARGET: skx
Registry and code: 13 MB
Uptime: 0.056396 s

LIBXSMM_VERSION: RT-bst-B-from-vreg-1.16.1-1577 (25183785)
LIBXSMM_TARGET: skx
Registry and code: 13 MB
Uptime: 0.049607 s

LIBXSMM_VERSION: RT-bst-B-from-vreg-1.16.1-1577 (25183785)
LIBXSMM_TARGET: skx
Registry and code: 13 MB
Uptime: 0.049122 s

LIBXSMM_VERSION: RT-bst-B-from-vreg-1.16.1-1577 (25183785)
LIBXSMM_TARGET: skx
Registry and code: 13 MB
Uptime: 0.049497 s

LIBXSMM_VERSION: RT-bst-B-from-vreg-1.16.1-1577 (25183785)
LIBXSMM_TARGET: skx
Registry and code: 13 MB
Uptime: 0.050553 s

LIBXSMM_VERSION: RT-bst-B-from-vreg-1.16.1-1577 (25183785)
LIBXSMM_TARGET: skx
Registry and code: 13 MB
Uptime: 0.049820 s

LIBXSMM_VERSION: RT-bst-B-from-vreg-1.16.1-1577 (25183785)
LIBXSMM_TARGET: skx
Registry and code: 13 MB
Uptime: 0.049904 s

LIBXSMM_VERSION: RT-bst-B-from-vreg-1.16.1-1577 (25183785)
LIBXSMM_TARGET: skx
Registry and code: 13 MB
Uptime: 0.084212 s

LIBXSMM_VERSION: RT-bst-B-from-vreg-1.16.1-1577 (25183785)
LIBXSMM_TARGET: skx
Registry and code: 13 MB
Uptime: 0.083946 s

LIBXSMM_VERSION: RT-bst-B-from-vreg-1.16.1-1577 (25183785)
LIBXSMM_TARGET: skx
Registry and code: 13 MB
Uptime: 0.084462 s

LIBXSMM_VERSION: RT-bst-B-from-vreg-1.16.1-1577 (25183785)
LIBXSMM_TARGET: skx
Registry and code: 13 MB
Uptime: 0.088163 s

LIBXSMM_VERSION: RT-bst-B-from-vreg-1.16.1-1577 (25183785)
LIBXSMM_TARGET: skx
Registry and code: 13 MB
Uptime: 0.080042 s

LIBXSMM_VERSION: RT-bst-B-from-vreg-1.16.1-1577 (25183785)
LIBXSMM_TARGET: skx
Registry and code: 13 MB
Uptime: 0.077561 s

LIBXSMM_VERSION: RT-bst-B-from-vreg-1.16.1-1577 (25183785)
LIBXSMM_TARGET: skx
Registry and code: 13 MB
Uptime: 0.088884 s

LIBXSMM_VERSION: RT-bst-B-from-vreg-1.16.1-1577 (25183785)
LIBXSMM_TARGET: skx
Registry and code: 13 MB
Uptime: 0.087188 s

LIBXSMM_VERSION: RT-bst-B-from-vreg-1.16.1-1577 (25183785)
LIBXSMM_TARGET: skx
Registry and code: 13 MB
Uptime: 0.087209 s

LIBXSMM_VERSION: RT-bst-B-from-vreg-1.16.1-1577 (25183785)
LIBXSMM_TARGET: skx
Registry and code: 13 MB
Uptime: 0.075753 s

LIBXSMM_VERSION: RT-bst-B-from-vreg-1.16.1-1577 (25183785)
LIBXSMM_TARGET: skx
Registry and code: 13 MB
Uptime: 0.068087 s

LIBXSMM_VERSION: RT-bst-B-from-vreg-1.16.1-1577 (25183785)
LIBXSMM_TARGET: skx
Registry and code: 13 MB
Uptime: 0.064658 s

LIBXSMM_VERSION: RT-bst-B-from-vreg-1.16.1-1577 (25183785)
LIBXSMM_TARGET: skx
Registry and code: 13 MB
Uptime: 0.077278 s

LIBXSMM_VERSION: RT-bst-B-from-vreg-1.16.1-1577 (25183785)
LIBXSMM_TARGET: skx
Registry and code: 13 MB
Uptime: 0.070107 s

LIBXSMM_VERSION: RT-bst-B-from-vreg-1.16.1-1577 (25183785)
LIBXSMM_TARGET: skx
Registry and code: 13 MB
Uptime: 0.068484 s

LIBXSMM_VERSION: RT-bst-B-from-vreg-1.16.1-1577 (25183785)
LIBXSMM_TARGET: skx
Registry and code: 13 MB
Uptime: 0.116325 s

LIBXSMM_VERSION: RT-bst-B-from-vreg-1.16.1-1577 (25183785)
LIBXSMM_TARGET: skx
Registry and code: 13 MB
Uptime: 0.118519 s

LIBXSMM_VERSION: RT-bst-B-from-vreg-1.16.1-1577 (25183785)
LIBXSMM_TARGET: skx
Registry and code: 13 MB
Uptime: 0.120657 s

LIBXSMM_VERSION: RT-bst-B-from-vreg-1.16.1-1577 (25183785)
LIBXSMM_TARGET: skx
Registry and code: 13 MB
Uptime: 0.207003 s

LIBXSMM_VERSION: RT-bst-B-from-vreg-1.16.1-1577 (25183785)
LIBXSMM_TARGET: skx
Registry and code: 13 MB
Uptime: 0.169108 s

LIBXSMM_VERSION: RT-bst-B-from-vreg-1.16.1-1577 (25183785)
LIBXSMM_TARGET: skx
Registry and code: 13 MB
Uptime: 0.134685 s

LIBXSMM_VERSION: RT-bst-B-from-vreg-1.16.1-1577 (25183785)
LIBXSMM_TARGET: skx
Registry and code: 13 MB
Uptime: 0.163343 s

LIBXSMM_VERSION: RT-bst-B-from-vreg-1.16.1-1577 (25183785)
LIBXSMM_TARGET: skx
Registry and code: 13 MB
Uptime: 0.138573 s

LIBXSMM_VERSION: RT-bst-B-from-vreg-1.16.1-1577 (25183785)
LIBXSMM_TARGET: skx
Registry and code: 13 MB
Uptime: 0.120740 s

LIBXSMM_VERSION: RT-bst-B-from-vreg-1.16.1-1577 (25183785)
LIBXSMM_TARGET: skx
Registry and code: 13 MB
Uptime: 0.111085 s

LIBXSMM_VERSION: RT-bst-B-from-vreg-1.16.1-1577 (25183785)
LIBXSMM_TARGET: skx
Registry and code: 13 MB
Uptime: 0.102713 s

LIBXSMM_VERSION: RT-bst-B-from-vreg-1.16.1-1577 (25183785)
LIBXSMM_TARGET: skx
Registry and code: 13 MB
Uptime: 0.093929 s

LIBXSMM_VERSION: RT-bst-B-from-vreg-1.16.1-1577 (25183785)
LIBXSMM_TARGET: skx
Registry and code: 13 MB
Uptime: 0.112179 s

LIBXSMM_VERSION: RT-bst-B-from-vreg-1.16.1-1577 (25183785)
LIBXSMM_TARGET: skx
Registry and code: 13 MB
Uptime: 0.098894 s

LIBXSMM_VERSION: RT-bst-B-from-vreg-1.16.1-1577 (25183785)
LIBXSMM_TARGET: skx
Registry and code: 13 MB
Uptime: 0.090949 s

LIBXSMM_VERSION: RT-bst-B-from-vreg-1.16.1-1577 (25183785)
LIBXSMM_TARGET: skx
Registry and code: 13 MB
Uptime: 0.165210 s

LIBXSMM_VERSION: RT-bst-B-from-vreg-1.16.1-1577 (25183785)
LIBXSMM_TARGET: skx
Registry and code: 13 MB
Uptime: 0.159572 s

LIBXSMM_VERSION: RT-bst-B-from-vreg-1.16.1-1577 (25183785)
LIBXSMM_TARGET: skx
Registry and code: 13 MB
Uptime: 0.152152 s

LIBXSMM_VERSION: RT-bst-B-from-vreg-1.16.1-1577 (25183785)
LIBXSMM_TARGET: skx
Registry and code: 13 MB
Uptime: 0.366484 s

LIBXSMM_VERSION: RT-bst-B-from-vreg-1.16.1-1577 (25183785)
LIBXSMM_TARGET: skx
Registry and code: 13 MB
Uptime: 0.292069 s

LIBXSMM_VERSION: RT-bst-B-from-vreg-1.16.1-1577 (25183785)
LIBXSMM_TARGET: skx
Registry and code: 13 MB
Uptime: 0.234717 s

LIBXSMM_VERSION: RT-bst-B-from-vreg-1.16.1-1577 (25183785)
LIBXSMM_TARGET: skx
Registry and code: 13 MB
Uptime: 0.267907 s

LIBXSMM_VERSION: RT-bst-B-from-vreg-1.16.1-1577 (25183785)
LIBXSMM_TARGET: skx
Registry and code: 13 MB
Uptime: 0.224541 s

LIBXSMM_VERSION: RT-bst-B-from-vreg-1.16.1-1577 (25183785)
LIBXSMM_TARGET: skx
Registry and code: 13 MB
Uptime: 0.200727 s

Running data/example_mats/tri/p1/williams-shunn/m460.txt
Finished running in 0.16196666666666668ms
Generating and Compiling data/example_mats/tri/p2/williams-shunn/m0.txt
Running data/example_mats/tri/p2/williams-shunn/m0.txt
Finished running in 0.38471666666666665ms
Generating and Compiling data/example_mats/tri/p2/williams-shunn/m3.txt
Running data/example_mats/tri/p2/williams-shunn/m3.txt
Finished running in 0.3179ms
Generating and Compiling data/example_mats/tri/p2/williams-shunn/m6.txt
Running data/example_mats/tri/p2/williams-shunn/m6.txt
Finished running in 0.5367ms
Generating and Compiling data/example_mats/tri/p2/williams-shunn/m132.txt
Running data/example_mats/tri/p2/williams-shunn/m132.txt
Finished running in 0.34263333333333335ms
Generating and Compiling data/example_mats/tri/p2/williams-shunn/m460.txt
Running data/example_mats/tri/p2/williams-shunn/m460.txt
Finished running in 0.5089ms
Generating and Compiling data/example_mats/tri/p3/williams-shunn/m0.txt
Running data/example_mats/tri/p3/williams-shunn/m0.txt
Finished running in 0.58655ms
Generating and Compiling data/example_mats/tri/p3/williams-shunn/m3.txt
Running data/example_mats/tri/p3/williams-shunn/m3.txt
Finished running in 0.5298833333333334ms
Generating and Compiling data/example_mats/tri/p3/williams-shunn/m6.txt
Running data/example_mats/tri/p3/williams-shunn/m6.txt
Finished running in 0.89325ms
Generating and Compiling data/example_mats/tri/p3/williams-shunn/m132.txt
Running data/example_mats/tri/p3/williams-shunn/m132.txt
Finished running in 0.6966833333333333ms
Generating and Compiling data/example_mats/tri/p3/williams-shunn/m460.txt
Running data/example_mats/tri/p3/williams-shunn/m460.txt
Finished running in 0.9257666666666666ms
Generating and Compiling data/example_mats/tri/p4/williams-shunn/m0.txt
Running data/example_mats/tri/p4/williams-shunn/m0.txt
Finished running in 0.8502333333333334ms
Generating and Compiling data/example_mats/tri/p4/williams-shunn/m3.txt
Running data/example_mats/tri/p4/williams-shunn/m3.txt
Finished running in 0.8456666666666667ms
Generating and Compiling data/example_mats/tri/p4/williams-shunn/m6.txt
Running data/example_mats/tri/p4/williams-shunn/m6.txt
Finished running in 1.4078833333333334ms
Generating and Compiling data/example_mats/tri/p4/williams-shunn/m132.txt
Running data/example_mats/tri/p4/williams-shunn/m132.txt
Finished running in 0.9961166666666668ms
Generating and Compiling data/example_mats/tri/p4/williams-shunn/m460.txt
Running data/example_mats/tri/p4/williams-shunn/m460.txt
Finished running in 1.5982166666666666ms
Generating and Compiling data/example_mats/tri/p5/williams-shunn/m0.txt
Running data/example_mats/tri/p5/williams-shunn/m0.txt
Finished running in 0.9006000000000001ms
Generating and Compiling data/example_mats/tri/p5/williams-shunn/m3.txt
Running data/example_mats/tri/p5/williams-shunn/m3.txt
Finished running in 0.9429166666666667ms
Generating and Compiling data/example_mats/tri/p5/williams-shunn/m6.txt
Running data/example_mats/tri/p5/williams-shunn/m6.txt
Finished running in 2.0831833333333334ms
Generating and Compiling data/example_mats/tri/p5/williams-shunn/m132.txt
Running data/example_mats/tri/p5/williams-shunn/m132.txt
Finished running in 2.303616666666667ms
Generating and Compiling data/example_mats/tri/p5/williams-shunn/m460.txt
Running data/example_mats/tri/p5/williams-shunn/m460.txt
Finished running in 1.88685ms
Generating and Compiling data/example_mats/tri/p6/williams-shunn/m0.txt
Running data/example_mats/tri/p6/williams-shunn/m0.txt
Finished running in 1.1314333333333333ms
Generating and Compiling data/example_mats/tri/p6/williams-shunn/m3.txt
Running data/example_mats/tri/p6/williams-shunn/m3.txt
Finished running in 1.4707666666666666ms
Generating and Compiling data/example_mats/tri/p6/williams-shunn/m6.txt
Running data/example_mats/tri/p6/williams-shunn/m6.txt
Finished running in 2.8897833333333334ms
Generating and Compiling data/example_mats/tri/p6/williams-shunn/m132.txt
Running data/example_mats/tri/p6/williams-shunn/m132.txt
Finished running in 3.9129166666666664ms
Generating and Compiling data/example_mats/tri/p6/williams-shunn/m460.txt
Running data/example_mats/tri/p6/williams-shunn/m460.txt
Finished running in 3.1068833333333337ms
Traceback (most recent call last):
  File "src/benchmark/benchmark.py", line 162, in <module>
    print("Average speedup (best) of custom over reference {}".format(sum(speedups_best_over_ref)/len(speedups_best_over_ref)))
TypeError: unsupported operand type(s) for +: 'int' and 'NoneType'
