
LIBXSMM_VERSION: RT-bst-B-from-vreg-1.16.1-1577 (25183785)
LIBXSMM_TARGET: skx
Registry and code: 13 MB
Uptime: 0.019431 s

LIBXSMM_VERSION: RT-bst-B-from-vreg-1.16.1-1577 (25183785)
LIBXSMM_TARGET: skx
Registry and code: 13 MB
Uptime: 0.019397 s

LIBXSMM_VERSION: RT-bst-B-from-vreg-1.16.1-1577 (25183785)
LIBXSMM_TARGET: skx
Registry and code: 13 MB
Uptime: 0.019401 s

LIBXSMM_VERSION: RT-bst-B-from-vreg-1.16.1-1577 (25183785)
LIBXSMM_TARGET: skx
Registry and code: 13 MB
Uptime: 0.010219 s

LIBXSMM_VERSION: RT-bst-B-from-vreg-1.16.1-1577 (25183785)
LIBXSMM_TARGET: skx
Registry and code: 13 MB
Uptime: 0.010367 s

LIBXSMM_VERSION: RT-bst-B-from-vreg-1.16.1-1577 (25183785)
LIBXSMM_TARGET: skx
Registry and code: 13 MB
Uptime: 0.010728 s

LIBXSMM_VERSION: RT-bst-B-from-vreg-1.16.1-1577 (25183785)
LIBXSMM_TARGET: skx
Registry and code: 13 MB
Uptime: 0.020925 s

LIBXSMM_VERSION: RT-bst-B-from-vreg-1.16.1-1577 (25183785)
LIBXSMM_TARGET: skx
Registry and code: 13 MB
Uptime: 0.020899 s

LIBXSMM_VERSION: RT-bst-B-from-vreg-1.16.1-1577 (25183785)
LIBXSMM_TARGET: skx
Registry and code: 13 MB
Uptime: 0.021522 s

LIBXSMM_VERSION: RT-bst-B-from-vreg-1.16.1-1577 (25183785)
LIBXSMM_TARGET: skx
Registry and code: 13 MB
Uptime: 0.010320 s

LIBXSMM_VERSION: RT-bst-B-from-vreg-1.16.1-1577 (25183785)
LIBXSMM_TARGET: skx
Registry and code: 13 MB
Uptime: 0.010465 s

LIBXSMM_VERSION: RT-bst-B-from-vreg-1.16.1-1577 (25183785)
LIBXSMM_TARGET: skx
Registry and code: 13 MB
Uptime: 0.010832 s

LIBXSMM_VERSION: RT-bst-B-from-vreg-1.16.1-1577 (25183785)
LIBXSMM_TARGET: skx
Registry and code: 13 MB
Uptime: 0.019331 s

LIBXSMM_VERSION: RT-bst-B-from-vreg-1.16.1-1577 (25183785)
LIBXSMM_TARGET: skx
Registry and code: 13 MB
Uptime: 0.019467 s

LIBXSMM_VERSION: RT-bst-B-from-vreg-1.16.1-1577 (25183785)
LIBXSMM_TARGET: skx
Registry and code: 13 MB
Uptime: 0.019438 s

LIBXSMM_VERSION: RT-bst-B-from-vreg-1.16.1-1577 (25183785)
LIBXSMM_TARGET: skx
Registry and code: 13 MB
Uptime: 0.042199 s

LIBXSMM_VERSION: RT-bst-B-from-vreg-1.16.1-1577 (25183785)
LIBXSMM_TARGET: skx
Registry and code: 13 MB
Uptime: 0.042084 s

LIBXSMM_VERSION: RT-bst-B-from-vreg-1.16.1-1577 (25183785)
LIBXSMM_TARGET: skx
Registry and code: 13 MB
Uptime: 0.042172 s

LIBXSMM_VERSION: RT-bst-B-from-vreg-1.16.1-1577 (25183785)
LIBXSMM_TARGET: skx
Registry and code: 13 MB
Uptime: 0.033150 s

LIBXSMM_VERSION: RT-bst-B-from-vreg-1.16.1-1577 (25183785)
LIBXSMM_TARGET: skx
Registry and code: 13 MB
Uptime: 0.034055 s

LIBXSMM_VERSION: RT-bst-B-from-vreg-1.16.1-1577 (25183785)
LIBXSMM_TARGET: skx
Registry and code: 13 MB
Uptime: 0.035099 s

LIBXSMM_VERSION: RT-bst-B-from-vreg-1.16.1-1577 (25183785)
LIBXSMM_TARGET: skx
Registry and code: 13 MB
Uptime: 0.070611 s

LIBXSMM_VERSION: RT-bst-B-from-vreg-1.16.1-1577 (25183785)
LIBXSMM_TARGET: skx
Registry and code: 13 MB
Uptime: 0.070974 s

LIBXSMM_VERSION: RT-bst-B-from-vreg-1.16.1-1577 (25183785)
LIBXSMM_TARGET: skx
Registry and code: 13 MB
Uptime: 0.071908 s

LIBXSMM_VERSION: RT-bst-B-from-vreg-1.16.1-1577 (25183785)
LIBXSMM_TARGET: skx
Registry and code: 13 MB
Uptime: 0.041465 s

LIBXSMM_VERSION: RT-bst-B-from-vreg-1.16.1-1577 (25183785)
LIBXSMM_TARGET: skx
Registry and code: 13 MB
Uptime: 0.042253 s

LIBXSMM_VERSION: RT-bst-B-from-vreg-1.16.1-1577 (25183785)
LIBXSMM_TARGET: skx
Registry and code: 13 MB
Uptime: 0.044153 s

LIBXSMM_VERSION: RT-bst-B-from-vreg-1.16.1-1577 (25183785)
LIBXSMM_TARGET: skx
Registry and code: 13 MB
Uptime: 0.061158 s

LIBXSMM_VERSION: RT-bst-B-from-vreg-1.16.1-1577 (25183785)
LIBXSMM_TARGET: skx
Registry and code: 13 MB
Uptime: 0.061437 s

LIBXSMM_VERSION: RT-bst-B-from-vreg-1.16.1-1577 (25183785)
LIBXSMM_TARGET: skx
Registry and code: 13 MB
Uptime: 0.062184 s

LIBXSMM_VERSION: RT-bst-B-from-vreg-1.16.1-1577 (25183785)
LIBXSMM_TARGET: skx
Registry and code: 13 MB
Uptime: 0.042656 s

LIBXSMM_VERSION: RT-bst-B-from-vreg-1.16.1-1577 (25183785)
LIBXSMM_TARGET: skx
Registry and code: 13 MB
Uptime: 0.042689 s

LIBXSMM_VERSION: RT-bst-B-from-vreg-1.16.1-1577 (25183785)
LIBXSMM_TARGET: skx
Registry and code: 13 MB
Uptime: 0.043258 s

LIBXSMM_VERSION: RT-bst-B-from-vreg-1.16.1-1577 (25183785)
LIBXSMM_TARGET: skx
Registry and code: 13 MB
Uptime: 0.032866 s

LIBXSMM_VERSION: RT-bst-B-from-vreg-1.16.1-1577 (25183785)
LIBXSMM_TARGET: skx
Registry and code: 13 MB
Uptime: 0.033545 s

LIBXSMM_VERSION: RT-bst-B-from-vreg-1.16.1-1577 (25183785)
LIBXSMM_TARGET: skx
Registry and code: 13 MB
Uptime: 0.034746 s

LIBXSMM_VERSION: RT-bst-B-from-vreg-1.16.1-1577 (25183785)
LIBXSMM_TARGET: skx
Registry and code: 13 MB
Uptime: 0.071094 s

LIBXSMM_VERSION: RT-bst-B-from-vreg-1.16.1-1577 (25183785)
LIBXSMM_TARGET: skx
Registry and code: 13 MB
Uptime: 0.071222 s

LIBXSMM_VERSION: RT-bst-B-from-vreg-1.16.1-1577 (25183785)
LIBXSMM_TARGET: skx
Registry and code: 13 MB
Uptime: 0.072294 s

LIBXSMM_VERSION: RT-bst-B-from-vreg-1.16.1-1577 (25183785)
LIBXSMM_TARGET: skx
Registry and code: 13 MB
Uptime: 0.041802 s

LIBXSMM_VERSION: RT-bst-B-from-vreg-1.16.1-1577 (25183785)
LIBXSMM_TARGET: skx
Registry and code: 13 MB
Uptime: 0.042769 s

LIBXSMM_VERSION: RT-bst-B-from-vreg-1.16.1-1577 (25183785)
LIBXSMM_TARGET: skx
Registry and code: 13 MB
Uptime: 0.044391 s

LIBXSMM_VERSION: RT-bst-B-from-vreg-1.16.1-1577 (25183785)
LIBXSMM_TARGET: skx
Registry and code: 13 MB
Uptime: 0.061427 s

LIBXSMM_VERSION: RT-bst-B-from-vreg-1.16.1-1577 (25183785)
LIBXSMM_TARGET: skx
Registry and code: 13 MB
Uptime: 0.061813 s

LIBXSMM_VERSION: RT-bst-B-from-vreg-1.16.1-1577 (25183785)
LIBXSMM_TARGET: skx
Registry and code: 13 MB
Uptime: 0.062043 s

LIBXSMM_VERSION: RT-bst-B-from-vreg-1.16.1-1577 (25183785)
LIBXSMM_TARGET: skx
Registry and code: 13 MB
Uptime: 0.082027 s

LIBXSMM_VERSION: RT-bst-B-from-vreg-1.16.1-1577 (25183785)
LIBXSMM_TARGET: skx
Registry and code: 13 MB
Uptime: 0.082561 s

LIBXSMM_VERSION: RT-bst-B-from-vreg-1.16.1-1577 (25183785)
LIBXSMM_TARGET: skx
Registry and code: 13 MB
Uptime: 0.083212 s

LIBXSMM_VERSION: RT-bst-B-from-vreg-1.16.1-1577 (25183785)
LIBXSMM_TARGET: skx
Registry and code: 13 MB
Uptime: 0.074407 s

LIBXSMM_VERSION: RT-bst-B-from-vreg-1.16.1-1577 (25183785)
LIBXSMM_TARGET: skx
Registry and code: 13 MB
Uptime: 0.076808 s

LIBXSMM_VERSION: RT-bst-B-from-vreg-1.16.1-1577 (25183785)
LIBXSMM_TARGET: skx
Registry and code: 13 MB
Uptime: 0.078599 s

LIBXSMM_VERSION: RT-bst-B-from-vreg-1.16.1-1577 (25183785)
LIBXSMM_TARGET: skx
Registry and code: 13 MB
Uptime: 0.160915 s

LIBXSMM_VERSION: RT-bst-B-from-vreg-1.16.1-1577 (25183785)
LIBXSMM_TARGET: skx
Registry and code: 13 MB
Uptime: 0.163997 s

LIBXSMM_VERSION: RT-bst-B-from-vreg-1.16.1-1577 (25183785)
LIBXSMM_TARGET: skx
Registry and code: 13 MB
Uptime: 0.165376 s

LIBXSMM_VERSION: RT-bst-B-from-vreg-1.16.1-1577 (25183785)
LIBXSMM_TARGET: skx
Registry and code: 13 MB
Uptime: 0.119527 s

LIBXSMM_VERSION: RT-bst-B-from-vreg-1.16.1-1577 (25183785)
LIBXSMM_TARGET: skx
Registry and code: 13 MB
Uptime: 0.122065 s

LIBXSMM_VERSION: RT-bst-B-from-vreg-1.16.1-1577 (25183785)
LIBXSMM_TARGET: skx
Registry and code: 13 MB
Uptime: 0.118183 s

LIBXSMM_VERSION: RT-bst-B-from-vreg-1.16.1-1577 (25183785)
LIBXSMM_TARGET: skx
Registry and code: 13 MB
Uptime: 0.162228 s

LIBXSMM_VERSION: RT-bst-B-from-vreg-1.16.1-1577 (25183785)
LIBXSMM_TARGET: skx
Registry and code: 13 MB
Uptime: 0.162561 s

LIBXSMM_VERSION: RT-bst-B-from-vreg-1.16.1-1577 (25183785)
LIBXSMM_TARGET: skx
Registry and code: 13 MB
Uptime: 0.158239 s

LIBXSMM_VERSION: RT-bst-B-from-vreg-1.16.1-1577 (25183785)
LIBXSMM_TARGET: skx
Registry and code: 13 MB
Uptime: 0.094713 s

LIBXSMM_VERSION: RT-bst-B-from-vreg-1.16.1-1577 (25183785)
LIBXSMM_TARGET: skx
Registry and code: 13 MB
Uptime: 0.090493 s

LIBXSMM_VERSION: RT-bst-B-from-vreg-1.16.1-1577 (25183785)
LIBXSMM_TARGET: skx
Registry and code: 13 MB
Uptime: 0.091395 s

LIBXSMM_VERSION: RT-bst-B-from-vreg-1.16.1-1577 (25183785)
LIBXSMM_TARGET: skx
Registry and code: 13 MB
Uptime: 0.073763 s

LIBXSMM_VERSION: RT-bst-B-from-vreg-1.16.1-1577 (25183785)
LIBXSMM_TARGET: skx
Registry and code: 13 MB
Uptime: 0.076598 s

LIBXSMM_VERSION: RT-bst-B-from-vreg-1.16.1-1577 (25183785)
LIBXSMM_TARGET: skx
Registry and code: 13 MB
Uptime: 0.079496 s

LIBXSMM_VERSION: RT-bst-B-from-vreg-1.16.1-1577 (25183785)
LIBXSMM_TARGET: skx
Registry and code: 13 MB
Uptime: 0.160712 s

LIBXSMM_VERSION: RT-bst-B-from-vreg-1.16.1-1577 (25183785)
LIBXSMM_TARGET: skx
Registry and code: 13 MB
Uptime: 0.164632 s

LIBXSMM_VERSION: RT-bst-B-from-vreg-1.16.1-1577 (25183785)
LIBXSMM_TARGET: skx
Registry and code: 13 MB
Uptime: 0.166496 s

LIBXSMM_VERSION: RT-bst-B-from-vreg-1.16.1-1577 (25183785)
LIBXSMM_TARGET: skx
Registry and code: 13 MB
Uptime: 0.124682 s

LIBXSMM_VERSION: RT-bst-B-from-vreg-1.16.1-1577 (25183785)
LIBXSMM_TARGET: skx
Registry and code: 13 MB
Uptime: 0.127747 s

LIBXSMM_VERSION: RT-bst-B-from-vreg-1.16.1-1577 (25183785)
LIBXSMM_TARGET: skx
Registry and code: 13 MB
Uptime: 0.110437 s

LIBXSMM_VERSION: RT-bst-B-from-vreg-1.16.1-1577 (25183785)
LIBXSMM_TARGET: skx
Registry and code: 13 MB
Uptime: 0.163583 s

LIBXSMM_VERSION: RT-bst-B-from-vreg-1.16.1-1577 (25183785)
LIBXSMM_TARGET: skx
Registry and code: 13 MB
Uptime: 0.159476 s

LIBXSMM_VERSION: RT-bst-B-from-vreg-1.16.1-1577 (25183785)
LIBXSMM_TARGET: skx
Registry and code: 13 MB
Uptime: 0.160732 s

LIBXSMM_VERSION: RT-bst-B-from-vreg-1.16.1-1577 (25183785)
LIBXSMM_TARGET: skx
Registry and code: 13 MB
Uptime: 0.134052 s

LIBXSMM_VERSION: RT-bst-B-from-vreg-1.16.1-1577 (25183785)
LIBXSMM_TARGET: skx
Registry and code: 13 MB
Uptime: 0.135197 s

LIBXSMM_VERSION: RT-bst-B-from-vreg-1.16.1-1577 (25183785)
LIBXSMM_TARGET: skx
Registry and code: 13 MB
Uptime: 0.139301 s

LIBXSMM_VERSION: RT-bst-B-from-vreg-1.16.1-1577 (25183785)
LIBXSMM_TARGET: skx
Registry and code: 13 MB
Uptime: 0.148202 s

LIBXSMM_VERSION: RT-bst-B-from-vreg-1.16.1-1577 (25183785)
LIBXSMM_TARGET: skx
Registry and code: 13 MB
Uptime: 0.147395 s

LIBXSMM_VERSION: RT-bst-B-from-vreg-1.16.1-1577 (25183785)
LIBXSMM_TARGET: skx
Registry and code: 13 MB
Uptime: 0.143646 s

LIBXSMM_VERSION: RT-bst-B-from-vreg-1.16.1-1577 (25183785)
LIBXSMM_TARGET: skx
Registry and code: 13 MB
Uptime: 0.323426 s

LIBXSMM_VERSION: RT-bst-B-from-vreg-1.16.1-1577 (25183785)
LIBXSMM_TARGET: skx
Registry and code: 13 MB
Uptime: 0.316694 s

LIBXSMM_VERSION: RT-bst-B-from-vreg-1.16.1-1577 (25183785)
LIBXSMM_TARGET: skx
Registry and code: 13 MB
Uptime: 0.309752 s

LIBXSMM_VERSION: RT-bst-B-from-vreg-1.16.1-1577 (25183785)
LIBXSMM_TARGET: skx
Registry and code: 13 MB
Uptime: 0.392909 s

LIBXSMM_VERSION: RT-bst-B-from-vreg-1.16.1-1577 (25183785)
LIBXSMM_TARGET: skx
Registry and code: 13 MB
Uptime: 0.330549 s

LIBXSMM_VERSION: RT-bst-B-from-vreg-1.16.1-1577 (25183785)
LIBXSMM_TARGET: skx
Registry and code: 13 MB
Uptime: 0.326562 s

LIBXSMM_VERSION: RT-bst-B-from-vreg-1.16.1-1577 (25183785)
LIBXSMM_TARGET: skx
Registry and code: 13 MB
Uptime: 0.335849 s

LIBXSMM_VERSION: RT-bst-B-from-vreg-1.16.1-1577 (25183785)
LIBXSMM_TARGET: skx
Registry and code: 13 MB
Uptime: 0.331203 s

LIBXSMM_VERSION: RT-bst-B-from-vreg-1.16.1-1577 (25183785)
LIBXSMM_TARGET: skx
Registry and code: 13 MB
Uptime: 0.328070 s

LIBXSMM_VERSION: RT-bst-B-from-vreg-1.16.1-1577 (25183785)
LIBXSMM_TARGET: skx
Registry and code: 13 MB
Uptime: 0.162046 s

LIBXSMM_VERSION: RT-bst-B-from-vreg-1.16.1-1577 (25183785)
LIBXSMM_TARGET: skx
Registry and code: 13 MB
Uptime: 0.166836 s

LIBXSMM_VERSION: RT-bst-B-from-vreg-1.16.1-1577 (25183785)
LIBXSMM_TARGET: skx
Registry and code: 13 MB
Uptime: 0.151496 s

LIBXSMM_VERSION: RT-bst-B-from-vreg-1.16.1-1577 (25183785)
LIBXSMM_TARGET: skx
Registry and code: 13 MB
Uptime: 0.143308 s

LIBXSMM_VERSION: RT-bst-B-from-vreg-1.16.1-1577 (25183785)
LIBXSMM_TARGET: skx
Registry and code: 13 MB
Uptime: 0.152863 s

LIBXSMM_VERSION: RT-bst-B-from-vreg-1.16.1-1577 (25183785)
LIBXSMM_TARGET: skx
Registry and code: 13 MB
Uptime: 0.135865 s

LIBXSMM_VERSION: RT-bst-B-from-vreg-1.16.1-1577 (25183785)
LIBXSMM_TARGET: skx
Registry and code: 13 MB
Uptime: 0.328850 s

LIBXSMM_VERSION: RT-bst-B-from-vreg-1.16.1-1577 (25183785)
LIBXSMM_TARGET: skx
Registry and code: 13 MB
Uptime: 0.321428 s

LIBXSMM_VERSION: RT-bst-B-from-vreg-1.16.1-1577 (25183785)
LIBXSMM_TARGET: skx
Registry and code: 13 MB
Uptime: 0.310254 s

LIBXSMM_VERSION: RT-bst-B-from-vreg-1.16.1-1577 (25183785)
LIBXSMM_TARGET: skx
Registry and code: 13 MB
Uptime: 0.409334 s

LIBXSMM_VERSION: RT-bst-B-from-vreg-1.16.1-1577 (25183785)
LIBXSMM_TARGET: skx
Registry and code: 13 MB
Uptime: 0.336086 s

LIBXSMM_VERSION: RT-bst-B-from-vreg-1.16.1-1577 (25183785)
LIBXSMM_TARGET: skx
Registry and code: 13 MB
Uptime: 0.329692 s

LIBXSMM_VERSION: RT-bst-B-from-vreg-1.16.1-1577 (25183785)
LIBXSMM_TARGET: skx
Registry and code: 13 MB
Uptime: 0.332592 s

LIBXSMM_VERSION: RT-bst-B-from-vreg-1.16.1-1577 (25183785)
LIBXSMM_TARGET: skx
Registry and code: 13 MB
Uptime: 0.327223 s

LIBXSMM_VERSION: RT-bst-B-from-vreg-1.16.1-1577 (25183785)
LIBXSMM_TARGET: skx
Registry and code: 13 MB
Uptime: 0.328388 s

LIBXSMM_VERSION: RT-bst-B-from-vreg-1.16.1-1577 (25183785)
LIBXSMM_TARGET: skx
Registry and code: 13 MB
Uptime: 0.200626 s

LIBXSMM_VERSION: RT-bst-B-from-vreg-1.16.1-1577 (25183785)
LIBXSMM_TARGET: skx
Registry and code: 13 MB
Uptime: 0.203351 s

LIBXSMM_VERSION: RT-bst-B-from-vreg-1.16.1-1577 (25183785)
LIBXSMM_TARGET: skx
Registry and code: 13 MB
Uptime: 0.206063 s

LIBXSMM_VERSION: RT-bst-B-from-vreg-1.16.1-1577 (25183785)
LIBXSMM_TARGET: skx
Registry and code: 13 MB
Uptime: 0.264027 s

LIBXSMM_VERSION: RT-bst-B-from-vreg-1.16.1-1577 (25183785)
LIBXSMM_TARGET: skx
Registry and code: 13 MB
Uptime: 0.245969 s

LIBXSMM_VERSION: RT-bst-B-from-vreg-1.16.1-1577 (25183785)
LIBXSMM_TARGET: skx
Registry and code: 13 MB
Uptime: 0.241475 s

LIBXSMM_VERSION: RT-bst-B-from-vreg-1.16.1-1577 (25183785)
LIBXSMM_TARGET: skx
Registry and code: 13 MB
Uptime: 0.620672 s

LIBXSMM_VERSION: RT-bst-B-from-vreg-1.16.1-1577 (25183785)
LIBXSMM_TARGET: skx
Registry and code: 13 MB
Uptime: 0.562748 s

LIBXSMM_VERSION: RT-bst-B-from-vreg-1.16.1-1577 (25183785)
LIBXSMM_TARGET: skx
Registry and code: 13 MB
Uptime: 0.560230 s

LIBXSMM_VERSION: RT-bst-B-from-vreg-1.16.1-1577 (25183785)
LIBXSMM_TARGET: skx
Registry and code: 13 MB
Uptime: 0.767739 s

LIBXSMM_VERSION: RT-bst-B-from-vreg-1.16.1-1577 (25183785)
LIBXSMM_TARGET: skx
Registry and code: 13 MB
Uptime: 0.731817 s

LIBXSMM_VERSION: RT-bst-B-from-vreg-1.16.1-1577 (25183785)
LIBXSMM_TARGET: skx
Registry and code: 13 MB
Uptime: 0.777416 s

LIBXSMM_VERSION: RT-bst-B-from-vreg-1.16.1-1577 (25183785)
LIBXSMM_TARGET: skx
Registry and code: 13 MB
Uptime: 0.632889 s

LIBXSMM_VERSION: RT-bst-B-from-vreg-1.16.1-1577 (25183785)
LIBXSMM_TARGET: skx
Registry and code: 13 MB
Uptime: 0.651192 s

LIBXSMM_VERSION: RT-bst-B-from-vreg-1.16.1-1577 (25183785)
LIBXSMM_TARGET: skx
Registry and code: 13 MB
Uptime: 0.637640 s

LIBXSMM_VERSION: RT-bst-B-from-vreg-1.16.1-1577 (25183785)
LIBXSMM_TARGET: skx
Registry and code: 13 MB
Uptime: 0.267893 s

LIBXSMM_VERSION: RT-bst-B-from-vreg-1.16.1-1577 (25183785)
LIBXSMM_TARGET: skx
Registry and code: 13 MB
Uptime: 0.246582 s

LIBXSMM_VERSION: RT-bst-B-from-vreg-1.16.1-1577 (25183785)
LIBXSMM_TARGET: skx
Registry and code: 13 MB
Uptime: 0.244563 s

LIBXSMM_VERSION: RT-bst-B-from-vreg-1.16.1-1577 (25183785)
LIBXSMM_TARGET: skx
Registry and code: 13 MB
Uptime: 0.258713 s

LIBXSMM_VERSION: RT-bst-B-from-vreg-1.16.1-1577 (25183785)
LIBXSMM_TARGET: skx
Registry and code: 13 MB
Uptime: 0.243842 s

LIBXSMM_VERSION: RT-bst-B-from-vreg-1.16.1-1577 (25183785)
LIBXSMM_TARGET: skx
Registry and code: 13 MB
Uptime: 0.266538 s

LIBXSMM_VERSION: RT-bst-B-from-vreg-1.16.1-1577 (25183785)
LIBXSMM_TARGET: skx
Registry and code: 13 MB
Uptime: 0.603025 s

LIBXSMM_VERSION: RT-bst-B-from-vreg-1.16.1-1577 (25183785)
LIBXSMM_TARGET: skx
Registry and code: 13 MB
Uptime: 0.566698 s

LIBXSMM_VERSION: RT-bst-B-from-vreg-1.16.1-1577 (25183785)
LIBXSMM_TARGET: skx
Registry and code: 13 MB
Uptime: 0.557560 s

LIBXSMM_VERSION: RT-bst-B-from-vreg-1.16.1-1577 (25183785)
LIBXSMM_TARGET: skx
Registry and code: 13 MB
Uptime: 0.791860 s

LIBXSMM_VERSION: RT-bst-B-from-vreg-1.16.1-1577 (25183785)
LIBXSMM_TARGET: skx
Registry and code: 13 MB
Uptime: 0.756540 s

LIBXSMM_VERSION: RT-bst-B-from-vreg-1.16.1-1577 (25183785)
LIBXSMM_TARGET: skx
Registry and code: 13 MB
Uptime: 0.776303 s

LIBXSMM_VERSION: RT-bst-B-from-vreg-1.16.1-1577 (25183785)
LIBXSMM_TARGET: skx
Registry and code: 13 MB
Uptime: 0.636223 s

LIBXSMM_VERSION: RT-bst-B-from-vreg-1.16.1-1577 (25183785)
LIBXSMM_TARGET: skx
Registry and code: 13 MB
Uptime: 0.677817 s

LIBXSMM_VERSION: RT-bst-B-from-vreg-1.16.1-1577 (25183785)
LIBXSMM_TARGET: skx
Registry and code: 13 MB
Uptime: 0.641709 s

LIBXSMM_VERSION: RT-bst-B-from-vreg-1.16.1-1577 (25183785)
LIBXSMM_TARGET: skx
Registry and code: 13 MB
Uptime: 0.300134 s

LIBXSMM_VERSION: RT-bst-B-from-vreg-1.16.1-1577 (25183785)
LIBXSMM_TARGET: skx
Registry and code: 13 MB
Uptime: 0.306956 s

LIBXSMM_VERSION: RT-bst-B-from-vreg-1.16.1-1577 (25183785)
LIBXSMM_TARGET: skx
Registry and code: 13 MB
Uptime: 0.311265 s

LIBXSMM_VERSION: RT-bst-B-from-vreg-1.16.1-1577 (25183785)
LIBXSMM_TARGET: skx
Registry and code: 13 MB
Uptime: 0.444382 s

LIBXSMM_VERSION: RT-bst-B-from-vreg-1.16.1-1577 (25183785)
LIBXSMM_TARGET: skx
Registry and code: 13 MB
Uptime: 0.432648 s

LIBXSMM_VERSION: RT-bst-B-from-vreg-1.16.1-1577 (25183785)
LIBXSMM_TARGET: skx
Registry and code: 13 MB
Uptime: 0.440409 s
Generating and Compiling data/example_mats/hex/p1/gauss-legendre/m0.txt
Running data/example_mats/hex/p1/gauss-legendre/m0.txt
Finished running in 0.26966666666666667ms
Generating and Compiling data/example_mats/hex/p1/gauss-legendre/m3.txt
Running data/example_mats/hex/p1/gauss-legendre/m3.txt
Finished running in 0.12823333333333334ms
Generating and Compiling data/example_mats/hex/p1/gauss-legendre/m6.txt
Running data/example_mats/hex/p1/gauss-legendre/m6.txt
Finished running in 0.2920833333333333ms
Generating and Compiling data/example_mats/hex/p1/gauss-legendre/m132.txt
Running data/example_mats/hex/p1/gauss-legendre/m132.txt
Finished running in 0.12561666666666665ms
Generating and Compiling data/example_mats/hex/p1/gauss-legendre/m460.txt
Running data/example_mats/hex/p1/gauss-legendre/m460.txt
Finished running in 0.26926666666666665ms
Generating and Compiling data/example_mats/hex/p2/gauss-legendre-lobatto/m0.txt
Running data/example_mats/hex/p2/gauss-legendre-lobatto/m0.txt
Finished running in 0.6184999999999999ms
Generating and Compiling data/example_mats/hex/p2/gauss-legendre-lobatto/m3.txt
Running data/example_mats/hex/p2/gauss-legendre-lobatto/m3.txt
Finished running in 0.49088333333333334ms
Generating and Compiling data/example_mats/hex/p2/gauss-legendre-lobatto/m6.txt
Running data/example_mats/hex/p2/gauss-legendre-lobatto/m6.txt
Finished running in 1.05045ms
Generating and Compiling data/example_mats/hex/p2/gauss-legendre-lobatto/m132.txt
Running data/example_mats/hex/p2/gauss-legendre-lobatto/m132.txt
Finished running in 0.6293500000000001ms
Generating and Compiling data/example_mats/hex/p2/gauss-legendre-lobatto/m460.txt
Running data/example_mats/hex/p2/gauss-legendre-lobatto/m460.txt
Finished running in 0.9448333333333333ms
Generating and Compiling data/example_mats/hex/p2/gauss-legendre/m0.txt
Running data/example_mats/hex/p2/gauss-legendre/m0.txt
Finished running in 0.6954333333333333ms
Generating and Compiling data/example_mats/hex/p2/gauss-legendre/m3.txt
Running data/example_mats/hex/p2/gauss-legendre/m3.txt
Finished running in 0.4894833333333333ms
Generating and Compiling data/example_mats/hex/p2/gauss-legendre/m6.txt
Running data/example_mats/hex/p2/gauss-legendre/m6.txt
Finished running in 1.0535166666666669ms
Generating and Compiling data/example_mats/hex/p2/gauss-legendre/m132.txt
Running data/example_mats/hex/p2/gauss-legendre/m132.txt
Finished running in 0.6200500000000001ms
Generating and Compiling data/example_mats/hex/p2/gauss-legendre/m460.txt
Running data/example_mats/hex/p2/gauss-legendre/m460.txt
Finished running in 0.9434833333333333ms
Generating and Compiling data/example_mats/hex/p3/gauss-legendre-lobatto/m0.txt
Running data/example_mats/hex/p3/gauss-legendre-lobatto/m0.txt
Finished running in 1.20825ms
Generating and Compiling data/example_mats/hex/p3/gauss-legendre-lobatto/m3.txt
Running data/example_mats/hex/p3/gauss-legendre-lobatto/m3.txt
Finished running in 1.16035ms
Generating and Compiling data/example_mats/hex/p3/gauss-legendre-lobatto/m6.txt
Running data/example_mats/hex/p3/gauss-legendre-lobatto/m6.txt
Finished running in 2.441933333333333ms
Generating and Compiling data/example_mats/hex/p3/gauss-legendre-lobatto/m132.txt
Running data/example_mats/hex/p3/gauss-legendre-lobatto/m132.txt
Finished running in 1.8530499999999999ms
Generating and Compiling data/example_mats/hex/p3/gauss-legendre-lobatto/m460.txt
Running data/example_mats/hex/p3/gauss-legendre-lobatto/m460.txt
Finished running in 2.49415ms
Generating and Compiling data/example_mats/hex/p3/gauss-legendre/m0.txt
Running data/example_mats/hex/p3/gauss-legendre/m0.txt
Finished running in 1.4281833333333334ms
Generating and Compiling data/example_mats/hex/p3/gauss-legendre/m3.txt
Running data/example_mats/hex/p3/gauss-legendre/m3.txt
Finished running in 1.1576333333333328ms
Generating and Compiling data/example_mats/hex/p3/gauss-legendre/m6.txt
Running data/example_mats/hex/p3/gauss-legendre/m6.txt
Finished running in 2.44835ms
Generating and Compiling data/example_mats/hex/p3/gauss-legendre/m132.txt
Running data/example_mats/hex/p3/gauss-legendre/m132.txt
Finished running in 1.9095ms
Generating and Compiling data/example_mats/hex/p3/gauss-legendre/m460.txt
Running data/example_mats/hex/p3/gauss-legendre/m460.txt
Finished running in 2.543683333333333ms
Generating and Compiling data/example_mats/hex/p4/gauss-legendre-lobatto/m0.txt
Running data/example_mats/hex/p4/gauss-legendre-lobatto/m0.txt
Finished running in 1.9531166666666666ms
Generating and Compiling data/example_mats/hex/p4/gauss-legendre-lobatto/m3.txt
Running data/example_mats/hex/p4/gauss-legendre-lobatto/m3.txt
Finished running in 2.2501666666666664ms
Generating and Compiling data/example_mats/hex/p4/gauss-legendre-lobatto/m6.txt
Running data/example_mats/hex/p4/gauss-legendre-lobatto/m6.txt
Finished running in 4.589016666666667ms
Generating and Compiling data/example_mats/hex/p4/gauss-legendre-lobatto/m132.txt
Running data/example_mats/hex/p4/gauss-legendre-lobatto/m132.txt
Finished running in 4.953966666666668ms
Generating and Compiling data/example_mats/hex/p4/gauss-legendre-lobatto/m460.txt
Running data/example_mats/hex/p4/gauss-legendre-lobatto/m460.txt
Finished running in 5.0937ms
Generating and Compiling data/example_mats/hex/p4/gauss-legendre/m0.txt
Running data/example_mats/hex/p4/gauss-legendre/m0.txt
Finished running in 2.5524333333333327ms
Generating and Compiling data/example_mats/hex/p4/gauss-legendre/m3.txt
Running data/example_mats/hex/p4/gauss-legendre/m3.txt
Finished running in 2.2822666666666667ms
Generating and Compiling data/example_mats/hex/p4/gauss-legendre/m6.txt
Running data/example_mats/hex/p4/gauss-legendre/m6.txt
Finished running in 4.612766666666667ms
Generating and Compiling data/example_mats/hex/p4/gauss-legendre/m132.txt
Running data/example_mats/hex/p4/gauss-legendre/m132.txt
Finished running in 4.958683333333334ms
Generating and Compiling data/example_mats/hex/p4/gauss-legendre/m460.txt
Running data/example_mats/hex/p4/gauss-legendre/m460.txt
Finished running in 5.1203ms
Generating and Compiling data/example_mats/hex/p5/gauss-legendre-lobatto/m0.txt
Running data/example_mats/hex/p5/gauss-legendre-lobatto/m0.txt
Finished running in 2.879ms
Generating and Compiling data/example_mats/hex/p5/gauss-legendre-lobatto/m3.txt
Running data/example_mats/hex/p5/gauss-legendre-lobatto/m3.txt
Finished running in 3.8375833333333333ms
Generating and Compiling data/example_mats/hex/p5/gauss-legendre-lobatto/m6.txt
Running data/example_mats/hex/p5/gauss-legendre-lobatto/m6.txt
Finished running in 8.136433333333333ms
Generating and Compiling data/example_mats/hex/p5/gauss-legendre-lobatto/m132.txt
Running data/example_mats/hex/p5/gauss-legendre-lobatto/m132.txt
Finished running in 11.190783333333334ms
Generating and Compiling data/example_mats/hex/p5/gauss-legendre-lobatto/m460.txt
Running data/example_mats/hex/p5/gauss-legendre-lobatto/m460.txt
Finished running in 9.890833333333335ms
Generating and Compiling data/example_mats/hex/p5/gauss-legendre/m0.txt
Running data/example_mats/hex/p5/gauss-legendre/m0.txt
Finished running in 4.077016666666667ms
Generating and Compiling data/example_mats/hex/p5/gauss-legendre/m3.txt
Running data/example_mats/hex/p5/gauss-legendre/m3.txt
Finished running in 3.613116666666667ms
Generating and Compiling data/example_mats/hex/p5/gauss-legendre/m6.txt
Running data/example_mats/hex/p5/gauss-legendre/m6.txt
Finished running in 8.171633333333334ms
Generating and Compiling data/example_mats/hex/p5/gauss-legendre/m132.txt
Running data/example_mats/hex/p5/gauss-legendre/m132.txt
Finished running in 10.329649999999999ms
Generating and Compiling data/example_mats/hex/p5/gauss-legendre/m460.txt
Running data/example_mats/hex/p5/gauss-legendre/m460.txt
Finished running in 10.094333333333335ms
Generating and Compiling data/example_mats/hex/p6/gauss-legendre-lobatto/m0.txt
Running data/example_mats/hex/p6/gauss-legendre-lobatto/m0.txt
Finished running in 4.025183333333334ms
Generating and Compiling data/example_mats/hex/p6/gauss-legendre-lobatto/m3.txt
Running data/example_mats/hex/p6/gauss-legendre-lobatto/m3.txt
Finished running in 6.349783333333333ms
LIBXSMM_VERSION: RT-bst-B-from-vreg-1.16.1-1577 (25183785)
LIBXSMM_TARGET: skx
Registry and code: 13 MB
Uptime: 1.095553 s

LIBXSMM_VERSION: RT-bst-B-from-vreg-1.16.1-1577 (25183785)
LIBXSMM_TARGET: skx
Registry and code: 13 MB
Uptime: 0.972130 s

LIBXSMM_VERSION: RT-bst-B-from-vreg-1.16.1-1577 (25183785)
LIBXSMM_TARGET: skx
Registry and code: 13 MB
Uptime: 0.991146 s

LIBXSMM_VERSION: RT-bst-B-from-vreg-1.16.1-1577 (25183785)
LIBXSMM_TARGET: skx
Registry and code: 13 MB
Uptime: 1.552156 s

LIBXSMM_VERSION: RT-bst-B-from-vreg-1.16.1-1577 (25183785)
LIBXSMM_TARGET: skx
Registry and code: 13 MB
Uptime: 1.394479 s

LIBXSMM_VERSION: RT-bst-B-from-vreg-1.16.1-1577 (25183785)
LIBXSMM_TARGET: skx
Registry and code: 13 MB
Uptime: 1.417720 s

LIBXSMM_VERSION: RT-bst-B-from-vreg-1.16.1-1577 (25183785)
LIBXSMM_TARGET: skx
Registry and code: 13 MB
Uptime: 1.198484 s

LIBXSMM_VERSION: RT-bst-B-from-vreg-1.16.1-1577 (25183785)
LIBXSMM_TARGET: skx
Registry and code: 13 MB
Uptime: 1.207230 s

LIBXSMM_VERSION: RT-bst-B-from-vreg-1.16.1-1577 (25183785)
LIBXSMM_TARGET: skx
Registry and code: 13 MB
Uptime: 1.180015 s

LIBXSMM_VERSION: RT-bst-B-from-vreg-1.16.1-1577 (25183785)
LIBXSMM_TARGET: skx
Registry and code: 13 MB
Uptime: 0.422910 s

LIBXSMM_VERSION: RT-bst-B-from-vreg-1.16.1-1577 (25183785)
LIBXSMM_TARGET: skx
Registry and code: 13 MB
Uptime: 0.411125 s

LIBXSMM_VERSION: RT-bst-B-from-vreg-1.16.1-1577 (25183785)
LIBXSMM_TARGET: skx
Registry and code: 13 MB
Uptime: 0.434378 s

LIBXSMM_VERSION: RT-bst-B-from-vreg-1.16.1-1577 (25183785)
LIBXSMM_TARGET: skx
Registry and code: 13 MB
Uptime: 0.468758 s

LIBXSMM_VERSION: RT-bst-B-from-vreg-1.16.1-1577 (25183785)
LIBXSMM_TARGET: skx
Registry and code: 13 MB
Uptime: 0.439438 s

LIBXSMM_VERSION: RT-bst-B-from-vreg-1.16.1-1577 (25183785)
LIBXSMM_TARGET: skx
Registry and code: 13 MB
Uptime: 0.443425 s

LIBXSMM_VERSION: RT-bst-B-from-vreg-1.16.1-1577 (25183785)
LIBXSMM_TARGET: skx
Registry and code: 13 MB
Uptime: 1.027937 s

LIBXSMM_VERSION: RT-bst-B-from-vreg-1.16.1-1577 (25183785)
LIBXSMM_TARGET: skx
Registry and code: 13 MB
Uptime: 0.961911 s

LIBXSMM_VERSION: RT-bst-B-from-vreg-1.16.1-1577 (25183785)
LIBXSMM_TARGET: skx
Registry and code: 13 MB
Uptime: 0.986153 s

LIBXSMM_VERSION: RT-bst-B-from-vreg-1.16.1-1577 (25183785)
LIBXSMM_TARGET: skx
Registry and code: 13 MB
Uptime: 1.529578 s

LIBXSMM_VERSION: RT-bst-B-from-vreg-1.16.1-1577 (25183785)
LIBXSMM_TARGET: skx
Registry and code: 13 MB
Uptime: 1.444736 s

LIBXSMM_VERSION: RT-bst-B-from-vreg-1.16.1-1577 (25183785)
LIBXSMM_TARGET: skx
Registry and code: 13 MB
Uptime: 1.434757 s

LIBXSMM_VERSION: RT-bst-B-from-vreg-1.16.1-1577 (25183785)
LIBXSMM_TARGET: skx
Registry and code: 13 MB
Uptime: 1.222984 s

LIBXSMM_VERSION: RT-bst-B-from-vreg-1.16.1-1577 (25183785)
LIBXSMM_TARGET: skx
Registry and code: 13 MB
Uptime: 1.228737 s

LIBXSMM_VERSION: RT-bst-B-from-vreg-1.16.1-1577 (25183785)
LIBXSMM_TARGET: skx
Registry and code: 13 MB
Uptime: 1.187050 s

LIBXSMM_VERSION: RT-bst-B-from-vreg-1.16.1-1577 (25183785)
LIBXSMM_TARGET: skx
Registry and code: 13 MB
Uptime: 0.008017 s

LIBXSMM_VERSION: RT-bst-B-from-vreg-1.16.1-1577 (25183785)
LIBXSMM_TARGET: skx
Registry and code: 13 MB
Uptime: 0.007933 s

LIBXSMM_VERSION: RT-bst-B-from-vreg-1.16.1-1577 (25183785)
LIBXSMM_TARGET: skx
Registry and code: 13 MB
Uptime: 0.008140 s

LIBXSMM_VERSION: RT-bst-B-from-vreg-1.16.1-1577 (25183785)
LIBXSMM_TARGET: skx
Registry and code: 13 MB
Uptime: 0.005612 s

LIBXSMM_VERSION: RT-bst-B-from-vreg-1.16.1-1577 (25183785)
LIBXSMM_TARGET: skx
Registry and code: 13 MB
Uptime: 0.005532 s

LIBXSMM_VERSION: RT-bst-B-from-vreg-1.16.1-1577 (25183785)
LIBXSMM_TARGET: skx
Registry and code: 13 MB
Uptime: 0.005850 s

LIBXSMM_VERSION: RT-bst-B-from-vreg-1.16.1-1577 (25183785)
LIBXSMM_TARGET: skx
Registry and code: 13 MB
Uptime: 0.008248 s

LIBXSMM_VERSION: RT-bst-B-from-vreg-1.16.1-1577 (25183785)
LIBXSMM_TARGET: skx
Registry and code: 13 MB
Uptime: 0.008121 s

LIBXSMM_VERSION: RT-bst-B-from-vreg-1.16.1-1577 (25183785)
LIBXSMM_TARGET: skx
Registry and code: 13 MB
Uptime: 0.008285 s

LIBXSMM_VERSION: RT-bst-B-from-vreg-1.16.1-1577 (25183785)
LIBXSMM_TARGET: skx
Registry and code: 13 MB
Uptime: 0.005523 s

LIBXSMM_VERSION: RT-bst-B-from-vreg-1.16.1-1577 (25183785)
LIBXSMM_TARGET: skx
Registry and code: 13 MB
Uptime: 0.005727 s

LIBXSMM_VERSION: RT-bst-B-from-vreg-1.16.1-1577 (25183785)
LIBXSMM_TARGET: skx
Registry and code: 13 MB
Uptime: 0.005932 s

LIBXSMM_VERSION: RT-bst-B-from-vreg-1.16.1-1577 (25183785)
LIBXSMM_TARGET: skx
Registry and code: 13 MB
Uptime: 0.008005 s

LIBXSMM_VERSION: RT-bst-B-from-vreg-1.16.1-1577 (25183785)
LIBXSMM_TARGET: skx
Registry and code: 13 MB
Uptime: 0.007923 s

LIBXSMM_VERSION: RT-bst-B-from-vreg-1.16.1-1577 (25183785)
LIBXSMM_TARGET: skx
Registry and code: 13 MB
Uptime: 0.007939 s

LIBXSMM_VERSION: RT-bst-B-from-vreg-1.16.1-1577 (25183785)
LIBXSMM_TARGET: skx
Registry and code: 13 MB
Uptime: 0.011255 s

LIBXSMM_VERSION: RT-bst-B-from-vreg-1.16.1-1577 (25183785)
LIBXSMM_TARGET: skx
Registry and code: 13 MB
Uptime: 0.010978 s

LIBXSMM_VERSION: RT-bst-B-from-vreg-1.16.1-1577 (25183785)
LIBXSMM_TARGET: skx
Registry and code: 13 MB
Uptime: 0.010923 s

LIBXSMM_VERSION: RT-bst-B-from-vreg-1.16.1-1577 (25183785)
LIBXSMM_TARGET: skx
Registry and code: 13 MB
Uptime: 0.009298 s

LIBXSMM_VERSION: RT-bst-B-from-vreg-1.16.1-1577 (25183785)
LIBXSMM_TARGET: skx
Registry and code: 13 MB
Uptime: 0.009372 s

LIBXSMM_VERSION: RT-bst-B-from-vreg-1.16.1-1577 (25183785)
LIBXSMM_TARGET: skx
Registry and code: 13 MB
Uptime: 0.009389 s

LIBXSMM_VERSION: RT-bst-B-from-vreg-1.16.1-1577 (25183785)
LIBXSMM_TARGET: skx
Registry and code: 13 MB
Uptime: 0.015486 s

LIBXSMM_VERSION: RT-bst-B-from-vreg-1.16.1-1577 (25183785)
LIBXSMM_TARGET: skx
Registry and code: 13 MB
Uptime: 0.015415 s

LIBXSMM_VERSION: RT-bst-B-from-vreg-1.16.1-1577 (25183785)
LIBXSMM_TARGET: skx
Registry and code: 13 MB
Uptime: 0.015403 s

LIBXSMM_VERSION: RT-bst-B-from-vreg-1.16.1-1577 (25183785)
LIBXSMM_TARGET: skx
Registry and code: 13 MB
Uptime: 0.010204 s

LIBXSMM_VERSION: RT-bst-B-from-vreg-1.16.1-1577 (25183785)
LIBXSMM_TARGET: skx
Registry and code: 13 MB
Uptime: 0.010258 s

LIBXSMM_VERSION: RT-bst-B-from-vreg-1.16.1-1577 (25183785)
LIBXSMM_TARGET: skx
Registry and code: 13 MB
Uptime: 0.010566 s

LIBXSMM_VERSION: RT-bst-B-from-vreg-1.16.1-1577 (25183785)
LIBXSMM_TARGET: skx
Registry and code: 13 MB
Uptime: 0.015344 s

LIBXSMM_VERSION: RT-bst-B-from-vreg-1.16.1-1577 (25183785)
LIBXSMM_TARGET: skx
Registry and code: 13 MB
Uptime: 0.015463 s

LIBXSMM_VERSION: RT-bst-B-from-vreg-1.16.1-1577 (25183785)
LIBXSMM_TARGET: skx
Registry and code: 13 MB
Uptime: 0.015434 s

LIBXSMM_VERSION: RT-bst-B-from-vreg-1.16.1-1577 (25183785)
LIBXSMM_TARGET: skx
Registry and code: 13 MB
Uptime: 0.012079 s

LIBXSMM_VERSION: RT-bst-B-from-vreg-1.16.1-1577 (25183785)
LIBXSMM_TARGET: skx
Registry and code: 13 MB
Uptime: 0.011356 s

LIBXSMM_VERSION: RT-bst-B-from-vreg-1.16.1-1577 (25183785)
LIBXSMM_TARGET: skx
Registry and code: 13 MB
Uptime: 0.011312 s

LIBXSMM_VERSION: RT-bst-B-from-vreg-1.16.1-1577 (25183785)
LIBXSMM_TARGET: skx
Registry and code: 13 MB
Uptime: 0.009612 s

LIBXSMM_VERSION: RT-bst-B-from-vreg-1.16.1-1577 (25183785)
LIBXSMM_TARGET: skx
Registry and code: 13 MB
Uptime: 0.009754 s

LIBXSMM_VERSION: RT-bst-B-from-vreg-1.16.1-1577 (25183785)
LIBXSMM_TARGET: skx
Registry and code: 13 MB
Uptime: 0.009637 s

LIBXSMM_VERSION: RT-bst-B-from-vreg-1.16.1-1577 (25183785)
LIBXSMM_TARGET: skx
Registry and code: 13 MB
Uptime: 0.015660 s

LIBXSMM_VERSION: RT-bst-B-from-vreg-1.16.1-1577 (25183785)
LIBXSMM_TARGET: skx
Registry and code: 13 MB
Uptime: 0.015972 s

LIBXSMM_VERSION: RT-bst-B-from-vreg-1.16.1-1577 (25183785)
LIBXSMM_TARGET: skx
Registry and code: 13 MB
Uptime: 0.015855 s

LIBXSMM_VERSION: RT-bst-B-from-vreg-1.16.1-1577 (25183785)
LIBXSMM_TARGET: skx
Registry and code: 13 MB
Uptime: 0.010402 s

LIBXSMM_VERSION: RT-bst-B-from-vreg-1.16.1-1577 (25183785)
LIBXSMM_TARGET: skx
Registry and code: 13 MB
Uptime: 0.010835 s

LIBXSMM_VERSION: RT-bst-B-from-vreg-1.16.1-1577 (25183785)
LIBXSMM_TARGET: skx
Registry and code: 13 MB
Uptime: 0.010674 s

LIBXSMM_VERSION: RT-bst-B-from-vreg-1.16.1-1577 (25183785)
LIBXSMM_TARGET: skx
Registry and code: 13 MB
Uptime: 0.015519 s

LIBXSMM_VERSION: RT-bst-B-from-vreg-1.16.1-1577 (25183785)
LIBXSMM_TARGET: skx
Registry and code: 13 MB
Uptime: 0.015630 s

LIBXSMM_VERSION: RT-bst-B-from-vreg-1.16.1-1577 (25183785)
LIBXSMM_TARGET: skx
Registry and code: 13 MB
Uptime: 0.015596 s

LIBXSMM_VERSION: RT-bst-B-from-vreg-1.16.1-1577 (25183785)
LIBXSMM_TARGET: skx
Registry and code: 13 MB
Uptime: 0.014571 s

LIBXSMM_VERSION: RT-bst-B-from-vreg-1.16.1-1577 (25183785)
LIBXSMM_TARGET: skx
Registry and code: 13 MB
Uptime: 0.014411 s

LIBXSMM_VERSION: RT-bst-B-from-vreg-1.16.1-1577 (25183785)
LIBXSMM_TARGET: skx
Registry and code: 13 MB
Uptime: 0.014458 s

LIBXSMM_VERSION: RT-bst-B-from-vreg-1.16.1-1577 (25183785)
LIBXSMM_TARGET: skx
Registry and code: 13 MB
Uptime: 0.015018 s

LIBXSMM_VERSION: RT-bst-B-from-vreg-1.16.1-1577 (25183785)
LIBXSMM_TARGET: skx
Registry and code: 13 MB
Uptime: 0.015073 s

LIBXSMM_VERSION: RT-bst-B-from-vreg-1.16.1-1577 (25183785)
LIBXSMM_TARGET: skx
Registry and code: 13 MB
Uptime: 0.015475 s

LIBXSMM_VERSION: RT-bst-B-from-vreg-1.16.1-1577 (25183785)
LIBXSMM_TARGET: skx
Registry and code: 13 MB
Uptime: 0.025956 s

LIBXSMM_VERSION: RT-bst-B-from-vreg-1.16.1-1577 (25183785)
LIBXSMM_TARGET: skx
Registry and code: 13 MB
Uptime: 0.026074 s

LIBXSMM_VERSION: RT-bst-B-from-vreg-1.16.1-1577 (25183785)
LIBXSMM_TARGET: skx
Registry and code: 13 MB
Uptime: 0.025967 s

LIBXSMM_VERSION: RT-bst-B-from-vreg-1.16.1-1577 (25183785)
LIBXSMM_TARGET: skx
Registry and code: 13 MB
Uptime: 0.017283 s

LIBXSMM_VERSION: RT-bst-B-from-vreg-1.16.1-1577 (25183785)
LIBXSMM_TARGET: skx
Registry and code: 13 MB
Uptime: 0.017853 s

LIBXSMM_VERSION: RT-bst-B-from-vreg-1.16.1-1577 (25183785)
LIBXSMM_TARGET: skx
Registry and code: 13 MB
Uptime: 0.018577 s

LIBXSMM_VERSION: RT-bst-B-from-vreg-1.16.1-1577 (25183785)
LIBXSMM_TARGET: skx
Registry and code: 13 MB
Uptime: 0.025924 s

LIBXSMM_VERSION: RT-bst-B-from-vreg-1.16.1-1577 (25183785)
LIBXSMM_TARGET: skx
Registry and code: 13 MB
Uptime: 0.026388 s

LIBXSMM_VERSION: RT-bst-B-from-vreg-1.16.1-1577 (25183785)
LIBXSMM_TARGET: skx
Registry and code: 13 MB
Uptime: 0.026768 s

LIBXSMM_VERSION: RT-bst-B-from-vreg-1.16.1-1577 (25183785)
LIBXSMM_TARGET: skx
Registry and code: 13 MB
Uptime: 0.015009 s

LIBXSMM_VERSION: RT-bst-B-from-vreg-1.16.1-1577 (25183785)
LIBXSMM_TARGET: skx
Registry and code: 13 MB
Uptime: 0.015093 s

LIBXSMM_VERSION: RT-bst-B-from-vreg-1.16.1-1577 (25183785)
LIBXSMM_TARGET: skx
Registry and code: 13 MB
Uptime: 0.014923 s

LIBXSMM_VERSION: RT-bst-B-from-vreg-1.16.1-1577 (25183785)
LIBXSMM_TARGET: skx
Registry and code: 13 MB
Uptime: 0.015065 s

LIBXSMM_VERSION: RT-bst-B-from-vreg-1.16.1-1577 (25183785)
LIBXSMM_TARGET: skx
Registry and code: 13 MB
Uptime: 0.015089 s

LIBXSMM_VERSION: RT-bst-B-from-vreg-1.16.1-1577 (25183785)
LIBXSMM_TARGET: skx
Registry and code: 13 MB
Uptime: 0.015416 s

LIBXSMM_VERSION: RT-bst-B-from-vreg-1.16.1-1577 (25183785)
LIBXSMM_TARGET: skx
Registry and code: 13 MB
Uptime: 0.025892 s

LIBXSMM_VERSION: RT-bst-B-from-vreg-1.16.1-1577 (25183785)
LIBXSMM_TARGET: skx
Registry and code: 13 MB
Uptime: 0.026077 s

LIBXSMM_VERSION: RT-bst-B-from-vreg-1.16.1-1577 (25183785)
LIBXSMM_TARGET: skx
Registry and code: 13 MB
Uptime: 0.029691 s

LIBXSMM_VERSION: RT-bst-B-from-vreg-1.16.1-1577 (25183785)
LIBXSMM_TARGET: skx
Registry and code: 13 MB
Uptime: 0.017381 s

LIBXSMM_VERSION: RT-bst-B-from-vreg-1.16.1-1577 (25183785)
LIBXSMM_TARGET: skx
Registry and code: 13 MB
Uptime: 0.017722 s

LIBXSMM_VERSION: RT-bst-B-from-vreg-1.16.1-1577 (25183785)
LIBXSMM_TARGET: skx
Registry and code: 13 MB
Uptime: 0.018833 s

LIBXSMM_VERSION: RT-bst-B-from-vreg-1.16.1-1577 (25183785)
LIBXSMM_TARGET: skx
Registry and code: 13 MB
Uptime: 0.026406 s

LIBXSMM_VERSION: RT-bst-B-from-vreg-1.16.1-1577 (25183785)
LIBXSMM_TARGET: skx
Registry and code: 13 MB
Uptime: 0.026263 s

LIBXSMM_VERSION: RT-bst-B-from-vreg-1.16.1-1577 (25183785)
LIBXSMM_TARGET: skx
Registry and code: 13 MB
Uptime: 0.027096 s

LIBXSMM_VERSION: RT-bst-B-from-vreg-1.16.1-1577 (25183785)
LIBXSMM_TARGET: skx
Registry and code: 13 MB
Uptime: 0.017946 s

LIBXSMM_VERSION: RT-bst-B-from-vreg-1.16.1-1577 (25183785)
LIBXSMM_TARGET: skx
Registry and code: 13 MB
Uptime: 0.018009 s

LIBXSMM_VERSION: RT-bst-B-from-vreg-1.16.1-1577 (25183785)
LIBXSMM_TARGET: skx
Registry and code: 13 MB
Uptime: 0.017999 s

LIBXSMM_VERSION: RT-bst-B-from-vreg-1.16.1-1577 (25183785)
LIBXSMM_TARGET: skx
Registry and code: 13 MB
Uptime: 0.022010 s

LIBXSMM_VERSION: RT-bst-B-from-vreg-1.16.1-1577 (25183785)
LIBXSMM_TARGET: skx
Registry and code: 13 MB
Uptime: 0.021766 s

LIBXSMM_VERSION: RT-bst-B-from-vreg-1.16.1-1577 (25183785)
LIBXSMM_TARGET: skx
Registry and code: 13 MB
Uptime: 0.021907 s

LIBXSMM_VERSION: RT-bst-B-from-vreg-1.16.1-1577 (25183785)
LIBXSMM_TARGET: skx
Registry and code: 13 MB
Uptime: 0.039088 s

LIBXSMM_VERSION: RT-bst-B-from-vreg-1.16.1-1577 (25183785)
LIBXSMM_TARGET: skx
Registry and code: 13 MB
Uptime: 0.039153 s

LIBXSMM_VERSION: RT-bst-B-from-vreg-1.16.1-1577 (25183785)
LIBXSMM_TARGET: skx
Registry and code: 13 MB
Uptime: 0.039348 s

LIBXSMM_VERSION: RT-bst-B-from-vreg-1.16.1-1577 (25183785)
LIBXSMM_TARGET: skx
Registry and code: 13 MB
Uptime: 0.033762 s

LIBXSMM_VERSION: RT-bst-B-from-vreg-1.16.1-1577 (25183785)
LIBXSMM_TARGET: skx
Registry and code: 13 MB
Uptime: 0.035111 s

LIBXSMM_VERSION: RT-bst-B-from-vreg-1.16.1-1577 (25183785)
LIBXSMM_TARGET: skx
Registry and code: 13 MB
Uptime: 0.035264 s

LIBXSMM_VERSION: RT-bst-B-from-vreg-1.16.1-1577 (25183785)
LIBXSMM_TARGET: skx
Registry and code: 13 MB
Uptime: 0.039966 s

LIBXSMM_VERSION: RT-bst-B-from-vreg-1.16.1-1577 (25183785)
LIBXSMM_TARGET: skx
Registry and code: 13 MB
Uptime: 0.040262 s

LIBXSMM_VERSION: RT-bst-B-from-vreg-1.16.1-1577 (25183785)
LIBXSMM_TARGET: skx
Registry and code: 13 MB
Uptime: 0.041129 s

LIBXSMM_VERSION: RT-bst-B-from-vreg-1.16.1-1577 (25183785)
LIBXSMM_TARGET: skx
Registry and code: 13 MB
Uptime: 0.018994 s

LIBXSMM_VERSION: RT-bst-B-from-vreg-1.16.1-1577 (25183785)
LIBXSMM_TARGET: skx
Registry and code: 13 MB
Uptime: 0.019267 s

LIBXSMM_VERSION: RT-bst-B-from-vreg-1.16.1-1577 (25183785)
LIBXSMM_TARGET: skx
Registry and code: 13 MB
Uptime: 0.019558 s

LIBXSMM_VERSION: RT-bst-B-from-vreg-1.16.1-1577 (25183785)
LIBXSMM_TARGET: skx
Registry and code: 13 MB
Uptime: 0.022135 s

LIBXSMM_VERSION: RT-bst-B-from-vreg-1.16.1-1577 (25183785)
LIBXSMM_TARGET: skx
Registry and code: 13 MB
Uptime: 0.021968 s

LIBXSMM_VERSION: RT-bst-B-from-vreg-1.16.1-1577 (25183785)
LIBXSMM_TARGET: skx
Registry and code: 13 MB
Uptime: 0.022303 s

LIBXSMM_VERSION: RT-bst-B-from-vreg-1.16.1-1577 (25183785)
LIBXSMM_TARGET: skx
Registry and code: 13 MB
Uptime: 0.039044 s

LIBXSMM_VERSION: RT-bst-B-from-vreg-1.16.1-1577 (25183785)
LIBXSMM_TARGET: skx
Registry and code: 13 MB
Uptime: 0.039093 s

LIBXSMM_VERSION: RT-bst-B-from-vreg-1.16.1-1577 (25183785)
LIBXSMM_TARGET: skx
Registry and code: 13 MB
Uptime: 0.039211 s

LIBXSMM_VERSION: RT-bst-B-from-vreg-1.16.1-1577 (25183785)
LIBXSMM_TARGET: skx
Registry and code: 13 MB
Uptime: 0.034033 s

LIBXSMM_VERSION: RT-bst-B-from-vreg-1.16.1-1577 (25183785)
LIBXSMM_TARGET: skx
Registry and code: 13 MB
Uptime: 0.035303 s

LIBXSMM_VERSION: RT-bst-B-from-vreg-1.16.1-1577 (25183785)
LIBXSMM_TARGET: skx
Registry and code: 13 MB
Uptime: 0.035312 s

LIBXSMM_VERSION: RT-bst-B-from-vreg-1.16.1-1577 (25183785)
LIBXSMM_TARGET: skx
Registry and code: 13 MB
Uptime: 0.040039 s

LIBXSMM_VERSION: RT-bst-B-from-vreg-1.16.1-1577 (25183785)
LIBXSMM_TARGET: skx
Registry and code: 13 MB
Uptime: 0.040654 s

LIBXSMM_VERSION: RT-bst-B-from-vreg-1.16.1-1577 (25183785)
LIBXSMM_TARGET: skx
Registry and code: 13 MB
Uptime: 0.041386 s

LIBXSMM_VERSION: RT-bst-B-from-vreg-1.16.1-1577 (25183785)
LIBXSMM_TARGET: skx
Registry and code: 13 MB
Uptime: 0.021345 s

LIBXSMM_VERSION: RT-bst-B-from-vreg-1.16.1-1577 (25183785)
LIBXSMM_TARGET: skx
Registry and code: 13 MB
Uptime: 0.021475 s

LIBXSMM_VERSION: RT-bst-B-from-vreg-1.16.1-1577 (25183785)
LIBXSMM_TARGET: skx
Registry and code: 13 MB
Uptime: 0.021641 s

LIBXSMM_VERSION: RT-bst-B-from-vreg-1.16.1-1577 (25183785)
LIBXSMM_TARGET: skx
Registry and code: 13 MB
Uptime: 0.030155 s

LIBXSMM_VERSION: RT-bst-B-from-vreg-1.16.1-1577 (25183785)
LIBXSMM_TARGET: skx
Registry and code: 13 MB
Uptime: 0.030667 s

LIBXSMM_VERSION: RT-bst-B-from-vreg-1.16.1-1577 (25183785)
LIBXSMM_TARGET: skx
Registry and code: 13 MB
Uptime: 0.030406 s

LIBXSMM_VERSION: RT-bst-B-from-vreg-1.16.1-1577 (25183785)
LIBXSMM_TARGET: skx
Registry and code: 13 MB
Uptime: 0.054591 s

LIBXSMM_VERSION: RT-bst-B-from-vreg-1.16.1-1577 (25183785)
LIBXSMM_TARGET: skx
Registry and code: 13 MB
Uptime: 0.054753 s

LIBXSMM_VERSION: RT-bst-B-from-vreg-1.16.1-1577 (25183785)
LIBXSMM_TARGET: skx
Registry and code: 13 MB
Uptime: 0.055290 s

Generating and Compiling data/example_mats/hex/p6/gauss-legendre-lobatto/m6.txt
Running data/example_mats/hex/p6/gauss-legendre-lobatto/m6.txt
Finished running in 13.901933333333334ms
Generating and Compiling data/example_mats/hex/p6/gauss-legendre-lobatto/m132.txt
Running data/example_mats/hex/p6/gauss-legendre-lobatto/m132.txt
Finished running in 21.352266666666665ms
Generating and Compiling data/example_mats/hex/p6/gauss-legendre-lobatto/m460.txt
Running data/example_mats/hex/p6/gauss-legendre-lobatto/m460.txt
Finished running in 17.563566666666667ms
Generating and Compiling data/example_mats/hex/p6/gauss-legendre/m0.txt
Running data/example_mats/hex/p6/gauss-legendre/m0.txt
Finished running in 6.316299999999999ms
Generating and Compiling data/example_mats/hex/p6/gauss-legendre/m3.txt
Running data/example_mats/hex/p6/gauss-legendre/m3.txt
Finished running in 6.290633333333333ms
Generating and Compiling data/example_mats/hex/p6/gauss-legendre/m6.txt
Running data/example_mats/hex/p6/gauss-legendre/m6.txt
Finished running in 13.804450000000001ms
Generating and Compiling data/example_mats/hex/p6/gauss-legendre/m132.txt
Running data/example_mats/hex/p6/gauss-legendre/m132.txt
Finished running in 22.181433333333334ms
Generating and Compiling data/example_mats/hex/p6/gauss-legendre/m460.txt
Running data/example_mats/hex/p6/gauss-legendre/m460.txt
Finished running in 181.66593333333333ms
Generating and Compiling data/example_mats/quad/p1/gauss-legendre/m0.txt
Running data/example_mats/quad/p1/gauss-legendre/m0.txt
Finished running in 0.0902ms
Generating and Compiling data/example_mats/quad/p1/gauss-legendre/m3.txt
Running data/example_mats/quad/p1/gauss-legendre/m3.txt
Finished running in 0.052000000000000005ms
Generating and Compiling data/example_mats/quad/p1/gauss-legendre/m6.txt
Running data/example_mats/quad/p1/gauss-legendre/m6.txt
Finished running in 0.09438333333333333ms
Generating and Compiling data/example_mats/quad/p1/gauss-legendre/m132.txt
Running data/example_mats/quad/p1/gauss-legendre/m132.txt
Finished running in 0.0508ms
Generating and Compiling data/example_mats/quad/p1/gauss-legendre/m460.txt
Running data/example_mats/quad/p1/gauss-legendre/m460.txt
Finished running in 0.09051666666666666ms
Generating and Compiling data/example_mats/quad/p2/gauss-legendre-lobatto/m0.txt
Running data/example_mats/quad/p2/gauss-legendre-lobatto/m0.txt
Finished running in 0.13543333333333332ms
Generating and Compiling data/example_mats/quad/p2/gauss-legendre-lobatto/m3.txt
Running data/example_mats/quad/p2/gauss-legendre-lobatto/m3.txt
Finished running in 0.11118333333333334ms
Generating and Compiling data/example_mats/quad/p2/gauss-legendre-lobatto/m6.txt
Running data/example_mats/quad/p2/gauss-legendre-lobatto/m6.txt
Finished running in 0.2054ms
Generating and Compiling data/example_mats/quad/p2/gauss-legendre-lobatto/m132.txt
Running data/example_mats/quad/p2/gauss-legendre-lobatto/m132.txt
Finished running in 0.12655ms
Generating and Compiling data/example_mats/quad/p2/gauss-legendre-lobatto/m460.txt
Running data/example_mats/quad/p2/gauss-legendre-lobatto/m460.txt
Finished running in 0.20526666666666668ms
Generating and Compiling data/example_mats/quad/p2/gauss-legendre/m0.txt
Running data/example_mats/quad/p2/gauss-legendre/m0.txt
Finished running in 0.15553333333333336ms
Generating and Compiling data/example_mats/quad/p2/gauss-legendre/m3.txt
Running data/example_mats/quad/p2/gauss-legendre/m3.txt
Finished running in 0.11193333333333334ms
Generating and Compiling data/example_mats/quad/p2/gauss-legendre/m6.txt
Running data/example_mats/quad/p2/gauss-legendre/m6.txt
Finished running in 0.20555ms
Generating and Compiling data/example_mats/quad/p2/gauss-legendre/m132.txt
Running data/example_mats/quad/p2/gauss-legendre/m132.txt
Finished running in 0.12755ms
Generating and Compiling data/example_mats/quad/p2/gauss-legendre/m460.txt
Running data/example_mats/quad/p2/gauss-legendre/m460.txt
Finished running in 0.21031666666666665ms
Generating and Compiling data/example_mats/quad/p3/gauss-legendre-lobatto/m0.txt
Running data/example_mats/quad/p3/gauss-legendre-lobatto/m0.txt
Finished running in 0.18493333333333334ms
Generating and Compiling data/example_mats/quad/p3/gauss-legendre-lobatto/m3.txt
Running data/example_mats/quad/p3/gauss-legendre-lobatto/m3.txt
Finished running in 0.2006ms
Generating and Compiling data/example_mats/quad/p3/gauss-legendre-lobatto/m6.txt
Running data/example_mats/quad/p3/gauss-legendre-lobatto/m6.txt
Finished running in 0.36788333333333334ms
Generating and Compiling data/example_mats/quad/p3/gauss-legendre-lobatto/m132.txt
Running data/example_mats/quad/p3/gauss-legendre-lobatto/m132.txt
Finished running in 0.24225ms
Generating and Compiling data/example_mats/quad/p3/gauss-legendre-lobatto/m460.txt
Running data/example_mats/quad/p3/gauss-legendre-lobatto/m460.txt
Finished running in 0.3792666666666667ms
Generating and Compiling data/example_mats/quad/p3/gauss-legendre/m0.txt
Running data/example_mats/quad/p3/gauss-legendre/m0.txt
Finished running in 0.20371666666666668ms
Generating and Compiling data/example_mats/quad/p3/gauss-legendre/m3.txt
Running data/example_mats/quad/p3/gauss-legendre/m3.txt
Finished running in 0.2029ms
Generating and Compiling data/example_mats/quad/p3/gauss-legendre/m6.txt
Running data/example_mats/quad/p3/gauss-legendre/m6.txt
Finished running in 0.3683166666666667ms
Generating and Compiling data/example_mats/quad/p3/gauss-legendre/m132.txt
Running data/example_mats/quad/p3/gauss-legendre/m132.txt
Finished running in 0.24886666666666668ms
Generating and Compiling data/example_mats/quad/p3/gauss-legendre/m460.txt
Running data/example_mats/quad/p3/gauss-legendre/m460.txt
Finished running in 0.38248333333333334ms
Generating and Compiling data/example_mats/quad/p4/gauss-legendre-lobatto/m0.txt
Running data/example_mats/quad/p4/gauss-legendre-lobatto/m0.txt
Finished running in 0.23446666666666666ms
Generating and Compiling data/example_mats/quad/p4/gauss-legendre-lobatto/m3.txt
Running data/example_mats/quad/p4/gauss-legendre-lobatto/m3.txt
Finished running in 0.31281666666666663ms
Generating and Compiling data/example_mats/quad/p4/gauss-legendre-lobatto/m6.txt
Running data/example_mats/quad/p4/gauss-legendre-lobatto/m6.txt
Finished running in 0.5693166666666667ms
Generating and Compiling data/example_mats/quad/p4/gauss-legendre-lobatto/m132.txt
Running data/example_mats/quad/p4/gauss-legendre-lobatto/m132.txt
Finished running in 0.4998833333333333ms
Generating and Compiling data/example_mats/quad/p4/gauss-legendre-lobatto/m460.txt
Running data/example_mats/quad/p4/gauss-legendre-lobatto/m460.txt
Finished running in 0.6167ms
Generating and Compiling data/example_mats/quad/p4/gauss-legendre/m0.txt
Running data/example_mats/quad/p4/gauss-legendre/m0.txt
Finished running in 0.2753833333333333ms
Generating and Compiling data/example_mats/quad/p4/gauss-legendre/m3.txt
Running data/example_mats/quad/p4/gauss-legendre/m3.txt
Finished running in 0.3237333333333333ms
Generating and Compiling data/example_mats/quad/p4/gauss-legendre/m6.txt
Running data/example_mats/quad/p4/gauss-legendre/m6.txt
Finished running in 0.57025ms
Generating and Compiling data/example_mats/quad/p4/gauss-legendre/m132.txt
Running data/example_mats/quad/p4/gauss-legendre/m132.txt
Finished running in 0.5090166666666667ms
Generating and Compiling data/example_mats/quad/p4/gauss-legendre/m460.txt
Running data/example_mats/quad/p4/gauss-legendre/m460.txt
Finished running in 0.62445ms
Generating and Compiling data/example_mats/quad/p5/gauss-legendre-lobatto/m0.txt
Running data/example_mats/quad/p5/gauss-legendre-lobatto/m0.txt
Finished running in 0.2844ms
Generating and Compiling data/example_mats/quad/p5/gauss-legendre-lobatto/m3.txt
Running data/example_mats/quad/p5/gauss-legendre-lobatto/m3.txt
Finished running in 0.45116666666666666ms
Generating and Compiling data/example_mats/quad/p5/gauss-legendre-lobatto/m6.txt
Running data/example_mats/quad/p5/gauss-legendre-lobatto/m6.txt
Finished running in 0.8231833333333333ms
Generating and Compiling data/example_mats/quad/p5/gauss-legendre-lobatto/m132.txt
Running data/example_mats/quad/p5/gauss-legendre-lobatto/m132.txt
LIBXSMM_VERSION: RT-bst-B-from-vreg-1.16.1-1577 (25183785)
LIBXSMM_TARGET: skx
Registry and code: 13 MB
Uptime: 0.050935 s

LIBXSMM_VERSION: RT-bst-B-from-vreg-1.16.1-1577 (25183785)
LIBXSMM_TARGET: skx
Registry and code: 13 MB
Uptime: 0.053766 s

LIBXSMM_VERSION: RT-bst-B-from-vreg-1.16.1-1577 (25183785)
LIBXSMM_TARGET: skx
Registry and code: 13 MB
Uptime: 0.053453 s

LIBXSMM_VERSION: RT-bst-B-from-vreg-1.16.1-1577 (25183785)
LIBXSMM_TARGET: skx
Registry and code: 13 MB
Uptime: 0.058801 s

LIBXSMM_VERSION: RT-bst-B-from-vreg-1.16.1-1577 (25183785)
LIBXSMM_TARGET: skx
Registry and code: 13 MB
Uptime: 0.062395 s

LIBXSMM_VERSION: RT-bst-B-from-vreg-1.16.1-1577 (25183785)
LIBXSMM_TARGET: skx
Registry and code: 13 MB
Uptime: 0.061298 s

LIBXSMM_VERSION: RT-bst-B-from-vreg-1.16.1-1577 (25183785)
LIBXSMM_TARGET: skx
Registry and code: 13 MB
Uptime: 0.024297 s

LIBXSMM_VERSION: RT-bst-B-from-vreg-1.16.1-1577 (25183785)
LIBXSMM_TARGET: skx
Registry and code: 13 MB
Uptime: 0.024418 s

LIBXSMM_VERSION: RT-bst-B-from-vreg-1.16.1-1577 (25183785)
LIBXSMM_TARGET: skx
Registry and code: 13 MB
Uptime: 0.025305 s

LIBXSMM_VERSION: RT-bst-B-from-vreg-1.16.1-1577 (25183785)
LIBXSMM_TARGET: skx
Registry and code: 13 MB
Uptime: 0.029990 s

LIBXSMM_VERSION: RT-bst-B-from-vreg-1.16.1-1577 (25183785)
LIBXSMM_TARGET: skx
Registry and code: 13 MB
Uptime: 0.030260 s

LIBXSMM_VERSION: RT-bst-B-from-vreg-1.16.1-1577 (25183785)
LIBXSMM_TARGET: skx
Registry and code: 13 MB
Uptime: 0.030402 s

LIBXSMM_VERSION: RT-bst-B-from-vreg-1.16.1-1577 (25183785)
LIBXSMM_TARGET: skx
Registry and code: 13 MB
Uptime: 0.054730 s

LIBXSMM_VERSION: RT-bst-B-from-vreg-1.16.1-1577 (25183785)
LIBXSMM_TARGET: skx
Registry and code: 13 MB
Uptime: 0.054520 s

LIBXSMM_VERSION: RT-bst-B-from-vreg-1.16.1-1577 (25183785)
LIBXSMM_TARGET: skx
Registry and code: 13 MB
Uptime: 0.054896 s

LIBXSMM_VERSION: RT-bst-B-from-vreg-1.16.1-1577 (25183785)
LIBXSMM_TARGET: skx
Registry and code: 13 MB
Uptime: 0.052607 s

LIBXSMM_VERSION: RT-bst-B-from-vreg-1.16.1-1577 (25183785)
LIBXSMM_TARGET: skx
Registry and code: 13 MB
Uptime: 0.054258 s

LIBXSMM_VERSION: RT-bst-B-from-vreg-1.16.1-1577 (25183785)
LIBXSMM_TARGET: skx
Registry and code: 13 MB
Uptime: 0.053739 s

LIBXSMM_VERSION: RT-bst-B-from-vreg-1.16.1-1577 (25183785)
LIBXSMM_TARGET: skx
Registry and code: 13 MB
Uptime: 0.059385 s

LIBXSMM_VERSION: RT-bst-B-from-vreg-1.16.1-1577 (25183785)
LIBXSMM_TARGET: skx
Registry and code: 13 MB
Uptime: 0.062862 s

LIBXSMM_VERSION: RT-bst-B-from-vreg-1.16.1-1577 (25183785)
LIBXSMM_TARGET: skx
Registry and code: 13 MB
Uptime: 0.062495 s

LIBXSMM_VERSION: RT-bst-B-from-vreg-1.16.1-1577 (25183785)
LIBXSMM_TARGET: skx
Registry and code: 13 MB
Uptime: 0.024796 s

LIBXSMM_VERSION: RT-bst-B-from-vreg-1.16.1-1577 (25183785)
LIBXSMM_TARGET: skx
Registry and code: 13 MB
Uptime: 0.024694 s

LIBXSMM_VERSION: RT-bst-B-from-vreg-1.16.1-1577 (25183785)
LIBXSMM_TARGET: skx
Registry and code: 13 MB
Uptime: 0.024973 s

LIBXSMM_VERSION: RT-bst-B-from-vreg-1.16.1-1577 (25183785)
LIBXSMM_TARGET: skx
Registry and code: 13 MB
Uptime: 0.039691 s

LIBXSMM_VERSION: RT-bst-B-from-vreg-1.16.1-1577 (25183785)
LIBXSMM_TARGET: skx
Registry and code: 13 MB
Uptime: 0.040306 s

LIBXSMM_VERSION: RT-bst-B-from-vreg-1.16.1-1577 (25183785)
LIBXSMM_TARGET: skx
Registry and code: 13 MB
Uptime: 0.040314 s

LIBXSMM_VERSION: RT-bst-B-from-vreg-1.16.1-1577 (25183785)
LIBXSMM_TARGET: skx
Registry and code: 13 MB
Uptime: 0.073247 s

LIBXSMM_VERSION: RT-bst-B-from-vreg-1.16.1-1577 (25183785)
LIBXSMM_TARGET: skx
Registry and code: 13 MB
Uptime: 0.073566 s

LIBXSMM_VERSION: RT-bst-B-from-vreg-1.16.1-1577 (25183785)
LIBXSMM_TARGET: skx
Registry and code: 13 MB
Uptime: 0.074272 s

LIBXSMM_VERSION: RT-bst-B-from-vreg-1.16.1-1577 (25183785)
LIBXSMM_TARGET: skx
Registry and code: 13 MB
Uptime: 0.075724 s

LIBXSMM_VERSION: RT-bst-B-from-vreg-1.16.1-1577 (25183785)
LIBXSMM_TARGET: skx
Registry and code: 13 MB
Uptime: 0.076776 s

LIBXSMM_VERSION: RT-bst-B-from-vreg-1.16.1-1577 (25183785)
LIBXSMM_TARGET: skx
Registry and code: 13 MB
Uptime: 0.076176 s

LIBXSMM_VERSION: RT-bst-B-from-vreg-1.16.1-1577 (25183785)
LIBXSMM_TARGET: skx
Registry and code: 13 MB
Uptime: 0.084613 s

LIBXSMM_VERSION: RT-bst-B-from-vreg-1.16.1-1577 (25183785)
LIBXSMM_TARGET: skx
Registry and code: 13 MB
Uptime: 0.090578 s

LIBXSMM_VERSION: RT-bst-B-from-vreg-1.16.1-1577 (25183785)
LIBXSMM_TARGET: skx
Registry and code: 13 MB
Uptime: 0.086444 s

LIBXSMM_VERSION: RT-bst-B-from-vreg-1.16.1-1577 (25183785)
LIBXSMM_TARGET: skx
Registry and code: 13 MB
Uptime: 0.035534 s

LIBXSMM_VERSION: RT-bst-B-from-vreg-1.16.1-1577 (25183785)
LIBXSMM_TARGET: skx
Registry and code: 13 MB
Uptime: 0.036242 s

LIBXSMM_VERSION: RT-bst-B-from-vreg-1.16.1-1577 (25183785)
LIBXSMM_TARGET: skx
Registry and code: 13 MB
Uptime: 0.035762 s

LIBXSMM_VERSION: RT-bst-B-from-vreg-1.16.1-1577 (25183785)
LIBXSMM_TARGET: skx
Registry and code: 13 MB
Uptime: 0.039613 s

LIBXSMM_VERSION: RT-bst-B-from-vreg-1.16.1-1577 (25183785)
LIBXSMM_TARGET: skx
Registry and code: 13 MB
Uptime: 0.039820 s

LIBXSMM_VERSION: RT-bst-B-from-vreg-1.16.1-1577 (25183785)
LIBXSMM_TARGET: skx
Registry and code: 13 MB
Uptime: 0.039854 s

LIBXSMM_VERSION: RT-bst-B-from-vreg-1.16.1-1577 (25183785)
LIBXSMM_TARGET: skx
Registry and code: 13 MB
Uptime: 0.073239 s

LIBXSMM_VERSION: RT-bst-B-from-vreg-1.16.1-1577 (25183785)
LIBXSMM_TARGET: skx
Registry and code: 13 MB
Uptime: 0.073240 s

LIBXSMM_VERSION: RT-bst-B-from-vreg-1.16.1-1577 (25183785)
LIBXSMM_TARGET: skx
Registry and code: 13 MB
Uptime: 0.074092 s

LIBXSMM_VERSION: RT-bst-B-from-vreg-1.16.1-1577 (25183785)
LIBXSMM_TARGET: skx
Registry and code: 13 MB
Uptime: 0.079317 s

LIBXSMM_VERSION: RT-bst-B-from-vreg-1.16.1-1577 (25183785)
LIBXSMM_TARGET: skx
Registry and code: 13 MB
Uptime: 0.078805 s

LIBXSMM_VERSION: RT-bst-B-from-vreg-1.16.1-1577 (25183785)
LIBXSMM_TARGET: skx
Registry and code: 13 MB
Uptime: 0.070880 s

LIBXSMM_VERSION: RT-bst-B-from-vreg-1.16.1-1577 (25183785)
LIBXSMM_TARGET: skx
Registry and code: 13 MB
Uptime: 0.085977 s

LIBXSMM_VERSION: RT-bst-B-from-vreg-1.16.1-1577 (25183785)
LIBXSMM_TARGET: skx
Registry and code: 13 MB
Uptime: 0.091977 s

LIBXSMM_VERSION: RT-bst-B-from-vreg-1.16.1-1577 (25183785)
LIBXSMM_TARGET: skx
Registry and code: 13 MB
Uptime: 0.087723 s

LIBXSMM_VERSION: RT-bst-B-from-vreg-1.16.1-1577 (25183785)
LIBXSMM_TARGET: skx
Registry and code: 13 MB
Uptime: 0.011286 s

LIBXSMM_VERSION: RT-bst-B-from-vreg-1.16.1-1577 (25183785)
LIBXSMM_TARGET: skx
Registry and code: 13 MB
Uptime: 0.010755 s

LIBXSMM_VERSION: RT-bst-B-from-vreg-1.16.1-1577 (25183785)
LIBXSMM_TARGET: skx
Registry and code: 13 MB
Uptime: 0.010725 s

LIBXSMM_VERSION: RT-bst-B-from-vreg-1.16.1-1577 (25183785)
LIBXSMM_TARGET: skx
Registry and code: 13 MB
Uptime: 0.006343 s

LIBXSMM_VERSION: RT-bst-B-from-vreg-1.16.1-1577 (25183785)
LIBXSMM_TARGET: skx
Registry and code: 13 MB
Uptime: 0.006225 s

LIBXSMM_VERSION: RT-bst-B-from-vreg-1.16.1-1577 (25183785)
LIBXSMM_TARGET: skx
Registry and code: 13 MB
Uptime: 0.006369 s

LIBXSMM_VERSION: RT-bst-B-from-vreg-1.16.1-1577 (25183785)
LIBXSMM_TARGET: skx
Registry and code: 13 MB
Uptime: 0.011967 s

LIBXSMM_VERSION: RT-bst-B-from-vreg-1.16.1-1577 (25183785)
LIBXSMM_TARGET: skx
Registry and code: 13 MB
Uptime: 0.012000 s

LIBXSMM_VERSION: RT-bst-B-from-vreg-1.16.1-1577 (25183785)
LIBXSMM_TARGET: skx
Registry and code: 13 MB
Uptime: 0.012425 s

LIBXSMM_VERSION: RT-bst-B-from-vreg-1.16.1-1577 (25183785)
LIBXSMM_TARGET: skx
Registry and code: 13 MB
Uptime: 0.006275 s

LIBXSMM_VERSION: RT-bst-B-from-vreg-1.16.1-1577 (25183785)
LIBXSMM_TARGET: skx
Registry and code: 13 MB
Uptime: 0.006383 s

LIBXSMM_VERSION: RT-bst-B-from-vreg-1.16.1-1577 (25183785)
LIBXSMM_TARGET: skx
Registry and code: 13 MB
Uptime: 0.006418 s

LIBXSMM_VERSION: RT-bst-B-from-vreg-1.16.1-1577 (25183785)
LIBXSMM_TARGET: skx
Registry and code: 13 MB
Uptime: 0.007230 s

LIBXSMM_VERSION: RT-bst-B-from-vreg-1.16.1-1577 (25183785)
LIBXSMM_TARGET: skx
Registry and code: 13 MB
Uptime: 0.007406 s

LIBXSMM_VERSION: RT-bst-B-from-vreg-1.16.1-1577 (25183785)
LIBXSMM_TARGET: skx
Registry and code: 13 MB
Uptime: 0.007204 s

LIBXSMM_VERSION: RT-bst-B-from-vreg-1.16.1-1577 (25183785)
LIBXSMM_TARGET: skx
Registry and code: 13 MB
Uptime: 0.020795 s

LIBXSMM_VERSION: RT-bst-B-from-vreg-1.16.1-1577 (25183785)
LIBXSMM_TARGET: skx
Registry and code: 13 MB
Uptime: 0.020565 s

LIBXSMM_VERSION: RT-bst-B-from-vreg-1.16.1-1577 (25183785)
LIBXSMM_TARGET: skx
Registry and code: 13 MB
Uptime: 0.020556 s

LIBXSMM_VERSION: RT-bst-B-from-vreg-1.16.1-1577 (25183785)
LIBXSMM_TARGET: skx
Registry and code: 13 MB
Uptime: 0.015175 s

LIBXSMM_VERSION: RT-bst-B-from-vreg-1.16.1-1577 (25183785)
LIBXSMM_TARGET: skx
Registry and code: 13 MB
Uptime: 0.015907 s

LIBXSMM_VERSION: RT-bst-B-from-vreg-1.16.1-1577 (25183785)
LIBXSMM_TARGET: skx
Registry and code: 13 MB
Uptime: 0.015336 s

LIBXSMM_VERSION: RT-bst-B-from-vreg-1.16.1-1577 (25183785)
LIBXSMM_TARGET: skx
Registry and code: 13 MB
Uptime: 0.027586 s

LIBXSMM_VERSION: RT-bst-B-from-vreg-1.16.1-1577 (25183785)
LIBXSMM_TARGET: skx
Registry and code: 13 MB
Uptime: 0.028222 s

LIBXSMM_VERSION: RT-bst-B-from-vreg-1.16.1-1577 (25183785)
LIBXSMM_TARGET: skx
Registry and code: 13 MB
Uptime: 0.028746 s

LIBXSMM_VERSION: RT-bst-B-from-vreg-1.16.1-1577 (25183785)
LIBXSMM_TARGET: skx
Registry and code: 13 MB
Uptime: 0.017281 s

LIBXSMM_VERSION: RT-bst-B-from-vreg-1.16.1-1577 (25183785)
LIBXSMM_TARGET: skx
Registry and code: 13 MB
Uptime: 0.017109 s

LIBXSMM_VERSION: RT-bst-B-from-vreg-1.16.1-1577 (25183785)
LIBXSMM_TARGET: skx
Registry and code: 13 MB
Uptime: 0.016561 s

LIBXSMM_VERSION: RT-bst-B-from-vreg-1.16.1-1577 (25183785)
LIBXSMM_TARGET: skx
Registry and code: 13 MB
Uptime: 0.024636 s

LIBXSMM_VERSION: RT-bst-B-from-vreg-1.16.1-1577 (25183785)
LIBXSMM_TARGET: skx
Registry and code: 13 MB
Uptime: 0.024502 s

LIBXSMM_VERSION: RT-bst-B-from-vreg-1.16.1-1577 (25183785)
LIBXSMM_TARGET: skx
Registry and code: 13 MB
Uptime: 0.024543 s

LIBXSMM_VERSION: RT-bst-B-from-vreg-1.16.1-1577 (25183785)
LIBXSMM_TARGET: skx
Registry and code: 13 MB
Uptime: 0.044781 s

LIBXSMM_VERSION: RT-bst-B-from-vreg-1.16.1-1577 (25183785)
LIBXSMM_TARGET: skx
Registry and code: 13 MB
Uptime: 0.037062 s

LIBXSMM_VERSION: RT-bst-B-from-vreg-1.16.1-1577 (25183785)
LIBXSMM_TARGET: skx
Registry and code: 13 MB
Uptime: 0.034304 s

LIBXSMM_VERSION: RT-bst-B-from-vreg-1.16.1-1577 (25183785)
LIBXSMM_TARGET: skx
Registry and code: 13 MB
Uptime: 0.054024 s

LIBXSMM_VERSION: RT-bst-B-from-vreg-1.16.1-1577 (25183785)
LIBXSMM_TARGET: skx
Registry and code: 13 MB
Uptime: 0.047138 s

LIBXSMM_VERSION: RT-bst-B-from-vreg-1.16.1-1577 (25183785)
LIBXSMM_TARGET: skx
Registry and code: 13 MB
Uptime: 0.047651 s

LIBXSMM_VERSION: RT-bst-B-from-vreg-1.16.1-1577 (25183785)
LIBXSMM_TARGET: skx
Registry and code: 13 MB
Uptime: 0.079658 s

LIBXSMM_VERSION: RT-bst-B-from-vreg-1.16.1-1577 (25183785)
LIBXSMM_TARGET: skx
Registry and code: 13 MB
Uptime: 0.062845 s

LIBXSMM_VERSION: RT-bst-B-from-vreg-1.16.1-1577 (25183785)
LIBXSMM_TARGET: skx
Registry and code: 13 MB
Uptime: 0.058674 s

LIBXSMM_VERSION: RT-bst-B-from-vreg-1.16.1-1577 (25183785)
LIBXSMM_TARGET: skx
Registry and code: 13 MB
Uptime: 0.081620 s

LIBXSMM_VERSION: RT-bst-B-from-vreg-1.16.1-1577 (25183785)
LIBXSMM_TARGET: skx
Registry and code: 13 MB
Uptime: 0.068373 s

LIBXSMM_VERSION: RT-bst-B-from-vreg-1.16.1-1577 (25183785)
LIBXSMM_TARGET: skx
Registry and code: 13 MB
Uptime: 0.065883 s

LIBXSMM_VERSION: RT-bst-B-from-vreg-1.16.1-1577 (25183785)
LIBXSMM_TARGET: skx
Registry and code: 13 MB
Uptime: 0.059658 s

LIBXSMM_VERSION: RT-bst-B-from-vreg-1.16.1-1577 (25183785)
LIBXSMM_TARGET: skx
Registry and code: 13 MB
Uptime: 0.049335 s

LIBXSMM_VERSION: RT-bst-B-from-vreg-1.16.1-1577 (25183785)
LIBXSMM_TARGET: skx
Registry and code: 13 MB
Uptime: 0.049179 s

LIBXSMM_VERSION: RT-bst-B-from-vreg-1.16.1-1577 (25183785)
LIBXSMM_TARGET: skx
Registry and code: 13 MB
Uptime: 0.121182 s

LIBXSMM_VERSION: RT-bst-B-from-vreg-1.16.1-1577 (25183785)
LIBXSMM_TARGET: skx
Registry and code: 13 MB
Uptime: 0.094180 s

LIBXSMM_VERSION: RT-bst-B-from-vreg-1.16.1-1577 (25183785)
LIBXSMM_TARGET: skx
Registry and code: 13 MB
Uptime: 0.085752 s

LIBXSMM_VERSION: RT-bst-B-from-vreg-1.16.1-1577 (25183785)
LIBXSMM_TARGET: skx
Registry and code: 13 MB
Uptime: 0.148630 s

LIBXSMM_VERSION: RT-bst-B-from-vreg-1.16.1-1577 (25183785)
LIBXSMM_TARGET: skx
Registry and code: 13 MB
Uptime: 0.123255 s

LIBXSMM_VERSION: RT-bst-B-from-vreg-1.16.1-1577 (25183785)
LIBXSMM_TARGET: skx
Registry and code: 13 MB
Uptime: 0.119214 s

LIBXSMM_VERSION: RT-bst-B-from-vreg-1.16.1-1577 (25183785)
LIBXSMM_TARGET: skx
Registry and code: 13 MB
Uptime: 0.173139 s

LIBXSMM_VERSION: RT-bst-B-from-vreg-1.16.1-1577 (25183785)
LIBXSMM_TARGET: skx
Registry and code: 13 MB
Uptime: 0.139743 s

LIBXSMM_VERSION: RT-bst-B-from-vreg-1.16.1-1577 (25183785)
LIBXSMM_TARGET: skx
Registry and code: 13 MB
Uptime: 0.120157 s

LIBXSMM_VERSION: RT-bst-B-from-vreg-1.16.1-1577 (25183785)
LIBXSMM_TARGET: skx
Registry and code: 13 MB
Uptime: 0.289327 s

LIBXSMM_VERSION: RT-bst-B-from-vreg-1.16.1-1577 (25183785)
LIBXSMM_TARGET: skx
Registry and code: 13 MB
Uptime: 0.220226 s

LIBXSMM_VERSION: RT-bst-B-from-vreg-1.16.1-1577 (25183785)
LIBXSMM_TARGET: skx
Registry and code: 13 MB
Uptime: 0.202080 s

LIBXSMM_VERSION: RT-bst-B-from-vreg-1.16.1-1577 (25183785)
LIBXSMM_TARGET: skx
Registry and code: 13 MB
Uptime: 0.192695 s

LIBXSMM_VERSION: RT-bst-B-from-vreg-1.16.1-1577 (25183785)
LIBXSMM_TARGET: skx
Registry and code: 13 MB
Uptime: 0.154893 s

LIBXSMM_VERSION: RT-bst-B-from-vreg-1.16.1-1577 (25183785)
LIBXSMM_TARGET: skx
Registry and code: 13 MB
Uptime: 0.141166 s

LIBXSMM_VERSION: RT-bst-B-from-vreg-1.16.1-1577 (25183785)
LIBXSMM_TARGET: skx
Registry and code: 13 MB
Uptime: 0.317985 s

LIBXSMM_VERSION: RT-bst-B-from-vreg-1.16.1-1577 (25183785)
LIBXSMM_TARGET: skx
Registry and code: 13 MB
Uptime: 0.266982 s

LIBXSMM_VERSION: RT-bst-B-from-vreg-1.16.1-1577 (25183785)
LIBXSMM_TARGET: skx
Registry and code: 13 MB
Uptime: 0.256139 s

LIBXSMM_VERSION: RT-bst-B-from-vreg-1.16.1-1577 (25183785)
LIBXSMM_TARGET: skx
Registry and code: 13 MB
Uptime: 0.355651 s

LIBXSMM_VERSION: RT-bst-B-from-vreg-1.16.1-1577 (25183785)
LIBXSMM_TARGET: skx
Registry and code: 13 MB
Uptime: 0.292677 s

LIBXSMM_VERSION: RT-bst-B-from-vreg-1.16.1-1577 (25183785)
LIBXSMM_TARGET: skx
Registry and code: 13 MB
Uptime: 0.271675 s

LIBXSMM_VERSION: RT-bst-B-from-vreg-1.16.1-1577 (25183785)
LIBXSMM_TARGET: skx
Registry and code: 13 MB
Uptime: 0.435531 s

LIBXSMM_VERSION: RT-bst-B-from-vreg-1.16.1-1577 (25183785)
LIBXSMM_TARGET: skx
Registry and code: 13 MB
Uptime: 0.365390 s

LIBXSMM_VERSION: RT-bst-B-from-vreg-1.16.1-1577 (25183785)
LIBXSMM_TARGET: skx
Registry and code: 13 MB
Uptime: 0.396998 s

LIBXSMM_VERSION: RT-bst-B-from-vreg-1.16.1-1577 (25183785)
LIBXSMM_TARGET: skx
Registry and code: 13 MB
Uptime: 0.783292 s

LIBXSMM_VERSION: RT-bst-B-from-vreg-1.16.1-1577 (25183785)
LIBXSMM_TARGET: skx
Registry and code: 13 MB
Uptime: 0.600859 s

LIBXSMM_VERSION: RT-bst-B-from-vreg-1.16.1-1577 (25183785)
LIBXSMM_TARGET: skx
Registry and code: 13 MB
Uptime: 0.563465 s

LIBXSMM_VERSION: RT-bst-B-from-vreg-1.16.1-1577 (25183785)
LIBXSMM_TARGET: skx
Registry and code: 13 MB
Uptime: 0.635040 s

LIBXSMM_VERSION: RT-bst-B-from-vreg-1.16.1-1577 (25183785)
LIBXSMM_TARGET: skx
Registry and code: 13 MB
Uptime: 0.540057 s

LIBXSMM_VERSION: RT-bst-B-from-vreg-1.16.1-1577 (25183785)
LIBXSMM_TARGET: skx
Registry and code: 13 MB
Uptime: 0.523421 s

LIBXSMM_VERSION: RT-bst-B-from-vreg-1.16.1-1577 (25183785)
LIBXSMM_TARGET: skx
Registry and code: 13 MB
Uptime: 0.708866 s

LIBXSMM_VERSION: RT-bst-B-from-vreg-1.16.1-1577 (25183785)
LIBXSMM_TARGET: skx
Registry and code: 13 MB
Uptime: 0.580840 s

LIBXSMM_VERSION: RT-bst-B-from-vreg-1.16.1-1577 (25183785)
LIBXSMM_TARGET: skx
Registry and code: 13 MB
Uptime: 0.536708 s

LIBXSMM_VERSION: RT-bst-B-from-vreg-1.16.1-1577 (25183785)
LIBXSMM_TARGET: skx
Registry and code: 13 MB
Uptime: 0.769214 s

LIBXSMM_VERSION: RT-bst-B-from-vreg-1.16.1-1577 (25183785)
LIBXSMM_TARGET: skx
Registry and code: 13 MB
Uptime: 0.613627 s

LIBXSMM_VERSION: RT-bst-B-from-vreg-1.16.1-1577 (25183785)
LIBXSMM_TARGET: skx
Registry and code: 13 MB
Uptime: 0.566124 s

LIBXSMM_VERSION: RT-bst-B-from-vreg-1.16.1-1577 (25183785)
LIBXSMM_TARGET: skx
Registry and code: 13 MB
Uptime: 0.983267 s

LIBXSMM_VERSION: RT-bst-B-from-vreg-1.16.1-1577 (25183785)
LIBXSMM_TARGET: skx
Registry and code: 13 MB
Uptime: 0.828844 s

LIBXSMM_VERSION: RT-bst-B-from-vreg-1.16.1-1577 (25183785)
LIBXSMM_TARGET: skx
Registry and code: 13 MB
Uptime: 0.893625 s

LIBXSMM_VERSION: RT-bst-B-from-vreg-1.16.1-1577 (25183785)
LIBXSMM_TARGET: skx
Registry and code: 13 MB
Uptime: 1.964946 s

LIBXSMM_VERSION: RT-bst-B-from-vreg-1.16.1-1577 (25183785)
LIBXSMM_TARGET: skx
Registry and code: 13 MB
Uptime: 1.540205 s

LIBXSMM_VERSION: RT-bst-B-from-vreg-1.16.1-1577 (25183785)
LIBXSMM_TARGET: skx
Registry and code: 13 MB
Uptime: 1.521180 s

LIBXSMM_VERSION: RT-bst-B-from-vreg-1.16.1-1577 (25183785)
LIBXSMM_TARGET: skx
Registry and code: 13 MB
Uptime: 1.735431 s

LIBXSMM_VERSION: RT-bst-B-from-vreg-1.16.1-1577 (25183785)
LIBXSMM_TARGET: skx
Registry and code: 13 MB
Uptime: 1.504312 s

LIBXSMM_VERSION: RT-bst-B-from-vreg-1.16.1-1577 (25183785)
LIBXSMM_TARGET: skx
Registry and code: 13 MB
Uptime: 1.500506 s

LIBXSMM_VERSION: RT-bst-B-from-vreg-1.16.1-1577 (25183785)
LIBXSMM_TARGET: skx
Registry and code: 13 MB
Uptime: 0.006656 s

LIBXSMM_VERSION: RT-bst-B-from-vreg-1.16.1-1577 (25183785)
LIBXSMM_TARGET: skx
Registry and code: 13 MB
Uptime: 0.006935 s

LIBXSMM_VERSION: RT-bst-B-from-vreg-1.16.1-1577 (25183785)
LIBXSMM_TARGET: skx
Registry and code: 13 MB
Uptime: 0.006479 s

LIBXSMM_VERSION: RT-bst-B-from-vreg-1.16.1-1577 (25183785)
LIBXSMM_TARGET: skx
Registry and code: 13 MB
Uptime: 0.004911 s

LIBXSMM_VERSION: RT-bst-B-from-vreg-1.16.1-1577 (25183785)
LIBXSMM_TARGET: skx
Registry and code: 13 MB
Uptime: 0.005125 s

LIBXSMM_VERSION: RT-bst-B-from-vreg-1.16.1-1577 (25183785)
LIBXSMM_TARGET: skx
Registry and code: 13 MB
Uptime: 0.004989 s

LIBXSMM_VERSION: RT-bst-B-from-vreg-1.16.1-1577 (25183785)
LIBXSMM_TARGET: skx
Registry and code: 13 MB
Uptime: 0.006816 s

LIBXSMM_VERSION: RT-bst-B-from-vreg-1.16.1-1577 (25183785)
LIBXSMM_TARGET: skx
Registry and code: 13 MB
Uptime: 0.006990 s

LIBXSMM_VERSION: RT-bst-B-from-vreg-1.16.1-1577 (25183785)
LIBXSMM_TARGET: skx
Registry and code: 13 MB
Uptime: 0.006674 s

LIBXSMM_VERSION: RT-bst-B-from-vreg-1.16.1-1577 (25183785)
LIBXSMM_TARGET: skx
Registry and code: 13 MB
Uptime: 0.004665 s

LIBXSMM_VERSION: RT-bst-B-from-vreg-1.16.1-1577 (25183785)
LIBXSMM_TARGET: skx
Registry and code: 13 MB
Uptime: 0.004636 s

LIBXSMM_VERSION: RT-bst-B-from-vreg-1.16.1-1577 (25183785)
LIBXSMM_TARGET: skx
Registry and code: 13 MB
Uptime: 0.004570 s

Finished running in 0.7915ms
Generating and Compiling data/example_mats/quad/p5/gauss-legendre-lobatto/m460.txt
Running data/example_mats/quad/p5/gauss-legendre-lobatto/m460.txt
Finished running in 0.9577000000000001ms
Generating and Compiling data/example_mats/quad/p5/gauss-legendre/m0.txt
Running data/example_mats/quad/p5/gauss-legendre/m0.txt
Finished running in 0.36168333333333336ms
Generating and Compiling data/example_mats/quad/p5/gauss-legendre/m3.txt
Running data/example_mats/quad/p5/gauss-legendre/m3.txt
Finished running in 0.4474666666666666ms
Generating and Compiling data/example_mats/quad/p5/gauss-legendre/m6.txt
Running data/example_mats/quad/p5/gauss-legendre/m6.txt
Finished running in 0.8211833333333326ms
Generating and Compiling data/example_mats/quad/p5/gauss-legendre/m132.txt
Running data/example_mats/quad/p5/gauss-legendre/m132.txt
Finished running in 0.7520833333333333ms
Generating and Compiling data/example_mats/quad/p5/gauss-legendre/m460.txt
Running data/example_mats/quad/p5/gauss-legendre/m460.txt
Finished running in 1.0063666666666666ms
Generating and Compiling data/example_mats/quad/p6/gauss-legendre-lobatto/m0.txt
Running data/example_mats/quad/p6/gauss-legendre-lobatto/m0.txt
Finished running in 0.33083333333333337ms
Generating and Compiling data/example_mats/quad/p6/gauss-legendre-lobatto/m3.txt
Running data/example_mats/quad/p6/gauss-legendre-lobatto/m3.txt
Finished running in 0.6019ms
Generating and Compiling data/example_mats/quad/p6/gauss-legendre-lobatto/m6.txt
Running data/example_mats/quad/p6/gauss-legendre-lobatto/m6.txt
Finished running in 1.1128ms
Generating and Compiling data/example_mats/quad/p6/gauss-legendre-lobatto/m132.txt
Running data/example_mats/quad/p6/gauss-legendre-lobatto/m132.txt
Finished running in 1.2224ms
Generating and Compiling data/example_mats/quad/p6/gauss-legendre-lobatto/m460.txt
Running data/example_mats/quad/p6/gauss-legendre-lobatto/m460.txt
Finished running in 1.4692333333333332ms
Generating and Compiling data/example_mats/quad/p6/gauss-legendre/m0.txt
Running data/example_mats/quad/p6/gauss-legendre/m0.txt
Finished running in 0.5250166666666667ms
Generating and Compiling data/example_mats/quad/p6/gauss-legendre/m3.txt
Running data/example_mats/quad/p6/gauss-legendre/m3.txt
Finished running in 0.60265ms
Generating and Compiling data/example_mats/quad/p6/gauss-legendre/m6.txt
Running data/example_mats/quad/p6/gauss-legendre/m6.txt
Finished running in 1.1098666666666666ms
Generating and Compiling data/example_mats/quad/p6/gauss-legendre/m132.txt
Running data/example_mats/quad/p6/gauss-legendre/m132.txt
Finished running in 1.2433333333333332ms
Generating and Compiling data/example_mats/quad/p6/gauss-legendre/m460.txt
Running data/example_mats/quad/p6/gauss-legendre/m460.txt
Finished running in 1.5115166666666666ms
Generating and Compiling data/example_mats/tet/p1/shunn-ham/m0.txt
Running data/example_mats/tet/p1/shunn-ham/m0.txt
Finished running in 0.13833333333333334ms
Generating and Compiling data/example_mats/tet/p1/shunn-ham/m3.txt
Running data/example_mats/tet/p1/shunn-ham/m3.txt
Finished running in 0.06631666666666666ms
Generating and Compiling data/example_mats/tet/p1/shunn-ham/m6.txt
Running data/example_mats/tet/p1/shunn-ham/m6.txt
Finished running in 0.1516ms
Generating and Compiling data/example_mats/tet/p1/shunn-ham/m132.txt
Running data/example_mats/tet/p1/shunn-ham/m132.txt
Finished running in 0.05788333333333333ms
Generating and Compiling data/example_mats/tet/p1/shunn-ham/m460.txt
Running data/example_mats/tet/p1/shunn-ham/m460.txt
Finished running in 0.07343333333333332ms
Generating and Compiling data/example_mats/tet/p2/shunn-ham/m0.txt
Running data/example_mats/tet/p2/shunn-ham/m0.txt
Finished running in 0.3127333333333333ms
Generating and Compiling data/example_mats/tet/p2/shunn-ham/m3.txt
Running data/example_mats/tet/p2/shunn-ham/m3.txt
Finished running in 0.14031666666666667ms
Generating and Compiling data/example_mats/tet/p2/shunn-ham/m6.txt
Running data/example_mats/tet/p2/shunn-ham/m6.txt
Finished running in 0.4437166666666667ms
Generating and Compiling data/example_mats/tet/p2/shunn-ham/m132.txt
Running data/example_mats/tet/p2/shunn-ham/m132.txt
Finished running in 0.16018333333333334ms
Generating and Compiling data/example_mats/tet/p2/shunn-ham/m460.txt
Running data/example_mats/tet/p2/shunn-ham/m460.txt
Finished running in 0.37761666666666666ms
Generating and Compiling data/example_mats/tet/p3/shunn-ham/m0.txt
Running data/example_mats/tet/p3/shunn-ham/m0.txt
Finished running in 0.5197666666666667ms
Generating and Compiling data/example_mats/tet/p3/shunn-ham/m3.txt
Running data/example_mats/tet/p3/shunn-ham/m3.txt
Finished running in 0.5711333333333334ms
Generating and Compiling data/example_mats/tet/p3/shunn-ham/m6.txt
Running data/example_mats/tet/p3/shunn-ham/m6.txt
Finished running in 1.0506166666666668ms
Generating and Compiling data/example_mats/tet/p3/shunn-ham/m132.txt
Running data/example_mats/tet/p3/shunn-ham/m132.txt
Finished running in 0.8233ms
Generating and Compiling data/example_mats/tet/p3/shunn-ham/m460.txt
Running data/example_mats/tet/p3/shunn-ham/m460.txt
Finished running in 0.9726ms
Generating and Compiling data/example_mats/tet/p4/shunn-ham/m0.txt
Running data/example_mats/tet/p4/shunn-ham/m0.txt
Finished running in 1.3136666666666665ms
Generating and Compiling data/example_mats/tet/p4/shunn-ham/m3.txt
Running data/example_mats/tet/p4/shunn-ham/m3.txt
Finished running in 1.2095999999999998ms
Generating and Compiling data/example_mats/tet/p4/shunn-ham/m6.txt
Running data/example_mats/tet/p4/shunn-ham/m6.txt
Finished running in 2.2321999999999997ms
Generating and Compiling data/example_mats/tet/p4/shunn-ham/m132.txt
Running data/example_mats/tet/p4/shunn-ham/m132.txt
Finished running in 2.012766666666667ms
Generating and Compiling data/example_mats/tet/p4/shunn-ham/m460.txt
Running data/example_mats/tet/p4/shunn-ham/m460.txt
Finished running in 1.96675ms
Generating and Compiling data/example_mats/tet/p5/shunn-ham/m0.txt
Running data/example_mats/tet/p5/shunn-ham/m0.txt
Finished running in 2.4033666666666664ms
Generating and Compiling data/example_mats/tet/p5/shunn-ham/m3.txt
Running data/example_mats/tet/p5/shunn-ham/m3.txt
Finished running in 2.284966666666667ms
Generating and Compiling data/example_mats/tet/p5/shunn-ham/m6.txt
Running data/example_mats/tet/p5/shunn-ham/m6.txt
Finished running in 6.04155ms
Generating and Compiling data/example_mats/tet/p5/shunn-ham/m132.txt
Running data/example_mats/tet/p5/shunn-ham/m132.txt
Finished running in 4.908716666666667ms
Generating and Compiling data/example_mats/tet/p5/shunn-ham/m460.txt
Running data/example_mats/tet/p5/shunn-ham/m460.txt
Finished running in 4.571366666666667ms
Generating and Compiling data/example_mats/tet/p6/shunn-ham/m0.txt
Running data/example_mats/tet/p6/shunn-ham/m0.txt
Finished running in 4.2536000000000005ms
Generating and Compiling data/example_mats/tet/p6/shunn-ham/m3.txt
Running data/example_mats/tet/p6/shunn-ham/m3.txt
Finished running in 4.122733333333334ms
Generating and Compiling data/example_mats/tet/p6/shunn-ham/m6.txt
Running data/example_mats/tet/p6/shunn-ham/m6.txt
Finished running in 10.939133333333332ms
Generating and Compiling data/example_mats/tet/p6/shunn-ham/m132.txt
Running data/example_mats/tet/p6/shunn-ham/m132.txt
Finished running in 10.826416666666667ms
Generating and Compiling data/example_mats/tet/p6/shunn-ham/m460.txt
Running data/example_mats/tet/p6/shunn-ham/m460.txt
Finished running in 8.847583333333334ms
Generating and Compiling data/example_mats/tri/p1/williams-shunn/m0.txt
Running data/example_mats/tri/p1/williams-shunn/m0.txt
Finished running in 0.0725ms
Generating and Compiling data/example_mats/tri/p1/williams-shunn/m3.txt
Running data/example_mats/tri/p1/williams-shunn/m3.txt
Finished running in 0.04105ms
Generating and Compiling data/example_mats/tri/p1/williams-shunn/m6.txt
Running data/example_mats/tri/p1/williams-shunn/m6.txt
Finished running in 0.07656666666666667ms
Generating and Compiling data/example_mats/tri/p1/williams-shunn/m132.txt
Running data/example_mats/tri/p1/williams-shunn/m132.txt
Finished running in 
LIBXSMM_VERSION: RT-bst-B-from-vreg-1.16.1-1577 (25183785)
LIBXSMM_TARGET: skx
Registry and code: 13 MB
Uptime: 0.005374 s

LIBXSMM_VERSION: RT-bst-B-from-vreg-1.16.1-1577 (25183785)
LIBXSMM_TARGET: skx
Registry and code: 13 MB
Uptime: 0.005333 s

LIBXSMM_VERSION: RT-bst-B-from-vreg-1.16.1-1577 (25183785)
LIBXSMM_TARGET: skx
Registry and code: 13 MB
Uptime: 0.005531 s

LIBXSMM_VERSION: RT-bst-B-from-vreg-1.16.1-1577 (25183785)
LIBXSMM_TARGET: skx
Registry and code: 13 MB
Uptime: 0.009019 s

LIBXSMM_VERSION: RT-bst-B-from-vreg-1.16.1-1577 (25183785)
LIBXSMM_TARGET: skx
Registry and code: 13 MB
Uptime: 0.008994 s

LIBXSMM_VERSION: RT-bst-B-from-vreg-1.16.1-1577 (25183785)
LIBXSMM_TARGET: skx
Registry and code: 13 MB
Uptime: 0.008886 s

LIBXSMM_VERSION: RT-bst-B-from-vreg-1.16.1-1577 (25183785)
LIBXSMM_TARGET: skx
Registry and code: 13 MB
Uptime: 0.007227 s

LIBXSMM_VERSION: RT-bst-B-from-vreg-1.16.1-1577 (25183785)
LIBXSMM_TARGET: skx
Registry and code: 13 MB
Uptime: 0.007319 s

LIBXSMM_VERSION: RT-bst-B-from-vreg-1.16.1-1577 (25183785)
LIBXSMM_TARGET: skx
Registry and code: 13 MB
Uptime: 0.007061 s

LIBXSMM_VERSION: RT-bst-B-from-vreg-1.16.1-1577 (25183785)
LIBXSMM_TARGET: skx
Registry and code: 13 MB
Uptime: 0.011606 s

LIBXSMM_VERSION: RT-bst-B-from-vreg-1.16.1-1577 (25183785)
LIBXSMM_TARGET: skx
Registry and code: 13 MB
Uptime: 0.011590 s

LIBXSMM_VERSION: RT-bst-B-from-vreg-1.16.1-1577 (25183785)
LIBXSMM_TARGET: skx
Registry and code: 13 MB
Uptime: 0.011219 s

LIBXSMM_VERSION: RT-bst-B-from-vreg-1.16.1-1577 (25183785)
LIBXSMM_TARGET: skx
Registry and code: 13 MB
Uptime: 0.007597 s

LIBXSMM_VERSION: RT-bst-B-from-vreg-1.16.1-1577 (25183785)
LIBXSMM_TARGET: skx
Registry and code: 13 MB
Uptime: 0.007782 s

LIBXSMM_VERSION: RT-bst-B-from-vreg-1.16.1-1577 (25183785)
LIBXSMM_TARGET: skx
Registry and code: 13 MB
Uptime: 0.007218 s

LIBXSMM_VERSION: RT-bst-B-from-vreg-1.16.1-1577 (25183785)
LIBXSMM_TARGET: skx
Registry and code: 13 MB
Uptime: 0.011383 s

LIBXSMM_VERSION: RT-bst-B-from-vreg-1.16.1-1577 (25183785)
LIBXSMM_TARGET: skx
Registry and code: 13 MB
Uptime: 0.011054 s

LIBXSMM_VERSION: RT-bst-B-from-vreg-1.16.1-1577 (25183785)
LIBXSMM_TARGET: skx
Registry and code: 13 MB
Uptime: 0.010938 s

LIBXSMM_VERSION: RT-bst-B-from-vreg-1.16.1-1577 (25183785)
LIBXSMM_TARGET: skx
Registry and code: 13 MB
Uptime: 0.011796 s

LIBXSMM_VERSION: RT-bst-B-from-vreg-1.16.1-1577 (25183785)
LIBXSMM_TARGET: skx
Registry and code: 13 MB
Uptime: 0.011645 s

LIBXSMM_VERSION: RT-bst-B-from-vreg-1.16.1-1577 (25183785)
LIBXSMM_TARGET: skx
Registry and code: 13 MB
Uptime: 0.011767 s

LIBXSMM_VERSION: RT-bst-B-from-vreg-1.16.1-1577 (25183785)
LIBXSMM_TARGET: skx
Registry and code: 13 MB
Uptime: 0.010387 s

LIBXSMM_VERSION: RT-bst-B-from-vreg-1.16.1-1577 (25183785)
LIBXSMM_TARGET: skx
Registry and code: 13 MB
Uptime: 0.010221 s

LIBXSMM_VERSION: RT-bst-B-from-vreg-1.16.1-1577 (25183785)
LIBXSMM_TARGET: skx
Registry and code: 13 MB
Uptime: 0.010358 s

LIBXSMM_VERSION: RT-bst-B-from-vreg-1.16.1-1577 (25183785)
LIBXSMM_TARGET: skx
Registry and code: 13 MB
Uptime: 0.017327 s

LIBXSMM_VERSION: RT-bst-B-from-vreg-1.16.1-1577 (25183785)
LIBXSMM_TARGET: skx
Registry and code: 13 MB
Uptime: 0.017424 s

LIBXSMM_VERSION: RT-bst-B-from-vreg-1.16.1-1577 (25183785)
LIBXSMM_TARGET: skx
Registry and code: 13 MB
Uptime: 0.017600 s

LIBXSMM_VERSION: RT-bst-B-from-vreg-1.16.1-1577 (25183785)
LIBXSMM_TARGET: skx
Registry and code: 13 MB
Uptime: 0.013796 s

LIBXSMM_VERSION: RT-bst-B-from-vreg-1.16.1-1577 (25183785)
LIBXSMM_TARGET: skx
Registry and code: 13 MB
Uptime: 0.013511 s

LIBXSMM_VERSION: RT-bst-B-from-vreg-1.16.1-1577 (25183785)
LIBXSMM_TARGET: skx
Registry and code: 13 MB
Uptime: 0.013000 s

LIBXSMM_VERSION: RT-bst-B-from-vreg-1.16.1-1577 (25183785)
LIBXSMM_TARGET: skx
Registry and code: 13 MB
Uptime: 0.017029 s

LIBXSMM_VERSION: RT-bst-B-from-vreg-1.16.1-1577 (25183785)
LIBXSMM_TARGET: skx
Registry and code: 13 MB
Uptime: 0.017000 s

LIBXSMM_VERSION: RT-bst-B-from-vreg-1.16.1-1577 (25183785)
LIBXSMM_TARGET: skx
Registry and code: 13 MB
Uptime: 0.017195 s

LIBXSMM_VERSION: RT-bst-B-from-vreg-1.16.1-1577 (25183785)
LIBXSMM_TARGET: skx
Registry and code: 13 MB
Uptime: 0.015880 s

LIBXSMM_VERSION: RT-bst-B-from-vreg-1.16.1-1577 (25183785)
LIBXSMM_TARGET: skx
Registry and code: 13 MB
Uptime: 0.015608 s

LIBXSMM_VERSION: RT-bst-B-from-vreg-1.16.1-1577 (25183785)
LIBXSMM_TARGET: skx
Registry and code: 13 MB
Uptime: 0.015017 s

LIBXSMM_VERSION: RT-bst-B-from-vreg-1.16.1-1577 (25183785)
LIBXSMM_TARGET: skx
Registry and code: 13 MB
Uptime: 0.016167 s

LIBXSMM_VERSION: RT-bst-B-from-vreg-1.16.1-1577 (25183785)
LIBXSMM_TARGET: skx
Registry and code: 13 MB
Uptime: 0.015221 s

LIBXSMM_VERSION: RT-bst-B-from-vreg-1.16.1-1577 (25183785)
LIBXSMM_TARGET: skx
Registry and code: 13 MB
Uptime: 0.015366 s

LIBXSMM_VERSION: RT-bst-B-from-vreg-1.16.1-1577 (25183785)
LIBXSMM_TARGET: skx
Registry and code: 13 MB
Uptime: 0.025515 s

LIBXSMM_VERSION: RT-bst-B-from-vreg-1.16.1-1577 (25183785)
LIBXSMM_TARGET: skx
Registry and code: 13 MB
Uptime: 0.025170 s

LIBXSMM_VERSION: RT-bst-B-from-vreg-1.16.1-1577 (25183785)
LIBXSMM_TARGET: skx
Registry and code: 13 MB
Uptime: 0.025539 s

LIBXSMM_VERSION: RT-bst-B-from-vreg-1.16.1-1577 (25183785)
LIBXSMM_TARGET: skx
Registry and code: 13 MB
Uptime: 0.026792 s

LIBXSMM_VERSION: RT-bst-B-from-vreg-1.16.1-1577 (25183785)
LIBXSMM_TARGET: skx
Registry and code: 13 MB
Uptime: 0.024664 s

LIBXSMM_VERSION: RT-bst-B-from-vreg-1.16.1-1577 (25183785)
LIBXSMM_TARGET: skx
Registry and code: 13 MB
Uptime: 0.022070 s

LIBXSMM_VERSION: RT-bst-B-from-vreg-1.16.1-1577 (25183785)
LIBXSMM_TARGET: skx
Registry and code: 13 MB
Uptime: 0.027268 s

LIBXSMM_VERSION: RT-bst-B-from-vreg-1.16.1-1577 (25183785)
LIBXSMM_TARGET: skx
Registry and code: 13 MB
Uptime: 0.026670 s

LIBXSMM_VERSION: RT-bst-B-from-vreg-1.16.1-1577 (25183785)
LIBXSMM_TARGET: skx
Registry and code: 13 MB
Uptime: 0.026115 s

LIBXSMM_VERSION: RT-bst-B-from-vreg-1.16.1-1577 (25183785)
LIBXSMM_TARGET: skx
Registry and code: 13 MB
Uptime: 0.023797 s

LIBXSMM_VERSION: RT-bst-B-from-vreg-1.16.1-1577 (25183785)
LIBXSMM_TARGET: skx
Registry and code: 13 MB
Uptime: 0.020955 s

LIBXSMM_VERSION: RT-bst-B-from-vreg-1.16.1-1577 (25183785)
LIBXSMM_TARGET: skx
Registry and code: 13 MB
Uptime: 0.020047 s

LIBXSMM_VERSION: RT-bst-B-from-vreg-1.16.1-1577 (25183785)
LIBXSMM_TARGET: skx
Registry and code: 13 MB
Uptime: 0.024115 s

LIBXSMM_VERSION: RT-bst-B-from-vreg-1.16.1-1577 (25183785)
LIBXSMM_TARGET: skx
Registry and code: 13 MB
Uptime: 0.021270 s

LIBXSMM_VERSION: RT-bst-B-from-vreg-1.16.1-1577 (25183785)
LIBXSMM_TARGET: skx
Registry and code: 13 MB
Uptime: 0.021011 s

LIBXSMM_VERSION: RT-bst-B-from-vreg-1.16.1-1577 (25183785)
LIBXSMM_TARGET: skx
Registry and code: 13 MB
Uptime: 0.035364 s

LIBXSMM_VERSION: RT-bst-B-from-vreg-1.16.1-1577 (25183785)
LIBXSMM_TARGET: skx
Registry and code: 13 MB
Uptime: 0.034834 s

LIBXSMM_VERSION: RT-bst-B-from-vreg-1.16.1-1577 (25183785)
LIBXSMM_TARGET: skx
Registry and code: 13 MB
Uptime: 0.035467 s

LIBXSMM_VERSION: RT-bst-B-from-vreg-1.16.1-1577 (25183785)
LIBXSMM_TARGET: skx
Registry and code: 13 MB
Uptime: 0.059464 s

LIBXSMM_VERSION: RT-bst-B-from-vreg-1.16.1-1577 (25183785)
LIBXSMM_TARGET: skx
Registry and code: 13 MB
Uptime: 0.052962 s

LIBXSMM_VERSION: RT-bst-B-from-vreg-1.16.1-1577 (25183785)
LIBXSMM_TARGET: skx
Registry and code: 13 MB
Uptime: 0.051830 s

LIBXSMM_VERSION: RT-bst-B-from-vreg-1.16.1-1577 (25183785)
LIBXSMM_TARGET: skx
Registry and code: 13 MB
Uptime: 0.049626 s

LIBXSMM_VERSION: RT-bst-B-from-vreg-1.16.1-1577 (25183785)
LIBXSMM_TARGET: skx
Registry and code: 13 MB
Uptime: 0.040526 s

LIBXSMM_VERSION: RT-bst-B-from-vreg-1.16.1-1577 (25183785)
LIBXSMM_TARGET: skx
Registry and code: 13 MB
Uptime: 0.036670 s

LIBXSMM_VERSION: RT-bst-B-from-vreg-1.16.1-1577 (25183785)
LIBXSMM_TARGET: skx
Registry and code: 13 MB
Uptime: 0.033388 s

LIBXSMM_VERSION: RT-bst-B-from-vreg-1.16.1-1577 (25183785)
LIBXSMM_TARGET: skx
Registry and code: 13 MB
Uptime: 0.030183 s

LIBXSMM_VERSION: RT-bst-B-from-vreg-1.16.1-1577 (25183785)
LIBXSMM_TARGET: skx
Registry and code: 13 MB
Uptime: 0.027506 s

LIBXSMM_VERSION: RT-bst-B-from-vreg-1.16.1-1577 (25183785)
LIBXSMM_TARGET: skx
Registry and code: 13 MB
Uptime: 0.034160 s

LIBXSMM_VERSION: RT-bst-B-from-vreg-1.16.1-1577 (25183785)
LIBXSMM_TARGET: skx
Registry and code: 13 MB
Uptime: 0.029272 s

LIBXSMM_VERSION: RT-bst-B-from-vreg-1.16.1-1577 (25183785)
LIBXSMM_TARGET: skx
Registry and code: 13 MB
Uptime: 0.027563 s

LIBXSMM_VERSION: RT-bst-B-from-vreg-1.16.1-1577 (25183785)
LIBXSMM_TARGET: skx
Registry and code: 13 MB
Uptime: 0.048952 s

LIBXSMM_VERSION: RT-bst-B-from-vreg-1.16.1-1577 (25183785)
LIBXSMM_TARGET: skx
Registry and code: 13 MB
Uptime: 0.047512 s

LIBXSMM_VERSION: RT-bst-B-from-vreg-1.16.1-1577 (25183785)
LIBXSMM_TARGET: skx
Registry and code: 13 MB
Uptime: 0.045806 s

LIBXSMM_VERSION: RT-bst-B-from-vreg-1.16.1-1577 (25183785)
LIBXSMM_TARGET: skx
Registry and code: 13 MB
Uptime: 0.112298 s

LIBXSMM_VERSION: RT-bst-B-from-vreg-1.16.1-1577 (25183785)
LIBXSMM_TARGET: skx
Registry and code: 13 MB
Uptime: 0.095694 s

LIBXSMM_VERSION: RT-bst-B-from-vreg-1.16.1-1577 (25183785)
LIBXSMM_TARGET: skx
Registry and code: 13 MB
Uptime: 0.091530 s

LIBXSMM_VERSION: RT-bst-B-from-vreg-1.16.1-1577 (25183785)
LIBXSMM_TARGET: skx
Registry and code: 13 MB
Uptime: 0.084302 s

LIBXSMM_VERSION: RT-bst-B-from-vreg-1.16.1-1577 (25183785)
LIBXSMM_TARGET: skx
Registry and code: 13 MB
Uptime: 0.067340 s

LIBXSMM_VERSION: RT-bst-B-from-vreg-1.16.1-1577 (25183785)
LIBXSMM_TARGET: skx
Registry and code: 13 MB
Uptime: 0.061519 s
0.03921666666666667ms
Generating and Compiling data/example_mats/tri/p1/williams-shunn/m460.txt
Running data/example_mats/tri/p1/williams-shunn/m460.txt
Finished running in 0.04638333333333333ms
Generating and Compiling data/example_mats/tri/p2/williams-shunn/m0.txt
Running data/example_mats/tri/p2/williams-shunn/m0.txt
Finished running in 0.10896666666666667ms
Generating and Compiling data/example_mats/tri/p2/williams-shunn/m3.txt
Running data/example_mats/tri/p2/williams-shunn/m3.txt
Finished running in 0.08635ms
Generating and Compiling data/example_mats/tri/p2/williams-shunn/m6.txt
Running data/example_mats/tri/p2/williams-shunn/m6.txt
Finished running in 0.1552666666666667ms
Generating and Compiling data/example_mats/tri/p2/williams-shunn/m132.txt
Running data/example_mats/tri/p2/williams-shunn/m132.txt
Finished running in 0.09211666666666667ms
Generating and Compiling data/example_mats/tri/p2/williams-shunn/m460.txt
Running data/example_mats/tri/p2/williams-shunn/m460.txt
Finished running in 0.1434ms
Generating and Compiling data/example_mats/tri/p3/williams-shunn/m0.txt
Running data/example_mats/tri/p3/williams-shunn/m0.txt
Finished running in 0.16698333333333334ms
Generating and Compiling data/example_mats/tri/p3/williams-shunn/m3.txt
Running data/example_mats/tri/p3/williams-shunn/m3.txt
Finished running in 0.14701666666666666ms
Generating and Compiling data/example_mats/tri/p3/williams-shunn/m6.txt
Running data/example_mats/tri/p3/williams-shunn/m6.txt
Finished running in 0.2519166666666667ms
Generating and Compiling data/example_mats/tri/p3/williams-shunn/m132.txt
Running data/example_mats/tri/p3/williams-shunn/m132.txt
Finished running in 0.19766666666666666ms
Generating and Compiling data/example_mats/tri/p3/williams-shunn/m460.txt
Running data/example_mats/tri/p3/williams-shunn/m460.txt
Finished running in 0.27299999999999996ms
Generating and Compiling data/example_mats/tri/p4/williams-shunn/m0.txt
Running data/example_mats/tri/p4/williams-shunn/m0.txt
Finished running in 0.23850000000000002ms
Generating and Compiling data/example_mats/tri/p4/williams-shunn/m3.txt
Running data/example_mats/tri/p4/williams-shunn/m3.txt
Finished running in 0.2672666666666667ms
Generating and Compiling data/example_mats/tri/p4/williams-shunn/m6.txt
Running data/example_mats/tri/p4/williams-shunn/m6.txt
Finished running in 0.4014333333333333ms
Generating and Compiling data/example_mats/tri/p4/williams-shunn/m132.txt
Running data/example_mats/tri/p4/williams-shunn/m132.txt
Finished running in 0.26521666666666666ms
Generating and Compiling data/example_mats/tri/p4/williams-shunn/m460.txt
Running data/example_mats/tri/p4/williams-shunn/m460.txt
Finished running in 0.4982166666666667ms
Generating and Compiling data/example_mats/tri/p5/williams-shunn/m0.txt
Running data/example_mats/tri/p5/williams-shunn/m0.txt
Finished running in 0.2598666666666667ms
Generating and Compiling data/example_mats/tri/p5/williams-shunn/m3.txt
Running data/example_mats/tri/p5/williams-shunn/m3.txt
Finished running in 0.3637666666666667ms
Generating and Compiling data/example_mats/tri/p5/williams-shunn/m6.txt
Running data/example_mats/tri/p5/williams-shunn/m6.txt
Finished running in 0.5921166666666667ms
Generating and Compiling data/example_mats/tri/p5/williams-shunn/m132.txt
Running data/example_mats/tri/p5/williams-shunn/m132.txt
Finished running in 0.6154666666666666ms
Generating and Compiling data/example_mats/tri/p5/williams-shunn/m460.txt
Running data/example_mats/tri/p5/williams-shunn/m460.txt
Finished running in 0.5371ms
Generating and Compiling data/example_mats/tri/p6/williams-shunn/m0.txt
Running data/example_mats/tri/p6/williams-shunn/m0.txt
Finished running in 0.3164666666666667ms
Generating and Compiling data/example_mats/tri/p6/williams-shunn/m3.txt
Running data/example_mats/tri/p6/williams-shunn/m3.txt
Finished running in 0.4267666666666667ms
Generating and Compiling data/example_mats/tri/p6/williams-shunn/m6.txt
Running data/example_mats/tri/p6/williams-shunn/m6.txt
Finished running in 0.8190666666666666ms
Generating and Compiling data/example_mats/tri/p6/williams-shunn/m132.txt
Running data/example_mats/tri/p6/williams-shunn/m132.txt
Finished running in 1.0009166666666667ms
Generating and Compiling data/example_mats/tri/p6/williams-shunn/m460.txt
Running data/example_mats/tri/p6/williams-shunn/m460.txt
Finished running in 0.9237666666666667ms
Traceback (most recent call last):
  File "src/benchmark/benchmark.py", line 162, in <module>
    print("Average speedup (best) of custom over reference {}".format(sum(speedups_best_over_ref)/len(speedups_best_over_ref)))
TypeError: unsupported operand type(s) for +: 'int' and 'NoneType'
