
LIBXSMM_VERSION: RT-bct-L1-NMBlocking-1.16.1-1576 (25183784)
LIBXSMM_TARGET: skx
Registry and code: 13 MB
Uptime: 0.268632 s

LIBXSMM_VERSION: RT-bct-L1-NMBlocking-1.16.1-1576 (25183784)
LIBXSMM_TARGET: skx
Registry and code: 13 MB
Uptime: 0.435531 s

LIBXSMM_VERSION: RT-bct-L1-NMBlocking-1.16.1-1576 (25183784)
LIBXSMM_TARGET: skx
Registry and code: 13 MB
Uptime: 0.672661 s

LIBXSMM_VERSION: RT-bct-L1-NMBlocking-1.16.1-1576 (25183784)
LIBXSMM_TARGET: skx
Registry and code: 13 MB
Uptime: 1.087549 s

LIBXSMM_VERSION: RT-bct-L1-NMBlocking-1.16.1-1576 (25183784)
LIBXSMM_TARGET: skx
Registry and code: 13 MB
Uptime: 2.781874 s

LIBXSMM_VERSION: RT-bct-L1-NMBlocking-1.16.1-1576 (25183784)
LIBXSMM_TARGET: skx
Registry and code: 13 MB
Uptime: 7.035671 s

LIBXSMM_VERSION: RT-bct-L1-NMBlocking-1.16.1-1576 (25183784)
LIBXSMM_TARGET: skx
Registry and code: 13 MB
Uptime: 0.278102 s

LIBXSMM_VERSION: RT-bct-L1-NMBlocking-1.16.1-1576 (25183784)
LIBXSMM_TARGET: skx
Registry and code: 13 MB
Uptime: 0.446731 s

LIBXSMM_VERSION: RT-bct-L1-NMBlocking-1.16.1-1576 (25183784)
LIBXSMM_TARGET: skx
Registry and code: 13 MB
Uptime: 0.712622 s

LIBXSMM_VERSION: RT-bct-L1-NMBlocking-1.16.1-1576 (25183784)
LIBXSMM_TARGET: skx
Registry and code: 13 MB
Uptime: 1.112962 s

LIBXSMM_VERSION: RT-bct-L1-NMBlocking-1.16.1-1576 (25183784)
LIBXSMM_TARGET: skx
Registry and code: 13 MB
Uptime: 2.783738 s

LIBXSMM_VERSION: RT-bct-L1-NMBlocking-1.16.1-1576 (25183784)
LIBXSMM_TARGET: skx
Registry and code: 13 MB
Uptime: 7.188705 s

LIBXSMM_VERSION: RT-bct-L1-NMBlocking-1.16.1-1576 (25183784)
LIBXSMM_TARGET: skx
Registry and code: 13 MB
Uptime: 0.454240 s

LIBXSMM_VERSION: RT-bct-L1-NMBlocking-1.16.1-1576 (25183784)
LIBXSMM_TARGET: skx
Registry and code: 13 MB
Uptime: 0.699617 s

LIBXSMM_VERSION: RT-bct-L1-NMBlocking-1.16.1-1576 (25183784)
LIBXSMM_TARGET: skx
Registry and code: 13 MB
Uptime: 1.116987 s

LIBXSMM_VERSION: RT-bct-L1-NMBlocking-1.16.1-1576 (25183784)
LIBXSMM_TARGET: skx
Registry and code: 13 MB
Uptime: 2.820291 s

LIBXSMM_VERSION: RT-bct-L1-NMBlocking-1.16.1-1576 (25183784)
LIBXSMM_TARGET: skx
Registry and code: 13 MB
Uptime: 7.210760 s

LIBXSMM_VERSION: RT-bct-L1-NMBlocking-1.16.1-1576 (25183784)
LIBXSMM_TARGET: skx
Registry and code: 13 MB
Uptime: 0.454129 s

LIBXSMM_VERSION: RT-bct-L1-NMBlocking-1.16.1-1576 (25183784)
LIBXSMM_TARGET: skx
Registry and code: 13 MB
Uptime: 0.813415 s

LIBXSMM_VERSION: RT-bct-L1-NMBlocking-1.16.1-1576 (25183784)
LIBXSMM_TARGET: skx
Registry and code: 13 MB
Uptime: 1.144355 s

LIBXSMM_VERSION: RT-bct-L1-NMBlocking-1.16.1-1576 (25183784)
LIBXSMM_TARGET: skx
Registry and code: 13 MB
Uptime: 1.546480 s

LIBXSMM_VERSION: RT-bct-L1-NMBlocking-1.16.1-1576 (25183784)
LIBXSMM_TARGET: skx
Registry and code: 13 MB
Uptime: 1.926211 s

LIBXSMM_VERSION: RT-bct-L1-NMBlocking-1.16.1-1576 (25183784)
LIBXSMM_TARGET: skx
Registry and code: 13 MB
Uptime: 2.317714 s

LIBXSMM_VERSION: RT-bct-L1-NMBlocking-1.16.1-1576 (25183784)
LIBXSMM_TARGET: skx
Registry and code: 13 MB
Uptime: 0.694360 s

LIBXSMM_VERSION: RT-bct-L1-NMBlocking-1.16.1-1576 (25183784)
LIBXSMM_TARGET: skx
Registry and code: 13 MB
Uptime: 2.724673 s

LIBXSMM_VERSION: RT-bct-L1-NMBlocking-1.16.1-1576 (25183784)
LIBXSMM_TARGET: skx
Registry and code: 13 MB
Uptime: 3.136910 s

LIBXSMM_VERSION: RT-bct-L1-NMBlocking-1.16.1-1576 (25183784)
LIBXSMM_TARGET: skx
Registry and code: 13 MB
Uptime: 3.558767 s

LIBXSMM_VERSION: RT-bct-L1-NMBlocking-1.16.1-1576 (25183784)
LIBXSMM_TARGET: skx
Registry and code: 13 MB
Uptime: 3.996449 s

LIBXSMM_VERSION: RT-bct-L1-NMBlocking-1.16.1-1576 (25183784)
LIBXSMM_TARGET: skx
Registry and code: 13 MB
Uptime: 0.979365 s

LIBXSMM_VERSION: RT-bct-L1-NMBlocking-1.16.1-1576 (25183784)
LIBXSMM_TARGET: skx
Registry and code: 13 MB
Uptime: 1.344868 s

LIBXSMM_VERSION: RT-bct-L1-NMBlocking-1.16.1-1576 (25183784)
LIBXSMM_TARGET: skx
Registry and code: 13 MB
Uptime: 0.604626 s

LIBXSMM_VERSION: RT-bct-L1-NMBlocking-1.16.1-1576 (25183784)
LIBXSMM_TARGET: skx
Registry and code: 13 MB
Uptime: 0.751862 s

LIBXSMM_VERSION: RT-bct-L1-NMBlocking-1.16.1-1576 (25183784)
LIBXSMM_TARGET: skx
Registry and code: 13 MB
Uptime: 0.888192 s

LIBXSMM_VERSION: RT-bct-L1-NMBlocking-1.16.1-1576 (25183784)
LIBXSMM_TARGET: skx
Registry and code: 13 MB
Uptime: 4.432371 s

LIBXSMM_VERSION: RT-bct-L1-NMBlocking-1.16.1-1576 (25183784)
LIBXSMM_TARGET: skx
Registry and code: 13 MB
Uptime: 0.468901 s

LIBXSMM_VERSION: RT-bct-L1-NMBlocking-1.16.1-1576 (25183784)
LIBXSMM_TARGET: skx
Registry and code: 13 MB
Uptime: 0.817287 s

LIBXSMM_VERSION: RT-bct-L1-NMBlocking-1.16.1-1576 (25183784)
LIBXSMM_TARGET: skx
Registry and code: 13 MB
Uptime: 1.158861 s

LIBXSMM_VERSION: RT-bct-L1-NMBlocking-1.16.1-1576 (25183784)
LIBXSMM_TARGET: skx
Registry and code: 13 MB
Uptime: 1.552349 s

LIBXSMM_VERSION: RT-bct-L1-NMBlocking-1.16.1-1576 (25183784)
LIBXSMM_TARGET: skx
Registry and code: 13 MB
Uptime: 1.931766 s
Generating and Compiling data/synth_mats_wider/vary_col/q_16/r_128_c_32_p_0.05_uniq_16.txt
Running data/synth_mats_wider/vary_col/q_16/r_128_c_32_p_0.05_uniq_16.txt
Finished running in 7.4795ms
Generating and Compiling data/synth_mats_wider/vary_col/q_16/r_128_c_64_p_0.05_uniq_16.txt
Running data/synth_mats_wider/vary_col/q_16/r_128_c_64_p_0.05_uniq_16.txt
Finished running in 10.707633333333336ms
Generating and Compiling data/synth_mats_wider/vary_col/q_16/r_128_c_128_p_0.05_uniq_16.txt
Running data/synth_mats_wider/vary_col/q_16/r_128_c_128_p_0.05_uniq_16.txt
Finished running in 17.845366666666667ms
Generating and Compiling data/synth_mats_wider/vary_col/q_16/r_128_c_256_p_0.05_uniq_16.txt
Running data/synth_mats_wider/vary_col/q_16/r_128_c_256_p_0.05_uniq_16.txt
Finished running in 32.72403333333333ms
Generating and Compiling data/synth_mats_wider/vary_col/q_16/r_128_c_512_p_0.05_uniq_16.txt
Running data/synth_mats_wider/vary_col/q_16/r_128_c_512_p_0.05_uniq_16.txt
Finished running in 78.2355ms
Generating and Compiling data/synth_mats_wider/vary_col/q_16/r_128_c_1024_p_0.05_uniq_16.txt
Running data/synth_mats_wider/vary_col/q_16/r_128_c_1024_p_0.05_uniq_16.txt
Finished running in 183.84886666666668ms
Generating and Compiling data/synth_mats_wider/vary_col/q_64/r_128_c_32_p_0.05_uniq_64.txt
Running data/synth_mats_wider/vary_col/q_64/r_128_c_32_p_0.05_uniq_64.txt
Finished running in 7.6273333333333335ms
Generating and Compiling data/synth_mats_wider/vary_col/q_64/r_128_c_64_p_0.05_uniq_64.txt
Running data/synth_mats_wider/vary_col/q_64/r_128_c_64_p_0.05_uniq_64.txt
Finished running in 10.474633333333333ms
Generating and Compiling data/synth_mats_wider/vary_col/q_64/r_128_c_128_p_0.05_uniq_64.txt
Running data/synth_mats_wider/vary_col/q_64/r_128_c_128_p_0.05_uniq_64.txt
Finished running in 17.962300000000003ms
Generating and Compiling data/synth_mats_wider/vary_col/q_64/r_128_c_256_p_0.05_uniq_64.txt
Running data/synth_mats_wider/vary_col/q_64/r_128_c_256_p_0.05_uniq_64.txt
Finished running in 33.53366666666667ms
Generating and Compiling data/synth_mats_wider/vary_col/q_64/r_128_c_512_p_0.05_uniq_64.txt
Running data/synth_mats_wider/vary_col/q_64/r_128_c_512_p_0.05_uniq_64.txt
Finished running in 71.75346666666665ms
Generating and Compiling data/synth_mats_wider/vary_col/q_64/r_128_c_1024_p_0.05_uniq_64.txt
Running data/synth_mats_wider/vary_col/q_64/r_128_c_1024_p_0.05_uniq_64.txt
Finished running in 229.14283333333333ms
Generating and Compiling data/synth_mats_wider/vary_col/q_256/r_128_c_64_p_0.05_uniq_256.txt
Running data/synth_mats_wider/vary_col/q_256/r_128_c_64_p_0.05_uniq_256.txt
Finished running in 13.325133333333333ms
Generating and Compiling data/synth_mats_wider/vary_col/q_256/r_128_c_128_p_0.05_uniq_256.txt
Running data/synth_mats_wider/vary_col/q_256/r_128_c_128_p_0.05_uniq_256.txt
Finished running in 20.880433333333333ms
Generating and Compiling data/synth_mats_wider/vary_col/q_256/r_128_c_256_p_0.05_uniq_256.txt
Running data/synth_mats_wider/vary_col/q_256/r_128_c_256_p_0.05_uniq_256.txt
Finished running in 33.606433333333335ms
Generating and Compiling data/synth_mats_wider/vary_col/q_256/r_128_c_512_p_0.05_uniq_256.txt
Running data/synth_mats_wider/vary_col/q_256/r_128_c_512_p_0.05_uniq_256.txt
Finished running in 87.97536666666666ms
Generating and Compiling data/synth_mats_wider/vary_col/q_256/r_128_c_1024_p_0.05_uniq_256.txt
Running data/synth_mats_wider/vary_col/q_256/r_128_c_1024_p_0.05_uniq_256.txt
Finished running in 229.54476666666667ms
Generating and Compiling data/synth_mats_wider/vary_density/q_16/r_128_c_128_p_0.01_uniq_16.txt
Running data/synth_mats_wider/vary_density/q_16/r_128_c_128_p_0.01_uniq_16.txt
Finished running in 12.756499999999999ms
Generating and Compiling data/synth_mats_wider/vary_density/q_16/r_128_c_128_p_0.1_uniq_16.txt
Running data/synth_mats_wider/vary_density/q_16/r_128_c_128_p_0.1_uniq_16.txt
Finished running in 18.71976666666667ms
Generating and Compiling data/synth_mats_wider/vary_density/q_16/r_128_c_128_p_0.2_uniq_16.txt
Running data/synth_mats_wider/vary_density/q_16/r_128_c_128_p_0.2_uniq_16.txt
Finished running in 28.61303333333333ms
Generating and Compiling data/synth_mats_wider/vary_density/q_16/r_128_c_128_p_0.3_uniq_16.txt
Running data/synth_mats_wider/vary_density/q_16/r_128_c_128_p_0.3_uniq_16.txt
Finished running in 49.114866666666664ms
Generating and Compiling data/synth_mats_wider/vary_density/q_16/r_128_c_128_p_0.4_uniq_16.txt
Running data/synth_mats_wider/vary_density/q_16/r_128_c_128_p_0.4_uniq_16.txt
Finished running in 61.75523333333333ms
Generating and Compiling data/synth_mats_wider/vary_density/q_16/r_128_c_128_p_0.5_uniq_16.txt
Running data/synth_mats_wider/vary_density/q_16/r_128_c_128_p_0.5_uniq_16.txt
Finished running in 63.5503ms
Generating and Compiling data/synth_mats_wider/vary_density/q_16/r_128_c_128_p_0.05_uniq_16.txt
Running data/synth_mats_wider/vary_density/q_16/r_128_c_128_p_0.05_uniq_16.txt
Finished running in 18.582633333333334ms
Generating and Compiling data/synth_mats_wider/vary_density/q_16/r_128_c_128_p_0.6_uniq_16.txt
Running data/synth_mats_wider/vary_density/q_16/r_128_c_128_p_0.6_uniq_16.txt
Finished running in 63.380700000000004ms
Generating and Compiling data/synth_mats_wider/vary_density/q_16/r_128_c_128_p_0.7_uniq_16.txt
Running data/synth_mats_wider/vary_density/q_16/r_128_c_128_p_0.7_uniq_16.txt
Finished running in 63.534533333333336ms
Generating and Compiling data/synth_mats_wider/vary_density/q_16/r_128_c_128_p_0.8_uniq_16.txt
Running data/synth_mats_wider/vary_density/q_16/r_128_c_128_p_0.8_uniq_16.txt
Finished running in 63.42763333333333ms
Generating and Compiling data/synth_mats_wider/vary_density/q_16/r_128_c_128_p_0.9_uniq_16.txt
Running data/synth_mats_wider/vary_density/q_16/r_128_c_128_p_0.9_uniq_16.txt
Finished running in 63.29793333333334ms
Generating and Compiling data/synth_mats_wider/vary_density/q_16/r_128_c_128_p_0.15_uniq_16.txt
Running data/synth_mats_wider/vary_density/q_16/r_128_c_128_p_0.15_uniq_16.txt
Finished running in 23.3215ms
Generating and Compiling data/synth_mats_wider/vary_density/q_16/r_128_c_128_p_0.25_uniq_16.txt
Running data/synth_mats_wider/vary_density/q_16/r_128_c_128_p_0.25_uniq_16.txt
Finished running in 41.38153333333333ms
Generating and Compiling data/synth_mats_wider/vary_density/q_16/r_128_c_128_p_0.025_uniq_16.txt
Running data/synth_mats_wider/vary_density/q_16/r_128_c_128_p_0.025_uniq_16.txt
Finished running in 17.7816ms
Generating and Compiling data/synth_mats_wider/vary_density/q_16/r_128_c_128_p_0.075_uniq_16.txt
Running data/synth_mats_wider/vary_density/q_16/r_128_c_128_p_0.075_uniq_16.txt
Finished running in 16.596266666666665ms
Generating and Compiling data/synth_mats_wider/vary_density/q_16/r_128_c_128_p_0.125_uniq_16.txt
Running data/synth_mats_wider/vary_density/q_16/r_128_c_128_p_0.125_uniq_16.txt
Finished running in 20.8016ms
Generating and Compiling data/synth_mats_wider/vary_density/q_16/r_128_c_128_p_1.0_uniq_16.txt
Running data/synth_mats_wider/vary_density/q_16/r_128_c_128_p_1.0_uniq_16.txt
Finished running in 63.3596ms
Generating and Compiling data/synth_mats_wider/vary_density/q_64/r_128_c_128_p_0.01_uniq_64.txt
Running data/synth_mats_wider/vary_density/q_64/r_128_c_128_p_0.01_uniq_64.txt
Finished running in 13.257566666666666ms
Generating and Compiling data/synth_mats_wider/vary_density/q_64/r_128_c_128_p_0.1_uniq_64.txt
Running data/synth_mats_wider/vary_density/q_64/r_128_c_128_p_0.1_uniq_64.txt
Finished running in 18.761166666666668ms
Generating and Compiling data/synth_mats_wider/vary_density/q_64/r_128_c_128_p_0.2_uniq_64.txt
Running data/synth_mats_wider/vary_density/q_64/r_128_c_128_p_0.2_uniq_64.txt
Finished running in 35.7596ms
Generating and Compiling data/synth_mats_wider/vary_density/q_64/r_128_c_128_p_0.3_uniq_64.txt
Running data/synth_mats_wider/vary_density/q_64/r_128_c_128_p_0.3_uniq_64.txt
Finished running in 49.2635ms
Generating and Compiling data/synth_mats_wider/vary_density/q_64/r_128_c_128_p_0.4_uniq_64.txt
Running data/synth_mats_wider/vary_density/q_64/r_128_c_128_p_0.4_uniq_64.txt
Finished running in 61.88366666666666ms
Generating and Compiling
LIBXSMM_VERSION: RT-bct-L1-NMBlocking-1.16.1-1576 (25183784)
LIBXSMM_TARGET: skx
Registry and code: 13 MB
Uptime: 2.324392 s

LIBXSMM_VERSION: RT-bct-L1-NMBlocking-1.16.1-1576 (25183784)
LIBXSMM_TARGET: skx
Registry and code: 13 MB
Uptime: 0.708226 s

LIBXSMM_VERSION: RT-bct-L1-NMBlocking-1.16.1-1576 (25183784)
LIBXSMM_TARGET: skx
Registry and code: 13 MB
Uptime: 2.731435 s

LIBXSMM_VERSION: RT-bct-L1-NMBlocking-1.16.1-1576 (25183784)
LIBXSMM_TARGET: skx
Registry and code: 13 MB
Uptime: 3.156200 s

LIBXSMM_VERSION: RT-bct-L1-NMBlocking-1.16.1-1576 (25183784)
LIBXSMM_TARGET: skx
Registry and code: 13 MB
Uptime: 3.571519 s

LIBXSMM_VERSION: RT-bct-L1-NMBlocking-1.16.1-1576 (25183784)
LIBXSMM_TARGET: skx
Registry and code: 13 MB
Uptime: 3.995524 s

LIBXSMM_VERSION: RT-bct-L1-NMBlocking-1.16.1-1576 (25183784)
LIBXSMM_TARGET: skx
Registry and code: 13 MB
Uptime: 0.961966 s

LIBXSMM_VERSION: RT-bct-L1-NMBlocking-1.16.1-1576 (25183784)
LIBXSMM_TARGET: skx
Registry and code: 13 MB
Uptime: 1.333528 s

LIBXSMM_VERSION: RT-bct-L1-NMBlocking-1.16.1-1576 (25183784)
LIBXSMM_TARGET: skx
Registry and code: 13 MB
Uptime: 0.610880 s

LIBXSMM_VERSION: RT-bct-L1-NMBlocking-1.16.1-1576 (25183784)
LIBXSMM_TARGET: skx
Registry and code: 13 MB
Uptime: 0.731143 s

LIBXSMM_VERSION: RT-bct-L1-NMBlocking-1.16.1-1576 (25183784)
LIBXSMM_TARGET: skx
Registry and code: 13 MB
Uptime: 0.869898 s

LIBXSMM_VERSION: RT-bct-L1-NMBlocking-1.16.1-1576 (25183784)
LIBXSMM_TARGET: skx
Registry and code: 13 MB
Uptime: 4.430994 s

LIBXSMM_VERSION: RT-bct-L1-NMBlocking-1.16.1-1576 (25183784)
LIBXSMM_TARGET: skx
Registry and code: 13 MB
Uptime: 0.820566 s

LIBXSMM_VERSION: RT-bct-L1-NMBlocking-1.16.1-1576 (25183784)
LIBXSMM_TARGET: skx
Registry and code: 13 MB
Uptime: 1.161536 s

LIBXSMM_VERSION: RT-bct-L1-NMBlocking-1.16.1-1576 (25183784)
LIBXSMM_TARGET: skx
Registry and code: 13 MB
Uptime: 1.553157 s

LIBXSMM_VERSION: RT-bct-L1-NMBlocking-1.16.1-1576 (25183784)
LIBXSMM_TARGET: skx
Registry and code: 13 MB
Uptime: 1.939728 s

LIBXSMM_VERSION: RT-bct-L1-NMBlocking-1.16.1-1576 (25183784)
LIBXSMM_TARGET: skx
Registry and code: 13 MB
Uptime: 0.675392 s

LIBXSMM_VERSION: RT-bct-L1-NMBlocking-1.16.1-1576 (25183784)
LIBXSMM_TARGET: skx
Registry and code: 13 MB
Uptime: 2.342495 s

LIBXSMM_VERSION: RT-bct-L1-NMBlocking-1.16.1-1576 (25183784)
LIBXSMM_TARGET: skx
Registry and code: 13 MB
Uptime: 2.753027 s

LIBXSMM_VERSION: RT-bct-L1-NMBlocking-1.16.1-1576 (25183784)
LIBXSMM_TARGET: skx
Registry and code: 13 MB
Uptime: 3.167369 s

LIBXSMM_VERSION: RT-bct-L1-NMBlocking-1.16.1-1576 (25183784)
LIBXSMM_TARGET: skx
Registry and code: 13 MB
Uptime: 3.597553 s

LIBXSMM_VERSION: RT-bct-L1-NMBlocking-1.16.1-1576 (25183784)
LIBXSMM_TARGET: skx
Registry and code: 13 MB
Uptime: 4.030236 s

LIBXSMM_VERSION: RT-bct-L1-NMBlocking-1.16.1-1576 (25183784)
LIBXSMM_TARGET: skx
Registry and code: 13 MB
Uptime: 0.969132 s

LIBXSMM_VERSION: RT-bct-L1-NMBlocking-1.16.1-1576 (25183784)
LIBXSMM_TARGET: skx
Registry and code: 13 MB
Uptime: 0.594903 s

LIBXSMM_VERSION: RT-bct-L1-NMBlocking-1.16.1-1576 (25183784)
LIBXSMM_TARGET: skx
Registry and code: 13 MB
Uptime: 1.361221 s

LIBXSMM_VERSION: RT-bct-L1-NMBlocking-1.16.1-1576 (25183784)
LIBXSMM_TARGET: skx
Registry and code: 13 MB
Uptime: 0.735838 s

LIBXSMM_VERSION: RT-bct-L1-NMBlocking-1.16.1-1576 (25183784)
LIBXSMM_TARGET: skx
Registry and code: 13 MB
Uptime: 0.874656 s

LIBXSMM_VERSION: RT-bct-L1-NMBlocking-1.16.1-1576 (25183784)
LIBXSMM_TARGET: skx
Registry and code: 13 MB
Uptime: 4.472214 s

LIBXSMM_VERSION: RT-bct-L1-NMBlocking-1.16.1-1576 (25183784)
LIBXSMM_TARGET: skx
Registry and code: 13 MB
Uptime: 0.314693 s

LIBXSMM_VERSION: RT-bct-L1-NMBlocking-1.16.1-1576 (25183784)
LIBXSMM_TARGET: skx
Registry and code: 13 MB
Uptime: 0.435709 s

LIBXSMM_VERSION: RT-bct-L1-NMBlocking-1.16.1-1576 (25183784)
LIBXSMM_TARGET: skx
Registry and code: 13 MB
Uptime: 0.678503 s

LIBXSMM_VERSION: RT-bct-L1-NMBlocking-1.16.1-1576 (25183784)
LIBXSMM_TARGET: skx
Registry and code: 13 MB
Uptime: 1.099045 s

LIBXSMM_VERSION: RT-bct-L1-NMBlocking-1.16.1-1576 (25183784)
LIBXSMM_TARGET: skx
Registry and code: 13 MB
Uptime: 1.948790 s

LIBXSMM_VERSION: RT-bct-L1-NMBlocking-1.16.1-1576 (25183784)
LIBXSMM_TARGET: skx
Registry and code: 13 MB
Uptime: 3.692727 s

LIBXSMM_VERSION: RT-bct-L1-NMBlocking-1.16.1-1576 (25183784)
LIBXSMM_TARGET: skx
Registry and code: 13 MB
Uptime: 0.303588 s

LIBXSMM_VERSION: RT-bct-L1-NMBlocking-1.16.1-1576 (25183784)
LIBXSMM_TARGET: skx
Registry and code: 13 MB
Uptime: 0.448765 s

LIBXSMM_VERSION: RT-bct-L1-NMBlocking-1.16.1-1576 (25183784)
LIBXSMM_TARGET: skx
Registry and code: 13 MB
Uptime: 0.691589 s

LIBXSMM_VERSION: RT-bct-L1-NMBlocking-1.16.1-1576 (25183784)
LIBXSMM_TARGET: skx
Registry and code: 13 MB
Uptime: 1.084678 s

LIBXSMM_VERSION: RT-bct-L1-NMBlocking-1.16.1-1576 (25183784)
LIBXSMM_TARGET: skx
Registry and code: 13 MB
Uptime: 1.947731 s
 data/synth_mats_wider/vary_density/q_64/r_128_c_128_p_0.5_uniq_64.txt
Running data/synth_mats_wider/vary_density/q_64/r_128_c_128_p_0.5_uniq_64.txt
Finished running in 63.289433333333335ms
Generating and Compiling data/synth_mats_wider/vary_density/q_64/r_128_c_128_p_0.05_uniq_64.txt
Running data/synth_mats_wider/vary_density/q_64/r_128_c_128_p_0.05_uniq_64.txt
Finished running in 18.1278ms
Generating and Compiling data/synth_mats_wider/vary_density/q_64/r_128_c_128_p_0.6_uniq_64.txt
Running data/synth_mats_wider/vary_density/q_64/r_128_c_128_p_0.6_uniq_64.txt
Finished running in 63.377233333333336ms
Generating and Compiling data/synth_mats_wider/vary_density/q_64/r_128_c_128_p_0.7_uniq_64.txt
Running data/synth_mats_wider/vary_density/q_64/r_128_c_128_p_0.7_uniq_64.txt
Finished running in 63.4303ms
Generating and Compiling data/synth_mats_wider/vary_density/q_64/r_128_c_128_p_0.8_uniq_64.txt
Running data/synth_mats_wider/vary_density/q_64/r_128_c_128_p_0.8_uniq_64.txt
Finished running in 63.45073333333333ms
Generating and Compiling data/synth_mats_wider/vary_density/q_64/r_128_c_128_p_0.9_uniq_64.txt
Running data/synth_mats_wider/vary_density/q_64/r_128_c_128_p_0.9_uniq_64.txt
Finished running in 63.423633333333335ms
Generating and Compiling data/synth_mats_wider/vary_density/q_64/r_128_c_128_p_0.15_uniq_64.txt
Running data/synth_mats_wider/vary_density/q_64/r_128_c_128_p_0.15_uniq_64.txt
Finished running in 23.1447ms
Generating and Compiling data/synth_mats_wider/vary_density/q_64/r_128_c_128_p_0.25_uniq_64.txt
Running data/synth_mats_wider/vary_density/q_64/r_128_c_128_p_0.25_uniq_64.txt
Finished running in 41.2847ms
Generating and Compiling data/synth_mats_wider/vary_density/q_64/r_128_c_128_p_0.025_uniq_64.txt
Running data/synth_mats_wider/vary_density/q_64/r_128_c_128_p_0.025_uniq_64.txt
Finished running in 17.98213333333333ms
Generating and Compiling data/synth_mats_wider/vary_density/q_64/r_128_c_128_p_0.075_uniq_64.txt
Running data/synth_mats_wider/vary_density/q_64/r_128_c_128_p_0.075_uniq_64.txt
Finished running in 16.468233333333334ms
Generating and Compiling data/synth_mats_wider/vary_density/q_64/r_128_c_128_p_0.125_uniq_64.txt
Running data/synth_mats_wider/vary_density/q_64/r_128_c_128_p_0.125_uniq_64.txt
Finished running in 20.82743333333333ms
Generating and Compiling data/synth_mats_wider/vary_density/q_64/r_128_c_128_p_1.0_uniq_64.txt
Running data/synth_mats_wider/vary_density/q_64/r_128_c_128_p_1.0_uniq_64.txt
Finished running in 61.66586666666667ms
Generating and Compiling data/synth_mats_wider/vary_density/q_256/r_128_c_128_p_0.1_uniq_256.txt
Running data/synth_mats_wider/vary_density/q_256/r_128_c_128_p_0.1_uniq_256.txt
Finished running in 24.872333333333334ms
Generating and Compiling data/synth_mats_wider/vary_density/q_256/r_128_c_128_p_0.2_uniq_256.txt
Running data/synth_mats_wider/vary_density/q_256/r_128_c_128_p_0.2_uniq_256.txt
Finished running in 36.12113333333333ms
Generating and Compiling data/synth_mats_wider/vary_density/q_256/r_128_c_128_p_0.3_uniq_256.txt
Running data/synth_mats_wider/vary_density/q_256/r_128_c_128_p_0.3_uniq_256.txt
Finished running in 49.06679999999999ms
Generating and Compiling data/synth_mats_wider/vary_density/q_256/r_128_c_128_p_0.4_uniq_256.txt
Running data/synth_mats_wider/vary_density/q_256/r_128_c_128_p_0.4_uniq_256.txt
Finished running in 61.8387ms
Generating and Compiling data/synth_mats_wider/vary_density/q_256/r_128_c_128_p_0.05_uniq_256.txt
Running data/synth_mats_wider/vary_density/q_256/r_128_c_128_p_0.05_uniq_256.txt
Finished running in 20.107266666666668ms
Generating and Compiling data/synth_mats_wider/vary_density/q_256/r_128_c_128_p_0.5_uniq_256.txt
Running data/synth_mats_wider/vary_density/q_256/r_128_c_128_p_0.5_uniq_256.txt
Finished running in 61.8715ms
Generating and Compiling data/synth_mats_wider/vary_density/q_256/r_128_c_128_p_0.6_uniq_256.txt
Running data/synth_mats_wider/vary_density/q_256/r_128_c_128_p_0.6_uniq_256.txt
Finished running in 62.60953333333334ms
Generating and Compiling data/synth_mats_wider/vary_density/q_256/r_128_c_128_p_0.7_uniq_256.txt
Running data/synth_mats_wider/vary_density/q_256/r_128_c_128_p_0.7_uniq_256.txt
Finished running in 61.90086666666666ms
Generating and Compiling data/synth_mats_wider/vary_density/q_256/r_128_c_128_p_0.8_uniq_256.txt
Running data/synth_mats_wider/vary_density/q_256/r_128_c_128_p_0.8_uniq_256.txt
Finished running in 61.90176666666666ms
Generating and Compiling data/synth_mats_wider/vary_density/q_256/r_128_c_128_p_0.9_uniq_256.txt
Running data/synth_mats_wider/vary_density/q_256/r_128_c_128_p_0.9_uniq_256.txt
Finished running in 61.81113333333333ms
Generating and Compiling data/synth_mats_wider/vary_density/q_256/r_128_c_128_p_0.15_uniq_256.txt
Running data/synth_mats_wider/vary_density/q_256/r_128_c_128_p_0.15_uniq_256.txt
Finished running in 29.7606ms
Generating and Compiling data/synth_mats_wider/vary_density/q_256/r_128_c_128_p_0.025_uniq_256.txt
Running data/synth_mats_wider/vary_density/q_256/r_128_c_128_p_0.025_uniq_256.txt
Finished running in 17.44863333333333ms
Generating and Compiling data/synth_mats_wider/vary_density/q_256/r_128_c_128_p_0.25_uniq_256.txt
Running data/synth_mats_wider/vary_density/q_256/r_128_c_128_p_0.25_uniq_256.txt
Finished running in 42.70243333333333ms
Generating and Compiling data/synth_mats_wider/vary_density/q_256/r_128_c_128_p_0.075_uniq_256.txt
Running data/synth_mats_wider/vary_density/q_256/r_128_c_128_p_0.075_uniq_256.txt
Finished running in 22.079ms
Generating and Compiling data/synth_mats_wider/vary_density/q_256/r_128_c_128_p_0.125_uniq_256.txt
Running data/synth_mats_wider/vary_density/q_256/r_128_c_128_p_0.125_uniq_256.txt
Finished running in 26.651ms
Generating and Compiling data/synth_mats_wider/vary_density/q_256/r_128_c_128_p_1.0_uniq_256.txt
Running data/synth_mats_wider/vary_density/q_256/r_128_c_128_p_1.0_uniq_256.txt
Finished running in 61.8012ms
Generating and Compiling data/synth_mats_wider/vary_row/q_16/r_32_c_128_p_0.05_uniq_16.txt
Running data/synth_mats_wider/vary_row/q_16/r_32_c_128_p_0.05_uniq_16.txt
Finished running in 9.041566666666665ms
Generating and Compiling data/synth_mats_wider/vary_row/q_16/r_64_c_128_p_0.05_uniq_16.txt
Running data/synth_mats_wider/vary_row/q_16/r_64_c_128_p_0.05_uniq_16.txt
Finished running in 12.760299999999999ms
Generating and Compiling data/synth_mats_wider/vary_row/q_16/r_128_c_128_p_0.05_uniq_16.txt
Running data/synth_mats_wider/vary_row/q_16/r_128_c_128_p_0.05_uniq_16.txt
Finished running in 17.904100000000003ms
Generating and Compiling data/synth_mats_wider/vary_row/q_16/r_256_c_128_p_0.05_uniq_16.txt
Running data/synth_mats_wider/vary_row/q_16/r_256_c_128_p_0.05_uniq_16.txt
Finished running in 26.01196666666667ms
Generating and Compiling data/synth_mats_wider/vary_row/q_16/r_512_c_128_p_0.05_uniq_16.txt
Running data/synth_mats_wider/vary_row/q_16/r_512_c_128_p_0.05_uniq_16.txt
Finished running in 49.943333333333335ms
Generating and Compiling data/synth_mats_wider/vary_row/q_16/r_1024_c_128_p_0.05_uniq_16.txt
Running data/synth_mats_wider/vary_row/q_16/r_1024_c_128_p_0.05_uniq_16.txt
Finished running in 110.43216666666667ms
Generating and Compiling data/synth_mats_wider/vary_row/q_64/r_32_c_128_p_0.05_uniq_64.txt
Running data/synth_mats_wider/vary_row/q_64/r_32_c_128_p_0.05_uniq_64.txt
Finished running in 8.672266666666667ms
Generating and Compiling data/synth_mats_wider/vary_row/q_64/r_64_c_128_p_0.05_uniq_64.txt
Running data/synth_mats_wider/vary_row/q_64/r_64_c_128_p_0.05_uniq_64.txt
Finished running in 13.200733333333336ms
Generating and Compiling data/synth_mats_wider/vary_row/q_64/r_128_c_128_p_0.05_uniq_64.txt
Running data/synth_mats_wider/vary_row/q_64/r_128_c_128_p_0.05_uniq_64.txt
Finished running in 17.494533333333333ms
Generating and Compiling data/synth_mats_wider/vary_row/q_64/r_256_c_128_p_0.05_uniq_64.txt
Running data/synth_mats_wider/vary_row/q_64/r_256_c_128_p_0.05_uniq_64.txt
Finished running in 25.964499999999997ms
Generating and Compiling data/synth_mats_wider/vary_row/q_64/r_512_c_128_p_0.05_uniq_64.txt
Running data/synth_mats_wider/vary_row/q_64/r_512_c_128_p_0.05_uniq_64.txt
Finished running in
LIBXSMM_VERSION: RT-bct-L1-NMBlocking-1.16.1-1576 (25183784)
LIBXSMM_TARGET: skx
Registry and code: 13 MB
Uptime: 3.679860 s

LIBXSMM_VERSION: RT-bct-L1-NMBlocking-1.16.1-1576 (25183784)
LIBXSMM_TARGET: skx
Registry and code: 13 MB
Uptime: 0.459561 s

LIBXSMM_VERSION: RT-bct-L1-NMBlocking-1.16.1-1576 (25183784)
LIBXSMM_TARGET: skx
Registry and code: 13 MB
Uptime: 0.709981 s

LIBXSMM_VERSION: RT-bct-L1-NMBlocking-1.16.1-1576 (25183784)
LIBXSMM_TARGET: skx
Registry and code: 13 MB
Uptime: 1.078348 s

LIBXSMM_VERSION: RT-bct-L1-NMBlocking-1.16.1-1576 (25183784)
LIBXSMM_TARGET: skx
Registry and code: 13 MB
Uptime: 1.969800 s

LIBXSMM_VERSION: RT-bct-L1-NMBlocking-1.16.1-1576 (25183784)
LIBXSMM_TARGET: skx
Registry and code: 13 MB
Uptime: 3.703446 s

LIBXSMM_VERSION: RT-bct-L1-NMBlocking-1.16.1-1576 (25183784)
LIBXSMM_TARGET: skx
Registry and code: 13 MB
Uptime: 0.697877 s

LIBXSMM_VERSION: RT-bct-L1-NMBlocking-1.16.1-1576 (25183784)
LIBXSMM_TARGET: skx
Registry and code: 13 MB
Uptime: 0.692987 s

LIBXSMM_VERSION: RT-bct-L1-NMBlocking-1.16.1-1576 (25183784)
LIBXSMM_TARGET: skx
Registry and code: 13 MB
Uptime: 0.690822 s

LIBXSMM_VERSION: RT-bct-L1-NMBlocking-1.16.1-1576 (25183784)
LIBXSMM_TARGET: skx
Registry and code: 13 MB
Uptime: 0.685356 s

LIBXSMM_VERSION: RT-bct-L1-NMBlocking-1.16.1-1576 (25183784)
LIBXSMM_TARGET: skx
Registry and code: 13 MB
Uptime: 0.675710 s

LIBXSMM_VERSION: RT-bct-L1-NMBlocking-1.16.1-1576 (25183784)
LIBXSMM_TARGET: skx
Registry and code: 13 MB
Uptime: 0.681798 s

LIBXSMM_VERSION: RT-bct-L1-NMBlocking-1.16.1-1576 (25183784)
LIBXSMM_TARGET: skx
Registry and code: 13 MB
Uptime: 0.666671 s

LIBXSMM_VERSION: RT-bct-L1-NMBlocking-1.16.1-1576 (25183784)
LIBXSMM_TARGET: skx
Registry and code: 13 MB
Uptime: 0.683039 s

LIBXSMM_VERSION: RT-bct-L1-NMBlocking-1.16.1-1576 (25183784)
LIBXSMM_TARGET: skx
Registry and code: 13 MB
Uptime: 0.686461 s

LIBXSMM_VERSION: RT-bct-L1-NMBlocking-1.16.1-1576 (25183784)
LIBXSMM_TARGET: skx
Registry and code: 13 MB
Uptime: 0.697968 s

LIBXSMM_VERSION: RT-bct-L1-NMBlocking-1.16.1-1576 (25183784)
LIBXSMM_TARGET: skx
Registry and code: 13 MB
Uptime: 0.699770 s

LIBXSMM_VERSION: RT-bct-L1-NMBlocking-1.16.1-1576 (25183784)
LIBXSMM_TARGET: skx
Registry and code: 13 MB
Uptime: 0.698125 s

LIBXSMM_VERSION: RT-bct-L1-NMBlocking-1.16.1-1576 (25183784)
LIBXSMM_TARGET: skx
Registry and code: 13 MB
Uptime: 0.678949 s

LIBXSMM_VERSION: RT-bct-L1-NMBlocking-1.16.1-1576 (25183784)
LIBXSMM_TARGET: skx
Registry and code: 13 MB
Uptime: 0.690936 s

LIBXSMM_VERSION: RT-bct-L1-NMBlocking-1.16.1-1576 (25183784)
LIBXSMM_TARGET: skx
Registry and code: 13 MB
Uptime: 0.691998 s

LIBXSMM_VERSION: RT-bct-L1-NMBlocking-1.16.1-1576 (25183784)
LIBXSMM_TARGET: skx
Registry and code: 13 MB
Uptime: 0.666106 s
 58.1642ms
Generating and Compiling data/synth_mats_wider/vary_row/q_64/r_1024_c_128_p_0.05_uniq_64.txt
Running data/synth_mats_wider/vary_row/q_64/r_1024_c_128_p_0.05_uniq_64.txt
Finished running in 111.74806666666667ms
Generating and Compiling data/synth_mats_wider/vary_row/q_256/r_64_c_128_p_0.05_uniq_256.txt
Running data/synth_mats_wider/vary_row/q_256/r_64_c_128_p_0.05_uniq_256.txt
Finished running in 13.547633333333332ms
Generating and Compiling data/synth_mats_wider/vary_row/q_256/r_128_c_128_p_0.05_uniq_256.txt
Running data/synth_mats_wider/vary_row/q_256/r_128_c_128_p_0.05_uniq_256.txt
Finished running in 21.25296666666667ms
Generating and Compiling data/synth_mats_wider/vary_row/q_256/r_256_c_128_p_0.05_uniq_256.txt
Running data/synth_mats_wider/vary_row/q_256/r_256_c_128_p_0.05_uniq_256.txt
Finished running in 32.2487ms
Generating and Compiling data/synth_mats_wider/vary_row/q_256/r_512_c_128_p_0.05_uniq_256.txt
Running data/synth_mats_wider/vary_row/q_256/r_512_c_128_p_0.05_uniq_256.txt
Finished running in 59.4313ms
Generating and Compiling data/synth_mats_wider/vary_row/q_256/r_1024_c_128_p_0.05_uniq_256.txt
Running data/synth_mats_wider/vary_row/q_256/r_1024_c_128_p_0.05_uniq_256.txt
Finished running in 112.19383333333333ms
Generating and Compiling data/synth_mats_wider/vary_unique/r_128_c_128_p_0.05_uniq_16.txt
Running data/synth_mats_wider/vary_unique/r_128_c_128_p_0.05_uniq_16.txt
Finished running in 18.104266666666668ms
Generating and Compiling data/synth_mats_wider/vary_unique/r_128_c_128_p_0.05_uniq_32.txt
Running data/synth_mats_wider/vary_unique/r_128_c_128_p_0.05_uniq_32.txt
Finished running in 17.7852ms
Generating and Compiling data/synth_mats_wider/vary_unique/r_128_c_128_p_0.05_uniq_48.txt
Running data/synth_mats_wider/vary_unique/r_128_c_128_p_0.05_uniq_48.txt
Finished running in 17.3595ms
Generating and Compiling data/synth_mats_wider/vary_unique/r_128_c_128_p_0.05_uniq_64.txt
Running data/synth_mats_wider/vary_unique/r_128_c_128_p_0.05_uniq_64.txt
Finished running in 17.652533333333334ms
Generating and Compiling data/synth_mats_wider/vary_unique/r_128_c_128_p_0.05_uniq_80.txt
Running data/synth_mats_wider/vary_unique/r_128_c_128_p_0.05_uniq_80.txt
Finished running in 16.798533333333335ms
Generating and Compiling data/synth_mats_wider/vary_unique/r_128_c_128_p_0.05_uniq_96.txt
Running data/synth_mats_wider/vary_unique/r_128_c_128_p_0.05_uniq_96.txt
Finished running in 17.897066666666667ms
Generating and Compiling data/synth_mats_wider/vary_unique/r_128_c_128_p_0.05_uniq_112.txt
Running data/synth_mats_wider/vary_unique/r_128_c_128_p_0.05_uniq_112.txt
Finished running in 16.6602ms
Generating and Compiling data/synth_mats_wider/vary_unique/r_128_c_128_p_0.05_uniq_128.txt
Running data/synth_mats_wider/vary_unique/r_128_c_128_p_0.05_uniq_128.txt
Finished running in 17.521833333333333ms
Generating and Compiling data/synth_mats_wider/vary_unique/r_128_c_128_p_0.05_uniq_144.txt
Running data/synth_mats_wider/vary_unique/r_128_c_128_p_0.05_uniq_144.txt
Finished running in 17.602633333333333ms
Generating and Compiling data/synth_mats_wider/vary_unique/r_128_c_128_p_0.05_uniq_160.txt
Running data/synth_mats_wider/vary_unique/r_128_c_128_p_0.05_uniq_160.txt
Finished running in 17.066366666666667ms
Generating and Compiling data/synth_mats_wider/vary_unique/r_128_c_128_p_0.05_uniq_176.txt
Running data/synth_mats_wider/vary_unique/r_128_c_128_p_0.05_uniq_176.txt
Finished running in 18.879033333333332ms
Generating and Compiling data/synth_mats_wider/vary_unique/r_128_c_128_p_0.05_uniq_192.txt
Running data/synth_mats_wider/vary_unique/r_128_c_128_p_0.05_uniq_192.txt
Finished running in 17.657833333333333ms
Generating and Compiling data/synth_mats_wider/vary_unique/r_128_c_128_p_0.05_uniq_208.txt
Running data/synth_mats_wider/vary_unique/r_128_c_128_p_0.05_uniq_208.txt
Finished running in 17.883266666666668ms
Generating and Compiling data/synth_mats_wider/vary_unique/r_128_c_128_p_0.05_uniq_224.txt
Running data/synth_mats_wider/vary_unique/r_128_c_128_p_0.05_uniq_224.txt
Finished running in 17.804266666666667ms
Generating and Compiling data/synth_mats_wider/vary_unique/r_128_c_128_p_0.05_uniq_240.txt
Running data/synth_mats_wider/vary_unique/r_128_c_128_p_0.05_uniq_240.txt
Finished running in 20.662699999999997ms
Generating and Compiling data/synth_mats_wider/vary_unique/r_128_c_128_p_0.05_uniq_256.txt
Running data/synth_mats_wider/vary_unique/r_128_c_128_p_0.05_uniq_256.txt
Finished running in 19.796033333333334ms
