
LIBXSMM_VERSION: RT-bst-B-from-vreg-1.16.1-1577 (25183785)
LIBXSMM_TARGET: clx
Registry and code: 13 MB
Uptime: 0.086020 s

LIBXSMM_VERSION: RT-bst-B-from-vreg-1.16.1-1577 (25183785)
LIBXSMM_TARGET: clx
Registry and code: 13 MB
Uptime: 0.041440 s

LIBXSMM_VERSION: RT-bst-B-from-vreg-1.16.1-1577 (25183785)
LIBXSMM_TARGET: clx
Registry and code: 13 MB
Uptime: 0.092537 s

LIBXSMM_VERSION: RT-bst-B-from-vreg-1.16.1-1577 (25183785)
LIBXSMM_TARGET: clx
Registry and code: 13 MB
Uptime: 0.040799 s

LIBXSMM_VERSION: RT-bst-B-from-vreg-1.16.1-1577 (25183785)
LIBXSMM_TARGET: clx
Registry and code: 13 MB
Uptime: 0.085955 s

LIBXSMM_VERSION: RT-bst-B-from-vreg-1.16.1-1577 (25183785)
LIBXSMM_TARGET: clx
Registry and code: 13 MB
Uptime: 0.192952 s

LIBXSMM_VERSION: RT-bst-B-from-vreg-1.16.1-1577 (25183785)
LIBXSMM_TARGET: clx
Registry and code: 13 MB
Uptime: 0.153057 s

LIBXSMM_VERSION: RT-bst-B-from-vreg-1.16.1-1577 (25183785)
LIBXSMM_TARGET: clx
Registry and code: 13 MB
Uptime: 0.331595 s

LIBXSMM_VERSION: RT-bst-B-from-vreg-1.16.1-1577 (25183785)
LIBXSMM_TARGET: clx
Registry and code: 13 MB
Uptime: 0.194987 s

LIBXSMM_VERSION: RT-bst-B-from-vreg-1.16.1-1577 (25183785)
LIBXSMM_TARGET: clx
Registry and code: 13 MB
Uptime: 0.285833 s

LIBXSMM_VERSION: RT-bst-B-from-vreg-1.16.1-1577 (25183785)
LIBXSMM_TARGET: clx
Registry and code: 13 MB
Uptime: 0.197052 s

LIBXSMM_VERSION: RT-bst-B-from-vreg-1.16.1-1577 (25183785)
LIBXSMM_TARGET: clx
Registry and code: 13 MB
Uptime: 0.152895 s

LIBXSMM_VERSION: RT-bst-B-from-vreg-1.16.1-1577 (25183785)
LIBXSMM_TARGET: clx
Registry and code: 13 MB
Uptime: 0.330530 s

LIBXSMM_VERSION: RT-bst-B-from-vreg-1.16.1-1577 (25183785)
LIBXSMM_TARGET: clx
Registry and code: 13 MB
Uptime: 0.195909 s

LIBXSMM_VERSION: RT-bst-B-from-vreg-1.16.1-1577 (25183785)
LIBXSMM_TARGET: clx
Registry and code: 13 MB
Uptime: 0.287114 s

LIBXSMM_VERSION: RT-bst-B-from-vreg-1.16.1-1577 (25183785)
LIBXSMM_TARGET: clx
Registry and code: 13 MB
Uptime: 0.380037 s

LIBXSMM_VERSION: RT-bst-B-from-vreg-1.16.1-1577 (25183785)
LIBXSMM_TARGET: clx
Registry and code: 13 MB
Uptime: 0.349115 s

LIBXSMM_VERSION: RT-bst-B-from-vreg-1.16.1-1577 (25183785)
LIBXSMM_TARGET: clx
Registry and code: 13 MB
Uptime: 0.754851 s

LIBXSMM_VERSION: RT-bst-B-from-vreg-1.16.1-1577 (25183785)
LIBXSMM_TARGET: clx
Registry and code: 13 MB
Uptime: 0.560965 s

LIBXSMM_VERSION: RT-bst-B-from-vreg-1.16.1-1577 (25183785)
LIBXSMM_TARGET: clx
Registry and code: 13 MB
Uptime: 0.781944 s

LIBXSMM_VERSION: RT-bst-B-from-vreg-1.16.1-1577 (25183785)
LIBXSMM_TARGET: clx
Registry and code: 13 MB
Uptime: 0.457513 s

LIBXSMM_VERSION: RT-bst-B-from-vreg-1.16.1-1577 (25183785)
LIBXSMM_TARGET: clx
Registry and code: 13 MB
Uptime: 0.349928 s

LIBXSMM_VERSION: RT-bst-B-from-vreg-1.16.1-1577 (25183785)
LIBXSMM_TARGET: clx
Registry and code: 13 MB
Uptime: 0.756154 s

LIBXSMM_VERSION: RT-bst-B-from-vreg-1.16.1-1577 (25183785)
LIBXSMM_TARGET: clx
Registry and code: 13 MB
Uptime: 0.588152 s

LIBXSMM_VERSION: RT-bst-B-from-vreg-1.16.1-1577 (25183785)
LIBXSMM_TARGET: clx
Registry and code: 13 MB
Uptime: 0.790196 s

LIBXSMM_VERSION: RT-bst-B-from-vreg-1.16.1-1577 (25183785)
LIBXSMM_TARGET: clx
Registry and code: 13 MB
Uptime: 0.611413 s

LIBXSMM_VERSION: RT-bst-B-from-vreg-1.16.1-1577 (25183785)
LIBXSMM_TARGET: clx
Registry and code: 13 MB
Uptime: 0.680562 s

LIBXSMM_VERSION: RT-bst-B-from-vreg-1.16.1-1577 (25183785)
LIBXSMM_TARGET: clx
Registry and code: 13 MB
Uptime: 1.518819 s

LIBXSMM_VERSION: RT-bst-B-from-vreg-1.16.1-1577 (25183785)
LIBXSMM_TARGET: clx
Registry and code: 13 MB
Uptime: 1.834744 s

LIBXSMM_VERSION: RT-bst-B-from-vreg-1.16.1-1577 (25183785)
LIBXSMM_TARGET: clx
Registry and code: 13 MB
Uptime: 1.623588 s

LIBXSMM_VERSION: RT-bst-B-from-vreg-1.16.1-1577 (25183785)
LIBXSMM_TARGET: clx
Registry and code: 13 MB
Uptime: 0.779041 s

LIBXSMM_VERSION: RT-bst-B-from-vreg-1.16.1-1577 (25183785)
LIBXSMM_TARGET: clx
Registry and code: 13 MB
Uptime: 0.681064 s

LIBXSMM_VERSION: RT-bst-B-from-vreg-1.16.1-1577 (25183785)
LIBXSMM_TARGET: clx
Registry and code: 13 MB
Uptime: 1.536302 s

LIBXSMM_VERSION: RT-bst-B-from-vreg-1.16.1-1577 (25183785)
LIBXSMM_TARGET: clx
Registry and code: 13 MB
Uptime: 1.871641 s

LIBXSMM_VERSION: RT-bst-B-from-vreg-1.16.1-1577 (25183785)
LIBXSMM_TARGET: clx
Registry and code: 13 MB
Uptime: 1.557607 s

LIBXSMM_VERSION: RT-bst-B-from-vreg-1.16.1-1577 (25183785)
LIBXSMM_TARGET: clx
Registry and code: 13 MB
Uptime: 0.909546 s

LIBXSMM_VERSION: RT-bst-B-from-vreg-1.16.1-1577 (25183785)
LIBXSMM_TARGET: clx
Registry and code: 13 MB
Uptime: 1.204595 s

LIBXSMM_VERSION: RT-bst-B-from-vreg-1.16.1-1577 (25183785)
LIBXSMM_TARGET: clx
Registry and code: 13 MB
Uptime: 2.741300 s

LIBXSMM_VERSION: RT-bst-B-from-vreg-1.16.1-1577 (25183785)
LIBXSMM_TARGET: clx
Registry and code: 13 MB
Uptime: 3.754318 s

LIBXSMM_VERSION: RT-bst-B-from-vreg-1.16.1-1577 (25183785)
LIBXSMM_TARGET: clx
Registry and code: 13 MB
Uptime: 2.941866 s

LIBXSMM_VERSION: RT-bst-B-from-vreg-1.16.1-1577 (25183785)
LIBXSMM_TARGET: clx
Registry and code: 13 MB
Uptime: 1.286515 s

LIBXSMM_VERSION: RT-bst-B-from-vreg-1.16.1-1577 (25183785)
LIBXSMM_TARGET: clx
Registry and code: 13 MB
Uptime: 1.203105 s

LIBXSMM_VERSION: RT-bst-B-from-vreg-1.16.1-1577 (25183785)
LIBXSMM_TARGET: clx
Registry and code: 13 MB
Uptime: 2.827977 s

LIBXSMM_VERSION: RT-bst-B-from-vreg-1.16.1-1577 (25183785)
LIBXSMM_TARGET: clx
Registry and code: 13 MB
Uptime: 3.864649 s

LIBXSMM_VERSION: RT-bst-B-from-vreg-1.16.1-1577 (25183785)
LIBXSMM_TARGET: clx
Registry and code: 13 MB
Uptime: 2.985133 s

LIBXSMM_VERSION: RT-bst-B-from-vreg-1.16.1-1577 (25183785)
LIBXSMM_TARGET: clx
Registry and code: 13 MB
Uptime: 1.303632 s
Generating and Compiling data/example_mats/hex/p1/gauss-legendre/m0.txt
Running data/example_mats/hex/p1/gauss-legendre/m0.txt
Finished running in 0.27221999999999996ms
Generating and Compiling data/example_mats/hex/p1/gauss-legendre/m3.txt
Running data/example_mats/hex/p1/gauss-legendre/m3.txt
Finished running in 0.12410333333333334ms
Generating and Compiling data/example_mats/hex/p1/gauss-legendre/m6.txt
Running data/example_mats/hex/p1/gauss-legendre/m6.txt
Finished running in 0.29230333333333336ms
Generating and Compiling data/example_mats/hex/p1/gauss-legendre/m132.txt
Running data/example_mats/hex/p1/gauss-legendre/m132.txt
Finished running in 0.12293333333333334ms
Generating and Compiling data/example_mats/hex/p1/gauss-legendre/m460.txt
Running data/example_mats/hex/p1/gauss-legendre/m460.txt
Finished running in 0.2707333333333333ms
Generating and Compiling data/example_mats/hex/p2/gauss-legendre-lobatto/m0.txt
Running data/example_mats/hex/p2/gauss-legendre-lobatto/m0.txt
Finished running in 0.6209433333333334ms
Generating and Compiling data/example_mats/hex/p2/gauss-legendre-lobatto/m3.txt
Running data/example_mats/hex/p2/gauss-legendre-lobatto/m3.txt
Finished running in 0.48880666666666667ms
Generating and Compiling data/example_mats/hex/p2/gauss-legendre-lobatto/m6.txt
Running data/example_mats/hex/p2/gauss-legendre-lobatto/m6.txt
Finished running in 1.0726933333333333ms
Generating and Compiling data/example_mats/hex/p2/gauss-legendre-lobatto/m132.txt
Running data/example_mats/hex/p2/gauss-legendre-lobatto/m132.txt
Finished running in 0.6249ms
Generating and Compiling data/example_mats/hex/p2/gauss-legendre-lobatto/m460.txt
Running data/example_mats/hex/p2/gauss-legendre-lobatto/m460.txt
Finished running in 0.9249866666666666ms
Generating and Compiling data/example_mats/hex/p2/gauss-legendre/m0.txt
Running data/example_mats/hex/p2/gauss-legendre/m0.txt
Finished running in 0.6341466666666666ms
Generating and Compiling data/example_mats/hex/p2/gauss-legendre/m3.txt
Running data/example_mats/hex/p2/gauss-legendre/m3.txt
Finished running in 0.4882466666666666ms
Generating and Compiling data/example_mats/hex/p2/gauss-legendre/m6.txt
Running data/example_mats/hex/p2/gauss-legendre/m6.txt
Finished running in 1.0687366666666667ms
Generating and Compiling data/example_mats/hex/p2/gauss-legendre/m132.txt
Running data/example_mats/hex/p2/gauss-legendre/m132.txt
Finished running in 0.6280633333333333ms
Generating and Compiling data/example_mats/hex/p2/gauss-legendre/m460.txt
Running data/example_mats/hex/p2/gauss-legendre/m460.txt
Finished running in 0.9296333333333333ms
Generating and Compiling data/example_mats/hex/p3/gauss-legendre-lobatto/m0.txt
Running data/example_mats/hex/p3/gauss-legendre-lobatto/m0.txt
Finished running in 1.2288366666666668ms
Generating and Compiling data/example_mats/hex/p3/gauss-legendre-lobatto/m3.txt
Running data/example_mats/hex/p3/gauss-legendre-lobatto/m3.txt
Finished running in 1.1263266666666667ms
Generating and Compiling data/example_mats/hex/p3/gauss-legendre-lobatto/m6.txt
Running data/example_mats/hex/p3/gauss-legendre-lobatto/m6.txt
Finished running in 2.444783333333333ms
Generating and Compiling data/example_mats/hex/p3/gauss-legendre-lobatto/m132.txt
Running data/example_mats/hex/p3/gauss-legendre-lobatto/m132.txt
Finished running in 1.8129333333333333ms
Generating and Compiling data/example_mats/hex/p3/gauss-legendre-lobatto/m460.txt
Running data/example_mats/hex/p3/gauss-legendre-lobatto/m460.txt
Finished running in 2.5467366666666664ms
Generating and Compiling data/example_mats/hex/p3/gauss-legendre/m0.txt
Running data/example_mats/hex/p3/gauss-legendre/m0.txt
Finished running in 1.48685ms
Generating and Compiling data/example_mats/hex/p3/gauss-legendre/m3.txt
Running data/example_mats/hex/p3/gauss-legendre/m3.txt
Finished running in 1.12867ms
Generating and Compiling data/example_mats/hex/p3/gauss-legendre/m6.txt
Running data/example_mats/hex/p3/gauss-legendre/m6.txt
Finished running in 2.4508199999999998ms
Generating and Compiling data/example_mats/hex/p3/gauss-legendre/m132.txt
Running data/example_mats/hex/p3/gauss-legendre/m132.txt
Finished running in 1.9050733333333334ms
Generating and Compiling data/example_mats/hex/p3/gauss-legendre/m460.txt
Running data/example_mats/hex/p3/gauss-legendre/m460.txt
Finished running in 2.5730866666666663ms
Generating and Compiling data/example_mats/hex/p4/gauss-legendre-lobatto/m0.txt
Running data/example_mats/hex/p4/gauss-legendre-lobatto/m0.txt
Finished running in 1.9700333333333333ms
Generating and Compiling data/example_mats/hex/p4/gauss-legendre-lobatto/m3.txt
Running data/example_mats/hex/p4/gauss-legendre-lobatto/m3.txt
Finished running in 2.19902ms
Generating and Compiling data/example_mats/hex/p4/gauss-legendre-lobatto/m6.txt
Running data/example_mats/hex/p4/gauss-legendre-lobatto/m6.txt
Finished running in 4.769926666666667ms
Generating and Compiling data/example_mats/hex/p4/gauss-legendre-lobatto/m132.txt
Running data/example_mats/hex/p4/gauss-legendre-lobatto/m132.txt
Finished running in 4.4305433333333335ms
Generating and Compiling data/example_mats/hex/p4/gauss-legendre-lobatto/m460.txt
Running data/example_mats/hex/p4/gauss-legendre-lobatto/m460.txt
Finished running in 5.27658ms
Generating and Compiling data/example_mats/hex/p4/gauss-legendre/m0.txt
Running data/example_mats/hex/p4/gauss-legendre/m0.txt
Finished running in 2.526946666666667ms
Generating and Compiling data/example_mats/hex/p4/gauss-legendre/m3.txt
Running data/example_mats/hex/p4/gauss-legendre/m3.txt
Finished running in 2.204196666666667ms
Generating and Compiling data/example_mats/hex/p4/gauss-legendre/m6.txt
Running data/example_mats/hex/p4/gauss-legendre/m6.txt
Finished running in 4.769843333333333ms
Generating and Compiling data/example_mats/hex/p4/gauss-legendre/m132.txt
Running data/example_mats/hex/p4/gauss-legendre/m132.txt
Finished running in 4.539203333333333ms
Generating and Compiling data/example_mats/hex/p4/gauss-legendre/m460.txt
Running data/example_mats/hex/p4/gauss-legendre/m460.txt
Finished running in 5.05999ms
Generating and Compiling data/example_mats/hex/p5/gauss-legendre-lobatto/m0.txt
Running data/example_mats/hex/p5/gauss-legendre-lobatto/m0.txt
Finished running in 2.9121ms
Generating and Compiling data/example_mats/hex/p5/gauss-legendre-lobatto/m3.txt
Running data/example_mats/hex/p5/gauss-legendre-lobatto/m3.txt
Finished running in 3.7443100000000005ms
Generating and Compiling data/example_mats/hex/p5/gauss-legendre-lobatto/m6.txt
Running data/example_mats/hex/p5/gauss-legendre-lobatto/m6.txt
Finished running in 8.463013333333333ms
Generating and Compiling data/example_mats/hex/p5/gauss-legendre-lobatto/m132.txt
Running data/example_mats/hex/p5/gauss-legendre-lobatto/m132.txt
Finished running in 11.282943333333332ms
Generating and Compiling data/example_mats/hex/p5/gauss-legendre-lobatto/m460.txt
Running data/example_mats/hex/p5/gauss-legendre-lobatto/m460.txt
Finished running in 9.520706666666667ms
Generating and Compiling data/example_mats/hex/p5/gauss-legendre/m0.txt
Running data/example_mats/hex/p5/gauss-legendre/m0.txt
Finished running in 4.1423033333333334ms
Generating and Compiling data/example_mats/hex/p5/gauss-legendre/m3.txt
Running data/example_mats/hex/p5/gauss-legendre/m3.txt
Finished running in 3.720113333333334ms
Generating and Compiling data/example_mats/hex/p5/gauss-legendre/m6.txt
Running data/example_mats/hex/p5/gauss-legendre/m6.txt
Finished running in 8.601730000000002ms
Generating and Compiling data/example_mats/hex/p5/gauss-legendre/m132.txt
Running data/example_mats/hex/p5/gauss-legendre/m132.txt
Finished running in 10.865443333333333ms
Generating and Compiling data/example_mats/hex/p5/gauss-legendre/m460.txt
Running data/example_mats/hex/p5/gauss-legendre/m460.txt
Finished running in 9.664023333333333ms
Generating and Compiling data/example_mats/hex/p6/gauss-legendre-lobatto/m0.txt
Running data/example_mats/hex/p6/gauss-legendre-lobatto/m0.txt
Finished running in 4.020666666666667ms
Generating and Compiling data/example_mats/hex/p6/gauss-legendre-lobatto/m3.txt
Running data/example_mats/hex/p6/gauss-legendre-lobatto/m3.txt

LIBXSMM_VERSION: RT-bst-B-from-vreg-1.16.1-1577 (25183785)
LIBXSMM_TARGET: clx
Registry and code: 13 MB
Uptime: 1.916501 s

LIBXSMM_VERSION: RT-bst-B-from-vreg-1.16.1-1577 (25183785)
LIBXSMM_TARGET: clx
Registry and code: 13 MB
Uptime: 4.472782 s

LIBXSMM_VERSION: RT-bst-B-from-vreg-1.16.1-1577 (25183785)
LIBXSMM_TARGET: clx
Registry and code: 13 MB
Uptime: 7.337456 s

LIBXSMM_VERSION: RT-bst-B-from-vreg-1.16.1-1577 (25183785)
LIBXSMM_TARGET: clx
Registry and code: 13 MB
Uptime: 5.706645 s

LIBXSMM_VERSION: RT-bst-B-from-vreg-1.16.1-1577 (25183785)
LIBXSMM_TARGET: clx
Registry and code: 13 MB
Uptime: 1.918844 s

LIBXSMM_VERSION: RT-bst-B-from-vreg-1.16.1-1577 (25183785)
LIBXSMM_TARGET: clx
Registry and code: 13 MB
Uptime: 1.894109 s

LIBXSMM_VERSION: RT-bst-B-from-vreg-1.16.1-1577 (25183785)
LIBXSMM_TARGET: clx
Registry and code: 13 MB
Uptime: 4.457344 s

LIBXSMM_VERSION: RT-bst-B-from-vreg-1.16.1-1577 (25183785)
LIBXSMM_TARGET: clx
Registry and code: 13 MB
Uptime: 7.458285 s

LIBXSMM_VERSION: RT-bst-B-from-vreg-1.16.1-1577 (25183785)
LIBXSMM_TARGET: clx
Registry and code: 13 MB
Uptime: 5.789589 s

LIBXSMM_VERSION: RT-bst-B-from-vreg-1.16.1-1577 (25183785)
LIBXSMM_TARGET: clx
Registry and code: 13 MB
Uptime: 0.030812 s

LIBXSMM_VERSION: RT-bst-B-from-vreg-1.16.1-1577 (25183785)
LIBXSMM_TARGET: clx
Registry and code: 13 MB
Uptime: 0.018162 s

LIBXSMM_VERSION: RT-bst-B-from-vreg-1.16.1-1577 (25183785)
LIBXSMM_TARGET: clx
Registry and code: 13 MB
Uptime: 0.031648 s

LIBXSMM_VERSION: RT-bst-B-from-vreg-1.16.1-1577 (25183785)
LIBXSMM_TARGET: clx
Registry and code: 13 MB
Uptime: 0.018549 s

LIBXSMM_VERSION: RT-bst-B-from-vreg-1.16.1-1577 (25183785)
LIBXSMM_TARGET: clx
Registry and code: 13 MB
Uptime: 0.030796 s

LIBXSMM_VERSION: RT-bst-B-from-vreg-1.16.1-1577 (25183785)
LIBXSMM_TARGET: clx
Registry and code: 13 MB
Uptime: 0.044913 s

LIBXSMM_VERSION: RT-bst-B-from-vreg-1.16.1-1577 (25183785)
LIBXSMM_TARGET: clx
Registry and code: 13 MB
Uptime: 0.036513 s

LIBXSMM_VERSION: RT-bst-B-from-vreg-1.16.1-1577 (25183785)
LIBXSMM_TARGET: clx
Registry and code: 13 MB
Uptime: 0.066768 s

LIBXSMM_VERSION: RT-bst-B-from-vreg-1.16.1-1577 (25183785)
LIBXSMM_TARGET: clx
Registry and code: 13 MB
Uptime: 0.040086 s

LIBXSMM_VERSION: RT-bst-B-from-vreg-1.16.1-1577 (25183785)
LIBXSMM_TARGET: clx
Registry and code: 13 MB
Uptime: 0.065783 s

LIBXSMM_VERSION: RT-bst-B-from-vreg-1.16.1-1577 (25183785)
LIBXSMM_TARGET: clx
Registry and code: 13 MB
Uptime: 0.050542 s

LIBXSMM_VERSION: RT-bst-B-from-vreg-1.16.1-1577 (25183785)
LIBXSMM_TARGET: clx
Registry and code: 13 MB
Uptime: 0.036841 s

LIBXSMM_VERSION: RT-bst-B-from-vreg-1.16.1-1577 (25183785)
LIBXSMM_TARGET: clx
Registry and code: 13 MB
Uptime: 0.066819 s

LIBXSMM_VERSION: RT-bst-B-from-vreg-1.16.1-1577 (25183785)
LIBXSMM_TARGET: clx
Registry and code: 13 MB
Uptime: 0.040287 s

LIBXSMM_VERSION: RT-bst-B-from-vreg-1.16.1-1577 (25183785)
LIBXSMM_TARGET: clx
Registry and code: 13 MB
Uptime: 0.065868 s

LIBXSMM_VERSION: RT-bst-B-from-vreg-1.16.1-1577 (25183785)
LIBXSMM_TARGET: clx
Registry and code: 13 MB
Uptime: 0.059787 s

LIBXSMM_VERSION: RT-bst-B-from-vreg-1.16.1-1577 (25183785)
LIBXSMM_TARGET: clx
Registry and code: 13 MB
Uptime: 0.063110 s

LIBXSMM_VERSION: RT-bst-B-from-vreg-1.16.1-1577 (25183785)
LIBXSMM_TARGET: clx
Registry and code: 13 MB
Uptime: 0.115881 s

LIBXSMM_VERSION: RT-bst-B-from-vreg-1.16.1-1577 (25183785)
LIBXSMM_TARGET: clx
Registry and code: 13 MB
Uptime: 0.073597 s

LIBXSMM_VERSION: RT-bst-B-from-vreg-1.16.1-1577 (25183785)
LIBXSMM_TARGET: clx
Registry and code: 13 MB
Uptime: 0.116580 s

LIBXSMM_VERSION: RT-bst-B-from-vreg-1.16.1-1577 (25183785)
LIBXSMM_TARGET: clx
Registry and code: 13 MB
Uptime: 0.062892 s

LIBXSMM_VERSION: RT-bst-B-from-vreg-1.16.1-1577 (25183785)
LIBXSMM_TARGET: clx
Registry and code: 13 MB
Uptime: 0.063149 s

LIBXSMM_VERSION: RT-bst-B-from-vreg-1.16.1-1577 (25183785)
LIBXSMM_TARGET: clx
Registry and code: 13 MB
Uptime: 0.115608 s

LIBXSMM_VERSION: RT-bst-B-from-vreg-1.16.1-1577 (25183785)
LIBXSMM_TARGET: clx
Registry and code: 13 MB
Uptime: 0.075468 s

LIBXSMM_VERSION: RT-bst-B-from-vreg-1.16.1-1577 (25183785)
LIBXSMM_TARGET: clx
Registry and code: 13 MB
Uptime: 0.116408 s

LIBXSMM_VERSION: RT-bst-B-from-vreg-1.16.1-1577 (25183785)
LIBXSMM_TARGET: clx
Registry and code: 13 MB
Uptime: 0.075357 s

LIBXSMM_VERSION: RT-bst-B-from-vreg-1.16.1-1577 (25183785)
LIBXSMM_TARGET: clx
Registry and code: 13 MB
Uptime: 0.097705 s

LIBXSMM_VERSION: RT-bst-B-from-vreg-1.16.1-1577 (25183785)
LIBXSMM_TARGET: clx
Registry and code: 13 MB
Uptime: 0.178496 s

LIBXSMM_VERSION: RT-bst-B-from-vreg-1.16.1-1577 (25183785)
LIBXSMM_TARGET: clx
Registry and code: 13 MB
Uptime: 0.159252 s

LIBXSMM_VERSION: RT-bst-B-from-vreg-1.16.1-1577 (25183785)
LIBXSMM_TARGET: clx
Registry and code: 13 MB
Uptime: 0.183381 s

LIBXSMM_VERSION: RT-bst-B-from-vreg-1.16.1-1577 (25183785)
LIBXSMM_TARGET: clx
Registry and code: 13 MB
Uptime: 0.082929 s

LIBXSMM_VERSION: RT-bst-B-from-vreg-1.16.1-1577 (25183785)
LIBXSMM_TARGET: clx
Registry and code: 13 MB
Uptime: 0.097109 s

LIBXSMM_VERSION: RT-bst-B-from-vreg-1.16.1-1577 (25183785)
LIBXSMM_TARGET: clx
Registry and code: 13 MB
Uptime: 0.178328 s

LIBXSMM_VERSION: RT-bst-B-from-vreg-1.16.1-1577 (25183785)
LIBXSMM_TARGET: clx
Registry and code: 13 MB
Uptime: 0.160095 s

LIBXSMM_VERSION: RT-bst-B-from-vreg-1.16.1-1577 (25183785)
LIBXSMM_TARGET: clx
Registry and code: 13 MB
Uptime: 0.182537 s

LIBXSMM_VERSION: RT-bst-B-from-vreg-1.16.1-1577 (25183785)
LIBXSMM_TARGET: clx
Registry and code: 13 MB
Uptime: 0.091275 s

LIBXSMM_VERSION: RT-bst-B-from-vreg-1.16.1-1577 (25183785)
LIBXSMM_TARGET: clx
Registry and code: 13 MB
Uptime: 0.136010 s

LIBXSMM_VERSION: RT-bst-B-from-vreg-1.16.1-1577 (25183785)
LIBXSMM_TARGET: clx
Registry and code: 13 MB
Uptime: 0.256530 s
Finished running in 6.171813333333334ms
Generating and Compiling data/example_mats/hex/p6/gauss-legendre-lobatto/m6.txt
Running data/example_mats/hex/p6/gauss-legendre-lobatto/m6.txt
Finished running in 13.967479999999998ms
Generating and Compiling data/example_mats/hex/p6/gauss-legendre-lobatto/m132.txt
Running data/example_mats/hex/p6/gauss-legendre-lobatto/m132.txt
Finished running in 23.24352ms
Generating and Compiling data/example_mats/hex/p6/gauss-legendre-lobatto/m460.txt
Running data/example_mats/hex/p6/gauss-legendre-lobatto/m460.txt
Finished running in 18.439876666666667ms
Generating and Compiling data/example_mats/hex/p6/gauss-legendre/m0.txt
Running data/example_mats/hex/p6/gauss-legendre/m0.txt
Finished running in 6.18767ms
Generating and Compiling data/example_mats/hex/p6/gauss-legendre/m3.txt
Running data/example_mats/hex/p6/gauss-legendre/m3.txt
Finished running in 6.109673333333333ms
Generating and Compiling data/example_mats/hex/p6/gauss-legendre/m6.txt
Running data/example_mats/hex/p6/gauss-legendre/m6.txt
Finished running in 14.079003333333333ms
Generating and Compiling data/example_mats/hex/p6/gauss-legendre/m132.txt
Running data/example_mats/hex/p6/gauss-legendre/m132.txt
Finished running in 23.68867ms
Generating and Compiling data/example_mats/hex/p6/gauss-legendre/m460.txt
Running data/example_mats/hex/p6/gauss-legendre/m460.txt
Finished running in 18.715876666666666ms
Generating and Compiling data/example_mats/quad/p1/gauss-legendre/m0.txt
Running data/example_mats/quad/p1/gauss-legendre/m0.txt
Finished running in 0.09192ms
Generating and Compiling data/example_mats/quad/p1/gauss-legendre/m3.txt
Running data/example_mats/quad/p1/gauss-legendre/m3.txt
Finished running in 0.05103333333333333ms
Generating and Compiling data/example_mats/quad/p1/gauss-legendre/m6.txt
Running data/example_mats/quad/p1/gauss-legendre/m6.txt
Finished running in 0.09497666666666667ms
Generating and Compiling data/example_mats/quad/p1/gauss-legendre/m132.txt
Running data/example_mats/quad/p1/gauss-legendre/m132.txt
Finished running in 0.05146666666666667ms
Generating and Compiling data/example_mats/quad/p1/gauss-legendre/m460.txt
Running data/example_mats/quad/p1/gauss-legendre/m460.txt
Finished running in 0.09179ms
Generating and Compiling data/example_mats/quad/p2/gauss-legendre-lobatto/m0.txt
Running data/example_mats/quad/p2/gauss-legendre-lobatto/m0.txt
Finished running in 0.13752666666666669ms
Generating and Compiling data/example_mats/quad/p2/gauss-legendre-lobatto/m3.txt
Running data/example_mats/quad/p2/gauss-legendre-lobatto/m3.txt
Finished running in 0.10955000000000001ms
Generating and Compiling data/example_mats/quad/p2/gauss-legendre-lobatto/m6.txt
Running data/example_mats/quad/p2/gauss-legendre-lobatto/m6.txt
Finished running in 0.20906666666666665ms
Generating and Compiling data/example_mats/quad/p2/gauss-legendre-lobatto/m132.txt
Running data/example_mats/quad/p2/gauss-legendre-lobatto/m132.txt
Finished running in 0.12057666666666668ms
Generating and Compiling data/example_mats/quad/p2/gauss-legendre-lobatto/m460.txt
Running data/example_mats/quad/p2/gauss-legendre-lobatto/m460.txt
Finished running in 0.20564666666666667ms
Generating and Compiling data/example_mats/quad/p2/gauss-legendre/m0.txt
Running data/example_mats/quad/p2/gauss-legendre/m0.txt
Finished running in 0.14773333333333333ms
Generating and Compiling data/example_mats/quad/p2/gauss-legendre/m3.txt
Running data/example_mats/quad/p2/gauss-legendre/m3.txt
Finished running in 0.11095333333333333ms
Generating and Compiling data/example_mats/quad/p2/gauss-legendre/m6.txt
Running data/example_mats/quad/p2/gauss-legendre/m6.txt
Finished running in 0.20877ms
Generating and Compiling data/example_mats/quad/p2/gauss-legendre/m132.txt
Running data/example_mats/quad/p2/gauss-legendre/m132.txt
Finished running in 0.12245333333333332ms
Generating and Compiling data/example_mats/quad/p2/gauss-legendre/m460.txt
Running data/example_mats/quad/p2/gauss-legendre/m460.txt
Finished running in 0.20598999999999998ms
Generating and Compiling data/example_mats/quad/p3/gauss-legendre-lobatto/m0.txt
Running data/example_mats/quad/p3/gauss-legendre-lobatto/m0.txt
Finished running in 0.18529666666666667ms
Generating and Compiling data/example_mats/quad/p3/gauss-legendre-lobatto/m3.txt
Running data/example_mats/quad/p3/gauss-legendre-lobatto/m3.txt
Finished running in 0.19611ms
Generating and Compiling data/example_mats/quad/p3/gauss-legendre-lobatto/m6.txt
Running data/example_mats/quad/p3/gauss-legendre-lobatto/m6.txt
Finished running in 0.3696933333333333ms
Generating and Compiling data/example_mats/quad/p3/gauss-legendre-lobatto/m132.txt
Running data/example_mats/quad/p3/gauss-legendre-lobatto/m132.txt
Finished running in 0.2294766666666667ms
Generating and Compiling data/example_mats/quad/p3/gauss-legendre-lobatto/m460.txt
Running data/example_mats/quad/p3/gauss-legendre-lobatto/m460.txt
Finished running in 0.37217ms
Generating and Compiling data/example_mats/quad/p3/gauss-legendre/m0.txt
Running data/example_mats/quad/p3/gauss-legendre/m0.txt
Finished running in 0.19672333333333333ms
Generating and Compiling data/example_mats/quad/p3/gauss-legendre/m3.txt
Running data/example_mats/quad/p3/gauss-legendre/m3.txt
Finished running in 0.19655ms
Generating and Compiling data/example_mats/quad/p3/gauss-legendre/m6.txt
Running data/example_mats/quad/p3/gauss-legendre/m6.txt
Finished running in 0.36861ms
Generating and Compiling data/example_mats/quad/p3/gauss-legendre/m132.txt
Running data/example_mats/quad/p3/gauss-legendre/m132.txt
Finished running in 0.23516ms
Generating and Compiling data/example_mats/quad/p3/gauss-legendre/m460.txt
Running data/example_mats/quad/p3/gauss-legendre/m460.txt
Finished running in 0.3709866666666667ms
Generating and Compiling data/example_mats/quad/p4/gauss-legendre-lobatto/m0.txt
Running data/example_mats/quad/p4/gauss-legendre-lobatto/m0.txt
Finished running in 0.23492ms
Generating and Compiling data/example_mats/quad/p4/gauss-legendre-lobatto/m3.txt
Running data/example_mats/quad/p4/gauss-legendre-lobatto/m3.txt
Finished running in 0.30966ms
Generating and Compiling data/example_mats/quad/p4/gauss-legendre-lobatto/m6.txt
Running data/example_mats/quad/p4/gauss-legendre-lobatto/m6.txt
Finished running in 0.57435ms
Generating and Compiling data/example_mats/quad/p4/gauss-legendre-lobatto/m132.txt
Running data/example_mats/quad/p4/gauss-legendre-lobatto/m132.txt
Finished running in 0.5035066666666667ms
Generating and Compiling data/example_mats/quad/p4/gauss-legendre-lobatto/m460.txt
Running data/example_mats/quad/p4/gauss-legendre-lobatto/m460.txt
Finished running in 0.5893566666666666ms
Generating and Compiling data/example_mats/quad/p4/gauss-legendre/m0.txt
Running data/example_mats/quad/p4/gauss-legendre/m0.txt
Finished running in 0.26069333333333333ms
Generating and Compiling data/example_mats/quad/p4/gauss-legendre/m3.txt
Running data/example_mats/quad/p4/gauss-legendre/m3.txt
Finished running in 0.30774666666666667ms
Generating and Compiling data/example_mats/quad/p4/gauss-legendre/m6.txt
Running data/example_mats/quad/p4/gauss-legendre/m6.txt
Finished running in 0.57403ms
Generating and Compiling data/example_mats/quad/p4/gauss-legendre/m132.txt
Running data/example_mats/quad/p4/gauss-legendre/m132.txt
Finished running in 0.5123633333333334ms
Generating and Compiling data/example_mats/quad/p4/gauss-legendre/m460.txt
Running data/example_mats/quad/p4/gauss-legendre/m460.txt
Finished running in 0.5867766666666666ms
Generating and Compiling data/example_mats/quad/p5/gauss-legendre-lobatto/m0.txt
Running data/example_mats/quad/p5/gauss-legendre-lobatto/m0.txt
Finished running in 0.28567ms
Generating and Compiling data/example_mats/quad/p5/gauss-legendre-lobatto/m3.txt
Running data/example_mats/quad/p5/gauss-legendre-lobatto/m3.txt
Finished running in 0.43466333333333335ms
Generating and Compiling data/example_mats/quad/p5/gauss-legendre-lobatto/m6.txt
Running data/example_mats/quad/p5/gauss-legendre-lobatto/m6.txt
Finished running in 0.8300333333333333ms
Generating and Compiling data/example_mats/quad/p5/gauss-legendre-lobatto/m132.txt
Running data/example_mats/quad/p5/gauss-legendre-lobatto/m132.txt
LIBXSMM_VERSION: RT-bst-B-from-vreg-1.16.1-1577 (25183785)
LIBXSMM_TARGET: clx
Registry and code: 13 MB
Uptime: 0.245608 s

LIBXSMM_VERSION: RT-bst-B-from-vreg-1.16.1-1577 (25183785)
LIBXSMM_TARGET: clx
Registry and code: 13 MB
Uptime: 0.277562 s

LIBXSMM_VERSION: RT-bst-B-from-vreg-1.16.1-1577 (25183785)
LIBXSMM_TARGET: clx
Registry and code: 13 MB
Uptime: 0.107774 s

LIBXSMM_VERSION: RT-bst-B-from-vreg-1.16.1-1577 (25183785)
LIBXSMM_TARGET: clx
Registry and code: 13 MB
Uptime: 0.136331 s

LIBXSMM_VERSION: RT-bst-B-from-vreg-1.16.1-1577 (25183785)
LIBXSMM_TARGET: clx
Registry and code: 13 MB
Uptime: 0.254442 s

LIBXSMM_VERSION: RT-bst-B-from-vreg-1.16.1-1577 (25183785)
LIBXSMM_TARGET: clx
Registry and code: 13 MB
Uptime: 0.256745 s

LIBXSMM_VERSION: RT-bst-B-from-vreg-1.16.1-1577 (25183785)
LIBXSMM_TARGET: clx
Registry and code: 13 MB
Uptime: 0.281577 s

LIBXSMM_VERSION: RT-bst-B-from-vreg-1.16.1-1577 (25183785)
LIBXSMM_TARGET: clx
Registry and code: 13 MB
Uptime: 0.106819 s

LIBXSMM_VERSION: RT-bst-B-from-vreg-1.16.1-1577 (25183785)
LIBXSMM_TARGET: clx
Registry and code: 13 MB
Uptime: 0.183228 s

LIBXSMM_VERSION: RT-bst-B-from-vreg-1.16.1-1577 (25183785)
LIBXSMM_TARGET: clx
Registry and code: 13 MB
Uptime: 0.343855 s

LIBXSMM_VERSION: RT-bst-B-from-vreg-1.16.1-1577 (25183785)
LIBXSMM_TARGET: clx
Registry and code: 13 MB
Uptime: 0.374113 s

LIBXSMM_VERSION: RT-bst-B-from-vreg-1.16.1-1577 (25183785)
LIBXSMM_TARGET: clx
Registry and code: 13 MB
Uptime: 0.413112 s

LIBXSMM_VERSION: RT-bst-B-from-vreg-1.16.1-1577 (25183785)
LIBXSMM_TARGET: clx
Registry and code: 13 MB
Uptime: 0.166524 s

LIBXSMM_VERSION: RT-bst-B-from-vreg-1.16.1-1577 (25183785)
LIBXSMM_TARGET: clx
Registry and code: 13 MB
Uptime: 0.183124 s

LIBXSMM_VERSION: RT-bst-B-from-vreg-1.16.1-1577 (25183785)
LIBXSMM_TARGET: clx
Registry and code: 13 MB
Uptime: 0.344324 s

LIBXSMM_VERSION: RT-bst-B-from-vreg-1.16.1-1577 (25183785)
LIBXSMM_TARGET: clx
Registry and code: 13 MB
Uptime: 0.393679 s

LIBXSMM_VERSION: RT-bst-B-from-vreg-1.16.1-1577 (25183785)
LIBXSMM_TARGET: clx
Registry and code: 13 MB
Uptime: 0.418914 s

LIBXSMM_VERSION: RT-bst-B-from-vreg-1.16.1-1577 (25183785)
LIBXSMM_TARGET: clx
Registry and code: 13 MB
Uptime: 0.046469 s

LIBXSMM_VERSION: RT-bst-B-from-vreg-1.16.1-1577 (25183785)
LIBXSMM_TARGET: clx
Registry and code: 13 MB
Uptime: 0.022060 s

LIBXSMM_VERSION: RT-bst-B-from-vreg-1.16.1-1577 (25183785)
LIBXSMM_TARGET: clx
Registry and code: 13 MB
Uptime: 0.049800 s

LIBXSMM_VERSION: RT-bst-B-from-vreg-1.16.1-1577 (25183785)
LIBXSMM_TARGET: clx
Registry and code: 13 MB
Uptime: 0.020044 s

LIBXSMM_VERSION: RT-bst-B-from-vreg-1.16.1-1577 (25183785)
LIBXSMM_TARGET: clx
Registry and code: 13 MB
Uptime: 0.024796 s

LIBXSMM_VERSION: RT-bst-B-from-vreg-1.16.1-1577 (25183785)
LIBXSMM_TARGET: clx
Registry and code: 13 MB
Uptime: 0.090743 s

LIBXSMM_VERSION: RT-bst-B-from-vreg-1.16.1-1577 (25183785)
LIBXSMM_TARGET: clx
Registry and code: 13 MB
Uptime: 0.072966 s

LIBXSMM_VERSION: RT-bst-B-from-vreg-1.16.1-1577 (25183785)
LIBXSMM_TARGET: clx
Registry and code: 13 MB
Uptime: 0.126965 s

LIBXSMM_VERSION: RT-bst-B-from-vreg-1.16.1-1577 (25183785)
LIBXSMM_TARGET: clx
Registry and code: 13 MB
Uptime: 0.081910 s

LIBXSMM_VERSION: RT-bst-B-from-vreg-1.16.1-1577 (25183785)
LIBXSMM_TARGET: clx
Registry and code: 13 MB
Uptime: 0.108249 s

LIBXSMM_VERSION: RT-bst-B-from-vreg-1.16.1-1577 (25183785)
LIBXSMM_TARGET: clx
Registry and code: 13 MB
Uptime: 0.241701 s

LIBXSMM_VERSION: RT-bst-B-from-vreg-1.16.1-1577 (25183785)
LIBXSMM_TARGET: clx
Registry and code: 13 MB
Uptime: 0.307662 s

LIBXSMM_VERSION: RT-bst-B-from-vreg-1.16.1-1577 (25183785)
LIBXSMM_TARGET: clx
Registry and code: 13 MB
Uptime: 0.415539 s

LIBXSMM_VERSION: RT-bst-B-from-vreg-1.16.1-1577 (25183785)
LIBXSMM_TARGET: clx
Registry and code: 13 MB
Uptime: 0.464665 s

LIBXSMM_VERSION: RT-bst-B-from-vreg-1.16.1-1577 (25183785)
LIBXSMM_TARGET: clx
Registry and code: 13 MB
Uptime: 0.324777 s

LIBXSMM_VERSION: RT-bst-B-from-vreg-1.16.1-1577 (25183785)
LIBXSMM_TARGET: clx
Registry and code: 13 MB
Uptime: 0.693309 s

LIBXSMM_VERSION: RT-bst-B-from-vreg-1.16.1-1577 (25183785)
LIBXSMM_TARGET: clx
Registry and code: 13 MB
Uptime: 0.857624 s

LIBXSMM_VERSION: RT-bst-B-from-vreg-1.16.1-1577 (25183785)
LIBXSMM_TARGET: clx
Registry and code: 13 MB
Uptime: 0.969146 s

LIBXSMM_VERSION: RT-bst-B-from-vreg-1.16.1-1577 (25183785)
LIBXSMM_TARGET: clx
Registry and code: 13 MB
Uptime: 1.611823 s

LIBXSMM_VERSION: RT-bst-B-from-vreg-1.16.1-1577 (25183785)
LIBXSMM_TARGET: clx
Registry and code: 13 MB
Uptime: 1.089325 s

LIBXSMM_VERSION: RT-bst-B-from-vreg-1.16.1-1577 (25183785)
LIBXSMM_TARGET: clx
Registry and code: 13 MB
Uptime: 1.851915 s

LIBXSMM_VERSION: RT-bst-B-from-vreg-1.16.1-1577 (25183785)
LIBXSMM_TARGET: clx
Registry and code: 13 MB
Uptime: 2.061252 s

LIBXSMM_VERSION: RT-bst-B-from-vreg-1.16.1-1577 (25183785)
LIBXSMM_TARGET: clx
Registry and code: 13 MB
Uptime: 2.514353 s

LIBXSMM_VERSION: RT-bst-B-from-vreg-1.16.1-1577 (25183785)
LIBXSMM_TARGET: clx
Registry and code: 13 MB
Uptime: 4.512885 s

LIBXSMM_VERSION: RT-bst-B-from-vreg-1.16.1-1577 (25183785)
LIBXSMM_TARGET: clx
Registry and code: 13 MB
Uptime: 3.533612 s

LIBXSMM_VERSION: RT-bst-B-from-vreg-1.16.1-1577 (25183785)
LIBXSMM_TARGET: clx
Registry and code: 13 MB
Uptime: 4.106884 s

LIBXSMM_VERSION: RT-bst-B-from-vreg-1.16.1-1577 (25183785)
LIBXSMM_TARGET: clx
Registry and code: 13 MB
Uptime: 4.399521 s

LIBXSMM_VERSION: RT-bst-B-from-vreg-1.16.1-1577 (25183785)
LIBXSMM_TARGET: clx
Registry and code: 13 MB
Uptime: 5.661308 s

LIBXSMM_VERSION: RT-bst-B-from-vreg-1.16.1-1577 (25183785)
LIBXSMM_TARGET: clx
Registry and code: 13 MB
Uptime: 10.772903 s

LIBXSMM_VERSION: RT-bst-B-from-vreg-1.16.1-1577 (25183785)
LIBXSMM_TARGET: clx
Registry and code: 13 MB
Uptime: 9.067906 s

LIBXSMM_VERSION: RT-bst-B-from-vreg-1.16.1-1577 (25183785)
LIBXSMM_TARGET: clx
Registry and code: 13 MB
Uptime: 0.024709 s

LIBXSMM_VERSION: RT-bst-B-from-vreg-1.16.1-1577 (25183785)
LIBXSMM_TARGET: clx
Registry and code: 13 MB
Uptime: 0.014664 s

LIBXSMM_VERSION: RT-bst-B-from-vreg-1.16.1-1577 (25183785)
LIBXSMM_TARGET: clx
Registry and code: 13 MB
Uptime: 0.025048 s

LIBXSMM_VERSION: RT-bst-B-from-vreg-1.16.1-1577 (25183785)
LIBXSMM_TARGET: clx
Registry and code: 13 MB
Uptime: 0.014593 s

Finished running in 0.7924266666666667ms
Generating and Compiling data/example_mats/quad/p5/gauss-legendre-lobatto/m460.txt
Running data/example_mats/quad/p5/gauss-legendre-lobatto/m460.txt
Finished running in 0.8973166666666667ms
Generating and Compiling data/example_mats/quad/p5/gauss-legendre/m0.txt
Running data/example_mats/quad/p5/gauss-legendre/m0.txt
Finished running in 0.3410166666666665ms
Generating and Compiling data/example_mats/quad/p5/gauss-legendre/m3.txt
Running data/example_mats/quad/p5/gauss-legendre/m3.txt
Finished running in 0.4357566666666667ms
Generating and Compiling data/example_mats/quad/p5/gauss-legendre/m6.txt
Running data/example_mats/quad/p5/gauss-legendre/m6.txt
Finished running in 0.8229ms
Generating and Compiling data/example_mats/quad/p5/gauss-legendre/m132.txt
Running data/example_mats/quad/p5/gauss-legendre/m132.txt
Finished running in 0.8292733333333334ms
Generating and Compiling data/example_mats/quad/p5/gauss-legendre/m460.txt
Running data/example_mats/quad/p5/gauss-legendre/m460.txt
Finished running in 0.9104833333333333ms
Generating and Compiling data/example_mats/quad/p6/gauss-legendre-lobatto/m0.txt
Running data/example_mats/quad/p6/gauss-legendre-lobatto/m0.txt
Finished running in 0.3349933333333335ms
Generating and Compiling data/example_mats/quad/p6/gauss-legendre-lobatto/m3.txt
Running data/example_mats/quad/p6/gauss-legendre-lobatto/m3.txt
Finished running in 0.589ms
Generating and Compiling data/example_mats/quad/p6/gauss-legendre-lobatto/m6.txt
Running data/example_mats/quad/p6/gauss-legendre-lobatto/m6.txt
Finished running in 1.11517ms
Generating and Compiling data/example_mats/quad/p6/gauss-legendre-lobatto/m132.txt
Running data/example_mats/quad/p6/gauss-legendre-lobatto/m132.txt
Finished running in 1.2130566666666667ms
Generating and Compiling data/example_mats/quad/p6/gauss-legendre-lobatto/m460.txt
Running data/example_mats/quad/p6/gauss-legendre-lobatto/m460.txt
Finished running in 1.34127ms
Generating and Compiling data/example_mats/quad/p6/gauss-legendre/m0.txt
Running data/example_mats/quad/p6/gauss-legendre/m0.txt
Finished running in 0.5315766666666667ms
Generating and Compiling data/example_mats/quad/p6/gauss-legendre/m3.txt
Running data/example_mats/quad/p6/gauss-legendre/m3.txt
Finished running in 0.58873ms
Generating and Compiling data/example_mats/quad/p6/gauss-legendre/m6.txt
Running data/example_mats/quad/p6/gauss-legendre/m6.txt
Finished running in 1.11652ms
Generating and Compiling data/example_mats/quad/p6/gauss-legendre/m132.txt
Running data/example_mats/quad/p6/gauss-legendre/m132.txt
Finished running in 1.2785833333333334ms
Generating and Compiling data/example_mats/quad/p6/gauss-legendre/m460.txt
Running data/example_mats/quad/p6/gauss-legendre/m460.txt
Finished running in 1.3604966666666667ms
Generating and Compiling data/example_mats/tet/p1/shunn-ham/m0.txt
Running data/example_mats/tet/p1/shunn-ham/m0.txt
Finished running in 0.14343ms
Generating and Compiling data/example_mats/tet/p1/shunn-ham/m3.txt
Running data/example_mats/tet/p1/shunn-ham/m3.txt
Finished running in 0.06285666666666666ms
Generating and Compiling data/example_mats/tet/p1/shunn-ham/m6.txt
Running data/example_mats/tet/p1/shunn-ham/m6.txt
Finished running in 0.15379ms
Generating and Compiling data/example_mats/tet/p1/shunn-ham/m132.txt
Running data/example_mats/tet/p1/shunn-ham/m132.txt
Finished running in 0.05551666666666667ms
Generating and Compiling data/example_mats/tet/p1/shunn-ham/m460.txt
Running data/example_mats/tet/p1/shunn-ham/m460.txt
Finished running in 0.07257333333333332ms
Generating and Compiling data/example_mats/tet/p2/shunn-ham/m0.txt
Running data/example_mats/tet/p2/shunn-ham/m0.txt
Finished running in 0.28762333333333334ms
Generating and Compiling data/example_mats/tet/p2/shunn-ham/m3.txt
Running data/example_mats/tet/p2/shunn-ham/m3.txt
Finished running in 0.15222999999999998ms
Generating and Compiling data/example_mats/tet/p2/shunn-ham/m6.txt
Running data/example_mats/tet/p2/shunn-ham/m6.txt
Finished running in 0.40521666666666667ms
Generating and Compiling data/example_mats/tet/p2/shunn-ham/m132.txt
Running data/example_mats/tet/p2/shunn-ham/m132.txt
Finished running in 0.17548333333333335ms
Generating and Compiling data/example_mats/tet/p2/shunn-ham/m460.txt
Running data/example_mats/tet/p2/shunn-ham/m460.txt
Finished running in 0.34475ms
Generating and Compiling data/example_mats/tet/p3/shunn-ham/m0.txt
Running data/example_mats/tet/p3/shunn-ham/m0.txt
Finished running in 0.5479299999999999ms
Generating and Compiling data/example_mats/tet/p3/shunn-ham/m3.txt
Running data/example_mats/tet/p3/shunn-ham/m3.txt
Finished running in 0.62271ms
Generating and Compiling data/example_mats/tet/p3/shunn-ham/m6.txt
Running data/example_mats/tet/p3/shunn-ham/m6.txt
Finished running in 1.16505ms
Generating and Compiling data/example_mats/tet/p3/shunn-ham/m132.txt
Running data/example_mats/tet/p3/shunn-ham/m132.txt
Finished running in 0.8887633333333333ms
Generating and Compiling data/example_mats/tet/p3/shunn-ham/m460.txt
Running data/example_mats/tet/p3/shunn-ham/m460.txt
Finished running in 0.9183333333333333ms
Generating and Compiling data/example_mats/tet/p4/shunn-ham/m0.txt
Running data/example_mats/tet/p4/shunn-ham/m0.txt
Finished running in 1.4210533333333333ms
Generating and Compiling data/example_mats/tet/p4/shunn-ham/m3.txt
Running data/example_mats/tet/p4/shunn-ham/m3.txt
Finished running in 1.3393133333333334ms
Generating and Compiling data/example_mats/tet/p4/shunn-ham/m6.txt
Running data/example_mats/tet/p4/shunn-ham/m6.txt
Finished running in 2.56967ms
Generating and Compiling data/example_mats/tet/p4/shunn-ham/m132.txt
Running data/example_mats/tet/p4/shunn-ham/m132.txt
Finished running in 2.1654ms
Generating and Compiling data/example_mats/tet/p4/shunn-ham/m460.txt
Running data/example_mats/tet/p4/shunn-ham/m460.txt
Finished running in 2.1904899999999996ms
Generating and Compiling data/example_mats/tet/p5/shunn-ham/m0.txt
Running data/example_mats/tet/p5/shunn-ham/m0.txt
Finished running in 2.69038ms
Generating and Compiling data/example_mats/tet/p5/shunn-ham/m3.txt
Running data/example_mats/tet/p5/shunn-ham/m3.txt
Finished running in 2.5660533333333335ms
Generating and Compiling data/example_mats/tet/p5/shunn-ham/m6.txt
Running data/example_mats/tet/p5/shunn-ham/m6.txt
Finished running in 6.919846666666667ms
Generating and Compiling data/example_mats/tet/p5/shunn-ham/m132.txt
Running data/example_mats/tet/p5/shunn-ham/m132.txt
Finished running in 5.020616666666666ms
Generating and Compiling data/example_mats/tet/p5/shunn-ham/m460.txt
Running data/example_mats/tet/p5/shunn-ham/m460.txt
Finished running in 5.1573199999999995ms
Generating and Compiling data/example_mats/tet/p6/shunn-ham/m0.txt
Running data/example_mats/tet/p6/shunn-ham/m0.txt
Finished running in 4.774353333333334ms
Generating and Compiling data/example_mats/tet/p6/shunn-ham/m3.txt
Running data/example_mats/tet/p6/shunn-ham/m3.txt
Finished running in 4.7032300000000005ms
Generating and Compiling data/example_mats/tet/p6/shunn-ham/m6.txt
Running data/example_mats/tet/p6/shunn-ham/m6.txt
Finished running in 12.882523333333333ms
Generating and Compiling data/example_mats/tet/p6/shunn-ham/m132.txt
Running data/example_mats/tet/p6/shunn-ham/m132.txt
Finished running in 11.91461ms
Generating and Compiling data/example_mats/tet/p6/shunn-ham/m460.txt
Running data/example_mats/tet/p6/shunn-ham/m460.txt
Finished running in 10.12416ms
Generating and Compiling data/example_mats/tri/p1/williams-shunn/m0.txt
Running data/example_mats/tri/p1/williams-shunn/m0.txt
Finished running in 0.07227ms
Generating and Compiling data/example_mats/tri/p1/williams-shunn/m3.txt
Running data/example_mats/tri/p1/williams-shunn/m3.txt
Finished running in 0.03969333333333333ms
Generating and Compiling data/example_mats/tri/p1/williams-shunn/m6.txt
Running data/example_mats/tri/p1/williams-shunn/m6.txt
Finished running in 0.07253333333333334ms
Generating and Compiling data/example_mats/tri/p1/williams-shunn/m132.txt
Running data/example_mats/tri/p1/williams-shunn/m132.txt
Finished running in 0.038976666666666666ms
Generating and Compiling
LIBXSMM_VERSION: RT-bst-B-from-vreg-1.16.1-1577 (25183785)
LIBXSMM_TARGET: clx
Registry and code: 13 MB
Uptime: 0.017205 s

LIBXSMM_VERSION: RT-bst-B-from-vreg-1.16.1-1577 (25183785)
LIBXSMM_TARGET: clx
Registry and code: 13 MB
Uptime: 0.035515 s

LIBXSMM_VERSION: RT-bst-B-from-vreg-1.16.1-1577 (25183785)
LIBXSMM_TARGET: clx
Registry and code: 13 MB
Uptime: 0.027098 s

LIBXSMM_VERSION: RT-bst-B-from-vreg-1.16.1-1577 (25183785)
LIBXSMM_TARGET: clx
Registry and code: 13 MB
Uptime: 0.049205 s

LIBXSMM_VERSION: RT-bst-B-from-vreg-1.16.1-1577 (25183785)
LIBXSMM_TARGET: clx
Registry and code: 13 MB
Uptime: 0.028280 s

LIBXSMM_VERSION: RT-bst-B-from-vreg-1.16.1-1577 (25183785)
LIBXSMM_TARGET: clx
Registry and code: 13 MB
Uptime: 0.047426 s

LIBXSMM_VERSION: RT-bst-B-from-vreg-1.16.1-1577 (25183785)
LIBXSMM_TARGET: clx
Registry and code: 13 MB
Uptime: 0.049535 s

LIBXSMM_VERSION: RT-bst-B-from-vreg-1.16.1-1577 (25183785)
LIBXSMM_TARGET: clx
Registry and code: 13 MB
Uptime: 0.043451 s

LIBXSMM_VERSION: RT-bst-B-from-vreg-1.16.1-1577 (25183785)
LIBXSMM_TARGET: clx
Registry and code: 13 MB
Uptime: 0.076563 s

LIBXSMM_VERSION: RT-bst-B-from-vreg-1.16.1-1577 (25183785)
LIBXSMM_TARGET: clx
Registry and code: 13 MB
Uptime: 0.064272 s

LIBXSMM_VERSION: RT-bst-B-from-vreg-1.16.1-1577 (25183785)
LIBXSMM_TARGET: clx
Registry and code: 13 MB
Uptime: 0.074563 s

LIBXSMM_VERSION: RT-bst-B-from-vreg-1.16.1-1577 (25183785)
LIBXSMM_TARGET: clx
Registry and code: 13 MB
Uptime: 0.067472 s

LIBXSMM_VERSION: RT-bst-B-from-vreg-1.16.1-1577 (25183785)
LIBXSMM_TARGET: clx
Registry and code: 13 MB
Uptime: 0.071785 s

LIBXSMM_VERSION: RT-bst-B-from-vreg-1.16.1-1577 (25183785)
LIBXSMM_TARGET: clx
Registry and code: 13 MB
Uptime: 0.120011 s

LIBXSMM_VERSION: RT-bst-B-from-vreg-1.16.1-1577 (25183785)
LIBXSMM_TARGET: clx
Registry and code: 13 MB
Uptime: 0.141393 s

LIBXSMM_VERSION: RT-bst-B-from-vreg-1.16.1-1577 (25183785)
LIBXSMM_TARGET: clx
Registry and code: 13 MB
Uptime: 0.126339 s

LIBXSMM_VERSION: RT-bst-B-from-vreg-1.16.1-1577 (25183785)
LIBXSMM_TARGET: clx
Registry and code: 13 MB
Uptime: 0.120588 s

LIBXSMM_VERSION: RT-bst-B-from-vreg-1.16.1-1577 (25183785)
LIBXSMM_TARGET: clx
Registry and code: 13 MB
Uptime: 0.122950 s

LIBXSMM_VERSION: RT-bst-B-from-vreg-1.16.1-1577 (25183785)
LIBXSMM_TARGET: clx
Registry and code: 13 MB
Uptime: 0.168791 s

LIBXSMM_VERSION: RT-bst-B-from-vreg-1.16.1-1577 (25183785)
LIBXSMM_TARGET: clx
Registry and code: 13 MB
Uptime: 0.335354 s

LIBXSMM_VERSION: RT-bst-B-from-vreg-1.16.1-1577 (25183785)
LIBXSMM_TARGET: clx
Registry and code: 13 MB
Uptime: 0.262789 s

LIBXSMM_VERSION: RT-bst-B-from-vreg-1.16.1-1577 (25183785)
LIBXSMM_TARGET: clx
Registry and code: 13 MB
Uptime: 0.177930 s

LIBXSMM_VERSION: RT-bst-B-from-vreg-1.16.1-1577 (25183785)
LIBXSMM_TARGET: clx
Registry and code: 13 MB
Uptime: 0.182740 s

LIBXSMM_VERSION: RT-bst-B-from-vreg-1.16.1-1577 (25183785)
LIBXSMM_TARGET: clx
Registry and code: 13 MB
Uptime: 0.237034 s

LIBXSMM_VERSION: RT-bst-B-from-vreg-1.16.1-1577 (25183785)
LIBXSMM_TARGET: clx
Registry and code: 13 MB
Uptime: 0.642894 s

LIBXSMM_VERSION: RT-bst-B-from-vreg-1.16.1-1577 (25183785)
LIBXSMM_TARGET: clx
Registry and code: 13 MB
Uptime: 0.461325 s
 data/example_mats/tri/p1/williams-shunn/m460.txt
Running data/example_mats/tri/p1/williams-shunn/m460.txt
Finished running in 0.04822ms
Generating and Compiling data/example_mats/tri/p2/williams-shunn/m0.txt
Running data/example_mats/tri/p2/williams-shunn/m0.txt
Finished running in 0.10658666666666666ms
Generating and Compiling data/example_mats/tri/p2/williams-shunn/m3.txt
Running data/example_mats/tri/p2/williams-shunn/m3.txt
Finished running in 0.07901ms
Generating and Compiling data/example_mats/tri/p2/williams-shunn/m6.txt
Running data/example_mats/tri/p2/williams-shunn/m6.txt
Finished running in 0.15153333333333333ms
Generating and Compiling data/example_mats/tri/p2/williams-shunn/m132.txt
Running data/example_mats/tri/p2/williams-shunn/m132.txt
Finished running in 0.08312ms
Generating and Compiling data/example_mats/tri/p2/williams-shunn/m460.txt
Running data/example_mats/tri/p2/williams-shunn/m460.txt
Finished running in 0.14582ms
Generating and Compiling data/example_mats/tri/p3/williams-shunn/m0.txt
Running data/example_mats/tri/p3/williams-shunn/m0.txt
Finished running in 0.15241333333333332ms
Generating and Compiling data/example_mats/tri/p3/williams-shunn/m3.txt
Running data/example_mats/tri/p3/williams-shunn/m3.txt
Finished running in 0.13226666666666667ms
Generating and Compiling data/example_mats/tri/p3/williams-shunn/m6.txt
Running data/example_mats/tri/p3/williams-shunn/m6.txt
Finished running in 0.24045666666666668ms
Generating and Compiling data/example_mats/tri/p3/williams-shunn/m132.txt
Running data/example_mats/tri/p3/williams-shunn/m132.txt
Finished running in 0.14263666666666666ms
Generating and Compiling data/example_mats/tri/p3/williams-shunn/m460.txt
Running data/example_mats/tri/p3/williams-shunn/m460.txt
Finished running in 0.23431666666666667ms
Generating and Compiling data/example_mats/tri/p4/williams-shunn/m0.txt
Running data/example_mats/tri/p4/williams-shunn/m0.txt
Finished running in 0.21207666666666666ms
Generating and Compiling data/example_mats/tri/p4/williams-shunn/m3.txt
Running data/example_mats/tri/p4/williams-shunn/m3.txt
Finished running in 0.21148666666666666ms
Generating and Compiling data/example_mats/tri/p4/williams-shunn/m6.txt
Running data/example_mats/tri/p4/williams-shunn/m6.txt
Finished running in 0.38295666666666667ms
Generating and Compiling data/example_mats/tri/p4/williams-shunn/m132.txt
Running data/example_mats/tri/p4/williams-shunn/m132.txt
Finished running in 0.2944866666666667ms
Generating and Compiling data/example_mats/tri/p4/williams-shunn/m460.txt
Running data/example_mats/tri/p4/williams-shunn/m460.txt
Finished running in 0.40321999999999997ms
Generating and Compiling data/example_mats/tri/p5/williams-shunn/m0.txt
Running data/example_mats/tri/p5/williams-shunn/m0.txt
Finished running in 0.28634666666666664ms
Generating and Compiling data/example_mats/tri/p5/williams-shunn/m3.txt
Running data/example_mats/tri/p5/williams-shunn/m3.txt
Finished running in 0.27803ms
Generating and Compiling data/example_mats/tri/p5/williams-shunn/m6.txt
Running data/example_mats/tri/p5/williams-shunn/m6.txt
Finished running in 0.5423866666666667ms
Generating and Compiling data/example_mats/tri/p5/williams-shunn/m132.txt
Running data/example_mats/tri/p5/williams-shunn/m132.txt
Finished running in 0.6747466666666667ms
Generating and Compiling data/example_mats/tri/p5/williams-shunn/m460.txt
Running data/example_mats/tri/p5/williams-shunn/m460.txt
Finished running in 0.5789533333333333ms
Generating and Compiling data/example_mats/tri/p6/williams-shunn/m0.txt
Running data/example_mats/tri/p6/williams-shunn/m0.txt
Finished running in 0.35029ms
Generating and Compiling data/example_mats/tri/p6/williams-shunn/m3.txt
Running data/example_mats/tri/p6/williams-shunn/m3.txt
Finished running in 0.45072ms
Generating and Compiling data/example_mats/tri/p6/williams-shunn/m6.txt
Running data/example_mats/tri/p6/williams-shunn/m6.txt
Finished running in 0.7657966666666667ms
Generating and Compiling data/example_mats/tri/p6/williams-shunn/m132.txt
Running data/example_mats/tri/p6/williams-shunn/m132.txt
Finished running in 1.0914233333333334ms
Generating and Compiling data/example_mats/tri/p6/williams-shunn/m460.txt
Running data/example_mats/tri/p6/williams-shunn/m460.txt
Finished running in 1.0203866666666666ms
