
LIBXSMM_VERSION: RT-bct-L1-NMBlocking-1.16.1-1576 (25183784)
LIBXSMM_TARGET: clx
Registry and code: 13 MB
Uptime: 0.286725 s

LIBXSMM_VERSION: RT-bct-L1-NMBlocking-1.16.1-1576 (25183784)
LIBXSMM_TARGET: clx
Registry and code: 13 MB
Uptime: 0.296088 s

LIBXSMM_VERSION: RT-bct-L1-NMBlocking-1.16.1-1576 (25183784)
LIBXSMM_TARGET: clx
Registry and code: 13 MB
Uptime: 0.285218 s

LIBXSMM_VERSION: RT-bct-L1-NMBlocking-1.16.1-1576 (25183784)
LIBXSMM_TARGET: clx
Registry and code: 13 MB
Uptime: 0.286786 s

LIBXSMM_VERSION: RT-bct-L1-NMBlocking-1.16.1-1576 (25183784)
LIBXSMM_TARGET: clx
Registry and code: 13 MB
Uptime: 0.455998 s

LIBXSMM_VERSION: RT-bct-L1-NMBlocking-1.16.1-1576 (25183784)
LIBXSMM_TARGET: clx
Registry and code: 13 MB
Uptime: 0.458241 s

LIBXSMM_VERSION: RT-bct-L1-NMBlocking-1.16.1-1576 (25183784)
LIBXSMM_TARGET: clx
Registry and code: 13 MB
Uptime: 0.414620 s

LIBXSMM_VERSION: RT-bct-L1-NMBlocking-1.16.1-1576 (25183784)
LIBXSMM_TARGET: clx
Registry and code: 13 MB
Uptime: 0.434626 s

LIBXSMM_VERSION: RT-bct-L1-NMBlocking-1.16.1-1576 (25183784)
LIBXSMM_TARGET: clx
Registry and code: 13 MB
Uptime: 0.748464 s

LIBXSMM_VERSION: RT-bct-L1-NMBlocking-1.16.1-1576 (25183784)
LIBXSMM_TARGET: clx
Registry and code: 13 MB
Uptime: 0.726568 s

LIBXSMM_VERSION: RT-bct-L1-NMBlocking-1.16.1-1576 (25183784)
LIBXSMM_TARGET: clx
Registry and code: 13 MB
Uptime: 0.736946 s

LIBXSMM_VERSION: RT-bct-L1-NMBlocking-1.16.1-1576 (25183784)
LIBXSMM_TARGET: clx
Registry and code: 13 MB
Uptime: 0.684237 s

LIBXSMM_VERSION: RT-bct-L1-NMBlocking-1.16.1-1576 (25183784)
LIBXSMM_TARGET: clx
Registry and code: 13 MB
Uptime: 1.177866 s

LIBXSMM_VERSION: RT-bct-L1-NMBlocking-1.16.1-1576 (25183784)
LIBXSMM_TARGET: clx
Registry and code: 13 MB
Uptime: 1.222101 s

LIBXSMM_VERSION: RT-bct-L1-NMBlocking-1.16.1-1576 (25183784)
LIBXSMM_TARGET: clx
Registry and code: 13 MB
Uptime: 1.305437 s

LIBXSMM_VERSION: RT-bct-L1-NMBlocking-1.16.1-1576 (25183784)
LIBXSMM_TARGET: clx
Registry and code: 13 MB
Uptime: 1.259685 s

LIBXSMM_VERSION: RT-bct-L1-NMBlocking-1.16.1-1576 (25183784)
LIBXSMM_TARGET: clx
Registry and code: 13 MB
Uptime: 3.008483 s

LIBXSMM_VERSION: RT-bct-L1-NMBlocking-1.16.1-1576 (25183784)
LIBXSMM_TARGET: clx
Registry and code: 13 MB
Uptime: 3.061320 s

LIBXSMM_VERSION: RT-bct-L1-NMBlocking-1.16.1-1576 (25183784)
LIBXSMM_TARGET: clx
Registry and code: 13 MB
Uptime: 3.103645 s

LIBXSMM_VERSION: RT-bct-L1-NMBlocking-1.16.1-1576 (25183784)
LIBXSMM_TARGET: clx
Registry and code: 13 MB
Uptime: 2.908390 s

LIBXSMM_VERSION: RT-bct-L1-NMBlocking-1.16.1-1576 (25183784)
LIBXSMM_TARGET: clx
Registry and code: 13 MB
Uptime: 7.845358 s

LIBXSMM_VERSION: RT-bct-L1-NMBlocking-1.16.1-1576 (25183784)
LIBXSMM_TARGET: clx
Registry and code: 13 MB
Uptime: 8.472651 s

LIBXSMM_VERSION: RT-bct-L1-NMBlocking-1.16.1-1576 (25183784)
LIBXSMM_TARGET: clx
Registry and code: 13 MB
Uptime: 8.146323 s

LIBXSMM_VERSION: RT-bct-L1-NMBlocking-1.16.1-1576 (25183784)
LIBXSMM_TARGET: clx
Registry and code: 13 MB
Uptime: 7.571344 s

LIBXSMM_VERSION: RT-bct-L1-NMBlocking-1.16.1-1576 (25183784)
LIBXSMM_TARGET: clx
Registry and code: 13 MB
Uptime: 0.291269 s

LIBXSMM_VERSION: RT-bct-L1-NMBlocking-1.16.1-1576 (25183784)
LIBXSMM_TARGET: clx
Registry and code: 13 MB
Uptime: 0.300979 s

LIBXSMM_VERSION: RT-bct-L1-NMBlocking-1.16.1-1576 (25183784)
LIBXSMM_TARGET: clx
Registry and code: 13 MB
Uptime: 0.290566 s

LIBXSMM_VERSION: RT-bct-L1-NMBlocking-1.16.1-1576 (25183784)
LIBXSMM_TARGET: clx
Registry and code: 13 MB
Uptime: 0.292274 s

LIBXSMM_VERSION: RT-bct-L1-NMBlocking-1.16.1-1576 (25183784)
LIBXSMM_TARGET: clx
Registry and code: 13 MB
Uptime: 0.447097 s

LIBXSMM_VERSION: RT-bct-L1-NMBlocking-1.16.1-1576 (25183784)
LIBXSMM_TARGET: clx
Registry and code: 13 MB
Uptime: 0.444099 s

LIBXSMM_VERSION: RT-bct-L1-NMBlocking-1.16.1-1576 (25183784)
LIBXSMM_TARGET: clx
Registry and code: 13 MB
Uptime: 0.401786 s

LIBXSMM_VERSION: RT-bct-L1-NMBlocking-1.16.1-1576 (25183784)
LIBXSMM_TARGET: clx
Registry and code: 13 MB
Uptime: 0.420698 s

LIBXSMM_VERSION: RT-bct-L1-NMBlocking-1.16.1-1576 (25183784)
LIBXSMM_TARGET: clx
Registry and code: 13 MB
Uptime: 0.727677 s

LIBXSMM_VERSION: RT-bct-L1-NMBlocking-1.16.1-1576 (25183784)
LIBXSMM_TARGET: clx
Registry and code: 13 MB
Uptime: 0.710620 s

LIBXSMM_VERSION: RT-bct-L1-NMBlocking-1.16.1-1576 (25183784)
LIBXSMM_TARGET: clx
Registry and code: 13 MB
Uptime: 0.723775 s

LIBXSMM_VERSION: RT-bct-L1-NMBlocking-1.16.1-1576 (25183784)
LIBXSMM_TARGET: clx
Registry and code: 13 MB
Uptime: 0.689879 s

LIBXSMM_VERSION: RT-bct-L1-NMBlocking-1.16.1-1576 (25183784)
LIBXSMM_TARGET: clx
Registry and code: 13 MB
Uptime: 1.156122 s

LIBXSMM_VERSION: RT-bct-L1-NMBlocking-1.16.1-1576 (25183784)
LIBXSMM_TARGET: clx
Registry and code: 13 MB
Uptime: 1.208943 s

LIBXSMM_VERSION: RT-bct-L1-NMBlocking-1.16.1-1576 (25183784)
LIBXSMM_TARGET: clx
Registry and code: 13 MB
Uptime: 1.370267 s

LIBXSMM_VERSION: RT-bct-L1-NMBlocking-1.16.1-1576 (25183784)
LIBXSMM_TARGET: clx
Registry and code: 13 MB
Uptime: 1.277542 s

LIBXSMM_VERSION: RT-bct-L1-NMBlocking-1.16.1-1576 (25183784)
LIBXSMM_TARGET: clx
Registry and code: 13 MB
Uptime: 3.041223 s

LIBXSMM_VERSION: RT-bct-L1-NMBlocking-1.16.1-1576 (25183784)
LIBXSMM_TARGET: clx
Registry and code: 13 MB
Uptime: 3.075020 s

LIBXSMM_VERSION: RT-bct-L1-NMBlocking-1.16.1-1576 (25183784)
LIBXSMM_TARGET: clx
Registry and code: 13 MB
Uptime: 3.091502 s

LIBXSMM_VERSION: RT-bct-L1-NMBlocking-1.16.1-1576 (25183784)
LIBXSMM_TARGET: clx
Registry and code: 13 MB
Uptime: 2.916737 s

LIBXSMM_VERSION: RT-bct-L1-NMBlocking-1.16.1-1576 (25183784)
LIBXSMM_TARGET: clx
Registry and code: 13 MB
Uptime: 7.865547 s

LIBXSMM_VERSION: RT-bct-L1-NMBlocking-1.16.1-1576 (25183784)
LIBXSMM_TARGET: clx
Registry and code: 13 MB
Uptime: 8.468045 s

LIBXSMM_VERSION: RT-bct-L1-NMBlocking-1.16.1-1576 (25183784)
LIBXSMM_TARGET: clx
Registry and code: 13 MB
Uptime: 8.243215 s

LIBXSMM_VERSION: RT-bct-L1-NMBlocking-1.16.1-1576 (25183784)
LIBXSMM_TARGET: clx
Registry and code: 13 MB
Uptime: 7.636396 s

LIBXSMM_VERSION: RT-bct-L1-NMBlocking-1.16.1-1576 (25183784)
LIBXSMM_TARGET: clx
Registry and code: 13 MB
Uptime: 0.457233 s

LIBXSMM_VERSION: RT-bct-L1-NMBlocking-1.16.1-1576 (25183784)
LIBXSMM_TARGET: clx
Registry and code: 13 MB
Uptime: 0.445531 s

LIBXSMM_VERSION: RT-bct-L1-NMBlocking-1.16.1-1576 (25183784)
LIBXSMM_TARGET: clx
Registry and code: 13 MB
Uptime: 0.399272 s

LIBXSMM_VERSION: RT-bct-L1-NMBlocking-1.16.1-1576 (25183784)
LIBXSMM_TARGET: clx
Registry and code: 13 MB
Uptime: 0.422475 s

LIBXSMM_VERSION: RT-bct-L1-NMBlocking-1.16.1-1576 (25183784)
LIBXSMM_TARGET: clx
Registry and code: 13 MB
Uptime: 0.721993 s

LIBXSMM_VERSION: RT-bct-L1-NMBlocking-1.16.1-1576 (25183784)
LIBXSMM_TARGET: clx
Registry and code: 13 MB
Uptime: 0.736672 s

LIBXSMM_VERSION: RT-bct-L1-NMBlocking-1.16.1-1576 (25183784)
LIBXSMM_TARGET: clx
Registry and code: 13 MB
Uptime: 0.716756 s

LIBXSMM_VERSION: RT-bct-L1-NMBlocking-1.16.1-1576 (25183784)
LIBXSMM_TARGET: clx
Registry and code: 13 MB
Uptime: 0.678487 s

LIBXSMM_VERSION: RT-bct-L1-NMBlocking-1.16.1-1576 (25183784)
LIBXSMM_TARGET: clx
Registry and code: 13 MB
Uptime: 1.178222 s

LIBXSMM_VERSION: RT-bct-L1-NMBlocking-1.16.1-1576 (25183784)
LIBXSMM_TARGET: clx
Registry and code: 13 MB
Uptime: 1.208829 s

LIBXSMM_VERSION: RT-bct-L1-NMBlocking-1.16.1-1576 (25183784)
LIBXSMM_TARGET: clx
Registry and code: 13 MB
Uptime: 1.344286 s

LIBXSMM_VERSION: RT-bct-L1-NMBlocking-1.16.1-1576 (25183784)
LIBXSMM_TARGET: clx
Registry and code: 13 MB
Uptime: 1.267979 s

LIBXSMM_VERSION: RT-bct-L1-NMBlocking-1.16.1-1576 (25183784)
LIBXSMM_TARGET: clx
Registry and code: 13 MB
Uptime: 3.041622 s

LIBXSMM_VERSION: RT-bct-L1-NMBlocking-1.16.1-1576 (25183784)
LIBXSMM_TARGET: clx
Registry and code: 13 MB
Uptime: 3.111402 s

LIBXSMM_VERSION: RT-bct-L1-NMBlocking-1.16.1-1576 (25183784)
LIBXSMM_TARGET: clx
Registry and code: 13 MB
Uptime: 3.111611 s

LIBXSMM_VERSION: RT-bct-L1-NMBlocking-1.16.1-1576 (25183784)
LIBXSMM_TARGET: clx
Registry and code: 13 MB
Uptime: 2.917285 s

LIBXSMM_VERSION: RT-bct-L1-NMBlocking-1.16.1-1576 (25183784)
LIBXSMM_TARGET: clx
Registry and code: 13 MB
Uptime: 7.831110 s

LIBXSMM_VERSION: RT-bct-L1-NMBlocking-1.16.1-1576 (25183784)
LIBXSMM_TARGET: clx
Registry and code: 13 MB
Uptime: 8.644504 s

LIBXSMM_VERSION: RT-bct-L1-NMBlocking-1.16.1-1576 (25183784)
LIBXSMM_TARGET: clx
Registry and code: 13 MB
Uptime: 8.089188 s

LIBXSMM_VERSION: RT-bct-L1-NMBlocking-1.16.1-1576 (25183784)
LIBXSMM_TARGET: clx
Registry and code: 13 MB
Uptime: 7.598407 s

LIBXSMM_VERSION: RT-bct-L1-NMBlocking-1.16.1-1576 (25183784)
LIBXSMM_TARGET: clx
Registry and code: 13 MB
Uptime: 0.436094 s

LIBXSMM_VERSION: RT-bct-L1-NMBlocking-1.16.1-1576 (25183784)
LIBXSMM_TARGET: clx
Registry and code: 13 MB
Uptime: 0.437258 s

LIBXSMM_VERSION: RT-bct-L1-NMBlocking-1.16.1-1576 (25183784)
LIBXSMM_TARGET: clx
Registry and code: 13 MB
Uptime: 0.449161 s

LIBXSMM_VERSION: RT-bct-L1-NMBlocking-1.16.1-1576 (25183784)
LIBXSMM_TARGET: clx
Registry and code: 13 MB
Uptime: 0.427414 s

LIBXSMM_VERSION: RT-bct-L1-NMBlocking-1.16.1-1576 (25183784)
LIBXSMM_TARGET: clx
Registry and code: 13 MB
Uptime: 0.857444 s

LIBXSMM_VERSION: RT-bct-L1-NMBlocking-1.16.1-1576 (25183784)
LIBXSMM_TARGET: clx
Registry and code: 13 MB
Uptime: 0.897998 s

LIBXSMM_VERSION: RT-bct-L1-NMBlocking-1.16.1-1576 (25183784)
LIBXSMM_TARGET: clx
Registry and code: 13 MB
Uptime: 0.846300 s

LIBXSMM_VERSION: RT-bct-L1-NMBlocking-1.16.1-1576 (25183784)
LIBXSMM_TARGET: clx
Registry and code: 13 MB
Uptime: 0.861841 s

LIBXSMM_VERSION: RT-bct-L1-NMBlocking-1.16.1-1576 (25183784)
LIBXSMM_TARGET: clx
Registry and code: 13 MB
Uptime: 1.292662 s

LIBXSMM_VERSION: RT-bct-L1-NMBlocking-1.16.1-1576 (25183784)
LIBXSMM_TARGET: clx
Registry and code: 13 MB
Uptime: 1.302839 s

LIBXSMM_VERSION: RT-bct-L1-NMBlocking-1.16.1-1576 (25183784)
LIBXSMM_TARGET: clx
Registry and code: 13 MB
Uptime: 1.188117 s

LIBXSMM_VERSION: RT-bct-L1-NMBlocking-1.16.1-1576 (25183784)
LIBXSMM_TARGET: clx
Registry and code: 13 MB
Uptime: 1.211208 s

LIBXSMM_VERSION: RT-bct-L1-NMBlocking-1.16.1-1576 (25183784)
LIBXSMM_TARGET: clx
Registry and code: 13 MB
Uptime: 1.782098 s

LIBXSMM_VERSION: RT-bct-L1-NMBlocking-1.16.1-1576 (25183784)
LIBXSMM_TARGET: clx
Registry and code: 13 MB
Uptime: 1.645550 s

LIBXSMM_VERSION: RT-bct-L1-NMBlocking-1.16.1-1576 (25183784)
LIBXSMM_TARGET: clx
Registry and code: 13 MB
Uptime: 1.544589 s

LIBXSMM_VERSION: RT-bct-L1-NMBlocking-1.16.1-1576 (25183784)
LIBXSMM_TARGET: clx
Registry and code: 13 MB
Uptime: 1.556805 s

LIBXSMM_VERSION: RT-bct-L1-NMBlocking-1.16.1-1576 (25183784)
LIBXSMM_TARGET: clx
Registry and code: 13 MB
Uptime: 2.271502 s

LIBXSMM_VERSION: RT-bct-L1-NMBlocking-1.16.1-1576 (25183784)
LIBXSMM_TARGET: clx
Registry and code: 13 MB
Uptime: 1.956875 s

LIBXSMM_VERSION: RT-bct-L1-NMBlocking-1.16.1-1576 (25183784)
LIBXSMM_TARGET: clx
Registry and code: 13 MB
Uptime: 1.876419 s

LIBXSMM_VERSION: RT-bct-L1-NMBlocking-1.16.1-1576 (25183784)
LIBXSMM_TARGET: clx
Registry and code: 13 MB
Uptime: 1.851088 s

LIBXSMM_VERSION: RT-bct-L1-NMBlocking-1.16.1-1576 (25183784)
LIBXSMM_TARGET: clx
Registry and code: 13 MB
Uptime: 2.752745 s

LIBXSMM_VERSION: RT-bct-L1-NMBlocking-1.16.1-1576 (25183784)
LIBXSMM_TARGET: clx
Registry and code: 13 MB
Uptime: 2.275631 s

LIBXSMM_VERSION: RT-bct-L1-NMBlocking-1.16.1-1576 (25183784)
LIBXSMM_TARGET: clx
Registry and code: 13 MB
Uptime: 2.214701 s

LIBXSMM_VERSION: RT-bct-L1-NMBlocking-1.16.1-1576 (25183784)
LIBXSMM_TARGET: clx
Registry and code: 13 MB
Uptime: 2.158820 s

LIBXSMM_VERSION: RT-bct-L1-NMBlocking-1.16.1-1576 (25183784)
LIBXSMM_TARGET: clx
Registry and code: 13 MB
Uptime: 0.733583 s

LIBXSMM_VERSION: RT-bct-L1-NMBlocking-1.16.1-1576 (25183784)
LIBXSMM_TARGET: clx
Registry and code: 13 MB
Uptime: 0.767607 s

LIBXSMM_VERSION: RT-bct-L1-NMBlocking-1.16.1-1576 (25183784)
LIBXSMM_TARGET: clx
Registry and code: 13 MB
Uptime: 0.746903 s

LIBXSMM_VERSION: RT-bct-L1-NMBlocking-1.16.1-1576 (25183784)
LIBXSMM_TARGET: clx
Registry and code: 13 MB
Uptime: 0.696106 s

LIBXSMM_VERSION: RT-bct-L1-NMBlocking-1.16.1-1576 (25183784)
LIBXSMM_TARGET: clx
Registry and code: 13 MB
Uptime: 3.257605 s

LIBXSMM_VERSION: RT-bct-L1-NMBlocking-1.16.1-1576 (25183784)
LIBXSMM_TARGET: clx
Registry and code: 13 MB
Uptime: 2.574084 s

LIBXSMM_VERSION: RT-bct-L1-NMBlocking-1.16.1-1576 (25183784)
LIBXSMM_TARGET: clx
Registry and code: 13 MB
Uptime: 2.509145 s

LIBXSMM_VERSION: RT-bct-L1-NMBlocking-1.16.1-1576 (25183784)
LIBXSMM_TARGET: clx
Registry and code: 13 MB
Uptime: 2.427243 s

LIBXSMM_VERSION: RT-bct-L1-NMBlocking-1.16.1-1576 (25183784)
LIBXSMM_TARGET: clx
Registry and code: 13 MB
Uptime: 3.758218 s

LIBXSMM_VERSION: RT-bct-L1-NMBlocking-1.16.1-1576 (25183784)
LIBXSMM_TARGET: clx
Registry and code: 13 MB
Uptime: 2.877898 s

LIBXSMM_VERSION: RT-bct-L1-NMBlocking-1.16.1-1576 (25183784)
LIBXSMM_TARGET: clx
Registry and code: 13 MB
Uptime: 2.809780 s

LIBXSMM_VERSION: RT-bct-L1-NMBlocking-1.16.1-1576 (25183784)
LIBXSMM_TARGET: clx
Registry and code: 13 MB
Uptime: 2.709758 s

LIBXSMM_VERSION: RT-bct-L1-NMBlocking-1.16.1-1576 (25183784)
LIBXSMM_TARGET: clx
Registry and code: 13 MB
Uptime: 4.286007 s

LIBXSMM_VERSION: RT-bct-L1-NMBlocking-1.16.1-1576 (25183784)
LIBXSMM_TARGET: clx
Registry and code: 13 MB
Uptime: 3.155104 s

LIBXSMM_VERSION: RT-bct-L1-NMBlocking-1.16.1-1576 (25183784)
LIBXSMM_TARGET: clx
Registry and code: 13 MB
Uptime: 3.073533 s

LIBXSMM_VERSION: RT-bct-L1-NMBlocking-1.16.1-1576 (25183784)
LIBXSMM_TARGET: clx
Registry and code: 13 MB
Uptime: 2.974227 s

LIBXSMM_VERSION: RT-bct-L1-NMBlocking-1.16.1-1576 (25183784)
LIBXSMM_TARGET: clx
Registry and code: 13 MB
Uptime: 4.818567 s

LIBXSMM_VERSION: RT-bct-L1-NMBlocking-1.16.1-1576 (25183784)
LIBXSMM_TARGET: clx
Registry and code: 13 MB
Uptime: 3.391163 s

LIBXSMM_VERSION: RT-bct-L1-NMBlocking-1.16.1-1576 (25183784)
LIBXSMM_TARGET: clx
Registry and code: 13 MB
Uptime: 3.297570 s

LIBXSMM_VERSION: RT-bct-L1-NMBlocking-1.16.1-1576 (25183784)
LIBXSMM_TARGET: clx
Registry and code: 13 MB
Uptime: 3.164321 s

LIBXSMM_VERSION: RT-bct-L1-NMBlocking-1.16.1-1576 (25183784)
LIBXSMM_TARGET: clx
Registry and code: 13 MB
Uptime: 1.082318 s

LIBXSMM_VERSION: RT-bct-L1-NMBlocking-1.16.1-1576 (25183784)
LIBXSMM_TARGET: clx
Registry and code: 13 MB
Uptime: 1.112916 s

LIBXSMM_VERSION: RT-bct-L1-NMBlocking-1.16.1-1576 (25183784)
LIBXSMM_TARGET: clx
Registry and code: 13 MB
Uptime: 0.987445 s

LIBXSMM_VERSION: RT-bct-L1-NMBlocking-1.16.1-1576 (25183784)
LIBXSMM_TARGET: clx
Registry and code: 13 MB
Uptime: 1.050223 s

LIBXSMM_VERSION: RT-bct-L1-NMBlocking-1.16.1-1576 (25183784)
LIBXSMM_TARGET: clx
Registry and code: 13 MB
Uptime: 1.552369 s

LIBXSMM_VERSION: RT-bct-L1-NMBlocking-1.16.1-1576 (25183784)
LIBXSMM_TARGET: clx
Registry and code: 13 MB
Uptime: 1.488270 s

LIBXSMM_VERSION: RT-bct-L1-NMBlocking-1.16.1-1576 (25183784)
LIBXSMM_TARGET: clx
Registry and code: 13 MB
Uptime: 1.367208 s

LIBXSMM_VERSION: RT-bct-L1-NMBlocking-1.16.1-1576 (25183784)
LIBXSMM_TARGET: clx
Registry and code: 13 MB
Uptime: 1.394754 s

LIBXSMM_VERSION: RT-bct-L1-NMBlocking-1.16.1-1576 (25183784)
LIBXSMM_TARGET: clx
Registry and code: 13 MB
Uptime: 0.611878 s

LIBXSMM_VERSION: RT-bct-L1-NMBlocking-1.16.1-1576 (25183784)
LIBXSMM_TARGET: clx
Registry and code: 13 MB
Uptime: 0.618920 s

LIBXSMM_VERSION: RT-bct-L1-NMBlocking-1.16.1-1576 (25183784)
LIBXSMM_TARGET: clx
Registry and code: 13 MB
Uptime: 0.675262 s

LIBXSMM_VERSION: RT-bct-L1-NMBlocking-1.16.1-1576 (25183784)
LIBXSMM_TARGET: clx
Registry and code: 13 MB
Uptime: 0.672033 s

LIBXSMM_VERSION: RT-bct-L1-NMBlocking-1.16.1-1576 (25183784)
LIBXSMM_TARGET: clx
Registry and code: 13 MB
Uptime: 0.813266 s

LIBXSMM_VERSION: RT-bct-L1-NMBlocking-1.16.1-1576 (25183784)
LIBXSMM_TARGET: clx
Registry and code: 13 MB
Uptime: 0.853976 s

LIBXSMM_VERSION: RT-bct-L1-NMBlocking-1.16.1-1576 (25183784)
LIBXSMM_TARGET: clx
Registry and code: 13 MB
Uptime: 0.735317 s

LIBXSMM_VERSION: RT-bct-L1-NMBlocking-1.16.1-1576 (25183784)
LIBXSMM_TARGET: clx
Registry and code: 13 MB
Uptime: 0.759559 s

LIBXSMM_VERSION: RT-bct-L1-NMBlocking-1.16.1-1576 (25183784)
LIBXSMM_TARGET: clx
Registry and code: 13 MB
Uptime: 0.985826 s

LIBXSMM_VERSION: RT-bct-L1-NMBlocking-1.16.1-1576 (25183784)
LIBXSMM_TARGET: clx
Registry and code: 13 MB
Uptime: 1.032416 s

LIBXSMM_VERSION: RT-bct-L1-NMBlocking-1.16.1-1576 (25183784)
LIBXSMM_TARGET: clx
Registry and code: 13 MB
Uptime: 0.906054 s

LIBXSMM_VERSION: RT-bct-L1-NMBlocking-1.16.1-1576 (25183784)
LIBXSMM_TARGET: clx
Registry and code: 13 MB
Uptime: 0.947811 s

LIBXSMM_VERSION: RT-bct-L1-NMBlocking-1.16.1-1576 (25183784)
LIBXSMM_TARGET: clx
Registry and code: 13 MB
Uptime: 5.350743 s

LIBXSMM_VERSION: RT-bct-L1-NMBlocking-1.16.1-1576 (25183784)
LIBXSMM_TARGET: clx
Registry and code: 13 MB
Uptime: 3.615940 s

LIBXSMM_VERSION: RT-bct-L1-NMBlocking-1.16.1-1576 (25183784)
LIBXSMM_TARGET: clx
Registry and code: 13 MB
Uptime: 3.607463 s

LIBXSMM_VERSION: RT-bct-L1-NMBlocking-1.16.1-1576 (25183784)
LIBXSMM_TARGET: clx
Registry and code: 13 MB
Uptime: 3.389966 s

LIBXSMM_VERSION: RT-bct-L1-NMBlocking-1.16.1-1576 (25183784)
LIBXSMM_TARGET: clx
Registry and code: 13 MB
Uptime: 0.436668 s

LIBXSMM_VERSION: RT-bct-L1-NMBlocking-1.16.1-1576 (25183784)
LIBXSMM_TARGET: clx
Registry and code: 13 MB
Uptime: 0.437395 s

LIBXSMM_VERSION: RT-bct-L1-NMBlocking-1.16.1-1576 (25183784)
LIBXSMM_TARGET: clx
Registry and code: 13 MB
Uptime: 0.459984 s

LIBXSMM_VERSION: RT-bct-L1-NMBlocking-1.16.1-1576 (25183784)
LIBXSMM_TARGET: clx
Registry and code: 13 MB
Uptime: 0.464793 s

LIBXSMM_VERSION: RT-bct-L1-NMBlocking-1.16.1-1576 (25183784)
LIBXSMM_TARGET: clx
Registry and code: 13 MB
Uptime: 0.874114 s

LIBXSMM_VERSION: RT-bct-L1-NMBlocking-1.16.1-1576 (25183784)
LIBXSMM_TARGET: clx
Registry and code: 13 MB
Uptime: 0.933061 s

LIBXSMM_VERSION: RT-bct-L1-NMBlocking-1.16.1-1576 (25183784)
LIBXSMM_TARGET: clx
Registry and code: 13 MB
Uptime: 0.828323 s

LIBXSMM_VERSION: RT-bct-L1-NMBlocking-1.16.1-1576 (25183784)
LIBXSMM_TARGET: clx
Registry and code: 13 MB
Uptime: 0.856579 s

LIBXSMM_VERSION: RT-bct-L1-NMBlocking-1.16.1-1576 (25183784)
LIBXSMM_TARGET: clx
Registry and code: 13 MB
Uptime: 1.320053 s

LIBXSMM_VERSION: RT-bct-L1-NMBlocking-1.16.1-1576 (25183784)
LIBXSMM_TARGET: clx
Registry and code: 13 MB
Uptime: 1.318914 s

LIBXSMM_VERSION: RT-bct-L1-NMBlocking-1.16.1-1576 (25183784)
LIBXSMM_TARGET: clx
Registry and code: 13 MB
Uptime: 1.192472 s

LIBXSMM_VERSION: RT-bct-L1-NMBlocking-1.16.1-1576 (25183784)
LIBXSMM_TARGET: clx
Registry and code: 13 MB
Uptime: 1.217240 s

LIBXSMM_VERSION: RT-bct-L1-NMBlocking-1.16.1-1576 (25183784)
LIBXSMM_TARGET: clx
Registry and code: 13 MB
Uptime: 1.786318 s

LIBXSMM_VERSION: RT-bct-L1-NMBlocking-1.16.1-1576 (25183784)
LIBXSMM_TARGET: clx
Registry and code: 13 MB
Uptime: 1.655647 s

LIBXSMM_VERSION: RT-bct-L1-NMBlocking-1.16.1-1576 (25183784)
LIBXSMM_TARGET: clx
Registry and code: 13 MB
Uptime: 1.549332 s

LIBXSMM_VERSION: RT-bct-L1-NMBlocking-1.16.1-1576 (25183784)
LIBXSMM_TARGET: clx
Registry and code: 13 MB
Uptime: 1.558572 s

LIBXSMM_VERSION: RT-bct-L1-NMBlocking-1.16.1-1576 (25183784)
LIBXSMM_TARGET: clx
Registry and code: 13 MB
Uptime: 2.270955 s

LIBXSMM_VERSION: RT-bct-L1-NMBlocking-1.16.1-1576 (25183784)
LIBXSMM_TARGET: clx
Registry and code: 13 MB
Uptime: 1.965404 s

LIBXSMM_VERSION: RT-bct-L1-NMBlocking-1.16.1-1576 (25183784)
LIBXSMM_TARGET: clx
Registry and code: 13 MB
Uptime: 1.883085 s

LIBXSMM_VERSION: RT-bct-L1-NMBlocking-1.16.1-1576 (25183784)
LIBXSMM_TARGET: clx
Registry and code: 13 MB
Uptime: 1.853990 s
Generating and Compiling data/synth_mats_wider/vary_col/q_16/r_128_c_32_p_0.05_uniq_16.txt
Running data/synth_mats_wider/vary_col/q_16/r_128_c_32_p_0.05_uniq_16.txt
Finished running in 7.8536ms
Generating and Compiling data/synth_mats_wider/vary_col/q_16/r_128_c_64_p_0.05_uniq_16.txt
Running data/synth_mats_wider/vary_col/q_16/r_128_c_64_p_0.05_uniq_16.txt
Finished running in 11.456833333333334ms
Generating and Compiling data/synth_mats_wider/vary_col/q_16/r_128_c_128_p_0.05_uniq_16.txt
Running data/synth_mats_wider/vary_col/q_16/r_128_c_128_p_0.05_uniq_16.txt
Finished running in 19.669500000000003ms
Generating and Compiling data/synth_mats_wider/vary_col/q_16/r_128_c_256_p_0.05_uniq_16.txt
Running data/synth_mats_wider/vary_col/q_16/r_128_c_256_p_0.05_uniq_16.txt
Finished running in 35.22416666666666ms
Generating and Compiling data/synth_mats_wider/vary_col/q_16/r_128_c_512_p_0.05_uniq_16.txt
Running data/synth_mats_wider/vary_col/q_16/r_128_c_512_p_0.05_uniq_16.txt
Finished running in 79.63233333333334ms
Generating and Compiling data/synth_mats_wider/vary_col/q_16/r_128_c_1024_p_0.05_uniq_16.txt
Running data/synth_mats_wider/vary_col/q_16/r_128_c_1024_p_0.05_uniq_16.txt
Finished running in 199.17209999999997ms
Generating and Compiling data/synth_mats_wider/vary_col/q_64/r_128_c_32_p_0.05_uniq_64.txt
Running data/synth_mats_wider/vary_col/q_64/r_128_c_32_p_0.05_uniq_64.txt
Finished running in 7.941333333333334ms
Generating and Compiling data/synth_mats_wider/vary_col/q_64/r_128_c_64_p_0.05_uniq_64.txt
Running data/synth_mats_wider/vary_col/q_64/r_128_c_64_p_0.05_uniq_64.txt
Finished running in 11.151633333333333ms
Generating and Compiling data/synth_mats_wider/vary_col/q_64/r_128_c_128_p_0.05_uniq_64.txt
Running data/synth_mats_wider/vary_col/q_64/r_128_c_128_p_0.05_uniq_64.txt
Finished running in 18.139033333333334ms
Generating and Compiling data/synth_mats_wider/vary_col/q_64/r_128_c_256_p_0.05_uniq_64.txt
Running data/synth_mats_wider/vary_col/q_64/r_128_c_256_p_0.05_uniq_64.txt
Finished running in 36.34726666666667ms
Generating and Compiling data/synth_mats_wider/vary_col/q_64/r_128_c_512_p_0.05_uniq_64.txt
Running data/synth_mats_wider/vary_col/q_64/r_128_c_512_p_0.05_uniq_64.txt
Finished running in 76.24746666666667ms
Generating and Compiling data/synth_mats_wider/vary_col/q_64/r_128_c_1024_p_0.05_uniq_64.txt
Running data/synth_mats_wider/vary_col/q_64/r_128_c_1024_p_0.05_uniq_64.txt
Finished running in 1058.0734ms
Generating and Compiling data/synth_mats_wider/vary_col/q_256/r_128_c_64_p_0.05_uniq_256.txt
Running data/synth_mats_wider/vary_col/q_256/r_128_c_64_p_0.05_uniq_256.txt
Finished running in 36.33766666666667ms
Generating and Compiling data/synth_mats_wider/vary_col/q_256/r_128_c_128_p_0.05_uniq_256.txt
Running data/synth_mats_wider/vary_col/q_256/r_128_c_128_p_0.05_uniq_256.txt
Finished running in 67.71036666666666ms
Generating and Compiling data/synth_mats_wider/vary_col/q_256/r_128_c_256_p_0.05_uniq_256.txt
Running data/synth_mats_wider/vary_col/q_256/r_128_c_256_p_0.05_uniq_256.txt
Finished running in 156.48366666666666ms
Generating and Compiling data/synth_mats_wider/vary_col/q_256/r_128_c_512_p_0.05_uniq_256.txt
Running data/synth_mats_wider/vary_col/q_256/r_128_c_512_p_0.05_uniq_256.txt
Finished running in 448.2950333333334ms
Generating and Compiling data/synth_mats_wider/vary_col/q_256/r_128_c_1024_p_0.05_uniq_256.txt
Running data/synth_mats_wider/vary_col/q_256/r_128_c_1024_p_0.05_uniq_256.txt
Finished running in 1022.6518666666667ms
Generating and Compiling data/synth_mats_wider/vary_density/q_16/r_128_c_128_p_0.01_uniq_16.txt
Running data/synth_mats_wider/vary_density/q_16/r_128_c_128_p_0.01_uniq_16.txt
Finished running in 11.5521ms
Generating and Compiling data/synth_mats_wider/vary_density/q_16/r_128_c_128_p_0.1_uniq_16.txt
Running data/synth_mats_wider/vary_density/q_16/r_128_c_128_p_0.1_uniq_16.txt
Finished running in 20.579866666666664ms
Generating and Compiling data/synth_mats_wider/vary_density/q_16/r_128_c_128_p_0.2_uniq_16.txt
Running data/synth_mats_wider/vary_density/q_16/r_128_c_128_p_0.2_uniq_16.txt
Finished running in 33.232166666666664ms
Generating and Compiling data/synth_mats_wider/vary_density/q_16/r_128_c_128_p_0.3_uniq_16.txt
Running data/synth_mats_wider/vary_density/q_16/r_128_c_128_p_0.3_uniq_16.txt
Finished running in 67.52343333333333ms
Generating and Compiling data/synth_mats_wider/vary_density/q_16/r_128_c_128_p_0.4_uniq_16.txt
Running data/synth_mats_wider/vary_density/q_16/r_128_c_128_p_0.4_uniq_16.txt
Finished running in 67.83933333333333ms
Generating and Compiling data/synth_mats_wider/vary_density/q_16/r_128_c_128_p_0.5_uniq_16.txt
Running data/synth_mats_wider/vary_density/q_16/r_128_c_128_p_0.5_uniq_16.txt
Finished running in 67.85913333333333ms
Generating and Compiling data/synth_mats_wider/vary_density/q_16/r_128_c_128_p_0.05_uniq_16.txt
Running data/synth_mats_wider/vary_density/q_16/r_128_c_128_p_0.05_uniq_16.txt
Finished running in 19.484266666666667ms
Generating and Compiling data/synth_mats_wider/vary_density/q_16/r_128_c_128_p_0.6_uniq_16.txt
Running data/synth_mats_wider/vary_density/q_16/r_128_c_128_p_0.6_uniq_16.txt
Finished running in 68.02963333333334ms
Generating and Compiling data/synth_mats_wider/vary_density/q_16/r_128_c_128_p_0.7_uniq_16.txt
Running data/synth_mats_wider/vary_density/q_16/r_128_c_128_p_0.7_uniq_16.txt
Finished running in 67.98166666666667ms
Generating and Compiling data/synth_mats_wider/vary_density/q_16/r_128_c_128_p_0.8_uniq_16.txt
Running data/synth_mats_wider/vary_density/q_16/r_128_c_128_p_0.8_uniq_16.txt
Finished running in 68.2647ms
Generating and Compiling data/synth_mats_wider/vary_density/q_16/r_128_c_128_p_0.9_uniq_16.txt
Running data/synth_mats_wider/vary_density/q_16/r_128_c_128_p_0.9_uniq_16.txt
Finished running in 67.97319999999999ms
Generating and Compiling data/synth_mats_wider/vary_density/q_16/r_128_c_128_p_0.15_uniq_16.txt
Running data/synth_mats_wider/vary_density/q_16/r_128_c_128_p_0.15_uniq_16.txt
Finished running in 26.554033333333333ms
Generating and Compiling data/synth_mats_wider/vary_density/q_16/r_128_c_128_p_0.25_uniq_16.txt
Running data/synth_mats_wider/vary_density/q_16/r_128_c_128_p_0.25_uniq_16.txt
Finished running in 47.73513333333334ms
Generating and Compiling data/synth_mats_wider/vary_density/q_16/r_128_c_128_p_0.025_uniq_16.txt
Running data/synth_mats_wider/vary_density/q_16/r_128_c_128_p_0.025_uniq_16.txt
Finished running in 18.6752ms
Generating and Compiling data/synth_mats_wider/vary_density/q_16/r_128_c_128_p_0.075_uniq_16.txt
Running data/synth_mats_wider/vary_density/q_16/r_128_c_128_p_0.075_uniq_16.txt
Finished running in 17.971833333333333ms
Generating and Compiling data/synth_mats_wider/vary_density/q_16/r_128_c_128_p_0.125_uniq_16.txt
Running data/synth_mats_wider/vary_density/q_16/r_128_c_128_p_0.125_uniq_16.txt
Finished running in 23.655433333333335ms
Generating and Compiling data/synth_mats_wider/vary_density/q_16/r_128_c_128_p_1.0_uniq_16.txt
Running data/synth_mats_wider/vary_density/q_16/r_128_c_128_p_1.0_uniq_16.txt
Finished running in 68.12533333333333ms
Generating and Compiling data/synth_mats_wider/vary_density/q_64/r_128_c_128_p_0.01_uniq_64.txt
Running data/synth_mats_wider/vary_density/q_64/r_128_c_128_p_0.01_uniq_64.txt
Finished running in 12.486266666666667ms
Generating and Compiling data/synth_mats_wider/vary_density/q_64/r_128_c_128_p_0.1_uniq_64.txt
Running data/synth_mats_wider/vary_density/q_64/r_128_c_128_p_0.1_uniq_64.txt
Finished running in 20.60396666666667ms
Generating and Compiling data/synth_mats_wider/vary_density/q_64/r_128_c_128_p_0.2_uniq_64.txt
Running data/synth_mats_wider/vary_density/q_64/r_128_c_128_p_0.2_uniq_64.txt
Finished running in 40.466699999999996ms
Generating and Compiling data/synth_mats_wider/vary_density/q_64/r_128_c_128_p_0.3_uniq_64.txt
Running data/synth_mats_wider/vary_density/q_64/r_128_c_128_p_0.3_uniq_64.txt
Finished running in 68.17583333333333ms
Generating and Compiling data/synth_mats_wider/vary_density/q_64/r_128_c_128_p_0.4_uniq_64.txt
Running data/synth_mats_wider/vary_density/q_64/r_128_c_128_p_0.4_uniq_64.txt
Finished running in 68.26259999999999ms
LIBXSMM_VERSION: RT-bct-L1-NMBlocking-1.16.1-1576 (25183784)
LIBXSMM_TARGET: clx
Registry and code: 13 MB
Uptime: 2.755399 s

LIBXSMM_VERSION: RT-bct-L1-NMBlocking-1.16.1-1576 (25183784)
LIBXSMM_TARGET: clx
Registry and code: 13 MB
Uptime: 2.269656 s

LIBXSMM_VERSION: RT-bct-L1-NMBlocking-1.16.1-1576 (25183784)
LIBXSMM_TARGET: clx
Registry and code: 13 MB
Uptime: 2.228838 s

LIBXSMM_VERSION: RT-bct-L1-NMBlocking-1.16.1-1576 (25183784)
LIBXSMM_TARGET: clx
Registry and code: 13 MB
Uptime: 2.144663 s

LIBXSMM_VERSION: RT-bct-L1-NMBlocking-1.16.1-1576 (25183784)
LIBXSMM_TARGET: clx
Registry and code: 13 MB
Uptime: 0.733256 s

LIBXSMM_VERSION: RT-bct-L1-NMBlocking-1.16.1-1576 (25183784)
LIBXSMM_TARGET: clx
Registry and code: 13 MB
Uptime: 0.713157 s

LIBXSMM_VERSION: RT-bct-L1-NMBlocking-1.16.1-1576 (25183784)
LIBXSMM_TARGET: clx
Registry and code: 13 MB
Uptime: 0.721177 s

LIBXSMM_VERSION: RT-bct-L1-NMBlocking-1.16.1-1576 (25183784)
LIBXSMM_TARGET: clx
Registry and code: 13 MB
Uptime: 0.650607 s

LIBXSMM_VERSION: RT-bct-L1-NMBlocking-1.16.1-1576 (25183784)
LIBXSMM_TARGET: clx
Registry and code: 13 MB
Uptime: 3.260883 s

LIBXSMM_VERSION: RT-bct-L1-NMBlocking-1.16.1-1576 (25183784)
LIBXSMM_TARGET: clx
Registry and code: 13 MB
Uptime: 2.571889 s

LIBXSMM_VERSION: RT-bct-L1-NMBlocking-1.16.1-1576 (25183784)
LIBXSMM_TARGET: clx
Registry and code: 13 MB
Uptime: 2.568259 s

LIBXSMM_VERSION: RT-bct-L1-NMBlocking-1.16.1-1576 (25183784)
LIBXSMM_TARGET: clx
Registry and code: 13 MB
Uptime: 2.439044 s

LIBXSMM_VERSION: RT-bct-L1-NMBlocking-1.16.1-1576 (25183784)
LIBXSMM_TARGET: clx
Registry and code: 13 MB
Uptime: 3.770556 s

LIBXSMM_VERSION: RT-bct-L1-NMBlocking-1.16.1-1576 (25183784)
LIBXSMM_TARGET: clx
Registry and code: 13 MB
Uptime: 2.882701 s

LIBXSMM_VERSION: RT-bct-L1-NMBlocking-1.16.1-1576 (25183784)
LIBXSMM_TARGET: clx
Registry and code: 13 MB
Uptime: 2.805053 s

LIBXSMM_VERSION: RT-bct-L1-NMBlocking-1.16.1-1576 (25183784)
LIBXSMM_TARGET: clx
Registry and code: 13 MB
Uptime: 2.744294 s

LIBXSMM_VERSION: RT-bct-L1-NMBlocking-1.16.1-1576 (25183784)
LIBXSMM_TARGET: clx
Registry and code: 13 MB
Uptime: 4.292968 s

LIBXSMM_VERSION: RT-bct-L1-NMBlocking-1.16.1-1576 (25183784)
LIBXSMM_TARGET: clx
Registry and code: 13 MB
Uptime: 3.159788 s

LIBXSMM_VERSION: RT-bct-L1-NMBlocking-1.16.1-1576 (25183784)
LIBXSMM_TARGET: clx
Registry and code: 13 MB
Uptime: 3.073992 s

LIBXSMM_VERSION: RT-bct-L1-NMBlocking-1.16.1-1576 (25183784)
LIBXSMM_TARGET: clx
Registry and code: 13 MB
Uptime: 2.955998 s

LIBXSMM_VERSION: RT-bct-L1-NMBlocking-1.16.1-1576 (25183784)
LIBXSMM_TARGET: clx
Registry and code: 13 MB
Uptime: 4.817555 s

LIBXSMM_VERSION: RT-bct-L1-NMBlocking-1.16.1-1576 (25183784)
LIBXSMM_TARGET: clx
Registry and code: 13 MB
Uptime: 3.394852 s

LIBXSMM_VERSION: RT-bct-L1-NMBlocking-1.16.1-1576 (25183784)
LIBXSMM_TARGET: clx
Registry and code: 13 MB
Uptime: 3.424811 s

LIBXSMM_VERSION: RT-bct-L1-NMBlocking-1.16.1-1576 (25183784)
LIBXSMM_TARGET: clx
Registry and code: 13 MB
Uptime: 3.181329 s

LIBXSMM_VERSION: RT-bct-L1-NMBlocking-1.16.1-1576 (25183784)
LIBXSMM_TARGET: clx
Registry and code: 13 MB
Uptime: 1.088743 s

LIBXSMM_VERSION: RT-bct-L1-NMBlocking-1.16.1-1576 (25183784)
LIBXSMM_TARGET: clx
Registry and code: 13 MB
Uptime: 1.122334 s

LIBXSMM_VERSION: RT-bct-L1-NMBlocking-1.16.1-1576 (25183784)
LIBXSMM_TARGET: clx
Registry and code: 13 MB
Uptime: 1.008309 s

LIBXSMM_VERSION: RT-bct-L1-NMBlocking-1.16.1-1576 (25183784)
LIBXSMM_TARGET: clx
Registry and code: 13 MB
Uptime: 1.043378 s

LIBXSMM_VERSION: RT-bct-L1-NMBlocking-1.16.1-1576 (25183784)
LIBXSMM_TARGET: clx
Registry and code: 13 MB
Uptime: 1.542625 s

LIBXSMM_VERSION: RT-bct-L1-NMBlocking-1.16.1-1576 (25183784)
LIBXSMM_TARGET: clx
Registry and code: 13 MB
Uptime: 1.480303 s

LIBXSMM_VERSION: RT-bct-L1-NMBlocking-1.16.1-1576 (25183784)
LIBXSMM_TARGET: clx
Registry and code: 13 MB
Uptime: 1.377246 s

LIBXSMM_VERSION: RT-bct-L1-NMBlocking-1.16.1-1576 (25183784)
LIBXSMM_TARGET: clx
Registry and code: 13 MB
Uptime: 1.387406 s

LIBXSMM_VERSION: RT-bct-L1-NMBlocking-1.16.1-1576 (25183784)
LIBXSMM_TARGET: clx
Registry and code: 13 MB
Uptime: 0.608469 s

LIBXSMM_VERSION: RT-bct-L1-NMBlocking-1.16.1-1576 (25183784)
LIBXSMM_TARGET: clx
Registry and code: 13 MB
Uptime: 0.623116 s

LIBXSMM_VERSION: RT-bct-L1-NMBlocking-1.16.1-1576 (25183784)
LIBXSMM_TARGET: clx
Registry and code: 13 MB
Uptime: 0.688910 s

LIBXSMM_VERSION: RT-bct-L1-NMBlocking-1.16.1-1576 (25183784)
LIBXSMM_TARGET: clx
Registry and code: 13 MB
Uptime: 0.684857 s

LIBXSMM_VERSION: RT-bct-L1-NMBlocking-1.16.1-1576 (25183784)
LIBXSMM_TARGET: clx
Registry and code: 13 MB
Uptime: 0.787939 s

LIBXSMM_VERSION: RT-bct-L1-NMBlocking-1.16.1-1576 (25183784)
LIBXSMM_TARGET: clx
Registry and code: 13 MB
Uptime: 0.845282 s

LIBXSMM_VERSION: RT-bct-L1-NMBlocking-1.16.1-1576 (25183784)
LIBXSMM_TARGET: clx
Registry and code: 13 MB
Uptime: 0.766829 s

LIBXSMM_VERSION: RT-bct-L1-NMBlocking-1.16.1-1576 (25183784)
LIBXSMM_TARGET: clx
Registry and code: 13 MB
Uptime: 0.761674 s

LIBXSMM_VERSION: RT-bct-L1-NMBlocking-1.16.1-1576 (25183784)
LIBXSMM_TARGET: clx
Registry and code: 13 MB
Uptime: 0.982464 s

LIBXSMM_VERSION: RT-bct-L1-NMBlocking-1.16.1-1576 (25183784)
LIBXSMM_TARGET: clx
Registry and code: 13 MB
Uptime: 1.022992 s

LIBXSMM_VERSION: RT-bct-L1-NMBlocking-1.16.1-1576 (25183784)
LIBXSMM_TARGET: clx
Registry and code: 13 MB
Uptime: 0.914569 s

LIBXSMM_VERSION: RT-bct-L1-NMBlocking-1.16.1-1576 (25183784)
LIBXSMM_TARGET: clx
Registry and code: 13 MB
Uptime: 0.954226 s

LIBXSMM_VERSION: RT-bct-L1-NMBlocking-1.16.1-1576 (25183784)
LIBXSMM_TARGET: clx
Registry and code: 13 MB
Uptime: 5.368285 s

LIBXSMM_VERSION: RT-bct-L1-NMBlocking-1.16.1-1576 (25183784)
LIBXSMM_TARGET: clx
Registry and code: 13 MB
Uptime: 3.623243 s

LIBXSMM_VERSION: RT-bct-L1-NMBlocking-1.16.1-1576 (25183784)
LIBXSMM_TARGET: clx
Registry and code: 13 MB
Uptime: 3.562130 s

LIBXSMM_VERSION: RT-bct-L1-NMBlocking-1.16.1-1576 (25183784)
LIBXSMM_TARGET: clx
Registry and code: 13 MB
Uptime: 3.383502 s

LIBXSMM_VERSION: RT-bct-L1-NMBlocking-1.16.1-1576 (25183784)
LIBXSMM_TARGET: clx
Registry and code: 13 MB
Uptime: 0.897243 s

LIBXSMM_VERSION: RT-bct-L1-NMBlocking-1.16.1-1576 (25183784)
LIBXSMM_TARGET: clx
Registry and code: 13 MB
Uptime: 0.927682 s

LIBXSMM_VERSION: RT-bct-L1-NMBlocking-1.16.1-1576 (25183784)
LIBXSMM_TARGET: clx
Registry and code: 13 MB
Uptime: 0.838049 s

LIBXSMM_VERSION: RT-bct-L1-NMBlocking-1.16.1-1576 (25183784)
LIBXSMM_TARGET: clx
Registry and code: 13 MB
Uptime: 0.866740 s

LIBXSMM_VERSION: RT-bct-L1-NMBlocking-1.16.1-1576 (25183784)
LIBXSMM_TARGET: clx
Registry and code: 13 MB
Uptime: 1.326685 s

LIBXSMM_VERSION: RT-bct-L1-NMBlocking-1.16.1-1576 (25183784)
LIBXSMM_TARGET: clx
Registry and code: 13 MB
Uptime: 1.327694 s

LIBXSMM_VERSION: RT-bct-L1-NMBlocking-1.16.1-1576 (25183784)
LIBXSMM_TARGET: clx
Registry and code: 13 MB
Uptime: 1.206275 s

LIBXSMM_VERSION: RT-bct-L1-NMBlocking-1.16.1-1576 (25183784)
LIBXSMM_TARGET: clx
Registry and code: 13 MB
Uptime: 1.224068 s

LIBXSMM_VERSION: RT-bct-L1-NMBlocking-1.16.1-1576 (25183784)
LIBXSMM_TARGET: clx
Registry and code: 13 MB
Uptime: 1.820632 s

LIBXSMM_VERSION: RT-bct-L1-NMBlocking-1.16.1-1576 (25183784)
LIBXSMM_TARGET: clx
Registry and code: 13 MB
Uptime: 1.676312 s

LIBXSMM_VERSION: RT-bct-L1-NMBlocking-1.16.1-1576 (25183784)
LIBXSMM_TARGET: clx
Registry and code: 13 MB
Uptime: 1.557990 s

LIBXSMM_VERSION: RT-bct-L1-NMBlocking-1.16.1-1576 (25183784)
LIBXSMM_TARGET: clx
Registry and code: 13 MB
Uptime: 1.563355 s

LIBXSMM_VERSION: RT-bct-L1-NMBlocking-1.16.1-1576 (25183784)
LIBXSMM_TARGET: clx
Registry and code: 13 MB
Uptime: 2.299102 s

LIBXSMM_VERSION: RT-bct-L1-NMBlocking-1.16.1-1576 (25183784)
LIBXSMM_TARGET: clx
Registry and code: 13 MB
Uptime: 1.980200 s

LIBXSMM_VERSION: RT-bct-L1-NMBlocking-1.16.1-1576 (25183784)
LIBXSMM_TARGET: clx
Registry and code: 13 MB
Uptime: 1.899472 s

LIBXSMM_VERSION: RT-bct-L1-NMBlocking-1.16.1-1576 (25183784)
LIBXSMM_TARGET: clx
Registry and code: 13 MB
Uptime: 1.873915 s

LIBXSMM_VERSION: RT-bct-L1-NMBlocking-1.16.1-1576 (25183784)
LIBXSMM_TARGET: clx
Registry and code: 13 MB
Uptime: 0.725868 s

LIBXSMM_VERSION: RT-bct-L1-NMBlocking-1.16.1-1576 (25183784)
LIBXSMM_TARGET: clx
Registry and code: 13 MB
Uptime: 0.738277 s

LIBXSMM_VERSION: RT-bct-L1-NMBlocking-1.16.1-1576 (25183784)
LIBXSMM_TARGET: clx
Registry and code: 13 MB
Uptime: 0.720976 s

LIBXSMM_VERSION: RT-bct-L1-NMBlocking-1.16.1-1576 (25183784)
LIBXSMM_TARGET: clx
Registry and code: 13 MB
Uptime: 0.676427 s

LIBXSMM_VERSION: RT-bct-L1-NMBlocking-1.16.1-1576 (25183784)
LIBXSMM_TARGET: clx
Registry and code: 13 MB
Uptime: 2.787164 s

LIBXSMM_VERSION: RT-bct-L1-NMBlocking-1.16.1-1576 (25183784)
LIBXSMM_TARGET: clx
Registry and code: 13 MB
Uptime: 2.275984 s

LIBXSMM_VERSION: RT-bct-L1-NMBlocking-1.16.1-1576 (25183784)
LIBXSMM_TARGET: clx
Registry and code: 13 MB
Uptime: 2.226824 s

LIBXSMM_VERSION: RT-bct-L1-NMBlocking-1.16.1-1576 (25183784)
LIBXSMM_TARGET: clx
Registry and code: 13 MB
Uptime: 2.186737 s

LIBXSMM_VERSION: RT-bct-L1-NMBlocking-1.16.1-1576 (25183784)
LIBXSMM_TARGET: clx
Registry and code: 13 MB
Uptime: 3.291712 s

LIBXSMM_VERSION: RT-bct-L1-NMBlocking-1.16.1-1576 (25183784)
LIBXSMM_TARGET: clx
Registry and code: 13 MB
Uptime: 2.595857 s

LIBXSMM_VERSION: RT-bct-L1-NMBlocking-1.16.1-1576 (25183784)
LIBXSMM_TARGET: clx
Registry and code: 13 MB
Uptime: 2.570006 s

LIBXSMM_VERSION: RT-bct-L1-NMBlocking-1.16.1-1576 (25183784)
LIBXSMM_TARGET: clx
Registry and code: 13 MB
Uptime: 2.473297 s

LIBXSMM_VERSION: RT-bct-L1-NMBlocking-1.16.1-1576 (25183784)
LIBXSMM_TARGET: clx
Registry and code: 13 MB
Uptime: 3.803995 s

LIBXSMM_VERSION: RT-bct-L1-NMBlocking-1.16.1-1576 (25183784)
LIBXSMM_TARGET: clx
Registry and code: 13 MB
Uptime: 2.902796 s

LIBXSMM_VERSION: RT-bct-L1-NMBlocking-1.16.1-1576 (25183784)
LIBXSMM_TARGET: clx
Registry and code: 13 MB
Uptime: 2.825162 s

LIBXSMM_VERSION: RT-bct-L1-NMBlocking-1.16.1-1576 (25183784)
LIBXSMM_TARGET: clx
Registry and code: 13 MB
Uptime: 2.754348 s

LIBXSMM_VERSION: RT-bct-L1-NMBlocking-1.16.1-1576 (25183784)
LIBXSMM_TARGET: clx
Registry and code: 13 MB
Uptime: 4.331603 s

LIBXSMM_VERSION: RT-bct-L1-NMBlocking-1.16.1-1576 (25183784)
LIBXSMM_TARGET: clx
Registry and code: 13 MB
Uptime: 3.184068 s

LIBXSMM_VERSION: RT-bct-L1-NMBlocking-1.16.1-1576 (25183784)
LIBXSMM_TARGET: clx
Registry and code: 13 MB
Uptime: 3.112783 s

LIBXSMM_VERSION: RT-bct-L1-NMBlocking-1.16.1-1576 (25183784)
LIBXSMM_TARGET: clx
Registry and code: 13 MB
Uptime: 2.998408 s

LIBXSMM_VERSION: RT-bct-L1-NMBlocking-1.16.1-1576 (25183784)
LIBXSMM_TARGET: clx
Registry and code: 13 MB
Uptime: 4.868434 s

LIBXSMM_VERSION: RT-bct-L1-NMBlocking-1.16.1-1576 (25183784)
LIBXSMM_TARGET: clx
Registry and code: 13 MB
Uptime: 3.424146 s

LIBXSMM_VERSION: RT-bct-L1-NMBlocking-1.16.1-1576 (25183784)
LIBXSMM_TARGET: clx
Registry and code: 13 MB
Uptime: 3.363048 s

LIBXSMM_VERSION: RT-bct-L1-NMBlocking-1.16.1-1576 (25183784)
LIBXSMM_TARGET: clx
Registry and code: 13 MB
Uptime: 3.198350 s

LIBXSMM_VERSION: RT-bct-L1-NMBlocking-1.16.1-1576 (25183784)
LIBXSMM_TARGET: clx
Registry and code: 13 MB
Uptime: 1.100728 s

LIBXSMM_VERSION: RT-bct-L1-NMBlocking-1.16.1-1576 (25183784)
LIBXSMM_TARGET: clx
Registry and code: 13 MB
Uptime: 1.110298 s

LIBXSMM_VERSION: RT-bct-L1-NMBlocking-1.16.1-1576 (25183784)
LIBXSMM_TARGET: clx
Registry and code: 13 MB
Uptime: 1.004993 s

LIBXSMM_VERSION: RT-bct-L1-NMBlocking-1.16.1-1576 (25183784)
LIBXSMM_TARGET: clx
Registry and code: 13 MB
Uptime: 1.055677 s

LIBXSMM_VERSION: RT-bct-L1-NMBlocking-1.16.1-1576 (25183784)
LIBXSMM_TARGET: clx
Registry and code: 13 MB
Uptime: 0.613793 s

LIBXSMM_VERSION: RT-bct-L1-NMBlocking-1.16.1-1576 (25183784)
LIBXSMM_TARGET: clx
Registry and code: 13 MB
Uptime: 0.624775 s

LIBXSMM_VERSION: RT-bct-L1-NMBlocking-1.16.1-1576 (25183784)
LIBXSMM_TARGET: clx
Registry and code: 13 MB
Uptime: 0.673736 s

LIBXSMM_VERSION: RT-bct-L1-NMBlocking-1.16.1-1576 (25183784)
LIBXSMM_TARGET: clx
Registry and code: 13 MB
Uptime: 0.662858 s

LIBXSMM_VERSION: RT-bct-L1-NMBlocking-1.16.1-1576 (25183784)
LIBXSMM_TARGET: clx
Registry and code: 13 MB
Uptime: 1.563040 s

LIBXSMM_VERSION: RT-bct-L1-NMBlocking-1.16.1-1576 (25183784)
LIBXSMM_TARGET: clx
Registry and code: 13 MB
Uptime: 1.502075 s

LIBXSMM_VERSION: RT-bct-L1-NMBlocking-1.16.1-1576 (25183784)
LIBXSMM_TARGET: clx
Registry and code: 13 MB
Uptime: 1.376144 s

LIBXSMM_VERSION: RT-bct-L1-NMBlocking-1.16.1-1576 (25183784)
LIBXSMM_TARGET: clx
Registry and code: 13 MB
Uptime: 1.398512 s

LIBXSMM_VERSION: RT-bct-L1-NMBlocking-1.16.1-1576 (25183784)
LIBXSMM_TARGET: clx
Registry and code: 13 MB
Uptime: 0.800140 s

LIBXSMM_VERSION: RT-bct-L1-NMBlocking-1.16.1-1576 (25183784)
LIBXSMM_TARGET: clx
Registry and code: 13 MB
Uptime: 0.848130 s

LIBXSMM_VERSION: RT-bct-L1-NMBlocking-1.16.1-1576 (25183784)
LIBXSMM_TARGET: clx
Registry and code: 13 MB
Uptime: 0.773858 s

LIBXSMM_VERSION: RT-bct-L1-NMBlocking-1.16.1-1576 (25183784)
LIBXSMM_TARGET: clx
Registry and code: 13 MB
Uptime: 0.761030 s

LIBXSMM_VERSION: RT-bct-L1-NMBlocking-1.16.1-1576 (25183784)
LIBXSMM_TARGET: clx
Registry and code: 13 MB
Uptime: 0.985669 s

LIBXSMM_VERSION: RT-bct-L1-NMBlocking-1.16.1-1576 (25183784)
LIBXSMM_TARGET: clx
Registry and code: 13 MB
Uptime: 1.023398 s

LIBXSMM_VERSION: RT-bct-L1-NMBlocking-1.16.1-1576 (25183784)
LIBXSMM_TARGET: clx
Registry and code: 13 MB
Uptime: 0.918108 s

LIBXSMM_VERSION: RT-bct-L1-NMBlocking-1.16.1-1576 (25183784)
LIBXSMM_TARGET: clx
Registry and code: 13 MB
Uptime: 0.962214 s

LIBXSMM_VERSION: RT-bct-L1-NMBlocking-1.16.1-1576 (25183784)
LIBXSMM_TARGET: clx
Registry and code: 13 MB
Uptime: 5.400849 s

LIBXSMM_VERSION: RT-bct-L1-NMBlocking-1.16.1-1576 (25183784)
LIBXSMM_TARGET: clx
Registry and code: 13 MB
Uptime: 3.653851 s

LIBXSMM_VERSION: RT-bct-L1-NMBlocking-1.16.1-1576 (25183784)
LIBXSMM_TARGET: clx
Registry and code: 13 MB
Uptime: 3.607054 s

LIBXSMM_VERSION: RT-bct-L1-NMBlocking-1.16.1-1576 (25183784)
LIBXSMM_TARGET: clx
Registry and code: 13 MB
Uptime: 3.429915 s

LIBXSMM_VERSION: RT-bct-L1-NMBlocking-1.16.1-1576 (25183784)
LIBXSMM_TARGET: clx
Registry and code: 13 MB
Uptime: 0.291465 s

LIBXSMM_VERSION: RT-bct-L1-NMBlocking-1.16.1-1576 (25183784)
LIBXSMM_TARGET: clx
Registry and code: 13 MB
Uptime: 0.284352 s

LIBXSMM_VERSION: RT-bct-L1-NMBlocking-1.16.1-1576 (25183784)
LIBXSMM_TARGET: clx
Registry and code: 13 MB
Uptime: 0.319232 s

LIBXSMM_VERSION: RT-bct-L1-NMBlocking-1.16.1-1576 (25183784)
LIBXSMM_TARGET: clx
Registry and code: 13 MB
Uptime: 0.322523 s

LIBXSMM_VERSION: RT-bct-L1-NMBlocking-1.16.1-1576 (25183784)
LIBXSMM_TARGET: clx
Registry and code: 13 MB
Uptime: 0.426268 s

LIBXSMM_VERSION: RT-bct-L1-NMBlocking-1.16.1-1576 (25183784)
LIBXSMM_TARGET: clx
Registry and code: 13 MB
Uptime: 0.454967 s

LIBXSMM_VERSION: RT-bct-L1-NMBlocking-1.16.1-1576 (25183784)
LIBXSMM_TARGET: clx
Registry and code: 13 MB
Uptime: 0.528094 s

LIBXSMM_VERSION: RT-bct-L1-NMBlocking-1.16.1-1576 (25183784)
LIBXSMM_TARGET: clx
Registry and code: 13 MB
Uptime: 0.515890 s

LIBXSMM_VERSION: RT-bct-L1-NMBlocking-1.16.1-1576 (25183784)
LIBXSMM_TARGET: clx
Registry and code: 13 MB
Uptime: 0.718555 s

LIBXSMM_VERSION: RT-bct-L1-NMBlocking-1.16.1-1576 (25183784)
LIBXSMM_TARGET: clx
Registry and code: 13 MB
Uptime: 0.736251 s

LIBXSMM_VERSION: RT-bct-L1-NMBlocking-1.16.1-1576 (25183784)
LIBXSMM_TARGET: clx
Registry and code: 13 MB
Uptime: 0.735865 s

LIBXSMM_VERSION: RT-bct-L1-NMBlocking-1.16.1-1576 (25183784)
LIBXSMM_TARGET: clx
Registry and code: 13 MB
Uptime: 0.683127 s

LIBXSMM_VERSION: RT-bct-L1-NMBlocking-1.16.1-1576 (25183784)
LIBXSMM_TARGET: clx
Registry and code: 13 MB
Uptime: 1.192766 s

LIBXSMM_VERSION: RT-bct-L1-NMBlocking-1.16.1-1576 (25183784)
LIBXSMM_TARGET: clx
Registry and code: 13 MB
Uptime: 1.219449 s

LIBXSMM_VERSION: RT-bct-L1-NMBlocking-1.16.1-1576 (25183784)
LIBXSMM_TARGET: clx
Registry and code: 13 MB
Uptime: 1.072089 s

LIBXSMM_VERSION: RT-bct-L1-NMBlocking-1.16.1-1576 (25183784)
LIBXSMM_TARGET: clx
Registry and code: 13 MB
Uptime: 1.140415 s

LIBXSMM_VERSION: RT-bct-L1-NMBlocking-1.16.1-1576 (25183784)
LIBXSMM_TARGET: clx
Registry and code: 13 MB
Uptime: 2.140908 s

LIBXSMM_VERSION: RT-bct-L1-NMBlocking-1.16.1-1576 (25183784)
LIBXSMM_TARGET: clx
Registry and code: 13 MB
Uptime: 2.219171 s

LIBXSMM_VERSION: RT-bct-L1-NMBlocking-1.16.1-1576 (25183784)
LIBXSMM_TARGET: clx
Registry and code: 13 MB
Uptime: 2.025664 s

LIBXSMM_VERSION: RT-bct-L1-NMBlocking-1.16.1-1576 (25183784)
LIBXSMM_TARGET: clx
Registry and code: 13 MB
Uptime: 2.126303 s

LIBXSMM_VERSION: RT-bct-L1-NMBlocking-1.16.1-1576 (25183784)
LIBXSMM_TARGET: clx
Registry and code: 13 MB
Uptime: 4.079723 s

LIBXSMM_VERSION: RT-bct-L1-NMBlocking-1.16.1-1576 (25183784)
LIBXSMM_TARGET: clx
Registry and code: 13 MB
Uptime: 4.406375 s

LIBXSMM_VERSION: RT-bct-L1-NMBlocking-1.16.1-1576 (25183784)
LIBXSMM_TARGET: clx
Registry and code: 13 MB
Uptime: 4.024614 s

LIBXSMM_VERSION: RT-bct-L1-NMBlocking-1.16.1-1576 (25183784)
LIBXSMM_TARGET: clx
Registry and code: 13 MB
Uptime: 4.129891 s

LIBXSMM_VERSION: RT-bct-L1-NMBlocking-1.16.1-1576 (25183784)
LIBXSMM_TARGET: clx
Registry and code: 13 MB
Uptime: 0.303566 s

LIBXSMM_VERSION: RT-bct-L1-NMBlocking-1.16.1-1576 (25183784)
LIBXSMM_TARGET: clx
Registry and code: 13 MB
Uptime: 0.297110 s

LIBXSMM_VERSION: RT-bct-L1-NMBlocking-1.16.1-1576 (25183784)
LIBXSMM_TARGET: clx
Registry and code: 13 MB
Uptime: 0.355641 s

LIBXSMM_VERSION: RT-bct-L1-NMBlocking-1.16.1-1576 (25183784)
LIBXSMM_TARGET: clx
Registry and code: 13 MB
Uptime: 0.340817 s

LIBXSMM_VERSION: RT-bct-L1-NMBlocking-1.16.1-1576 (25183784)
LIBXSMM_TARGET: clx
Registry and code: 13 MB
Uptime: 0.463503 s

LIBXSMM_VERSION: RT-bct-L1-NMBlocking-1.16.1-1576 (25183784)
LIBXSMM_TARGET: clx
Registry and code: 13 MB
Uptime: 0.485989 s

LIBXSMM_VERSION: RT-bct-L1-NMBlocking-1.16.1-1576 (25183784)
LIBXSMM_TARGET: clx
Registry and code: 13 MB
Uptime: 0.564653 s

LIBXSMM_VERSION: RT-bct-L1-NMBlocking-1.16.1-1576 (25183784)
LIBXSMM_TARGET: clx
Registry and code: 13 MB
Uptime: 0.549020 s

LIBXSMM_VERSION: RT-bct-L1-NMBlocking-1.16.1-1576 (25183784)
LIBXSMM_TARGET: clx
Registry and code: 13 MB
Uptime: 0.761268 s

LIBXSMM_VERSION: RT-bct-L1-NMBlocking-1.16.1-1576 (25183784)
LIBXSMM_TARGET: clx
Registry and code: 13 MB
Uptime: 0.759874 s

LIBXSMM_VERSION: RT-bct-L1-NMBlocking-1.16.1-1576 (25183784)
LIBXSMM_TARGET: clx
Registry and code: 13 MB
Uptime: 0.753457 s

LIBXSMM_VERSION: RT-bct-L1-NMBlocking-1.16.1-1576 (25183784)
LIBXSMM_TARGET: clx
Registry and code: 13 MB
Uptime: 0.699403 s

LIBXSMM_VERSION: RT-bct-L1-NMBlocking-1.16.1-1576 (25183784)
LIBXSMM_TARGET: clx
Registry and code: 13 MB
Uptime: 1.205765 s

LIBXSMM_VERSION: RT-bct-L1-NMBlocking-1.16.1-1576 (25183784)
LIBXSMM_TARGET: clx
Registry and code: 13 MB
Uptime: 1.234094 s

LIBXSMM_VERSION: RT-bct-L1-NMBlocking-1.16.1-1576 (25183784)
LIBXSMM_TARGET: clx
Registry and code: 13 MB
Uptime: 1.075783 s

LIBXSMM_VERSION: RT-bct-L1-NMBlocking-1.16.1-1576 (25183784)
LIBXSMM_TARGET: clx
Registry and code: 13 MB
Uptime: 1.140478 s

Generating and Compiling data/synth_mats_wider/vary_density/q_64/r_128_c_128_p_0.5_uniq_64.txt
Running data/synth_mats_wider/vary_density/q_64/r_128_c_128_p_0.5_uniq_64.txt
Finished running in 67.83896666666666ms
Generating and Compiling data/synth_mats_wider/vary_density/q_64/r_128_c_128_p_0.05_uniq_64.txt
Running data/synth_mats_wider/vary_density/q_64/r_128_c_128_p_0.05_uniq_64.txt
Finished running in 18.268766666666668ms
Generating and Compiling data/synth_mats_wider/vary_density/q_64/r_128_c_128_p_0.6_uniq_64.txt
Running data/synth_mats_wider/vary_density/q_64/r_128_c_128_p_0.6_uniq_64.txt
Finished running in 68.21553333333333ms
Generating and Compiling data/synth_mats_wider/vary_density/q_64/r_128_c_128_p_0.7_uniq_64.txt
Running data/synth_mats_wider/vary_density/q_64/r_128_c_128_p_0.7_uniq_64.txt
Finished running in 67.74693333333333ms
Generating and Compiling data/synth_mats_wider/vary_density/q_64/r_128_c_128_p_0.8_uniq_64.txt
Running data/synth_mats_wider/vary_density/q_64/r_128_c_128_p_0.8_uniq_64.txt
Finished running in 67.2763ms
Generating and Compiling data/synth_mats_wider/vary_density/q_64/r_128_c_128_p_0.9_uniq_64.txt
Running data/synth_mats_wider/vary_density/q_64/r_128_c_128_p_0.9_uniq_64.txt
Finished running in 67.86483333333334ms
Generating and Compiling data/synth_mats_wider/vary_density/q_64/r_128_c_128_p_0.15_uniq_64.txt
Running data/synth_mats_wider/vary_density/q_64/r_128_c_128_p_0.15_uniq_64.txt
Finished running in 26.76536666666667ms
Generating and Compiling data/synth_mats_wider/vary_density/q_64/r_128_c_128_p_0.25_uniq_64.txt
Running data/synth_mats_wider/vary_density/q_64/r_128_c_128_p_0.25_uniq_64.txt
Finished running in 48.13263333333334ms
Generating and Compiling data/synth_mats_wider/vary_density/q_64/r_128_c_128_p_0.025_uniq_64.txt
Running data/synth_mats_wider/vary_density/q_64/r_128_c_128_p_0.025_uniq_64.txt
Finished running in 18.5795ms
Generating and Compiling data/synth_mats_wider/vary_density/q_64/r_128_c_128_p_0.075_uniq_64.txt
Running data/synth_mats_wider/vary_density/q_64/r_128_c_128_p_0.075_uniq_64.txt
Finished running in 18.182866666666666ms
Generating and Compiling data/synth_mats_wider/vary_density/q_64/r_128_c_128_p_0.125_uniq_64.txt
Running data/synth_mats_wider/vary_density/q_64/r_128_c_128_p_0.125_uniq_64.txt
Finished running in 23.920833333333334ms
Generating and Compiling data/synth_mats_wider/vary_density/q_64/r_128_c_128_p_1.0_uniq_64.txt
Running data/synth_mats_wider/vary_density/q_64/r_128_c_128_p_1.0_uniq_64.txt
Finished running in 68.31896666666667ms
Generating and Compiling data/synth_mats_wider/vary_density/q_256/r_128_c_128_p_0.1_uniq_256.txt
Running data/synth_mats_wider/vary_density/q_256/r_128_c_128_p_0.1_uniq_256.txt
Finished running in 67.90676666666667ms
Generating and Compiling data/synth_mats_wider/vary_density/q_256/r_128_c_128_p_0.2_uniq_256.txt
Running data/synth_mats_wider/vary_density/q_256/r_128_c_128_p_0.2_uniq_256.txt
Finished running in 68.50073333333333ms
Generating and Compiling data/synth_mats_wider/vary_density/q_256/r_128_c_128_p_0.3_uniq_256.txt
Running data/synth_mats_wider/vary_density/q_256/r_128_c_128_p_0.3_uniq_256.txt
Finished running in 67.72026666666666ms
Generating and Compiling data/synth_mats_wider/vary_density/q_256/r_128_c_128_p_0.4_uniq_256.txt
Running data/synth_mats_wider/vary_density/q_256/r_128_c_128_p_0.4_uniq_256.txt
Finished running in 68.0331ms
Generating and Compiling data/synth_mats_wider/vary_density/q_256/r_128_c_128_p_0.05_uniq_256.txt
Running data/synth_mats_wider/vary_density/q_256/r_128_c_128_p_0.05_uniq_256.txt
Finished running in 67.67983333333333ms
Generating and Compiling data/synth_mats_wider/vary_density/q_256/r_128_c_128_p_0.5_uniq_256.txt
Running data/synth_mats_wider/vary_density/q_256/r_128_c_128_p_0.5_uniq_256.txt
Finished running in 67.24433333333333ms
Generating and Compiling data/synth_mats_wider/vary_density/q_256/r_128_c_128_p_0.6_uniq_256.txt
Running data/synth_mats_wider/vary_density/q_256/r_128_c_128_p_0.6_uniq_256.txt
Finished running in 67.4461ms
Generating and Compiling data/synth_mats_wider/vary_density/q_256/r_128_c_128_p_0.7_uniq_256.txt
Running data/synth_mats_wider/vary_density/q_256/r_128_c_128_p_0.7_uniq_256.txt
Finished running in 67.3776ms
Generating and Compiling data/synth_mats_wider/vary_density/q_256/r_128_c_128_p_0.8_uniq_256.txt
Running data/synth_mats_wider/vary_density/q_256/r_128_c_128_p_0.8_uniq_256.txt
Finished running in 67.9389ms
Generating and Compiling data/synth_mats_wider/vary_density/q_256/r_128_c_128_p_0.9_uniq_256.txt
Running data/synth_mats_wider/vary_density/q_256/r_128_c_128_p_0.9_uniq_256.txt
Finished running in 68.42613333333334ms
Generating and Compiling data/synth_mats_wider/vary_density/q_256/r_128_c_128_p_0.15_uniq_256.txt
Running data/synth_mats_wider/vary_density/q_256/r_128_c_128_p_0.15_uniq_256.txt
Finished running in 67.92153333333333ms
Generating and Compiling data/synth_mats_wider/vary_density/q_256/r_128_c_128_p_0.025_uniq_256.txt
Running data/synth_mats_wider/vary_density/q_256/r_128_c_128_p_0.025_uniq_256.txt
Finished running in 67.85543333333334ms
Generating and Compiling data/synth_mats_wider/vary_density/q_256/r_128_c_128_p_0.25_uniq_256.txt
Running data/synth_mats_wider/vary_density/q_256/r_128_c_128_p_0.25_uniq_256.txt
Finished running in 67.71193333333333ms
Generating and Compiling data/synth_mats_wider/vary_density/q_256/r_128_c_128_p_0.075_uniq_256.txt
Running data/synth_mats_wider/vary_density/q_256/r_128_c_128_p_0.075_uniq_256.txt
Finished running in 68.0307ms
Generating and Compiling data/synth_mats_wider/vary_density/q_256/r_128_c_128_p_0.125_uniq_256.txt
Running data/synth_mats_wider/vary_density/q_256/r_128_c_128_p_0.125_uniq_256.txt
Finished running in 68.164ms
Generating and Compiling data/synth_mats_wider/vary_density/q_256/r_128_c_128_p_1.0_uniq_256.txt
Running data/synth_mats_wider/vary_density/q_256/r_128_c_128_p_1.0_uniq_256.txt
Finished running in 67.67076666666667ms
Generating and Compiling data/synth_mats_wider/vary_row/q_16/r_32_c_128_p_0.05_uniq_16.txt
Running data/synth_mats_wider/vary_row/q_16/r_32_c_128_p_0.05_uniq_16.txt
Finished running in 8.4621ms
Generating and Compiling data/synth_mats_wider/vary_row/q_16/r_64_c_128_p_0.05_uniq_16.txt
Running data/synth_mats_wider/vary_row/q_16/r_64_c_128_p_0.05_uniq_16.txt
Finished running in 14.408833333333332ms
Generating and Compiling data/synth_mats_wider/vary_row/q_16/r_128_c_128_p_0.05_uniq_16.txt
Running data/synth_mats_wider/vary_row/q_16/r_128_c_128_p_0.05_uniq_16.txt
Finished running in 19.184366666666666ms
Generating and Compiling data/synth_mats_wider/vary_row/q_16/r_256_c_128_p_0.05_uniq_16.txt
Running data/synth_mats_wider/vary_row/q_16/r_256_c_128_p_0.05_uniq_16.txt
Finished running in 28.192433333333334ms
Generating and Compiling data/synth_mats_wider/vary_row/q_16/r_512_c_128_p_0.05_uniq_16.txt
Running data/synth_mats_wider/vary_row/q_16/r_512_c_128_p_0.05_uniq_16.txt
Finished running in 54.7913ms
Generating and Compiling data/synth_mats_wider/vary_row/q_16/r_1024_c_128_p_0.05_uniq_16.txt
Running data/synth_mats_wider/vary_row/q_16/r_1024_c_128_p_0.05_uniq_16.txt
Finished running in 122.34813333333334ms
Generating and Compiling data/synth_mats_wider/vary_row/q_64/r_32_c_128_p_0.05_uniq_64.txt
Running data/synth_mats_wider/vary_row/q_64/r_32_c_128_p_0.05_uniq_64.txt
Finished running in 9.824833333333334ms
Generating and Compiling data/synth_mats_wider/vary_row/q_64/r_64_c_128_p_0.05_uniq_64.txt
Running data/synth_mats_wider/vary_row/q_64/r_64_c_128_p_0.05_uniq_64.txt
Finished running in 15.906633333333332ms
Generating and Compiling data/synth_mats_wider/vary_row/q_64/r_128_c_128_p_0.05_uniq_64.txt
Running data/synth_mats_wider/vary_row/q_64/r_128_c_128_p_0.05_uniq_64.txt
Finished running in 18.7118ms
Generating and Compiling data/synth_mats_wider/vary_row/q_64/r_256_c_128_p_0.05_uniq_64.txt
Running data/synth_mats_wider/vary_row/q_64/r_256_c_128_p_0.05_uniq_64.txt
Finished running in 28.575233333333337ms
Generating and Compiling data/synth_mats_wider/vary_row/q_64/r_512_c_128_p_0.05_uniq_64.txt
Running data/synth_mats_wider/vary_row/q_64/r_512_c_128_p_0.05_uniq_64.txt

LIBXSMM_VERSION: RT-bct-L1-NMBlocking-1.16.1-1576 (25183784)
LIBXSMM_TARGET: clx
Registry and code: 13 MB
Uptime: 2.146024 s

LIBXSMM_VERSION: RT-bct-L1-NMBlocking-1.16.1-1576 (25183784)
LIBXSMM_TARGET: clx
Registry and code: 13 MB
Uptime: 2.229034 s

LIBXSMM_VERSION: RT-bct-L1-NMBlocking-1.16.1-1576 (25183784)
LIBXSMM_TARGET: clx
Registry and code: 13 MB
Uptime: 2.024250 s

LIBXSMM_VERSION: RT-bct-L1-NMBlocking-1.16.1-1576 (25183784)
LIBXSMM_TARGET: clx
Registry and code: 13 MB
Uptime: 2.128416 s

LIBXSMM_VERSION: RT-bct-L1-NMBlocking-1.16.1-1576 (25183784)
LIBXSMM_TARGET: clx
Registry and code: 13 MB
Uptime: 4.055555 s

LIBXSMM_VERSION: RT-bct-L1-NMBlocking-1.16.1-1576 (25183784)
LIBXSMM_TARGET: clx
Registry and code: 13 MB
Uptime: 4.402902 s

LIBXSMM_VERSION: RT-bct-L1-NMBlocking-1.16.1-1576 (25183784)
LIBXSMM_TARGET: clx
Registry and code: 13 MB
Uptime: 4.027930 s

LIBXSMM_VERSION: RT-bct-L1-NMBlocking-1.16.1-1576 (25183784)
LIBXSMM_TARGET: clx
Registry and code: 13 MB
Uptime: 4.134427 s

LIBXSMM_VERSION: RT-bct-L1-NMBlocking-1.16.1-1576 (25183784)
LIBXSMM_TARGET: clx
Registry and code: 13 MB
Uptime: 0.467433 s

LIBXSMM_VERSION: RT-bct-L1-NMBlocking-1.16.1-1576 (25183784)
LIBXSMM_TARGET: clx
Registry and code: 13 MB
Uptime: 0.446556 s

LIBXSMM_VERSION: RT-bct-L1-NMBlocking-1.16.1-1576 (25183784)
LIBXSMM_TARGET: clx
Registry and code: 13 MB
Uptime: 0.514158 s

LIBXSMM_VERSION: RT-bct-L1-NMBlocking-1.16.1-1576 (25183784)
LIBXSMM_TARGET: clx
Registry and code: 13 MB
Uptime: 0.519843 s

LIBXSMM_VERSION: RT-bct-L1-NMBlocking-1.16.1-1576 (25183784)
LIBXSMM_TARGET: clx
Registry and code: 13 MB
Uptime: 0.738170 s

LIBXSMM_VERSION: RT-bct-L1-NMBlocking-1.16.1-1576 (25183784)
LIBXSMM_TARGET: clx
Registry and code: 13 MB
Uptime: 0.733633 s

LIBXSMM_VERSION: RT-bct-L1-NMBlocking-1.16.1-1576 (25183784)
LIBXSMM_TARGET: clx
Registry and code: 13 MB
Uptime: 0.738515 s

LIBXSMM_VERSION: RT-bct-L1-NMBlocking-1.16.1-1576 (25183784)
LIBXSMM_TARGET: clx
Registry and code: 13 MB
Uptime: 0.686854 s

LIBXSMM_VERSION: RT-bct-L1-NMBlocking-1.16.1-1576 (25183784)
LIBXSMM_TARGET: clx
Registry and code: 13 MB
Uptime: 1.167429 s

LIBXSMM_VERSION: RT-bct-L1-NMBlocking-1.16.1-1576 (25183784)
LIBXSMM_TARGET: clx
Registry and code: 13 MB
Uptime: 1.224640 s

LIBXSMM_VERSION: RT-bct-L1-NMBlocking-1.16.1-1576 (25183784)
LIBXSMM_TARGET: clx
Registry and code: 13 MB
Uptime: 1.070880 s

LIBXSMM_VERSION: RT-bct-L1-NMBlocking-1.16.1-1576 (25183784)
LIBXSMM_TARGET: clx
Registry and code: 13 MB
Uptime: 1.139415 s

LIBXSMM_VERSION: RT-bct-L1-NMBlocking-1.16.1-1576 (25183784)
LIBXSMM_TARGET: clx
Registry and code: 13 MB
Uptime: 2.167427 s

LIBXSMM_VERSION: RT-bct-L1-NMBlocking-1.16.1-1576 (25183784)
LIBXSMM_TARGET: clx
Registry and code: 13 MB
Uptime: 2.232632 s

LIBXSMM_VERSION: RT-bct-L1-NMBlocking-1.16.1-1576 (25183784)
LIBXSMM_TARGET: clx
Registry and code: 13 MB
Uptime: 2.041811 s

LIBXSMM_VERSION: RT-bct-L1-NMBlocking-1.16.1-1576 (25183784)
LIBXSMM_TARGET: clx
Registry and code: 13 MB
Uptime: 2.133057 s

LIBXSMM_VERSION: RT-bct-L1-NMBlocking-1.16.1-1576 (25183784)
LIBXSMM_TARGET: clx
Registry and code: 13 MB
Uptime: 4.090705 s

LIBXSMM_VERSION: RT-bct-L1-NMBlocking-1.16.1-1576 (25183784)
LIBXSMM_TARGET: clx
Registry and code: 13 MB
Uptime: 4.461286 s

LIBXSMM_VERSION: RT-bct-L1-NMBlocking-1.16.1-1576 (25183784)
LIBXSMM_TARGET: clx
Registry and code: 13 MB
Uptime: 4.062311 s

LIBXSMM_VERSION: RT-bct-L1-NMBlocking-1.16.1-1576 (25183784)
LIBXSMM_TARGET: clx
Registry and code: 13 MB
Uptime: 4.155896 s

LIBXSMM_VERSION: RT-bct-L1-NMBlocking-1.16.1-1576 (25183784)
LIBXSMM_TARGET: clx
Registry and code: 13 MB
Uptime: 0.767179 s

LIBXSMM_VERSION: RT-bct-L1-NMBlocking-1.16.1-1576 (25183784)
LIBXSMM_TARGET: clx
Registry and code: 13 MB
Uptime: 0.751638 s

LIBXSMM_VERSION: RT-bct-L1-NMBlocking-1.16.1-1576 (25183784)
LIBXSMM_TARGET: clx
Registry and code: 13 MB
Uptime: 0.734408 s

LIBXSMM_VERSION: RT-bct-L1-NMBlocking-1.16.1-1576 (25183784)
LIBXSMM_TARGET: clx
Registry and code: 13 MB
Uptime: 0.685652 s

LIBXSMM_VERSION: RT-bct-L1-NMBlocking-1.16.1-1576 (25183784)
LIBXSMM_TARGET: clx
Registry and code: 13 MB
Uptime: 0.740403 s

LIBXSMM_VERSION: RT-bct-L1-NMBlocking-1.16.1-1576 (25183784)
LIBXSMM_TARGET: clx
Registry and code: 13 MB
Uptime: 0.729885 s

LIBXSMM_VERSION: RT-bct-L1-NMBlocking-1.16.1-1576 (25183784)
LIBXSMM_TARGET: clx
Registry and code: 13 MB
Uptime: 0.743133 s

LIBXSMM_VERSION: RT-bct-L1-NMBlocking-1.16.1-1576 (25183784)
LIBXSMM_TARGET: clx
Registry and code: 13 MB
Uptime: 0.688079 s

LIBXSMM_VERSION: RT-bct-L1-NMBlocking-1.16.1-1576 (25183784)
LIBXSMM_TARGET: clx
Registry and code: 13 MB
Uptime: 0.752072 s

LIBXSMM_VERSION: RT-bct-L1-NMBlocking-1.16.1-1576 (25183784)
LIBXSMM_TARGET: clx
Registry and code: 13 MB
Uptime: 0.728767 s

LIBXSMM_VERSION: RT-bct-L1-NMBlocking-1.16.1-1576 (25183784)
LIBXSMM_TARGET: clx
Registry and code: 13 MB
Uptime: 0.730439 s

LIBXSMM_VERSION: RT-bct-L1-NMBlocking-1.16.1-1576 (25183784)
LIBXSMM_TARGET: clx
Registry and code: 13 MB
Uptime: 0.693259 s

LIBXSMM_VERSION: RT-bct-L1-NMBlocking-1.16.1-1576 (25183784)
LIBXSMM_TARGET: clx
Registry and code: 13 MB
Uptime: 0.748003 s

LIBXSMM_VERSION: RT-bct-L1-NMBlocking-1.16.1-1576 (25183784)
LIBXSMM_TARGET: clx
Registry and code: 13 MB
Uptime: 0.755188 s

LIBXSMM_VERSION: RT-bct-L1-NMBlocking-1.16.1-1576 (25183784)
LIBXSMM_TARGET: clx
Registry and code: 13 MB
Uptime: 0.726243 s

LIBXSMM_VERSION: RT-bct-L1-NMBlocking-1.16.1-1576 (25183784)
LIBXSMM_TARGET: clx
Registry and code: 13 MB
Uptime: 0.687914 s

LIBXSMM_VERSION: RT-bct-L1-NMBlocking-1.16.1-1576 (25183784)
LIBXSMM_TARGET: clx
Registry and code: 13 MB
Uptime: 0.739958 s

LIBXSMM_VERSION: RT-bct-L1-NMBlocking-1.16.1-1576 (25183784)
LIBXSMM_TARGET: clx
Registry and code: 13 MB
Uptime: 0.750423 s

LIBXSMM_VERSION: RT-bct-L1-NMBlocking-1.16.1-1576 (25183784)
LIBXSMM_TARGET: clx
Registry and code: 13 MB
Uptime: 0.702771 s

LIBXSMM_VERSION: RT-bct-L1-NMBlocking-1.16.1-1576 (25183784)
LIBXSMM_TARGET: clx
Registry and code: 13 MB
Uptime: 0.676835 s

LIBXSMM_VERSION: RT-bct-L1-NMBlocking-1.16.1-1576 (25183784)
LIBXSMM_TARGET: clx
Registry and code: 13 MB
Uptime: 0.746281 s

LIBXSMM_VERSION: RT-bct-L1-NMBlocking-1.16.1-1576 (25183784)
LIBXSMM_TARGET: clx
Registry and code: 13 MB
Uptime: 0.728423 s

LIBXSMM_VERSION: RT-bct-L1-NMBlocking-1.16.1-1576 (25183784)
LIBXSMM_TARGET: clx
Registry and code: 13 MB
Uptime: 0.758760 s

LIBXSMM_VERSION: RT-bct-L1-NMBlocking-1.16.1-1576 (25183784)
LIBXSMM_TARGET: clx
Registry and code: 13 MB
Uptime: 0.696491 s

LIBXSMM_VERSION: RT-bct-L1-NMBlocking-1.16.1-1576 (25183784)
LIBXSMM_TARGET: clx
Registry and code: 13 MB
Uptime: 0.716304 s

LIBXSMM_VERSION: RT-bct-L1-NMBlocking-1.16.1-1576 (25183784)
LIBXSMM_TARGET: clx
Registry and code: 13 MB
Uptime: 0.731923 s

LIBXSMM_VERSION: RT-bct-L1-NMBlocking-1.16.1-1576 (25183784)
LIBXSMM_TARGET: clx
Registry and code: 13 MB
Uptime: 0.717336 s

LIBXSMM_VERSION: RT-bct-L1-NMBlocking-1.16.1-1576 (25183784)
LIBXSMM_TARGET: clx
Registry and code: 13 MB
Uptime: 0.665783 s

LIBXSMM_VERSION: RT-bct-L1-NMBlocking-1.16.1-1576 (25183784)
LIBXSMM_TARGET: clx
Registry and code: 13 MB
Uptime: 0.754331 s

LIBXSMM_VERSION: RT-bct-L1-NMBlocking-1.16.1-1576 (25183784)
LIBXSMM_TARGET: clx
Registry and code: 13 MB
Uptime: 0.750025 s

LIBXSMM_VERSION: RT-bct-L1-NMBlocking-1.16.1-1576 (25183784)
LIBXSMM_TARGET: clx
Registry and code: 13 MB
Uptime: 0.731072 s

LIBXSMM_VERSION: RT-bct-L1-NMBlocking-1.16.1-1576 (25183784)
LIBXSMM_TARGET: clx
Registry and code: 13 MB
Uptime: 0.682163 s

LIBXSMM_VERSION: RT-bct-L1-NMBlocking-1.16.1-1576 (25183784)
LIBXSMM_TARGET: clx
Registry and code: 13 MB
Uptime: 0.754476 s

LIBXSMM_VERSION: RT-bct-L1-NMBlocking-1.16.1-1576 (25183784)
LIBXSMM_TARGET: clx
Registry and code: 13 MB
Uptime: 0.757529 s

LIBXSMM_VERSION: RT-bct-L1-NMBlocking-1.16.1-1576 (25183784)
LIBXSMM_TARGET: clx
Registry and code: 13 MB
Uptime: 0.749029 s

LIBXSMM_VERSION: RT-bct-L1-NMBlocking-1.16.1-1576 (25183784)
LIBXSMM_TARGET: clx
Registry and code: 13 MB
Uptime: 0.673893 s

LIBXSMM_VERSION: RT-bct-L1-NMBlocking-1.16.1-1576 (25183784)
LIBXSMM_TARGET: clx
Registry and code: 13 MB
Uptime: 0.732475 s

LIBXSMM_VERSION: RT-bct-L1-NMBlocking-1.16.1-1576 (25183784)
LIBXSMM_TARGET: clx
Registry and code: 13 MB
Uptime: 0.726549 s

LIBXSMM_VERSION: RT-bct-L1-NMBlocking-1.16.1-1576 (25183784)
LIBXSMM_TARGET: clx
Registry and code: 13 MB
Uptime: 0.734844 s

LIBXSMM_VERSION: RT-bct-L1-NMBlocking-1.16.1-1576 (25183784)
LIBXSMM_TARGET: clx
Registry and code: 13 MB
Uptime: 0.684136 s

LIBXSMM_VERSION: RT-bct-L1-NMBlocking-1.16.1-1576 (25183784)
LIBXSMM_TARGET: clx
Registry and code: 13 MB
Uptime: 0.736628 s

LIBXSMM_VERSION: RT-bct-L1-NMBlocking-1.16.1-1576 (25183784)
LIBXSMM_TARGET: clx
Registry and code: 13 MB
Uptime: 0.735186 s

LIBXSMM_VERSION: RT-bct-L1-NMBlocking-1.16.1-1576 (25183784)
LIBXSMM_TARGET: clx
Registry and code: 13 MB
Uptime: 0.764205 s

LIBXSMM_VERSION: RT-bct-L1-NMBlocking-1.16.1-1576 (25183784)
LIBXSMM_TARGET: clx
Registry and code: 13 MB
Uptime: 0.692852 s

LIBXSMM_VERSION: RT-bct-L1-NMBlocking-1.16.1-1576 (25183784)
LIBXSMM_TARGET: clx
Registry and code: 13 MB
Uptime: 0.748528 s

LIBXSMM_VERSION: RT-bct-L1-NMBlocking-1.16.1-1576 (25183784)
LIBXSMM_TARGET: clx
Registry and code: 13 MB
Uptime: 0.752105 s

LIBXSMM_VERSION: RT-bct-L1-NMBlocking-1.16.1-1576 (25183784)
LIBXSMM_TARGET: clx
Registry and code: 13 MB
Uptime: 0.709310 s

LIBXSMM_VERSION: RT-bct-L1-NMBlocking-1.16.1-1576 (25183784)
LIBXSMM_TARGET: clx
Registry and code: 13 MB
Uptime: 0.668332 s

LIBXSMM_VERSION: RT-bct-L1-NMBlocking-1.16.1-1576 (25183784)
LIBXSMM_TARGET: clx
Registry and code: 13 MB
Uptime: 0.748415 s

LIBXSMM_VERSION: RT-bct-L1-NMBlocking-1.16.1-1576 (25183784)
LIBXSMM_TARGET: clx
Registry and code: 13 MB
Uptime: 0.760979 s

LIBXSMM_VERSION: RT-bct-L1-NMBlocking-1.16.1-1576 (25183784)
LIBXSMM_TARGET: clx
Registry and code: 13 MB
Uptime: 0.755701 s

LIBXSMM_VERSION: RT-bct-L1-NMBlocking-1.16.1-1576 (25183784)
LIBXSMM_TARGET: clx
Registry and code: 13 MB
Uptime: 0.694343 s

LIBXSMM_VERSION: RT-bct-L1-NMBlocking-1.16.1-1576 (25183784)
LIBXSMM_TARGET: clx
Registry and code: 13 MB
Uptime: 0.728197 s

LIBXSMM_VERSION: RT-bct-L1-NMBlocking-1.16.1-1576 (25183784)
LIBXSMM_TARGET: clx
Registry and code: 13 MB
Uptime: 0.736204 s

LIBXSMM_VERSION: RT-bct-L1-NMBlocking-1.16.1-1576 (25183784)
LIBXSMM_TARGET: clx
Registry and code: 13 MB
Uptime: 0.729677 s

LIBXSMM_VERSION: RT-bct-L1-NMBlocking-1.16.1-1576 (25183784)
LIBXSMM_TARGET: clx
Registry and code: 13 MB
Uptime: 0.686519 s

LIBXSMM_VERSION: RT-bct-L1-NMBlocking-1.16.1-1576 (25183784)
LIBXSMM_TARGET: clx
Registry and code: 13 MB
Uptime: 0.746045 s

LIBXSMM_VERSION: RT-bct-L1-NMBlocking-1.16.1-1576 (25183784)
LIBXSMM_TARGET: clx
Registry and code: 13 MB
Uptime: 0.737593 s

LIBXSMM_VERSION: RT-bct-L1-NMBlocking-1.16.1-1576 (25183784)
LIBXSMM_TARGET: clx
Registry and code: 13 MB
Uptime: 0.722120 s

LIBXSMM_VERSION: RT-bct-L1-NMBlocking-1.16.1-1576 (25183784)
LIBXSMM_TARGET: clx
Registry and code: 13 MB
Uptime: 0.685479 s

LIBXSMM_VERSION: RT-bct-L1-NMBlocking-1.16.1-1576 (25183784)
LIBXSMM_TARGET: clx
Registry and code: 13 MB
Uptime: 0.699512 s

LIBXSMM_VERSION: RT-bct-L1-NMBlocking-1.16.1-1576 (25183784)
LIBXSMM_TARGET: clx
Registry and code: 13 MB
Uptime: 0.725524 s

LIBXSMM_VERSION: RT-bct-L1-NMBlocking-1.16.1-1576 (25183784)
LIBXSMM_TARGET: clx
Registry and code: 13 MB
Uptime: 0.722166 s

LIBXSMM_VERSION: RT-bct-L1-NMBlocking-1.16.1-1576 (25183784)
LIBXSMM_TARGET: clx
Registry and code: 13 MB
Uptime: 0.693527 s
Finished running in 64.35423333333333ms
Generating and Compiling data/synth_mats_wider/vary_row/q_64/r_1024_c_128_p_0.05_uniq_64.txt
Running data/synth_mats_wider/vary_row/q_64/r_1024_c_128_p_0.05_uniq_64.txt
Finished running in 460.75969999999995ms
Generating and Compiling data/synth_mats_wider/vary_row/q_256/r_64_c_128_p_0.05_uniq_256.txt
Running data/synth_mats_wider/vary_row/q_256/r_64_c_128_p_0.05_uniq_256.txt
Finished running in 46.1697ms
Generating and Compiling data/synth_mats_wider/vary_row/q_256/r_128_c_128_p_0.05_uniq_256.txt
Running data/synth_mats_wider/vary_row/q_256/r_128_c_128_p_0.05_uniq_256.txt
Finished running in 68.24046666666666ms
Generating and Compiling data/synth_mats_wider/vary_row/q_256/r_256_c_128_p_0.05_uniq_256.txt
Running data/synth_mats_wider/vary_row/q_256/r_256_c_128_p_0.05_uniq_256.txt
Finished running in 113.34486666666666ms
Generating and Compiling data/synth_mats_wider/vary_row/q_256/r_512_c_128_p_0.05_uniq_256.txt
Running data/synth_mats_wider/vary_row/q_256/r_512_c_128_p_0.05_uniq_256.txt
Finished running in 190.04953333333333ms
Generating and Compiling data/synth_mats_wider/vary_row/q_256/r_1024_c_128_p_0.05_uniq_256.txt
Running data/synth_mats_wider/vary_row/q_256/r_1024_c_128_p_0.05_uniq_256.txt
Finished running in 461.8756ms
Generating and Compiling data/synth_mats_wider/vary_unique/r_128_c_128_p_0.05_uniq_16.txt
Running data/synth_mats_wider/vary_unique/r_128_c_128_p_0.05_uniq_16.txt
Finished running in 18.998299999999997ms
Generating and Compiling data/synth_mats_wider/vary_unique/r_128_c_128_p_0.05_uniq_32.txt
Running data/synth_mats_wider/vary_unique/r_128_c_128_p_0.05_uniq_32.txt
Finished running in 18.24863333333333ms
Generating and Compiling data/synth_mats_wider/vary_unique/r_128_c_128_p_0.05_uniq_48.txt
Running data/synth_mats_wider/vary_unique/r_128_c_128_p_0.05_uniq_48.txt
Finished running in 18.294733333333333ms
Generating and Compiling data/synth_mats_wider/vary_unique/r_128_c_128_p_0.05_uniq_64.txt
Running data/synth_mats_wider/vary_unique/r_128_c_128_p_0.05_uniq_64.txt
Finished running in 18.799433333333333ms
Generating and Compiling data/synth_mats_wider/vary_unique/r_128_c_128_p_0.05_uniq_80.txt
Running data/synth_mats_wider/vary_unique/r_128_c_128_p_0.05_uniq_80.txt
Finished running in 17.8398ms
Generating and Compiling data/synth_mats_wider/vary_unique/r_128_c_128_p_0.05_uniq_96.txt
Running data/synth_mats_wider/vary_unique/r_128_c_128_p_0.05_uniq_96.txt
Finished running in 19.167466666666666ms
Generating and Compiling data/synth_mats_wider/vary_unique/r_128_c_128_p_0.05_uniq_112.txt
Running data/synth_mats_wider/vary_unique/r_128_c_128_p_0.05_uniq_112.txt
Finished running in 17.964166666666664ms
Generating and Compiling data/synth_mats_wider/vary_unique/r_128_c_128_p_0.05_uniq_128.txt
Running data/synth_mats_wider/vary_unique/r_128_c_128_p_0.05_uniq_128.txt
Finished running in 18.765333333333334ms
Generating and Compiling data/synth_mats_wider/vary_unique/r_128_c_128_p_0.05_uniq_144.txt
Running data/synth_mats_wider/vary_unique/r_128_c_128_p_0.05_uniq_144.txt
Finished running in 18.803633333333334ms
Generating and Compiling data/synth_mats_wider/vary_unique/r_128_c_128_p_0.05_uniq_160.txt
Running data/synth_mats_wider/vary_unique/r_128_c_128_p_0.05_uniq_160.txt
Finished running in 17.7223ms
Generating and Compiling data/synth_mats_wider/vary_unique/r_128_c_128_p_0.05_uniq_176.txt
Running data/synth_mats_wider/vary_unique/r_128_c_128_p_0.05_uniq_176.txt
Finished running in 19.742366666666666ms
Generating and Compiling data/synth_mats_wider/vary_unique/r_128_c_128_p_0.05_uniq_192.txt
Running data/synth_mats_wider/vary_unique/r_128_c_128_p_0.05_uniq_192.txt
Finished running in 18.715733333333333ms
Generating and Compiling data/synth_mats_wider/vary_unique/r_128_c_128_p_0.05_uniq_208.txt
Running data/synth_mats_wider/vary_unique/r_128_c_128_p_0.05_uniq_208.txt
Finished running in 19.479100000000003ms
Generating and Compiling data/synth_mats_wider/vary_unique/r_128_c_128_p_0.05_uniq_224.txt
Running data/synth_mats_wider/vary_unique/r_128_c_128_p_0.05_uniq_224.txt
Finished running in 18.45403333333333ms
Generating and Compiling data/synth_mats_wider/vary_unique/r_128_c_128_p_0.05_uniq_240.txt
Running data/synth_mats_wider/vary_unique/r_128_c_128_p_0.05_uniq_240.txt
Finished running in 22.488ms
Generating and Compiling data/synth_mats_wider/vary_unique/r_128_c_128_p_0.05_uniq_256.txt
Running data/synth_mats_wider/vary_unique/r_128_c_128_p_0.05_uniq_256.txt
Finished running in 68.084ms
Traceback (most recent call last):
  File "src/benchmark/benchmark.py", line 162, in <module>
    print("Average speedup (best) of custom over reference {}".format(sum(speedups_best_over_ref)/len(speedups_best_over_ref)))
TypeError: unsupported operand type(s) for +: 'int' and 'NoneType'
