In file included from src/benchmark/xsmm_reference.c:16:
src/benchmark/xsmm_common.h: In function 'prepare_benchmark':
src/benchmark/xsmm_common.h:304:29: warning: assignment to 'libxsmm_gemmfunction' {aka 'void (*)(const libxsmm_gemm_param *)'} from incompatible pointer type 'libxsmm_dmmfunction' {aka 'void (*)(const double *, const double *, double *)'} [-Wincompatible-pointer-types]
  304 |     (*dense_handle)->kernel = libxsmm_dmmdispatch(
      |                             ^
src/benchmark/xsmm_common.h: In function 'prepare_benchmark_SP':
src/benchmark/xsmm_common.h:382:29: warning: assignment to 'libxsmm_gemmfunction' {aka 'void (*)(const libxsmm_gemm_param *)'} from incompatible pointer type 'libxsmm_smmfunction' {aka 'void (*)(const float *, const float *, float *)'} [-Wincompatible-pointer-types]
  382 |     (*dense_handle)->kernel = libxsmm_smmdispatch(
      |                             ^
In file included from src/benchmark/xsmm_custom.c:16:
src/benchmark/xsmm_common.h: In function 'prepare_benchmark':
src/benchmark/xsmm_common.h:304:29: warning: assignment to 'libxsmm_gemmfunction' {aka 'void (*)(const libxsmm_gemm_param *)'} from incompatible pointer type 'libxsmm_dmmfunction' {aka 'void (*)(const double *, const double *, double *)'} [-Wincompatible-pointer-types]
  304 |     (*dense_handle)->kernel = libxsmm_dmmdispatch(
      |                             ^
src/benchmark/xsmm_common.h: In function 'prepare_benchmark_SP':
src/benchmark/xsmm_common.h:382:29: warning: assignment to 'libxsmm_gemmfunction' {aka 'void (*)(const libxsmm_gemm_param *)'} from incompatible pointer type 'libxsmm_smmfunction' {aka 'void (*)(const float *, const float *, float *)'} [-Wincompatible-pointer-types]
  382 |     (*dense_handle)->kernel = libxsmm_smmdispatch(
      |                             ^
LIBXSMM WARNING: timer is maybe not cycle-accurate!

LIBXSMM_VERSION: m1_amx-1.8.2-7555 (21011843)
APPL_M1/DP    TRY    JIT    STA    COL
   0..13      1      0      0      0 
  14..23      0      0      0      0 
  24..64      0      0      0      0 
Registry and code: 13 MB
Uptime: 0.007854 s
LIBXSMM WARNING: timer is maybe not cycle-accurate!

LIBXSMM_VERSION: m1_amx-1.8.2-7555 (21011843)
APPL_M1/DP    TRY    JIT    STA    COL
   0..13      1      0      0      0 
  14..23      0      0      0      0 
  24..64      0      0      0      0 
Registry and code: 13 MB
Uptime: 0.004786 s
LIBXSMM WARNING: timer is maybe not cycle-accurate!

LIBXSMM_VERSION: m1_amx-1.8.2-7555 (21011843)
APPL_M1/DP    TRY    JIT    STA    COL
   0..13      0      0      0      0 
  14..23      1      0      0      0 
  24..64      0      0      0      0 
Registry and code: 13 MB
Uptime: 0.004928 s
LIBXSMM WARNING: timer is maybe not cycle-accurate!

LIBXSMM_VERSION: m1_amx-1.8.2-7555 (21011843)
APPL_M1/DP    TRY    JIT    STA    COL
   0..13      1      0      0      0 
  14..23      0      0      0      0 
  24..64      0      0      0      0 
Registry and code: 13 MB
Uptime: 0.004849 s
LIBXSMM WARNING: timer is maybe not cycle-accurate!

LIBXSMM_VERSION: m1_amx-1.8.2-7555 (21011843)
APPL_M1/DP    TRY    JIT    STA    COL
   0..13      1      0      0      0 
  14..23      0      0      0      0 
  24..64      0      0      0      0 
Registry and code: 13 MB
Uptime: 0.003882 s
LIBXSMM WARNING: timer is maybe not cycle-accurate!

LIBXSMM_VERSION: m1_amx-1.8.2-7555 (21011843)
APPL_M1/DP    TRY    JIT    STA    COL
   0..13      0      0      0      0 
  14..23      1      0      0      0 
  24..64      0      0      0      0 
Registry and code: 13 MB
Uptime: 0.009307 s
LIBXSMM WARNING: timer is maybe not cycle-accurate!

LIBXSMM_VERSION: m1_amx-1.8.2-7555 (21011843)
APPL_M1/DP    TRY    JIT    STA    COL
   0..13      0      0      0      0 
  14..23      1      0      0      0 
  24..64      0      0      0      0 
Registry and code: 13 MB
Uptime: 0.009638 s
LIBXSMM WARNING: timer is maybe not cycle-accurate!

LIBXSMM_VERSION: m1_amx-1.8.2-7555 (21011843)
APPL_M1/DP    TRY    JIT    STA    COL
   0..13      0      0      0      0 
  14..23      0      0      0      0 
  24..64      1      0      0      0 
Registry and code: 13 MB
Uptime: 0.011159 s
LIBXSMM WARNING: timer is maybe not cycle-accurate!

LIBXSMM_VERSION: m1_amx-1.8.2-7555 (21011843)
APPL_M1/DP    TRY    JIT    STA    COL
   0..13      0      0      0      0 
  14..23      0      0      0      0 
  24..64      1      0      0      0 
Registry and code: 13 MB
Uptime: 0.012708 s
LIBXSMM WARNING: timer is maybe not cycle-accurate!

LIBXSMM_VERSION: m1_amx-1.8.2-7555 (21011843)
APPL_M1/DP    TRY    JIT    STA    COL
   0..13      0      0      0      0 
  14..23      0      0      0      0 
  24..64      1      0      0      0 
Registry and code: 13 MB
Uptime: 0.009214 s
LIBXSMM WARNING: timer is maybe not cycle-accurate!

LIBXSMM_VERSION: m1_amx-1.8.2-7555 (21011843)
APPL_M1/DP    TRY    JIT    STA    COL
   0..13      0      0      0      0 
  14..23      1      0      0      0 
  24..64      0      0      0      0 
Registry and code: 13 MB
Uptime: 0.006936 s
LIBXSMM WARNING: timer is maybe not cycle-accurate!

LIBXSMM_VERSION: m1_amx-1.8.2-7555 (21011843)
APPL_M1/DP    TRY    JIT    STA    COL
   0..13      0      0      0      0 
  14..23      1      0      0      0 
  24..64      0      0      0      0 
Registry and code: 13 MB
Uptime: 0.009545 s
LIBXSMM WARNING: timer is maybe not cycle-accurate!

LIBXSMM_VERSION: m1_amx-1.8.2-7555 (21011843)
APPL_M1/DP    TRY    JIT    STA    COL
   0..13      0      0      0      0 
  14..23      0      0      0      0 
  24..64      1      0      0      0 
Registry and code: 13 MB
Uptime: 0.011130 s
LIBXSMM WARNING: timer is maybe not cycle-accurate!

LIBXSMM_VERSION: m1_amx-1.8.2-7555 (21011843)
APPL_M1/DP    TRY    JIT    STA    COL
   0..13      0      0      0      0 
  14..23      0      0      0      0 
  24..64      1      0      0      0 
Registry and code: 13 MB
Uptime: 0.012441 s
LIBXSMM WARNING: timer is maybe not cycle-accurate!

LIBXSMM_VERSION: m1_amx-1.8.2-7555 (21011843)
APPL_M1/DP    TRY    JIT    STA    COL
   0..13      0      0      0      0 
  14..23      0      0      0      0 
  24..64      1      0      0      0 
Registry and code: 13 MB
Uptime: 0.009418 s
LIBXSMM WARNING: timer is maybe not cycle-accurate!

LIBXSMM_VERSION: m1_amx-1.8.2-7555 (21011843)
APPL_M1/DP    TRY    JIT    STA    COL
   0..13      0      0      0      0 
  14..23      0      0      0      0 
  24..64      1      0      0      0 
Registry and code: 13 MB
Uptime: 0.012937 s
LIBXSMM WARNING: timer is maybe not cycle-accurate!

LIBXSMM_VERSION: m1_amx-1.8.2-7555 (21011843)
APPL_M1/DP    TRY    JIT    STA    COL
   0..13      0      0      0      0 
  14..23      0      0      0      0 
  24..64      1      0      0      0 
Registry and code: 13 MB
Uptime: 0.021172 s
LIBXSMM WARNING: timer is maybe not cycle-accurate!

LIBXSMM_VERSION: m1_amx-1.8.2-7555 (21011843)
APPL_M1/DP    TRY    JIT    STA    COL
   0..13      0      0      0      0 
  14..23      0      0      0      0 
  24..64      1      0      0      0 
Registry and code: 13 MB
Uptime: 0.031559 s
LIBXSMM WARNING: timer is maybe not cycle-accurate!

LIBXSMM_VERSION: m1_amx-1.8.2-7555 (21011843)
APPL_M1/DP    TRY    JIT    STA    COL
   0..13      0      0      0      0 
  14..23      0      0      0      0 
  24..64      1      0      0      0 
Registry and code: 13 MB
Uptime: 0.040862 s
LIBXSMM WARNING: timer is maybe not cycle-accurate!

LIBXSMM_VERSION: m1_amx-1.8.2-7555 (21011843)
APPL_M1/DP    TRY    JIT    STA    COL
   0..13      0      0      0      0 
  14..23      0      0      0      0 
  24..64      1      0      0      0 
Registry and code: 13 MB
Uptime: 0.027522 s
LIBXSMM WARNING: timer is maybe not cycle-accurate!

LIBXSMM_VERSION: m1_amx-1.8.2-7555 (21011843)
APPL_M1/DP    TRY    JIT    STA    COL
   0..13      0      0      0      0 
  14..23      0      0      0      0 
  24..64      1      0      0      0 
Registry and code: 13 MB
Uptime: 0.015126 s
LIBXSMM WARNING: timer is maybe not cycle-accurate!

LIBXSMM_VERSION: m1_amx-1.8.2-7555 (21011843)
APPL_M1/DP    TRY    JIT    STA    COL
   0..13      0      0      0      0 
  14..23      0      0      0      0 
  24..64      1      0      0      0 
Registry and code: 13 MB
Uptime: 0.021083 s
LIBXSMM WARNING: timer is maybe not cycle-accurate!

LIBXSMM_VERSION: m1_amx-1.8.2-7555 (21011843)
APPL_M1/DP    TRY    JIT    STA    COL
   0..13      0      0      0      0 
  14..23      0      0      0      0 
  24..64      1      0      0      0 
Registry and code: 13 MB
Uptime: 0.030798 s
LIBXSMM WARNING: timer is maybe not cycle-accurate!

LIBXSMM_VERSION: m1_amx-1.8.2-7555 (21011843)
APPL_M1/DP    TRY    JIT    STA    COL
   0..13      0      0      0      0 
  14..23      0      0      0      0 
  24..64      1      0      0      0 
Registry and code: 13 MB
Uptime: 0.043350 s
LIBXSMM WARNING: timer is maybe not cycle-accurate!

LIBXSMM_VERSION: m1_amx-1.8.2-7555 (21011843)
APPL_M1/DP    TRY    JIT    STA    COL
   0..13      0      0      0      0 
  14..23      0      0      0      0 
  24..64      1      0      0      0 
Registry and code: 13 MB
Uptime: 0.025938 s
LIBXSMM WARNING: timer is maybe not cycle-accurate!

LIBXSMM_VERSION: m1_amx-1.8.2-7555 (21011843)
APPL_M1/DP    TRY    JIT    STA    COL
   0..13      0      0      0      0 
  14..23      0      0      0      0 
  24..64      1      0      0      0 
Registry and code: 13 MB
Uptime: 0.027887 s
LIBXSMM WARNING: timer is maybe not cycle-accurate!

LIBXSMM_VERSION: m1_amx-1.8.2-7555 (21011843)
APPL_M1/DP    TRY    JIT    STA    COL
   0..13      0      0      0      0 
  14..23      0      0      0      0 
  24..64      1      0      0      0 
Registry and code: 13 MB
Uptime: 0.041682 s
LIBXSMM WARNING: timer is maybe not cycle-accurate!

LIBXSMM_VERSION: m1_amx-1.8.2-7555 (21011843)
APPL_M1/DP    TRY    JIT    STA    COL
   0..13      0      0      0      0 
  14..23      0      0      0      0 
  24..64      0      0      0      0 
    > 64      1      0      0      0 
Registry and code: 13 MB
Uptime: 0.068000 s
LIBXSMM WARNING: timer is maybe not cycle-accurate!

LIBXSMM_VERSION: m1_amx-1.8.2-7555 (21011843)
APPL_M1/DP    TRY    JIT    STA    COL
   0..13      0      0      0      0 
  14..23      0      0      0      0 
  24..64      0      0      0      0 
    > 64      1      0      0      0 
Registry and code: 13 MB
Uptime: 0.125269 s
LIBXSMM WARNING: timer is maybe not cycle-accurate!

LIBXSMM_VERSION: m1_amx-1.8.2-7555 (21011843)
APPL_M1/DP    TRY    JIT    STA    COL
   0..13      0      0      0      0 
  14..23      0      0      0      0 
  24..64      0      0      0      0 
    > 64      1      0      0      0 
Registry and code: 13 MB
Uptime: 0.078056 s
LIBXSMM WARNING: timer is maybe not cycle-accurate!

LIBXSMM_VERSION: m1_amx-1.8.2-7555 (21011843)
APPL_M1/DP    TRY    JIT    STA    COL
   0..13      0      0      0      0 
  14..23      0      0      0      0 
  24..64      1      0      0      0 
Registry and code: 13 MB
Uptime: 0.032793 s
LIBXSMM WARNING: timer is maybe not cycle-accurate!

LIBXSMM_VERSION: m1_amx-1.8.2-7555 (21011843)
APPL_M1/DP    TRY    JIT    STA    COL
   0..13      0      0      0      0 
  14..23      0      0      0      0 
  24..64      1      0      0      0 
Registry and code: 13 MB
Uptime: 0.041801 s
LIBXSMM WARNING: timer is maybe not cycle-accurate!

LIBXSMM_VERSION: m1_amx-1.8.2-7555 (21011843)
APPL_M1/DP    TRY    JIT    STA    COL
   0..13      0      0      0      0 
  14..23      0      0      0      0 
  24..64      0      0      0      0 
    > 64      1      0      0      0 
Registry and code: 13 MB
Uptime: 0.068829 s
LIBXSMM WARNING: timer is maybe not cycle-accurate!

LIBXSMM_VERSION: m1_amx-1.8.2-7555 (21011843)
APPL_M1/DP    TRY    JIT    STA    COL
   0..13      0      0      0      0 
  14..23      0      0      0      0 
  24..64      0      0      0      0 
    > 64      1      0      0      0 
Registry and code: 13 MB
Uptime: 0.129433 s
LIBXSMM WARNING: timer is maybe not cycle-accurate!

LIBXSMM_VERSION: m1_amx-1.8.2-7555 (21011843)
APPL_M1/DP    TRY    JIT    STA    COL
   0..13      0      0      0      0 
  14..23      0      0      0      0 
  24..64      0      0      0      0 
    > 64      1      0      0      0 
Registry and code: 13 MB
Uptime: 0.070542 s
LIBXSMM WARNING: timer is maybe not cycle-accurate!

LIBXSMM_VERSION: m1_amx-1.8.2-7555 (21011843)
APPL_M1/DP    TRY    JIT    STA    COL
   0..13      0      0      0      0 
  14..23      0      0      0      0 
  24..64      0      0      0      0 
    > 64      1      0      0      0 
Registry and code: 13 MB
Uptime: 0.054271 s
LIBXSMM WARNING: timer is maybe not cycle-accurate!

LIBXSMM_VERSION: m1_amx-1.8.2-7555 (21011843)
APPL_M1/DP    TRY    JIT    STA    COL
   0..13      0      0      0      0 
  14..23      0      0      0      0 
  24..64      0      0      0      0 
    > 64      1      0      0      0 
Registry and code: 13 MB
Uptime: 0.083096 s
LIBXSMM WARNING: timer is maybe not cycle-accurate!

LIBXSMM_VERSION: m1_amx-1.8.2-7555 (21011843)
APPL_M1/DP    TRY    JIT    STA    COL
   0..13      0      0      0      0 
  14..23      0      0      0      0 
  24..64      0      0      0      0 
    > 64      1      0      0      0 
Registry and code: 13 MB
Uptime: 0.151431 s
LIBXSMM WARNING: timer is maybe not cycle-accurate!

LIBXSMM_VERSION: m1_amx-1.8.2-7555 (21011843)
APPL_M1/DP    TRY    JIT    STA    COL
   0..13      0      0      0      0 
  14..23      0      0      0      0 
  24..64      0      0      0      0 
    > 64      1      0      0      0 
Registry and code: 13 MB
Uptime: 0.277999 s
LIBXSMM WARNING: timer is maybe not cycle-accurate!

LIBXSMM_VERSION: m1_amx-1.8.2-7555 (21011843)
APPL_M1/DP    TRY    JIT    STA    COL
   0..13      0      0      0      0 
  14..23      0      0      0      0 
  24..64      0      0      0      0 
    > 64      1      0      0      0 
Registry and code: 13 MB
Uptime: 0.214692 s
LIBXSMM WARNING: timer is maybe not cycle-accurate!

LIBXSMM_VERSION: m1_amx-1.8.2-7555 (21011843)
APPL_M1/DP    TRY    JIT    STA    COL
   0..13      0      0      0      0 
  14..23      0      0      0      0 
  24..64      0      0      0      0 
    > 64      1      0      0      0 
Registry and code: 13 MB
Uptime: 0.079325 s
LIBXSMM WARNING: timer is maybe not cycle-accurate!

LIBXSMM_VERSION: m1_amx-1.8.2-7555 (21011843)
APPL_M1/DP    TRY    JIT    STA    COL
   0..13      0      0      0      0 
  14..23      0      0      0      0 
  24..64      0      0      0      0 
    > 64      1      0      0      0 
Registry and code: 13 MB
Uptime: 0.083785 s
LIBXSMM WARNING: timer is maybe not cycle-accurate!

LIBXSMM_VERSION: m1_amx-1.8.2-7555 (21011843)
APPL_M1/DP    TRY    JIT    STA    COL
   0..13      0      0      0      0 
  14..23      0      0      0      0 
  24..64      0      0      0      0 
    > 64      1      0      0      0 
Registry and code: 13 MB
Uptime: 0.151329 s
LIBXSMM WARNING: timer is maybe not cycle-accurate!

LIBXSMM_VERSION: m1_amx-1.8.2-7555 (21011843)
APPL_M1/DP    TRY    JIT    STA    COL
   0..13      0      0      0      0 
  14..23      0      0      0      0 
  24..64      0      0      0      0 
    > 64      1      0      0      0 
Registry and code: 13 MB
Uptime: 0.294733 s
LIBXSMM WARNING: timer is maybe not cycle-accurate!

LIBXSMM_VERSION: m1_amx-1.8.2-7555 (21011843)
APPL_M1/DP    TRY    JIT    STA    COL
   0..13      0      0      0      0 
  14..23      0      0      0      0 
  24..64      0      0      0      0 
    > 64      1      0      0      0 
Registry and code: 13 MB
Uptime: 0.178804 s
LIBXSMM WARNING: timer is maybe not cycle-accurate!

LIBXSMM_VERSION: m1_amx-1.8.2-7555 (21011843)
APPL_M1/DP    TRY    JIT    STA    COL
   0..13      0      0      0      0 
  14..23      0      0      0      0 
  24..64      0      0      0      0 
    > 64      1      0      0      0 
Registry and code: 13 MB
Uptime: 0.106811 s
Generating and Compiling data/example_mats/hex/p1/gauss-legendre/m0.txt
Running data/example_mats/hex/p1/gauss-legendre/m0.txt
Finished running in 0.10726666666666666ms
Generating and Compiling data/example_mats/hex/p1/gauss-legendre/m3.txt
Running data/example_mats/hex/p1/gauss-legendre/m3.txt
Finished running in 0.0482ms
Generating and Compiling data/example_mats/hex/p1/gauss-legendre/m6.txt
Running data/example_mats/hex/p1/gauss-legendre/m6.txt
Finished running in 0.046900000000000004ms
Generating and Compiling data/example_mats/hex/p1/gauss-legendre/m132.txt
Running data/example_mats/hex/p1/gauss-legendre/m132.txt
Finished running in 0.047766666666666666ms
Generating and Compiling data/example_mats/hex/p1/gauss-legendre/m460.txt
Running data/example_mats/hex/p1/gauss-legendre/m460.txt
Finished running in 0.035366666666666664ms
Generating and Compiling data/example_mats/hex/p2/gauss-legendre-lobatto/m0.txt
Running data/example_mats/hex/p2/gauss-legendre-lobatto/m0.txt
Finished running in 0.16776666666666668ms
Generating and Compiling data/example_mats/hex/p2/gauss-legendre-lobatto/m3.txt
Running data/example_mats/hex/p2/gauss-legendre-lobatto/m3.txt
Finished running in 0.1497666666666667ms
Generating and Compiling data/example_mats/hex/p2/gauss-legendre-lobatto/m6.txt
Running data/example_mats/hex/p2/gauss-legendre-lobatto/m6.txt
Finished running in 0.1389ms
Generating and Compiling data/example_mats/hex/p2/gauss-legendre-lobatto/m132.txt
Running data/example_mats/hex/p2/gauss-legendre-lobatto/m132.txt
Finished running in 0.20433333333333334ms
Generating and Compiling data/example_mats/hex/p2/gauss-legendre-lobatto/m460.txt
Running data/example_mats/hex/p2/gauss-legendre-lobatto/m460.txt
Finished running in 0.14483333333333331ms
Generating and Compiling data/example_mats/hex/p2/gauss-legendre/m0.txt
Running data/example_mats/hex/p2/gauss-legendre/m0.txt
Finished running in 0.09056666666666667ms
Generating and Compiling data/example_mats/hex/p2/gauss-legendre/m3.txt
Running data/example_mats/hex/p2/gauss-legendre/m3.txt
Finished running in 0.14936666666666668ms
Generating and Compiling data/example_mats/hex/p2/gauss-legendre/m6.txt
Running data/example_mats/hex/p2/gauss-legendre/m6.txt
Finished running in 0.13893333333333333ms
Generating and Compiling data/example_mats/hex/p2/gauss-legendre/m132.txt
Running data/example_mats/hex/p2/gauss-legendre/m132.txt
Finished running in 0.20423333333333332ms
Generating and Compiling data/example_mats/hex/p2/gauss-legendre/m460.txt
Running data/example_mats/hex/p2/gauss-legendre/m460.txt
Finished running in 0.14473333333333332ms
Generating and Compiling data/example_mats/hex/p3/gauss-legendre-lobatto/m0.txt
Running data/example_mats/hex/p3/gauss-legendre-lobatto/m0.txt
Finished running in 0.15556666666666666ms
Generating and Compiling data/example_mats/hex/p3/gauss-legendre-lobatto/m3.txt
Running data/example_mats/hex/p3/gauss-legendre-lobatto/m3.txt
Finished running in 0.38083333333333336ms
Generating and Compiling data/example_mats/hex/p3/gauss-legendre-lobatto/m6.txt
Running data/example_mats/hex/p3/gauss-legendre-lobatto/m6.txt
Finished running in 0.4215666666666667ms
Generating and Compiling data/example_mats/hex/p3/gauss-legendre-lobatto/m132.txt
Running data/example_mats/hex/p3/gauss-legendre-lobatto/m132.txt
Finished running in 0.7918000000000001ms
Generating and Compiling data/example_mats/hex/p3/gauss-legendre-lobatto/m460.txt
Running data/example_mats/hex/p3/gauss-legendre-lobatto/m460.txt
Finished running in 0.4593ms
Generating and Compiling data/example_mats/hex/p3/gauss-legendre/m0.txt
Running data/example_mats/hex/p3/gauss-legendre/m0.txt
Finished running in 0.219ms
Generating and Compiling data/example_mats/hex/p3/gauss-legendre/m3.txt
Running data/example_mats/hex/p3/gauss-legendre/m3.txt
Finished running in 0.3813666666666667ms
Generating and Compiling data/example_mats/hex/p3/gauss-legendre/m6.txt
Running data/example_mats/hex/p3/gauss-legendre/m6.txt
Finished running in 0.44203333333333333ms
Generating and Compiling data/example_mats/hex/p3/gauss-legendre/m132.txt
Running data/example_mats/hex/p3/gauss-legendre/m132.txt
Finished running in 0.8727333333333332ms
Generating and Compiling data/example_mats/hex/p3/gauss-legendre/m460.txt
Running data/example_mats/hex/p3/gauss-legendre/m460.txt
Finished running in 0.40403333333333336ms
Generating and Compiling data/example_mats/hex/p4/gauss-legendre-lobatto/m0.txt
Running data/example_mats/hex/p4/gauss-legendre-lobatto/m0.txt
Finished running in 0.335ms
Generating and Compiling data/example_mats/hex/p4/gauss-legendre-lobatto/m3.txt
Running data/example_mats/hex/p4/gauss-legendre-lobatto/m3.txt
Finished running in 0.7332666666666667ms
Generating and Compiling data/example_mats/hex/p4/gauss-legendre-lobatto/m6.txt
Running data/example_mats/hex/p4/gauss-legendre-lobatto/m6.txt
Finished running in 0.8523ms
Generating and Compiling data/example_mats/hex/p4/gauss-legendre-lobatto/m132.txt
Running data/example_mats/hex/p4/gauss-legendre-lobatto/m132.txt
Finished running in 2.6661333333333332ms
Generating and Compiling data/example_mats/hex/p4/gauss-legendre-lobatto/m460.txt
Running data/example_mats/hex/p4/gauss-legendre-lobatto/m460.txt
Finished running in 1.2878666666666667ms
Generating and Compiling data/example_mats/hex/p4/gauss-legendre/m0.txt
Running data/example_mats/hex/p4/gauss-legendre/m0.txt
Finished running in 0.4596666666666666ms
Generating and Compiling data/example_mats/hex/p4/gauss-legendre/m3.txt
Running data/example_mats/hex/p4/gauss-legendre/m3.txt
Finished running in 0.7333333333333333ms
Generating and Compiling data/example_mats/hex/p4/gauss-legendre/m6.txt
Running data/example_mats/hex/p4/gauss-legendre/m6.txt
Finished running in 0.8687ms
Generating and Compiling data/example_mats/hex/p4/gauss-legendre/m132.txt
Running data/example_mats/hex/p4/gauss-legendre/m132.txt
Finished running in 2.7965333333333335ms
Generating and Compiling data/example_mats/hex/p4/gauss-legendre/m460.txt
Running data/example_mats/hex/p4/gauss-legendre/m460.txt
Finished running in 1.0674666666666668ms
Generating and Compiling data/example_mats/hex/p5/gauss-legendre-lobatto/m0.txt
Running data/example_mats/hex/p5/gauss-legendre-lobatto/m0.txt
Finished running in 0.5570333333333333ms
Generating and Compiling data/example_mats/hex/p5/gauss-legendre-lobatto/m3.txt
Running data/example_mats/hex/p5/gauss-legendre-lobatto/m3.txt
Finished running in 1.4528666666666665ms
Generating and Compiling data/example_mats/hex/p5/gauss-legendre-lobatto/m6.txt
Running data/example_mats/hex/p5/gauss-legendre-lobatto/m6.txt
Finished running in 1.9143666666666665ms
Generating and Compiling data/example_mats/hex/p5/gauss-legendre-lobatto/m132.txt
Running data/example_mats/hex/p5/gauss-legendre-lobatto/m132.txt
Finished running in 5.464566666666667ms
Generating and Compiling data/example_mats/hex/p5/gauss-legendre-lobatto/m460.txt
Running data/example_mats/hex/p5/gauss-legendre-lobatto/m460.txt
Finished running in 3.7466999999999997ms
Generating and Compiling data/example_mats/hex/p5/gauss-legendre/m0.txt
Running data/example_mats/hex/p5/gauss-legendre/m0.txt
Finished running in 1.3309666666666666ms
Generating and Compiling data/example_mats/hex/p5/gauss-legendre/m3.txt
Running data/example_mats/hex/p5/gauss-legendre/m3.txt
Finished running in 1.4585000000000001ms
Generating and Compiling data/example_mats/hex/p5/gauss-legendre/m6.txt
Running data/example_mats/hex/p5/gauss-legendre/m6.txt
Finished running in 1.9102ms
Generating and Compiling data/example_mats/hex/p5/gauss-legendre/m132.txt
Running data/example_mats/hex/p5/gauss-legendre/m132.txt
Finished running in 6.053533333333333ms
Generating and Compiling data/example_mats/hex/p5/gauss-legendre/m460.txt
Running data/example_mats/hex/p5/gauss-legendre/m460.txt
Finished running in 2.682533333333333ms
Generating and Compiling data/example_mats/hex/p6/gauss-legendre-lobatto/m0.txt
Running data/example_mats/hex/p6/gauss-legendre-lobatto/m0.txt
Finished running in 1.1301999999999999ms
Generating and Compiling data/example_mats/hex/p6/gauss-legendre-lobatto/m3.txt
Running LIBXSMM WARNING: timer is maybe not cycle-accurate!

LIBXSMM_VERSION: m1_amx-1.8.2-7555 (21011843)
APPL_M1/DP    TRY    JIT    STA    COL
   0..13      0      0      0      0 
  14..23      0      0      0      0 
  24..64      0      0      0      0 
    > 64      1      0      0      0 
Registry and code: 13 MB
Uptime: 0.156346 s
LIBXSMM WARNING: timer is maybe not cycle-accurate!

LIBXSMM_VERSION: m1_amx-1.8.2-7555 (21011843)
APPL_M1/DP    TRY    JIT    STA    COL
   0..13      0      0      0      0 
  14..23      0      0      0      0 
  24..64      0      0      0      0 
    > 64      1      0      0      0 
Registry and code: 13 MB
Uptime: 0.288371 s
LIBXSMM WARNING: timer is maybe not cycle-accurate!

LIBXSMM_VERSION: m1_amx-1.8.2-7555 (21011843)
APPL_M1/DP    TRY    JIT    STA    COL
   0..13      0      0      0      0 
  14..23      0      0      0      0 
  24..64      0      0      0      0 
    > 64      1      0      0      0 
Registry and code: 13 MB
Uptime: 0.586492 s
LIBXSMM WARNING: timer is maybe not cycle-accurate!

LIBXSMM_VERSION: m1_amx-1.8.2-7555 (21011843)
APPL_M1/DP    TRY    JIT    STA    COL
   0..13      0      0      0      0 
  14..23      0      0      0      0 
  24..64      0      0      0      0 
    > 64      1      0      0      0 
Registry and code: 13 MB
Uptime: 0.516036 s
LIBXSMM WARNING: timer is maybe not cycle-accurate!

LIBXSMM_VERSION: m1_amx-1.8.2-7555 (21011843)
APPL_M1/DP    TRY    JIT    STA    COL
   0..13      0      0      0      0 
  14..23      0      0      0      0 
  24..64      0      0      0      0 
    > 64      1      0      0      0 
Registry and code: 13 MB
Uptime: 0.146881 s
LIBXSMM WARNING: timer is maybe not cycle-accurate!

LIBXSMM_VERSION: m1_amx-1.8.2-7555 (21011843)
APPL_M1/DP    TRY    JIT    STA    COL
   0..13      0      0      0      0 
  14..23      0      0      0      0 
  24..64      0      0      0      0 
    > 64      1      0      0      0 
Registry and code: 13 MB
Uptime: 0.156114 s
LIBXSMM WARNING: timer is maybe not cycle-accurate!

LIBXSMM_VERSION: m1_amx-1.8.2-7555 (21011843)
APPL_M1/DP    TRY    JIT    STA    COL
   0..13      0      0      0      0 
  14..23      0      0      0      0 
  24..64      0      0      0      0 
    > 64      1      0      0      0 
Registry and code: 13 MB
Uptime: 0.289148 s
LIBXSMM WARNING: timer is maybe not cycle-accurate!

LIBXSMM_VERSION: m1_amx-1.8.2-7555 (21011843)
APPL_M1/DP    TRY    JIT    STA    COL
   0..13      0      0      0      0 
  14..23      0      0      0      0 
  24..64      0      0      0      0 
    > 64      1      0      0      0 
Registry and code: 13 MB
Uptime: 0.635012 s
LIBXSMM WARNING: timer is maybe not cycle-accurate!

LIBXSMM_VERSION: m1_amx-1.8.2-7555 (21011843)
APPL_M1/DP    TRY    JIT    STA    COL
   0..13      0      0      0      0 
  14..23      0      0      0      0 
  24..64      0      0      0      0 
    > 64      1      0      0      0 
Registry and code: 13 MB
Uptime: 0.404766 s
LIBXSMM WARNING: timer is maybe not cycle-accurate!

LIBXSMM_VERSION: m1_amx-1.8.2-7555 (21011843)
APPL_M1/DP    TRY    JIT    STA    COL
   0..13      1      0      0      0 
  14..23      0      0      0      0 
  24..64      0      0      0      0 
Registry and code: 13 MB
Uptime: 0.003134 s
LIBXSMM WARNING: timer is maybe not cycle-accurate!

LIBXSMM_VERSION: m1_amx-1.8.2-7555 (21011843)
APPL_M1/DP    TRY    JIT    STA    COL
   0..13      1      0      0      0 
  14..23      0      0      0      0 
  24..64      0      0      0      0 
Registry and code: 13 MB
Uptime: 0.003080 s
LIBXSMM WARNING: timer is maybe not cycle-accurate!

LIBXSMM_VERSION: m1_amx-1.8.2-7555 (21011843)
APPL_M1/DP    TRY    JIT    STA    COL
   0..13      1      0      0      0 
  14..23      0      0      0      0 
  24..64      0      0      0      0 
Registry and code: 13 MB
Uptime: 0.003232 s
LIBXSMM WARNING: timer is maybe not cycle-accurate!

LIBXSMM_VERSION: m1_amx-1.8.2-7555 (21011843)
APPL_M1/DP    TRY    JIT    STA    COL
   0..13      1      0      0      0 
  14..23      0      0      0      0 
  24..64      0      0      0      0 
Registry and code: 13 MB
Uptime: 0.003004 s
LIBXSMM WARNING: timer is maybe not cycle-accurate!

LIBXSMM_VERSION: m1_amx-1.8.2-7555 (21011843)
APPL_M1/DP    TRY    JIT    STA    COL
   0..13      1      0      0      0 
  14..23      0      0      0      0 
  24..64      0      0      0      0 
Registry and code: 13 MB
Uptime: 0.002901 s
LIBXSMM WARNING: timer is maybe not cycle-accurate!

LIBXSMM_VERSION: m1_amx-1.8.2-7555 (21011843)
APPL_M1/DP    TRY    JIT    STA    COL
   0..13      1      0      0      0 
  14..23      0      0      0      0 
  24..64      0      0      0      0 
Registry and code: 13 MB
Uptime: 0.005289 s
LIBXSMM WARNING: timer is maybe not cycle-accurate!

LIBXSMM_VERSION: m1_amx-1.8.2-7555 (21011843)
APPL_M1/DP    TRY    JIT    STA    COL
   0..13      1      0      0      0 
  14..23      0      0      0      0 
  24..64      0      0      0      0 
Registry and code: 13 MB
Uptime: 0.003911 s
LIBXSMM WARNING: timer is maybe not cycle-accurate!

LIBXSMM_VERSION: m1_amx-1.8.2-7555 (21011843)
APPL_M1/DP    TRY    JIT    STA    COL
   0..13      1      0      0      0 
  14..23      0      0      0      0 
  24..64      0      0      0      0 
Registry and code: 13 MB
Uptime: 0.003979 s
LIBXSMM WARNING: timer is maybe not cycle-accurate!

LIBXSMM_VERSION: m1_amx-1.8.2-7555 (21011843)
APPL_M1/DP    TRY    JIT    STA    COL
   0..13      1      0      0      0 
  14..23      0      0      0      0 
  24..64      0      0      0      0 
Registry and code: 13 MB
Uptime: 0.004437 s
LIBXSMM WARNING: timer is maybe not cycle-accurate!

LIBXSMM_VERSION: m1_amx-1.8.2-7555 (21011843)
APPL_M1/DP    TRY    JIT    STA    COL
   0..13      1      0      0      0 
  14..23      0      0      0      0 
  24..64      0      0      0      0 
Registry and code: 13 MB
Uptime: 0.004025 s
LIBXSMM WARNING: timer is maybe not cycle-accurate!

LIBXSMM_VERSION: m1_amx-1.8.2-7555 (21011843)
APPL_M1/DP    TRY    JIT    STA    COL
   0..13      1      0      0      0 
  14..23      0      0      0      0 
  24..64      0      0      0      0 
Registry and code: 13 MB
Uptime: 0.003447 s
LIBXSMM WARNING: timer is maybe not cycle-accurate!

LIBXSMM_VERSION: m1_amx-1.8.2-7555 (21011843)
APPL_M1/DP    TRY    JIT    STA    COL
   0..13      1      0      0      0 
  14..23      0      0      0      0 
  24..64      0      0      0      0 
Registry and code: 13 MB
Uptime: 0.003923 s
LIBXSMM WARNING: timer is maybe not cycle-accurate!

LIBXSMM_VERSION: m1_amx-1.8.2-7555 (21011843)
APPL_M1/DP    TRY    JIT    STA    COL
   0..13      1      0      0      0 
  14..23      0      0      0      0 
  24..64      0      0      0      0 
Registry and code: 13 MB
Uptime: 0.003422 s
LIBXSMM WARNING: timer is maybe not cycle-accurate!

LIBXSMM_VERSION: m1_amx-1.8.2-7555 (21011843)
APPL_M1/DP    TRY    JIT    STA    COL
   0..13      1      0      0      0 
  14..23      0      0      0      0 
  24..64      0      0      0      0 
Registry and code: 13 MB
Uptime: 0.004512 s
LIBXSMM WARNING: timer is maybe not cycle-accurate!

LIBXSMM_VERSION: m1_amx-1.8.2-7555 (21011843)
APPL_M1/DP    TRY    JIT    STA    COL
   0..13      1      0      0      0 
  14..23      0      0      0      0 
  24..64      0      0      0      0 
Registry and code: 13 MB
Uptime: 0.003888 s
LIBXSMM WARNING: timer is maybe not cycle-accurate!

LIBXSMM_VERSION: m1_amx-1.8.2-7555 (21011843)
APPL_M1/DP    TRY    JIT    STA    COL
   0..13      1      0      0      0 
  14..23      0      0      0      0 
  24..64      0      0      0      0 
Registry and code: 13 MB
Uptime: 0.006546 s
LIBXSMM WARNING: timer is maybe not cycle-accurate!

LIBXSMM_VERSION: m1_amx-1.8.2-7555 (21011843)
APPL_M1/DP    TRY    JIT    STA    COL
   0..13      1      0      0      0 
  14..23      0      0      0      0 
  24..64      0      0      0      0 
Registry and code: 13 MB
Uptime: 0.004763 s
LIBXSMM WARNING: timer is maybe not cycle-accurate!

LIBXSMM_VERSION: m1_amx-1.8.2-7555 (21011843)
APPL_M1/DP    TRY    JIT    STA    COL
   0..13      0      0      0      0 
  14..23      1      0      0      0 
  24..64      0      0      0      0 
Registry and code: 13 MB
Uptime: 0.004883 s
LIBXSMM WARNING: timer is maybe not cycle-accurate!

LIBXSMM_VERSION: m1_amx-1.8.2-7555 (21011843)
APPL_M1/DP    TRY    JIT    STA    COL
   0..13      0      0      0      0 
  14..23      1      0      0      0 
  24..64      0      0      0      0 
Registry and code: 13 MB
Uptime: 0.007033 s
LIBXSMM WARNING: timer is maybe not cycle-accurate!

LIBXSMM_VERSION: m1_amx-1.8.2-7555 (21011843)
APPL_M1/DP    TRY    JIT    STA    COL
   0..13      0      0      0      0 
  14..23      1      0      0      0 
  24..64      0      0      0      0 
Registry and code: 13 MB
Uptime: 0.005123 s
LIBXSMM WARNING: timer is maybe not cycle-accurate!

LIBXSMM_VERSION: m1_amx-1.8.2-7555 (21011843)
APPL_M1/DP    TRY    JIT    STA    COL
   0..13      1      0      0      0 
  14..23      0      0      0      0 
  24..64      0      0      0      0 
Registry and code: 13 MB
Uptime: 0.004272 s
LIBXSMM WARNING: timer is maybe not cycle-accurate!

LIBXSMM_VERSION: m1_amx-1.8.2-7555 (21011843)
APPL_M1/DP    TRY    JIT    STA    COL
   0..13      1      0      0      0 
  14..23      0      0      0      0 
  24..64      0      0      0      0 
Registry and code: 13 MB
Uptime: 0.004901 s
LIBXSMM WARNING: timer is maybe not cycle-accurate!

LIBXSMM_VERSION: m1_amx-1.8.2-7555 (21011843)
APPL_M1/DP    TRY    JIT    STA    COL
   0..13      0      0      0      0 
  14..23      1      0      0      0 
  24..64      0      0      0      0 
Registry and code: 13 MB
Uptime: 0.004403 s
LIBXSMM WARNING: timer is maybe not cycle-accurate!

LIBXSMM_VERSION: m1_amx-1.8.2-7555 (21011843)
APPL_M1/DP    TRY    JIT    STA    COL
   0..13      0      0      0      0 
  14..23      1      0      0      0 
  24..64      0      0      0      0 
Registry and code: 13 MB
Uptime: 0.007661 s
LIBXSMM WARNING: timer is maybe not cycle-accurate!

LIBXSMM_VERSION: m1_amx-1.8.2-7555 (21011843)
APPL_M1/DP    TRY    JIT    STA    COL
   0..13      0      0      0      0 
  14..23      1      0      0      0 
  24..64      0      0      0      0 
Registry and code: 13 MB
Uptime: 0.005222 s
LIBXSMM WARNING: timer is maybe not cycle-accurate!

LIBXSMM_VERSION: m1_amx-1.8.2-7555 (21011843)
APPL_M1/DP    TRY    JIT    STA    COL
   0..13      0      0      0      0 
  14..23      1      0      0      0 
  24..64      0      0      0      0 
Registry and code: 13 MB
Uptime: 0.007384 s
LIBXSMM WARNING: timer is maybe not cycle-accurate!

LIBXSMM_VERSION: m1_amx-1.8.2-7555 (21011843)
APPL_M1/DP    TRY    JIT    STA    COL
   0..13      0      0      0      0 
  14..23      1      0      0      0 
  24..64      0      0      0      0 
Registry and code: 13 MB
Uptime: 0.005967 s
LIBXSMM WARNING: timer is maybe not cycle-accurate!

LIBXSMM_VERSION: m1_amx-1.8.2-7555 (21011843)
APPL_M1/DP    TRY    JIT    STA    COL
   0..13      0      0      0      0 
  14..23      1      0      0      0 
  24..64      0      0      0      0 
Registry and code: 13 MB
Uptime: 0.006077 s
LIBXSMM WARNING: timer is maybe not cycle-accurate!

LIBXSMM_VERSION: m1_amx-1.8.2-7555 (21011843)
APPL_M1/DP    TRY    JIT    STA    COL
   0..13      0      0      0      0 
  14..23      1      0      0      0 
  24..64      0      0      0      0 
Registry and code: 13 MB
Uptime: 0.010837 s
LIBXSMM WARNING: timer is maybe not cycle-accurate!

LIBXSMM_VERSION: m1_amx-1.8.2-7555 (21011843)
APPL_M1/DP    TRY    JIT    STA    COL
   0..13      0      0      0      0 
  14..23      1      0      0      0 
  24..64      0      0      0      0 
Registry and code: 13 MB
Uptime: 0.008693 s
LIBXSMM WARNING: timer is maybe not cycle-accurate!

LIBXSMM_VERSION: m1_amx-1.8.2-7555 (21011843)
APPL_M1/DP    TRY    JIT    STA    COL
   0..13      0      0      0      0 
  14..23      1      0      0      0 
  24..64      0      0      0      0 
Registry and code: 13 MB
Uptime: 0.005300 s
LIBXSMM WARNING: timer is maybe not cycle-accurate!

LIBXSMM_VERSION: m1_amx-1.8.2-7555 (21011843)
APPL_M1/DP    TRY    JIT    STA    COL
   0..13      0      0      0      0 
  14..23      1      0      0      0 
  24..64      0      0      0      0 
Registry and code: 13 MB
Uptime: 0.005713 s
LIBXSMM WARNING: timer is maybe not cycle-accurate!

LIBXSMM_VERSION: m1_amx-1.8.2-7555 (21011843)
APPL_M1/DP    TRY    JIT    STA    COL
   0..13      0      0      0      0 
  14..23      1      0      0      0 
  24..64      0      0      0      0 
Registry and code: 13 MB
Uptime: 0.005835 s
LIBXSMM WARNING: timer is maybe not cycle-accurate!

LIBXSMM_VERSION: m1_amx-1.8.2-7555 (21011843)
APPL_M1/DP    TRY    JIT    STA    COL
   0..13      0      0      0      0 
  14..23      1      0      0      0 
  24..64      0      0      0      0 
Registry and code: 13 MB
Uptime: 0.011070 s
LIBXSMM WARNING: timer is maybe not cycle-accurate!

LIBXSMM_VERSION: m1_amx-1.8.2-7555 (21011843)
APPL_M1/DP    TRY    JIT    STA    COL
   0..13      0      0      0      0 
  14..23      1      0      0      0 
  24..64      0      0      0      0 
Registry and code: 13 MB
Uptime: 0.008109 s
LIBXSMM WARNING: timer is maybe not cycle-accurate!

LIBXSMM_VERSION: m1_amx-1.8.2-7555 (21011843)
APPL_M1/DP    TRY    JIT    STA    COL
   0..13      0      0      0      0 
  14..23      1      0      0      0 
  24..64      0      0      0      0 
Registry and code: 13 MB
Uptime: 0.007951 s
LIBXSMM WARNING: timer is maybe not cycle-accurate!

LIBXSMM_VERSION: m1_amx-1.8.2-7555 (21011843)
APPL_M1/DP    TRY    JIT    STA    COL
   0..13      0      0      0      0 
  14..23      1      0      0      0 
  24..64      0      0      0      0 
Registry and code: 13 MB
Uptime: 0.007402 s
data/example_mats/hex/p6/gauss-legendre-lobatto/m3.txt
Finished running in 2.6707666666666667ms
Generating and Compiling data/example_mats/hex/p6/gauss-legendre-lobatto/m6.txt
Running data/example_mats/hex/p6/gauss-legendre-lobatto/m6.txt
Finished running in 3.1379ms
Generating and Compiling data/example_mats/hex/p6/gauss-legendre-lobatto/m132.txt
Running data/example_mats/hex/p6/gauss-legendre-lobatto/m132.txt
Finished running in 11.048133333333334ms
Generating and Compiling data/example_mats/hex/p6/gauss-legendre-lobatto/m460.txt
Running data/example_mats/hex/p6/gauss-legendre-lobatto/m460.txt
Finished running in 9.051433333333334ms
Generating and Compiling data/example_mats/hex/p6/gauss-legendre/m0.txt
Running data/example_mats/hex/p6/gauss-legendre/m0.txt
Finished running in 2.3496666666666663ms
Generating and Compiling data/example_mats/hex/p6/gauss-legendre/m3.txt
Running data/example_mats/hex/p6/gauss-legendre/m3.txt
Finished running in 2.6557666666666666ms
Generating and Compiling data/example_mats/hex/p6/gauss-legendre/m6.txt
Running data/example_mats/hex/p6/gauss-legendre/m6.txt
Finished running in 3.1358ms
Generating and Compiling data/example_mats/hex/p6/gauss-legendre/m132.txt
Running data/example_mats/hex/p6/gauss-legendre/m132.txt
Finished running in 12.586366666666667ms
Generating and Compiling data/example_mats/hex/p6/gauss-legendre/m460.txt
Running data/example_mats/hex/p6/gauss-legendre/m460.txt
Finished running in 5.701766666666667ms
Generating and Compiling data/example_mats/quad/p1/gauss-legendre/m0.txt
Running data/example_mats/quad/p1/gauss-legendre/m0.txt
Finished running in 0.014366666666666666ms
Generating and Compiling data/example_mats/quad/p1/gauss-legendre/m3.txt
Running data/example_mats/quad/p1/gauss-legendre/m3.txt
Finished running in 0.017366666666666666ms
Generating and Compiling data/example_mats/quad/p1/gauss-legendre/m6.txt
Running data/example_mats/quad/p1/gauss-legendre/m6.txt
Finished running in 0.017366666666666666ms
Generating and Compiling data/example_mats/quad/p1/gauss-legendre/m132.txt
Running data/example_mats/quad/p1/gauss-legendre/m132.txt
Finished running in 0.017166666666666667ms
Generating and Compiling data/example_mats/quad/p1/gauss-legendre/m460.txt
Running data/example_mats/quad/p1/gauss-legendre/m460.txt
Finished running in 0.0145ms
Generating and Compiling data/example_mats/quad/p2/gauss-legendre-lobatto/m0.txt
Running data/example_mats/quad/p2/gauss-legendre-lobatto/m0.txt
Finished running in 0.029766666666666667ms
Generating and Compiling data/example_mats/quad/p2/gauss-legendre-lobatto/m3.txt
Running data/example_mats/quad/p2/gauss-legendre-lobatto/m3.txt
Finished running in 0.03376666666666666ms
Generating and Compiling data/example_mats/quad/p2/gauss-legendre-lobatto/m6.txt
Running data/example_mats/quad/p2/gauss-legendre-lobatto/m6.txt
Finished running in 0.0325ms
Generating and Compiling data/example_mats/quad/p2/gauss-legendre-lobatto/m132.txt
Running data/example_mats/quad/p2/gauss-legendre-lobatto/m132.txt
Finished running in 0.043666666666666666ms
Generating and Compiling data/example_mats/quad/p2/gauss-legendre-lobatto/m460.txt
Running data/example_mats/quad/p2/gauss-legendre-lobatto/m460.txt
Finished running in 0.0359ms
Generating and Compiling data/example_mats/quad/p2/gauss-legendre/m0.txt
Running data/example_mats/quad/p2/gauss-legendre/m0.txt
Finished running in 0.02443333333333333ms
Generating and Compiling data/example_mats/quad/p2/gauss-legendre/m3.txt
Running data/example_mats/quad/p2/gauss-legendre/m3.txt
Finished running in 0.0336ms
Generating and Compiling data/example_mats/quad/p2/gauss-legendre/m6.txt
Running data/example_mats/quad/p2/gauss-legendre/m6.txt
Finished running in 0.032466666666666665ms
Generating and Compiling data/example_mats/quad/p2/gauss-legendre/m132.txt
Running data/example_mats/quad/p2/gauss-legendre/m132.txt
Finished running in 0.043533333333333334ms
Generating and Compiling data/example_mats/quad/p2/gauss-legendre/m460.txt
Running data/example_mats/quad/p2/gauss-legendre/m460.txt
Finished running in 0.036333333333333336ms
Generating and Compiling data/example_mats/quad/p3/gauss-legendre-lobatto/m0.txt
Running data/example_mats/quad/p3/gauss-legendre-lobatto/m0.txt
Finished running in 0.12046666666666667ms
Generating and Compiling data/example_mats/quad/p3/gauss-legendre-lobatto/m3.txt
Running data/example_mats/quad/p3/gauss-legendre-lobatto/m3.txt
Finished running in 0.053033333333333335ms
Generating and Compiling data/example_mats/quad/p3/gauss-legendre-lobatto/m6.txt
Running data/example_mats/quad/p3/gauss-legendre-lobatto/m6.txt
Finished running in 0.05196666666666667ms
Generating and Compiling data/example_mats/quad/p3/gauss-legendre-lobatto/m132.txt
Running data/example_mats/quad/p3/gauss-legendre-lobatto/m132.txt
Finished running in 0.10626666666666668ms
Generating and Compiling data/example_mats/quad/p3/gauss-legendre-lobatto/m460.txt
Running data/example_mats/quad/p3/gauss-legendre-lobatto/m460.txt
Finished running in 0.07283333333333333ms
Generating and Compiling data/example_mats/quad/p3/gauss-legendre/m0.txt
Running data/example_mats/quad/p3/gauss-legendre/m0.txt
Finished running in 0.03686666666666667ms
Generating and Compiling data/example_mats/quad/p3/gauss-legendre/m3.txt
Running data/example_mats/quad/p3/gauss-legendre/m3.txt
Finished running in 0.05343333333333333ms
Generating and Compiling data/example_mats/quad/p3/gauss-legendre/m6.txt
Running data/example_mats/quad/p3/gauss-legendre/m6.txt
Finished running in 0.0522ms
Generating and Compiling data/example_mats/quad/p3/gauss-legendre/m132.txt
Running data/example_mats/quad/p3/gauss-legendre/m132.txt
Finished running in 0.12176666666666666ms
Generating and Compiling data/example_mats/quad/p3/gauss-legendre/m460.txt
Running data/example_mats/quad/p3/gauss-legendre/m460.txt
Finished running in 0.06553333333333333ms
Generating and Compiling data/example_mats/quad/p4/gauss-legendre-lobatto/m0.txt
Running data/example_mats/quad/p4/gauss-legendre-lobatto/m0.txt
Finished running in 0.035833333333333335ms
Generating and Compiling data/example_mats/quad/p4/gauss-legendre-lobatto/m3.txt
Running data/example_mats/quad/p4/gauss-legendre-lobatto/m3.txt
Finished running in 0.07919999999999999ms
Generating and Compiling data/example_mats/quad/p4/gauss-legendre-lobatto/m6.txt
Running data/example_mats/quad/p4/gauss-legendre-lobatto/m6.txt
Finished running in 0.0732ms
Generating and Compiling data/example_mats/quad/p4/gauss-legendre-lobatto/m132.txt
Running data/example_mats/quad/p4/gauss-legendre-lobatto/m132.txt
Finished running in 0.18853333333333333ms
Generating and Compiling data/example_mats/quad/p4/gauss-legendre-lobatto/m460.txt
Running data/example_mats/quad/p4/gauss-legendre-lobatto/m460.txt
Finished running in 0.14856666666666665ms
Generating and Compiling data/example_mats/quad/p4/gauss-legendre/m0.txt
Running data/example_mats/quad/p4/gauss-legendre/m0.txt
Finished running in 0.054033333333333336ms
Generating and Compiling data/example_mats/quad/p4/gauss-legendre/m3.txt
Running data/example_mats/quad/p4/gauss-legendre/m3.txt
Finished running in 0.08020000000000001ms
Generating and Compiling data/example_mats/quad/p4/gauss-legendre/m6.txt
Running data/example_mats/quad/p4/gauss-legendre/m6.txt
Finished running in 0.07376666666666667ms
Generating and Compiling data/example_mats/quad/p4/gauss-legendre/m132.txt
Running data/example_mats/quad/p4/gauss-legendre/m132.txt
Finished running in 0.20096666666666665ms
Generating and Compiling data/example_mats/quad/p4/gauss-legendre/m460.txt
Running data/example_mats/quad/p4/gauss-legendre/m460.txt
Finished running in 0.12436666666666667ms
Generating and Compiling data/example_mats/quad/p5/gauss-legendre-lobatto/m0.txt
Running data/example_mats/quad/p5/gauss-legendre-lobatto/m0.txt
Finished running in 0.1328ms
Generating and Compiling data/example_mats/quad/p5/gauss-legendre-lobatto/m3.txt
Running data/example_mats/quad/p5/gauss-legendre-lobatto/m3.txt
Finished running in 0.11773333333333333ms
Generating and Compiling data/example_mats/quad/p5/gauss-legendre-lobatto/m6.txt
Running LIBXSMM WARNING: timer is maybe not cycle-accurate!

LIBXSMM_VERSION: m1_amx-1.8.2-7555 (21011843)
APPL_M1/DP    TRY    JIT    STA    COL
   0..13      0      0      0      0 
  14..23      0      0      0      0 
  24..64      1      0      0      0 
Registry and code: 13 MB
Uptime: 0.007623 s
LIBXSMM WARNING: timer is maybe not cycle-accurate!

LIBXSMM_VERSION: m1_amx-1.8.2-7555 (21011843)
APPL_M1/DP    TRY    JIT    STA    COL
   0..13      0      0      0      0 
  14..23      0      0      0      0 
  24..64      1      0      0      0 
Registry and code: 13 MB
Uptime: 0.016370 s
LIBXSMM WARNING: timer is maybe not cycle-accurate!

LIBXSMM_VERSION: m1_amx-1.8.2-7555 (21011843)
APPL_M1/DP    TRY    JIT    STA    COL
   0..13      0      0      0      0 
  14..23      0      0      0      0 
  24..64      1      0      0      0 
Registry and code: 13 MB
Uptime: 0.013876 s
LIBXSMM WARNING: timer is maybe not cycle-accurate!

LIBXSMM_VERSION: m1_amx-1.8.2-7555 (21011843)
APPL_M1/DP    TRY    JIT    STA    COL
   0..13      0      0      0      0 
  14..23      1      0      0      0 
  24..64      0      0      0      0 
Registry and code: 13 MB
Uptime: 0.006435 s
LIBXSMM WARNING: timer is maybe not cycle-accurate!

LIBXSMM_VERSION: m1_amx-1.8.2-7555 (21011843)
APPL_M1/DP    TRY    JIT    STA    COL
   0..13      0      0      0      0 
  14..23      1      0      0      0 
  24..64      0      0      0      0 
Registry and code: 13 MB
Uptime: 0.007393 s
LIBXSMM WARNING: timer is maybe not cycle-accurate!

LIBXSMM_VERSION: m1_amx-1.8.2-7555 (21011843)
APPL_M1/DP    TRY    JIT    STA    COL
   0..13      0      0      0      0 
  14..23      0      0      0      0 
  24..64      1      0      0      0 
Registry and code: 13 MB
Uptime: 0.007635 s
LIBXSMM WARNING: timer is maybe not cycle-accurate!

LIBXSMM_VERSION: m1_amx-1.8.2-7555 (21011843)
APPL_M1/DP    TRY    JIT    STA    COL
   0..13      0      0      0      0 
  14..23      0      0      0      0 
  24..64      1      0      0      0 
Registry and code: 13 MB
Uptime: 0.017663 s
LIBXSMM WARNING: timer is maybe not cycle-accurate!

LIBXSMM_VERSION: m1_amx-1.8.2-7555 (21011843)
APPL_M1/DP    TRY    JIT    STA    COL
   0..13      0      0      0      0 
  14..23      0      0      0      0 
  24..64      1      0      0      0 
Registry and code: 13 MB
Uptime: 0.012036 s
LIBXSMM WARNING: timer is maybe not cycle-accurate!

LIBXSMM_VERSION: m1_amx-1.8.2-7555 (21011843)
APPL_M1/DP    TRY    JIT    STA    COL
   0..13      0      0      0      0 
  14..23      1      0      0      0 
  24..64      0      0      0      0 
Registry and code: 13 MB
Uptime: 0.006098 s
LIBXSMM WARNING: timer is maybe not cycle-accurate!

LIBXSMM_VERSION: m1_amx-1.8.2-7555 (21011843)
APPL_M1/DP    TRY    JIT    STA    COL
   0..13      0      0      0      0 
  14..23      1      0      0      0 
  24..64      0      0      0      0 
Registry and code: 13 MB
Uptime: 0.009132 s
LIBXSMM WARNING: timer is maybe not cycle-accurate!

LIBXSMM_VERSION: m1_amx-1.8.2-7555 (21011843)
APPL_M1/DP    TRY    JIT    STA    COL
   0..13      0      0      0      0 
  14..23      0      0      0      0 
  24..64      1      0      0      0 
Registry and code: 13 MB
Uptime: 0.009606 s
LIBXSMM WARNING: timer is maybe not cycle-accurate!

LIBXSMM_VERSION: m1_amx-1.8.2-7555 (21011843)
APPL_M1/DP    TRY    JIT    STA    COL
   0..13      0      0      0      0 
  14..23      0      0      0      0 
  24..64      1      0      0      0 
Registry and code: 13 MB
Uptime: 0.024966 s
LIBXSMM WARNING: timer is maybe not cycle-accurate!

LIBXSMM_VERSION: m1_amx-1.8.2-7555 (21011843)
APPL_M1/DP    TRY    JIT    STA    COL
   0..13      0      0      0      0 
  14..23      0      0      0      0 
  24..64      1      0      0      0 
Registry and code: 13 MB
Uptime: 0.020914 s
LIBXSMM WARNING: timer is maybe not cycle-accurate!

LIBXSMM_VERSION: m1_amx-1.8.2-7555 (21011843)
APPL_M1/DP    TRY    JIT    STA    COL
   0..13      0      0      0      0 
  14..23      1      0      0      0 
  24..64      0      0      0      0 
Registry and code: 13 MB
Uptime: 0.007907 s
LIBXSMM WARNING: timer is maybe not cycle-accurate!

LIBXSMM_VERSION: m1_amx-1.8.2-7555 (21011843)
APPL_M1/DP    TRY    JIT    STA    COL
   0..13      0      0      0      0 
  14..23      1      0      0      0 
  24..64      0      0      0      0 
Registry and code: 13 MB
Uptime: 0.009257 s
LIBXSMM WARNING: timer is maybe not cycle-accurate!

LIBXSMM_VERSION: m1_amx-1.8.2-7555 (21011843)
APPL_M1/DP    TRY    JIT    STA    COL
   0..13      0      0      0      0 
  14..23      0      0      0      0 
  24..64      1      0      0      0 
Registry and code: 13 MB
Uptime: 0.009330 s
LIBXSMM WARNING: timer is maybe not cycle-accurate!

LIBXSMM_VERSION: m1_amx-1.8.2-7555 (21011843)
APPL_M1/DP    TRY    JIT    STA    COL
   0..13      0      0      0      0 
  14..23      0      0      0      0 
  24..64      1      0      0      0 
Registry and code: 13 MB
Uptime: 0.026336 s
LIBXSMM WARNING: timer is maybe not cycle-accurate!

LIBXSMM_VERSION: m1_amx-1.8.2-7555 (21011843)
APPL_M1/DP    TRY    JIT    STA    COL
   0..13      0      0      0      0 
  14..23      0      0      0      0 
  24..64      1      0      0      0 
Registry and code: 13 MB
Uptime: 0.017553 s
LIBXSMM WARNING: timer is maybe not cycle-accurate!

LIBXSMM_VERSION: m1_amx-1.8.2-7555 (21011843)
APPL_M1/DP    TRY    JIT    STA    COL
   0..13      1      0      0      0 
  14..23      0      0      0      0 
  24..64      0      0      0      0 
Registry and code: 13 MB
Uptime: 0.005348 s
LIBXSMM WARNING: timer is maybe not cycle-accurate!

LIBXSMM_VERSION: m1_amx-1.8.2-7555 (21011843)
APPL_M1/DP    TRY    JIT    STA    COL
   0..13      1      0      0      0 
  14..23      0      0      0      0 
  24..64      0      0      0      0 
Registry and code: 13 MB
Uptime: 0.003627 s
LIBXSMM WARNING: timer is maybe not cycle-accurate!

LIBXSMM_VERSION: m1_amx-1.8.2-7555 (21011843)
APPL_M1/DP    TRY    JIT    STA    COL
   0..13      1      0      0      0 
  14..23      0      0      0      0 
  24..64      0      0      0      0 
Registry and code: 13 MB
Uptime: 0.003983 s
LIBXSMM WARNING: timer is maybe not cycle-accurate!

LIBXSMM_VERSION: m1_amx-1.8.2-7555 (21011843)
APPL_M1/DP    TRY    JIT    STA    COL
   0..13      1      0      0      0 
  14..23      0      0      0      0 
  24..64      0      0      0      0 
Registry and code: 13 MB
Uptime: 0.003561 s
LIBXSMM WARNING: timer is maybe not cycle-accurate!

LIBXSMM_VERSION: m1_amx-1.8.2-7555 (21011843)
APPL_M1/DP    TRY    JIT    STA    COL
   0..13      1      0      0      0 
  14..23      0      0      0      0 
  24..64      0      0      0      0 
Registry and code: 13 MB
Uptime: 0.002915 s
LIBXSMM WARNING: timer is maybe not cycle-accurate!

LIBXSMM_VERSION: m1_amx-1.8.2-7555 (21011843)
APPL_M1/DP    TRY    JIT    STA    COL
   0..13      1      0      0      0 
  14..23      0      0      0      0 
  24..64      0      0      0      0 
Registry and code: 13 MB
Uptime: 0.006335 s
LIBXSMM WARNING: timer is maybe not cycle-accurate!

LIBXSMM_VERSION: m1_amx-1.8.2-7555 (21011843)
APPL_M1/DP    TRY    JIT    STA    COL
   0..13      1      0      0      0 
  14..23      0      0      0      0 
  24..64      0      0      0      0 
Registry and code: 13 MB
Uptime: 0.007018 s
LIBXSMM WARNING: timer is maybe not cycle-accurate!

LIBXSMM_VERSION: m1_amx-1.8.2-7555 (21011843)
APPL_M1/DP    TRY    JIT    STA    COL
   0..13      0      0      0      0 
  14..23      1      0      0      0 
  24..64      0      0      0      0 
Registry and code: 13 MB
Uptime: 0.009010 s
LIBXSMM WARNING: timer is maybe not cycle-accurate!

LIBXSMM_VERSION: m1_amx-1.8.2-7555 (21011843)
APPL_M1/DP    TRY    JIT    STA    COL
   0..13      0      0      0      0 
  14..23      1      0      0      0 
  24..64      0      0      0      0 
Registry and code: 13 MB
Uptime: 0.008354 s
LIBXSMM WARNING: timer is maybe not cycle-accurate!

LIBXSMM_VERSION: m1_amx-1.8.2-7555 (21011843)
APPL_M1/DP    TRY    JIT    STA    COL
   0..13      0      0      0      0 
  14..23      1      0      0      0 
  24..64      0      0      0      0 
Registry and code: 13 MB
Uptime: 0.006748 s
LIBXSMM WARNING: timer is maybe not cycle-accurate!

LIBXSMM_VERSION: m1_amx-1.8.2-7555 (21011843)
APPL_M1/DP    TRY    JIT    STA    COL
   0..13      0      0      0      0 
  14..23      1      0      0      0 
  24..64      0      0      0      0 
Registry and code: 13 MB
Uptime: 0.019316 s
LIBXSMM WARNING: timer is maybe not cycle-accurate!

LIBXSMM_VERSION: m1_amx-1.8.2-7555 (21011843)
APPL_M1/DP    TRY    JIT    STA    COL
   0..13      0      0      0      0 
  14..23      1      0      0      0 
  24..64      0      0      0      0 
Registry and code: 13 MB
Uptime: 0.016738 s
LIBXSMM WARNING: timer is maybe not cycle-accurate!

LIBXSMM_VERSION: m1_amx-1.8.2-7555 (21011843)
APPL_M1/DP    TRY    JIT    STA    COL
   0..13      0      0      0      0 
  14..23      0      0      0      0 
  24..64      1      0      0      0 
Registry and code: 13 MB
Uptime: 0.031551 s
LIBXSMM WARNING: timer is maybe not cycle-accurate!

LIBXSMM_VERSION: m1_amx-1.8.2-7555 (21011843)
APPL_M1/DP    TRY    JIT    STA    COL
   0..13      0      0      0      0 
  14..23      1      0      0      0 
  24..64      0      0      0      0 
Registry and code: 13 MB
Uptime: 0.025434 s
LIBXSMM WARNING: timer is maybe not cycle-accurate!

LIBXSMM_VERSION: m1_amx-1.8.2-7555 (21011843)
APPL_M1/DP    TRY    JIT    STA    COL
   0..13      0      0      0      0 
  14..23      1      0      0      0 
  24..64      0      0      0      0 
Registry and code: 13 MB
Uptime: 0.030649 s
LIBXSMM WARNING: timer is maybe not cycle-accurate!

LIBXSMM_VERSION: m1_amx-1.8.2-7555 (21011843)
APPL_M1/DP    TRY    JIT    STA    COL
   0..13      0      0      0      0 
  14..23      0      0      0      0 
  24..64      1      0      0      0 
Registry and code: 13 MB
Uptime: 0.049739 s
LIBXSMM WARNING: timer is maybe not cycle-accurate!

LIBXSMM_VERSION: m1_amx-1.8.2-7555 (21011843)
APPL_M1/DP    TRY    JIT    STA    COL
   0..13      0      0      0      0 
  14..23      0      0      0      0 
  24..64      1      0      0      0 
Registry and code: 13 MB
Uptime: 0.046198 s
LIBXSMM WARNING: timer is maybe not cycle-accurate!

LIBXSMM_VERSION: m1_amx-1.8.2-7555 (21011843)
APPL_M1/DP    TRY    JIT    STA    COL
   0..13      0      0      0      0 
  14..23      0      0      0      0 
  24..64      1      0      0      0 
Registry and code: 13 MB
Uptime: 0.073447 s
LIBXSMM WARNING: timer is maybe not cycle-accurate!

LIBXSMM_VERSION: m1_amx-1.8.2-7555 (21011843)
APPL_M1/DP    TRY    JIT    STA    COL
   0..13      0      0      0      0 
  14..23      0      0      0      0 
  24..64      1      0      0      0 
Registry and code: 13 MB
Uptime: 0.108767 s
LIBXSMM WARNING: timer is maybe not cycle-accurate!

LIBXSMM_VERSION: m1_amx-1.8.2-7555 (21011843)
APPL_M1/DP    TRY    JIT    STA    COL
   0..13      0      0      0      0 
  14..23      0      0      0      0 
  24..64      1      0      0      0 
Registry and code: 13 MB
Uptime: 0.150869 s
LIBXSMM WARNING: timer is maybe not cycle-accurate!

LIBXSMM_VERSION: m1_amx-1.8.2-7555 (21011843)
APPL_M1/DP    TRY    JIT    STA    COL
   0..13      0      0      0      0 
  14..23      0      0      0      0 
  24..64      1      0      0      0 
Registry and code: 13 MB
Uptime: 0.154435 s
LIBXSMM WARNING: timer is maybe not cycle-accurate!

LIBXSMM_VERSION: m1_amx-1.8.2-7555 (21011843)
APPL_M1/DP    TRY    JIT    STA    COL
   0..13      0      0      0      0 
  14..23      0      0      0      0 
  24..64      1      0      0      0 
Registry and code: 13 MB
Uptime: 0.111950 s
LIBXSMM WARNING: timer is maybe not cycle-accurate!

LIBXSMM_VERSION: m1_amx-1.8.2-7555 (21011843)
APPL_M1/DP    TRY    JIT    STA    COL
   0..13      0      0      0      0 
  14..23      0      0      0      0 
  24..64      1      0      0      0 
Registry and code: 13 MB
Uptime: 0.266950 s
LIBXSMM WARNING: timer is maybe not cycle-accurate!
LIBXSMM ERROR (libxsmm_aarch64_instruction_add_data): code generation ran out of buffer capacity (error #90002)!
LIBXSMM WARNING (libxsmm_dfsspmdm_create): failed to provide a kernel!
Assertion failed: (kernel), function print_kernel_type, file src/benchmark/xsmm_common.h, line 390.
./scripts/bin_benchmark.sh: line 28: 34637 Abort trap: 6           sudo nice -n -20 bin/benchmark_xsmm_custom $1 $2 $4
data/example_mats/quad/p5/gauss-legendre-lobatto/m6.txt
Finished running in 0.10216666666666667ms
Generating and Compiling data/example_mats/quad/p5/gauss-legendre-lobatto/m132.txt
Running data/example_mats/quad/p5/gauss-legendre-lobatto/m132.txt
Finished running in 0.3188333333333333ms
Generating and Compiling data/example_mats/quad/p5/gauss-legendre-lobatto/m460.txt
Running data/example_mats/quad/p5/gauss-legendre-lobatto/m460.txt
Finished running in 0.2626ms
Generating and Compiling data/example_mats/quad/p5/gauss-legendre/m0.txt
Running data/example_mats/quad/p5/gauss-legendre/m0.txt
Finished running in 0.07916666666666666ms
Generating and Compiling data/example_mats/quad/p5/gauss-legendre/m3.txt
Running data/example_mats/quad/p5/gauss-legendre/m3.txt
Finished running in 0.11836666666666668ms
Generating and Compiling data/example_mats/quad/p5/gauss-legendre/m6.txt
Running data/example_mats/quad/p5/gauss-legendre/m6.txt
Finished running in 0.10226666666666667ms
Generating and Compiling data/example_mats/quad/p5/gauss-legendre/m132.txt
Running data/example_mats/quad/p5/gauss-legendre/m132.txt
Finished running in 0.35536666666666666ms
Generating and Compiling data/example_mats/quad/p5/gauss-legendre/m460.txt
Running data/example_mats/quad/p5/gauss-legendre/m460.txt
Finished running in 0.20756666666666668ms
Generating and Compiling data/example_mats/quad/p6/gauss-legendre-lobatto/m0.txt
Running data/example_mats/quad/p6/gauss-legendre-lobatto/m0.txt
Finished running in 0.050166666666666665ms
Generating and Compiling data/example_mats/quad/p6/gauss-legendre-lobatto/m3.txt
Running data/example_mats/quad/p6/gauss-legendre-lobatto/m3.txt
Finished running in 0.1554ms
Generating and Compiling data/example_mats/quad/p6/gauss-legendre-lobatto/m6.txt
Running data/example_mats/quad/p6/gauss-legendre-lobatto/m6.txt
Finished running in 0.1397ms
Generating and Compiling data/example_mats/quad/p6/gauss-legendre-lobatto/m132.txt
Running data/example_mats/quad/p6/gauss-legendre-lobatto/m132.txt
Finished running in 0.51ms
Generating and Compiling data/example_mats/quad/p6/gauss-legendre-lobatto/m460.txt
Running data/example_mats/quad/p6/gauss-legendre-lobatto/m460.txt
Finished running in 0.4178ms
Generating and Compiling data/example_mats/quad/p6/gauss-legendre/m0.txt
Running data/example_mats/quad/p6/gauss-legendre/m0.txt
Finished running in 0.1037ms
Generating and Compiling data/example_mats/quad/p6/gauss-legendre/m3.txt
Running data/example_mats/quad/p6/gauss-legendre/m3.txt
Finished running in 0.15519999999999998ms
Generating and Compiling data/example_mats/quad/p6/gauss-legendre/m6.txt
Running data/example_mats/quad/p6/gauss-legendre/m6.txt
Finished running in 0.14109999999999998ms
Generating and Compiling data/example_mats/quad/p6/gauss-legendre/m132.txt
Running data/example_mats/quad/p6/gauss-legendre/m132.txt
Finished running in 0.5388000000000001ms
Generating and Compiling data/example_mats/quad/p6/gauss-legendre/m460.txt
Running data/example_mats/quad/p6/gauss-legendre/m460.txt
Finished running in 0.3185ms
Generating and Compiling data/example_mats/tet/p1/shunn-ham/m0.txt
Running data/example_mats/tet/p1/shunn-ham/m0.txt
Finished running in 0.08833333333333333ms
Generating and Compiling data/example_mats/tet/p1/shunn-ham/m3.txt
Running data/example_mats/tet/p1/shunn-ham/m3.txt
Finished running in 0.022633333333333335ms
Generating and Compiling data/example_mats/tet/p1/shunn-ham/m6.txt
Running data/example_mats/tet/p1/shunn-ham/m6.txt
Finished running in 0.0364ms
Generating and Compiling data/example_mats/tet/p1/shunn-ham/m132.txt
Running data/example_mats/tet/p1/shunn-ham/m132.txt
Finished running in 0.024366666666666665ms
Generating and Compiling data/example_mats/tet/p1/shunn-ham/m460.txt
Running data/example_mats/tet/p1/shunn-ham/m460.txt
Finished running in 0.015133333333333334ms
Generating and Compiling data/example_mats/tet/p2/shunn-ham/m0.txt
Running data/example_mats/tet/p2/shunn-ham/m0.txt
Finished running in 0.1036ms
Generating and Compiling data/example_mats/tet/p2/shunn-ham/m3.txt
Running data/example_mats/tet/p2/shunn-ham/m3.txt
Finished running in 0.10826666666666668ms
Generating and Compiling data/example_mats/tet/p2/shunn-ham/m6.txt
Running data/example_mats/tet/p2/shunn-ham/m6.txt
Finished running in 0.16533333333333333ms
Generating and Compiling data/example_mats/tet/p2/shunn-ham/m132.txt
Running data/example_mats/tet/p2/shunn-ham/m132.txt
Finished running in 0.13246666666666668ms
Generating and Compiling data/example_mats/tet/p2/shunn-ham/m460.txt
Running data/example_mats/tet/p2/shunn-ham/m460.txt
Finished running in 0.1127ms
Generating and Compiling data/example_mats/tet/p3/shunn-ham/m0.txt
Running data/example_mats/tet/p3/shunn-ham/m0.txt
Finished running in 0.35050000000000003ms
Generating and Compiling data/example_mats/tet/p3/shunn-ham/m3.txt
Running data/example_mats/tet/p3/shunn-ham/m3.txt
Finished running in 0.3358666666666667ms
Generating and Compiling data/example_mats/tet/p3/shunn-ham/m6.txt
Running data/example_mats/tet/p3/shunn-ham/m6.txt
Finished running in 0.8165666666666667ms
Generating and Compiling data/example_mats/tet/p3/shunn-ham/m132.txt
Running data/example_mats/tet/p3/shunn-ham/m132.txt
Finished running in 0.5054333333333333ms
Generating and Compiling data/example_mats/tet/p3/shunn-ham/m460.txt
Running data/example_mats/tet/p3/shunn-ham/m460.txt
Finished running in 0.5191333333333333ms
Generating and Compiling data/example_mats/tet/p4/shunn-ham/m0.txt
Running data/example_mats/tet/p4/shunn-ham/m0.txt
Finished running in 0.8923333333333333ms
Generating and Compiling data/example_mats/tet/p4/shunn-ham/m3.txt
Running data/example_mats/tet/p4/shunn-ham/m3.txt
Finished running in 0.8527333333333331ms
Generating and Compiling data/example_mats/tet/p4/shunn-ham/m6.txt
Running data/example_mats/tet/p4/shunn-ham/m6.txt
Finished running in 1.3985333333333334ms
Generating and Compiling data/example_mats/tet/p4/shunn-ham/m132.txt
Running data/example_mats/tet/p4/shunn-ham/m132.txt
Finished running in 1.5390000000000001ms
Generating and Compiling data/example_mats/tet/p4/shunn-ham/m460.txt
Running data/example_mats/tet/p4/shunn-ham/m460.txt
Finished running in 1.5764333333333336ms
Generating and Compiling data/example_mats/tet/p5/shunn-ham/m0.txt
Running data/example_mats/tet/p5/shunn-ham/m0.txt
Finished running in 1.9828333333333332ms
Generating and Compiling data/example_mats/tet/p5/shunn-ham/m3.txt
Running data/example_mats/tet/p5/shunn-ham/m3.txt
Finished running in 1.9917333333333334ms
Generating and Compiling data/example_mats/tet/p5/shunn-ham/m6.txt
Running data/example_mats/tet/p5/shunn-ham/m6.txt
Finished running in 3.1669666666666667ms
Generating and Compiling data/example_mats/tet/p5/shunn-ham/m132.txt
Running data/example_mats/tet/p5/shunn-ham/m132.txt
Traceback (most recent call last):
  File "src/benchmark/benchmark.py", line 151, in <module>
    best, avg = benchmark_matrix(mat_path, N_WIDTH, test_gimmik)
  File "src/benchmark/benchmark.py", line 106, in benchmark_matrix
    result["speedup_best_over_ref"] = result["xsmm_reference_best"] / result["xsmm_custom_best"]
KeyError: 'xsmm_custom_best'
