Generating and Compiling data/synth_mats/vary_col/q_16/r_128_c_32_p_0.05_uniq_16.txt
Running data/synth_mats/vary_col/q_16/r_128_c_32_p_0.05_uniq_16.txt
Finished running in 242.773ms
Generating and Compiling data/synth_mats/vary_col/q_16/r_128_c_64_p_0.05_uniq_16.txt
Running data/synth_mats/vary_col/q_16/r_128_c_64_p_0.05_uniq_16.txt
Finished running in 365.994ms
Generating and Compiling data/synth_mats/vary_col/q_16/r_128_c_128_p_0.05_uniq_16.txt
Running data/synth_mats/vary_col/q_16/r_128_c_128_p_0.05_uniq_16.txt
Finished running in 404.17999999999995ms
Generating and Compiling data/synth_mats/vary_col/q_16/r_128_c_256_p_0.05_uniq_16.txt
Running data/synth_mats/vary_col/q_16/r_128_c_256_p_0.05_uniq_16.txt
Finished running in 421.842ms
Generating and Compiling data/synth_mats/vary_col/q_16/r_128_c_512_p_0.05_uniq_16.txt
Running data/synth_mats/vary_col/q_16/r_128_c_512_p_0.05_uniq_16.txt
Finished running in 479.405ms
Generating and Compiling data/synth_mats/vary_col/q_16/r_128_c_1024_p_0.05_uniq_16.txt
Running data/synth_mats/vary_col/q_16/r_128_c_1024_p_0.05_uniq_16.txt
Finished running in 557.5070000000001ms
Generating and Compiling data/synth_mats/vary_col/q_64/r_128_c_32_p_0.05_uniq_64.txt
Running data/synth_mats/vary_col/q_64/r_128_c_32_p_0.05_uniq_64.txt
Finished running in 232.212ms
Generating and Compiling data/synth_mats/vary_col/q_64/r_128_c_64_p_0.05_uniq_64.txt
Running data/synth_mats/vary_col/q_64/r_128_c_64_p_0.05_uniq_64.txt
Finished running in 351.083ms
Generating and Compiling data/synth_mats/vary_col/q_64/r_128_c_128_p_0.05_uniq_64.txt
Running data/synth_mats/vary_col/q_64/r_128_c_128_p_0.05_uniq_64.txt
Finished running in 394.09900000000005ms
Generating and Compiling data/synth_mats/vary_col/q_64/r_128_c_256_p_0.05_uniq_64.txt
Running data/synth_mats/vary_col/q_64/r_128_c_256_p_0.05_uniq_64.txt
Finished running in 426.84799999999996ms
Generating and Compiling data/synth_mats/vary_col/q_64/r_128_c_512_p_0.05_uniq_64.txt
Running data/synth_mats/vary_col/q_64/r_128_c_512_p_0.05_uniq_64.txt
Finished running in 435.333ms
Generating and Compiling data/synth_mats/vary_col/q_64/r_128_c_1024_p_0.05_uniq_64.txt
Running data/synth_mats/vary_col/q_64/r_128_c_1024_p_0.05_uniq_64.txt
Finished running in 3827.797ms
Generating and Compiling data/synth_mats/vary_density/q_16/r_128_c_128_p_0.01_uniq_16.txt
Running data/synth_mats/vary_density/q_16/r_128_c_128_p_0.01_uniq_16.txt
Finished running in 249.182ms
Generating and Compiling data/synth_mats/vary_density/q_16/r_128_c_128_p_0.1_uniq_16.txt
Running data/synth_mats/vary_density/q_16/r_128_c_128_p_0.1_uniq_16.txt
Finished running in 388.492ms
Generating and Compiling data/synth_mats/vary_density/q_16/r_128_c_128_p_0.2_uniq_16.txt
Running data/synth_mats/vary_density/q_16/r_128_c_128_p_0.2_uniq_16.txt
Finished running in 350.23400000000004ms
Generating and Compiling data/synth_mats/vary_density/q_16/r_128_c_128_p_0.3_uniq_16.txt
Running data/synth_mats/vary_density/q_16/r_128_c_128_p_0.3_uniq_16.txt
Finished running in 687.03ms
Generating and Compiling data/synth_mats/vary_density/q_16/r_128_c_128_p_0.4_uniq_16.txt
Running data/synth_mats/vary_density/q_16/r_128_c_128_p_0.4_uniq_16.txt
Finished running in 1122.013ms
Generating and Compiling data/synth_mats/vary_density/q_16/r_128_c_128_p_0.5_uniq_16.txt
Running data/synth_mats/vary_density/q_16/r_128_c_128_p_0.5_uniq_16.txt
Finished running in 1195.003ms
Generating and Compiling data/synth_mats/vary_density/q_16/r_128_c_128_p_0.05_uniq_16.txt
Running data/synth_mats/vary_density/q_16/r_128_c_128_p_0.05_uniq_16.txt
Finished running in 386.75699999999995ms
Generating and Compiling data/synth_mats/vary_density/q_16/r_128_c_128_p_0.15_uniq_16.txt
Running data/synth_mats/vary_density/q_16/r_128_c_128_p_0.15_uniq_16.txt
Finished running in 308.167ms
Generating and Compiling data/synth_mats/vary_density/q_16/r_128_c_128_p_0.25_uniq_16.txt
Running data/synth_mats/vary_density/q_16/r_128_c_128_p_0.25_uniq_16.txt
Finished running in 594.892ms
Generating and Compiling data/synth_mats/vary_density/q_16/r_128_c_128_p_0.025_uniq_16.txt
Running data/synth_mats/vary_density/q_16/r_128_c_128_p_0.025_uniq_16.txt
Finished running in 362.294ms
Generating and Compiling data/synth_mats/vary_density/q_16/r_128_c_128_p_0.075_uniq_16.txt
Running data/synth_mats/vary_density/q_16/r_128_c_128_p_0.075_uniq_16.txt
Finished running in 393.832ms
Generating and Compiling data/synth_mats/vary_density/q_16/r_128_c_128_p_0.125_uniq_16.txt
Running data/synth_mats/vary_density/q_16/r_128_c_128_p_0.125_uniq_16.txt
Finished running in 371.563ms
Generating and Compiling data/synth_mats/vary_density/q_64/r_128_c_128_p_0.01_uniq_64.txt
Running data/synth_mats/vary_density/q_64/r_128_c_128_p_0.01_uniq_64.txt
Finished running in 249.327ms
Generating and Compiling data/synth_mats/vary_density/q_64/r_128_c_128_p_0.1_uniq_64.txt
Running data/synth_mats/vary_density/q_64/r_128_c_128_p_0.1_uniq_64.txt
Finished running in 372.211ms
Generating and Compiling data/synth_mats/vary_density/q_64/r_128_c_128_p_0.2_uniq_64.txt
Running data/synth_mats/vary_density/q_64/r_128_c_128_p_0.2_uniq_64.txt
Finished running in 550.991ms
Generating and Compiling data/synth_mats/vary_density/q_64/r_128_c_128_p_0.3_uniq_64.txt
Running data/synth_mats/vary_density/q_64/r_128_c_128_p_0.3_uniq_64.txt
Finished running in 682.751ms
Generating and Compiling data/synth_mats/vary_density/q_64/r_128_c_128_p_0.4_uniq_64.txt
Running data/synth_mats/vary_density/q_64/r_128_c_128_p_0.4_uniq_64.txt
Finished running in 1130.471ms
Generating and Compiling data/synth_mats/vary_density/q_64/r_128_c_128_p_0.5_uniq_64.txt
Running data/synth_mats/vary_density/q_64/r_128_c_128_p_0.5_uniq_64.txt
Finished running in 1124.116ms
Generating and Compiling data/synth_mats/vary_density/q_64/r_128_c_128_p_0.05_uniq_64.txt
Running data/synth_mats/vary_density/q_64/r_128_c_128_p_0.05_uniq_64.txt
Finished running in 384.855ms
Generating and Compiling data/synth_mats/vary_density/q_64/r_128_c_128_p_0.15_uniq_64.txt
Running data/synth_mats/vary_density/q_64/r_128_c_128_p_0.15_uniq_64.txt
Finished running in 307.553ms
Generating and Compiling data/synth_mats/vary_density/q_64/r_128_c_128_p_0.25_uniq_64.txt
Running data/synth_mats/vary_density/q_64/r_128_c_128_p_0.25_uniq_64.txt
Finished running in 582.808ms
Generating and Compiling data/synth_mats/vary_density/q_64/r_128_c_128_p_0.025_uniq_64.txt
Running data/synth_mats/vary_density/q_64/r_128_c_128_p_0.025_uniq_64.txt
Finished running in 352.455ms
Generating and Compiling data/synth_mats/vary_density/q_64/r_128_c_128_p_0.075_uniq_64.txt
Running data/synth_mats/vary_density/q_64/r_128_c_128_p_0.075_uniq_64.txt
Finished running in 394.072ms
Generating and Compiling data/synth_mats/vary_density/q_64/r_128_c_128_p_0.125_uniq_64.txt
Running data/synth_mats/vary_density/q_64/r_128_c_128_p_0.125_uniq_64.txt
Finished running in 367.271ms
Generating and Compiling data/synth_mats/vary_row/q_16/r_32_c_128_p_0.05_uniq_16.txt
Running data/synth_mats/vary_row/q_16/r_32_c_128_p_0.05_uniq_16.txt
Finished running in 319.096ms
Generating and Compiling data/synth_mats/vary_row/q_16/r_64_c_128_p_0.05_uniq_16.txt
Running data/synth_mats/vary_row/q_16/r_64_c_128_p_0.05_uniq_16.txt
Finished running in 370.707ms
Generating and Compiling data/synth_mats/vary_row/q_16/r_128_c_128_p_0.05_uniq_16.txt
Running data/synth_mats/vary_row/q_16/r_128_c_128_p_0.05_uniq_16.txt
Finished running in 390.389ms
Generating and Compiling data/synth_mats/vary_row/q_16/r_256_c_128_p_0.05_uniq_16.txt
Running data/synth_mats/vary_row/q_16/r_256_c_128_p_0.05_uniq_16.txt
Finished running in 368.121ms
Generating and Compiling data/synth_mats/vary_row/q_16/r_512_c_128_p_0.05_uniq_16.txt
Running data/synth_mats/vary_row/q_16/r_512_c_128_p_0.05_uniq_16.txt
Finished running in 332.18600000000004ms
Generating and Compiling data/synth_mats/vary_row/q_16/r_1024_c_128_p_0.05_uniq_16.txt
Running data/synth_mats/vary_row/q_16/r_1024_c_128_p_0.05_uniq_16.txt
Finished running in 483.01700000000005ms
Generating and Compiling data/synth_mats/vary_row/q_64/r_32_c_128_p_0.05_uniq_64.txt
Running data/synth_mats/vary_row/q_64/r_32_c_128_p_0.05_uniq_64.txt
Finished running in 309.942ms
Generating and Compiling data/synth_mats/vary_row/q_64/r_64_c_128_p_0.05_uniq_64.txt
Running data/synth_mats/vary_row/q_64/r_64_c_128_p_0.05_uniq_64.txt
Finished running in 392.751ms
Generating and Compiling data/synth_mats/vary_row/q_64/r_128_c_128_p_0.05_uniq_64.txt
Running data/synth_mats/vary_row/q_64/r_128_c_128_p_0.05_uniq_64.txt
Finished running in 391.097ms
Generating and Compiling data/synth_mats/vary_row/q_64/r_256_c_128_p_0.05_uniq_64.txt
Running data/synth_mats/vary_row/q_64/r_256_c_128_p_0.05_uniq_64.txt
Finished running in 368.18600000000004ms
Generating and Compiling data/synth_mats/vary_row/q_64/r_512_c_128_p_0.05_uniq_64.txt
Running data/synth_mats/vary_row/q_64/r_512_c_128_p_0.05_uniq_64.txt
Finished running in 406.914ms
Generating and Compiling data/synth_mats/vary_row/q_64/r_1024_c_128_p_0.05_uniq_64.txt
Running data/synth_mats/vary_row/q_64/r_1024_c_128_p_0.05_uniq_64.txt
Finished running in 1635.541ms
Generating and Compiling data/synth_mats/vary_unique/r_128_c_128_p_0.05_uniq_8.txt
Running data/synth_mats/vary_unique/r_128_c_128_p_0.05_uniq_8.txt
Finished running in 392.177ms
Generating and Compiling data/synth_mats/vary_unique/r_128_c_128_p_0.05_uniq_16.txt
Running data/synth_mats/vary_unique/r_128_c_128_p_0.05_uniq_16.txt
Finished running in 383.737ms
Generating and Compiling data/synth_mats/vary_unique/r_128_c_128_p_0.05_uniq_24.txt
Running data/synth_mats/vary_unique/r_128_c_128_p_0.05_uniq_24.txt
Finished running in 388.329ms
Generating and Compiling data/synth_mats/vary_unique/r_128_c_128_p_0.05_uniq_31.txt
Running data/synth_mats/vary_unique/r_128_c_128_p_0.05_uniq_31.txt
Finished running in 377.067ms
Generating and Compiling data/synth_mats/vary_unique/r_128_c_128_p_0.05_uniq_40.txt
Running data/synth_mats/vary_unique/r_128_c_128_p_0.05_uniq_40.txt
Finished running in 395.015ms
Generating and Compiling data/synth_mats/vary_unique/r_128_c_128_p_0.05_uniq_48.txt
Running data/synth_mats/vary_unique/r_128_c_128_p_0.05_uniq_48.txt
Finished running in 390.461ms
Generating and Compiling data/synth_mats/vary_unique/r_128_c_128_p_0.05_uniq_56.txt
Running data/synth_mats/vary_unique/r_128_c_128_p_0.05_uniq_56.txt
Finished running in 394.668ms
Generating and Compiling data/synth_mats/vary_unique/r_128_c_128_p_0.05_uniq_64.txt
Running data/synth_mats/vary_unique/r_128_c_128_p_0.05_uniq_64.txt
Finished running in 381.002ms
Generating and Compiling data/synth_mats/vary_unique/r_128_c_128_p_0.05_uniq_78.txt
Running data/synth_mats/vary_unique/r_128_c_128_p_0.05_uniq_78.txt
Finished running in 388.333ms
Generating and Compiling data/synth_mats/vary_unique/r_128_c_128_p_0.05_uniq_96.txt
Running data/synth_mats/vary_unique/r_128_c_128_p_0.05_uniq_96.txt
Finished running in 393.34799999999996ms
Generating and Compiling data/synth_mats/vary_unique/r_128_c_128_p_0.05_uniq_112.txt
Running data/synth_mats/vary_unique/r_128_c_128_p_0.05_uniq_112.txt
Finished running in 395.964ms
Generating and Compiling data/synth_mats/vary_unique/r_128_c_128_p_0.05_uniq_128.txt
Running data/synth_mats/vary_unique/r_128_c_128_p_0.05_uniq_128.txt
Finished running in 394.371ms
Generating and Compiling data/synth_mats/vary_unique/r_128_c_128_p_0.05_uniq_144.txt
Running data/synth_mats/vary_unique/r_128_c_128_p_0.05_uniq_144.txt
Finished running in 396.094ms
Generating and Compiling data/synth_mats/vary_unique/r_128_c_128_p_0.05_uniq_160.txt
Running data/synth_mats/vary_unique/r_128_c_128_p_0.05_uniq_160.txt
Finished running in 386.568ms
Generating and Compiling data/synth_mats/vary_unique/r_128_c_128_p_0.05_uniq_176.txt
Running data/synth_mats/vary_unique/r_128_c_128_p_0.05_uniq_176.txt
Finished running in 401.19399999999996ms
Generating and Compiling data/synth_mats/vary_unique/r_128_c_128_p_0.05_uniq_192.txt
Running data/synth_mats/vary_unique/r_128_c_128_p_0.05_uniq_192.txt
Finished running in 399.463ms
